Generating synthetic binary valued data ... 
Generating synthetic  binary valued data took:  4.058881759643555
Evaluation for true params: 
 test_rsme | train_rsme | rel-te-err | rel-tr-err |  test_nll  |  train_nll |
    0.0          0.0          0.0          0.0          0.0          0.0     
Factorizing with max_iteration = 8000  fixing covariance?:  False
Tensor dimensions:  [100, 100]
Optimization metrics: 
Using Ada Grad
Mean update scheme:  S
Covariance update :  N
Using diagonal covariance?:  True
k1 samples =  64  k2 samples =  64
eta =  1  cov eta =  0.1  sigma eta =  1
iteration |   time   |test_rsme |rel-te-err|train_rsme|rel-tr-err|  d_mean  |   d_cov  | test_nll | train_nll  
    50       19.67      0.0894     0.002      0.0949     0.0022     3.1623     1.3871    1094.63    4341.85   
   100        47.8      0.0894     0.002      0.0671     0.0011     3.1623     1.3871     102.27     401.6    
   200       95.18       0.0        0.0        0.0        0.0       3.1619     0.5768      0.13       0.63    
   500       218.17      0.0        0.0        0.0        0.0       2.1226     0.282       0.0        0.0     
   1000      418.5       0.0        0.0        0.0        0.0       2.265      0.1989      0.0        0.0     
   1500      620.27      0.0        0.0        0.0        0.0       1.9671     0.1691      0.0        0.0     
   2000      818.0       0.0        0.0        0.0        0.0       1.6976     0.1373      0.0        0.0     
   2500     1013.82      0.0        0.0        0.0        0.0       1.5254     0.1475      0.0        0.0     
   3000     1207.98      0.0        0.0        0.0        0.0       1.3718     0.1569      0.0        0.0     
   3500     1401.54      0.0        0.0        0.0        0.0       1.2723     0.2313      0.0        0.0     
   4000     1595.03      0.0        0.0        0.0        0.0       1.1627     0.2488      0.0        0.0     
   4500     1788.59      0.0        0.0        0.0        0.0       1.1237     0.1443      0.0        0.0     
   5000     1981.24      0.0        0.0        0.0        0.0       1.0517     0.1679      0.0        0.0     
   5500     2174.39      0.0        0.0        0.0        0.0       1.0095     0.186       0.0        0.0     
   6000     2367.26      0.0        0.0        0.0        0.0       0.986      0.2111      0.0        0.0     
   6500     2559.71      0.0        0.0        0.0        0.0       0.912      0.2256      0.0        0.0     
   7000      2752.1      0.0        0.0        0.0        0.0       0.8779     0.3052      0.0        0.0     
   7500     2944.41      0.0        0.0        0.0        0.0       0.8413     0.2044      0.0        0.0     
   8000     3136.62      0.0        0.0        0.0        0.0       0.8367     0.2421      0.0        0.0     
