Factorizing with max_iteration = 120000  fixing covariance?:  False
Tensor dimension: [135, 135, 49]
Mean update: S
Cov update: N
Using diagonal covariance: False
Factorization rank:  20
k1 samples =  64  k2 samples =  128
eta =  1.0  cov eta =  1.0  sigma eta =  1
iteration |   time   |  test_err  |  test_mae  |  trainerr  |  trainmae |
    0         1.1       0.9407     1.9397     0.9412     1.9403  
    5        20.82      0.9019     1.8994     0.902      1.8995  
    10       40.67      0.8694     1.8648     0.8701     1.8656  
    20       65.91      0.7915     1.7793     0.7919     1.7797  
    50       112.98     0.6366     1.5958     0.6368     1.5961  
   100       182.88     0.4626     1.3603     0.4616     1.3588  
   200       313.26     0.2179     0.9335     0.215      0.9274  
   5000     7247.68     0.0186     0.2729     0.0165     0.2566  
  10000     14497.51    0.0167     0.2588     0.014      0.2366  
  15000     21684.61    0.0163     0.2554     0.0132     0.2294  
  20000     28866.96    0.0156     0.2499     0.0124     0.2226  
  25000     36103.93    0.0162     0.2547     0.0125     0.2234  
  30000     43372.44    0.0158     0.2516     0.0121     0.2196  
  35000     50505.9     0.0167     0.2582     0.0121     0.2196  
  40000     57624.55    0.0158     0.2512     0.0117     0.2162  
  45000     64721.55    0.016      0.2529     0.012      0.2194  
  50000     71810.27    0.0165     0.2567     0.0118     0.2177  
  55000     78892.97    0.016      0.2531     0.0118     0.2174  
  60000     85965.03    0.0159     0.2523     0.0117     0.2161  
  65000     93047.73    0.0163     0.2552     0.0119     0.2185  
  70000    100121.44    0.0157     0.2506     0.0117     0.2165  
  75000     107192.9    0.0163     0.2552     0.0118     0.2168  
  80000     114291.7    0.0165     0.2566     0.0116     0.215   
  85000    121615.78    0.0165     0.2572     0.0118     0.2175  
  90000    128889.43    0.016      0.2527     0.0116     0.2155  
  95000    136182.43    0.0174     0.2639     0.012      0.2193  
  100000    143450.8    0.0165     0.257      0.0117     0.2165  
  105000   150633.14    0.0165     0.257      0.0115     0.2143  
  110000   157746.77    0.0166     0.2579     0.0115     0.2149  
  115000   164865.06    0.0162     0.2543     0.0113     0.2125  
  120000   171976.23    0.0163     0.2555     0.0114     0.2136  
