Factorizing with max_iteration = 120000  fixing covariance?:  False
Tensor dimension: [135, 135, 49]
Mean update: S
Cov update: N
Using diagonal covariance: False
Factorization rank:  20
k1 samples =  64  k2 samples =  128
eta =  1.0  cov eta =  1.0  sigma eta =  1
iteration |   time   |  test_err  |  test_mae  |  trainerr  |  trainmae |
    0         2.03      0.9245     1.923      0.9267     1.9253  
    5        410.82     0.8946     1.8917     0.8969     1.8941  
    10       822.99     0.8561     1.8505     0.8589     1.8535  
    20       1250.0     0.784      1.7708     0.786      1.7731  
    50      1725.01     0.6075     1.5589     0.6109     1.5632  
   100      2265.64     0.3951     1.2571     0.3966     1.2595  
   200      2943.35     0.1082     0.6578     0.1069     0.6538  
   5000     14613.65    0.0187     0.2738     0.0167     0.2583  
  10000     27087.27    0.0165     0.2566     0.014      0.2369  
  15000     39404.85    0.0161     0.254      0.0135     0.232   
  20000     51652.7     0.0156     0.2494     0.0131     0.229   
  25000     63878.39    0.0153     0.2471     0.0128     0.2262  
  30000     76077.58    0.0154     0.2484     0.013      0.2277  
  35000     88256.53    0.0149     0.2441     0.0123     0.2218  
  40000    100439.07    0.015      0.2449     0.0124     0.2225  
  45000    112668.73    0.0146     0.2418     0.0124     0.2223  
  50000    124763.05    0.0149     0.2441     0.0124     0.2227  
  55000    136557.21    0.0148     0.2431     0.0123     0.2219  
  60000    148275.61    0.0143     0.239      0.0121     0.2196  
  65000    159987.43    0.0143     0.2388     0.0122     0.2211  
  70000    171695.03    0.0146     0.2419     0.0121     0.2202  
  75000    183554.29    0.0146     0.2415     0.0121     0.2202  
  80000    195456.23    0.0145     0.2409     0.0121     0.2196  
  85000    207832.89    0.0147     0.2426     0.0121     0.2203  
  90000    220248.15    0.0141     0.2377     0.012      0.2191  
  95000    232663.92    0.0145     0.2406     0.012      0.2188  
  100000   245184.32    0.0147     0.2424     0.012      0.2187  
  105000   257146.35    0.0143     0.239      0.0118     0.2177  
  110000   269008.42    0.0143     0.2391     0.0119     0.2185  
