Generating synthetic count valued data ... 
Generating synthetic  count valued data took:  8.878377199172974
max_count =  16  min count =  0
Using  0.2  of training data 
Tensor dimensions:  [50, 50, 50]
Optimization metrics: 
Using Ada Grad
Mean update scheme:  S
Covariance update :  N
k1 samples =  64  k2 samples =  64
eta =  1  cov eta =  1  sigma eta =  1
iteration |   time   |test_rsme |train_rsme|  d_mean  |   d_cov  | test_nll | train_nll     dw   
   100       441.82     3.8623     3.8972     0.2872     0.3311    57966.91   46808.17     0.0    
   200      1020.76     3.9182     3.9365     0.2263     0.3098    56773.6    45835.43     0.0    
   300      1588.67     3.9496     3.9783     0.1847     0.2977    55986.31   45190.91     0.0    
   400      2162.58     3.9781     4.0088     0.1596      0.31     55432.81   44738.4      0.0    
   500      2734.02     4.0012     4.026      0.1463     0.3259    55024.68   44405.02     0.0    
   600      3316.97     4.018      4.0455     0.1379     0.3487    54711.35   44147.61     0.0    
   700       3902.9     4.0396     4.0647     0.1291     0.3758    54450.83   43934.79     0.0    
   800      4487.47     4.0555     4.0819     0.1216     0.4138    54231.71   43753.79     0.0    
   900      5073.25     4.0744     4.0955     0.1188     0.4458    54042.31   43598.86     0.0    
   1000     5657.44     4.0898     4.1151     0.1176     0.4891    53885.84   43470.54     0.0    
   1100     6238.66     4.1083     4.1342     0.1165     0.5468    53758.05   43364.97     0.0    
   1200     6818.71     4.1277     4.1539     0.0969     0.6222    53645.38   43271.88     0.0    
   1300     7397.99     4.1477     4.1732     0.1005     0.7027    53544.12   43187.86     0.0    
   1400     7977.16     4.1648     4.1931     0.0922     0.796     53456.26   43115.01     0.0    
   1500     8554.06     4.1896     4.2145     0.0892     0.9086    53382.43   43052.99     0.0    
   1600      9130.2     4.2159     4.2385     0.0922     1.0968    53316.2    42997.37     0.0    
   1700     9705.31     4.2433     4.2668     0.0835     1.2983    53266.63   42954.99     0.0    
   1800     10279.82    4.2714     4.2994     0.0904     1.5375    53228.81   42921.44     0.0    
   1900     10854.17    4.3169     4.3336     0.0861     1.9432    53202.28   42896.85     0.0    
   2000     11428.97    4.3631     4.3832     0.1028     2.5255    53184.91   42879.18     0.0    
   2100     12003.32    4.4152     4.4324     0.0892     3.4052    53189.27   42878.07     0.0    
   2200     12577.74    4.4827     4.4968     0.0825     4.3297    53210.3    42889.9      0.0    
   2300     13152.17    4.5669     4.5808     0.0801     6.5501    53253.59   42917.82     0.0    
   2400     13726.26    4.6696     4.678      0.0875    11.1066    53336.46   42975.09     0.0    
   2500     14300.31    4.8088     4.8258     0.0829     19.798      nan        nan        0.0    
   2600     14874.35    5.015      5.0132     0.0823    63.1951      nan        nan        0.0    
   2700     15440.41    5.3908     5.3886     0.0966    987.9157     nan        nan        0.0    
   2800     15996.43    6.0515     6.0487     0.1076   1843.0392     nan        nan        0.0    
   2900     16551.35    6.9121     6.9083     0.1351   3009.7788     nan        nan        0.0    
