Generating synthetic real valued data ... 
Generating synthetic  real valued data took:  10.278915882110596
Evaluation for true params: 
 test_rsme | train_rsme | rel-te-err | rel-tr-err |  test_nll  |  train_nll |
602.0920404727 601.2073392596 0.0489757024 0.0488317056  276943.71    1107496.99 
Factorizing with max_iteration = 8000  fixing covariance?:  False
Tensor dimensions:  [50, 50, 50]
Optimization metrics: 
Using Ada Grad
Mean update scheme:  S
Covariance update :  N
Using diagonal covariance?:  True
Random start? True
k1 samples =  64  k2 samples =  64
eta =  1.0  cov eta =  1.0  sigma eta =  1
iteration |   time   |test_rsme |rel-te-err|train_rsme|rel-tr-err|  d_mean  |   d_cov  | test_nll | train_nll |    VLB   |  E-term  |    KL     |   dw   |
    0         0.8     9995.1647    0.998    9999.8722    0.998      3.1623     1.8524   287823.14  1151292.55 -1151301.0 -1151292.546    8.17      0.0301  
    5        382.31   9990.6037    0.9976   9995.3134    0.9976     3.1623     1.8524   287823.14  1151292.55 -1151301.0 -1151292.546    8.34      0.0024  
    10       765.23   9985.6001    0.9971   9990.2247    0.997      3.1623     1.8524   287823.14  1151292.55 -1151301.0 -1151292.546   8.498      0.001   
    20      1150.72   9973.2737    0.9958   9977.9027    0.9958     3.1623     1.8524   287823.14  1151292.55 -1151301.0 -1151292.546   8.784      0.0005  
    50      1553.56   9916.9904     0.99    9921.6518     0.99      3.1623     1.8524   287823.14  1151292.55 -1151308.0 -1151292.546   15.009     0.0002  
   100      1965.52    9748.493    0.9728   9753.0828    0.9728     3.082      0.7485   287823.14  1151292.55 -1151315.0 -1151292.546   22.677     0.0001  
   200      2411.79   9062.3107    0.9025   9066.6864    0.9026     2.8258     0.2644   287823.14  1151292.55 -1151328.0 -1151292.546   35.051      0.0    
   300      2856.95   7867.2273    0.7801   7871.2545    0.7802     2.5475     0.1316   287823.14  1151292.55 -1151336.0 -1151292.546   43.717      0.0    
   400      3302.15   6234.3958    0.6121   6237.9281    0.6123     2.2392     0.0778   287823.14  1151292.55 -1151343.0 -1151292.546   49.971      0.0    
   500      3747.55   4399.5581    0.4215   4402.2532    0.4219     1.8967     0.0512   287823.14  1151292.55 -1151347.0 -1151292.546   54.595      0.0    
   600      4207.56   2751.0109    0.2471   2752.4483    0.2475     1.4966     0.0355   286928.54  1147902.59 -1151220.0 -1151162.047   57.917      0.0    
   700      4668.68   1637.2147    0.1323   1637.1836    0.1323     1.0418     0.0256   280601.37  1122436.44 -1150143.0 -1150082.659   60.248      0.0    
   800       5129.0   1085.2971    0.0843   1083.4592    0.0839     0.7537     0.019    273488.67  1094295.04 -1149033.0 -1148971.484   61.831      0.0    
   900      5589.84    861.0651    0.068     857.7998    0.0675     0.5451     0.0145    269791.9  1078430.5  -1148356.0 -1148293.112   63.014      0.0    
   1000     6053.18    765.2133    0.0614     760.88     0.0609     0.3495     0.0116    268466.3  1070481.85 -1147979.0 -1147915.017   63.899      0.0    
   1100     6517.24    715.1586    0.0579    710.4967    0.0573     0.3342     0.0094   267026.92  1066553.93 -1147793.0 -1147727.917   64.627      0.0    
   1200     6981.17    687.8639    0.0559    683.2147    0.0554     0.2019     0.008    265983.16  1062321.55 -1147637.0 -1147572.198   65.258      0.0    
   1300      7443.1    672.5527    0.0547    667.8988    0.0542     0.1755     0.0069   265698.22  1062631.89 -1147521.0 -1147454.927   65.781      0.0    
   1400     7906.51    663.1709    0.054     658.3453    0.0534     0.153      0.006    265515.75  1060718.17 -1147472.0 -1147406.125   66.225      0.0    
   1500     8369.12    658.3734    0.0536    653.5511    0.0531     0.1107     0.0053   265511.27  1061312.16 -1147486.0 -1147419.257   66.634      0.0    
   1600     8832.66    655.2261    0.0534    650.5511    0.0528     0.1206     0.0047   265665.25  1060233.49 -1147437.0 -1147370.407   66.986      0.0    
   1700     9294.12    653.4763    0.0532    648.8712    0.0527     0.0885     0.0043   265482.81  1059966.32 -1147400.0 -1147333.03   67.316      0.0    
   1800     9758.02    652.4581    0.0532    647.9378    0.0526     0.0777     0.0039   265509.45  1060046.36 -1147426.0 -1147357.911   67.618      0.0    
   1900     10220.39   651.9271    0.0531    647.461     0.0525     0.0862     0.0036   265460.77  1060244.79 -1147409.0 -1147341.23   67.866      0.0    
   2000     10682.63   651.7376    0.0531    647.061     0.0525     0.1065     0.0033   265827.61  1061647.34 -1147481.0 -1147413.336   68.108      0.0    
   2100     11144.34   651.6113    0.0531    646.9085    0.0525     0.0933     0.003    265548.45  1060519.49 -1147348.0 -1147279.308   68.349      0.0    
   2200     11608.86   651.2289    0.053     646.7837    0.0525     0.0994     0.0028   265649.97  1061929.91 -1147373.0 -1147304.812   68.559      0.0    
   2300     12071.16   651.2091    0.053     646.6934    0.0525     0.0985     0.0026   265966.03  1061634.77 -1147416.0 -1147346.951   68.769      0.0    
   2400     12532.67   651.3563    0.053     646.6475    0.0525     0.0846     0.0025   265995.89  1062517.08 -1147372.0 -1147303.503   68.95       0.0    
   2500     12995.49   651.3164    0.053     646.5235    0.0525     0.0788     0.0023   266043.97  1062559.01 -1147384.0 -1147315.227   69.12       0.0    
   2600     13458.92   651.1956    0.053     646.471     0.0525     0.088      0.0021   265926.95  1062584.28 -1147423.0 -1147353.561   69.311      0.0    
   2700     13921.65   651.2236    0.053     646.3545    0.0525     0.088      0.002    266272.92  1062617.31 -1147359.0 -1147289.782   69.458      0.0    
   2800     14384.34   651.1844    0.053     646.2995    0.0525     0.063      0.002    266414.48  1062271.03 -1147381.0 -1147310.978   69.641      0.0    
   2900     14846.1    651.0619    0.053     646.3074    0.0525     0.0814     0.0018    266165.3  1063131.54 -1147370.0 -1147299.896   69.798      0.0    
   3000     15307.43   650.9167    0.053     646.2652    0.0525     0.0831     0.0018   266753.92  1063191.02 -1147411.0 -1147341.228   69.92       0.0    
   3100     15769.34   650.7555    0.053     646.3025    0.0525     0.0941     0.0016   265722.36  1063843.77 -1147366.0 -1147296.334   70.074      0.0    
   3200     16231.23   650.984     0.053     646.405     0.0525     0.0725     0.0016   266420.59  1063823.11 -1147302.0 -1147231.839   70.209      0.0    
   3300     16695.68   651.1714    0.053     646.3375    0.0525     0.075      0.0015   266464.66  1063722.77 -1147322.0 -1147252.103   70.341      0.0    
   3400     17158.97   651.0166    0.053     646.3038    0.0525     0.0746     0.0014   266390.46  1062882.03 -1147337.0 -1147266.933   70.463      0.0    
   3500     17615.05   650.9749    0.053     646.2728    0.0525     0.0759     0.0014   266640.08  1064057.17 -1147407.0 -1147335.944   70.581      0.0    
   3600     18070.71   651.0054    0.053     646.2273    0.0525     0.0909     0.0013   266879.86  1064218.09 -1147502.0 -1147431.729   70.73       0.0    
   3700     18525.39   650.989     0.053     646.0633    0.0524     0.1047     0.0013   266508.22  1064592.74 -1147365.0 -1147294.122   70.901      0.0    
   3800     18980.94   651.0569    0.053     646.0019    0.0525     0.0751     0.0012   266755.17  1064624.82 -1147396.0 -1147324.707   71.013      0.0    
   3900     19435.52   651.1073    0.053     646.0246    0.0525     0.0797     0.0012   266625.57  1064475.36 -1147309.0 -1147237.688   71.094      0.0    
   4000     19890.87   651.0856    0.053     645.9664    0.0524     0.1054     0.0011   266780.19  1064452.4  -1147353.0 -1147281.571   71.218      0.0    
   4100     20345.34   651.0246    0.053     645.9837    0.0524     0.0719     0.0011   266836.81  1065553.83 -1147368.0 -1147297.11   71.329      0.0    
   4200     20800.55   651.0577    0.053     645.9544    0.0524     0.066      0.0011   266917.31  1064835.6  -1147313.0 -1147241.283   71.424      0.0    
   4300     21258.09   651.1611    0.053     645.9082    0.0524     0.0885     0.001    266908.79  1065016.01 -1147336.0 -1147264.831   71.54       0.0    
   4400     21712.63   651.1505    0.053     645.9052    0.0524     0.0987     0.001    266821.19  1065880.28 -1147396.0 -1147324.265   71.643      0.0    
   4500     22167.4    651.1623    0.053     645.957     0.0524     0.0667     0.001    266727.18  1065709.01 -1147420.0 -1147348.129   71.737      0.0    
   4600     22621.9    651.0453    0.053     645.866     0.0524     0.0958     0.0009   266923.11  1065738.04 -1147400.0 -1147328.196   71.819      0.0    
   4700     23076.46   650.9679    0.053     645.8253    0.0524     0.1013     0.0009   266958.13  1064880.33 -1147404.0 -1147332.027   71.94       0.0    
   4800     23531.04   651.1988    0.053     645.9262    0.0524     0.1114     0.0009   267048.43  1065333.37 -1147269.0 -1147196.585   72.023      0.0    
   4900     23985.64   651.1136    0.053     645.904     0.0524     0.0818     0.0009   267070.34  1066556.59 -1147355.0 -1147283.011   72.097      0.0    
   5000     24440.24   651.102     0.053     645.8842    0.0524     0.102      0.0008   266708.35  1065241.05 -1147375.0 -1147302.397   72.175      0.0    
   5100     24894.75   650.9731    0.053     645.8574    0.0525     0.0677     0.0008   267075.97  1066521.76 -1147386.0 -1147313.558   72.268      0.0    
   5200     25349.39   650.6517    0.053     645.728     0.0524     0.0809     0.0008   267298.39  1066411.5  -1147336.0 -1147263.685   72.358      0.0    
   5300     25803.81   650.5306    0.053     645.7468    0.0524     0.1124     0.0008    267132.7  1066016.46 -1147349.0 -1147276.131   72.428      0.0    
   5400     26258.1    650.9591    0.053     645.7878    0.0524     0.091      0.0007   266766.13  1066144.53 -1147397.0 -1147324.854   72.518      0.0    
   5500     26712.55   650.7638    0.053     645.7283    0.0524     0.0934     0.0007   267106.35  1065940.86 -1147295.0 -1147222.223   72.57       0.0    
   5600     27166.97   650.8261    0.053     645.6988    0.0524     0.0813     0.0007    266977.4  1066919.31 -1147376.0 -1147303.04   72.64       0.0    
   5700     27621.46   650.9344    0.053     645.6704    0.0524     0.0853     0.0007   267489.39  1066518.55 -1147297.0 -1147224.365   72.712      0.0    
   5800     28077.79   650.9547    0.053     645.718     0.0524     0.0911     0.0007   267448.42  1066851.44 -1147389.0 -1147316.263   72.797      0.0    
   5900     28532.37   650.7501    0.053     645.606     0.0524     0.0766     0.0007   267265.83  1066376.47 -1147340.0 -1147266.732   72.892      0.0    
   6000     28987.16   650.9624    0.053     645.5677    0.0524     0.0816     0.0006   267395.49  1066874.04 -1147296.0 -1147222.639   72.96       0.0    
   6100     29441.68   651.0365    0.053     645.4772    0.0524     0.1048     0.0006   267289.25  1067728.95 -1147350.0 -1147277.304   73.025      0.0    
   6200     29896.49   650.7841    0.053     645.5008    0.0524     0.0779     0.0006   266978.53  1066937.4  -1147389.0 -1147315.902   73.07       0.0    
   6300     30351.15   650.7512    0.053     645.531     0.0524     0.1159     0.0006   267059.82  1066772.92 -1147348.0 -1147274.848   73.16       0.0    
   6400     30806.53   650.672     0.053     645.4887    0.0524     0.0763     0.0006   267661.29  1067720.18 -1147382.0 -1147308.527   73.229      0.0    
   6500     31267.81   650.4409    0.053     645.4151    0.0524     0.0752     0.0006   267693.56  1067586.5  -1147325.0 -1147251.374   73.281      0.0    
   6600     31729.17   650.5302    0.053     645.4552    0.0524     0.0957     0.0006   267919.45  1067873.75 -1147430.0 -1147356.369   73.341      0.0    
   6700     32190.21   650.579     0.053     645.4389    0.0524     0.0872     0.0005    267299.5  1068365.96 -1147303.0 -1147229.929   73.427      0.0    
   6800     32651.55   650.5751    0.053     645.4614    0.0524     0.0939     0.0005   267553.15  1068384.29 -1147443.0 -1147369.353    73.5       0.0    
   6900     33112.89   650.632     0.053     645.3821    0.0524     0.0796     0.0005   267618.56  1068412.87 -1147277.0 -1147203.439   73.57       0.0    
   7000     33574.14   650.5003    0.053     645.3356    0.0524     0.1316     0.0005   267907.98  1068612.4  -1147361.0 -1147287.027   73.647      0.0    
   7100     34035.35   650.2307    0.053     645.3431    0.0524     0.0828     0.0005   267687.26  1069098.88 -1147332.0 -1147258.458   73.696      0.0    
   7200     34496.83   650.1061    0.0529    645.371     0.0524     0.0776     0.0005   267741.13  1068142.05 -1147370.0 -1147296.542   73.764      0.0    
   7300     34958.11   650.0249    0.0529    645.3702    0.0524     0.0805     0.0005   268060.63  1067403.22 -1147354.0 -1147280.222   73.828      0.0    
   7400     35419.43   649.9191    0.0529    645.3275    0.0524     0.0925     0.0005    267574.8  1068298.36 -1147328.0 -1147254.289   73.873      0.0    
   7500     35880.56   649.7234    0.0529    645.3143    0.0524     0.092      0.0005   267544.13  1068273.95 -1147294.0 -1147220.022   73.931      0.0    
   7600     36341.87   649.6117    0.0529    645.2237    0.0524     0.0743     0.0005   267981.95  1068179.66 -1147356.0 -1147281.862   74.034      0.0    
   7700     36803.02   649.6945    0.0529    645.2574    0.0524     0.1189     0.0004    267263.0  1068765.86 -1147302.0 -1147228.036   74.07       0.0    
   7800     37264.19   649.8688    0.0529    645.2083    0.0524     0.0825     0.0004   268045.77  1068032.64 -1147366.0 -1147291.965   74.127      0.0    
   7900     37725.46   650.0166    0.053     645.328     0.0524     0.0732     0.0004   267825.28  1069487.98 -1147400.0 -1147326.143   74.199      0.0    
   8000     38186.79   649.7847    0.0529     645.34     0.0524     0.0741     0.0004    267910.6  1068689.56 -1147357.0 -1147282.778   74.249      0.0    
[ 8.78632194  5.94481328  6.85942681  6.55556323  8.03363399  7.6208268
  8.67558601  8.55013623  8.10423246  7.31907087  9.8953805  10.32567649
  7.68258523  6.37778151  8.30358946  8.50891     8.21827749  7.40480126
  7.35226245  8.2882602 ]
[7.80582918 6.08522608 8.8324558  8.90717337 7.20009318 8.16803165
 8.3075032  7.10357601 8.14574821 7.42861457 8.11282549 7.71146711
 7.78824459 8.04101317 8.22605786 7.544711   8.95802992 9.02562758
 8.45444149 7.08023849]
[7.71108244 7.93254016 8.57278075 6.72400673 7.13880634 6.70008713
 8.30625914 6.32788397 7.92192639 6.64703725 7.28688546 6.21356912
 7.50896233 8.15165309 7.66882839 6.82313288 6.77490156 5.99376249
 6.62570707 6.06243198]
