Generating synthetic real valued data ... 
Generating synthetic  real valued data took:  7.917666435241699
Evaluation for true params: 
 test_rsme | train_rsme | rel-te-err | rel-tr-err |  test_nll  |  train_nll |
    0.0          0.0          0.0          0.0       287494.79    1149836.49 
Factorizing with max_iteration = 8000  fixing covariance?:  False
Tensor dimensions:  [50, 50, 50]
Optimization metrics: 
Using Ada Grad
Mean update scheme:  S
Covariance update :  N
Using diagonal covariance?:  True
Random start? True
k1 samples =  64  k2 samples =  64
eta =  1.0  cov eta =  1.0  sigma eta =  1
iteration |   time   |test_rsme |rel-te-err|train_rsme|rel-tr-err|  d_mean  |   d_cov  | test_nll | train_nll |    VLB   |  E-term  |    KL     |   dw   |
    0         1.97    9979.2052    0.9977   9976.6905    0.9977     3.1623     1.8524   287823.14  1151292.55 -1151301.0 -1151292.546   8.705       0.0    
    5        391.96   9974.2078    0.9972    9971.704    0.9972     3.1623     1.8524   287823.14  1151292.55 -1151301.0 -1151292.546   8.825       0.0    
    10       791.2    9968.7945    0.9967   9966.1611    0.9967     3.1623     1.8524   287823.14  1151292.55 -1151302.0 -1151292.546   8.993       0.0    
    20      1204.33   9955.5113    0.9953   9952.8637    0.9953     3.1623     1.8524   287823.14  1151292.55 -1151302.0 -1151292.546    9.31       0.0    
    50      1660.46   9895.4904    0.9892   9893.1153    0.9892     3.1623     1.8524   287823.14  1151292.55 -1151308.0 -1151292.546   15.873      0.0    
   100      2159.14   9719.6228    0.9713   9717.4274    0.9714     3.0749     0.7489   287823.14  1151292.55 -1151316.0 -1151292.546   23.492      0.0    
   200      2757.04   9014.9104    0.8998   9013.1494    0.8998     2.8135     0.263    287823.14  1151292.55 -1151328.0 -1151292.546   35.589      0.0    
   300      3358.85   7799.7798    0.7762   7798.4021    0.7763     2.5392     0.1274   287823.14  1151292.55 -1151336.0 -1151292.546    43.9       0.0    
   400      3962.17   6148.6305    0.6079   6147.5078    0.608      2.2423     0.0675   287823.14  1151292.55 -1151342.0 -1151292.546   49.631      0.0    
   500      4566.17   4296.0647    0.4181   4295.0323    0.4182     1.9012     0.0343   287823.14  1151292.55 -1151346.0 -1151292.546   53.385      0.0    
   600       5167.9   2626.0962    0.2448   2624.8213    0.2449     1.536      0.0137   287707.64  1150835.63 -1151198.0 -1151142.656   55.633      0.0    
   700      5768.32   1475.6138    0.1243    1474.271    0.1243     1.1426     0.0043    280388.4  1121314.64 -1140943.0 -1140885.785   56.903      0.0    
   800      6363.03    870.0325    0.067     868.6444    0.0668     0.8212     0.0012   264744.58  1057041.24 -1116934.0 -1116876.585   57.649      0.0    
   900       6955.3    588.4471    0.0449    587.1002    0.0447     0.5846     0.0003    252762.2  1010748.16 -1100432.0 -1100373.902   58.096      0.0    
   1000     7552.14    450.3316    0.0349    449.2565    0.0348     0.4344     0.0001   244645.07  978214.54  -1089008.0 -1088949.86   58.387      0.0    
   1100     8147.69    369.2298    0.0289    368.1887    0.0289     0.3595     0.0001   237918.47  950205.25  -1078464.0 -1078405.676   58.571      0.0    
   1200     8742.17    319.5439    0.0252    318.6102    0.0252     0.2645      0.0     232458.51  929683.08  -1071594.0 -1071534.971   58.704      0.0    
   1300     9341.64    289.1108    0.023     288.2325    0.0229     0.205       0.0     228782.98  915813.04  -1066416.0 -1066357.282    58.8       0.0    
   1400     9940.77    269.8243    0.0215    269.0857    0.0214     0.1725      0.0     226381.82  904826.68  -1060486.0 -1060426.909   58.87       0.0    
   1500     10538.48   258.3144    0.0206    257.6425    0.0206     0.1343      0.0     225256.82  898261.82  -1059282.0 -1059222.633   58.93       0.0    
   1600     11135.56   251.3008    0.0201    250.666     0.0201     0.1052      0.0     224485.07  896959.03  -1058805.0 -1058745.69   58.977      0.0    
   1700     11730.64   247.2854    0.0198    246.6223    0.0198     0.0753      0.0     223326.76  894296.62  -1056783.0 -1056724.395   59.014      0.0    
   1800     12326.95   244.8649    0.0196    244.1777    0.0196     0.0811      0.0      222433.9  891363.72  -1056771.0 -1056712.314   59.037      0.0    
   1900     12921.67   243.4323    0.0195    242.7193    0.0195     0.0486      0.0     222321.44  891585.26  -1055731.0 -1055671.639   59.052      0.0    
   2000     13521.73   242.2971    0.0194    241.725     0.0194     0.0501      0.0      222639.0  890427.57  -1054340.0 -1054281.335   59.057      0.0    
   2100     14117.93   241.5618    0.0194    240.9722    0.0193     0.0542      0.0     222599.03  890064.75  -1055866.0 -1055807.291   59.068      0.0    
   2200     14712.9    241.113     0.0194    240.5604    0.0193     0.0436      0.0     223125.61  891031.39  -1055096.0 -1055036.523   59.082      0.0    
   2300     15307.81   240.8491    0.0193    240.3238    0.0193     0.0285      0.0     222113.62  889926.15  -1056393.0 -1056333.905   59.081      0.0    
   2400     15906.04   240.6155    0.0193    240.1436    0.0193     0.0344      0.0      222688.4  889963.98  -1056640.0 -1056581.348   59.084      0.0    
   2500     16508.13   240.5633    0.0193    240.0154    0.0193     0.0342      0.0     223360.26  888685.59  -1055444.0 -1055385.172   59.085      0.0    
   2600     17106.06   240.5675    0.0193    239.9774    0.0193     0.0447      0.0     222501.59  889251.73  -1054907.0 -1054847.791   59.085      0.0    
   2700     17699.96   240.5484    0.0193    239.847     0.0193     0.0284      0.0     222748.94  889374.67  -1055415.0 -1055355.69   59.082      0.0    
   2800     18295.81   240.4606    0.0193    239.7699    0.0193     0.0318      0.0     222163.94  890162.59  -1054828.0 -1054768.532   59.085      0.0    
   2900     18892.86   240.3375    0.0193    239.6623    0.0193     0.0324      0.0      222394.6  889675.07  -1054466.0 -1054406.939   59.099      0.0    
   3000     19487.95   240.2922    0.0193    239.6412    0.0193     0.0336      0.0     222042.68  889357.15  -1054535.0 -1054476.281   59.106      0.0    
   3100     20084.18   240.2027    0.0193    239.5578    0.0192     0.035       0.0     222125.69  888953.14  -1054653.0 -1054594.108   59.093      0.0    
   3200     20681.46   240.128     0.0193    239.4867    0.0192     0.0424      0.0     222740.43   889140.6  -1054977.0 -1054918.165   59.094      0.0    
   3300     21278.48   240.174     0.0193    239.4361    0.0192     0.0317      0.0     222173.87  889282.46  -1055299.0 -1055240.304    59.1       0.0    
   3400     21875.13   240.0346    0.0193    239.4034    0.0192     0.0326      0.0     221736.22  889549.77  -1054317.0 -1054257.45   59.104      0.0    
   3500     22472.2    239.9696    0.0193    239.3155    0.0192     0.0282      0.0     221668.14  889018.62  -1056354.0 -1056294.478   59.101      0.0    
   3600     23065.59   239.8801    0.0193    239.2474    0.0192     0.0283      0.0     221938.47  889533.39  -1055638.0 -1055578.622   59.097      0.0    
   3700     23664.47   239.8591    0.0193    239.2113    0.0192     0.0305      0.0     222029.54  888898.71  -1053958.0 -1053898.886   59.092      0.0    
   3800     24258.52   239.7537    0.0193    239.1582    0.0192     0.0319      0.0      222292.9  889096.32  -1055709.0 -1055650.301   59.092      0.0    
   3900     24853.28   239.6857    0.0193    239.1223    0.0192     0.0354      0.0     222749.81  889114.32  -1054538.0 -1054478.587   59.094      0.0    
   4000     25449.06   239.6749    0.0192    239.1076    0.0192     0.0346      0.0     222204.09  887842.29  -1055830.0 -1055770.607   59.088      0.0    
   4100     26045.76   239.5528    0.0192    239.044     0.0192     0.0281      0.0     222785.52  889800.68  -1054368.0 -1054308.455   59.085      0.0    
   4200     26643.03   239.475     0.0192    238.9589    0.0192     0.0386      0.0     222153.69  889058.73  -1054707.0 -1054648.158   59.093      0.0    
   4300     27235.86   239.3883    0.0192    238.9208    0.0192      0.03       0.0     222214.49   889235.7  -1055558.0 -1055498.411   59.094      0.0    
   4400     27828.79   239.3374    0.0192    238.8306    0.0192     0.0296      0.0     222457.94  889679.37  -1055327.0 -1055267.717   59.095      0.0    
   4500     28424.54   239.2805    0.0192    238.7827    0.0192     0.0325      0.0     221867.23   889130.9  -1054432.0 -1054372.789   59.096      0.0    
   4600     29020.44   239.1476    0.0192    238.6998    0.0192     0.0369      0.0     221761.33  889461.18  -1053918.0 -1053858.676   59.097      0.0    
   4700     29617.27   239.1203    0.0192    238.7037    0.0192     0.0328      0.0     221881.22  890469.13  -1054768.0 -1054709.024   59.091      0.0    
   4800     30212.44   239.0411    0.0192    238.6149    0.0192     0.0379      0.0     222913.27  889340.65  -1054513.0 -1054454.123   59.099      0.0    
   4900     30810.29   239.0647    0.0192    238.5841    0.0192     0.0279      0.0     222285.18  888924.73  -1054039.0 -1053980.295   59.103      0.0    
   5000     31389.47   239.0445    0.0192    238.5515    0.0192     0.0272      0.0     221838.44   887918.8  -1055288.0 -1055229.28   59.101      0.0    
   5100     31983.09   238.9202    0.0192    238.4951    0.0192     0.0366      0.0     222289.35  889511.69  -1054565.0 -1054506.036   59.104      0.0    
   5200     32604.38   238.9721    0.0192    238.4337    0.0192     0.0314      0.0     223044.27  888287.77  -1054138.0 -1054078.518   59.108      0.0    
   5300     33233.44   238.9773    0.0192    238.4209    0.0192     0.0299      0.0     222155.92  890081.09  -1054050.0 -1053991.254   59.107      0.0    
   5400     33866.03   238.8904    0.0192    238.3356    0.0192     0.0295      0.0     222117.85  889070.56  -1054193.0 -1054134.361   59.107      0.0    
