Generating synthetic real valued data ... 
Generating synthetic  real valued data took:  9.158631086349487
Evaluation for true params: 
 test_rsme | train_rsme | rel-te-err | rel-tr-err |  test_nll  |  train_nll |
1204.1840809454 1202.4146785192 0.1004525332 0.0999811243  287434.61    1149937.97 
Factorizing with max_iteration = 8000  fixing covariance?:  False
Tensor dimensions:  [50, 50, 50]
Optimization metrics: 
Using Ada Grad
Mean update scheme:  S
Covariance update :  N
Using diagonal covariance?:  True
Random start? True
k1 samples =  64  k2 samples =  64
eta =  1.0  cov eta =  1.0  sigma eta =  1
iteration |   time   |test_rsme |rel-te-err|train_rsme|rel-tr-err|  d_mean  |   d_cov  | test_nll | train_nll |    VLB   |  E-term  |    KL     
    0         0.77    10044.0901   0.998    10055.9479   0.998      3.1623     1.8524   287823.14  1151292.55 -1151301.0 -1151292.546    8.17    
    5        299.93   10039.5546   0.9975   10051.4112   0.9975     3.1623     1.8524   287823.14  1151292.55 -1151301.0 -1151292.546    8.34    
    10       598.07   10034.5834   0.997    10046.351    0.997      3.1623     1.8524   287823.14  1151292.55 -1151301.0 -1151292.546   8.498    
    20       902.5    10022.3216   0.9957   10034.0974   0.9957     3.1623     1.8524   287823.14  1151292.55 -1151301.0 -1151292.546   8.784    
    50      1226.03   9966.3468    0.9899   9978.1456    0.9899     3.1623     1.8524   287823.14  1151292.55 -1151308.0 -1151292.546   15.009   
   100      1566.24   9798.8574    0.9724   9810.5764    0.9725     3.0822     0.7486   287823.14  1151292.55 -1151315.0 -1151292.546   22.697   
   200      1946.87   9116.7256    0.9013    9128.14     0.9014     2.8442     0.2643   287823.14  1151292.55 -1151328.0 -1151292.546   35.038   
   300      2326.39   7931.5159    0.7773   7942.4332    0.7777     2.5533     0.131    287823.14  1151292.55 -1151336.0 -1151292.546   43.721   
   400      2699.16   6317.4411    0.6073    6327.427    0.6079     2.2332     0.0781    287823.0  1151292.55 -1151343.0 -1151292.546   49.999   
   500      3071.52   4516.0486    0.4145   4524.5917    0.4153     1.9113     0.0511   287671.45  1150631.61 -1151322.0 -1151267.081   54.595   
   600      3439.48    2941.154    0.2454   2947.3325    0.2462     1.5015     0.0355   285468.49  1141790.37 -1150945.0 -1150886.714   57.87    
   700      3804.65   1939.6697    0.1507   1942.0332    0.1505     1.1044     0.0256    280520.3  1122859.67 -1150120.0 -1150060.189   60.199   
   800      4170.72   1502.1799    0.1187   1500.3503    0.118      0.8422     0.019    278072.74  1111300.71 -1149591.0 -1149528.984   61.806   
   900      4537.13   1352.7815     0.11    1348.1477    0.1092     0.554      0.0146   276514.41  1106811.94 -1149442.0 -1149379.469   62.997   
   1000     4903.49   1293.4791    0.1069   1287.7599    0.106      0.3545     0.0116   276147.28  1105560.7  -1149390.0 -1149325.835   63.847   
   1100     5268.93   1266.2468    0.1053   1260.1353    0.1044     0.2905     0.0094   276297.95  1104498.57 -1149347.0 -1149282.041   64.612   
   1200     5634.31   1252.0888    0.1046   1245.1641    0.1035     0.2573     0.0081   276337.65  1103315.91 -1149304.0 -1149239.301   65.196   
   1300     6000.57   1243.0984    0.1039   1236.2229    0.1029     0.2444     0.0069   276242.43  1103417.74 -1149200.0 -1149134.574   65.689   
   1400     6367.87   1238.0239    0.1034    1231.551    0.1025     0.2224     0.006    276128.33  1102763.2  -1149279.0 -1149213.206   66.146   
   1500     6736.94   1235.1485    0.1032   1228.8542    0.1022     0.1918     0.0053   276098.19  1102906.82 -1149248.0 -1149181.118   66.574   
   1600     7103.98   1234.0067    0.1032   1227.5023    0.1022     0.1717     0.0047   275999.77  1103572.27 -1149290.0 -1149222.618   66.941   
   1700     7470.89    1233.405    0.1031   1226.6791    0.1021     0.1622     0.0043   275912.51  1104624.15 -1149278.0 -1149210.817   67.268   
   1800     7839.39   1232.7961    0.103    1226.1966    0.102      0.1591     0.0039   276284.88  1103792.32 -1149216.0 -1149148.304   67.518   
   1900     8207.08   1232.8381    0.103    1225.7925    0.102      0.1341     0.0036   276444.87  1104142.65 -1149212.0 -1149143.957   67.798   
   2000     8573.99   1233.0768    0.1031   1225.6471    0.102      0.1538     0.0032   276510.65  1104226.1  -1149283.0 -1149215.08   67.978   
   2100      8941.1   1233.1289    0.1031    1225.434    0.102      0.1792     0.003    276203.55  1104468.01 -1149281.0 -1149212.798   68.241   
   2200     9309.65    1232.685    0.103    1225.4044    0.1019     0.163      0.0028   276257.18  1104392.99 -1149221.0 -1149152.52   68.453   
   2300     9679.08   1232.2026    0.1029   1225.4894    0.1018     0.1456     0.0026   276327.35  1104569.94 -1149279.0 -1149210.611   68.71    
   2400     10048.37  1232.4094    0.1029   1225.4667    0.1019     0.186      0.0024   276119.69  1104617.08 -1149237.0 -1149168.34   68.914   
   2500     10416.81  1232.6668    0.103    1225.3525    0.1019     0.1497     0.0023   276289.89  1104225.66 -1149220.0 -1149150.496   69.104   
   2600     10785.38  1232.4701    0.1029   1225.1304    0.1018     0.1406     0.0022   276401.48  1104668.11 -1149184.0 -1149114.764   69.232   
   2700     11152.34  1232.3693    0.103    1225.0584    0.1019     0.1412     0.0021   276609.47  1104779.23 -1149251.0 -1149181.745   69.431   
   2800     11519.0   1232.1853    0.1029    1225.065    0.1018     0.1536     0.0019   276286.63  1105123.08 -1149267.0 -1149197.663   69.619   
   2900     11883.93  1231.9968    0.1029   1225.0798    0.1019     0.1799     0.0018   276494.04  1105012.31 -1149227.0 -1149157.283   69.772   
   3000     12245.37  1231.7044    0.1029   1224.9677    0.1019     0.1691     0.0018   276272.64  1104972.12 -1149234.0 -1149164.129   69.969   
   3100     12608.15  1232.1073    0.103    1225.0609    0.1019     0.1588     0.0017   276680.84  1105055.62 -1149202.0 -1149132.159   70.029   
   3200     12970.0   1231.5634    0.1029   1225.0538    0.1019     0.1412     0.0016   276475.75  1105806.29 -1149204.0 -1149134.23   70.097   
   3300     13331.43  1231.5342    0.1029   1225.1497    0.1019     0.1433     0.0015   276599.24  1105765.4  -1149227.0 -1149156.371   70.244   
   3400     13693.81  1231.5044    0.1029   1225.0162    0.1019     0.137      0.0015   276608.17  1105795.77 -1149276.0 -1149205.466   70.37    
   3500     14055.87   1231.615    0.1029   1224.9145    0.1019     0.1553     0.0014   276499.58  1105774.03 -1149205.0 -1149134.392   70.542   
   3600     14417.0   1231.7918    0.1029   1224.8671    0.1019     0.1635     0.0013   276703.87  1105966.47 -1149192.0 -1149121.479   70.649   
   3700     14777.98  1231.9106    0.103    1224.9554    0.1019     0.163      0.0013   276981.95  1105927.39 -1149246.0 -1149174.977   70.83    
   3800     15138.86  1231.7627    0.1029   1224.9046    0.1018     0.1851     0.0012   276700.16  1105735.57 -1149240.0 -1149169.079   70.929   
   3900     15499.75   1231.657    0.1029   1224.8823    0.1019     0.1616     0.0012   276656.86  1106297.08 -1149258.0 -1149187.292   71.058   
   4000     15860.73  1231.7594    0.103    1224.7905    0.1019     0.1916     0.0011    277242.2  1106966.65 -1149219.0 -1149148.192   71.163   
   4100     16221.85   1231.549    0.1029   1224.7112    0.1019     0.1369     0.0011   276789.87  1105961.36 -1149242.0 -1149170.656   71.232   
   4200     16583.41   1231.352    0.1029   1224.6719    0.1019     0.1741     0.0011   277034.67  1106084.56 -1149252.0 -1149180.631   71.359   
   4300     16945.48  1231.6214    0.1029   1224.6424    0.1019     0.1524     0.001    277090.87  1106819.04 -1149263.0 -1149191.246   71.517   
   4400     17307.47  1232.2448    0.103    1224.9196    0.1019     0.1475     0.001     277005.6  1105973.09 -1149192.0 -1149120.775    71.6    
   4500     17669.82  1232.5085    0.103    1224.8268    0.1019     0.1443     0.001    277006.51  1106755.89 -1149240.0 -1149168.231   71.687   
   4600     18032.49  1232.1278    0.1029   1224.6899    0.1018     0.1938     0.0009   277329.63  1106428.88 -1149263.0 -1149190.982   71.788   
   4700     18394.65   1232.072    0.1029    1224.592    0.1018     0.1959     0.0009   277107.06  1106467.53 -1149301.0 -1149228.871   71.869   
   4800     18755.85  1231.8724    0.1029   1224.6722    0.1018     0.1431     0.0009   276830.43  1107118.93 -1149242.0 -1149170.448   71.992   
   4900     19116.79   1231.868    0.1029   1224.6035    0.1018     0.2024     0.0009   276747.96  1106416.74 -1149249.0 -1149176.551   72.089   
   5000     19477.8    1231.952    0.1029   1224.5785    0.1018     0.182      0.0008   277388.81  1107098.28 -1149240.0 -1149167.668   72.17    
   5100     19839.28  1231.9645    0.1029   1224.4605    0.1018     0.1598     0.0008    276939.7  1107216.73 -1149272.0 -1149199.959   72.295   
   5200     20201.39  1231.6627    0.1029    1224.344    0.1018     0.1822     0.0008   277090.51  1107110.98 -1149249.0 -1149176.693   72.415   
   5300     20562.76  1232.2517    0.103     1224.47     0.1019     0.1506     0.0008   277088.57  1107260.84 -1149263.0 -1149190.881   72.444   
   5400     20923.87   1232.342    0.103    1224.5071    0.1019     0.1582     0.0007    277231.1  1107068.68 -1149273.0 -1149200.749   72.462   
   5500     21284.84  1232.2275    0.1029   1224.3774    0.1018     0.144      0.0007   276915.19  1107796.09 -1149246.0 -1149173.304   72.52    
   5600     21646.38  1231.7363    0.1028   1224.4415    0.1018     0.133      0.0007   277217.53  1107108.25 -1149224.0 -1149151.351   72.569   
   5700     22008.65  1231.6382    0.1028   1224.5018    0.1018     0.1313     0.0007   276987.25  1107560.64 -1149203.0 -1149129.932   72.633   
   5800     22369.78  1231.7368    0.1028   1224.3327    0.1018     0.1349     0.0007   277408.52  1107274.55 -1149236.0 -1149162.987   72.706   
   5900     22730.8   1231.6744    0.1028   1224.4779    0.1018     0.1894     0.0007   277247.12  1107946.41 -1149289.0 -1149215.92   72.786   
   6000     23092.35  1231.3543    0.1028   1224.2937    0.1017     0.1591     0.0006   277245.35  1107486.31 -1149257.0 -1149184.274   72.902   
   6100     23457.04  1231.8794    0.1029   1224.3244    0.1019     0.1701     0.0006   277249.03  1107259.31 -1149256.0 -1149182.617    73.0    
   6200     23823.68  1231.8354    0.1029   1224.3587    0.1018     0.207      0.0006    277515.9  1107557.22 -1149257.0 -1149184.362   73.01    
   6300     24190.47  1232.0795    0.1029   1224.4947    0.1018     0.1435     0.0006   276929.15  1107696.0  -1149201.0 -1149128.376   73.029   
   6400     24557.18  1232.2535    0.103    1224.3148    0.1018     0.1982     0.0006    277581.7  1107877.25 -1149194.0 -1149120.541   73.103   
   6500     24923.98  1232.2648    0.1029   1224.3355    0.1018     0.1656     0.0006   277233.34  1107683.24 -1149180.0 -1149107.291   73.171   
   6600     25293.12  1232.1971    0.1029   1224.2443    0.1018     0.1596     0.0006   277362.06  1107876.58 -1149195.0 -1149121.633   73.182   
   6700     25661.83  1232.2299    0.1029   1224.2407    0.1018     0.1889     0.0005   277367.06  1107368.76 -1149209.0 -1149136.061   73.246   
   6800     26027.94  1232.4743    0.1029   1224.3446    0.1018     0.148      0.0005   277068.79  1108025.82 -1149256.0 -1149183.041   73.353   
   6900     26392.99  1232.1285    0.1029    1224.335    0.1018     0.1879     0.0005   277209.17  1108071.29 -1149270.0 -1149196.111   73.439   
   7000     26757.94  1232.0052    0.1029   1224.2594    0.1018     0.2041     0.0005   277103.03  1108064.78 -1149219.0 -1149145.452   73.525   
   7100     27123.63  1232.0198    0.1029   1224.0437    0.1018     0.1989     0.0005   277329.23  1108073.1  -1149249.0 -1149175.442   73.577   
   7200     27489.41  1232.0184    0.103    1224.0435    0.1018     0.1373     0.0005   277233.58  1108036.02 -1149247.0 -1149173.086   73.653   
   7300     27856.41  1232.1639    0.103    1224.2025    0.1018     0.1799     0.0005   277424.05  1108251.37 -1149239.0 -1149165.668   73.699   
   7400     28224.68  1232.2563    0.103    1224.0186    0.1018     0.2091     0.0005    277170.7  1107906.6  -1149272.0 -1149198.673   73.787   
   7500     28591.16  1231.8639    0.1029   1223.9862    0.1018     0.1606     0.0005    277322.5  1108444.84 -1149198.0 -1149124.199   73.849   
   7600     28957.35  1232.3752    0.103    1224.0702    0.1018     0.1521     0.0005   277243.91  1108182.64 -1149230.0 -1149156.273   73.913   
   7700     29322.89  1232.2147    0.103    1224.0125    0.1018     0.1504     0.0004   277201.02  1108775.14 -1149247.0 -1149173.35   73.965   
   7800     29688.82  1231.8744    0.1029   1223.9904    0.1018     0.1611     0.0004    277441.6  1108496.3  -1149245.0 -1149170.524   74.011   
   7900     30054.88  1231.6997    0.1029   1223.9968    0.1018     0.2152     0.0004   277101.55  1108251.17 -1149261.0 -1149186.828   74.093   
   8000     30423.17  1231.6908    0.1029   1223.9672    0.1018     0.1898     0.0004   277272.67  1108340.66 -1149220.0 -1149145.985   74.154   
[ 8.80230118  5.89309303  6.87438421  6.57614     7.92299776  7.57525327
  8.60562913  8.59330884  8.05679078  7.2045835   9.7677172  10.27761366
  7.56722869  6.32937827  8.1108151   8.42617925  8.32241572  7.31660852
  7.34764761  8.13377425]
[7.83274205 6.03361198 8.74258273 8.88522767 7.19319091 8.13925452
 8.24613073 7.15622096 8.2540027  7.43451837 8.13977515 7.8692663
 7.83109918 8.18956065 8.225835   7.57527478 8.97153593 8.93856085
 8.54862884 7.19501284]
[7.64483478 8.02078277 8.54318024 6.67362021 7.16349334 6.68913597
 8.31873196 6.38142699 8.03600704 6.63985331 7.30246324 6.17488611
 7.47873828 8.08487966 7.65850488 6.80049964 6.74319333 5.94772677
 6.59694466 6.19276089]
