Generating synthetic real valued data ... 
Generating synthetic  real valued data took:  7.68868613243103
Evaluation for true params: 
 test_rsme | train_rsme | rel-te-err | rel-tr-err |  test_nll  |  train_nll |
    0.0          0.0          0.0          0.0       287494.79    1149836.49 
Factorizing with max_iteration = 8000  fixing covariance?:  False
Tensor dimensions:  [50, 50, 50]
Optimization metrics: 
Using Ada Grad
Mean update scheme:  S
Covariance update :  N
Using diagonal covariance?:  True
Random start? True
k1 samples =  64  k2 samples =  64
eta =  1.0  cov eta =  1.0  sigma eta =  1
iteration |   time   |test_rsme |rel-te-err|train_rsme|rel-tr-err|  d_mean  |   d_cov  | test_nll | train_nll |    VLB   |  E-term  |    KL     
    0         0.76    9979.2052    0.9977   9976.6905    0.9977     3.1623     1.8524   287823.14  1151292.55 -1151301.0 -1151292.546   8.705    
    5        297.44   9974.2078    0.9972    9971.704    0.9972     3.1623     1.8524   287823.14  1151292.55 -1151301.0 -1151292.546   8.825    
    10       593.91   9968.7945    0.9967   9966.1611    0.9967     3.1623     1.8524   287823.14  1151292.55 -1151302.0 -1151292.546   8.993    
    20       890.36   9955.5113    0.9953   9952.8637    0.9953     3.1623     1.8524   287823.14  1151292.55 -1151302.0 -1151292.546    9.31    
    50      1199.72    9895.49     0.9892   9893.1147    0.9892     3.1623     1.8524   287823.14  1151292.55 -1151308.0 -1151292.546   15.873   
   100      1528.64   9719.7287    0.9714   9717.5373    0.9714     3.0713     0.7492   287823.14  1151292.55 -1151316.0 -1151292.546   23.525   
   200      1893.44   9015.5028    0.8998   9013.7338    0.8999     2.8174     0.2643   287823.14  1151292.55 -1151328.0 -1151292.546   35.673   
   300      2257.96   7800.2813    0.7762   7798.9605    0.7764     2.5328     0.1315   287823.14  1151292.55 -1151337.0 -1151292.546   44.197   
   400      2623.67   6148.6255    0.6079   6147.7042    0.608      2.2326     0.078    287823.14  1151292.55 -1151343.0 -1151292.546   50.348   
   500      2987.52   4295.9496    0.418    4295.1582    0.4182     1.9016     0.0514   287823.14  1151292.55 -1151347.0 -1151292.546   54.883   
   600      3352.05   2628.0082    0.245    2627.1628    0.2452     1.5477     0.0356   287670.36  1150955.96 -1151336.0 -1151278.296   58.15    
   700      3716.06   1477.6501    0.1244   1476.7837    0.1245     1.1328     0.0256    282356.8  1129628.76 -1150426.0 -1150365.31   60.421   
   800       4082.0    870.0699    0.0669    869.0833    0.0668     0.7869     0.019    269950.67  1080445.84 -1148352.0 -1148290.291   62.02    
   900      4446.83    590.5497    0.0451    589.6598    0.045      0.5905     0.0145    261362.8  1046799.84 -1146740.0 -1146676.965   63.166   
   1000     4811.48    451.1823    0.035     450.2817    0.0349     0.4595     0.0116   255444.87  1020954.89 -1145647.0 -1145583.421   64.048   
   1100     5176.67    371.4996    0.0291    370.5665    0.0291     0.3529     0.0095   249875.11  997831.44  -1144664.0 -1144599.294   64.759   
   1200     5541.86    321.8557    0.0254    321.0356    0.0253     0.2778     0.008     244525.4  979153.06  -1143844.0 -1143778.61   65.364   
   1300     5908.71    291.2302    0.0232    290.4137    0.0231     0.2204     0.0069   242023.44  965085.19  -1143038.0 -1142971.921   65.861   
   1400     6275.26    271.0722    0.0216    270.3207    0.0215     0.191      0.006    239381.38  954704.94  -1142622.0 -1142556.07   66.296   
   1500     6641.41    259.3829    0.0207    258.5862    0.0207     0.1234     0.0053   236632.55  949182.92  -1142401.0 -1142334.221   66.692   
   1600     7005.23    252.0052    0.0202    251.2947    0.0201     0.1148     0.0047   236380.61  944907.45  -1142077.0 -1142010.293   67.03    
   1700     7368.76    247.694     0.0198    247.0336    0.0198     0.0912     0.0043   236084.55  942898.68  -1141966.0 -1141898.847   67.345   
   1800      7732.4    244.8947    0.0196    244.2384    0.0196     0.0616     0.0039   235727.94  941093.45  -1141717.0 -1141649.584   67.629   
   1900     8097.02    243.2282    0.0195    242.5819    0.0195     0.0674     0.0036   235185.01  940606.49  -1141896.0 -1141828.042   67.904   
   2000     8463.55    242.2595    0.0194    241.6463    0.0194     0.0456     0.0033   235177.35  940829.59  -1141697.0 -1141629.185   68.151   
   2100     8829.08    241.6244    0.0194    241.0948    0.0194     0.0385     0.003    234828.47  940414.86  -1141589.0 -1141520.521   68.378   
   2200     9195.24    241.2292    0.0194    240.7167    0.0193     0.0379     0.0028   235011.32  940231.37  -1141736.0 -1141667.473   68.601   
   2300     9560.72    240.9818    0.0194    240.4275    0.0193     0.0416     0.0026   234933.08  941051.99  -1141593.0 -1141524.631    68.8    
   2400     9925.63    240.8756    0.0194    240.2391    0.0193     0.0294     0.0025   234884.18  940425.79  -1141679.0 -1141610.25   69.002   
   2500     10291.4     240.72     0.0193    240.1077    0.0193     0.0322     0.0023   235082.63  938650.35  -1141613.0 -1141544.09   69.172   
   2600     10656.44   240.4971    0.0193     239.99     0.0193     0.0295     0.0022   235244.16  939595.82  -1141491.0 -1141421.491   69.354   
   2700     11019.74   240.3454    0.0193    239.9473    0.0193     0.0307     0.002    235346.56   939642.9  -1141467.0 -1141397.534   69.522   
   2800     11383.44   240.2854    0.0193    239.8809    0.0193     0.0407     0.0019   235392.59  940649.56  -1141547.0 -1141476.862   69.686   
   2900     11747.25   240.3047    0.0193    239.8178    0.0193     0.0475     0.0018   235444.96  940153.42  -1141478.0 -1141408.161   69.841   
   3000     12111.32   240.3372    0.0193    239.7278    0.0193     0.0301     0.0017   235627.52  940664.03  -1141378.0 -1141308.173   69.988   
   3100     12476.93   240.2399    0.0193    239.6833    0.0193     0.034      0.0017   235986.79  939320.51  -1141447.0 -1141376.538   70.141   
   3200     12840.6    240.1232    0.0193    239.5819    0.0192     0.0291     0.0016    235297.9  941409.54  -1141401.0 -1141330.356   70.278   
   3300     13204.81   240.1221    0.0193    239.5742    0.0192     0.0349     0.0015   234901.95  941278.26  -1141409.0 -1141338.09   70.419   
   3400     13568.51   240.1213    0.0193    239.5538    0.0193     0.0327     0.0015   235388.07   942509.1  -1141426.0 -1141355.408   70.545   
   3500     13932.2    239.954     0.0193    239.4199    0.0192     0.0366     0.0014   235868.78  941979.67  -1141348.0 -1141277.677   70.671   
   3600     14296.98   239.9917    0.0193    239.4001    0.0192     0.034      0.0013   235652.92   941125.6  -1141357.0 -1141286.344   70.806   
   3700     14661.12   239.8922    0.0193    239.3468    0.0192     0.0435     0.0013   235689.86  942923.34  -1141388.0 -1141316.635   70.925   
   3800     15024.72   239.9123    0.0193    239.2868    0.0192     0.0411     0.0012   235562.95  941636.63  -1141370.0 -1141299.113   71.041   
   3900     15388.15   239.822     0.0193    239.3087    0.0192     0.0415     0.0012   235951.37  941607.54  -1141335.0 -1141263.395   71.161   
   4000     15751.82   239.7881    0.0193    239.1969    0.0192     0.0335     0.0011   236483.57   941490.9  -1141303.0 -1141231.293   71.268   
   4100     16115.35   239.7264    0.0193    239.1145    0.0192     0.0373     0.0011   235611.16  941386.71  -1141364.0 -1141292.618   71.374   
   4200     16480.07   239.6798    0.0193    239.0675    0.0192     0.0373     0.0011   235925.88  940363.06  -1141334.0 -1141262.466   71.478   
   4300     16846.34   239.5863    0.0193    238.9831    0.0192     0.0283     0.001    235332.75  941925.26  -1141415.0 -1141343.395   71.569   
   4400     17211.29   239.4856    0.0193    238.9218    0.0192     0.0343     0.001    235731.94  943174.73  -1141179.0 -1141106.961   71.678   
   4500     17575.34   239.454     0.0193    238.8827    0.0192     0.0373     0.001    236002.23  942576.93  -1141229.0 -1141156.951   71.773   
   4600     17940.61   239.4567    0.0193    238.8114    0.0192     0.0299     0.0009   236027.73  942580.48  -1141303.0 -1141230.884   71.866   
   4700     18305.94   239.3113    0.0192    238.7533    0.0192     0.0343     0.0009   236260.38  943894.41  -1141254.0 -1141182.368   71.959   
   4800     18669.53   239.3081    0.0193    238.7548    0.0192     0.0516     0.0009   235712.37  943094.07  -1141240.0 -1141167.948   72.044   
   4900     19034.12   239.2738    0.0192    238.7477    0.0192     0.034      0.0009   235677.31  943817.52  -1141260.0 -1141187.656   72.132   
   5000     19397.95   239.2975    0.0192    238.6815    0.0192     0.0347     0.0008   236601.83  943955.36  -1141138.0 -1141065.936   72.217   
   5100     19763.17   239.3182    0.0192    238.627     0.0192     0.0353     0.0008   236030.27   943124.6  -1141177.0 -1141104.489   72.31    
   5200     20129.63   239.1859    0.0192    238.565     0.0192     0.0385     0.0008   237011.83  944303.19  -1141287.0 -1141214.38   72.399   
   5300     20493.31   239.1486    0.0192    238.5137    0.0192     0.0315     0.0008   236201.82  943624.48  -1141159.0 -1141086.465   72.488   
   5400     20857.17   239.0553    0.0192    238.4524    0.0192     0.0357     0.0007   236286.49  943668.15  -1141176.0 -1141103.435   72.572   
   5500     21221.18    239.11     0.0192    238.4403    0.0192     0.0297     0.0007   237002.74  943443.67  -1141289.0 -1141216.561   72.641   
   5600     21584.52   239.0308    0.0192    238.4067    0.0192     0.0361     0.0007   236334.58  944443.81  -1141325.0 -1141252.16   72.727   
   5700     21947.8    238.9345    0.0192    238.3221    0.0192     0.0333     0.0007   236551.18  944625.13  -1141275.0 -1141202.394   72.806   
   5800     22311.19   238.8478    0.0192    238.2712    0.0191     0.0305     0.0007    236418.8  943906.86  -1141210.0 -1141137.048   72.885   
   5900     22674.5    238.7828    0.0192    238.2194    0.0191     0.0262     0.0007   236353.82  944516.18  -1141249.0 -1141176.538   72.961   
   6000     23038.08   238.6353    0.0192    238.1832    0.0191     0.0407     0.0006   235937.29  945555.88  -1141173.0 -1141099.618   73.024   
   6100     23401.45   238.6412    0.0192    238.1222    0.0191     0.0358     0.0006   236341.11  944476.39  -1141075.0 -1141002.118   73.093   
   6200     23764.8    238.6641    0.0192    238.0371    0.0191     0.0293     0.0006   236588.67  944268.54  -1141127.0 -1141054.084   73.165   
   6300     24128.04   238.6877    0.0192    237.9939    0.0191     0.0311     0.0006    235917.7  945374.21  -1141131.0 -1141057.34   73.236   
   6400     24491.47   238.6505    0.0192    237.9291    0.0191     0.0392     0.0006    236484.6  945834.17  -1141049.0 -1140975.659   73.299   
   6500     24855.06   238.6582    0.0192    237.9368    0.0191     0.034      0.0006   237236.54  945884.87  -1141166.0 -1141092.239   73.369   
   6600     25218.38   238.6082    0.0192    237.8656    0.0191     0.0327     0.0006   236226.29  945231.32  -1141140.0 -1141066.857   73.425   
   6700     25581.84   238.5159    0.0192    237.8251    0.0191     0.0381     0.0005   236493.91  945432.27  -1141144.0 -1141070.504   73.493   
   6800     25945.11   238.4935    0.0192    237.786     0.0191     0.0366     0.0005   236244.65  945753.06  -1141263.0 -1141188.951   73.554   
   6900     26308.46   238.4119    0.0192    237.7328    0.0191     0.028      0.0005   236990.89  945848.45  -1141214.0 -1141140.602   73.617   
   7000     26672.07   238.3843    0.0192    237.6748    0.0191     0.0362     0.0005   236807.56  946159.18  -1141169.0 -1141095.425   73.69    
   7100     27035.41   238.2809    0.0192    237.6756    0.0191     0.0295     0.0005   236587.86  945585.08  -1141094.0 -1141020.491   73.748   
   7200     27398.57   238.267     0.0192    237.6026    0.0191     0.0263     0.0005   236741.18  945869.92  -1141077.0 -1141002.9   73.815   
   7300     27762.0    238.2533    0.0192    237.5497    0.0191     0.043      0.0005   237270.99  945181.44  -1141057.0 -1140982.776   73.865   
   7400     28125.43   238.2287    0.0192    237.4475    0.0191     0.0373     0.0005   237668.66  947067.25  -1141120.0 -1141045.782   73.933   
   7500     28489.11   238.1785    0.0191    237.4222    0.0191      0.04      0.0005   237372.99   945991.7  -1141213.0 -1141138.57   73.986   
   7600     28852.41   238.1424    0.0191    237.3907    0.0191     0.0263     0.0005   236637.08  946001.64  -1141098.0 -1141024.155   74.043   
   7700     29215.69   237.9932    0.0191    237.3344    0.0191     0.0285     0.0004   236776.48  946825.67  -1141173.0 -1141098.417   74.107   
   7800     29579.33   237.9481    0.0191    237.2902    0.0191     0.0277     0.0004   236774.14  946074.92  -1141178.0 -1141104.22   74.166   
   7900     29942.55   237.9605    0.0191    237.2599    0.0191     0.0464     0.0004   236710.31  946837.82  -1141014.0 -1140940.207   74.219   
   8000     30306.58   237.9116    0.0191    237.196     0.0191     0.0327     0.0004   236584.49  945667.73  -1141115.0 -1141040.889   74.278   
[ 6.06321765  6.8672987   8.44013862  9.31384441  7.16944341  8.1197881
  7.39421304 10.03268728  7.8268857   6.71992874  6.72465583  8.50950272
  8.76290902  7.39587499  8.14103194  8.3418036   8.59525961  8.80401531
  7.05414652  8.11488092]
[ 7.46980589  8.52365958  8.49995792  6.97358282  8.71189892  7.42540373
  7.23198091  8.01160901  7.90490913  8.88531101  7.99875031  9.17826929
  6.54449967  7.39239466  6.65587869 10.03334394  7.56490778  8.15985259
  9.83564272  6.25437541]
[6.44949945 8.02542223 7.20683207 7.69323611 7.92150278 5.96200168
 6.48101825 6.64144078 8.22367306 6.76044536 8.33861888 6.93621664
 5.12525104 5.93968817 6.65120139 9.26457299 7.96515139 7.82737473
 7.00294289 6.70940548]
