Generating synthetic real valued data ... 
Generating synthetic  real valued data took:  9.160831689834595
Evaluation for true params: 
 test_rsme | train_rsme | rel-te-err | rel-tr-err |  test_nll  |  train_nll |
602.0920404727 601.2073392596 0.0489757024 0.0488317056  287424.78    1149895.59 
Factorizing with max_iteration = 8000  fixing covariance?:  False
Tensor dimensions:  [50, 50, 50]
Optimization metrics: 
Using Ada Grad
Mean update scheme:  S
Covariance update :  N
Using diagonal covariance?:  True
Random start? True
k1 samples =  64  k2 samples =  64
eta =  1.0  cov eta =  1.0  sigma eta =  1
iteration |   time   |test_rsme |rel-te-err|train_rsme|rel-tr-err|  d_mean  |   d_cov  | test_nll | train_nll |    VLB   |  E-term  |    KL     
    0         0.76    9995.1647    0.998    9999.8722    0.998      3.1623     1.8524   287823.14  1151292.55 -1151301.0 -1151292.546    8.17    
    5        291.04   9990.6037    0.9976   9995.3134    0.9976     3.1623     1.8524   287823.14  1151292.55 -1151301.0 -1151292.546    8.34    
    10       577.8    9985.6001    0.9971   9990.2247    0.997      3.1623     1.8524   287823.14  1151292.55 -1151301.0 -1151292.546   8.498    
    20       869.28   9973.2737    0.9958   9977.9027    0.9958     3.1623     1.8524   287823.14  1151292.55 -1151301.0 -1151292.546   8.784    
    50      1175.67   9916.9916     0.99    9921.6527     0.99      3.1623     1.8524   287823.14  1151292.55 -1151308.0 -1151292.546   15.009   
   100      1498.96   9748.5346    0.9728   9753.1369    0.9728     3.0822     0.7486   287823.14  1151292.55 -1151315.0 -1151292.546   22.694   
   200      1858.62   9062.1062    0.9025   9066.4794    0.9026     2.8388     0.2643   287823.14  1151292.55 -1151328.0 -1151292.546   35.045   
   300      2220.51    7867.76     0.7801   7871.7899    0.7802     2.548      0.131    287823.14  1151292.55 -1151336.0 -1151292.546   43.72    
   400      2589.68   6235.3026    0.6121   6238.7245    0.6123     2.2275     0.0781   287823.14  1151292.55 -1151343.0 -1151292.546   49.993   
   500      2958.66   4399.2795    0.4215   4401.8376    0.4219     1.8951     0.0511   287823.14  1151292.55 -1151347.0 -1151292.546   54.587   
   600      3327.93   2753.5984    0.2474   2755.1096    0.2478     1.4984     0.0355   287015.88  1148030.75 -1151211.0 -1151152.679   57.879   
   700      3697.09   1639.6629    0.1325    1639.59     0.1325     1.0956     0.0256    280921.2  1123562.66 -1150216.0 -1150155.357   60.21    
   800       4065.9   1084.8762    0.0842   1082.9931    0.0839     0.7951     0.0191   274318.36  1095096.98 -1149033.0 -1148970.752   61.822   
   900      4435.02    860.9909    0.068     857.7018    0.0675     0.5319     0.0146   270402.67  1080457.74 -1148274.0 -1148210.86   63.008   
   1000     4804.18    762.7078    0.0612    758.7459    0.0607     0.3378     0.0116   268623.07  1073462.95 -1147932.0 -1147868.277   63.887   
   1100     5173.44    714.1576    0.0578    709.9202    0.0573     0.2639     0.0094   267607.91  1068061.49 -1147744.0 -1147679.636   64.639   
   1200     5542.24    687.4444    0.0559    682.7695    0.0553     0.2212     0.0081   267286.67  1065336.89 -1147658.0 -1147592.315   65.234   
   1300     5912.86    671.5313    0.0546    666.8938    0.0541     0.1994     0.0069   266532.23  1063082.86 -1147566.0 -1147500.52   65.736   
   1400     6279.67    662.6988    0.054     658.262     0.0534     0.1433     0.006    265942.12  1062117.05 -1147527.0 -1147460.43   66.19    
   1500     6643.11    657.5472    0.0535    653.2801    0.053      0.1131     0.0053   266388.07  1062862.81 -1147502.0 -1147435.184   66.603   
   1600     7006.49    654.9987    0.0534    650.6335    0.0528     0.1051     0.0047   266135.52  1061988.29 -1147412.0 -1147345.207   66.968   
   1700     7369.56    653.5348    0.0532    649.0244    0.0527      0.1       0.0043   266161.19  1062996.37 -1147438.0 -1147370.719   67.292   
   1800     7732.77    652.6044    0.0532    648.1415    0.0526     0.0957     0.0039    266588.9  1063015.69 -1147357.0 -1147289.013   67.566   
   1900     8098.31    652.2732    0.0531    647.5119    0.0526     0.0742     0.0036   266409.06  1061461.7  -1147335.0 -1147267.149   67.844   
   2000     8461.86    652.1781    0.0531    647.1823    0.0526     0.0875     0.0032   265852.75  1063181.93 -1147398.0 -1147330.101   68.054   
   2100     8825.18    652.0104    0.0531    646.9016    0.0525     0.108      0.003    266218.41  1062950.28 -1147393.0 -1147324.748   68.297   
   2200     9188.82    651.6971    0.0531    646.7616    0.0525     0.0897     0.0028   266404.77  1063392.87 -1147363.0 -1147294.601   68.51    
   2300     9552.01    651.3957    0.053     646.7507    0.0525     0.0827     0.0026   266551.42  1063307.74 -1147386.0 -1147317.502   68.747   
   2400      9915.5    651.4163    0.0531    646.6781    0.0525     0.0904     0.0024   266321.47  1063918.73 -1147441.0 -1147371.874   68.948   
   2500     10278.83   651.4964    0.0531    646.5707    0.0525     0.0862     0.0023   266639.58  1064466.09 -1147354.0 -1147285.174   69.132   
   2600     10642.53   651.4416    0.053     646.4419    0.0525     0.073      0.0022   266699.28  1063974.21 -1147375.0 -1147305.335   69.282   
   2700     11005.7    651.4028    0.0531    646.4001    0.0525     0.0803     0.0021   266588.69  1064687.66 -1147314.0 -1147244.458   69.466   
   2800     11369.43   651.2568    0.053     646.3628    0.0525     0.0894     0.0019   266766.34  1065187.88 -1147404.0 -1147334.16   69.638   
   2900     11732.7    651.166     0.053     646.3614    0.0525     0.0966     0.0018   266707.57  1063881.48 -1147362.0 -1147292.542   69.792   
   3000     12096.2    651.0316    0.053     646.3021    0.0525     0.0926     0.0018   267100.84  1065445.27 -1147387.0 -1147317.148   69.97    
   3100     12459.76   651.2249    0.053     646.3442    0.0525     0.0892     0.0017   266857.76  1064973.62 -1147386.0 -1147315.653   70.069   
   3200     12823.43   650.925     0.053     646.3267    0.0525     0.0814     0.0016   267002.22  1065403.63 -1147336.0 -1147266.287   70.171   
   3300     13187.04   650.8451    0.053     646.3298    0.0525     0.0774     0.0015    266755.1  1065100.36 -1147348.0 -1147278.104   70.312   
   3400     13550.34   650.8096    0.053     646.2506    0.0525     0.0745     0.0015   266920.47  1065586.47 -1147338.0 -1147267.416   70.439   
   3500     13912.72   650.902     0.053     646.2013    0.0525     0.084      0.0014   266880.45  1065897.56 -1147406.0 -1147335.297   70.593   
   3600     14275.22   650.9708    0.053     646.1897    0.0525     0.0867     0.0013   267259.34  1065814.93 -1147324.0 -1147253.02   70.706   
   3700     14638.84   651.1044    0.053     646.2166    0.0525     0.0776     0.0013    266640.7  1066216.42 -1147334.0 -1147263.075   70.857   
   3800     15002.46   650.9559    0.053     646.1569    0.0525     0.0954     0.0012   267338.95  1066297.24 -1147387.0 -1147316.37   70.968   
   3900     15366.07   650.8482    0.053     646.1152    0.0525     0.0821     0.0012   266890.16  1066690.3  -1147411.0 -1147340.342   71.088   
   4000     15729.4    650.8517    0.053     646.072     0.0525     0.1078     0.0011   267560.33  1066926.35 -1147352.0 -1147281.072   71.195   
   4100     16092.88   650.7372    0.053     646.0156    0.0525     0.0725     0.0011   267614.07  1065993.05 -1147378.0 -1147306.565   71.28    
   4200     16456.36   650.6501    0.053     645.9886    0.0525     0.0942     0.0011   267284.95  1066448.62 -1147355.0 -1147283.819   71.397   
   4300     16819.89   650.8164    0.053     645.9603    0.0525     0.0825     0.001    267344.47  1067958.01 -1147375.0 -1147303.49   71.531   
   4400     17183.32    651.11     0.053     646.1029    0.0525     0.0762     0.001    267291.66  1067208.84 -1147392.0 -1147320.449   71.621   
   4500     17546.68   651.1851    0.053     646.0652    0.0524     0.083      0.001    267313.86  1066749.82 -1147363.0 -1147290.993   71.711   
   4600     17910.28   650.931     0.053     645.9603    0.0524     0.0924     0.0009   267262.72  1067142.22 -1147398.0 -1147326.032   71.808   
   4700     18273.79   650.9142    0.053     645.8925    0.0524     0.1026     0.0009   267241.77  1067592.02 -1147281.0 -1147208.889   71.896   
   4800     18637.29   650.7737    0.053     645.9126    0.0524     0.0743     0.0009   267474.78  1067769.21 -1147285.0 -1147213.445   72.006   
   4900     19001.12   650.7234    0.053     645.8825    0.0524     0.1079     0.0009   267523.32  1067651.2  -1147368.0 -1147295.577   72.102   
   5000     19364.69   650.7235    0.053     645.8255    0.0524     0.1045     0.0008   267528.23  1067581.93 -1147407.0 -1147334.43   72.183   
   5100     19728.24   650.7704    0.053     645.742     0.0524     0.0768     0.0008   267552.24  1068333.79 -1147329.0 -1147256.753   72.287   
   5200     20091.75   650.6134    0.053     645.6662    0.0524     0.0967     0.0008   267709.51  1067386.76 -1147391.0 -1147318.485   72.388   
   5300     20455.26   650.9262    0.053     645.7357    0.0524     0.0858     0.0008   267771.88  1069388.84 -1147369.0 -1147296.638   72.445   
   5400     20818.7    651.0035    0.053     645.7535    0.0524     0.091      0.0007   267528.73  1067658.26 -1147415.0 -1147342.108   72.496   
   5500     21182.15   650.8802    0.053     645.6632    0.0524     0.0767     0.0007   267894.93  1068488.74 -1147379.0 -1147306.044   72.563   
   5600     21545.69   650.6122    0.053     645.6899    0.0524     0.0787     0.0007   267816.94  1069144.26 -1147340.0 -1147267.295   72.627   
   5700     21909.13   650.5745    0.0529    645.7006    0.0524     0.0723     0.0007   267554.84  1067832.88 -1147420.0 -1147347.457   72.696   
   5800     22272.67   650.6593    0.053     645.5958    0.0524     0.0759     0.0007   267705.43  1068934.81 -1147353.0 -1147279.986   72.769   
   5900     22636.21   650.6559    0.053     645.6721    0.0524     0.1013     0.0007   267628.28  1068820.01 -1147220.0 -1147147.073   72.848   
   6000     22999.78   650.4417    0.0529    645.5752    0.0524     0.0803     0.0006   267904.19  1068401.76 -1147371.0 -1147298.186   72.942   
   6100     23363.37   650.7263    0.053     645.5836    0.0524     0.081      0.0006   267719.83  1068652.61 -1147286.0 -1147213.426   73.029   
   6200     23726.92   650.6901    0.053     645.5736    0.0524     0.1023     0.0006   268084.24  1068570.57 -1147411.0 -1147337.808   73.065   
   6300     24090.47   650.8441    0.053     645.6449    0.0524     0.0812     0.0006   267466.11  1069945.56 -1147372.0 -1147298.506   73.111   
   6400     24453.85   650.9145    0.053     645.5295    0.0524     0.0982     0.0006    267783.2  1069122.71 -1147339.0 -1147265.741   73.183   
   6500     24817.34   650.9378    0.053     645.5402    0.0524     0.0907     0.0006    267891.9  1068794.77 -1147342.0 -1147269.034   73.254   
   6600     25180.9    650.8825    0.053     645.4625    0.0524     0.0887     0.0006   268039.11  1069696.49 -1147351.0 -1147277.543   73.292   
   6700     25544.4    650.8462    0.053     645.4406    0.0524     0.1075     0.0005   267646.79  1069564.88 -1147362.0 -1147289.046   73.356   
   6800     25907.99   650.974     0.053     645.4818    0.0524     0.0801     0.0005   267948.87  1069708.0  -1147310.0 -1147236.097   73.445   
   6900     26271.5    650.7662    0.053     645.4634    0.0524     0.0973     0.0005   268013.59  1069509.59 -1147362.0 -1147288.469   73.517   
   7000     26635.09   650.7456    0.053     645.437     0.0524     0.1086     0.0005   268248.71  1069864.32 -1147345.0 -1147271.43   73.591   
   7100     26998.62   650.6617    0.053     645.3069    0.0524     0.1008     0.0005   267929.51  1070127.15 -1147374.0 -1147300.256   73.65    
   7200     27362.13   650.6033    0.053     645.2989    0.0524     0.0798     0.0005   268258.46  1070587.82 -1147414.0 -1147339.929   73.717   
   7300     27725.74   650.6737    0.053     645.3334    0.0524     0.0973     0.0005   267979.32  1069782.21 -1147369.0 -1147294.886   73.772   
   7400     28089.13   650.7012    0.053     645.2457    0.0524     0.1073     0.0005   267911.84  1070096.21 -1147322.0 -1147248.33   73.842   
   7500     28452.65   650.3698    0.053     645.1928    0.0524     0.0906     0.0005   268261.65  1069790.28 -1147414.0 -1147339.852    73.9    
   7600     28816.24   650.6443    0.053     645.2369    0.0524     0.0721     0.0005   268422.27  1069996.28 -1147413.0 -1147338.743   73.959   
   7700     29179.71   650.5553    0.053     645.2092    0.0524     0.0834     0.0004   267949.18  1070382.23 -1147381.0 -1147307.037   74.016   
   7800     29543.29   650.367     0.053     645.1622    0.0524     0.0803     0.0004   268098.31  1070596.69 -1147322.0 -1147247.912   74.067   
   7900     29906.65   650.2876    0.053     645.1692    0.0524      0.11      0.0004   267808.52  1070643.48 -1147366.0 -1147291.645   74.135   
   8000     30270.01   650.2958    0.053     645.1442    0.0524      0.09      0.0004   268170.63  1071010.54 -1147326.0 -1147251.533   74.194   
[ 8.76845503  5.95785615  6.80614091  6.53997437  7.96591296  7.59937535
  8.60538113  8.58000882  8.10397801  7.30218173  9.83139876 10.31113846
  7.61840159  6.37489427  8.22147341  8.46215275  8.26396823  7.37699453
  7.36653911  8.24437868]
[7.82665413 6.09447426 8.80840677 8.91158786 7.17358022 8.18744875
 8.30111084 7.11455586 8.15952453 7.42438466 8.16612741 7.7946032
 7.7873271  8.13768382 8.22888456 7.59103597 8.95754235 8.98502888
 8.51405979 7.13817034]
[7.68460725 7.95071394 8.55923245 6.7160636  7.14786994 6.70107356
 8.28796501 6.35461383 7.94699391 6.63330298 7.31826893 6.19100188
 7.5047741  8.13769157 7.64288489 6.81566194 6.74320959 6.01565625
 6.56638902 6.05559246]
