Generating synthetic real valued data ... 
Generating synthetic  real valued data took:  9.202744245529175
Evaluation for true params: 
 test_rsme | train_rsme | rel-te-err | rel-tr-err |  test_nll  |  train_nll |
1204.1840809454 1202.4146785192 0.1004525332 0.0999811243  278868.74    1115644.78 
Factorizing with max_iteration = 8000  fixing covariance?:  False
Tensor dimensions:  [50, 50, 50]
Optimization metrics: 
Using Ada Grad
Mean update scheme:  S
Covariance update :  N
Using diagonal covariance?:  True
Random start? True
k1 samples =  64  k2 samples =  64
eta =  1.0  cov eta =  1.0  sigma eta =  1
iteration |   time   |test_rsme |rel-te-err|train_rsme|rel-tr-err|  d_mean  |   d_cov  | test_nll | train_nll |    VLB   |  E-term  |    KL     |   dw   |
    0         2.02    10044.0901   0.998    10055.9479   0.998      3.1623     1.8524   287823.14  1151292.55 -1151301.0 -1151292.546    8.17       0.0    
    5        388.75   10039.5546   0.9975   10051.4112   0.9975     3.1623     1.8524   287823.14  1151292.55 -1151301.0 -1151292.546    8.34       0.0    
    10       780.35   10034.5834   0.997    10046.351    0.997      3.1623     1.8524   287823.14  1151292.55 -1151301.0 -1151292.546   8.498       0.0    
    20       1179.3   10022.3216   0.9957   10034.0974   0.9957     3.1623     1.8524   287823.14  1151292.55 -1151301.0 -1151292.546   8.784       0.0    
    50      1619.23   9966.3442    0.9899   9978.1436    0.9899     3.1623     1.8524   287823.14  1151292.55 -1151308.0 -1151292.546   15.009      0.0    
   100      2102.01   9798.7565    0.9724   9810.4773    0.9725     3.0775     0.7509   287823.14  1151292.55 -1151315.0 -1151292.546   22.671      0.0    
   200      2692.07   9116.6892    0.9013    9128.124    0.9014     2.8287     0.2645   287823.14  1151292.55 -1151327.0 -1151292.546   34.953      0.0    
   300       3283.1   7931.5264    0.7773   7942.4759    0.7777     2.5627     0.1302   287823.14  1151292.55 -1151336.0 -1151292.546   43.427      0.0    
   400      3873.08    6317.097    0.6073   6327.2569    0.6079     2.2511     0.0705   287823.14  1151292.55 -1151342.0 -1151292.546   49.388      0.0    
   500       4463.5   4517.9552    0.4147   4526.6343    0.4155     1.9075     0.0378    287636.1  1150525.2  -1151064.0 -1151010.273   53.318      0.0    
   600      5054.18   2941.5541    0.2454   2947.6563    0.2463     1.563      0.0169   284749.28  1138505.35 -1146788.0 -1146732.296   55.735      0.0    
   700      5642.99   1938.8484    0.1506   1940.8125    0.1504     1.1032     0.0053   278453.25  1113057.38 -1137289.0 -1137231.77   57.114      0.0    
   800      6233.89   1504.9222    0.1189   1502.8058    0.1182     0.7935     0.0023   274103.16  1097399.82 -1132014.0 -1131956.478   57.934      0.0    
   900      6826.72   1352.5208     0.11    1347.7011    0.1092     0.4885     0.0015   272957.52  1090285.74 -1129621.0 -1129562.849   58.425      0.0    
   1000     7421.21    1294.846    0.107    1288.7377    0.106      0.3993     0.0012    272059.9  1088203.24 -1129005.0 -1128945.895   58.731      0.0    
   1100     8012.88   1266.6982    0.1054   1260.5069    0.1044     0.3433     0.0014   271802.62  1086632.53 -1128137.0 -1128078.497   58.908      0.0    
   1200     8604.48   1251.4238    0.1044   1245.0144    0.1034     0.2493     0.0011   271538.98  1085361.26 -1127520.0 -1127460.986   59.009      0.0    
   1300     9198.14   1242.5498    0.1037    1235.814    0.1027     0.2447     0.0018   271451.38  1084765.96 -1127702.0 -1127643.002   59.132      0.0    
   1400     9791.38   1237.8767    0.1034   1231.5299    0.1024     0.1751     0.0012   271721.19  1085099.08 -1126979.0 -1126919.894   59.21       0.0    
   1500     10383.51  1235.6706    0.1032    1228.925    0.1022     0.191      0.0013   271279.01  1084350.61 -1127425.0 -1127366.119   59.239      0.0    
   1600     10975.85  1233.9986    0.1031   1227.4357    0.1021     0.1756     0.0011   271178.97  1084377.93 -1127355.0 -1127296.055   59.322      0.0    
   1700     11567.32  1233.1276    0.1031   1226.6042    0.1021     0.1663     0.0009   271347.75  1084393.54 -1127328.0 -1127268.651   59.385      0.0    
   1800     12159.29  1232.7835    0.103    1226.0744    0.102      0.2145     0.0013   271412.14  1084033.09 -1127545.0 -1127485.392   59.387      0.0    
   1900     12750.78  1232.3894    0.103    1225.6953    0.1019     0.1711     0.0018   271375.65  1083685.89 -1127142.0 -1127082.943   59.485      0.0    
   2000     13342.95  1232.1941    0.1029   1225.5038    0.1019     0.1616     0.0012   271590.86  1084273.62 -1127651.0 -1127591.32   59.466      0.0    
   2100     13935.61  1232.1371    0.1029   1225.4579    0.1019     0.1488     0.0011   271552.52  1084081.8  -1127601.0 -1127541.323   59.488      0.0    
   2200     14527.6   1232.0628    0.1029   1225.3743    0.1019     0.1411     0.0016   271403.14  1084218.16 -1127386.0 -1127326.289   59.483      0.0    
   2300     15119.07  1231.5319    0.1028   1225.2841    0.1018     0.1715     0.0011   271656.15  1084470.55 -1127514.0 -1127454.051   59.478      0.0    
   2400     15710.46   1231.924    0.1028   1225.3503    0.1018     0.2196     0.0012   271082.05  1083362.43 -1127394.0 -1127334.864   59.474      0.0    
   2500     16302.63   1231.743    0.1028   1225.5315    0.1018     0.1565     0.0013   271160.53  1084093.24 -1127047.0 -1126987.636   59.482      0.0    
   2600     16893.65   1231.505    0.1029   1225.3218    0.1019     0.2265     0.0011   271356.33  1084170.46 -1127112.0 -1127052.799   59.521      0.0    
   2700     17486.5   1231.4067    0.1028   1225.3227    0.1019     0.142      0.0011   270896.67  1083871.38 -1127176.0 -1127116.191   59.545      0.0    
   2800     18078.2   1231.7958    0.1028   1225.2685    0.1018     0.1662     0.001    271677.18  1084358.52 -1127592.0 -1127531.986   59.569      0.0    
   2900     18669.6   1232.0543    0.1029   1225.0978    0.1018     0.1517     0.001    271422.68  1084632.79 -1126923.0 -1126863.716   59.571      0.0    
   3000     19261.53  1231.5851    0.1029   1224.9144    0.1019     0.1564     0.0011   271639.99  1084407.76 -1127359.0 -1127299.086   59.554      0.0    
   3100     19852.21  1231.8508    0.103    1224.9536    0.1019     0.145      0.0012   271192.01  1084588.27 -1127244.0 -1127184.147   59.624      0.0    
   3200     20445.93  1231.9366    0.103    1225.1251    0.1019     0.1604     0.0012   271717.62  1084070.28 -1127008.0 -1126948.773   59.629      0.0    
   3300     21038.8   1232.0537    0.103    1224.9906    0.1019     0.1744     0.0014   271788.15  1084662.99 -1127091.0 -1127031.421   59.617      0.0    
   3400     21633.24  1231.9813    0.1029   1224.7493    0.1018     0.1532     0.0011   271371.21  1084096.68 -1127838.0 -1127778.587   59.587      0.0    
   3500     22226.15  1231.9826    0.1029   1224.8262    0.1018     0.186      0.0013   271544.24  1084297.04 -1127269.0 -1127209.14   59.58       0.0    
   3600     22819.67  1232.1361    0.1029   1224.8061    0.1018     0.1439     0.0014   271304.96  1084489.9  -1127716.0 -1127656.747   59.597      0.0    
   3700     23412.72  1232.5836    0.103    1224.7581    0.1018     0.1892     0.0012   271728.59  1084448.22 -1127489.0 -1127428.984   59.638      0.0    
   3800     24003.78  1232.6301    0.103    1224.9109    0.1019     0.1499     0.0013   271646.39  1084382.53 -1127032.0 -1126972.404   59.623      0.0    
   3900     24594.27  1232.5778    0.1029   1225.0178    0.1018     0.152      0.0012   271267.45  1084244.27 -1126863.0 -1126803.271   59.622      0.0    
   4000     25185.64  1232.4168    0.103    1224.8175    0.1019     0.1739     0.0011   271630.71  1083603.89 -1126863.0 -1126803.598   59.684      0.0    
   4100     25779.86   1232.059    0.1029   1224.7506    0.1018     0.1399     0.0013   271180.14  1084067.64 -1127376.0 -1127316.125   59.682      0.0    
   4200     26371.87  1232.2711    0.103    1224.7747    0.1019     0.1658     0.0012   271407.94  1084152.11 -1127470.0 -1127410.173   59.691      0.0    
   4300     26965.64  1232.1412    0.103    1224.8052    0.1019     0.1471     0.0012   271327.74  1085367.4  -1126797.0 -1126737.669   59.656      0.0    
   4400     27561.47  1232.0998    0.103    1224.7551    0.1019     0.1671     0.001    271519.18  1084377.48 -1127183.0 -1127123.632   59.619      0.0    
   4500     28153.23  1231.6943    0.1029   1224.6282    0.1019     0.238      0.0012   271538.78  1084477.68 -1127640.0 -1127580.615   59.65       0.0    
   4600     28746.63  1231.6212    0.1029    1224.638    0.1018     0.1788     0.0015   271243.96  1085345.52 -1127150.0 -1127090.429   59.647      0.0    
   4700     29341.05  1231.9543    0.1028    1224.805    0.1018     0.1414     0.0011   271717.21  1084706.69 -1127064.0 -1127004.482   59.672      0.0    
   4800     29934.67  1231.8152    0.103    1224.7785    0.1019     0.1688     0.0013   271482.19  1084565.9  -1127495.0 -1127434.925   59.676      0.0    
   4900     30528.11  1231.7245    0.103    1224.6577    0.1019     0.2074     0.001    271752.58  1084832.07 -1127486.0 -1127426.23   59.657      0.0    
   5000     31122.84  1232.0441    0.1029   1224.5966    0.1018     0.1565     0.0011   271307.84  1084086.54 -1127157.0 -1127096.899   59.667      0.0    
   5100     31718.99  1232.0976    0.1029   1224.6905    0.1018     0.1533     0.001    271527.28  1084536.73 -1127944.0 -1127884.229   59.721      0.0    
   5200     32314.11  1232.0121    0.1029   1224.4813    0.1018     0.1612     0.0009   271743.38  1084744.19 -1127128.0 -1127067.804   59.749      0.0    
   5300     32911.93  1231.9555    0.1029   1224.4604    0.1018     0.1632     0.001    270970.26  1084689.65 -1127490.0 -1127430.28   59.787      0.0    
   5400     33508.27  1232.0083    0.1029   1224.3863    0.1018     0.1576     0.0009   271426.34  1085582.76 -1127650.0 -1127590.424   59.769      0.0    
   5500     34108.42  1232.3854    0.103    1224.2755    0.1019     0.1743     0.0014   271421.48  1084818.97 -1127267.0 -1127206.829   59.793      0.0    
   5600     34704.2   1232.1888    0.103     1224.395    0.1019     0.149      0.0009   271077.08  1084167.69 -1126898.0 -1126838.438   59.817      0.0    
   5700     35301.56  1232.2991    0.103    1224.3266    0.1019     0.1838     0.0011   271776.66  1084537.71 -1127508.0 -1127448.495   59.867      0.0    
   5800     35901.57   1232.088    0.103    1224.3642    0.1019     0.1422     0.0011   271684.97  1084669.76 -1127222.0 -1127162.375   59.846      0.0    
   5900     36502.73  1232.2918    0.1031   1224.3568    0.1019     0.1236     0.001    271501.43  1085141.86 -1127775.0 -1127715.492   59.862      0.0    
   6000     37101.62   1232.066    0.1029   1224.3556    0.1018     0.1618     0.0009   271555.67  1084592.38 -1127588.0 -1127527.819   59.875      0.0    
   6100     37698.31  1231.9507    0.1029   1224.3804    0.1018     0.1705     0.0009   271398.56  1085053.0  -1127280.0 -1127220.391   59.861      0.0    
   6200     38294.37  1231.6847    0.103    1224.2698    0.1018     0.1593     0.001    271273.65  1084120.71 -1127624.0 -1127564.404   59.877      0.0    
   6300     38889.79  1231.5969    0.1029   1224.3984    0.1018     0.2062     0.0011   271614.49  1085694.66 -1127320.0 -1127260.482   59.908      0.0    
   6400     39493.46  1231.9825    0.1029   1224.5598    0.1018     0.1799     0.001    271576.08  1083924.93 -1127666.0 -1127606.504   59.925      0.0    
   6500     40094.2   1231.7199    0.1029   1224.2792    0.1018     0.1585     0.001    271224.64  1084536.74 -1126466.0 -1126406.179   59.952      0.0    
   6600     40695.35  1232.0233    0.103    1224.0886    0.1018     0.1392     0.001    271878.74  1084104.36 -1127793.0 -1127733.421   59.973      0.0    
   6700     41294.72  1232.0669    0.1029   1224.1274    0.1018     0.2197     0.001     271704.1  1085029.62 -1127090.0 -1127030.118   59.985      0.0    
   6800     41894.3   1232.2541    0.1029   1224.1383    0.1017     0.1625     0.001    271571.74  1085796.02 -1127578.0 -1127518.131   59.975      0.0    
   6900     42494.48  1231.9928    0.103    1224.0958    0.1018     0.1843     0.0009   271115.51  1084906.0  -1127214.0 -1127153.613   60.052      0.0    
   7000     43094.58  1231.7558    0.1029   1224.1041    0.1017     0.1706     0.0011   271592.16  1084808.38 -1127767.0 -1127706.933   60.001      0.0    
   7100     43694.76  1231.6212    0.1029   1223.9685    0.1018     0.1714     0.0008   271772.79  1084532.52 -1127558.0 -1127497.95   59.982      0.0    
   7200     44292.76  1232.2728    0.1029   1224.1557    0.1017     0.1497     0.0011   271615.16  1085102.07 -1127023.0 -1126963.15   59.975      0.0    
   7300     44896.21  1231.7873    0.1029   1224.0701    0.1018     0.171      0.0009   271369.58  1085318.4  -1127283.0 -1127222.699   59.994      0.0    
   7400     45501.28  1231.6765    0.1028   1224.0993    0.1017     0.1403     0.0011   271659.08  1084489.58 -1127311.0 -1127250.844   59.992      0.0    
   7500     46097.69   1231.894    0.1029   1223.9639    0.1018     0.1705     0.0009   271405.11  1085114.62 -1127403.0 -1127343.456   60.003      0.0    
   7600     46693.03  1232.1966    0.1029   1223.8878    0.1018     0.1341     0.0011   271801.63  1084761.67 -1127219.0 -1127159.304   60.042      0.0    
   7700     47288.34   1232.008    0.1029    1223.877    0.1017     0.1834     0.001    271536.18  1085021.63 -1127268.0 -1127207.873   59.972      0.0    
   7800     47882.17  1232.0212    0.1029   1223.9402    0.1017     0.1637     0.0009   271384.49  1084604.64 -1127172.0 -1127112.144   59.978      0.0    
   7900     48477.32  1231.7188    0.1029   1223.9382    0.1017     0.1789     0.001    271411.16  1085051.5  -1127250.0 -1127189.707   60.007      0.0    
   8000     49073.44   1231.689    0.1029   1223.8734    0.1017     0.1439     0.0009   271221.23  1084704.09 -1128154.0 -1128094.262   60.021      0.0    
[ 8.87508456  5.96133529  7.04115718  6.56679667  8.02249553  7.65618422
  8.73452986  8.62441754  8.16357023  7.31895116  9.90071887 10.40560676
  7.68998876  6.39945273  8.28599805  8.52019493  8.36301509  7.39988976
  7.4140929   8.28020422]
[7.76371234 6.09453607 8.76951685 8.84522921 7.18338468 8.1961767
 8.18542997 7.13777624 8.23124545 7.40694992 7.93431309 7.75173071
 7.74774334 8.08929736 8.15743841 7.52399491 8.97227117 8.92090712
 8.51086126 7.11807483]
[7.66627363 8.00637078 8.66948037 6.73333443 7.13379233 6.69622202
 8.42215318 6.37206423 8.02861216 6.6591295  7.3512617  6.18291055
 7.52509717 8.1236327  7.78437914 6.79262043 6.75590717 5.98676671
 6.57652095 6.2716399 ]
