Generating synthetic binary valued data ... 
Generating synthetic  binary valued data took:  14.700260639190674
Evaluation for true params: 
 test_rsme | train_rsme | rel-te-err | rel-tr-err |  test_nll  |  train_nll |
0.5752216964 0.5837122579   0.08272      0.08518      22932.17     91132.68  
Using  0.05 of training data
Factorizing with max_iteration = 8000  fixing covariance?:  True
Tensor dimensions:  [50, 50, 50]
Optimization metrics: 
Using Ada Grad
Mean update scheme:  S
Covariance update :  N
Using diagonal covariance?:  True
k1 samples =  64  k2 samples =  64
eta =  1  cov eta =  0.01  sigma eta =  0.01
iteration |   time   |test_rsme |rel-te-err|train_rsme|rel-tr-err|  d_mean  |   d_cov  | test_nll | train_nll  |   dw   |
    50       229.47     1.1097     0.3079     1.1204     0.3138     3.1623       0       36125.26   7335.42     0.0002  
   100       530.99     1.0448     0.2729     1.0423     0.2716     3.1621       0       14219.3    2783.22      0.0    
   200      1057.52     0.8637     0.1865     0.8429     0.1776     3.1236       0       11390.69   2117.17      0.0    
   500      2473.19     0.8619     0.1857     0.8323     0.1732     1.9664       0        9939.3     1768.7      0.0    
   1000     4768.42     0.8137     0.1655     0.6573     0.108      1.3741       0       9071.79    1324.96      0.0    
   1500     6977.49     0.7888     0.1556     0.4613     0.0532     0.6908       0       8793.65     885.21      0.0    
   2000     9158.67     0.7833     0.1534     0.3124     0.0244     0.7525       0       9195.37     620.18      0.0    
   2500     11340.23    0.7833     0.1534     0.228      0.013      0.4236       0       9633.52     478.35      0.0    
