Generating synthetic count valued data ... 
Generating synthetic  count valued data took:  19.140169858932495
max_count =  49  min count =  0
Evaluation for true params: 
 test_rsme | train_rsme | rel-te-err | rel-tr-err |  test_nll  |  train_nll |
2.9746545037 2.9574624556 1.9297919746  1.91721489   167707.12    670217.66  
Using  0.05 of training data
Factorizing with max_iteration = 8000  fixing covariance?:  True
Tensor dimensions:  [50, 50, 50]
Optimization metrics: 
Using Ada Grad
Mean update scheme:  S
Covariance update :  N
Using diagonal covariance?:  True
k1 samples =  64  k2 samples =  64
eta =  1  cov eta =  0.001  sigma eta =  1
iteration |   time   |test_rsme |rel-te-err|train_rsme|rel-tr-err|  d_mean  |   d_cov  | test_nll | train_nll  
    50       36.81     10.6266     6.8599    10.7175     6.9016     0.3162       0      203840.65   40759.76  
   100       134.42    10.6138     6.8556    10.7049     6.8973     0.3013       0      202828.45   40541.31  
   200       267.51    10.5194     6.8124    10.6096     6.8528     0.2885       0      196219.98   39178.93  
   500       545.45     9.1479     5.8673     9.2341     5.8945     0.2038       0      133530.36   26706.95  
   1000      967.59     6.6585     4.1176     6.7333     4.1212     0.0769       0       76343.4    15296.0   
   1500     1388.23     5.4514     3.4218     5.4834     3.4153     0.0481       0       62495.91   12421.73  
   2000     1808.42     4.8489     3.1073     4.8442     3.0838     0.0348       0       58033.77   11450.41  
   2500     2226.51     4.5297     2.9434     4.4859     2.9006     0.027        0       56076.01   11034.53  
   3000     2643.12     4.3356     2.8473     4.2708     2.793      0.0219       0       55022.59   10819.87  
   3500     3059.55     4.2131     2.7821     4.1237     2.7111     0.0183       0       54473.93   10689.53  
   4000     3476.07     4.1387     2.7435     4.0409     2.6708     0.018        0       54116.24   10603.88  
   4500     3892.44     4.0824     2.7128     3.9761     2.6351     0.0186       0       53904.68   10553.64  
   5000     4308.85     4.0426     2.6911     3.9198     2.6078     0.0239       0       53750.79   10501.88  
   5500     4725.12     4.0148     2.6743     3.8768     2.5814     0.0119       0       53621.17   10477.28  
   6000     5142.21     3.9923     2.6622     3.8594     2.572      0.017        0       53542.13   10461.01  
   6500      5558.8     3.9782     2.6544     3.8331     2.5567     0.0159       0       53509.89   10447.93  
   7000      5976.2     3.9651     2.6454     3.8272     2.5578     0.0182       0       53460.67   10432.33  
   7500     6393.21     3.9534     2.6402     3.8193     2.5512     0.0184       0       53381.28   10410.92  
   8000     6810.05     3.9457     2.6338     3.8058     2.5468     0.0165       0       53339.23   10417.57  
[0.28518002 0.22559703 0.1741919  0.18104376 0.16335596 0.23640238
 0.18844043 0.23379116 0.15853831 0.16789768 0.19253963 0.16467612
 0.17187327 0.19722348 0.1859035  0.26719816 0.17686698 0.2560409
 0.2442628  0.19198942]
[0.85363939 0.85420237 0.8631503  0.8760159  0.86044178 0.8641122
 0.87550546 0.8667164  0.87268733 0.8738165  0.86314705 0.86641907
 0.86986028 0.88323322 0.87230856 0.85785812 0.86694969 0.8812895
 0.86375547 0.86507782]
[0.79551236 0.78568544 0.78615631 0.78041196 0.78330946 0.8039324
 0.79614389 0.78328157 0.79190517 0.80056307 0.81245435 0.80551547
 0.79208678 0.81828937 0.78633106 0.77868684 0.79633587 0.81413224
 0.78794753 0.79592165]
