Generating synthetic count valued data ... 
Generating synthetic  count valued data took:  20.800621509552002
max_count =  49  min count =  0
Evaluation for true params: 
 test_rsme | train_rsme | rel-te-err | rel-tr-err |  test_nll  |  train_nll |
2.9746545037 2.9574624556 1.9297919746  1.91721489    91479.81    367436.95  
Using  0.05 of training data
Factorizing with max_iteration = 8000  fixing covariance?:  True
Tensor dimensions:  [50, 50, 50]
Optimization metrics: 
Using Ada Grad
Mean update scheme:  S
Covariance update :  N
Using diagonal covariance?:  True
k1 samples =  64  k2 samples =  64
eta =  1  cov eta =  0.001  sigma eta =  1
iteration |   time   |test_rsme |rel-te-err|train_rsme|rel-tr-err|  d_mean  |   d_cov  | test_nll | train_nll  |   dw   |
    50        37.4     10.5588      6.84     10.6508     6.8815     0.3162       0      161723.24   32337.02    0.0004  
   100       181.02    10.5467     6.8355    10.6375     6.8773     0.3002       0      161362.23   32311.49    0.0002  
   200       361.62    10.4553     6.7945    10.5471     6.836      0.2882       0      158047.31   31673.34    0.0001  
   500       689.16     9.0861     5.8707     9.174      5.8998     0.2071       0       117149.9   23463.0      0.0    
   1000     1161.05     6.5351     4.0835     6.6031     4.0865     0.0755       0       70481.32   14134.07     0.0    
   1500     1634.65     5.3856      3.43      5.4179     3.4294     0.047        0       59681.8    11862.22     0.0    
   2000     2106.54     4.8494     3.156      4.8517     3.136      0.0339       0       56255.12   11147.03     0.0    
   2500     2578.81     4.5623     3.011      4.5195     2.9683     0.0265       0       54821.34   10819.56     0.0    
   3000     3045.13     4.3925     2.9258     4.3292     2.869      0.0216       0       54028.42   10647.78     0.0    
   3500     3511.05     4.2889     2.8719     4.196      2.7947     0.0183       0       53610.35   10546.23     0.0    
   4000     3978.51     4.2218     2.8336     4.1249     2.7555     0.0159       0       53337.86   10487.05     0.0    
   4500     4442.18     4.1751     2.8081     4.0631     2.7233     0.0154       0       53102.29   10436.85     0.0    
   5000      4905.5     4.142      2.7883     4.0121     2.6985     0.0164       0       53002.07   10393.98     0.0    
   5500     5369.08     4.1134     2.7733     3.9895     2.6835     0.0162       0       52889.78   10365.39     0.0    
   6000     5833.31     4.096      2.761      3.9562     2.6602     0.0158       0       52811.68   10352.12     0.0    
   6500     6297.23     4.0806     2.7516     3.941      2.655      0.0135       0       52756.54   10337.42     0.0    
   7000     6759.79     4.0619     2.7413     3.9251     2.648      0.0154       0       52695.46   10332.72     0.0    
   7500     7222.37     4.0451     2.7309     3.9168     2.6458     0.0187       0       52647.32   10324.04     0.0    
   8000     7685.76     4.0455     2.7312     3.9054     2.6385     0.0158       0       52623.28   10305.15     0.0    
[0.28557398 0.28743458 0.21358127 0.22839653 0.25704016 0.24997801
 0.21421597 0.22137235 0.24324783 0.31407962 0.23923688 0.21744719
 0.23240676 0.24514932 0.23439165 0.23688898 0.2794998  0.29044601
 0.26946292 0.22060256]
[0.85995491 0.86804882 0.86016612 0.85821586 0.85485101 0.86173965
 0.85656063 0.86704539 0.85675718 0.83541454 0.85726218 0.85422486
 0.87660618 0.85947006 0.85594475 0.87181113 0.85112459 0.84627755
 0.86792764 0.87065631]
[0.7789123  0.79592178 0.7975492  0.79109358 0.78581659 0.79040823
 0.78929716 0.79268958 0.78375426 0.77994768 0.80789895 0.7838585
 0.81613204 0.79636458 0.79443349 0.79665255 0.79229351 0.77732712
 0.80822787 0.80298444]
