Generating synthetic count valued data ... 
Generating synthetic  count valued data took:  25.750452041625977
max_count =  49  min count =  0
Evaluation for true params: 
 test_rsme | train_rsme | rel-te-err | rel-tr-err |  test_nll  |  train_nll |
2.9746545037 2.9574624556 1.9297919746  1.91721489    91479.81    367436.95  
Using  0.05 of training data
Factorizing with max_iteration = 8000  fixing covariance?:  True
Tensor dimensions:  [50, 50, 50]
Optimization metrics: 
Using Ada Grad
Mean update scheme:  S
Covariance update :  N
Using diagonal covariance?:  True
k1 samples =  64  k2 samples =  64
eta =  1  cov eta =  0.01  sigma eta =  0.01
iteration |   time   |test_rsme |rel-te-err|train_rsme|rel-tr-err|  d_mean  |   d_cov  | test_nll | train_nll  |   dw   |
    50      1118.86    10.5137     6.8264    10.6049     6.8672     0.3162       0      145463.35   29180.93     0.0    
   100      2287.77    10.5018     6.8221     10.593     6.864      0.3004       0      144923.52   29058.69     0.0    
   200       4501.4     10.42      6.7906    10.5106     6.8305     0.2845       0      142335.55   28579.64     0.0    
   500      10860.59    9.2313     6.0289     9.3161     6.0575     0.1946       0      113321.49   22678.55     0.0    
   1000     21351.59    6.7183     4.1592     6.7852     4.1571     0.0794       0       70973.79   14229.17     0.0    
   1500     31892.65    5.4536     3.3971      5.49      3.3947     0.0465       0       58987.81   11742.3      0.0    
   2000     43105.66    4.8273     3.0694     4.8186     3.0426     0.0332       0       54856.15   10871.02     0.0    
   2500     54315.22    4.4884     2.8948     4.4488     2.8554     0.0266       0       53046.93   10485.25     0.0    
   3000     65524.92    4.2848     2.7935     4.2244     2.7398     0.0271       0       52132.04   10282.76     0.0    
