Generating synthetic real valued data ... 
Generating synthetic  real valued data took:  8.496494770050049
Evaluation for true params: 
 test_rsme | train_rsme | rel-te-err | rel-tr-err |  test_nll  |  train_nll |
    0.0          0.0          0.0          0.0       287494.79    1149836.49 
Using  0.05 of training data
Factorizing with max_iteration = 16000  fixing covariance?:  False
Tensor dimensions:  [50, 50, 50]
Optimization metrics: 
Using Ada Grad
Mean update scheme:  S
Covariance update :  N
Using diagonal covariance?:  False
Random start? True
k1 samples =  64  k2 samples =  128
eta =  1.0  cov eta =  1.0  sigma eta =  1
iteration |   time   |test_rsme |rel-te-err|train_rsme|rel-tr-err|   d_mean  |   d_cov  |avg_grad_m|avg_grad_c| test_nll | train_nll |    VLB   |  E-term  |    KL     |   dw   |
    0         1.32    9980.4386    0.9978   9977.7663    0.9978     3.1623     0.3517   92606.6051  44.4119   287823.14   57564.63   -57582.0  -57564.627   17.139     0.0175  
    5        80.09    9975.6153    0.9974   9972.9164    0.9974     3.1623     0.3664   604281.3911  322.5879  287823.14   57564.63   -57583.0  -57564.627   18.239     0.0001  
    10       164.41    9970.36     0.9968   9967.6157    0.9968     3.1623     0.3706   1163269.6528  688.0367  287823.14   57564.63   -57584.0  -57564.627   19.306      0.0    
    20       262.28   9957.4125    0.9955    9954.657    0.9955     3.1623     0.3804   2527820.3272 1781.6297  287823.14   57564.63   -57586.0  -57564.627   21.095      0.0    
    50       393.39   9898.7704    0.9896   9896.1436    0.9896     3.1623     0.3857   8584025.718 8841.3046  287823.14   57564.63   -57609.0  -57564.627   44.105      0.0    
   100       570.98   9725.2655    0.972    9722.7118    0.972      3.0675     0.0264   18916022.8315 39965.1685 287823.14   57564.63   -57619.0  -57564.627   53.98       0.0    
   200       790.03   9025.5532    0.901    9023.2262    0.901      2.8059     0.0184   46747822.8829 261144.0237 287823.14   57564.63   -57631.0  -57564.627   66.057      0.0    
   300       994.48   7813.4772    0.7779   7811.4791    0.7779     2.5299     0.0087   75053317.2167 845132.9225 287823.14   57564.63   -57638.0  -57564.627   73.076      0.0    
   400      1195.49   6160.5412    0.6097   6158.9698    0.6097     2.2386     0.0043   91945576.5392 1905484.4956 287823.14   57564.63   -57642.0  -57564.627   77.611      0.0    
   500      1395.67   4299.5935    0.4197    4298.534    0.4197     1.9006     0.0023   89028082.603 3389335.4251 287823.14   57564.63   -57645.0  -57564.627   80.713      0.0    
   600      1585.64   2612.4557    0.2459   2611.8854    0.2458     1.5049     0.0011   67798509.2372 5004825.8666 287823.14   57564.63   -57647.0  -57564.627   82.724      0.0    
   700      1773.51   1440.4544    0.1234   1440.0163    0.1234     1.0951      0.0     40894018.6248 6331995.0364 285180.82   57008.99   -57620.0  -57535.596   83.96       0.0    
   800      1961.73    817.8483    0.0634    816.8426    0.0635     0.7564      0.0     20747741.1482 7156899.3727  275236.7   55073.51   -57511.0  -57426.048   84.687      0.0    
   900      2150.74    538.2916    0.0411    536.3404    0.0411     0.5251      0.0     10179315.8057 7575909.2259 267044.92   53429.49   -57386.0  -57300.82    85.122      0.0    
   1000      2356.3    409.3034    0.0317    406.5859    0.0317     0.3777      0.0     5640891.0198 7767742.0784 260159.81   52249.21   -57343.0  -57258.037    85.4       0.0    
   1100     2560.81    340.1906    0.0268    336.9853    0.0266     0.2825      0.0     3625304.0987 7853249.474 255351.02   51106.78   -57270.0  -57184.359   85.59       0.0    
   1200      2751.4    299.1875    0.0237    295.6785    0.0236     0.2172      0.0     2549666.9163 7891748.1038 252375.59   50312.45   -57221.0  -57135.545   85.728      0.0    
   1300     2943.07    274.2425    0.0219    270.5112    0.0217     0.1699      0.0     1864650.4713 7909967.8262 248493.55   49630.48   -57198.0  -57111.878   85.831      0.0    
   1400     3132.02    259.1768    0.0207    255.2585    0.0206     0.1335      0.0     1378481.0571 7919210.8555 245935.61   49329.26   -57146.0  -57060.499   85.909      0.0    
   1500     3334.92    250.1511     0.02     246.0879    0.0198     0.1065      0.0     1031595.5066 7924111.3003  244544.8   48872.8    -57134.0  -57048.377   85.97       0.0    
   1600     3534.35    244.7843    0.0196    240.5869    0.0194     0.0852      0.0     775228.0006 7927155.6316 243753.19   48728.55   -57100.0  -57014.31    86.017      0.0    
   1700     3725.95    241.6159    0.0194    237.2959    0.0192     0.0673      0.0     589829.0709 7929144.9249 243154.83   48466.09   -57118.0  -57031.67    86.053      0.0    
   1800     3915.65    239.7295    0.0192    235.3104    0.019      0.0547      0.0     450172.5516 7930552.1813 242607.49   48554.58   -57122.0  -57036.11    86.081      0.0    
   1900     4106.82    238.6207    0.0191    234.1077    0.0189     0.044       0.0     352646.3883 7931408.537 242544.38   48436.7    -57101.0  -57014.752   86.104      0.0    
   2000     4308.36    237.9642    0.0191    233.3728    0.0189     0.0354      0.0     273048.65  7932113.8444 242436.13   48427.54   -57113.0  -57026.613   86.121      0.0    
   2100     4508.61    237.563     0.0191    232.9171    0.0188     0.0288      0.0     217030.7957 7932591.4978 242502.91   48423.54   -57104.0  -57017.987   86.135      0.0    
   2200     4702.92    237.331     0.019     232.6329    0.0188     0.0232      0.0     174406.5384 7932848.2676 242257.66   48432.84   -57099.0  -57013.243   86.145      0.0    
   2300     4892.31    237.1909    0.019     232.4512    0.0188     0.0191      0.0     141321.5666 7933174.3565  242919.0   48500.95   -57089.0  -57002.86    86.154      0.0    
   2400     5081.14    237.099     0.019     232.3338    0.0188     0.0151      0.0     116821.6623 7933294.0743 242575.29   48302.99   -57143.0  -57056.504   86.161      0.0    
   2500     5288.63    237.0356    0.019     232.2568    0.0188     0.0126      0.0     98485.0346 7933466.3614 242875.57   48630.56   -57129.0  -57042.473   86.166      0.0    
   2600     5491.29    237.0055    0.019     232.2043    0.0188     0.0098      0.0     88166.4219 7933604.729 242757.25   48580.19   -57092.0  -57005.473   86.17       0.0    
   2700     5682.57    236.9833    0.019     232.1675    0.0188     0.0077      0.0     75364.296  7933757.518 242629.49   48198.32   -57094.0  -57007.612   86.173      0.0    
   2800     5872.39    236.9733    0.019     232.1399    0.0188     0.0067      0.0     69665.267  7933864.12 242665.08   48414.42   -57118.0  -57031.33    86.175      0.0    
   2900     6062.37    236.9703    0.019     232.1186    0.0188     0.0048      0.0     63285.7936 7933842.1566 242750.69   48417.11   -57130.0  -57043.588   86.177      0.0    
   3000      6257.4    236.9573    0.019     232.1014    0.0188     0.0039      0.0     60566.2376 7933894.3789 242502.29   48536.39   -57111.0  -57024.817   86.179      0.0    
   3100     6444.83    236.9563    0.019     232.0861    0.0188     0.0039      0.0     60497.5711 7933827.171 242375.19   48435.51   -57126.0  -57039.466   86.18       0.0    
   3200     6632.29    236.9596    0.019     232.0727    0.0188     0.0027      0.0     56925.7731 7933976.1978 242775.03   48564.82   -57122.0  -57035.958   86.182      0.0    
   3300     6822.41    236.9565    0.019     232.0607    0.0188     0.0022      0.0     55200.4869 7933805.411 242646.26   48500.59   -57113.0  -57026.837   86.182      0.0    
   3400      7013.9    236.9565    0.019     232.0493    0.0188     0.002       0.0     55563.1022 7933881.2113 242582.92   48476.75   -57103.0  -57016.665   86.183      0.0    
   3500      7202.9    236.9475    0.019     232.0383    0.0188     0.0022      0.0     55417.7072 7933995.8583 242404.87   48452.5    -57098.0  -57012.178   86.183      0.0    
   3600     7390.03    236.9452    0.019     232.0275    0.0188     0.0017      0.0     55340.4487 7933990.3055 242219.79   48424.3    -57101.0  -57014.846   86.184      0.0    
   3700     7577.64     236.94     0.019     232.0169    0.0188     0.0022      0.0     55845.5535 7933966.137 242697.38   48356.97   -57111.0   -57025.0    86.183      0.0    
   3800     7772.25    236.9393    0.019     232.0065    0.0188     0.0021      0.0     54012.9503 7934134.0649 242665.67   48453.52   -57125.0  -57039.286   86.184      0.0    
   3900     7960.99    236.9367    0.019     231.996     0.0188     0.0016      0.0     53623.787  7933949.8126 242523.62   48513.22   -57123.0  -57036.384   86.184      0.0    
   4000     8150.43    236.9283    0.019     231.9857    0.0188     0.0021      0.0     53862.1139 7933807.6722 242626.46   48511.62   -57108.0  -57021.345   86.184      0.0    
   4100     8351.58    236.9201    0.019     231.9754    0.0188     0.0018      0.0     53360.3397 7933887.382 242442.61   48440.72   -57117.0  -57031.221   86.184      0.0    
   4200     8543.28    236.9161    0.019     231.9651    0.0188     0.0017      0.0     53425.9246 7934004.3646 242714.31   48548.51   -57121.0  -57035.272   86.184      0.0    
   4300     8732.68    236.9206    0.019     231.9549    0.0188     0.0016      0.0     53438.3479 7934015.159 242551.37   48297.22   -57109.0  -57023.109   86.184      0.0    
   4400     8931.26    236.9176    0.019     231.9446    0.0188     0.0017      0.0     54090.8381 7934084.4544 242880.53   48571.23   -57093.0  -57006.897   86.184      0.0    
   4500     9127.37    236.9154    0.019     231.9344    0.0188     0.0018      0.0     53520.5596 7933956.0093 242769.37   48599.06   -57096.0  -57010.104   86.184      0.0    
   4600     9315.67    236.9182    0.019     231.924     0.0188     0.002       0.0     54179.0936 7933940.8515 242503.72   48426.34   -57102.0   -57016.2    86.185      0.0    
   4700     9502.52    236.9069    0.019     231.9139    0.0188     0.0017      0.0     54053.9263 7933874.66 242609.38   48582.41   -57109.0  -57023.315   86.185      0.0    
   4800     9702.94    236.8998    0.019     231.9036    0.0188     0.0023      0.0     55193.008  7933980.8294 242243.21   48464.62   -57113.0  -57026.727   86.184      0.0    
   4900     9894.73    236.8919    0.019     231.8933    0.0188     0.0018      0.0     53378.183  7934088.0729 242773.34   48495.37   -57095.0  -57008.735   86.184      0.0    
   5000     10084.15   236.8824    0.019     231.883     0.0188     0.0019      0.0     55038.5003 7933931.0624 242925.32   48353.39   -57118.0  -57031.439   86.184      0.0    
   5100     10282.12   236.8757    0.019     231.8727    0.0188     0.002       0.0     54683.9725 7933989.2182 242434.15   48413.7    -57124.0  -57037.631   86.184      0.0    
   5200     10476.44   236.871     0.019     231.8624    0.0188     0.002       0.0     54264.1108 7933878.3387 242706.06   48412.7    -57113.0  -57027.101   86.185      0.0    
   5300     10667.06   236.8744    0.019     231.8521    0.0188     0.0018      0.0     53934.4159 7934129.9243 242494.97   48391.36   -57098.0  -57012.204   86.185      0.0    
   5400     10864.08   236.8724    0.019     231.8418    0.0188     0.0017      0.0     54381.4954 7933948.8414  242709.2   48516.02   -57107.0  -57021.021   86.185      0.0    
   5500     11052.49   236.8703    0.019     231.8316    0.0188     0.0019      0.0     53671.1516 7933989.3875 242271.25   48537.82   -57123.0  -57036.365   86.185      0.0    
   5600     11249.58   236.8643    0.019     231.8211    0.0188     0.002       0.0     53697.8642 7934083.0786 242438.07   48519.05   -57076.0  -56989.835   86.185      0.0    
   5700     11438.81   236.8586    0.019     231.811     0.0188     0.0019      0.0     53929.7338 7934126.3405 242644.72   48558.95   -57101.0  -57014.412   86.185      0.0    
   5800     11637.59   236.855     0.019     231.8007    0.0188     0.0019      0.0     55162.1144 7933949.301 242787.64   48479.45   -57115.0  -57028.864   86.186      0.0    
   5900     11827.2    236.8494    0.019     231.7903    0.0188     0.0019      0.0     52729.5252 7934079.5959 242113.32   48396.41   -57118.0  -57031.837   86.185      0.0    
   6000     12023.88   236.8339    0.019      231.78     0.0188     0.0024      0.0     55042.2704 7934116.7339 242521.14   48540.48   -57098.0  -57012.302   86.185      0.0    
   6100     12212.0    236.8285    0.019     231.7696    0.0188     0.0018      0.0     54787.8596 7933960.7985 242425.21   48470.24   -57115.0  -57028.844   86.185      0.0    
   6200     12408.94   236.8168    0.019     231.7593    0.0188     0.0023      0.0     55539.7266 7933914.7866 242645.25   48473.06   -57109.0  -57022.427   86.185      0.0    
   6300     12597.52   236.8106    0.019     231.7489    0.0188     0.002       0.0     53148.1537 7934030.9881 242419.03   48525.32   -57091.0  -57004.538   86.186      0.0    
   6400     12786.79   236.8106    0.019     231.7386    0.0188     0.0019      0.0     53835.141  7934045.8751 242554.38   48348.44   -57101.0  -57014.866   86.186      0.0    
   6500     12978.12   236.8045    0.019     231.7282    0.0188     0.0019      0.0     55401.3471 7934051.8864 242359.63   48441.72   -57107.0  -57020.648   86.186      0.0    
   6600     13165.15   236.8067    0.019     231.7178    0.0188     0.0018      0.0     55223.1123 7934038.3796 242696.18   48446.74   -57111.0  -57024.511   86.186      0.0    
   6700     13355.35   236.8088    0.019     231.7074    0.0188     0.0021      0.0     56745.9333 7934064.9669 242623.54   48561.21   -57110.0  -57023.96    86.185      0.0    
   6800     13542.56   236.8087    0.019     231.697     0.0188     0.0022      0.0     53472.607  7934090.8986 242831.31   48401.85   -57090.0  -57003.508   86.185      0.0    
   6900     13731.27   236.8031    0.019     231.6866    0.0188     0.0018      0.0     53912.4455 7934071.8906  242482.7   48551.08   -57110.0  -57024.019   86.185      0.0    
   7000     13920.3    236.8103    0.019     231.6762    0.0188     0.0018      0.0     54272.1739 7934062.8595 242239.27   48641.3    -57119.0  -57033.257   86.185      0.0    
   7100     14107.31   236.8063    0.019     231.6657    0.0188     0.002       0.0     53690.3678 7933964.1254 242601.42   48516.55   -57098.0  -57011.864   86.186      0.0    
   7200     14294.32   236.797     0.019     231.6553    0.0188     0.0019      0.0     53674.4763 7934077.6172 242732.52   48651.92   -57096.0  -57009.772   86.186      0.0    
   7300     14481.49   236.787     0.019     231.6449    0.0188     0.0017      0.0     54978.9656 7934140.0145  242216.5   48395.94   -57109.0  -57022.856   86.185      0.0    
   7400     14667.61   236.7856    0.019     231.6344    0.0188     0.002       0.0     54497.406  7933999.174 242772.13   48374.29   -57124.0  -57038.01    86.185      0.0    
   7500     14854.82   236.7812    0.019     231.624     0.0188     0.0017      0.0      54046.16  7934097.3448 242231.75   48481.99   -57105.0  -57018.708   86.185      0.0    
   7600     15041.65   236.7817    0.019     231.6136    0.0188     0.002       0.0     53988.9698 7934056.6581 242553.21   48499.51   -57113.0  -57026.487   86.185      0.0    
   7700     15228.34   236.7753    0.019     231.6031    0.0188     0.0018      0.0     54967.8912 7934100.4685 242677.69   48522.42   -57097.0  -57011.005   86.185      0.0    
   7800     15415.3    236.7727    0.019     231.5928    0.0188     0.002       0.0     54036.9947 7934054.5565 242275.51   48493.79   -57109.0  -57023.144   86.185      0.0    
   7900     15600.16   236.7764    0.019     231.5823    0.0188     0.0018      0.0     53613.6551 7933955.3287 242635.87   48533.81   -57107.0  -57021.224   86.185      0.0    
   8000     15785.36   236.7787    0.019     231.5718    0.0188     0.0019      0.0     55677.5134 7934063.3745 242717.03   48489.07   -57091.0  -57004.406   86.185      0.0    
   8100     15971.63   236.7762    0.019     231.5612    0.0188     0.0018      0.0     52727.6005 7933954.2586 242238.43   48482.0    -57108.0  -57021.927   86.185      0.0    
   8200     16159.02   236.7698    0.019     231.5506    0.0188     0.0018      0.0     53518.0254 7933999.4164 242441.17   48312.35   -57113.0  -57026.965   86.185      0.0    
   8300     16346.42   236.7562    0.019     231.5401    0.0188     0.0019      0.0     55714.1295 7934050.39 242417.04   48446.87   -57104.0  -57017.693   86.185      0.0    
   8400     16533.09   236.7484    0.019     231.5295    0.0188     0.0019      0.0     54958.9723 7934004.6113 242478.98   48446.03   -57123.0  -57036.441   86.184      0.0    
   8500     16719.33   236.7521    0.019     231.519     0.0188     0.0021      0.0     54726.3135 7934176.9151 242854.67   48536.8    -57092.0  -57005.421   86.185      0.0    
   8600     16906.48   236.751     0.019     231.5084    0.0188     0.0017      0.0     53668.3923 7933977.9515 242682.75   48391.64   -57128.0  -57041.553   86.185      0.0    
   8700     17091.74   236.7454    0.019     231.4979    0.0188     0.0019      0.0     54908.7335 7933913.9735 242520.87   48503.84   -57098.0  -57011.383   86.185      0.0    
   8800     17278.81   236.7447    0.019     231.4874    0.0188     0.0021      0.0     55659.6383 7933976.603 242746.48   48378.84   -57102.0  -57015.331   86.185      0.0    
   8900     17464.37   236.742     0.019     231.4767    0.0188     0.0019      0.0     54031.6853 7933999.1117 242479.56   48277.85   -57116.0  -57029.382   86.185      0.0    
   9000     17650.41   236.7342    0.019     231.466     0.0188     0.0022      0.0     52941.3962 7934108.6078 242506.32   48304.03   -57074.0  -56987.876   86.185      0.0    
   9100     17835.77   236.7293    0.019     231.4555    0.0188     0.0019      0.0     55588.779  7933899.7951 242452.99   48293.14   -57094.0  -57007.873   86.185      0.0    
   9200     18023.1    236.7218    0.019     231.445     0.0188     0.0019      0.0     53391.0109 7933957.2882  242496.5   48554.07   -57128.0  -57041.507   86.185      0.0    
   9300     18210.05   236.7216    0.019     231.4343    0.0187     0.0022      0.0     53505.4204 7934102.144 242672.43   48392.5    -57092.0  -57005.364   86.185      0.0    
   9400     18397.17   236.7052    0.019     231.4235    0.0187     0.0018      0.0     55123.8293 7933927.5283 242536.69   48389.88   -57111.0  -57025.134   86.185      0.0    
   9500     18584.01   236.6993    0.019     231.413     0.0187     0.0019      0.0     54375.4916 7933979.5582 242235.48   48500.16   -57105.0  -57019.197   86.185      0.0    
   9600     18770.69   236.6966    0.019     231.4023    0.0187     0.0021      0.0     56581.1592 7934027.2095 242180.98   48464.05   -57112.0  -57025.317   86.185      0.0    
   9700     18958.03   236.7031    0.019     231.3915    0.0187     0.0018      0.0     55058.0562 7934176.7481 243129.47   48525.71   -57125.0  -57038.909   86.185      0.0    
   9800     19145.11   236.6986    0.019     231.3808    0.0187     0.002       0.0     55429.7951 7934089.761 242663.27   48512.19   -57119.0  -57032.889   86.185      0.0    
   9900     19332.53   236.7001    0.019     231.3702    0.0187     0.0018      0.0     53721.7666 7934108.9857 242588.07   48541.61   -57108.0  -57021.47    86.185      0.0    
  10000     19519.45   236.6961    0.019     231.3596    0.0187     0.0019      0.0     54610.9778 7934031.7897 242452.21   48563.7    -57103.0  -57016.804   86.185      0.0    
  10100     19707.65    236.7      0.019     231.3489    0.0187     0.0016      0.0     55851.2902 7933887.2572 242643.02   48345.71   -57107.0  -57020.465   86.185      0.0    
  10200     19892.62   236.6918    0.019     231.3382    0.0187     0.002       0.0     54726.2723 7934031.2261 242673.47   48424.71   -57112.0  -57025.468   86.185      0.0    
  10300     20077.49   236.6886    0.019     231.3274    0.0187     0.0021      0.0     55811.9554 7933995.4369 242596.84   48482.1    -57120.0  -57034.058   86.185      0.0    
  10400     20262.93   236.6796    0.019     231.3167    0.0187     0.0024      0.0     56466.6896 7934086.6804 242681.12   48533.72   -57124.0  -57037.626   86.185      0.0    
  10500     20448.57   236.6759    0.019     231.3059    0.0187     0.0017      0.0     53604.4234 7934111.0521 242584.79   48405.69   -57102.0  -57016.104   86.186      0.0    
  10600     20634.24   236.6765    0.019     231.2952    0.0187     0.0019      0.0     55009.9366 7933991.2352 242528.48   48413.43   -57133.0  -57046.54    86.186      0.0    
  10700     20821.36   236.6744    0.019     231.2843    0.0187     0.0019      0.0      55119.87  7934048.4952 242302.65   48532.59   -57079.0  -56992.325   86.186      0.0    
  10800     21008.45   236.659     0.019     231.2735    0.0187     0.0019      0.0     55230.4718 7934099.6785 242296.84   48405.12   -57120.0  -57034.005   86.185      0.0    
  10900     21194.89   236.6536    0.019     231.2626    0.0187     0.0019      0.0     56434.7961 7933926.9204 242475.86   48465.61   -57110.0  -57024.205   86.186      0.0    
  11000     21380.41   236.6478    0.019     231.2517    0.0187     0.0024      0.0     54574.3259 7933936.1538 242484.25   48450.21   -57092.0  -57006.234   86.186      0.0    
  11100     21567.65   236.648     0.019     231.2409    0.0187     0.0018      0.0     53666.4255 7934063.0225 242864.23   48410.18   -57113.0  -57026.548   86.185      0.0    
  11200     21753.58   236.6481    0.019     231.2301    0.0187     0.0019      0.0     56285.5467 7934016.1737 242513.04   48494.27   -57082.0  -56995.41    86.185      0.0    
  11300     21938.79   236.6377    0.019     231.2191    0.0187     0.0021      0.0     54669.9557 7934008.6873 242599.86   48427.28   -57106.0  -57019.987   86.185      0.0    
  11400     22124.91   236.6346    0.019     231.2082    0.0187     0.0019      0.0     54554.2272 7934009.0834 242568.45   48598.02   -57084.0  -56998.006   86.186      0.0    
  11500     22310.7    236.6352    0.019     231.1973    0.0187     0.002       0.0     53413.7552 7934066.8667 242363.72   48279.86   -57104.0  -57018.279   86.185      0.0    
  11600     22497.43   236.6221    0.019     231.1864    0.0187     0.002       0.0     55556.0344 7933942.9979 242642.17   48458.01   -57093.0  -57006.586   86.185      0.0    
  11700     22682.92   236.6315    0.019     231.1754    0.0187     0.0019      0.0     55063.633  7934001.8254 242644.23   48494.16   -57107.0  -57020.888   86.185      0.0    
  11800     22869.47   236.6237    0.019     231.1645    0.0187     0.0018      0.0     54120.1978 7934099.7002 242228.68   48366.55   -57119.0  -57033.208   86.185      0.0    
  11900     23054.72   236.6173    0.019     231.1535    0.0187     0.0017      0.0     55077.4024 7934022.3254 241977.07   48446.2    -57104.0  -57018.189   86.184      0.0    
  12000     23241.06   236.6158    0.019     231.1426    0.0187     0.002       0.0     56220.7094 7933969.0735 242690.08   48308.37   -57102.0  -57016.153   86.185      0.0    
  12100     23428.78   236.5979    0.019     231.1315    0.0187     0.0024      0.0     53598.826  7934090.7654 242753.18   48421.07   -57121.0  -57035.171   86.185      0.0    
  12200     23613.88   236.5964    0.019     231.1205    0.0187     0.0018      0.0     56043.7822 7933989.6287 242484.17   48527.69   -57101.0  -57015.167   86.184      0.0    
  12300     23800.58   236.5966    0.019     231.1095    0.0187     0.0018      0.0     55812.9249 7934096.7919 242526.94   48299.62   -57119.0  -57032.441   86.184      0.0    
  12400     23985.25   236.5934    0.019     231.0985    0.0187     0.002       0.0     55674.5249 7934062.1681 242171.27   48522.08   -57103.0  -57016.543   86.184      0.0    
  12500     24169.75   236.588     0.019     231.0875    0.0187     0.0018      0.0     55441.9601 7933953.5733 242323.81   48434.9    -57099.0  -57013.002   86.184      0.0    
  12600     24355.2    236.5835    0.019     231.0764    0.0187     0.0019      0.0     57208.3398 7933955.1195 242383.78   48523.73   -57145.0  -57058.662   86.184      0.0    
  12700     24541.55   236.5882    0.019     231.0652    0.0187     0.002       0.0     55604.1702 7934078.8401 242488.92   48350.47   -57115.0  -57028.943   86.185      0.0    
  12800     24726.89   236.5834    0.019     231.054     0.0187     0.0019      0.0     56285.1709 7934014.7528 242512.42   48547.21   -57103.0  -57017.081   86.184      0.0    
  12900     24913.69   236.5753    0.019     231.043     0.0187     0.0018      0.0     54704.1549 7933979.8847  242839.5   48329.37   -57116.0  -57029.971   86.185      0.0    
  13000     25100.85   236.5695    0.019     231.0319    0.0187     0.0022      0.0     56946.9013 7933978.1484 242197.25   48419.45   -57123.0  -57036.392   86.184      0.0    
  13100     25289.29   236.573     0.019     231.0207    0.0187     0.002       0.0     55310.1351 7933999.8211 242514.56   48377.56   -57120.0  -57034.274   86.185      0.0    
  13200     25477.62   236.5612    0.019     231.0094    0.0187     0.0022      0.0     56403.5793 7934090.8186 242517.09   48497.52   -57110.0  -57024.062   86.184      0.0    
  13300     25663.76   236.5605    0.019     230.9982    0.0187     0.0019      0.0     55123.4347 7934036.5528 242526.21   48500.85   -57111.0  -57025.012   86.185      0.0    
  13400     25848.54   236.5567    0.019     230.9869    0.0187     0.0018      0.0     55478.7738 7933982.9573 242284.97   48473.76   -57105.0  -57019.197   86.185      0.0    
  13500     26033.67   236.5614    0.019     230.9758    0.0187     0.0019      0.0     55871.5234 7934014.4526 242126.45   48557.21   -57098.0  -57012.163   86.185      0.0    
  13600     26220.87   236.5545    0.019     230.9646    0.0187     0.0022      0.0     55859.8484 7934023.6197 242510.05   48308.87   -57130.0  -57044.099   86.185      0.0    
  13700     26407.79   236.5519    0.019     230.9533    0.0187     0.0019      0.0     55902.8991 7934097.5478 242602.12   48536.67   -57092.0  -57006.092   86.186      0.0    
  13800     26594.68   236.5449    0.019     230.942     0.0187     0.0017      0.0     55878.1066 7933974.5827 242315.46   48436.41   -57090.0  -57003.941   86.185      0.0    
  13900     26781.84   236.5381    0.019     230.9307    0.0187     0.0018      0.0     57261.6652 7934043.5955 242498.43   48248.94   -57098.0  -57012.258   86.185      0.0    
  14000     26966.97   236.5371    0.019     230.9194    0.0187     0.0021      0.0     55311.4657 7934045.6672 242558.82   48352.14   -57102.0  -57015.365   86.185      0.0    
  14100     27152.2    236.5277    0.019     230.908     0.0187     0.0018      0.0     56405.7127 7933975.8102 242529.35   48509.96   -57112.0  -57026.037   86.185      0.0    
  14200     27337.26   236.5237    0.019     230.8966    0.0187     0.0021      0.0     56441.0085 7933926.7293 242600.93   48461.07   -57115.0  -57028.385   86.186      0.0    
  14300     27524.13   236.5226    0.019     230.8852    0.0187     0.0019      0.0     55929.7614 7934014.9144 242352.33   48365.75   -57084.0  -56997.761   86.186      0.0    
  14400     27710.86   236.4966    0.019     230.8739    0.0187     0.0019      0.0     56222.4284 7934022.2889 243165.49   48444.21   -57119.0  -57033.13    86.186      0.0    
  14500     27897.33   236.4999    0.019     230.8625    0.0187     0.0027      0.0     56651.2543 7934189.8  242749.87   48371.13   -57120.0  -57033.597   86.185      0.0    
  14600     28084.33   236.4984    0.019     230.8511    0.0187     0.0018      0.0     56923.0866 7933985.7911 242589.52   48456.9    -57123.0  -57037.15    86.186      0.0    
  14700     28271.27   236.5009    0.019     230.8396    0.0187     0.0021      0.0     56451.4331 7934063.0248 242481.49   48557.14   -57107.0  -57021.105   86.185      0.0    
  14800     28458.32   236.5081    0.019     230.8282    0.0187     0.0018      0.0     57304.298  7934006.4594 242425.67   48379.47   -57126.0  -57039.827   86.185      0.0    
  14900     28646.63   236.5049    0.019     230.8167    0.0187     0.0021      0.0     57077.5519 7934015.5451 242274.64   48405.9    -57133.0  -57047.047   86.185      0.0    
  15000     28834.86   236.4985    0.019     230.8052    0.0187     0.0024      0.0     57090.2865 7934012.7443 242458.54   48418.36   -57141.0  -57054.608   86.185      0.0    
  15100     29021.97   236.4952    0.019     230.7936    0.0187     0.0019      0.0     57194.8967 7933977.0945 242534.85   48171.68   -57091.0  -57005.048   86.186      0.0    
  15200     29209.07   236.4906    0.019     230.7822    0.0187     0.0023      0.0     56475.1345 7934115.7054 242277.73   48375.55   -57118.0  -57032.013   86.186      0.0    
  15300     29396.63   236.4803    0.019     230.7705    0.0187     0.002       0.0     55673.6586 7933926.1507 242372.11   48427.61   -57110.0  -57024.014   86.186      0.0    
  15400     29583.1    236.4831    0.019     230.7588    0.0187     0.0018      0.0     57492.435  7934038.1154 242612.61   48616.41   -57126.0  -57040.155   86.186      0.0    
  15500     29769.53   236.4722    0.019     230.7471    0.0187     0.002       0.0     56824.635  7934092.0494 242734.35   48492.06   -57111.0  -57024.334   86.185      0.0    
  15600     29956.61   236.4664    0.019     230.7356    0.0187     0.0017      0.0     56168.5753 7934082.4966 242188.01   48316.73   -57118.0  -57031.97    86.185      0.0    
  15700     30144.06   236.4575    0.019     230.7239    0.0187     0.0019      0.0     56351.2332 7934066.1156 242575.12   48566.35   -57120.0  -57034.292   86.185      0.0    
  15800     30330.31   236.4593    0.019     230.7123    0.0187     0.0021      0.0     55622.5233 7934004.7532 242482.78   48405.45   -57117.0  -57030.728   86.185      0.0    
  15900     30518.91   236.4596    0.019     230.7007    0.0187     0.0022      0.0     55853.7592 7934043.9167 242794.35   48415.35   -57086.0  -56999.81    86.185      0.0    
  16000     30706.1    236.4488    0.019     230.689     0.0187     0.0023      0.0     55835.7318 7934058.4625  242532.2   48409.79   -57091.0  -57004.813   86.185      0.0    
[7.32641313 7.67380794 8.18172654 8.42870267 7.71271658 8.03884697
 7.82177223 8.75162248 7.98462532 7.67585062 7.55136134 8.21073082
 8.25485644 7.81382149 8.03322011 8.04215281 8.30075155 8.25733525
 7.70988728 7.94229033]
[7.76066894 8.12686628 8.1669471  7.56598462 8.22832006 7.66051336
 7.57177879 7.92771102 7.88077733 8.23339726 7.92138589 8.34535796
 7.46497233 7.80853177 7.45108552 8.63193085 7.8816315  8.01282356
 8.45704277 7.47981224]
[6.88658266 7.59393267 7.13487683 7.36857372 7.39202613 6.65470765
 6.87920832 6.97437213 7.55047814 6.99880906 7.67063584 7.19122625
 6.27199232 6.82663094 6.95670113 7.77206406 7.34667518 7.41096751
 7.0671443  7.12203951]
