Generating synthetic real valued data ... 
Generating synthetic  real valued data took:  8.688427686691284
Evaluation for true params: 
 test_rsme | train_rsme | rel-te-err | rel-tr-err |  test_nll  |  train_nll |
    0.0          0.0          0.0          0.0       287494.79    1149836.49 
Using  0.05 of training data
Factorizing with max_iteration = 16000  fixing covariance?:  False
Tensor dimensions:  [50, 50, 50]
Optimization metrics: 
Using Ada Grad
Mean update scheme:  S
Covariance update :  N
Using diagonal covariance?:  False
Random start? True
k1 samples =  64  k2 samples =  128
eta =  1.0  cov eta =  1.0  sigma eta =  1
iteration |   time   |test_rsme |rel-te-err|train_rsme|rel-tr-err|   d_mean  |   d_cov  |avg_grad_m|avg_grad_c| test_nll | train_nll |    VLB   |  E-term  |    KL     
    0         1.16    9980.4386    0.9978   9977.7663    0.9978     3.1623     0.352    92604.9056  44.4218   287823.14   57564.63   -57582.0  -57564.627   17.139   
    5        59.46    9975.6153    0.9974   9972.9164    0.9974     3.1623     0.3665   604290.996  322.7262  287823.14   57564.63   -57583.0  -57564.627   18.239   
    10       123.47    9970.36     0.9968   9967.6157    0.9968     3.1623     0.3708   1163133.945  688.0115  287823.14   57564.63   -57584.0  -57564.627   19.306   
    20       199.57   9957.4125    0.9955    9954.657    0.9955     3.1623     0.3805   2528452.0858  1782.35   287823.14   57564.63   -57586.0  -57564.627   21.095   
    50       312.3    9898.7704    0.9896   9896.1436    0.9896     3.1623     0.3853   8584609.3361 8841.2612  287823.14   57564.63   -57609.0  -57564.627   44.069   
   100       469.93    9725.267    0.972    9722.7135    0.972      3.0675     0.0273   18915741.8506 39963.1406 287823.14   57564.63   -57619.0  -57564.627   53.966   
   200       668.81   9025.5553    0.901    9023.2288    0.901      2.806      0.0184   46748345.5201 261150.4094 287823.14   57564.63   -57631.0  -57564.627   66.054   
   300       847.16   7813.4845    0.7779   7811.4861    0.7779     2.5298     0.0087   75053531.5678 845137.8641 287823.14   57564.63   -57638.0  -57564.627   73.079   
   400       1030.7   6160.5513    0.6097   6158.9802    0.6097     2.2387     0.0044   91946486.9105 1905529.2171 287823.14   57564.63   -57642.0  -57564.627   77.607   
   500       1211.5   4299.6064    0.4197   4298.5478    0.4197     1.9007     0.0023   89028144.3807 3389274.5938 287823.14   57564.63   -57645.0  -57564.627   80.709   
   600      1391.11   2612.4621    0.2459   2611.8949    0.2458     1.505      0.0011   67799210.0914 5004784.0423 287823.14   57564.63   -57647.0  -57564.627   82.724   
   700      1564.06   1440.4478    0.1234   1440.0066    0.1234     1.0951      0.0     40894505.1909 6332020.9716 285463.12   57117.83   -57622.0  -57538.433   83.96    
   800      1735.46    817.7957    0.0634    816.7814    0.0635     0.7565      0.0     20752091.886 7156922.8998 276524.18   55262.26   -57492.0  -57407.208   84.687   
   900       1906.5    538.2366    0.0411    536.2756    0.0411     0.5253      0.0     10180776.3331 7575870.1467 268843.37   53681.5    -57378.0  -57292.743   85.122   
   1000     2077.88    409.2566    0.0317    406.5354    0.0317     0.3785      0.0     5642166.0662 7767786.4595 262796.79   52619.02   -57327.0  -57241.548    85.4    
   1100     2260.32    340.188     0.0268    336.9859    0.0266     0.2821      0.0     3620733.7544 7853191.9567 258180.01   51740.41   -57265.0  -57179.283   85.591   
   1200     2441.06    299.1944    0.0237    295.6828    0.0236     0.2163      0.0     2543744.8879 7891833.4788 255009.73   50967.83   -57215.0  -57128.975   85.728   
   1300     2623.23    274.2654    0.0219    270.5301    0.0217     0.1686      0.0     1862400.0591 7909910.23 251592.36   50325.4    -57186.0  -57100.275   85.831   
   1400      2793.8    259.1868    0.0207    255.2722    0.0206     0.1335      0.0     1379774.4969 7919199.8945 250002.45   49959.41   -57168.0  -57082.026   85.909   
   1500     2965.63    250.1646     0.02     246.0969    0.0198     0.1066      0.0     1033952.4228 7924223.829 248148.83   49836.79   -57132.0  -57045.631   85.969   
   1600     3135.89    244.8084    0.0196    240.5983    0.0194     0.0849      0.0     777674.4514 7927293.9528 247787.96   49730.16   -57109.0  -57022.536   86.016   
   1700     3319.39    241.6446    0.0194    237.3031    0.0192     0.0686      0.0     587749.1532 7929199.9193 246937.31   49485.46   -57129.0  -57042.52    86.052   
   1800     3496.65    239.7469    0.0192    235.3136    0.019      0.0546      0.0     453840.4247 7930454.0857 246741.21   49299.06   -57105.0  -57019.395   86.081   
   1900     3671.26    238.6348    0.0191    234.1091    0.0189     0.0438      0.0     349416.6999 7931378.1835 246701.44   49200.45   -57118.0  -57031.416   86.103   
   2000     3841.55    237.9654    0.0191    233.3683    0.0189     0.0359      0.0     276839.113 7932073.821 246584.69   49134.54   -57093.0  -57006.569   86.121   
   2100     4013.69    237.5711    0.0191    232.9136    0.0188     0.0284      0.0     215944.4021 7932462.5055 246442.72   49161.05   -57097.0  -57010.672   86.134   
   2200     4184.19    237.3278    0.019     232.629     0.0188     0.0235      0.0     173723.9899 7932954.2375 246363.38   49284.7    -57107.0  -57020.837   86.145   
   2300      4367.3    237.1905    0.019     232.4485    0.0188     0.0186      0.0     142445.6124 7933096.9842 246481.06   49265.26   -57098.0  -57012.069   86.153   
   2400     4548.42    237.0973    0.019     232.3328    0.0188     0.0152      0.0     116214.1025 7933370.267  246591.1   49194.79   -57114.0  -57027.621   86.16    
   2500     4720.24    237.0403    0.019     232.2557    0.0188     0.0124      0.0     101605.697 7933569.5411  246285.3   49233.11   -57084.0  -56997.746   86.165   
   2600     4891.49    237.0183    0.019     232.2037    0.0188     0.0097      0.0     86003.633  7933544.9239 246161.33   49266.81   -57093.0  -57007.206   86.17    
   2700     5060.62    236.9903    0.019     232.1667    0.0188     0.0086      0.0     75677.2657 7933848.2214 246387.88   49174.91   -57126.0  -57040.203   86.173   
   2800     5240.28    236.9793    0.019     232.1403    0.0188     0.0067      0.0     69933.4879 7933865.7688 246694.03   49214.91   -57113.0  -57027.201   86.175   
   2900     5414.39    236.9645    0.019     232.1186    0.0188     0.0056      0.0     67562.2433 7933747.0769 246401.04   49274.53   -57120.0  -57033.702   86.177   
   3000     5589.33    236.9579    0.019     232.1008    0.0188     0.0054      0.0     62157.0072 7934032.3097 246017.86   49114.24   -57113.0  -57026.684   86.179   
   3100     5758.39    236.9524    0.019     232.0859    0.0188     0.0037      0.0     60484.9877 7933883.156 246407.97   49239.29   -57112.0  -57025.977   86.18    
   3200     5928.38    236.9459    0.019     232.0727    0.0188     0.0034      0.0     57785.1026 7933912.8129 246450.47   49129.58   -57094.0  -57007.82    86.182   
   3300     6101.64    236.9427    0.019     232.0609    0.0188     0.0019      0.0     55489.1531 7934051.1717 246770.95   49296.03   -57085.0  -56998.493   86.182   
   3400      6274.4    236.9515    0.019     232.0495    0.0188     0.0027      0.0     55805.7693 7934096.0623 246501.75   49247.01   -57109.0  -57022.435   86.183   
   3500     6442.18    236.9497    0.019     232.0384    0.0188     0.0017      0.0     55924.2768 7934018.7586 246325.32   49220.42   -57121.0  -57034.787   86.184   
   3600     6610.16    236.9401    0.019     232.0277    0.0188     0.0017      0.0     54743.6837 7933902.2416 246350.05   49264.66   -57113.0  -57027.264   86.184   
   3700     6778.82    236.9311    0.019     232.0171    0.0188     0.0023      0.0     55360.1424 7934105.9138 246650.05   49474.78   -57099.0  -57012.674   86.184   
   3800     6953.96    236.9229    0.019     232.0067    0.0188     0.002       0.0     53907.8554 7933827.8373  246985.5   49274.48   -57112.0  -57025.873   86.185   
   3900     7128.46    236.9233    0.019     231.9962    0.0188     0.0019      0.0     53947.5521 7934004.0971 246350.75   49225.01   -57121.0  -57035.186   86.185   
   4000     7296.27    236.9216    0.019     231.986     0.0188     0.002       0.0     53781.713  7934128.5048 246324.31   49386.7    -57105.0  -57018.865   86.185   
   4100     7466.88    236.921     0.019     231.9756    0.0188     0.0017      0.0     54928.2761 7933880.8966 246481.94   49284.28   -57123.0  -57036.796   86.185   
   4200     7642.18    236.9182    0.019     231.9655    0.0188     0.0019      0.0     53601.9381 7933963.1029 246123.28   49180.42   -57118.0  -57031.61    86.185   
   4300     7821.19    236.9101    0.019     231.9551    0.0188     0.0019      0.0     53301.6031 7934060.4874 245987.61   49282.35   -57139.0  -57052.716   86.185   
   4400      7991.2    236.9124    0.019     231.9449    0.0188     0.0017      0.0     52363.133  7934051.8657 246515.89   49377.44   -57128.0  -57042.184   86.186   
   4500     8162.06     236.91     0.019     231.9346    0.0188     0.002       0.0     53515.6702 7933954.5663 246583.28   49175.25   -57106.0  -57019.414   86.186   
   4600     8343.26    236.9015    0.019     231.9243    0.0188     0.0021      0.0     53871.156  7933982.7576 246590.88   49195.29   -57115.0  -57028.705   86.186   
   4700     8518.16    236.9042    0.019     231.9141    0.0188     0.0018      0.0     54325.3283 7934022.556 246042.86   49300.82   -57097.0  -57011.146   86.185   
   4800     8686.79    236.889     0.019     231.9039    0.0188     0.0022      0.0     54178.5021 7933931.3598 246534.59   49237.51   -57110.0  -57023.72    86.185   
   4900     8856.93    236.8851    0.019     231.8936    0.0188     0.002       0.0     54772.4669 7933919.1727 246795.49   49377.02   -57123.0  -57036.466   86.185   
   5000      9035.6    236.8758    0.019     231.8833    0.0188     0.0021      0.0      54588.86  7934014.4582 246664.11   49148.14   -57086.0  -57000.107   86.185   
   5100     9209.87    236.8768    0.019     231.8729    0.0188     0.0018      0.0     52918.1412 7934011.4493 246125.76   49108.01   -57104.0  -57017.668   86.184   
   5200     9378.63    236.8779    0.019     231.8627    0.0188     0.0022      0.0     54450.2461 7933907.8586 246493.38   49344.86   -57118.0  -57032.184   86.184   
   5300      9550.4    236.8706    0.019     231.8523    0.0188     0.0018      0.0     53077.4365 7934044.6966  246444.0   49266.27   -57115.0  -57028.685   86.185   
   5400     9727.72    236.8638    0.019     231.8421    0.0188     0.0022      0.0     55364.1841 7933927.9183 246185.78   49379.46   -57118.0  -57031.692   86.185   
   5500     9899.77    236.867     0.019     231.8317    0.0188     0.0021      0.0     54003.1674 7933859.3308  246411.2   49311.92   -57102.0  -57015.959   86.185   
   5600     10069.0    236.8718    0.019     231.8214    0.0188     0.0018      0.0     54603.4092 7933904.1854 246300.69   49272.64   -57122.0  -57035.97    86.185   
   5700     10246.79   236.8703    0.019     231.8111    0.0188     0.002       0.0     55524.7464 7933944.9309 246286.73   49426.65   -57099.0  -57013.164   86.185   
   5800     10425.66   236.8548    0.019     231.8007    0.0188     0.0019      0.0     54875.6346 7934018.7026 246248.61   49286.88   -57099.0  -57012.855   86.185   
   5900     10595.63   236.8484    0.019     231.7905    0.0188     0.0019      0.0     54190.454  7933992.5451 246806.51   49333.86   -57104.0  -57017.519   86.185   
   6000     10772.14   236.8407    0.019     231.7801    0.0188     0.0021      0.0     54986.5352 7933854.8106  246095.4   49255.56   -57136.0  -57049.321   86.185   
   6100     10946.08   236.8372    0.019     231.7697    0.0188     0.002       0.0     53562.2459 7933945.0433 246360.84   49252.02   -57088.0  -57001.723   86.185   
   6200     11115.73   236.8365    0.019     231.7595    0.0188     0.0021      0.0     54047.819  7933930.7251 246724.97   49378.13   -57089.0  -57002.818   86.186   
   6300     11295.0    236.8294    0.019     231.749     0.0188     0.0019      0.0     53941.5905 7933917.6689 246686.86   49296.27   -57125.0  -57038.568   86.186   
   6400     11464.32   236.8223    0.019     231.7386    0.0188     0.0017      0.0     53297.3849 7933931.5682 246376.99   49200.84   -57094.0  -57007.854   86.186   
   6500     11643.69   236.8211    0.019     231.7283    0.0188     0.0017      0.0     53050.5131 7934037.9228 246275.55   49155.61   -57105.0  -57018.85    86.186   
   6600     11814.65   236.8183    0.019     231.718     0.0188     0.0019      0.0     54061.2076 7934127.3805 246581.81   49284.05   -57108.0  -57021.53    86.185   
   6700     11986.59   236.8162    0.019     231.7076    0.0188     0.0018      0.0     54492.9455 7934060.8435 246412.34   49383.15   -57094.0  -57008.084   86.185   
   6800     12158.57   236.8163    0.019     231.6972    0.0188     0.0019      0.0     53734.2044 7934018.6951 246092.29   49429.19   -57129.0  -57043.059   86.185   
   6900     12334.67   236.816     0.019     231.6867    0.0188     0.002       0.0     54998.1069 7934135.6682 246650.85   49333.19   -57133.0  -57046.325   86.186   
   7000     12506.76   236.8062    0.019     231.6764    0.0188     0.0018      0.0     54301.0348 7934040.3957 246353.63   49363.99   -57104.0  -57018.093   86.185   
   7100     12679.07   236.8021    0.019     231.666     0.0188     0.0018      0.0     54309.919  7934005.4511  246185.9   49136.29   -57116.0  -57029.757   86.186   
   7200     12848.15   236.8056    0.019     231.6555    0.0188     0.0022      0.0     55197.5244 7933977.0958 246579.09   49162.15   -57115.0  -57028.944   86.186   
   7300     13026.92   236.798     0.019     231.6451    0.0188     0.0017      0.0     54569.4466 7933937.7475 246781.48   49171.3    -57092.0  -57006.192   86.186   
   7400     13194.84   236.7854    0.019     231.6346    0.0188     0.0019      0.0      54114.88  7933837.8328  246276.0   49274.25   -57124.0  -57037.799   86.186   
   7500     13365.78   236.791     0.019     231.6241    0.0188     0.0019      0.0     53467.7805 7934001.6981 246074.35   49162.91   -57116.0  -57029.568   86.185   
   7600     13536.65   236.7809    0.019     231.6137    0.0188     0.0018      0.0     54198.9376 7934024.0944 246558.44   49155.25   -57096.0  -57009.798   86.185   
   7700     13706.3    236.7721    0.019     231.6033    0.0188     0.002       0.0     54706.9675 7933970.0015 246256.59   49340.2    -57106.0  -57019.32    86.185   
   7800     13875.71   236.7701    0.019     231.5928    0.0188     0.0023      0.0     53922.7665 7933960.0081 246529.73   49369.46   -57106.0  -57020.233   86.186   
   7900     14043.95   236.7631    0.019     231.5824    0.0188     0.0021      0.0     55538.2931 7934010.9869  246491.1   49217.05   -57114.0  -57027.867   86.186   
   8000     14213.04   236.7617    0.019     231.572     0.0188     0.0018      0.0     55345.8736 7934147.5296 247067.62   49281.7    -57111.0  -57024.932   86.186   
   8100     14381.77   236.7574    0.019     231.5615    0.0188     0.0018      0.0     56413.1407 7934068.5498 246658.01   49133.03   -57139.0  -57052.787   86.186   
   8200     14549.4    236.7557    0.019     231.551     0.0188     0.0022      0.0     55921.6277 7933972.0234 246477.04   49172.67   -57102.0  -57015.678   86.186   
   8300     14716.72   236.7554    0.019     231.5404    0.0188     0.0019      0.0     54370.2965 7934079.416 246309.46   49271.15   -57110.0  -57023.617   86.186   
   8400     14884.07   236.7517    0.019     231.5298    0.0188     0.0019      0.0     56621.8234 7934055.9145  246441.5   49027.2    -57097.0  -57010.672   86.186   
   8500     15051.57   236.7524    0.019     231.5193    0.0188     0.0017      0.0      54329.08  7934044.8098 246471.26   49371.7    -57109.0  -57022.793   86.186   
   8600     15218.82   236.7554    0.019     231.5087    0.0188     0.0018      0.0     53724.4705 7933962.1461 246507.91   49127.54   -57121.0  -57034.636   86.186   
   8700     15386.37   236.7417    0.019     231.4982    0.0188     0.0026      0.0     56107.6253 7934065.8895 246174.57   49316.77   -57109.0  -57022.71    86.186   
   8800     15554.41   236.7369    0.019     231.4875    0.0188     0.0021      0.0     55845.8023 7934052.3559 246594.22   49170.26   -57124.0  -57037.985   86.185   
   8900     15721.94   236.7412    0.019     231.4769    0.0188     0.0017      0.0     54336.0164 7934011.0949  246805.8   49062.48   -57114.0  -57028.313   86.185   
   9000     15889.43   236.7321    0.019     231.4664    0.0188     0.0018      0.0     53863.8991 7934089.3567 246696.71   49434.12   -57107.0  -57020.843   86.185   
   9100     16057.32   236.7254    0.019     231.4558    0.0188     0.0017      0.0     54256.3247 7934120.3973 246467.84   49420.76   -57099.0  -57012.716   86.185   
   9200     16224.76   236.7255    0.019     231.4452    0.0188     0.002       0.0     55119.2851 7934189.0543  246555.4   49268.56   -57094.0  -57007.337   86.185   
   9300     16392.06   236.7306    0.019     231.4346    0.0187     0.0018      0.0     54370.095  7934025.0104 246323.65   49090.65   -57122.0  -57036.076   86.186   
   9400     16559.12   236.7185    0.019     231.4239    0.0187     0.0018      0.0     54315.3981 7934021.2261 246646.85   49350.37   -57117.0  -57030.759   86.186   
   9500     16726.21   236.7233    0.019     231.4133    0.0187     0.0019      0.0     53794.0461 7934000.6315 246182.69   49256.74   -57114.0  -57027.892   86.186   
   9600     16893.28    236.72     0.019     231.4025    0.0187     0.0021      0.0     54570.3576 7934080.8806 246783.34   49157.53   -57116.0  -57029.895   86.186   
   9700     17060.94   236.7091    0.019     231.3918    0.0187     0.0017      0.0     55402.9962 7934000.1781 246388.54   49326.01   -57094.0  -57008.204   86.186   
   9800     17228.43   236.7071    0.019     231.3812    0.0187     0.0019      0.0     54215.693  7934017.8102 246724.81   49305.43   -57115.0  -57028.484   86.185   
   9900     17395.72   236.6939    0.019     231.3706    0.0187     0.0025      0.0     55089.6362 7934012.7249 246207.29   49083.5    -57103.0  -57016.553   86.185   
  10000     17563.3    236.6898    0.019     231.3599    0.0187     0.0017      0.0     54514.7574 7934008.1308 246272.54   49366.22   -57096.0  -57009.821   86.186   
  10100     17730.28   236.6867    0.019     231.3492    0.0187     0.0017      0.0     54768.8628 7934005.2923 246242.54   49152.7    -57109.0  -57022.678   86.185   
  10200     17897.96   236.6915    0.019     231.3384    0.0187     0.0019      0.0     54047.0254 7933931.7243  246202.4   49207.35   -57104.0  -57017.89    86.185   
  10300     18065.07   236.693     0.019     231.3278    0.0187     0.0023      0.0     55649.7298 7933992.9636 246602.24   49296.16   -57100.0  -57014.105   86.185   
  10400     18232.23   236.6777    0.019     231.3169    0.0187     0.0018      0.0     54902.4713 7933968.067 246250.61   49131.22   -57098.0  -57011.409   86.186   
  10500     18399.54   236.6816    0.019     231.3061    0.0187     0.0017      0.0     56258.7916 7934069.9716 246544.91   49192.59   -57109.0  -57022.492   86.186   
  10600     18566.85   236.6771    0.019     231.2952    0.0187     0.0018      0.0     55336.2126 7934040.7676 246319.64   49049.46   -57117.0  -57030.735   86.186   
  10700     18734.33    236.68     0.019     231.2845    0.0187     0.0019      0.0     55866.8382 7934162.7341 246893.79   49219.06   -57112.0  -57025.709   86.185   
  10800     18901.97   236.6714    0.019     231.2738    0.0187     0.002       0.0     54108.5096 7933955.9859 246788.82   49209.65   -57103.0  -57017.096   86.185   
  10900     19069.51   236.6641    0.019     231.2629    0.0187     0.0018      0.0     54481.4172 7934029.8733 246815.82   49187.99   -57096.0  -57010.234   86.185   
  11000     19237.11   236.6627    0.019     231.252     0.0187     0.0022      0.0     55147.9937 7933930.8753 246585.74   49333.09   -57132.0  -57046.192   86.185   
  11100     19404.38   236.6573    0.019     231.2412    0.0187     0.0018      0.0     53658.4185 7934026.7751 246525.91   49400.56   -57115.0  -57028.32    86.185   
  11200     19571.77   236.6456    0.019     231.2303    0.0187     0.0023      0.0     54802.6518 7934135.222 245857.55   49023.63   -57067.0  -56981.168   86.185   
  11300     19739.67   236.6449    0.019     231.2194    0.0187     0.0027      0.0     55467.2032 7933918.9836 246554.78   49129.98   -57134.0  -57048.241   86.185   
  11400     19907.26   236.6502    0.019     231.2084    0.0187     0.0022      0.0     55518.1436 7934055.4847 246787.82   49253.9    -57104.0  -57017.631   86.185   
  11500     20074.55   236.6368    0.019     231.1976    0.0187     0.002       0.0     55317.3743 7934179.4908 246306.82   49314.92   -57121.0  -57035.149   86.185   
  11600     20241.66   236.628     0.019     231.1866    0.0187     0.0026      0.0     54499.7796 7934106.1246 246285.64   49257.03   -57113.0  -57026.742   86.186   
  11700     20408.85   236.6213    0.019     231.1757    0.0187     0.0021      0.0     54634.0907 7934021.2015 246266.15   49018.75   -57096.0  -57010.24    86.185   
  11800     20576.33   236.6183    0.019     231.1647    0.0187     0.0021      0.0     55407.031  7933976.8322 246685.87   49206.52   -57131.0  -57044.895   86.185   
  11900     20743.49   236.6151    0.019     231.1537    0.0187     0.0019      0.0     54222.9167 7934106.8823 246352.13   49317.58   -57105.0  -57019.251   86.185   
  12000     20911.19   236.6057    0.019     231.1428    0.0187     0.0022      0.0     54751.161  7933942.067 246268.62   49139.56   -57094.0  -57007.73    86.185   
  12100     21078.51   236.6054    0.019     231.1317    0.0187     0.0018      0.0     53634.8393 7934072.4156 246024.31   49286.97   -57108.0  -57021.754   86.186   
  12200     21245.67   236.6061    0.019     231.1208    0.0187     0.0019      0.0     55285.1177 7934066.8607 246283.73   49347.04   -57100.0  -57013.621   86.186   
  12300     21413.99   236.6054    0.019     231.1097    0.0187     0.0018      0.0     56730.5413 7934027.5688 246149.03   49080.44   -57095.0  -57008.525   86.186   
  12400     21582.53   236.6003    0.019     231.0987    0.0187     0.0019      0.0     54750.3729 7934105.1562 246458.66   49246.48   -57104.0  -57017.831   86.186   
  12500     21750.98   236.603     0.019     231.0876    0.0187     0.002       0.0     57562.335  7934008.8523 246477.19   49103.49   -57100.0  -57013.97    86.186   
  12600     21918.48   236.6013    0.019     231.0766    0.0187     0.0019      0.0     54887.7427 7934007.7804 246402.94   49235.18   -57116.0  -57029.662   86.185   
  12700     22085.83   236.593     0.019     231.0654    0.0187     0.0022      0.0     55563.8939 7934146.8468 246550.51   49218.42   -57130.0  -57043.452   86.186   
  12800     22253.81   236.5953    0.019     231.0544    0.0187     0.0021      0.0     54858.8454 7934020.8991 246463.39   49135.75   -57108.0  -57021.646   86.185   
  12900     22421.52   236.5898    0.019     231.0432    0.0187     0.0018      0.0     55205.7944 7933979.9387 246168.52   49131.01   -57112.0  -57025.964   86.185   
  13000     22590.0    236.592     0.019     231.0321    0.0187     0.0019      0.0     56261.3873 7934007.1248 246406.26   49247.97   -57112.0  -57026.045   86.186   
  13100     22757.1    236.5859    0.019     231.0209    0.0187     0.0022      0.0     55835.0161 7933987.4099 246331.16   49146.8    -57117.0  -57031.291   86.186   
  13200     22924.85   236.5753    0.019     231.0097    0.0187     0.0022      0.0     55597.8131 7934062.5097 246558.17   49278.89   -57108.0  -57022.229   86.186   
  13300     23091.93   236.5702    0.019     230.9986    0.0187     0.0019      0.0     56231.4717 7934084.0673 246798.35   49232.79   -57112.0  -57026.105   86.185   
  13400     23260.05   236.571     0.019     230.9873    0.0187     0.0022      0.0     54929.4692 7934024.2008  246480.7   49135.13   -57104.0  -57017.914   86.186   
  13500     23428.75   236.5699    0.019     230.9762    0.0187     0.0021      0.0     56197.902  7934040.526 246305.24   49190.37   -57105.0  -57019.107   86.186   
  13600     23595.53   236.5578    0.019     230.9649    0.0187     0.0018      0.0     55314.5344 7934033.1157  246400.2   49427.97   -57095.0  -57008.997   86.186   
  13700     23762.6    236.5534    0.019     230.9537    0.0187     0.0019      0.0     55684.7114 7933968.0534 245723.94   49054.51   -57112.0  -57025.363   86.186   
  13800     23929.42   236.5445    0.019     230.9423    0.0187     0.0017      0.0     54966.5001 7933949.2022 246342.78   49126.82   -57093.0  -57006.618   86.186   
  13900     24096.79   236.5299    0.019     230.931     0.0187     0.0021      0.0     55333.3336 7934125.5274 246177.71   49178.45   -57104.0  -57017.789   86.186   
  14000     24264.07   236.5327    0.019     230.9196    0.0187     0.0019      0.0     56136.6354 7934121.183 246353.22   49237.75   -57115.0   -57029.2    86.186   
  14100     24431.18   236.5289    0.019     230.9084    0.0187     0.0023      0.0     56271.0562 7934038.4238 246773.17   49459.18   -57107.0  -57021.164   86.186   
  14200     24598.77   236.5253    0.019     230.897     0.0187     0.0019      0.0     55927.5815 7933923.3649 245845.05   49138.65   -57119.0  -57033.251   86.186   
  14300     24766.51   236.5275    0.019     230.8856    0.0187     0.0021      0.0     55456.8584 7933956.4432 246204.78   49173.8    -57111.0  -57024.75    86.187   
  14400     24934.59   236.5297    0.019     230.8742    0.0187     0.0019      0.0     55346.3241 7933882.2893 246975.75   49127.04   -57101.0  -57014.526   86.186   
  14500     25102.14   236.5277    0.019     230.8627    0.0187     0.002       0.0     57287.2061 7933949.9944 246678.06   49405.32   -57127.0   -57040.5    86.186   
  14600     25271.38   236.5226    0.019     230.8513    0.0187     0.0021      0.0     55867.6222 7934002.7458 246503.21   49156.46   -57146.0  -57060.295   86.186   
  14700     25439.64   236.515     0.019     230.8398    0.0187     0.0022      0.0     56202.3402 7934010.6531  246311.5   49267.82   -57116.0  -57029.784   86.187   
  14800     25607.27   236.5038    0.019     230.8283    0.0187     0.0019      0.0     54916.3396 7934036.1093 246109.42   49145.65   -57101.0  -57015.176   86.187   
  14900     25774.73   236.5009    0.019     230.8169    0.0187     0.0018      0.0     54951.9939 7934075.1679  246257.7   49145.75   -57098.0  -57011.704   86.186   
  15000     25941.79   236.4908    0.019     230.8055    0.0187     0.0021      0.0     57596.297  7933982.44 245886.66   49249.42   -57124.0  -57037.617   86.186   
  15100     26109.45   236.4952    0.019     230.7941    0.0187     0.0021      0.0     56544.613  7934009.7696 246461.79   49306.2    -57098.0  -57011.421   86.186   
  15200     26276.97   236.4899    0.019     230.7824    0.0187     0.0019      0.0     55441.5234 7934014.1822 246453.75   49023.67   -57114.0  -57027.608   86.186   
  15300     26444.11   236.4874    0.019     230.7708    0.0187     0.0019      0.0     56496.1232 7934015.5767 246333.56   49055.24   -57112.0  -57025.917   86.186   
  15400     26611.34   236.4787    0.019     230.7592    0.0187     0.002       0.0     54597.7318 7933932.1943 246493.78   49115.63   -57086.0  -57000.106   86.186   
  15500     26778.72   236.4669    0.019     230.7475    0.0187     0.0022      0.0     57352.1742 7933938.1565 246416.19   49204.11   -57102.0  -57015.958   86.186   
  15600     26946.67   236.4569    0.019     230.7358    0.0187     0.0022      0.0     55873.4409 7933915.3208 246319.85   49139.91   -57119.0  -57032.633   86.187   
  15700     27114.17   236.4545    0.019     230.7243    0.0187     0.0018      0.0     54701.5772 7933998.5635 246686.27   49327.06   -57093.0  -57006.813   86.187   
  15800     27281.67   236.4442    0.019     230.7126    0.0187     0.0018      0.0     55409.6799 7934024.1571 246089.98   49205.48   -57105.0  -57018.49    86.187   
  15900     27449.21   236.4525    0.019     230.7009    0.0187     0.002       0.0     56106.4396 7933922.3525 246109.06   49318.0    -57089.0  -57003.244   86.186   
  16000     27616.91   236.4493    0.019     230.6891    0.0187     0.0023      0.0     55312.7258 7934007.5028 246508.76   49251.0    -57091.0  -57005.283   86.186   
[7.32505547 7.67294117 8.17994317 8.42736945 7.71237317 8.03774759
 7.821391   8.75178293 7.98462366 7.6759409  7.55156785 8.21091386
 8.25497306 7.81205555 8.03158082 8.04027034 8.30198772 8.25607597
 7.71064137 7.94165324]
[7.76030204 8.12695608 8.16650346 7.56605984 8.22885741 7.66011936
 7.57160794 7.92788603 7.88183772 8.23359421 7.9207263  8.34502088
 7.46419333 7.80887087 7.44977748 8.63179157 7.88126597 8.01363667
 8.45765163 7.47909338]
[6.88614854 7.5926514  7.13311083 7.36757536 7.39271515 6.65424234
 6.87874341 6.97355555 7.54960091 6.99809524 7.67153538 7.19050234
 6.27087487 6.82666028 6.95595754 7.77261698 7.34568848 7.41292686
 7.06639054 7.12045575]
