Generating synthetic binary valued data ... 
Generating synthetic  binary valued data took:  0.41284799575805664
Evaluation for true params: 
 test_rsme | train_rsme | rel-te-err | rel-tr-err |  test_nll  |  train_nll |
    0.0          0.0          0.0          0.0         20.03        86.24    
Factorizing with max_iteration = 6000  fixing covariance?:  False
Tensor dimensions:  [5, 5, 5]
Optimization metrics: 
Using Ada Grad
Mean update scheme:  S
Covariance update :  N
Using diagonal covariance?:  True
Random start? True
k1 samples =  64  k2 samples =  64
eta =  1.0  cov eta =  1.0  sigma eta =  1
iteration |   time   |test_rsme |rel-te-err|train_rsme|rel-tr-err|  d_mean  |   d_cov  | test_nll | train_nll |    VLB   |  E-term  |    KL     |   dw   |
    0         0.19      1.6971      0.72      1.3416      0.45      3.1623     0.7772     19.55      65.81      -91.0     -81.895     9.555      0.0039  
    5         1.66      0.8944      0.2       0.5292      0.07      3.1623     2.0093     14.24      29.24      -81.0     -70.021     11.135      0.0    
    10        2.98       0.8        0.16      0.4899      0.06      3.1137     3.3227      7.54      14.12      -76.0     -63.084     12.979      0.0    
    20        5.11      0.6928      0.12      0.6928      0.12      2.9645     8.9412     42.78      30.07      -75.0     -62.239     13.04       0.0    
    50       10.34      0.6928      0.12      0.6928      0.12      2.4211    446.0706     7.48      30.62      -77.0     -65.487     11.906      0.0    
   100       18.69      0.8944      0.2       0.9381      0.22      1.8032    440.0611    13.15      54.69      -97.0     -79.035     18.359      0.0    
   200        34.9      1.3856      0.48      1.4697      0.54      1.5589   1259.1811    16.49      66.46      -102.0    -84.216     18.019      0.0    
   300       51.11      1.4967      0.56      1.3565      0.46      1.2917   2011.4056    15.79      68.24      -103.0    -85.563     17.82       0.0    
   400       67.36      1.4422      0.52      1.456       0.53      1.163    2711.8543    17.18      69.48      -104.0    -85.636     18.14       0.0    
   500       83.57      1.4422      0.52      1.456       0.53      1.077    3289.4429    15.58      68.23      -104.0    -85.908     18.417      0.0    
   600       99.76      1.3856      0.48      1.3711      0.47      0.9261   3813.3211    17.81      68.35      -104.0    -85.105     18.627      0.0    
   700       115.96     1.3856      0.48      1.4832      0.55      0.943    4278.0849    17.46      69.18      -104.0    -85.193     18.789      0.0    
   800       132.16     1.2649      0.4       1.5232      0.58      0.9026    4679.227     17.2      67.06      -104.0    -84.687     18.913      0.0    
   900       148.37     1.1314      0.32      1.3711      0.47      0.7391   5035.4515    16.25      68.73      -105.0    -85.828     19.011      0.0    
   1000      164.58     1.4422      0.52      1.3565      0.46      0.8422   5347.8221    16.84      69.56      -104.0    -84.838     19.088      0.0    
   1100      180.79     1.3856      0.48      1.3266      0.44      0.6923   5661.2076    19.66      68.65      -104.0    -84.934     19.158      0.0    
   1200      197.05     1.3856      0.48      1.3711      0.47      0.7103   5956.5121    17.17      71.44      -104.0    -84.867     19.213      0.0    
   1300      213.26     1.4422      0.52      1.4142      0.5       0.6205   6212.7468    17.25      71.02      -104.0    -84.393     19.26       0.0    
   1400      229.44     1.3856      0.48      1.4697      0.54      0.5266   6471.9611    18.15      71.47      -105.0    -85.451     19.299      0.0    
   1500      245.65     1.3266      0.44      1.562       0.61      0.5915   6692.5929    18.29      70.65      -105.0    -85.282     19.333      0.0    
   1600      261.86      1.6        0.64      1.2806      0.41       0.58    6901.1785    17.53      68.63      -105.0    -85.436     19.361      0.0    
   1700      278.08     1.3856      0.48      1.4142      0.5       0.6082    7100.689    17.26      71.14      -105.0    -85.118     19.385      0.0    
   1800      294.27     1.4967      0.56      1.5875      0.63      0.5581   7284.6711    17.71      70.26      -103.0     -83.97     19.407      0.0    
   1900      310.48     1.3266      0.44      1.3565      0.46      0.5528   7457.8668    16.76      71.44      -104.0    -84.948     19.426      0.0    
   2000      326.72     1.3856      0.48      1.4832      0.55      0.4806   7598.1867    17.51      71.79      -105.0     -85.6      19.443      0.0    
   2100      342.94     1.4967      0.56      1.3711      0.47      0.5304   7756.4673    16.79      71.08      -105.0    -85.139     19.46       0.0    
   2200      359.15     1.4967      0.56      1.4967      0.56      0.478    7903.6123    18.03      70.41      -104.0    -84.884     19.473      0.0    
   2300      375.42     1.3856      0.48      1.4697      0.54      0.4664    8050.914    17.37      68.51      -104.0    -84.986     19.485      0.0    
   2400      391.65      1.6        0.64       1.4        0.49      0.4644    8191.186    16.47      70.52      -105.0    -85.758     19.497      0.0    
   2500      407.86     1.3266      0.44      1.4422      0.52      0.4324   8352.8434     16.5      70.06      -105.0    -85.382     19.508      0.0    
   2600      424.05     1.4422      0.52      1.4832      0.55      0.5513   8480.3858    18.32      68.14      -105.0    -85.444     19.518      0.0    
   2700      440.25     1.3856      0.48      1.2961      0.42      0.4334   8613.5168    17.34      69.32      -105.0    -84.978     19.528      0.0    
   2800      456.49     1.5492      0.6       1.3565      0.46      0.4362   8741.9001    18.69      70.65      -105.0    -85.803     19.537      0.0    
   2900      472.7      1.4967      0.56      1.4832      0.55      0.4338   8870.3924    16.93       71.3      -105.0    -85.684     19.543      0.0    
   3000      488.9      1.3856      0.48      1.4697      0.54      0.4615   9013.6876    16.64       70.0      -103.0    -83.696     19.552      0.0    
   3100      505.14     1.5492      0.6       1.4283      0.51      0.5174   9125.5787    17.51      67.47      -105.0    -85.182     19.557      0.0    
   3200      521.35     1.3856      0.48      1.3115      0.43      0.3823   9233.8776    17.03      69.54      -105.0     -85.64     19.564      0.0    
   3300      537.56     1.3266      0.44      1.4142      0.5       0.3591   9322.3556    16.34      70.34      -104.0    -84.137     19.57       0.0    
   3400      553.76     1.5492      0.6        1.4        0.49      0.383    9423.6498    17.73      71.31      -105.0    -85.893     19.576      0.0    
   3500      569.98     1.3856      0.48      1.3565      0.46      0.3664    9536.342    18.65       71.8      -105.0    -85.674     19.582      0.0    
   3600      586.2      1.3266      0.44      1.4283      0.51      0.3631   9624.8266     17.1      70.29      -105.0    -85.189     19.587      0.0    
   3700      602.42     1.3266      0.44      1.4422      0.52      0.3399   9737.7648    18.33      69.78      -105.0    -85.525     19.592      0.0    
   3800      618.63     1.4967      0.56      1.4832      0.55      0.3446   9828.0221    16.66      69.25      -105.0    -85.423     19.597      0.0    
   3900      634.85     1.6492      0.68       1.4        0.49      0.3793   9917.9604    17.97      69.94      -105.0    -85.869     19.602      0.0    
   4000      651.05      1.6        0.64       1.4        0.49      0.3763   10018.0157   16.68      70.36      -106.0    -86.034     19.606      0.0    
   4100      667.26      1.6        0.64      1.4283      0.51      0.3735   10107.1127   18.01      69.84      -104.0    -84.822     19.611      0.0    
   4200      683.46     1.4422      0.52       1.51       0.57      0.4229   10207.954    18.29      70.29      -104.0    -84.777     19.615      0.0    
   4300      699.66     1.4967      0.56      1.4832      0.55      0.3262   10290.1174   17.43       67.2      -105.0    -85.739     19.618      0.0    
   4400      715.9      1.6492      0.68      1.4142      0.5       0.3342   10353.7272    17.5       71.0      -104.0    -84.664     19.621      0.0    
   4500      732.12     1.3856      0.48      1.456       0.53      0.3351   10461.6216   17.58      68.01      -104.0    -84.718     19.625      0.0    
   4600      748.39     1.6492      0.68      1.3711      0.47      0.4043   10544.5525   17.16      69.64      -105.0    -85.715     19.627      0.0    
   4700      764.58     1.5492      0.6       1.4697      0.54      0.3553   10620.171    18.92      70.72      -105.0    -85.274     19.631      0.0    
   4800      780.77     1.4967      0.56      1.5748      0.62      0.3025   10700.3402   18.09      71.03      -104.0    -84.392     19.634      0.0    
   4900      797.14     1.3266      0.44      1.4142      0.5       0.3452   10790.5698   17.31      67.54      -105.0    -85.268     19.639      0.0    
   5000      813.31     1.5492      0.6       1.456       0.53      0.3192   10867.6169   17.66      71.56      -106.0    -86.821     19.642      0.0    
   5100      829.52     1.2649      0.4       1.3856      0.48      0.3154   10932.0445    17.4      68.22      -105.0    -85.013     19.645      0.0    
   5200      845.72     1.6492      0.68      1.4422      0.52      0.3252   11005.4317   17.53      70.53      -105.0    -85.659     19.647      0.0    
   5300      861.93     1.4967      0.56      1.4142      0.5       0.335    11075.7266   17.55      72.03      -104.0    -84.473     19.649      0.0    
   5400      878.13     1.1314      0.32      1.4832      0.55      0.3065   11162.8384   17.69      69.63      -105.0    -85.696     19.65       0.0    
   5500      894.34     1.6492      0.68       1.4        0.49      0.3029   11227.2677   17.37      70.91      -105.0    -85.824     19.653      0.0    
   5600      910.58     1.4422      0.52       1.51       0.57      0.3116   11299.9314   18.15      68.07      -105.0    -85.841     19.655      0.0    
   5700      926.79     1.4422      0.52      1.3565      0.46      0.2884   11349.3383   17.07      69.86      -105.0     -85.52     19.658      0.0    
   5800      942.99     1.3856      0.48      1.4832      0.55      0.284    11424.1162   17.64      69.33      -106.0    -85.908     19.661      0.0    
   5900      959.2      1.3266      0.44      1.456       0.53      0.3521   11501.7048   18.43      69.86      -105.0    -85.393     19.664      0.0    
   6000      975.4      1.3266      0.44      1.3711      0.47      0.287    11563.8788   17.35      69.88      -104.0    -84.385     19.668      0.0    
[-37.55103634 -50.62835355 -51.2241246   50.18975233 -51.84011209
  51.23059653 -44.29817328 -47.37621049  50.95411145  47.91935091
  49.18604946 -51.8462044  -46.47727339 -49.37884153  51.83676792
 -38.04661218  49.32181208 -47.91136279  48.95256309  45.39928655]
[ 51.90050722  51.94413473 -62.16474101  57.61072882  57.1831043
  54.81857166  56.19896872  58.01277475  54.04625631  54.32008295
 -57.7037648  -52.89523282 -49.41935196  59.9183657  -54.71246149
 -49.96795763 -54.86857132 -59.6002938  -55.98874185 -55.59397341]
[ 38.89528882  35.82468297 -42.62273658 -43.5007426   42.46687829
 -33.02498181  37.46832449  41.21669044 -40.58056065 -40.62048344
  41.44921185 -39.13608238 -39.05635732  39.36251588  40.33417455
 -35.27010202  43.80969121 -38.24307423  44.4001255   43.01705125]
