Generating synthetic binary valued data ... 
Generating synthetic  binary valued data took:  0.3731725215911865
Evaluation for true params: 
 test_rsme | train_rsme | rel-te-err | rel-tr-err |  test_nll  |  train_nll |
    0.0          0.0          0.0          0.0         20.03        86.24    
Factorizing with max_iteration = 6000  fixing covariance?:  False
Tensor dimensions:  [5, 5, 5]
Optimization metrics: 
Using Ada Grad
Mean update scheme:  S
Covariance update :  N
Using diagonal covariance?:  True
Random start? True
k1 samples =  64  k2 samples =  64
eta =  1.0  cov eta =  1.0  sigma eta =  1
iteration |   time   |test_rsme |rel-te-err|train_rsme|rel-tr-err|  d_mean  |   d_cov  | test_nll | train_nll |    VLB   |  E-term  |    KL     |   dw   |
    0         0.46      1.3856      0.48      1.249       0.39      3.1623     4.5686     20.01      66.76      -90.0     -80.319     10.102      0.0    
    5         2.18      0.8944      0.2       0.7211      0.13      3.1623    103.8689    14.38      37.91      -109.0    -71.231     37.497     0.0036  
    10        4.43      0.5657      0.08       0.4        0.04      2.8168    183.3762     5.57      11.42      -119.0    -61.939      57.5      0.0492  
    20        7.61      0.5657      0.08       0.4        0.04      1.8479     8.3759      5.67      10.65      -110.0    -62.042     47.647     0.0037  
    50        17.5      0.5657      0.08       0.4        0.04      1.3108     0.4394      7.24      13.39      -84.0      -63.24     21.179     0.0005  
   100       40.88       0.4        0.04       0.0        0.0       0.8493     0.2991      2.57       8.2       -72.0     -61.264     10.334     0.0003  
   200       91.02       0.4        0.04      0.2828      0.02      0.7599    35.5456      3.18       8.22      -76.0      -60.96     15.158      0.0    
   300       140.7       0.4        0.04       0.2        0.01      0.6591    25.8116      5.83       1.75      -116.0    -58.447     57.355     0.0004  
   400       187.16      0.4        0.04       0.0        0.0       0.6425     9.7851      2.49       2.72      -88.0     -59.138     29.248     0.0002  
   500       220.7       0.4        0.04      0.2828      0.02      0.6346    190.9224     2.76       4.48      -92.0     -59.542     32.805     0.0002  
   600       265.41     0.5657      0.08      0.2828      0.02      0.7553    343.3549     3.56       6.16      -108.0    -60.418     47.973     0.0002  
   700       308.8       0.4        0.04       0.2        0.01      0.2669    10.7304      2.96       5.39      -111.0    -60.103     50.843     0.0002  
   800       348.92      0.4        0.04       0.2        0.01      0.3108    112.1885     2.81       6.07      -91.0      -60.31     30.409     0.0001  
   900       400.88     0.5657      0.08      0.2828      0.02      0.5397    382.2705     3.83      11.83      -102.0     -62.15     40.261     0.0001  
   1000      448.42      0.4        0.04       0.0        0.0       0.7111    63.7019      3.15       9.59      -100.0    -61.531     38.883     0.0014  
   1100      495.46      0.4        0.04       0.2        0.01      0.4482    140.2323     3.64      10.76      -105.0    -61.846     42.821     0.0001  
   1200      534.04      0.4        0.04       0.2        0.01      0.3602    19.5813      3.51       8.24      -108.0    -61.017     47.418     0.0001  
   1300      579.88      0.0        0.0        0.2        0.01      0.3436    29.2711      2.71       8.93      -109.0    -61.209     47.937     0.0001  
   1400      631.6       0.4        0.04       0.2        0.01      0.4493    64.3645      3.59      10.06      -100.0    -61.579     38.109      0.0    
   1500      680.92     0.5657      0.08      0.2828      0.02      0.4111    54.9267      4.39      12.14      -107.0    -61.962     45.448      0.0    
   1600      731.13     0.5657      0.08       0.2        0.01      0.2361    11.1572      3.4        9.08      -96.0     -61.443     34.599     0.0001  
   1700      780.52     0.5657      0.08       0.4        0.04      0.3668    166.7876     3.52      11.53      -101.0    -62.112     38.549     0.0001  
   1800      830.28      0.0        0.0        0.4        0.04      0.6835    204.9784     4.36      13.59      -102.0    -62.181     39.698     0.0002  
   1900      878.79      0.4        0.04       0.2        0.01      0.1549     5.3686      3.67      11.97      -98.0     -62.048     35.853      0.0    
   2000      930.07      0.8        0.16       0.4        0.04      0.628     66.5914      4.86      17.02      -115.0    -63.469     51.981      0.0    
   2100      975.96      0.4        0.04      0.4899      0.06      0.3792     10.661      4.51      16.72      -109.0    -63.362     45.402     0.0001  
   2200     1023.69      0.0        0.0       0.4899      0.06      0.199      4.3548      4.48      15.33      -108.0    -63.175     44.463     0.0001  
   2300     1071.82      0.4        0.04      0.2828      0.02      0.1428     1.3621      4.39       11.8      -100.0    -62.218     37.703     0.0001  
   2400     1120.36     0.5657      0.08      0.2828      0.02      0.2053     8.5295      3.96      12.64      -95.0     -62.753     31.995     0.0001  
   2500     1165.27      0.4        0.04       0.4        0.04      0.1656     2.186       4.23      13.06      -90.0     -62.474     27.872      0.0    
   2600     1208.54     0.5657      0.08       0.2        0.01      0.2966    99.7605      4.16      11.94      -93.0     -62.238     31.056      0.0    
   2700     1254.95      0.4        0.04       0.4        0.04      0.4277     13.393      4.72      14.53      -93.0     -62.965     29.928      0.0    
   2800     1302.59     0.6928      0.12       0.4        0.04      0.4005    563.8961     4.39      14.08      -102.0    -62.867     39.224     0.0002  
   2900     1353.07     0.5657      0.08      0.3464      0.03      0.1648    27.6328      4.06      11.66      -101.0    -61.383     40.115      0.0    
   3000     1404.48     0.5657      0.08      0.4472      0.05      0.2649    101.8964     4.67      13.15      -99.0     -61.812     37.575      0.0    
   3100     1455.46     0.5657      0.08       0.4        0.04      0.3097     7.5431      4.57      12.27      -98.0     -61.653     36.231      0.0    
   3200     1505.46      0.4        0.04      0.2828      0.02      0.1754     0.7219      4.07      11.06      -92.0     -61.004     31.15       0.0    
   3300     1556.21     0.5657      0.08      0.2828      0.02      0.1083     5.1379      4.4       10.72      -90.0     -61.364     28.413      0.0    
   3400     1604.48      0.4        0.04       0.2        0.01      0.1013     8.2056      4.88       10.5      -100.0     -61.68     38.11       0.0    
   3500     1653.96     0.5657      0.08      0.3464      0.03      0.1062     2.0863      4.26      10.17      -95.0     -61.477     33.353      0.0    
   3600     1703.84     0.5657      0.08      0.3464      0.03      0.4562    24.9609      3.81      11.06      -96.0     -61.648     34.631     0.0001  
   3700     1747.17      0.4        0.04       0.4        0.04      0.1367    55.1547      3.42       9.84      -100.0    -61.368     39.002      0.0    
   3800     1797.79     0.5657      0.08      0.3464      0.03      0.6325    69.6896      3.76      14.27      -99.0     -62.946     35.752     0.0001  
   3900     1847.31     0.5657      0.08      0.4899      0.06      0.2456    16.5347      4.13      15.18      -94.0     -62.593     31.217      0.0    
   4000     1887.76      0.8        0.16      0.4899      0.06      0.7912   15355.9363    4.51      17.49      -134.0    -63.683     70.601     0.0001  
   4100     1939.38      0.4        0.04      0.2828      0.02      0.1668     9.6186      4.57       9.67      -101.0    -61.236     39.355      0.0    
   4200     1989.56      0.4        0.04      0.2828      0.02      0.1168     9.1912      4.03      10.09      -99.0     -61.185     37.917      0.0    
   4300     2040.14      0.4        0.04       0.2        0.01      0.2819    46.5321      4.82       7.1       -103.0    -60.226     42.307      0.0    
   4400     2085.78      0.4        0.04       0.2        0.01      0.0692     1.3932      3.89       5.38      -97.0     -59.982     36.864     0.0001  
   4500     2130.96      0.4        0.04       0.0        0.0       0.1113     4.9819      3.57       5.64      -93.0     -59.717     33.294      0.0    
   4600     2179.39      0.4        0.04       0.0        0.0       0.1921    26.2652      3.79       5.69      -91.0      -59.98     30.895      0.0    
   4700     2229.86     0.5657      0.08       0.2        0.01      0.1351     9.7074      4.11       8.42      -91.0     -60.792     29.881      0.0    
   4800     2276.26      0.0        0.0        0.2        0.01      0.1442    19.6855      5.05      11.49      -92.0     -61.711     29.816      0.0    
   4900     2315.41     0.6928      0.12      0.2828      0.02      0.0863    13.5533      5.61      10.64      -102.0    -61.505     40.268      0.0    
   5000     2362.79     0.6928      0.12       0.0        0.0       0.0885     0.8769      4.73       9.62      -97.0     -61.261     36.104      0.0    
   5100     2410.97     0.5657      0.08       0.2        0.01      0.1594    10.7782      4.04       8.17      -100.0    -61.073     38.541      0.0    
   5200     2459.54      0.4        0.04       0.2        0.01      0.4143     25.045      3.99       9.7       -96.0     -61.384     35.004      0.0    
   5300     2504.63      0.8        0.16       0.2        0.01      0.1861     8.0933      3.82       7.46      -95.0     -60.503     34.24       0.0    
   5400     2554.18     0.5657      0.08       0.2        0.01      0.1126     1.7038      3.63       7.42      -98.0     -60.567     37.851      0.0    
   5500     2599.98     0.5657      0.08       0.2        0.01      0.0877     2.0717      4.18       8.52      -95.0     -60.973     33.534      0.0    
   5600     2650.11     0.5657      0.08      0.4899      0.06      0.7215    1850.476     5.4       16.57      -97.0     -61.999     35.351     0.0001  
   5700      2699.1     0.5657      0.08      0.3464      0.03      0.6981    850.4356     4.24       9.23      -97.0     -61.055     36.127      0.0    
   5800     2742.81      0.4        0.04      0.2828      0.02      0.149     85.5917      3.69       8.07      -97.0     -60.173     37.056      0.0    
   5900     2788.39     0.5657      0.08      0.4899      0.06      0.4871    358.5309     5.02       11.4      -97.0     -61.476     35.029      0.0    
   6000     2840.44     0.5657      0.08      0.3464      0.03      0.1083    35.5638      4.81       9.59      -97.0     -61.031     36.326     0.0001  
[ 1.192807   -0.00659991  0.73942063  0.90217362  0.52927624 -1.03416185
 -0.16561705  0.58467696  0.52891053  0.47543532  4.648429    0.07212036
  0.8833597  -0.30044661  0.87790504  1.56499462  3.6511728   0.81805841
  1.418011    0.20272384]
[ 0.55444836  0.67079392  0.25127505  0.60488216  0.05115644  1.3809483
  0.35325433  0.59061831 -0.04268436  0.74691965 -4.80939607  0.65922964
  0.8292628   0.32417361  0.57107682  0.6608896  -0.60608434  0.41258048
  0.03162403 -0.03732012]
[ 0.64481174  0.33139245  0.33087032  0.39865981  0.40894832  3.0646124
 -0.09660725  0.43269216  0.59789604  0.01661999  7.00952957  0.77531493
  0.69239359  1.07104003  0.1124648   0.2699445   0.47557708 -0.12604831
  0.10188899  0.96092024]
