Generating synthetic binary valued data ... 
Generating synthetic  binary valued data took:  0.4584941864013672
Evaluation for true params: 
 test_rsme | train_rsme | rel-te-err | rel-tr-err |  test_nll  |  train_nll |
    0.0          0.0          0.0          0.0         20.03        86.24    
Factorizing with max_iteration = 6000  fixing covariance?:  False
Tensor dimensions:  [5, 5, 5]
Optimization metrics: 
Using Ada Grad
Mean update scheme:  S
Covariance update :  N
Using diagonal covariance?:  True
Random start? True
k1 samples =  64  k2 samples =  64
eta =  1.0  cov eta =  1.0  sigma eta =  1
iteration |   time   |test_rsme |rel-te-err|train_rsme|rel-tr-err|  d_mean  |   d_cov  | test_nll | train_nll |    VLB   |  E-term  |    KL     
    0         0.19      1.4422      0.52      1.2961      0.42      3.1623     0.802      20.71      67.97      -92.0     -82.401     9.554    
    5         1.38      1.0583      0.28      0.5657      0.08      3.1623     2.0472     17.37      28.43      -80.0     -70.346     9.722    
    10        2.52       0.8        0.16      0.5292      0.07      3.1121     2.8632      8.38      15.64      -75.0     -63.401     11.394   
    20        4.41      0.6928      0.12      0.6928      0.12      2.979      7.4547      8.59      77.83      -75.0      -62.43     12.509   
    50        9.35      0.6928      0.12      0.6928      0.12      2.4623    956.5739     9.31      37.02      -81.0     -63.897     17.021   
   100       17.42      0.6928      0.12      0.6928      0.12      1.8349    371.1706    13.26      49.24      -87.0     -78.046     9.161    
   200       33.21      0.6928      0.12      0.6928      0.12      1.3888   1071.9892    16.75       62.9      -92.0     -83.087     8.972    
   300       49.01      0.6928      0.12      0.6928      0.12      1.2242    1748.706    17.18      66.36      -95.0      -85.42     9.158    
   400       64.79      0.6928      0.12      0.6928      0.12      1.1823   2360.9725    17.33      69.19      -95.0     -85.501     9.329    
   500       80.64      0.6928      0.12      0.6928      0.12      0.9371   2916.8544    17.24      69.29      -95.0     -85.255     9.465    
   600       96.46      0.6928      0.12      0.6928      0.12      0.8796   3386.6212    17.49      67.72      -94.0     -84.477     9.577    
   700       112.25     0.6928      0.12      0.6928      0.12      0.8775   3809.3034    17.93      69.95      -96.0     -85.978     9.669    
   800       128.05     0.6928      0.12      0.6928      0.12      0.8919    4198.388    16.49       68.2      -94.0     -84.249     9.744    
   900       143.83     0.6928      0.12      0.6928      0.12      0.7425   4551.1335    17.94      67.41      -95.0     -85.534     9.807    
   1000      159.67     0.6928      0.12      0.6928      0.12      0.7509    4857.589     16.5      68.83      -96.0     -85.849     9.862    
   1100      175.47     0.6928      0.12      0.6928      0.12      0.6925   5149.9759    18.22      68.83      -95.0     -84.843     9.907    
   1200      191.27     0.6928      0.12      0.6928      0.12      0.6548   5401.4153    17.19      69.02      -95.0     -84.886     9.945    
   1300      207.07     0.6928      0.12      0.6928      0.12      0.6144   5641.0588    17.46      69.25      -95.0     -85.329     9.979    
   1400      222.87     0.6928      0.12      0.6928      0.12      0.6402   5890.6231    17.08      68.95      -95.0     -85.286     10.009   
   1500      238.65     0.6928      0.12      0.6928      0.12      0.6601   6092.5858    18.28      70.15      -95.0     -84.629     10.036   
   1600      254.45     0.6928      0.12      0.6928      0.12      0.5896   6302.2368    18.09      72.42      -95.0     -84.946     10.059   
   1700      270.25     0.6928      0.12      0.6928      0.12      0.5128   6509.2079     17.9      68.75      -95.0     -84.657     10.08    
   1800      286.04     0.6928      0.12      0.6928      0.12      0.5555     6714.0     17.15      68.65      -95.0     -84.788     10.099   
   1900      301.9      0.6928      0.12      0.6928      0.12      0.5329   6890.8481    17.53      69.58      -94.0     -84.065     10.116   
   2000      317.74     0.6928      0.12      0.6928      0.12      0.5012   7068.8927    17.62      70.43      -96.0     -86.113     10.131   
   2100      333.54     0.6928      0.12      0.6928      0.12      0.4691   7254.7427    16.82      70.98      -95.0     -84.702     10.145   
   2200      349.33     0.6928      0.12      0.6928      0.12      0.4829   7417.5206    17.09      70.15      -95.0     -84.929     10.158   
   2300      365.14     0.6928      0.12      0.6928      0.12      0.4497   7588.3115    16.29      71.64      -95.0     -85.296     10.17    
   2400      380.96     0.6928      0.12      0.6928      0.12      0.5084   7739.0664    18.37      67.35      -95.0     -85.079     10.181   
   2500      396.76     0.6928      0.12      0.6928      0.12      0.4315   7884.9674     17.3      68.62      -96.0     -85.781     10.191   
   2600      412.64     0.6928      0.12      0.6928      0.12      0.3988   8056.1646    17.52      71.93      -96.0     -85.574     10.201   
   2700      428.45     0.6928      0.12      0.6928      0.12      0.457    8201.1783    17.79      69.66      -95.0     -84.979     10.21    
   2800      444.25     0.6928      0.12      0.6928      0.12      0.4125   8344.0474    17.23      70.87      -96.0     -85.308     10.217   
   2900      460.05     0.6928      0.12      0.6928      0.12       0.43    8494.2041     18.4      72.18      -95.0     -84.851     10.225   
   3000      476.01     0.6928      0.12      0.6928      0.12      0.3798   8639.6534    17.66      69.45      -96.0     -85.644     10.232   
   3100      491.97     0.6928      0.12      0.6928      0.12      0.3865   8773.8582    17.86      70.71      -95.0     -85.134     10.24    
   3200      507.77     0.6928      0.12      0.6928      0.12      0.3534   8901.6903    16.95      66.99      -94.0      -84.24     10.247   
   3300      523.57     0.6928      0.12      0.6928      0.12      0.4063   9032.8288    17.76       71.7      -95.0     -84.838     10.253   
   3400      539.35     0.6928      0.12      0.6928      0.12      0.346    9158.7655    17.03      70.36      -95.0     -84.464     10.26    
   3500      555.15     0.6928      0.12      0.6928      0.12      0.3352    9287.53     17.27      72.09      -96.0     -85.589     10.266   
   3600      570.94     0.6928      0.12      0.6928      0.12      0.3592   9413.4173    17.73       69.6      -96.0      -85.47     10.271   
   3700      586.74     0.6928      0.12      0.6928      0.12      0.3254    9546.152     17.6      72.49      -96.0     -85.679     10.277   
   3800      602.54     0.6928      0.12      0.6928      0.12      0.3691    9658.689    18.08      70.18      -95.0     -84.954     10.283   
   3900      618.37     0.6928      0.12      0.6928      0.12      0.3084   9770.9895    17.59      68.77      -96.0     -85.253     10.287   
   4000      634.18     0.6928      0.12      0.6928      0.12      0.3584   9894.8895    18.94      69.99      -95.0     -84.753     10.292   
   4100      650.06     0.6928      0.12      0.6928      0.12      0.3072   10028.8151   17.19      70.12      -96.0     -85.782     10.297   
   4200      665.87     0.6928      0.12      0.6928      0.12      0.3172   10147.531    16.85      71.73      -95.0     -85.067     10.302   
   4300      681.69     0.6928      0.12      0.6928      0.12      0.2996   10264.8486    16.4       69.3      -96.0     -85.766     10.306   
   4400      697.52     0.6928      0.12      0.6928      0.12      0.2973   10386.4422   17.35      69.89      -95.0      -84.73     10.31    
   4500      713.33     0.6928      0.12      0.6928      0.12      0.296    10509.1298    17.5      70.78      -96.0     -85.893     10.313   
   4600      729.13     0.6928      0.12      0.6928      0.12       0.31    10615.153    17.43      69.27      -96.0      -86.01     10.317   
   4700      744.92     0.6928      0.12      0.6928      0.12      0.3428   10735.7114   17.53       68.4      -95.0      -84.42     10.32    
   4800      760.71     0.6928      0.12      0.6928      0.12      0.3281   10859.9709   17.38      69.99      -97.0     -86.563     10.323   
   4900      776.5      0.6928      0.12      0.6928      0.12      0.3168   10963.1915   18.73      69.84      -95.0     -84.314     10.326   
   5000      792.3      0.6928      0.12      0.6928      0.12      0.2709   11081.5689   19.36      68.72      -96.0     -85.212     10.329   
   5100      808.1      0.6928      0.12      0.6928      0.12      0.2748   11176.0797   16.29      70.18      -96.0     -85.548     10.332   
   5200      823.89     0.6928      0.12      0.6928      0.12      0.3016   11279.6214   17.02      70.13      -95.0     -84.343     10.335   
   5300      839.67     0.6928      0.12      0.6928      0.12      0.2561   11393.0698   17.18      69.94      -96.0     -85.556     10.337   
   5400      855.46     0.6928      0.12      0.6928      0.12      0.2808   11497.904    15.94      71.35      -96.0     -85.834     10.34    
   5500      871.25     0.6928      0.12      0.6928      0.12      0.2561   11595.4769   17.41      70.42      -96.0      -85.3      10.342   
   5600      887.03     0.6928      0.12      0.6928      0.12      0.2712   11704.0366   18.16      67.27      -97.0     -86.657     10.344   
   5700      902.82     0.6928      0.12      0.6928      0.12      0.3209   11797.5095   17.11      70.95      -95.0     -84.724     10.347   
   5800      918.63     0.6928      0.12      0.6928      0.12      0.2755   11891.1019   17.19      71.02      -96.0     -85.293     10.349   
   5900      934.43     0.6928      0.12      0.6928      0.12      0.2525   11988.2459   17.29      72.71      -96.0     -85.953     10.351   
   6000      950.23     0.6928      0.12      0.6928      0.12      0.2974   12093.1707   17.99      70.84      -95.0     -84.194     10.353   
[-54.85421916 -46.87502142 -54.13225129  57.78356867 -58.97906175
  52.69476029 -50.87770036 -54.77894287  59.63408604  54.42709074
  57.17460212 -57.33673344 -53.41622919 -53.07557346  53.62545059
 -57.71192179  54.06905347 -53.19938727  55.1646326   54.00998788]
[ 53.45081813  47.60771997 -55.17686638 -51.65130123  56.59159082
  51.16634915  46.77349936  52.18793001  56.04088487  47.44554699
 -52.59270533 -56.75145854 -47.84429507  54.31914869 -53.74111932
 -55.12297652 -53.71035162 -55.12981802 -47.57241542 -57.40770725]
[ 47.06147786  46.45248591 -42.66677749  50.94863829  47.9354221
 -46.80220286  44.87604694  49.55317751 -49.33040427 -49.97201267
  53.37015573 -50.79827735 -48.64091186  51.8763827   46.6008264
 -49.03225429  42.96743552 -44.78111558  47.08197003  43.46985607]
