Generating synthetic count valued data ... 
Generating synthetic  count valued data took:  0.42157864570617676
max_count =  13.0  min count =  0.0
Evaluation for true params: 
 test_rsme | train_rsme | rel-te-err | rel-tr-err |  test_nll  |  train_nll |
    0.0          0.0          0.0          0.0         109.0        396.75   
Factorizing with max_iteration = 6000  fixing covariance?:  False
Tensor dimensions:  [5, 5, 5]
Optimization metrics: 
Using Ada Grad
Mean update scheme:  S
Covariance update :  N
Using diagonal covariance?:  True
Random start? True
k1 samples =  64  k2 samples =  64
eta =  1.0  cov eta =  1.0  sigma eta =  1
iteration |   time   |test_rsme |rel-te-err|train_rsme|rel-tr-err|  d_mean  |   d_cov  | test_nll | train_nll |    VLB   |  E-term  |    KL     |   dw   |
    0         0.63      5.2877      4.12      3.9812      3.33      3.1623     0.2953     64.31      233.82     -262.0    -253.167    8.987       0.0    
    5         4.65      5.1108      4.2        3.4        2.78      3.1623     0.8252     59.26      211.32     -237.0    -226.943    10.485      0.0    
    10        8.57      4.9477      3.92      3.851       3.01      2.4377     0.8208     54.98      199.02     -218.0    -210.726     6.95       0.0    
    20       15.98      3.8678      2.96      2.8054      2.09      1.2888     0.3309     51.98      185.89     -212.0    -206.352    5.686       0.0    
    50       38.66      4.4272      3.52      3.1081      2.22      1.0611     0.2446     52.04      184.75     -207.0    -202.694    4.169       0.0    
   100        76.7      4.1617      2.92      2.9732      2.18      0.6715     0.8562     51.61      183.44     -205.0    -201.924    2.831       0.0    
   200       152.11     4.3267      3.44      3.0725      2.24      0.5455     2.592      52.24      183.71     -204.0    -201.772    2.258       0.0    
   300       227.65     5.0319      4.2       3.8872      2.89      0.7718    193.0527     50.7      184.58     -202.0    -199.84     2.057       0.0    
   400       303.44     4.5431      3.68      3.2234      2.23      0.5059    108.0527    50.27      179.5      -202.0    -199.925    1.891       0.0    
   500       378.42     4.3543      3.12      2.8071      2.0       0.5074     4.094      50.43      178.29     -200.0    -198.658    1.825       0.0    
   600       453.83     3.7947      2.64      2.8513      2.09      0.3629     3.1959     50.11      178.49     -199.0    -196.585    2.014       0.0    
   700       525.12     4.1809      3.16      2.8723      2.05      0.3252     1.139      50.55      180.64     -199.0    -197.336     1.74       0.0    
   800       601.08     4.089       3.2       2.8827      2.09      0.3201     1.1114     49.97      176.81     -197.0    -194.697    2.174       0.0    
   900       675.54     3.7842      2.88      2.6476      1.95      0.3299     0.6383     49.37      176.19     -199.0    -197.233    2.069       0.0    
   1000      750.95     3.5327      2.72      2.9103      2.09      0.3918     0.4775     49.59      179.3      -197.0    -194.637    2.214       0.0    
   1100      826.25     3.4234      2.76      2.7148      1.95      0.2458     0.2596     49.58      179.31     -199.0    -196.38     2.314       0.0    
   1200      902.24     3.8987      2.96      2.6306      1.98      0.2585     0.3954      51.0      178.33     -199.0    -196.614    2.333       0.0    
   1300      976.77     3.9345      3.0       2.6758      1.88      0.2852     0.2916      50.8      178.16     -198.0    -195.892    2.006       0.0    
   1400     1053.02     3.7947      2.8       2.7731      2.07      0.2679     2.8378     49.38      178.4      -197.0    -194.809    2.076       0.0    
   1500     1128.62     3.9141      3.0       2.8107      1.94      0.3038    11.8002      49.1      176.89     -196.0    -194.115    1.801       0.0    
   1600     1203.97     4.1617      3.24      2.5788      1.77      0.2186     2.885      49.96      174.66     -194.0    -192.86     1.615       0.0    
   1700     1279.03     4.1231      3.24       2.8        2.1       0.2802    22.0563     48.72      175.14     -198.0    -196.035    1.846       0.0    
   1800     1354.65     4.1425      3.16      3.0545      2.15      0.317      8.3468     49.48      176.23     -200.0    -197.687     1.91       0.0    
   1900     1429.87     3.731       2.88      3.0659      2.2       0.3157    37.5348     48.95      177.66     -200.0    -198.247    1.953       0.0    
   2000     1505.46     4.6217      3.68      3.2985      2.4       0.6799   16312.4912   51.12      178.08     -206.0    -201.851    4.147       0.0    
   2100     1580.52     3.7363      3.0       2.8948      2.06      0.2392    62.3791     49.64      172.74     -195.0    -192.53     2.537       0.0    
   2200     1655.76     3.9345      3.0       2.6833      1.78      0.2336    20.7956     48.75      174.87     -191.0    -188.994    1.926       0.0    
   2300     1731.27     3.4641      2.56      2.5159      1.73      0.2799     3.2998     48.18      171.91     -194.0    -191.776    1.765       0.0    
   2400     1805.05     3.9648      2.76      2.5377      1.64      0.2755     0.912      48.82      173.36     -195.0    -193.18     1.617       0.0    
   2500     1879.15     3.6715      2.6       2.4434      1.67      0.1795     0.6476     48.85      174.35     -196.0    -194.177     1.64       0.0    
   2600      1953.2     3.544       2.56      2.6814      1.79      0.1755     0.2606     48.31      173.34     -192.0    -190.019     1.89       0.0    
   2700     2028.48     3.4641      2.48      2.6533      1.86      0.1872     0.1974     49.85      174.71     -197.0    -195.249    2.042       0.0    
   2800     2102.66     3.909       2.96      2.571       1.81      0.1923     0.1435     48.93      174.91     -194.0    -192.165    2.069       0.0    
   2900     2177.09     3.7363      2.76      2.4678      1.79      0.1743     0.0782     49.29      176.89     -195.0    -192.74     2.046       0.0    
   3000     2251.49     3.7363      2.84      2.504       1.75      0.2012     0.0551      50.0      174.88     -197.0    -195.193    2.055       0.0    
   3100     2321.87     3.7363      2.92      2.569       1.8       0.1749     0.0537     50.15      175.88     -199.0    -197.284    2.126       0.0    
   3200     2397.01     3.9749      2.92      2.7928      1.98      0.1599     0.0621     48.51      177.25     -196.0    -194.152    1.998       0.0    
   3300     2471.04     3.4871      2.72      2.3495      1.6       0.1646     0.0683     49.72      175.86     -200.0    -197.439    2.076       0.0    
   3400     2544.95     3.3882      2.52      2.4454      1.72      0.1453     0.0769      49.2      174.77     -195.0    -192.768    1.877       0.0    
   3500     2619.03     3.821       2.68      2.7386      2.04      0.1704     0.1143     49.68      175.65     -199.0    -196.447    2.106       0.0    
   3600     2693.27     3.2373      2.4       2.3216      1.57      0.1696     0.0342     49.06      175.32     -199.0    -196.919    2.062       0.0    
   3700     2767.66      3.99       3.04      2.5962      1.84      0.1743     0.0653     49.65      175.05     -198.0    -195.886    2.125       0.0    
   3800     2842.94     3.821       2.92      2.8566      1.94      0.1821     0.0833     50.27      175.19     -196.0    -194.048    1.883       0.0    
   3900     2918.71     3.7683      3.0       2.5923      1.82      0.1486     0.044      49.29      176.57     -197.0    -194.816     2.11       0.0    
   4000     2993.38     3.677       2.88      2.6758      1.9       0.1377     0.1101     48.86      173.99     -199.0    -196.492    2.046       0.0    
   4100     3067.41     3.8158      2.88      2.6344      1.8       0.1593     0.1084     48.08      174.97     -198.0    -195.83     2.044       0.0    
   4200     3141.62     3.821       3.0       2.5884      1.8       0.1383     0.0767      48.9      175.44     -198.0    -195.907    1.907       0.0    
   4300     3216.82     3.8314      2.92      2.5179      1.78      0.1482     0.1863     49.02      173.5      -198.0    -195.983    1.989       0.0    
   4400     3292.42     3.5777      2.8        2.4        1.68      0.1381     0.1163     48.24      174.18     -194.0    -192.055    1.909       0.0    
   4500     3366.73     3.7041      2.92      2.4331      1.78      0.146      0.1459     48.94      173.07     -195.0    -193.436     1.86       0.0    
   4600     3440.78     3.6824      2.84      2.4104      1.75      0.1371     0.2697     48.09      174.51     -196.0    -194.056    1.851       0.0    
   4700     3514.94     3.527       2.6       2.502       1.8       0.1571     0.227      49.89      175.9      -194.0    -191.987     1.89       0.0    
   4800     3589.08     3.7363      2.76      2.504       1.83      0.1256     0.1048     49.72      175.5      -195.0    -193.214    1.848       0.0    
   4900     3663.28     4.1713      3.16      2.7386      2.0       0.1253     0.1912     49.71      174.89     -197.0    -195.314    1.756       0.0    
   5000     3737.88     3.5833      2.68      2.4658      1.8       0.1468     0.105      49.07      172.85     -196.0    -193.936    1.862       0.0    
   5100     3812.35     3.3287      2.76      2.4779      1.72      0.1486     0.1617     50.34      175.21     -196.0    -193.755    1.806       0.0    
   5200     3887.91      3.8        3.08      2.4718      1.77      0.1634     0.1972     49.31      172.64     -193.0    -191.235    1.713       0.0    
   5300     3962.39     3.7577      2.92      2.5318      1.77      0.1393      0.23      49.13      174.56     -192.0    -190.607    1.763       0.0    
   5400     4036.54     4.2048      2.96      2.7532      2.0       0.1314     0.2348     49.15      173.43     -194.0    -192.634     1.78       0.0    
   5500     4110.78     3.3882      2.84      2.4779      1.84      0.1224     0.1671     48.47      174.33     -195.0    -193.527    1.868       0.0    
   5600     4185.08     3.6932      2.84      2.5377      1.8       0.1274     0.325      50.24      173.43     -192.0    -190.429    1.845       0.0    
   5700     4259.85     3.9648      3.0       2.5515      1.77      0.1592     0.1978     48.79      175.05     -195.0    -192.967     1.8        0.0    
   5800     4335.21     3.7256      3.0       2.4718      1.77      0.136      0.2111     48.33      173.71     -194.0    -191.735    1.803       0.0    
   5900     4409.85     3.4641      2.4       2.5456      1.68      0.1418     0.2336     48.52      174.73     -194.0    -192.659    1.776       0.0    
   6000     4484.46     3.6387      2.92      2.5826      1.89      0.1543     0.1786     48.66      175.06     -192.0    -190.141    1.832       0.0    
[0.60845245 0.38318651 0.50447731 0.5617025  0.51553545 0.44664551
 0.35964094 0.39791102 0.69230959 0.41592946 0.59818194 0.7111715
 0.54983112 0.41134382 0.31656648 0.73697124 0.62816515 0.43959401
 1.00221209 0.92605063]
[0.85284556 0.53008763 0.69941679 0.76939513 0.57832648 0.67041775
 0.56424475 0.64388617 0.8254443  0.56529371 0.87965075 0.9332095
 0.8630687  0.4716342  0.48957762 1.03316772 0.78270055 0.49535407
 1.15870648 1.23435108]
[0.74773905 0.64194608 0.75677958 0.7094518  0.62127366 0.64742923
 0.66326468 0.63616502 0.8232632  0.43708738 0.78591768 0.84924664
 0.73494501 0.55615318 0.44721309 1.04267594 0.63634195 0.52638179
 0.96729338 1.03888213]
