Generating synthetic count valued data ... 
Generating synthetic  count valued data took:  0.49537229537963867
max_count =  13.0  min count =  0.0
Evaluation for true params: 
 test_rsme | train_rsme | rel-te-err | rel-tr-err |  test_nll  |  train_nll |
    0.0          0.0          0.0          0.0         109.0        396.75   
Factorizing with max_iteration = 6000  fixing covariance?:  False
Tensor dimensions:  [5, 5, 5]
Optimization metrics: 
Using Ada Grad
Mean update scheme:  S
Covariance update :  N
Using diagonal covariance?:  True
Random start? True
k1 samples =  64  k2 samples =  64
eta =  1.0  cov eta =  1.0  sigma eta =  1
iteration |   time   |test_rsme |rel-te-err|train_rsme|rel-tr-err|  d_mean  |   d_cov  | test_nll | train_nll |    VLB   |  E-term  |    KL     |   dw   |
    0         0.23      6.1547      5.24      4.1964      3.47      3.1623     0.194       68.7      236.9      -624.0    -615.219    8.915      0.0148  
    5         1.92      6.2032      5.04      6.5054      4.06      3.1623     0.2202     66.25      248.6      -552.0    -542.173    9.727      0.0003  
    10        3.56      5.755       3.2       8.8159      4.54      3.0016     0.1576     79.75      405.66     -554.0    -540.239    13.612     0.0001  
    20        6.18      5.6991      3.52      4.9285      3.31      3.076      0.1637     287.15    1081.99     -605.0    -582.547    22.349      0.0    
    50       12.43      5.6991      3.52      4.9285      3.31      2.4895     0.2968     294.73    1123.66     -622.0    -584.176    38.236      0.0    
   100       22.51      5.6991      3.52      4.9285      3.31      1.8699     0.4329     294.73    1123.66     -634.0    -584.176    50.147      0.0    
   200       41.94      5.6991      3.52      4.9285      3.31      1.3354     1.0437     294.73    1123.66     -646.0    -584.176    61.333      0.0    
   300       61.56      5.6991      3.52      4.9285      3.31      1.0798     3.1753     294.73    1123.66     -651.0    -584.176    66.821      0.0    
   400       81.16      5.6991      3.52      4.9285      3.31      0.9286     9.1331     294.73    1123.66     -654.0    -584.176    70.023      0.0    
   500       100.8      5.6991      3.52      4.9285      3.31      0.8249    21.7471     294.73    1123.66     -656.0    -584.176    72.224      0.0    
   600       120.42     5.6991      3.52      4.9285      3.31      0.751     38.4365     294.73    1123.66     -658.0    -584.176    74.033      0.0    
   700       140.05     5.6991      3.52      4.9285      3.31      0.6921    52.6765     294.73    1123.66     -660.0    -584.176    75.892      0.0    
   800       159.71     5.6991      3.52      4.9285      3.31      0.6458     62.545     294.73    1123.66     -661.0    -584.176    77.227      0.0    
   900       179.33     5.6991      3.52      4.9285      3.31      0.6053    69.8497     294.73    1123.66     -663.0    -584.176    78.836      0.0    
   1000      198.94     5.6991      3.52      4.9285      3.31      0.5717    77.7239     294.73    1123.66     -664.0    -584.176    79.92       0.0    
   1100      218.57     5.6991      3.52      4.9285      3.31      0.5467    85.9676     294.73    1123.66     -665.0    -584.176    80.85       0.0    
   1200      238.2      5.6991      3.52      4.9285      3.31      0.5205    92.4116     294.73    1123.66     -666.0    -584.176    81.683      0.0    
   1300      257.82     5.6991      3.52      4.9285      3.31      0.4991    96.2814     294.73    1123.66     -667.0    -584.176    82.451      0.0    
   1400      277.49     5.6991      3.52      4.9285      3.31      0.4815    98.2315     294.73    1123.66     -667.0    -584.176    83.133      0.0    
   1500      297.12     5.6991      3.52      4.9285      3.31      0.4647    98.5492     294.73    1123.66     -668.0    -584.176    83.757      0.0    
   1600      316.73     5.6991      3.52      4.9285      3.31      0.4497    97.0488     294.73    1123.66     -669.0    -584.176    84.33       0.0    
   1700      336.39     5.6991      3.52      4.9285      3.31      0.4363    94.1238     294.73    1123.66     -669.0    -584.176    84.868      0.0    
   1800      356.06     5.6991      3.52      4.9285      3.31      0.4256    90.8271     294.73    1123.66     -670.0    -584.176    85.356      0.0    
   1900      375.74     5.6991      3.52      4.9285      3.31      0.4111    88.1855     294.73    1123.66     -670.0    -584.176    85.812      0.0    
   2000      395.42     5.6991      3.52      4.9285      3.31       0.4      86.7149     294.73    1123.66     -670.0    -584.176    86.235      0.0    
   2100      415.04     5.6991      3.52      4.9285      3.31      0.3908    86.4376     294.73    1123.66     -671.0    -584.176    86.63       0.0    
   2200      434.69     5.6991      3.52      4.9285      3.31      0.381     94.7813     294.73    1123.66     -671.0    -584.176    87.002      0.0    
   2300      454.32     5.6991      3.52      4.9285      3.31      0.3727    104.6768    294.73    1123.66     -672.0    -584.176    87.813      0.0    
   2400      473.97     5.6991      3.52      4.9285      3.31      0.3638    113.668     294.73    1123.66     -672.0    -584.176    88.171      0.0    
   2500      493.57     5.6991      3.52      4.9285      3.31      0.3557    121.6018    294.73    1123.66     -673.0    -584.176    88.512      0.0    
   2600      513.26     5.6991      3.52      4.9285      3.31      0.3497    128.3628    294.73    1123.66     -673.0    -584.176    88.836      0.0    
   2700      532.9      5.6991      3.52      4.9285      3.31      0.3434    133.8768    294.73    1123.66     -673.0    -584.176    89.142      0.0    
   2800      552.53     5.6991      3.52      4.9285      3.31      0.3368    138.1253    294.73    1123.66     -674.0    -584.176    89.438      0.0    
   2900      572.17     5.6991      3.52      4.9285      3.31      0.3307    141.1649    294.73    1123.68     -674.0    -584.176    89.743      0.0    
   3000      591.99     5.6991      3.52      4.9285      3.31      0.3256    143.0964    294.73    1123.66     -674.0    -584.176    90.007      0.0    
   3100      611.65     5.6991      3.52      4.9285      3.31      0.3203    144.0439    294.73    1123.66     -674.0    -584.176    90.259      0.0    
   3200      631.32     5.6991      3.52      4.9285      3.31      0.3146    144.1259    294.73    1123.66     -675.0    -584.176     90.5       0.0    
   3300      650.94     5.6991      3.52      4.9285      3.31      0.3095    143.4437    294.73    1123.66     -675.0    -584.176    90.731      0.0    
   3400      670.55     5.6991      3.52      4.9285      3.31      0.3065    142.0836    294.73    1123.66     -675.0    -584.176    90.952      0.0    
   3500      690.16     5.6991      3.52      4.9285      3.31      0.2995    140.116     294.73    1123.66     -675.0    -584.176    91.165      0.0    
   3600      709.81     5.6991      3.52      4.9285      3.31      0.2965     137.62     294.73    1123.66     -676.0    -584.176    91.367      0.0    
   3700      729.44     5.6991      3.52      4.9285      3.31       0.29     134.6681    294.73    1123.66     -676.0    -584.176    91.561      0.0    
   3800      749.11     5.6991      3.52      4.9285      3.31      0.288     131.3704    294.73    1123.68     -676.0    -584.176    91.748      0.0    
   3900      768.73     5.6991      3.52      4.9285      3.31      0.2842    127.8264    294.73    1123.66     -676.0    -584.176    91.928      0.0    
   4000      788.34     5.6991      3.52      4.9285      3.31      0.2814    124.1515    294.73    1123.66     -676.0    -584.176     92.1       0.0    
   4100      807.99      inf        inf       4.9285      3.31      0.2775    120.4599    294.73    1123.66     -676.0    -584.176    92.266      0.0    
   4200      827.64     5.6991      3.52      4.9285      3.31      0.2738    116.8529    294.73    1123.66     -677.0    -584.176    92.425      0.0    
   4300      847.26     5.6991      3.52      4.9285      3.31       0.27     113.4182    294.73    1123.66     -677.0    -584.176    92.874      0.0    
   4400      866.86     5.6991      3.52      4.9285      3.31      0.2679    110.2189    294.73    1123.68     -677.0    -584.176    93.026      0.0    
   4500      886.48     5.6991      3.52      4.9285      3.31      0.2643    107.3124    294.73    1123.66     -677.0    -584.176    93.173      0.0    
   4600      906.1      5.6991      3.52      4.9285      3.31      0.2602    104.6978    294.73    1123.66     -677.0    -584.176    93.315      0.0    
   4700      925.73     5.6991      3.52      4.9285      3.31      0.2599    102.3929    294.73    1123.66     -678.0    -584.176    93.452      0.0    
   4800      945.34     5.6991      3.52      4.9285      3.31      0.2555    100.3766    294.73    1123.66     -678.0    -584.176    93.584      0.0    
   4900      964.96     5.6991      3.52      4.9285      3.31      0.2534    98.6345     294.73    1123.66     -678.0    -584.176    93.712      0.0    
   5000      984.58     5.6991      3.52      4.9285      3.31      0.2513    97.1335     294.73    1123.66     -678.0    -584.176    93.835      0.0    
   5100     1004.19     5.6991      3.52      4.9285      3.31      0.2479    95.8648     294.73    1123.66     -678.0    -584.176    93.954      0.0    
   5200     1023.82     5.6991      3.52      4.9285      3.31      0.2453    94.7839     294.73    1123.68     -678.0    -584.176    94.069      0.0    
   5300     1043.45     5.6991      3.52      4.9285      3.31      0.2433    93.8572     294.75    1123.68      -inf       -inf      94.181      0.0    
   5400     1063.07     5.6991      3.52      4.9285      3.31      0.2418    93.0755     294.73    1123.68     -678.0    -584.176    94.288      0.0    
   5500      1082.7     5.6991      3.52      4.9285      3.31      0.2374    92.4133     294.75    1123.66      -inf       -inf      94.392      0.0    
   5600      1102.3     5.6991      3.52      4.9285      3.31      0.2357    91.8632     294.73    1123.68     -679.0    -584.176    94.493      0.0    
   5700     1121.93     5.6991      3.52      4.9285      3.31      0.2337    91.4049     294.73    1123.68     -679.0    -584.176    94.59       0.0    
   5800     1141.55     5.6991      3.52      4.9285      3.31      0.2317    91.0116     294.73    1123.66     -679.0    -584.176    94.684      0.0    
   5900     1161.17     5.6991      3.52       inf        inf       0.2304    90.6916     294.73    1123.66     -679.0    -584.176    94.774      0.0    
   6000     1180.82     5.6991      3.52      4.9285      3.31      0.229     90.4297     294.73    1123.66     -679.0    -584.176    94.862      0.0    
[ 120.02152165  117.62382907  119.4591284  -115.639351   -118.3306974
  119.89268433 -117.70747403 -117.87291489 -117.80342642  118.98935745
 -117.14857631 -110.35512488 -117.31432627 -116.9610497   117.87861355
 -117.29633966  118.8775971   120.64924536  118.88505928 -117.77390257]
[-115.95176327 -117.64975806  116.32652488  119.61794081  119.04127955
  118.45139501  117.90528224  118.53376943  120.63981761  117.61271606
  118.56087587  111.48466343  119.04403569  119.94117888 -118.23670136
 -118.12562326  118.49126247  115.57969132 -117.26706843  117.6954842 ]
[ 118.90508825  120.20430389 -118.57892206  120.09430379  118.32966949
 -117.42154805  118.23916573  118.90159757  118.57207093 -117.23009066
  119.428953    122.01361565  117.98877185  120.54204917  118.82152029
 -115.79351725 -116.04663932 -118.08145626  119.89151862  118.45020934]
