Generating synthetic count valued data ... 
Generating synthetic  count valued data took:  0.5187826156616211
max_count =  13.0  min count =  0.0
Evaluation for true params: 
 test_rsme | train_rsme | rel-te-err | rel-tr-err |  test_nll  |  train_nll |
    0.0          0.0          0.0          0.0         109.0        396.75   
Factorizing with max_iteration = 6000  fixing covariance?:  False
Tensor dimensions:  [5, 5, 5]
Optimization metrics: 
Using Ada Grad
Mean update scheme:  S
Covariance update :  N
Using diagonal covariance?:  True
Random start? True
k1 samples =  64  k2 samples =  64
eta =  1.0  cov eta =  1.0  sigma eta =  1
iteration |   time   |test_rsme |rel-te-err|train_rsme|rel-tr-err|  d_mean  |   d_cov  | test_nll | train_nll |    VLB   |  E-term  |    KL     
    0         0.23      5.7654      4.68      4.1725      3.45      3.1623     0.1963     65.73      235.48     -595.0    -585.752    8.915    
    5         1.73      4.8083      3.76      8.0187      4.76      3.1623     0.2196     63.18      253.0      -575.0    -564.163    11.078   
    10        3.13      5.2839      3.04      9.8615      4.77      3.0181     0.153      80.77      449.13     -602.0    -586.164    15.346   
    20        5.54      5.6991      3.52      4.9285      3.31      3.0669     0.1678     282.74    1118.47     -608.0    -583.482    24.297   
    50       11.77      5.6991      3.52      4.9285      3.31      2.4552     0.2126     294.73    1123.66     -623.0    -584.176    39.265   
   100       21.63      5.6991      3.52      4.9285      3.31      1.8484     0.5169     294.73    1123.66     -635.0    -584.176    50.548   
   200       40.92      5.6991      3.52      4.9285      3.31      1.3217     1.8483     294.73    1123.66     -644.0    -584.176    60.012   
   300       60.21      5.6991      3.52      4.9285      3.31      1.0779     6.6948     294.73    1123.66     -649.0    -584.176    64.434   
   400       79.49      5.6991      3.52      4.9285      3.31      0.9264    18.9615     294.73    1123.66     -652.0    -584.176    67.328   
   500       98.79      5.6991      3.52      4.9285      3.31      0.8252    36.2433     294.73    1123.66     -653.0    -584.176    69.171   
   600       118.09     5.6991      3.52      4.9285      3.31      0.7472    52.4196     294.73    1123.66     -656.0    -584.176    71.89    
   700       137.4      5.6991      3.52      4.9285      3.31      0.6914     65.776     294.73    1123.66     -658.0    -584.176    73.587   
   800       156.7      5.6991      3.52      4.9285      3.31      0.6462    79.3326     294.73    1123.66     -659.0    -584.176    75.033   
   900       176.0      5.6991      3.52      4.9285      3.31      0.6077    91.1738     294.73    1123.66     -660.0    -584.176    76.287   
   1000      195.3      5.6991      3.52      4.9285      3.31      0.5739    98.5602     294.73    1123.66     -662.0    -584.176    77.676   
   1100      214.6      5.6991      3.52      4.9285      3.31      0.5451    102.7395    294.73    1123.66     -663.0    -584.176    78.671   
   1200      233.91     5.6991      3.52      4.9285      3.31      0.5198    104.9434    294.73    1123.66     -664.0    -584.176    80.217   
   1300      253.19     5.6991      3.52      4.9285      3.31      0.502     105.4786    294.73    1123.66     -665.0    -584.176    81.072   
   1400      272.48     5.6991      3.52      4.9285      3.31      0.4813    110.307     294.73    1123.66     -666.0    -584.176    81.859   
   1500      291.76     5.6991      3.52      4.9285      3.31      0.4651    120.2979    294.73    1123.66     -667.0    -584.176    82.589   
   1600      311.06     5.6991      3.52      4.9285      3.31      0.4503    127.5992    294.73    1123.66     -667.0    -584.176    83.269   
   1700      330.36     5.6991      3.52      4.9285      3.31      0.4351    132.1229    294.73    1123.66     -668.0    -584.176    83.916   
   1800      349.8      5.6991      3.52       inf        inf       0.4237    134.1551    294.73    1123.66     -669.0    -584.176    84.515   
   1900      369.23     5.6991      3.52      4.9285      3.31       0.41     134.0709    294.73    1123.66     -669.0    -584.176    85.078   
   2000      388.55     5.6991      3.52      4.9285      3.31      0.401     132.0985    294.73    1123.66   -8.988465674311579e+306    -inf      85.611   
   2100      407.85      inf        inf       4.9285      3.31      0.3892    128.4683    294.73    1123.66     -671.0    -584.176    86.376   
   2200      427.13     5.6991      3.52      4.9285      3.31      0.3825    123.5424    294.73    1123.66     -671.0    -584.176    86.857   
   2300      446.43     5.6991      3.52      4.9285      3.31      0.3728    117.9435    294.73    1123.66     -671.0    -584.176    87.315   
   2400      465.72     5.6991      3.52      4.9285      3.31      0.3635    112.3136    294.73    1123.66     -672.0    -584.176    87.754   
   2500      485.01     5.6991      3.52      4.9285      3.31      0.3587    107.1894    294.73    1123.66     -672.0    -584.176    88.173   
   2600      504.31     5.6991      3.52       inf        inf       0.3499    102.8396    294.73    1123.66   -1.7976931348623158e+307    -inf      88.576   
   2700      523.61     5.6991      3.52      4.9285      3.31      0.3435    99.3224     294.73    1123.68   -8.988465674311579e+306    -inf      88.962   
   2800      542.9      5.6991      3.52      4.9285      3.31      0.3364    96.5829     294.73    1123.66     -674.0    -584.176    89.334   
   2900      562.18     5.6991      3.52      4.9285      3.31      0.3335    94.4798     294.75    1123.68     -674.0    -584.176    89.692   
   3000      581.49     5.6991      3.52      4.9285      3.31      0.3247     92.916     294.73    1123.68     -674.0    -584.176    90.139   
   3100      600.79     5.6991      3.52      4.9285      3.31      0.3221    91.7464     294.73    1123.66     -675.0    -584.176    90.473   
   3200      620.1      5.6991      3.52      4.9285      3.31      0.3153    90.8888     294.73    1123.66     -675.0    -584.176    90.794   
   3300      639.39     5.6991      3.52      4.9285      3.31      0.3099    90.2653     294.73    1123.68     -675.0    -584.176    91.105   
   3400      658.68     5.6991      3.52      4.9285      3.31      0.3074     89.802     294.73    1123.66     -676.0    -584.176    91.406   
   3500      677.96     5.6991      3.52      4.9285      3.31      0.3012    89.4714     294.73    1123.68     -676.0    -584.176    91.699   
   3600      697.25     5.6991      3.52       inf        inf       0.2961    89.2375     294.73    1123.66     -676.0    -584.176    91.982   
   3700      716.53     5.6991      3.52      4.9285      3.31      0.2927    89.0496     294.73    1123.66     -676.0    -584.176    92.258   
   3800      735.83     5.6991      3.52       inf        inf       0.2881    88.9251     294.75    1123.66     -677.0    -584.176    92.526   
   3900      755.12     5.6991      3.52      4.9285      3.31      0.2828    88.8259     294.73    1123.66     -677.0    -584.176    92.786   
   4000      774.42     5.6991      3.52      4.9285      3.31      0.2802    88.7583     294.75    1123.66     -677.0    -584.176    93.039   
   4100      793.73     5.6991      3.52      4.9285      3.31      0.2763    88.7188     294.73    1123.69   -8.988465674311579e+306    -inf      93.286   
   4200      813.1      5.6991      3.52       inf        inf       0.2737    88.6988     294.73    1123.66     -678.0    -584.176    93.528   
   4300      832.39     5.6991      3.52      4.9285      3.31      0.2722    88.6718     294.75    1123.66   -8.988465674311579e+306    -inf      93.763   
   4400      851.67     5.6991      3.52      4.9285      3.31      0.2677    88.6671     294.73    1123.66     -678.0    -584.176    93.991   
   4500      870.96     5.6991      3.52      4.9285      3.31      0.2632    88.6583     294.73    1123.66     -678.0    -584.176    94.215   
   4600      890.24     5.6991      3.52       inf        inf       0.2599    88.6521     294.73    1123.68     -679.0    -584.176    94.433   
   4700      909.53     5.6991      3.52      4.9285      3.31      0.2586    88.6699     294.73    1123.68     -679.0    -584.176    94.647   
   4800      928.84     5.6991      3.52       inf        inf       0.2576    88.6642     294.73    1123.66   -8.988465674311579e+306    -inf      94.855   
   4900      948.13     5.6991      3.52      4.9285      3.31      0.2525    88.6569     294.73    1123.66   -8.988465674311579e+306    -inf      95.058   
   5000      967.41     5.6991      3.52      4.9285      3.31      0.2486    88.6626     294.73    1123.66     -679.0    -584.176    95.259   
   5100      986.66     5.6991      3.52      4.9285      3.31      0.2475    88.6753     294.73    1123.69     -680.0    -584.176    95.454   
   5200     1005.85     5.6991      3.52      4.9285      3.31      0.2458    88.6742     294.73    1123.68   -8.988465674311579e+306    -inf      95.645   
   5300     1025.06     5.6991      3.52      4.9285      3.31      0.2436    88.6863     294.73    1123.66     -680.0    -584.176    95.832   
   5400     1044.26     5.6991      3.52       inf        inf       0.2417    88.6943     294.73    1123.66   -8.988465674311579e+306    -inf      96.016   
   5500     1063.46     5.6991      3.52       inf        inf       0.2373    88.7066     294.73    1123.66     -680.0    -584.176    96.196   
   5600     1082.66     5.6991      3.52      4.9285      3.31      0.2372    88.7181     294.73    1123.68     -681.0    -584.176    96.373   
   5700     1101.86     5.6991      3.52      4.9285      3.31      0.2343    88.7311     294.75    1123.69     -681.0    -584.176    96.546   
   5800     1121.04     5.6991      3.52      4.9285      3.31      0.2323     88.733     294.73    1123.66     -681.0    -584.176    96.716   
   5900     1140.28     5.6991      3.52      4.9285      3.31      0.2321    88.7329     294.73    1123.66     -681.0    -584.176    96.884   
   6000     1159.47     5.6991      3.52      4.9285      3.31      0.2278    88.7335     294.75    1123.66     -681.0    -584.176    97.048   
[ 119.91522601  117.61993202  118.56564282  118.98275395 -118.29075285
  119.47733986 -118.32215177  117.44500944 -116.44844829  117.48653378
 -118.49974133 -116.43573397 -117.22585264 -116.85585134  117.28464651
  119.65863722 -117.38155931  120.68108828  118.75632786 -117.56130288]
[-116.18827972 -117.70038811  116.60448096  119.4804012   119.04112658
  118.6172281   117.60957799 -117.94714264  120.94370258  117.78285226
  118.48670233 -120.76895875  118.99336302  119.79761941  119.30287658
  117.68081831  120.20926344  115.5055681  -117.3327521   119.21022991]
[ 118.7981642   119.96812358 -118.54603619 -117.82060759  118.28437232
 -117.42945855  118.03487979  118.94835388  118.67888648 -117.39780679
  119.24672181 -117.8879198   117.58476419  120.2428129  -118.30223733
 -117.88447735  119.52700548 -117.98127724  119.85607075  118.26378676]
