Generating synthetic real valued data ... 
Generating synthetic  real valued data took:  0.4322671890258789
Evaluation for true params: 
 test_rsme | train_rsme | rel-te-err | rel-tr-err |  test_nll  |  train_nll |
    0.0          0.0          0.0          0.0         287.82       1131.0   
Factorizing with max_iteration = 6000  fixing covariance?:  False
Tensor dimensions:  [5, 5, 5]
Optimization metrics: 
Using Ada Grad
Mean update scheme:  S
Covariance update :  N
Using diagonal covariance?:  True
Random start? True
k1 samples =  64  k2 samples =  64
eta =  1.0  cov eta =  1.0  sigma eta =  1
iteration |   time   |test_rsme |rel-te-err|train_rsme|rel-tr-err|  d_mean  |   d_cov  | test_nll | train_nll |    VLB   |  E-term  |    KL     |   dw   |
    0         0.13    10599.5435   0.9973   10567.7662   0.9968     3.1623     1.8473     287.82    1151.29    -1160.0   -1151.293    8.815      0.0213  
    5         1.17    10503.0189   0.9881   10466.9658   0.9873     3.1623     1.849      287.82    1151.29    -1169.0   -1151.293    17.384     0.0001  
    10        2.16    10309.8058   0.9698   10268.9431   0.9686     3.0535     0.749      287.82    1151.29    -1177.0   -1151.293    25.324     0.0001  
    20        3.75    9562.0612    0.8988   9510.8407    0.8969     2.7844     0.262      287.82    1151.29    -1189.0   -1151.293    37.315      0.0    
    50        7.76    4683.6661    0.4321   4603.9855    0.4297     1.8047     0.0505     287.82    1151.29    -1207.0   -1151.293    55.949      0.0    
   100       14.18     593.0657    0.0415    399.4927    0.0294     0.276      0.0115     238.25     957.82    -1206.0   -1142.106    64.385      0.0    
   200       26.65     252.8554    0.0179    153.4384    0.0117     0.0267     0.0032     228.53     838.82    -1211.0    -1143.33    67.89       0.0    
   300       39.11     245.9941    0.0175    147.1011    0.0112     0.0109     0.0017     236.32     791.43    -1208.0   -1138.009    69.68       0.0    
   400       51.58     245.1655    0.0171    144.4639    0.011      0.0155     0.0011     226.75     816.93    -1206.0   -1135.408    70.925      0.0    
   500       64.06     241.6468    0.0171    142.1434    0.0109     0.0093     0.0008     212.8      827.65    -1205.0   -1133.579    71.884      0.0    
   600       76.52      241.26     0.017     139.9071    0.0107     0.0092     0.0006     217.16     821.47    -1210.0   -1137.819    72.671      0.0    
   700       89.04     239.9621    0.0168    137.7807    0.0105     0.0104     0.0005     217.96     819.04    -1214.0   -1140.755    73.34       0.0    
   800       101.51    237.513     0.0166    135.6655    0.0103     0.0133     0.0004     241.36     787.54    -1209.0   -1134.616    73.928      0.0    
   900       113.99    236.2291    0.0166    133.742     0.0102     0.0121     0.0003     237.32     815.14    -1208.0   -1134.037    74.439      0.0    
   1000      126.46    234.817     0.0166    131.6604     0.01      0.0101     0.0003     214.63     778.54    -1209.0   -1134.149    74.905      0.0    
   1100      138.92    230.4444    0.0163    129.7591    0.0098     0.0146     0.0003     223.31     762.89    -1209.0   -1133.502    75.316      0.0    
   1200      151.39    230.576     0.0163    127.8166    0.0097     0.0109     0.0002     242.94     779.52    -1212.0   -1136.107    75.704      0.0    
   1300      163.85    227.9508    0.0162    125.969     0.0095     0.0069     0.0002     221.92     760.64    -1209.0    -1133.26    76.058      0.0    
   1400      176.33    228.001     0.0164    124.1843    0.0094     0.0073     0.0002     226.88     771.26    -1212.0   -1135.163    76.379      0.0    
   1500      188.8     226.3968    0.016     122.3423    0.0093     0.0069     0.0002     227.01     812.9     -1214.0   -1137.055    76.699      0.0    
   1600      201.26    223.7178    0.016     120.5406    0.0091     0.0086     0.0002     232.22     814.31    -1211.0   -1134.012    76.98       0.0    
   1700      213.74    221.1477    0.0157    118.8247    0.009      0.0089     0.0001     219.13     783.33    -1211.0   -1133.481    77.261      0.0    
   1800      226.22     220.57     0.0158    117.0891    0.0088     0.0092     0.0001     223.82     764.75    -1213.0   -1135.435    77.522      0.0    
   1900      238.7     219.2792    0.0157    115.3851    0.0087     0.0063     0.0001     220.15     773.87    -1214.0   -1135.912    77.771      0.0    
   2000      251.17    217.2022    0.0155    113.6717    0.0086     0.0081     0.0001     229.74     791.69    -1214.0   -1135.494    78.007      0.0    
   2100      263.64    214.8467    0.0154    111.9807    0.0084     0.0073     0.0001     237.72     745.57    -1211.0   -1133.052    78.223      0.0    
   2200      276.11    214.5408    0.0154    110.3318    0.0083     0.0073     0.0001     237.44     748.99    -1211.0   -1132.412    78.434      0.0    
   2300      288.58    211.4777    0.0152    108.6956    0.0082     0.0061     0.0001     226.76     735.64    -1208.0   -1129.539    78.64       0.0    
   2400      301.04    210.884     0.0151    107.0954    0.008      0.0071     0.0001     215.16     758.07    -1210.0   -1131.507    78.839      0.0    
   2500      313.52    208.9142    0.015     105.4609    0.0079     0.0059     0.0001     222.81     740.84    -1210.0   -1131.052    79.024      0.0    
   2600      326.0     207.4729    0.015     103.8692    0.0078     0.0081     0.0001     214.97     774.54    -1210.0   -1130.356    79.205      0.0    
   2700      338.5     205.5595    0.0147    102.3116    0.0077     0.0054     0.0001     215.61     740.05    -1211.0   -1132.016    79.382      0.0    
   2800      350.97    204.5781    0.0148    100.7348    0.0076     0.0066     0.0001     215.05     721.76    -1212.0   -1132.898    79.547      0.0    
   2900      363.46    202.4158    0.0146    99.1939     0.0074     0.0066     0.0001     232.29     722.75    -1205.0   -1125.376    79.709      0.0    
   3000      375.96    200.2342    0.0145     97.665     0.0073     0.0059     0.0001     217.28     738.42    -1211.0   -1131.344    79.865      0.0    
   3100      388.46    199.2286    0.0144    96.1756     0.0072     0.0057     0.0001     217.37     705.82    -1210.0   -1130.087    80.017      0.0    
   3200      400.96    197.204     0.0142    94.6689     0.0071     0.0068     0.0001     235.08     748.93    -1214.0   -1134.246    80.163      0.0    
   3300      413.49    195.2954    0.0141     93.167     0.007      0.0048     0.0001     225.69     729.6     -1210.0   -1129.573    80.299      0.0    
   3400      425.99    195.2138    0.0142    91.7537     0.0069     0.0071     0.0001     221.83     717.22    -1207.0   -1126.317    80.439      0.0    
   3500      438.48    192.167     0.0139    90.2708     0.0067     0.0092     0.0001     206.45     772.24    -1209.0   -1128.351    80.579      0.0    
   3600      451.0     190.3537    0.0138    88.8384     0.0066     0.0068      0.0       222.34     686.14    -1212.0   -1131.164    80.712      0.0    
   3700      463.48    189.0648    0.0137    87.4599     0.0065     0.0046      0.0       217.86     698.55    -1206.0    -1125.5     80.837      0.0    
   3800      475.95    186.9639    0.0135    86.0328     0.0064     0.0069      0.0       215.45     670.13    -1209.0   -1127.624    80.96       0.0    
   3900      488.54    185.7013    0.0134    84.6926     0.0063     0.0049      0.0       229.19     725.45    -1211.0   -1130.267    81.075      0.0    
   4000      501.01    182.4095    0.0132    83.3832     0.0062     0.0053      0.0       233.75     708.98    -1211.0   -1129.527    81.196      0.0    
   4100      513.48    181.0783    0.0131    82.0616     0.0061     0.0043      0.0       223.3      673.66    -1210.0   -1128.223    81.309      0.0    
   4200      525.96    180.1777    0.013     80.7367     0.006      0.0062      0.0       215.99     695.14    -1204.0   -1122.111    81.423      0.0    
   4300      538.42    179.1976    0.0129    79.4662     0.0059     0.0053      0.0       230.18     693.52    -1207.0    -1125.13    81.528      0.0    
   4400      550.88    177.5646    0.0128     78.167     0.0058     0.0059      0.0       210.61     724.91    -1208.0   -1126.444    81.638      0.0    
   4500      563.36    175.8523    0.0127    76.9493     0.0057     0.006       0.0       216.42     655.91    -1205.0   -1123.639    81.746      0.0    
   4600      575.84    173.7685    0.0125    75.7543     0.0056     0.0048      0.0       204.88     696.01    -1202.0   -1120.452    81.849      0.0    
   4700      588.31    172.7045    0.0124    74.5907     0.0055     0.005       0.0       224.72     675.74    -1208.0   -1125.736    81.947      0.0    
   4800      600.78    170.7836    0.0123     73.403     0.0054     0.005       0.0       201.09     663.26    -1206.0   -1124.121    82.048      0.0    
   4900      613.28    169.7002    0.0122    72.2648     0.0052     0.0092      0.0       212.7      680.64    -1205.0   -1122.725    82.14       0.0    
   5000      625.77    167.1133    0.012     71.1735     0.0052     0.0052      0.0       222.96     688.86    -1208.0    -1125.38    82.234      0.0    
   5100      638.26    166.0576    0.012     70.0468     0.0051     0.0061      0.0       214.27     685.03    -1201.0    -1118.93    82.329      0.0    
   5200      650.78    164.6167    0.0118    68.9742     0.005      0.0067      0.0       213.28     635.58    -1198.0    -1115.46    82.425      0.0    
   5300      663.28    163.6979    0.0117    67.9428     0.0049     0.005       0.0       211.92     666.37    -1203.0   -1120.601    82.508      0.0    
   5400      675.77    162.0041    0.0116    66.9247     0.0048     0.0043      0.0       223.14     678.77    -1201.0   -1118.797    82.596      0.0    
   5500      688.24    160.2796    0.0114    65.9197     0.0048     0.0035      0.0       211.75     650.3     -1204.0   -1121.077    82.683      0.0    
   5600      700.71     158.63     0.0113    64.9381     0.0047     0.0059      0.0       208.05     638.8     -1203.0   -1120.608    82.767      0.0    
   5700      713.19    157.7432    0.0112     63.981     0.0046     0.0049      0.0       214.47     629.45    -1205.0    -1121.84    82.847      0.0    
   5800      725.69     155.87     0.0111    63.0445     0.0045     0.0057      0.0       213.55     618.12    -1205.0   -1122.299    82.932      0.0    
   5900      738.18    154.658     0.011     62.1674     0.0044     0.0031      0.0       210.84     592.59    -1204.0   -1120.852    83.012      0.0    
   6000      750.65    153.0328    0.0108    61.2724     0.0044     0.0084      0.0       199.55     632.73    -1208.0   -1124.567    83.091      0.0    
[9.3683703  7.98784629 7.9838698  9.32238527 7.28264818 9.27024858
 8.3887178  7.24594292 9.36284425 8.36230253 7.58476157 7.11468235
 7.70949244 9.1916325  8.38628982 7.47131846 8.76087786 9.24870293
 7.86097643 6.68089865]
[9.77793487 9.12771722 5.68011321 8.95810021 8.59532065 9.10926595
 7.20964252 8.06433357 9.88081443 7.70295253 7.63252844 5.35525195
 8.24154141 9.54155125 8.34851687 8.41228667 9.18866692 6.77185023
 8.52411123 8.38178155]
[ 8.42404112  8.97748526  8.66102493  9.15783444  6.59947162 10.0761303
  7.55744865  8.69659944  8.00354045  8.55954097  7.36484553  9.10638287
  5.62124493  9.67542402  8.60847849  7.78738536  8.80032895  8.49253403
  9.58259208  7.41964342]
