Generating synthetic real valued data ... 
Generating synthetic  real valued data took:  0.4042496681213379
Evaluation for true params: 
 test_rsme | train_rsme | rel-te-err | rel-tr-err |  test_nll  |  train_nll |
    0.0          0.0          0.0          0.0         287.82       1131.0   
Factorizing with max_iteration = 6000  fixing covariance?:  False
Tensor dimensions:  [5, 5, 5]
Optimization metrics: 
Using Ada Grad
Mean update scheme:  S
Covariance update :  N
Using diagonal covariance?:  True
Random start? True
k1 samples =  64  k2 samples =  64
eta =  1.0  cov eta =  1.0  sigma eta =  1
iteration |   time   |test_rsme |rel-te-err|train_rsme|rel-tr-err|  d_mean  |   d_cov  | test_nll | train_nll |    VLB   |  E-term  |    KL     |   dw   |
    0         0.35    10599.5435   0.9973   10567.7662   0.9968     3.1623     1.8524     287.82    1151.29    -1160.0   -1151.293    8.815       0.0    
    5         3.29    10503.0157   0.9881   10466.9648   0.9873     3.1623     1.8524     287.82    1151.29    -1169.0   -1151.293    17.395      0.0    
    10        6.61    10309.8616   0.9698   10268.9955   0.9686     3.0526     0.7468     287.82    1151.29    -1177.0   -1151.293    25.315      0.0    
    20       12.66    9562.3049    0.8988   9510.9983    0.8969     2.7835     0.2583     287.82    1151.29    -1189.0   -1151.293    37.233      0.0    
    50        30.5    4683.9923    0.4322   4604.1535    0.4297     1.8085     0.029      287.82    1151.29    -1206.0   -1151.293    54.363      0.0    
   100       59.98     596.2975    0.0418    402.6143    0.0296     0.2618      0.0       253.29    1001.31    -1154.0   -1095.523    58.455      0.0    
   200       118.45    255.4448    0.018     153.5239    0.0116     0.0232      0.0       232.79     857.46    -1073.0   -1014.392    58.54       0.0    
   300       176.88    246.7236    0.0173    146.9878    0.0112     0.0079      0.0       220.69     786.11    -1098.0   -1039.511    58.529      0.0    
   400       235.67    244.7823    0.0172    144.5074    0.011      0.0071      0.0       230.47     878.46    -1109.0   -1050.872    58.525      0.0    
   500       295.01    242.441     0.0171    142.2013    0.0108     0.0084      0.0       227.91     796.39    -1071.0   -1012.692    58.528      0.0    
   600       352.62    240.7464    0.017     140.0071    0.0106     0.0057      0.0       232.3      804.05    -1098.0   -1039.759    58.523      0.0    
   700       412.27    240.1662    0.0168    137.8469    0.0105     0.0064      0.0       220.13     830.83    -1065.0    -1006.45    58.533      0.0    
   800       471.01    238.1403    0.0168    135.7608    0.0103     0.0058      0.0       231.9      799.85    -1118.0   -1059.443    58.529      0.0    
   900       530.23    236.3097    0.0166    133.8259    0.0102     0.007       0.0       224.32     828.2     -1110.0   -1051.457    58.535      0.0    
   1000      590.0     234.1376    0.0166    131.8082     0.01      0.0055      0.0       216.67     829.33    -1056.0    -997.527    58.529      0.0    
   1100      649.11    232.9298    0.0165    129.8782    0.0098     0.0048      0.0       211.37     859.63    -1109.0    -1050.69    58.528      0.0    
   1200      706.97    230.5709    0.0164    128.0016    0.0097     0.0081      0.0       210.15     839.52    -1085.0   -1026.106    58.527      0.0    
   1300      766.42    228.8501    0.0162    126.1782    0.0095     0.0054      0.0       231.79     779.27    -1077.0   -1018.785    58.533      0.0    
   1400      825.65    228.2899    0.0162    124.4248    0.0094     0.0073      0.0       218.99     786.58    -1074.0   -1015.049    58.53       0.0    
   1500      885.2     226.5511    0.0161    122.6755    0.0093     0.007       0.0       194.33     802.86    -1072.0   -1013.612    58.533      0.0    
   1600      944.57    224.5531    0.0159    120.9417    0.0091     0.0054      0.0       242.38     840.91    -1109.0   -1050.836    58.533      0.0    
   1700     1003.22    222.8555    0.0159    119.2068    0.009      0.0066      0.0       218.53     770.5     -1115.0   -1056.479    58.537      0.0    
   1800     1062.13    221.4584    0.0158    117.5312    0.0089     0.0062      0.0       204.01     825.59    -1051.0    -992.512    58.538      0.0    
   1900     1120.89    219.2227    0.0156    115.8677    0.0087     0.0045      0.0       212.08     838.78    -1118.0   -1059.322    58.547      0.0    
   2000     1179.68    218.1842    0.0155    114.2387    0.0086     0.0063      0.0       204.83     809.26    -1070.0   -1011.083    58.55       0.0    
   2100     1238.32    216.1382    0.0155    112.5935    0.0085     0.0065      0.0       214.39     791.41    -1043.0    -984.404    58.548      0.0    
   2200     1297.47    214.4682    0.0153    111.0096    0.0084     0.0053      0.0       217.98     785.21    -1073.0   -1014.497    58.557      0.0    
   2300     1356.48    212.9044    0.0153    109.4038    0.0082     0.0045      0.0       226.46     778.99    -1064.0   -1005.804    58.548      0.0    
   2400      1415.6    212.0544    0.0153    107.8181    0.0081     0.0061      0.0       208.86     802.01    -1086.0   -1027.682    58.55       0.0    
   2500     1474.03    209.4162    0.0151    106.2631    0.008      0.0047      0.0       205.29     773.39    -1098.0   -1039.612    58.555      0.0    
   2600     1532.72    208.6944    0.015     104.7265    0.0078     0.0065      0.0       214.25     794.83    -1068.0    -1009.07    58.562      0.0    
   2700     1591.27    206.6654    0.0148    103.2253    0.0077     0.0065      0.0       190.74     856.95    -1071.0   -1012.535    58.563      0.0    
   2800     1650.06    205.1701    0.0147    101.7286    0.0076     0.0115      0.0       206.57     805.53    -1071.0   -1012.477    58.564      0.0    
   2900     1708.73    204.1912    0.0147    100.1991    0.0075     0.008       0.0       248.91     787.39    -1107.0   -1048.405    58.562      0.0    
   3000     1768.13    201.7312    0.0146    98.7426     0.0074     0.0068      0.0       227.1      806.8     -1085.0   -1026.416    58.565      0.0    
   3100     1827.42    201.4763    0.0144    97.2685     0.0073     0.0066      0.0       221.75     774.64    -1088.0   -1029.409    58.567      0.0    
   3200     1886.53    198.4775    0.0144    95.8531     0.0071     0.0062      0.0       229.96     750.17    -1066.0   -1007.226    58.562      0.0    
   3300     1945.31    197.6715    0.0143     94.39      0.007      0.0086      0.0       217.2      793.84    -1062.0   -1003.536    58.562      0.0    
   3400     2004.45    196.1197    0.0142    93.0329     0.0069     0.0062      0.0       187.09     841.0     -1083.0   -1024.395    58.567      0.0    
   3500     2063.69    193.9537    0.014     91.6542     0.0068     0.0056      0.0       212.31     821.41    -1025.0    -966.683    58.571      0.0    
   3600     2122.82    192.7164    0.0139    90.2641     0.0067     0.0069      0.0       208.32     795.08    -1097.0   -1038.558    58.573      0.0    
   3700     2181.64    191.0221    0.0137    88.9541     0.0066     0.0056      0.0       221.48     787.47    -1058.0    -999.406    58.581      0.0    
   3800     2240.91    190.8411    0.0137    87.6051     0.0065     0.0051      0.0       208.67     803.95    -1092.0   -1033.471    58.573      0.0    
   3900     2299.44    188.297     0.0137    86.2434     0.0064     0.006       0.0       225.87     755.67    -1075.0   -1016.621    58.572      0.0    
   4000     2358.03    186.505     0.0135     85.025     0.0063     0.0068      0.0       197.88     803.27    -1038.0    -979.265    58.578      0.0    
   4100      2416.6    185.2296    0.0134    83.7195     0.0062     0.0049      0.0       224.45     813.18    -1096.0    -1037.79    58.58       0.0    
   4200     2475.48    184.6409    0.0134     82.478     0.0061     0.0063      0.0       230.29     770.39    -1082.0   -1023.383    58.578      0.0    
   4300     2534.38    181.5115    0.0131     81.177     0.006      0.0069      0.0       219.44     782.4     -1041.0    -982.785    58.581      0.0    
   4400     2593.02    179.8311    0.0129    80.0026     0.0059     0.0076      0.0       207.07     785.07    -1052.0    -993.841    58.585      0.0    
   4500     2651.34    178.1073    0.0128    78.8135     0.0058     0.006       0.0       204.77     815.89    -1071.0   -1012.521    58.582      0.0    
   4600      2710.6    176.6306    0.0128     77.615     0.0057     0.0077      0.0       227.45     827.73    -1068.0   -1009.366    58.588      0.0    
   4700     2769.52    175.3315    0.0127    76.4548     0.0056     0.0046      0.0       199.99     837.23    -1075.0   -1016.406    58.586      0.0    
   4800     2828.36    173.625     0.0126    75.3899     0.0055     0.0061      0.0       190.59     806.64    -1096.0    -1037.55    58.591      0.0    
   4900     2887.53    172.7201    0.0124    74.2673     0.0054     0.0049      0.0       223.25     787.65    -1061.0   -1002.094    58.589      0.0    
   5000     2946.62    171.4087    0.0124    73.1589     0.0054     0.0067      0.0       218.89     792.1     -1060.0   -1001.202    58.59       0.0    
   5100     3005.41    169.5654    0.0122    72.1288     0.0052     0.0082      0.0       209.5      761.79    -1043.0    -984.601    58.587      0.0    
   5200     3064.15    167.5486    0.012     71.0271     0.0052     0.0044      0.0       216.56     753.05    -1068.0   -1009.859    58.584      0.0    
   5300     3123.61    166.2178    0.0119    70.0055     0.0051     0.0053      0.0       213.22     788.85    -1042.0    -982.965    58.589      0.0    
   5400      3181.7    164.6871    0.0118    69.0419     0.005      0.005       0.0       211.41     762.44    -1055.0    -996.414    58.59       0.0    
   5500     3240.98    163.4673    0.0118    68.0594     0.0049     0.0066      0.0       189.34     821.7     -1098.0   -1038.971    58.587      0.0    
   5600     3298.93    162.9281    0.0116    67.1245     0.0049     0.0069      0.0       204.49     778.69    -1067.0    -1008.32    58.599      0.0    
   5700     3357.48    161.6819    0.0116    66.1747     0.0048     0.0045      0.0       222.8      816.0     -1079.0   -1020.451    58.599      0.0    
   5800     3417.12    159.2949    0.0115    65.2653     0.0047     0.006       0.0       194.88     774.09    -1086.0   -1027.498    58.601      0.0    
   5900     3476.37    158.3102    0.0112    64.4925     0.0047     0.0049      0.0       226.63     774.85    -1063.0   -1004.184    58.599      0.0    
   6000     3535.25    157.2292    0.0112    63.5412     0.0046     0.0054      0.0       217.15     794.18    -1068.0   -1009.723    58.597      0.0    
[9.34624387 7.99969286 7.97055464 9.29420717 7.28107254 9.24284546
 8.37718246 7.28055417 9.34008167 8.34937039 7.60157377 7.1440352
 7.70063132 9.16307251 8.39203671 7.49097028 8.72425845 9.19808077
 7.8615059  6.71875475]
[9.74666968 9.09792312 5.74657147 8.94099427 8.55526476 9.0784358
 7.22496307 8.06423927 9.80909802 7.68397786 7.63427632 5.42854504
 8.21645667 9.47168686 8.36483631 8.38824739 9.13930492 6.7874692
 8.51060417 8.36301282]
[ 8.45460206  8.97534413  8.64355133  9.15376988  6.65335222 10.05530139
  7.61936125  8.70776135  8.02689915  8.57674117  7.38751082  9.11964285
  5.71125062  9.65561929  8.61386826  7.82330549  8.81111981  8.52650767
  9.5816536   7.44690591]
