Generating synthetic real valued data ... 
Generating synthetic  real valued data took:  0.44886350631713867
Evaluation for true params: 
 test_rsme | train_rsme | rel-te-err | rel-tr-err |  test_nll  |  train_nll |
    0.0          0.0          0.0          0.0         287.82       1131.0   
Factorizing with max_iteration = 6000  fixing covariance?:  False
Tensor dimensions:  [5, 5, 5]
Optimization metrics: 
Using Ada Grad
Mean update scheme:  S
Covariance update :  N
Using diagonal covariance?:  True
Random start? True
k1 samples =  64  k2 samples =  64
eta =  1.0  cov eta =  1.0  sigma eta =  1
iteration |   time   |test_rsme |rel-te-err|train_rsme|rel-tr-err|  d_mean  |   d_cov  | test_nll | train_nll |    VLB   |  E-term  |    KL     
    0         0.13    10599.6855   0.9973   10567.8592   0.9968     3.1623     1.8473     287.82    1151.29    -1160.0   -1151.293    8.815    
    5         1.06    10503.5901   0.9882   10467.5664   0.9874     3.1623     1.849      287.82    1151.29    -1169.0   -1151.293    17.383   
    10        1.95    10311.0652   0.9699   10270.3379   0.9688     3.0565     0.7496     287.82    1151.29    -1177.0   -1151.293    25.318   
    20        3.43    9565.0142    0.8991    9513.965    0.8972     2.7877     0.2621     287.82    1151.29    -1189.0   -1151.293    37.306   
    50        7.29    4689.9045    0.4328   4610.1765    0.4303     1.8092     0.0506     287.82    1151.29    -1207.0   -1151.293    55.955   
   100       13.52     594.974     0.0417    401.0082    0.0295     0.2846     0.0115     267.36    1015.55    -1208.0   -1143.454    64.395   
   200       25.67     255.3545    0.018     155.8957    0.0118     0.0199     0.0032     219.01     851.35    -1207.0   -1139.562    67.914   
   300       37.86     247.834     0.0174    148.9942    0.0114     0.0165     0.0017     246.98     840.11    -1210.0    -1140.01    69.705   
   400       50.03     245.6675    0.0173    146.3378    0.0112     0.0131     0.0011     232.14     885.58    -1207.0   -1136.488    70.962   
   500        62.2     244.2764    0.0171    143.9772    0.011      0.0124     0.0008     225.51     870.46    -1206.0   -1134.477    71.924   
   600       74.37     241.2525    0.0172    141.6189    0.0108     0.0139     0.0006     248.17     867.61    -1206.0   -1133.747    72.701   
   700       86.58     237.9841    0.0169    139.2616    0.0107     0.0096     0.0005     236.9      855.26    -1210.0   -1137.052    73.383   
   800       98.75     237.2792    0.0168    136.9083    0.0104     0.0128     0.0004     225.13     805.9     -1213.0    -1138.91    73.974   
   900       110.95    236.4811    0.0168    134.6244    0.0102     0.0077     0.0003     223.26     857.25    -1211.0   -1136.383    74.478   
   1000      123.1     234.4296    0.0167    132.5514    0.0101     0.0091     0.0003     259.96     803.46    -1212.0   -1136.717    74.936   
   1100      135.28    233.4233    0.0165    130.5123    0.0099     0.0103     0.0003     223.7      823.44    -1213.0   -1137.226    75.353   
   1200      147.45    229.9741    0.0164    128.4666    0.0098     0.0093     0.0002     237.05     833.94    -1211.0   -1135.215    75.738   
   1300      159.62    228.7414    0.0162    126.4624    0.0096      0.01      0.0002     240.05     852.15    -1210.0   -1134.014    76.092   
   1400      171.78    227.9586    0.0162    124.5769    0.0094     0.0091     0.0002     248.81     839.67    -1211.0   -1134.966    76.417   
   1500      183.95    224.9437    0.0161    122.6793    0.0093     0.0059     0.0002     244.64     788.8     -1214.0   -1137.725    76.728   
   1600      196.11    223.9963    0.0159    120.7881    0.0091     0.011      0.0002     227.9      810.16    -1210.0   -1133.188    77.031   
   1700      208.29    222.154     0.0159    119.0005    0.009      0.0072     0.0001     240.46     770.15    -1215.0   -1137.451     77.3    
   1800      220.45    220.027     0.0158    117.2077    0.0089     0.0102     0.0001     222.56     815.33    -1214.0   -1136.582    77.572   
   1900      232.63    219.5092    0.0157    115.4004    0.0087     0.0099     0.0001     243.75     799.51    -1208.0   -1130.337    77.814   
   2000      244.79    216.9261    0.0155    113.6394    0.0086     0.0103     0.0001     226.49     835.79    -1208.0   -1129.618    78.047   
   2100      256.96    215.5451    0.0155    111.907     0.0084     0.0085     0.0001     246.11     816.41    -1209.0   -1130.312    78.262   
   2200      269.12    214.1451    0.0153    110.1999    0.0083     0.0086     0.0001     222.99     795.61    -1212.0   -1133.566    78.476   
   2300      281.3     211.3976    0.0153    108.4909    0.0082     0.007      0.0001     221.89     814.06    -1210.0   -1131.356    78.676   
   2400      293.47    210.0099    0.0151    106.8091    0.008      0.007      0.0001     236.14     769.73    -1205.0   -1126.349    78.871   
   2500      305.64    208.3589    0.015     105.1529    0.0079     0.0061     0.0001     243.59     779.14    -1213.0   -1134.204    79.056   
   2600      317.85    206.3045    0.0149    103.5418    0.0078     0.0096     0.0001     225.11     811.63    -1204.0   -1124.429    79.236   
   2700      330.04    204.4232    0.0147    101.9036    0.0076     0.0088     0.0001     237.73     790.07    -1207.0   -1127.468    79.412   
   2800      342.22    202.6989    0.0146    100.3218    0.0076     0.0069     0.0001     212.94     758.66    -1209.0   -1129.871    79.58    
   2900      354.4     201.1693    0.0145    98.7143     0.0074     0.0082     0.0001     234.79     774.75    -1211.0   -1131.638    79.741   
   3000      366.63    199.9552    0.0144    97.1729     0.0073     0.0053     0.0001     240.64     780.87    -1210.0   -1129.806    79.904   
   3100      378.95    197.9829    0.0144    95.6325     0.0071     0.0049     0.0001     233.79     783.39    -1212.0   -1131.652    80.05    
   3200      391.16    196.3127    0.0142     94.102     0.007      0.0044     0.0001     234.18     745.35    -1211.0   -1130.709    80.201   
   3300      403.34    195.0025    0.0142    92.5841     0.0069     0.0061     0.0001     228.09     734.07    -1206.0   -1125.278    80.344   
   3400      415.55    193.2928    0.014     91.1049     0.0068     0.0078     0.0001     233.17     757.87    -1207.0   -1126.549    80.48    
   3500      427.73    191.7837    0.0139    89.6494     0.0067     0.0048     0.0001     223.03     754.92    -1214.0    -1133.36    80.612   
   3600      439.89    189.6629    0.0137    88.2246     0.0066     0.0047      0.0       231.79     761.88    -1213.0   -1131.783    80.749   
   3700      452.07    188.0332    0.0136    86.8064     0.0065     0.0068      0.0       225.36     773.45    -1212.0   -1130.921    80.876   
   3800      464.23    185.9809    0.0135    85.4136     0.0063     0.0057      0.0       247.05     745.18    -1209.0   -1128.198    80.999   
   3900      476.4     185.1535    0.0134    84.0542     0.0062     0.0058      0.0       224.18     746.88    -1212.0   -1131.307    81.123   
   4000      488.55    183.3578    0.0133     82.721     0.0061     0.0054      0.0       225.26     732.91    -1209.0   -1128.177    81.241   
   4100      500.74    181.4912    0.0132    81.4227     0.006      0.0043      0.0       220.64     712.17    -1208.0   -1126.698    81.357   
   4200      512.9     180.5958    0.013     80.1313     0.0059     0.0056      0.0       227.81     737.01    -1209.0   -1127.375    81.467   
   4300      525.2     178.5063    0.0129    78.8456     0.0058     0.0047      0.0       232.72     700.97    -1204.0    -1122.45    81.574   
   4400      537.37    177.0339    0.0127    77.6199     0.0057     0.0054      0.0       219.54     736.9     -1209.0   -1127.447    81.685   
   4500      549.56    174.846     0.0126    76.3558     0.0056     0.0068      0.0       214.18     719.94    -1207.0   -1125.161    81.788   
   4600      561.73    173.5798    0.0125    75.1823     0.0055     0.0036      0.0       230.53     745.24    -1202.0   -1120.534    81.888   
   4700      573.91    171.3241    0.0124    74.0082     0.0054     0.0033      0.0       216.26     716.24    -1209.0   -1127.099    81.988   
   4800      586.07    170.4627    0.0123    72.8822     0.0053     0.0055      0.0       226.87     711.5     -1204.0   -1121.489    82.089   
   4900      598.26    168.1357    0.0121    71.7854     0.0052     0.0071      0.0       229.65     681.49    -1204.0   -1121.361    82.191   
   5000      610.43    167.9169    0.0121    70.6791     0.0051     0.0043      0.0       204.67     680.32    -1210.0   -1128.085    82.288   
   5100      622.61    166.0678    0.0119    69.6031     0.0051     0.004       0.0       229.35     652.48    -1210.0   -1128.074    82.383   
   5200      634.78    164.4167    0.0117    68.5342     0.005      0.0055      0.0       224.18     677.65    -1199.0   -1116.325    82.472   
   5300      646.98    162.5156    0.0116    67.5102     0.0049     0.007       0.0       215.35     671.68    -1205.0   -1122.447    82.566   
   5400      659.15    161.0395    0.0114    66.5263     0.0048     0.0055      0.0       223.14     708.83    -1204.0   -1121.313    82.656   
   5500      671.32    159.8267    0.0115    65.5526     0.0047     0.0044      0.0       228.27     666.3     -1208.0   -1125.113    82.742   
   5600      683.49    158.4354    0.0113    64.5975     0.0046     0.0051      0.0       216.54     689.34    -1203.0   -1120.016    82.829   
   5700      695.67    156.6429    0.0111    63.6771     0.0046     0.0032      0.0       211.06     671.08    -1200.0   -1117.341    82.911   
   5800      707.82    155.7083    0.0111    62.7802     0.0045     0.0036      0.0       212.2      703.68    -1200.0   -1116.711    82.993   
   5900      719.99    154.1806    0.011     61.9111     0.0044     0.0044      0.0       221.85     657.6     -1199.0   -1115.484    83.076   
   6000      732.16    152.9462    0.0109    61.0509     0.0044     0.004       0.0       212.07     693.63    -1206.0   -1123.135    83.153   
[9.32428607 7.93849524 7.95269138 9.3009402  7.24962248 9.2219857
 8.35908596 7.22197706 9.32762503 8.34861246 7.56293082 7.09125089
 7.67752524 9.14980336 8.36010701 7.42816574 8.71500716 9.19102054
 7.82059383 6.63727028]
[9.80583956 9.16056919 5.70915928 8.98901478 8.64789189 9.07943349
 7.20004801 8.09813769 9.88269916 7.70330079 7.6659816  5.35000207
 8.29100356 9.51554742 8.38349603 8.44275567 9.17781372 6.74466442
 8.5657477  8.39429222]
[ 8.39770682  8.93571097  8.65731116  9.15792101  6.59655771 10.05139349
  7.58510793  8.70961571  7.96122354  8.5812994   7.37185101  9.13035369
  5.60672098  9.65161549  9.24419356  7.78279596  8.7895804   8.50507891
  9.59480766  7.40017684]
