Generating synthetic binary valued data ... 
Generating synthetic  binary valued data took:  11.711575269699097
Evaluation for true params: 
 test_rsme | train_rsme | rel-te-err | rel-tr-err |  test_nll  |  train_nll |
0.5752216964 0.5837122579   0.08272      0.08518      24762.13     98334.13  
Factorizing with max_iteration = 8000  fixing covariance?:  False
Tensor dimensions:  [50, 50, 50]
Optimization metrics: 
Using Ada Grad
Mean update scheme:  S
Covariance update :  N
Using diagonal covariance?:  True
k1 samples =  64  k2 samples =  64
eta =  1  cov eta =  1  sigma eta =  1
iteration |   time   |test_rsme |rel-te-err|train_rsme|rel-tr-err|  d_mean  |   d_cov  | test_nll | train_nll  
    50       54.15      1.3595     0.4621     1.3489     0.4549     3.1623     1.826     17642.46   70001.36  
   100       269.19     0.8856     0.1961     0.8702     0.1893     3.0939     0.7192    10855.91   42848.81  
   200       532.98     0.7788     0.1516     0.7708     0.1485     2.6074     0.1817    40193.45  156696.06  
   500      1003.61     0.781      0.1525     0.7751     0.1502     2.852      0.0816    70189.73  276483.97  
   1000     1659.21     0.781      0.1525     0.7751     0.1502     2.9483     0.073     70219.64  276641.78  
