Generating synthetic count valued data ... 
Generating synthetic  count valued data took:  14.07985520362854
max_count =  43  min count =  0
Evaluation for true params: 
 test_rsme | train_rsme | rel-te-err | rel-tr-err |  test_nll  |  train_nll |
1.5266026244 1.5176882515 0.971533425  0.9649289095  165281.86    659896.89  
Factorizing with max_iteration = 8000  fixing covariance?:  False
Tensor dimensions:  [50, 50, 50]
Optimization metrics: 
Using Ada Grad
Mean update scheme:  S
Covariance update :  N
Using diagonal covariance?:  True
k1 samples =  64  k2 samples =  64
eta =  1  cov eta =  1  sigma eta =  1
iteration |   time   |test_rsme |rel-te-err|train_rsme|rel-tr-err|  d_mean  |   d_cov  | test_nll | train_nll  
    50       68.41      9.742      6.5899     9.7741     6.5922     0.3162     0.2951   100616.14  404002.51  
   100       469.1      9.7922     6.5916     9.8271     6.6024     0.2817     0.2311   104867.38  420593.56  
   200       935.61     9.8728      6.61      9.9058     6.6156     0.2255     0.164    112203.28  448399.79  
   500       1664.0    10.0023     6.6337    10.0335     6.6372     0.1584     0.084     127379.5  509435.18  
