Factorizing with max_iteration = 20000  fixing covariance?:  False
Tensor dimension: [2370, 8663, 4066]
Mean update: S
Cov update: N
Using diagonal covariance: True
k1 samples =  64  k2 samples =  128
eta =  1.0  cov eta =  1.0  sigma eta =  1
iteration |   time   |  test_err  |  test_mae  |  trainerr  |  trainmae |
    0         2.01       0.0      52.7611      0.0      52.8359  
    5       8373.28      0.0       52.377      0.0      52.4537  
    10      16693.06     0.0      52.2015      0.0      52.2844  
    20      25256.37     0.0      51.8009      0.0      51.8899  
    50      34226.17     0.0      50.3602      0.0      50.4304  
   100      43273.14     0.0       48.013      0.0       48.052  
   200      52390.02     0.0      44.8427      0.0      44.8537  
   500      61428.6      0.0      37.1104      0.0      37.1261  
   1000     71121.23     0.0      27.8147      0.0      27.8556  
   1500     80466.94     0.0      21.4011      0.0      21.4537  
   2000     89604.77     0.0      16.0323      0.0      16.0238  
   2500     98561.13     0.0      12.9152      0.0      12.8352  
   3000    107531.83     0.0      11.9441      0.0      11.8233  
   3500    116517.29     0.0      11.2434      0.0       11.112  
   4000    125987.46     0.0      10.7617      0.0      10.6128  
   4500    145876.77     0.0      10.4987      0.0       10.332  
   5000    155529.09     0.0      10.4068      0.0      10.2266  
   5500    165526.04     0.0      10.0987      0.0       9.9153  
   6000    174903.49     0.0       10.026      0.0       9.8233  
   6500     183894.2     0.0       9.8488      0.0       9.6488  
   7000     192825.4     0.0       9.7704      0.0       9.5601  
   7500    202424.52     0.0       9.6811      0.0       9.4557  
   8000    211946.04     0.0       9.6093      0.0       9.3724  
   8500    221210.38     0.0       9.4921      0.0       9.2415  
   9000    230700.85     0.0       9.4223      0.0       9.1686  
   9500     240462.6     0.0       9.3939      0.0       9.1233  
  10000    250070.86     0.0       9.2439      0.0       9.0092  
  10500    259620.28     0.0       9.1731      0.0       8.935   
  11000    268691.46     0.0       9.1332      0.0       8.8857  
  11500    277624.26     0.0       9.0598      0.0       8.8101  
  12000    286538.34     0.0       8.9933      0.0       8.7532  
  12500    295568.62     0.0       8.9056      0.0       8.6556  
  13000    304605.12     0.0       8.8609      0.0       8.603   
  13500    313652.22     0.0       8.7651      0.0       8.5107  
  14000    322641.88     0.0       8.6984      0.0       8.4442  
  14500    331626.43     0.0       8.6396      0.0       8.3781  
