Generating synthetic real valued data ... 
Generating synthetic  real valued data took:  8.810301065444946
Evaluation for true params: 
 test_rsme | train_rsme | rel-te-err | rel-tr-err |  test_nll  |  train_nll |
    0.0          0.0          0.0          0.0       287494.79    1149836.49 
Using  0.05 of training data
Factorizing with max_iteration = 16000  fixing covariance?:  False
Tensor dimensions:  [50, 50, 50]
Optimization metrics: 
Using Ada Grad
Mean update scheme:  S
Covariance update :  N
Using diagonal covariance?:  False
Random start? True
k1 samples =  64  k2 samples =  128
eta =  1.0  cov eta =  1.0  sigma eta =  1
iteration |   time   |test_rsme |rel-te-err|train_rsme|rel-tr-err|   d_mean  |   d_cov  |avg_grad_m|avg_grad_c| test_nll | train_nll |    VLB   |  E-term  |    KL     |   dw   |
    0         1.1     9980.4386    0.9978   9977.7663    0.9978     3.1623     0.3517   92606.6051  44.4119   287823.14   57564.63   -57582.0  -57564.627   17.139     0.0175  
    5        80.27    9975.6153    0.9974   9972.9164    0.9974     3.1623     0.3664   604281.3911  322.5879  287823.14   57564.63   -57583.0  -57564.627   18.239     0.0001  
    10       164.61    9970.36     0.9968   9967.6157    0.9968     3.1623     0.3706   1163269.6528  688.0367  287823.14   57564.63   -57584.0  -57564.627   19.306      0.0    
    20       259.39   9957.4125    0.9955    9954.657    0.9955     3.1623     0.3804   2527820.3272 1781.6297  287823.14   57564.63   -57586.0  -57564.627   21.095      0.0    
    50       389.61   9898.7704    0.9896   9896.1436    0.9896     3.1623     0.3857   8584025.718 8841.3046  287823.14   57564.63   -57609.0  -57564.627   44.105      0.0    
   100       565.65   9725.2657    0.972     9722.712    0.972      3.0675     0.0266   18915804.5238 39964.1073 287823.14   57564.63   -57619.0  -57564.627   53.991      0.0    
   200       782.82    9025.552    0.901    9023.2251    0.901      2.8059     0.0183   46748065.7868 261148.0755 287823.14   57564.63   -57631.0  -57564.627   66.054      0.0    
   300       978.72   7813.4723    0.7779   7811.4736    0.7779     2.5301     0.0087   75053896.7677 845149.2713 287823.14   57564.63   -57638.0  -57564.627   73.082      0.0    
   400      1167.73   6160.5358    0.6097   6158.9646    0.6097     2.2387     0.0043   91946218.0351 1905543.956 287823.14   57564.63   -57642.0  -57564.627   77.61       0.0    
   500      1354.88    4299.592    0.4197   4298.5334    0.4197     1.9007     0.0024   89028171.8493 3389230.6377 287823.14   57564.63   -57645.0  -57564.627   80.713      0.0    
   600      1542.08    2612.46     0.2459    2611.891    0.2458     1.5049     0.0011   67798035.4177 5004895.4495 287823.14   57564.63   -57647.0  -57564.627   82.724      0.0    
   700      1730.28   1440.4532    0.1234    1440.017    0.1234     1.0952      0.0     40893753.3169 6332017.3803  285304.6   57056.55   -57615.0  -57531.084   83.96       0.0    
   800      1917.23    817.849     0.0634    816.8468    0.0635     0.7565      0.0     20745034.5566 7157052.2799 275249.38   55093.01   -57504.0  -57419.764   84.687      0.0    
