Generating synthetic real valued data ... 
Generating synthetic  real valued data took:  9.735009908676147
Evaluation for true params: 
 test_rsme | train_rsme | rel-te-err | rel-tr-err |  test_nll  |  train_nll |
1204.1840809454 1202.4146785192 0.1004525332 0.0999811243  278868.74    1115644.78 
Using  0.05 of training data
Factorizing with max_iteration = 16000  fixing covariance?:  False
Tensor dimensions:  [50, 50, 50]
Optimization metrics: 
Using Ada Grad
Mean update scheme:  S
Covariance update :  N
Using diagonal covariance?:  False
Random start? True
k1 samples =  64  k2 samples =  128
eta =  1.0  cov eta =  1.0  sigma eta =  1
iteration |   time   |test_rsme |rel-te-err|train_rsme|rel-tr-err|   d_mean  |   d_cov  |avg_grad_m|avg_grad_c| test_nll | train_nll |    VLB   |  E-term  |    KL     |   dw   |
    0         1.09    10043.0537   0.9979   10069.9993   0.9979     3.1623     0.3485   90925.8092   41.777   287823.14   57564.63   -57581.0  -57564.627   16.839     0.0171  
    5        78.38    10038.3944   0.9974   10065.3114   0.9974     3.1623     0.3612   590083.28   309.2624  287823.14   57564.63   -57583.0  -57564.627   18.04      0.0002  
    10       161.74   10033.3015   0.9969   10060.1839   0.9969     3.1623     0.3723   1135580.69  661.0248  287823.14   57564.63   -57584.0  -57564.627   19.081      0.0    
    20       256.48   10020.7267   0.9956   10047.5964   0.9956     3.1623     0.3774   2473620.1109 1713.6727  287823.14   57564.63   -57585.0  -57564.627   20.831      0.0    
    50       386.97   9963.6028    0.9896   9990.5559    0.9897     3.1623     0.3848   8431452.5644 8548.7499  287823.14   57564.63   -57609.0  -57564.627   43.899      0.0    
   100       564.45   9793.5598    0.9719   9820.5339    0.972      3.0698     0.027    18710863.4955 39030.7896 287823.14   57564.63   -57619.0  -57564.627   54.18       0.0    
   200       782.94   9104.7889    0.9003   9131.8327    0.9006     2.8067     0.0187   46535680.5674 257547.8221 287823.14   57564.63   -57631.0  -57564.627   66.18       0.0    
   300       978.94   7910.2777    0.7756   7937.3776    0.7763     2.5328     0.0087   74970353.3088 837298.699 287823.14   57564.63   -57638.0  -57564.627   73.176      0.0    
   400      1167.84   6285.4614    0.6049   6312.4332    0.6061     2.2405     0.0041   92114401.6899 1893195.5044 287823.14   57564.63   -57642.0  -57564.627   77.635      0.0    
   500      1355.56   4473.7545    0.4118   4499.8381    0.4135     1.9015     0.002    89483844.8218 3374718.4944  287728.9   57550.86   -57645.0  -57563.908   80.652      0.0    
   600      1543.15   2881.7446    0.2409   2904.3086    0.2425     1.5036     0.0012   68419296.4947 4993508.9715 286289.46   57302.55   -57627.0  -57544.294   82.683      0.0    
   700      1730.27   1879.0662    0.1458   1892.0252    0.1462     1.0903     0.0007   41462521.858 6328865.0204 282945.79   56614.05   -57588.0  -57504.271   83.955      0.0    
   800       1917.3   1458.2728    0.1152   1456.9777    0.1152     0.7481      0.0     21099403.5343 7162756.738 280243.13   56220.58   -57573.0  -57488.609   84.717      0.0    
