Generating synthetic real valued data ... 
Generating synthetic  real valued data took:  8.461095571517944
Evaluation for true params: 
 test_rsme | train_rsme | rel-te-err | rel-tr-err |  test_nll  |  train_nll |
    0.0          0.0          0.0          0.0       287494.79    1149836.49 
Using  0.05 of training data
Factorizing with max_iteration = 16000  fixing covariance?:  False
Tensor dimensions:  [50, 50, 50]
Optimization metrics: 
Using Ada Grad
Mean update scheme:  S
Covariance update :  N
Using diagonal covariance?:  False
Random start? True
k1 samples =  64  k2 samples =  128
eta =  1.0  cov eta =  1.0  sigma eta =  1
iteration |   time   |test_rsme |rel-te-err|train_rsme|rel-tr-err|   d_mean  |   d_cov  |avg_grad_m|avg_grad_c| test_nll | train_nll |    VLB   |  E-term  |    KL     |   dw   |
    0         2.6     9980.4386    0.9978   9977.7663    0.9978     3.1623     0.4025   92508.3318 4.4536045541840403e+17 287823.14   57564.63   -57582.0  -57564.627   17.138      0.0    
    5        85.59    9975.6153    0.9974   9972.9164    0.9974     3.1623     0.4025   604296.9618 3.593348621220696e+18 287823.14   57564.63   -57583.0  -57564.627   18.231      0.0    
    10       169.51    9970.36     0.9968   9967.6157    0.9968     3.1623     0.4025   1163146.4785 7.285195399384346e+18 287823.14   57564.63   -57584.0  -57564.627   19.293      0.0    
    20       266.4    9957.4125    0.9955    9954.657    0.9955     3.1623     0.4025   2528267.9533 1.8675485555663925e+19 287823.14   57564.63   -57586.0  -57564.627   21.077      0.0    
    50       415.93   9898.7703    0.9896   9896.1434    0.9896     3.1623     0.4025   8584270.3953 8.90333393471559e+19 287823.14   57564.63   -57614.0  -57564.627   49.469      0.0    
   100       620.38   9725.2657    0.972    9722.7123    0.972      3.068       0.0     18915804.2213 3.841699335481445e+20 287823.14   57564.63   -57622.0  -57564.627   57.226      0.0    
   200       950.26   9025.5516    0.901    9023.2253    0.901      2.806       0.0     46748304.424 2.005427475951279e+21 287823.14   57564.63   -57632.0  -57564.627   67.204      0.0    
   300      1278.67   7813.4805    0.7779   7811.4829    0.7779     2.5299      0.0     75053271.1264 4.0686136846275896e+21 287823.14   57564.63   -57638.0  -57564.627   73.457      0.0    
   400      1607.39   6160.5475    0.6097   6158.9775    0.6097     2.2386      0.0     91945826.301 4.159916948414308e+21 287823.14   57564.63   -57642.0  -57564.627   77.739      0.0    
   500      1936.19   4299.6033    0.4197   4298.5463    0.4197     1.9007      0.0     89028091.4434 2.2211821153884884e+21 287823.14   57564.63   -57645.0  -57564.627   80.726      0.0    
