Generating synthetic real valued data ... 
Generating synthetic  real valued data took:  10.03087043762207
Evaluation for true params: 
 test_rsme | train_rsme | rel-te-err | rel-tr-err |  test_nll  |  train_nll |
1204.1840809454 1202.4146785192 0.1004525332 0.0999811243  287434.61    1149937.97 
Using  0.05 of training data
Factorizing with max_iteration = 16000  fixing covariance?:  False
Tensor dimensions:  [50, 50, 50]
Optimization metrics: 
Using Ada Grad
Mean update scheme:  S
Covariance update :  N
Using diagonal covariance?:  False
Random start? True
k1 samples =  64  k2 samples =  128
eta =  1.0  cov eta =  1.0  sigma eta =  1
iteration |   time   |test_rsme |rel-te-err|train_rsme|rel-tr-err|   d_mean  |   d_cov  |avg_grad_m|avg_grad_c| test_nll | train_nll |    VLB   |  E-term  |    KL     
    0         1.26    10043.0537   0.9979   10069.9993   0.9979     3.1623     0.3485   90933.9747  41.7988   287823.14   57564.63   -57581.0  -57564.627   16.839   
    5        59.84    10038.3944   0.9974   10065.3114   0.9974     3.1623     0.3605   589804.3163  308.9833  287823.14   57564.63   -57583.0  -57564.627   18.04    
    10       124.21   10033.3015   0.9969   10060.1839   0.9969     3.1623     0.372    1135360.2992  660.9083  287823.14   57564.63   -57584.0  -57564.627   19.081   
    20       200.76   10020.7267   0.9956   10047.5964   0.9956     3.1623     0.3777   2473049.2948 1713.2773  287823.14   57564.63   -57585.0  -57564.627   20.831   
    50       314.9    9963.6028    0.9896   9990.5559    0.9897     3.1623     0.3844   8431154.8108 8548.5195  287823.14   57564.63   -57609.0  -57564.627   43.917   
   100       478.49   9793.5583    0.9719   9820.5323    0.972      3.0699     0.0266   18711541.7074 39033.3696 287823.14   57564.63   -57619.0  -57564.627   54.178   
   200       688.08   9104.7903    0.9003   9131.8336    0.9006     2.8069     0.0188   46535124.1935 257543.4389 287823.14   57564.63   -57631.0  -57564.627   66.166   
   300       877.09   7910.2819    0.7756    7937.38     0.7763     2.5328     0.0088   74970372.5914 837300.793 287823.14   57564.63   -57638.0  -57564.627   73.181   
   400      1057.54   6285.4665    0.6049    6312.436    0.6061     2.2404     0.0042   92113966.9865 1893133.1097 287823.14   57564.63   -57642.0  -57564.627   77.635   
   500       1236.4    4473.764    0.4118    4499.845    0.4135     1.9015     0.0019   89483451.7372 3374768.5426 287739.07   57552.47   -57643.0  -57562.221   80.652   
   600      1415.26   2881.7329    0.2409   2904.2964    0.2425     1.5037     0.0012   68420725.4412 4993428.0259 286390.16   57330.86   -57630.0  -57547.571   82.683   
   700      1592.07   1879.0652    0.1458   1892.0193    0.1462     1.0904     0.0008   41461530.1109 6328922.222 283157.48   56653.78   -57571.0  -57487.303   83.956   
   800      1769.22   1458.2692    0.1152   1456.9703    0.1152     0.7475      0.0     21100764.8622 7162781.9394 280961.08   56347.46   -57572.0  -57487.45    84.717   
   900      1946.26    1324.752    0.108     1311.885    0.1071     0.5139      0.0     10480774.3026 7588132.1887  280283.5   56186.2    -57561.0  -57476.306   85.183   
