Generating synthetic real valued data ... 
Generating synthetic  real valued data took:  8.38982081413269
Evaluation for true params: 
 test_rsme | train_rsme | rel-te-err | rel-tr-err |  test_nll  |  train_nll |
    0.0          0.0          0.0          0.0       287494.79    1149836.49 
Using  0.05 of training data
Factorizing with max_iteration = 16000  fixing covariance?:  False
Tensor dimensions:  [50, 50, 50]
Optimization metrics: 
Using Ada Grad
Mean update scheme:  S
Covariance update :  N
Using diagonal covariance?:  False
Random start? True
k1 samples =  64  k2 samples =  128
eta =  1.0  cov eta =  1.0  sigma eta =  1
iteration |   time   |test_rsme |rel-te-err|train_rsme|rel-tr-err|   d_mean  |   d_cov  |avg_grad_m|avg_grad_c| test_nll | train_nll |    VLB   |  E-term  |    KL     
    0         1.18    9980.4386    0.9978   9977.7663    0.9978     3.1623     0.352    92604.9306  44.4218   287823.14   57564.63   -57582.0  -57564.627   17.139   
    5        57.39    9975.6153    0.9974   9972.9164    0.9974     3.1623     0.3665   604289.1739  322.7243  287823.14   57564.63   -57583.0  -57564.627   18.239   
    10       119.43    9970.36     0.9968   9967.6157    0.9968     3.1623     0.3708   1163154.2512  688.0528  287823.14   57564.63   -57584.0  -57564.627   19.306   
    20       193.23   9957.4125    0.9955    9954.657    0.9955     3.1623     0.3805   2528462.8088 1782.4034  287823.14   57564.63   -57586.0  -57564.627   21.095   
    50       303.35   9898.7704    0.9896   9896.1436    0.9896     3.1623     0.3854   8584650.9645 8841.4565  287823.14   57564.63   -57609.0  -57564.627   44.069   
   100       461.69   9725.2664    0.972    9722.7129    0.972      3.0675     0.0275   18916248.5504 39965.3537 287823.14   57564.63   -57619.0  -57564.627   53.972   
   200       664.2    9025.5548    0.901    9023.2283    0.901      2.8058     0.0183   46749004.3653 261157.8598 287823.14   57564.63   -57631.0  -57564.627   66.061   
   300       848.18   7813.4863    0.7779    7811.489    0.7779      2.53      0.0088   75053489.8085 845139.3118 287823.14   57564.63   -57638.0  -57564.627   73.079   
   400      1025.18   6160.5604    0.6097   6158.9899    0.6097     2.2388     0.0043   91945903.3949 1905497.2976 287823.14   57564.63   -57642.0  -57564.627   77.61    
   500      1199.27   4299.6208    0.4197   4298.5624    0.4197     1.9008     0.0024   89028138.8503 3389201.9114 287823.14   57564.63   -57645.0  -57564.627   80.715   
   600      1371.69    2612.489    0.2459   2611.9205    0.2458     1.505      0.0011   67798710.8857 5004889.9646 287823.14   57564.63   -57647.0  -57564.627   82.724   
   700       1543.8   1440.4769    0.1234   1440.0341    0.1234     1.095       0.0     40894705.9035 6331992.1759 285453.71   57112.42   -57620.0  -57535.898   83.96    
   800       1715.8    817.8418    0.0634    816.832     0.0635     0.7564      0.0     20748360.9806 7156964.9382 276434.03   55195.87   -57507.0  -57422.208   84.687   
   900      1888.03     538.26     0.0411    536.2999    0.0411     0.5246      0.0     10179302.2761 7575959.4845 268639.47   53657.68   -57400.0  -57314.487   85.122   
   1000     2060.84    409.3212    0.0317    406.5928    0.0317     0.3778      0.0     5639804.1283 7767919.4258 262328.66   52560.65   -57337.0  -57251.785    85.4    
   1100     2233.12    340.1969    0.0268    336.9911    0.0266     0.2822      0.0     3622881.3486 7853296.0069 258233.65   51701.53   -57261.0  -57175.217   85.59    
   1200      2405.4    299.1932    0.0237    295.6775    0.0236     0.2169      0.0     2545831.7236 7891716.5355 254999.57   51072.66   -57207.0  -57121.287   85.728   
   1300     2578.92    274.2588    0.0219    270.5246    0.0217     0.1692      0.0     1862708.6038 7909861.9904  251844.0   50456.92   -57193.0  -57106.828   85.831   
   1400     2752.41    259.1827    0.0207    255.2688    0.0206     0.1338      0.0     1378949.9911 7919175.0858 250169.82   50075.96   -57175.0  -57088.84    85.909   
   1500      2926.4    250.1633     0.02     246.0916    0.0198     0.1066      0.0     1030556.87 7924172.0114  248272.4   49840.9    -57142.0  -57056.124   85.97    
   1600     3100.96    244.8045    0.0196    240.5896    0.0194     0.0852      0.0     775490.9512 7927263.8967 247663.03   49629.43   -57126.0  -57040.042   86.016   
   1700     3275.16    241.6307    0.0194    237.2967    0.0192     0.068       0.0     588662.3683 7929101.7159 246935.03   49415.01   -57103.0  -57016.663   86.053   
   1800     3447.35    239.7504    0.0192    235.3122    0.019      0.0545      0.0     452386.9182 7930429.2738 246495.89   49269.23   -57117.0  -57030.869   86.081   
   1900     3620.74    238.6279    0.0191    234.1085    0.0189     0.0445      0.0     347344.8689 7931355.7617 246492.11   49254.07   -57093.0  -57007.027   86.103   
   2000     3794.32    237.9662    0.0191    233.3723    0.0189     0.0355      0.0     272702.8893 7932010.0398 246492.33   49300.89   -57077.0  -56990.908   86.12    
   2100     3968.88    237.5695    0.0191    232.9163    0.0188     0.0284      0.0     214700.368 7932554.3275 246687.02   49192.31   -57082.0  -56995.379   86.134   
   2200     4143.51    237.3324    0.019     232.6326    0.0188     0.0229      0.0     171373.0195 7932884.445 246255.91   49192.82   -57111.0  -57024.429   86.145   
   2300     4316.82    237.1899    0.019     232.4509    0.0188     0.0186      0.0     139470.5238 7932992.3655 246324.27   49226.09   -57077.0  -56990.412   86.153   
   2400     4490.95    237.1014    0.019     232.3339    0.0188     0.015       0.0     115352.7189 7933415.4332 246013.01   49111.9    -57076.0  -56990.315   86.16    
   2500     4663.15    237.0479    0.019     232.2561    0.0188     0.0125      0.0     98881.3949 7933545.6541  246281.9   49054.14   -57130.0  -57044.237   86.165   
   2600      4835.0    237.0148    0.019     232.2033    0.0188     0.0102      0.0     82071.6419 7933558.4031 246436.72   49076.08   -57075.0  -56988.806   86.169   
   2700     5008.04    236.991     0.019     232.1662    0.0188     0.0083      0.0     72963.0633 7933718.4067  246697.5   49166.57   -57110.0  -57023.358   86.173   
   2800     5181.82    236.9767    0.019     232.1387    0.0188     0.0066      0.0     65368.4087 7933807.3988 246134.37   49370.28   -57091.0  -57004.586   86.175   
   2900     5352.38    236.9687    0.019     232.1176    0.0188     0.0057      0.0     61069.1896 7933809.9357 246791.21   49315.19   -57098.0  -57012.304   86.177   
   3000     5524.97    236.9624    0.019     232.1005    0.0188     0.0044      0.0     57065.9152 7933873.0024 246281.45   49184.86   -57105.0  -57018.769   86.178   
   3100      5698.9    236.9557    0.019     232.0857    0.0188     0.0038      0.0     54091.9111 7933849.0083 245984.94   49382.37   -57114.0  -57027.635   86.179   
   3200     5871.89    236.9502    0.019     232.0725    0.0188     0.0028      0.0     52817.5165 7933894.213 246577.81   49163.91   -57140.0  -57053.645   86.181   
   3300     6043.61    236.9466    0.019     232.0604    0.0188     0.0025      0.0     50551.522  7934011.337 246640.59   49212.0    -57093.0  -57006.418   86.181   
   3400     6215.62    236.942     0.019     232.049     0.0188     0.002       0.0     50189.4077 7934088.0289 246272.07   49339.85   -57110.0  -57024.01    86.182   
   3500     6388.08    236.9383    0.019     232.0379    0.0188     0.0017      0.0     49862.3906 7933905.8855  246631.8   49216.28   -57099.0  -57012.513   86.183   
   3600     6559.93    236.9309    0.019     232.0272    0.0188     0.0017      0.0     49457.3223 7933959.8434 246315.24   49424.22   -57081.0  -56995.007   86.183   
   3700     6733.32    236.9267    0.019     232.0166    0.0188     0.0015      0.0     49095.173  7933952.4915 246850.95   49265.82   -57106.0  -57019.781   86.184   
   3800     6906.81    236.9244    0.019     232.0062    0.0188     0.0015      0.0     48382.102  7934010.5166 247048.48   49267.69   -57105.0  -57019.111   86.184   
   3900     7079.66    236.923     0.019     231.9958    0.0188     0.0015      0.0     48236.0108 7933974.9106 246393.49   49131.65   -57109.0  -57022.477   86.184   
   4000     7251.11    236.9216    0.019     231.9854    0.0188     0.0016      0.0     48076.0807 7933998.4378 246279.13   49117.25   -57127.0  -57040.41    86.184   
   4100     7424.01    236.9179    0.019     231.9752    0.0188     0.0015      0.0     47856.5709 7934057.4435 246350.08   49222.96   -57109.0  -57023.301   86.185   
   4200     7597.67    236.915     0.019     231.9649    0.0188     0.0016      0.0     47710.791  7934047.6455 246249.63   49262.69   -57096.0  -57010.239   86.185   
   4300     7768.89    236.9118    0.019     231.9546    0.0188     0.0015      0.0     47857.3301 7934045.7485 246189.19   49158.9    -57125.0  -57038.462   86.185   
   4400     7939.84    236.9123    0.019     231.9443    0.0188     0.0015      0.0     47975.4492 7933945.8684 246301.16   49205.32   -57105.0  -57018.611   86.185   
   4500     8112.73    236.9079    0.019     231.934     0.0188     0.0015      0.0     47954.7546 7933961.9278 246401.13   49255.65   -57137.0  -57051.08    86.185   
   4600     8285.66    236.9018    0.019     231.9238    0.0188     0.0015      0.0     48057.1204 7934037.936  246013.0   49232.23   -57099.0  -57012.538   86.185   
   4700     8458.79    236.8949    0.019     231.9135    0.0188     0.0015      0.0     47508.8957 7933990.0898 246520.83   49250.59   -57110.0  -57023.652   86.185   
   4800     8631.53    236.8907    0.019     231.9033    0.0188     0.0016      0.0     47668.9052 7934129.4161 246110.56   49181.6    -57117.0  -57030.636   86.185   
   4900     8803.07    236.8916    0.019     231.893     0.0188     0.0015      0.0     48187.6251 7934015.12 246308.89   49216.94   -57086.0  -57000.159   86.185   
   5000     8976.14    236.8916    0.019     231.8827    0.0188     0.0015      0.0     47855.7315 7934050.3759 246326.96   49179.28   -57125.0  -57038.343   86.185   
   5100     9149.08    236.8882    0.019     231.8725    0.0188     0.0015      0.0     47582.4099 7934039.4752 246426.01   49212.98   -57104.0  -57018.242   86.185   
   5200     9319.88    236.8848    0.019     231.8622    0.0188     0.0015      0.0     47998.669  7933971.8435 246249.24   49277.31   -57103.0  -57016.769   86.185   
   5300     9491.08    236.8785    0.019     231.8519    0.0188     0.0016      0.0     48093.6171 7934019.9784 246352.66   49427.8    -57103.0  -57016.468   86.186   
   5400     9662.19    236.8692    0.019     231.8416    0.0188     0.0015      0.0     47970.3392 7934055.8691 246832.19   49141.6    -57085.0  -56998.655   86.186   
   5500     9834.39    236.8633    0.019     231.8313    0.0188     0.0015      0.0     48668.4284 7934012.7442 246235.51   49348.91   -57085.0  -56998.853   86.186   
   5600     10005.11   236.8641    0.019     231.821     0.0188     0.0016      0.0     48384.7529 7934080.4327 246302.15   49410.82   -57124.0  -57037.759   86.186   
   5700     10176.99   236.8648    0.019     231.8107    0.0188     0.0015      0.0     47952.485  7934002.4998 246196.01   49144.28   -57081.0  -56994.811   86.186   
   5800     10348.61   236.8592    0.019     231.8004    0.0188     0.0015      0.0     48368.9494 7934006.867 246515.07   49404.34   -57086.0  -56999.514   86.186   
   5900     10520.15   236.8569    0.019      231.79     0.0188     0.0017      0.0     48207.9566 7934034.594 246658.32   49246.66   -57109.0  -57022.695   86.186   
   6000     10692.36   236.8516    0.019     231.7797    0.0188     0.0015      0.0     47952.2637 7933937.487 246420.91   49213.34   -57114.0  -57027.957   86.186   
   6100     10865.41   236.8475    0.019     231.7693    0.0188     0.0015      0.0     48334.0629 7934129.7791 246717.26   49185.69   -57109.0  -57023.187   86.186   
   6200     11036.59   236.8452    0.019     231.759     0.0188     0.0015      0.0     48212.006  7933928.4019 246539.53   49247.86   -57094.0  -57007.687   86.185   
   6300     11209.37   236.8413    0.019     231.7487    0.0188     0.0017      0.0     48105.2826 7934020.0578 246503.93   49182.66   -57123.0  -57036.635   86.185   
   6400     11382.52   236.8335    0.019     231.7383    0.0188     0.0015      0.0     48191.2287 7933965.6966  246336.8   49269.65   -57068.0  -56981.813   86.185   
   6500     11556.03   236.8334    0.019     231.7279    0.0188     0.0015      0.0     47845.9183 7933982.4113 246139.93   49094.57   -57118.0  -57031.958   86.186   
   6600     11728.74   236.8286    0.019     231.7175    0.0188     0.0015      0.0     48254.7381 7933947.111 246684.56   49331.99   -57102.0  -57015.669   86.186   
   6700     11901.04   236.8213    0.019     231.7072    0.0188     0.0016      0.0     48382.5569 7934053.5627 246567.08   49123.23   -57100.0  -57013.467   86.185   
   6800     12073.71   236.8191    0.019     231.6968    0.0188     0.0015      0.0     47912.4211 7933972.2104  246193.7   49084.0    -57108.0  -57022.101   86.185   
   6900     12245.37   236.8167    0.019     231.6864    0.0188     0.0015      0.0     48399.0835 7934036.6464 246351.05   49265.05   -57113.0  -57026.616   86.185   
   7000     12418.38   236.8154    0.019     231.6759    0.0188     0.0017      0.0     48230.9989 7933881.5708 246164.85   49230.22   -57106.0  -57019.785   86.185   
   7100     12590.01   236.8084    0.019     231.6655    0.0188     0.0015      0.0     48383.5337 7934023.4528 246687.17   49206.27   -57082.0  -56995.382   86.186   
   7200     12763.05   236.8037    0.019     231.6551    0.0188     0.0017      0.0     48734.4451 7934050.8487  246679.3   49181.95   -57115.0  -57028.654   86.186   
   7300     12936.85   236.7959    0.019     231.6447    0.0188     0.0015      0.0     48745.7362 7934090.4973  246352.9   49366.81   -57126.0  -57039.826   86.185   
   7400     13109.82   236.795     0.019     231.6343    0.0188     0.0016      0.0     47998.0014 7934075.079 245832.98   49355.88   -57099.0  -57013.255   86.185   
   7500     13281.27   236.7905    0.019     231.6238    0.0188     0.0015      0.0     48583.2653 7933961.3346 246733.85   49208.65   -57070.0  -56984.18    86.185   
   7600     13453.25   236.7893    0.019     231.6134    0.0188     0.0015      0.0     48391.2568 7934117.9882 246417.68   49290.82   -57084.0  -56997.551   86.185   
   7700     13626.69   236.7808    0.019     231.6029    0.0188     0.0015      0.0     48187.5663 7934076.0293  246110.4   49305.01   -57088.0  -57002.237   86.185   
   7800     13798.33   236.7738    0.019     231.5924    0.0188     0.0015      0.0     48083.1945 7933975.6743 246293.88   49320.21   -57121.0   -57034.4    86.185   
   7900     13969.53    236.77     0.019     231.5819    0.0188     0.0015      0.0     48087.352  7933986.2952 245965.25   49218.14   -57113.0  -57026.646   86.185   
   8000     14140.46   236.7682    0.019     231.5714    0.0188     0.0016      0.0     48285.8701 7934023.7047 246330.63   49189.75   -57089.0  -57003.308   86.185   
   8100     14313.43   236.7631    0.019     231.5609    0.0188     0.0016      0.0     48770.1643 7933939.9397 246854.52   49274.37   -57102.0  -57015.769   86.185   
   8200     14488.69   236.7582    0.019     231.5504    0.0188     0.0016      0.0     48432.1027 7934010.7678 246719.21   49471.92   -57105.0  -57019.019   86.186   
   8300     14661.26   236.7628    0.019     231.5399    0.0188     0.0015      0.0     48452.707  7934031.5209 246398.18   49166.35   -57105.0  -57018.367   86.185   
   8400     14833.03   236.7574    0.019     231.5294    0.0188     0.0015      0.0     48411.8435 7933916.1714 246273.28   49194.88   -57108.0  -57021.323   86.185   
   8500     15004.77   236.7517    0.019     231.5188    0.0188     0.0015      0.0     48720.5735 7933959.1142 246852.62   49446.13   -57099.0  -57013.145   86.185   
   8600     15178.41   236.7453    0.019     231.5083    0.0188     0.0016      0.0     48468.7947 7934084.9128 246552.23   49393.92   -57120.0  -57034.23    86.185   
   8700     15351.73   236.7471    0.019     231.4977    0.0188     0.0016      0.0     48214.7816 7933970.6127 246237.39   49274.96   -57131.0  -57044.75    86.185   
   8800     15523.94   236.7435    0.019     231.4872    0.0188     0.0016      0.0     48476.7204 7933990.4881 246186.97   49327.64   -57110.0  -57023.737   86.185   
   8900     15694.65   236.7387    0.019     231.4766    0.0188     0.0015      0.0     48918.1571 7934032.5541 246054.15   49147.19   -57111.0  -57024.753   86.185   
   9000     15865.46   236.7367    0.019     231.466     0.0188     0.0016      0.0     49020.4952 7933945.4961 246503.61   49103.12   -57128.0  -57041.614   86.185   
   9100     16037.75   236.7339    0.019     231.4554    0.0188     0.0016      0.0     48496.4571 7934071.0374 246446.48   49209.1    -57103.0  -57016.538   86.185   
   9200     16208.88   236.7258    0.019     231.4447    0.0188     0.0015      0.0     48217.5839 7933883.3372 246136.55   49233.35   -57120.0  -57034.063   86.185   
   9300     16380.23   236.7188    0.019     231.4341    0.0188     0.0016      0.0     48281.8112 7934027.9432 246683.27   49263.87   -57091.0  -57004.594   86.185   
   9400     16550.92   236.7165    0.019     231.4235    0.0187     0.0015      0.0     48348.3616 7933996.3308 246425.42   49158.04   -57080.0  -56994.296   86.186   
   9500     16723.63   236.7094    0.019     231.4128    0.0187     0.0015      0.0     48550.8488 7934046.5642 246372.67   49425.38   -57092.0  -57005.595   86.186   
   9600     16900.85   236.7088    0.019     231.4022    0.0187     0.0015      0.0     48567.2476 7934105.1076 246303.67   49313.66   -57121.0  -57034.75    86.185   
   9700     17074.52   236.7068    0.019     231.3915    0.0187     0.0015      0.0     48448.932  7934040.8387 246302.16   49261.96   -57109.0  -57022.406   86.186   
   9800     17247.36   236.7019    0.019     231.3808    0.0187     0.0016      0.0     48871.3247 7933933.8766 246531.54   49325.55   -57087.0  -57001.058   86.186   
   9900     17420.55   236.694     0.019     231.3701    0.0187     0.0017      0.0     48982.3763 7934037.0917 246529.87   49314.46   -57125.0  -57039.184   86.185   
  10000     17593.84   236.692     0.019     231.3594    0.0187     0.0016      0.0     48815.2241 7934036.7417 246313.76   49157.98   -57114.0  -57027.519   86.186   
  10100     17766.56   236.6867    0.019     231.3487    0.0187     0.0016      0.0     48742.0231 7934017.8307 246702.08   49209.18   -57112.0  -57025.726   86.185   
  10200     17940.02   236.6812    0.019     231.338     0.0187     0.0016      0.0     48936.4329 7934117.5129 247092.66   49282.17   -57100.0  -57014.197   86.185   
  10300     18113.05   236.6754    0.019     231.3272    0.0187     0.0016      0.0     48881.0622 7933923.3252  246596.6   49214.12   -57128.0  -57041.366   86.185   
  10400     18285.48   236.6791    0.019     231.3164    0.0187     0.0016      0.0     48898.1639 7934027.4467 246326.42   49233.0    -57121.0  -57034.562   86.185   
  10500     18458.84   236.6797    0.019     231.3056    0.0187     0.0016      0.0     49043.4095 7934029.0916  246237.5   48999.16   -57126.0  -57039.934   86.185   
  10600     18631.92   236.6772    0.019     231.2948    0.0187     0.0016      0.0     49236.6614 7933931.6125 246308.91   49253.29   -57126.0  -57040.196   86.185   
  10700     18804.56   236.6748    0.019     231.2841    0.0187     0.0016      0.0     49512.5198 7933938.2337 246454.48   49054.19   -57129.0  -57042.348   86.186   
  10800     18977.34   236.6611    0.019     231.2732    0.0187     0.0016      0.0     49148.1619 7934024.6329 246480.29   49143.02   -57100.0  -57014.016   86.185   
  10900     19150.08   236.6558    0.019     231.2624    0.0187     0.0016      0.0     49019.0186 7934021.3268 246225.08   49146.69   -57088.0  -57002.245   86.186   
  11000     19323.55   236.656     0.019     231.2516    0.0187     0.0018      0.0     49266.9923 7933957.2185 246374.04   49208.65   -57094.0  -57007.474   86.185   
  11100     19496.89   236.6517    0.019     231.2407    0.0187     0.0016      0.0     48985.5208 7934114.9971 246038.69   49359.03   -57119.0  -57032.997   86.185   
  11200     19669.45   236.6464    0.019     231.2298    0.0187     0.0016      0.0     48984.3483 7933921.6142 246737.17   49340.56   -57095.0  -57008.857   86.185   
  11300     19840.02   236.645     0.019     231.219     0.0187     0.0016      0.0     48784.2284 7934061.354  246357.6   49164.14   -57103.0  -57016.424   86.185   
  11400     20011.03   236.6418    0.019     231.208     0.0187     0.0016      0.0     49450.3587 7933952.1944 246722.75   49151.42   -57124.0  -57037.756   86.185   
  11500     20184.14   236.6377    0.019     231.1971    0.0187     0.0016      0.0     49659.3578 7933852.3222 246382.41   49276.74   -57118.0  -57032.134   86.185   
  11600     20357.03   236.6321    0.019     231.1862    0.0187     0.0017      0.0     48833.4848 7933947.8679 246402.28   49348.46   -57140.0  -57053.919   86.185   
  11700     20529.97   236.6284    0.019     231.1753    0.0187     0.0016      0.0     49271.7693 7934009.5197 246531.46   49274.14   -57103.0  -57017.307   86.185   
  11800     20703.81   236.6275    0.019     231.1643    0.0187     0.0016      0.0     49272.9601 7933983.3537 246546.31   49277.19   -57096.0  -57010.026   86.185   
  11900     20875.03   236.6268    0.019     231.1533    0.0187     0.0016      0.0     49560.3906 7934054.8765 246567.53   49255.98   -57098.0  -57011.355   86.185   
  12000     21046.74   236.6228    0.019     231.1424    0.0187     0.0016      0.0     49071.1315 7934034.9081 246863.03   49198.07   -57148.0  -57061.321   86.185   
  12100     21218.64   236.6134    0.019     231.1313    0.0187     0.0016      0.0     49432.9854 7934005.6708 246739.25   49347.1    -57113.0  -57026.795   86.185   
  12200     21390.18   236.6086    0.019     231.1203    0.0187     0.0016      0.0     49409.9802 7933973.656 246356.79   49291.62   -57089.0  -57003.288   86.185   
  12300     21561.41   236.6031    0.019     231.1092    0.0187     0.0016      0.0     49116.1188 7933938.8408 246101.01   49140.83   -57118.0  -57031.667   86.185   
  12400     21733.46   236.6004    0.019     231.0982    0.0187     0.0016      0.0     49764.1591 7934077.5801 246655.86   49128.55   -57093.0  -57006.796   86.186   
  12500     21904.9    236.5948    0.019     231.0872    0.0187     0.0017      0.0     49764.2381 7933970.2821 246423.96   49230.16   -57102.0  -57016.205   86.185   
  12600     22076.96   236.5936    0.019     231.0761    0.0187     0.0016      0.0     49230.3689 7933966.5559 246316.24   49236.79   -57119.0  -57033.171   86.185   
  12700     22250.4    236.5869    0.019     231.065     0.0187     0.0018      0.0     49647.9277 7933972.3309 246609.18   49293.84   -57112.0  -57025.771   86.185   
  12800     22422.97   236.5804    0.019     231.0539    0.0187     0.0016      0.0     49493.9299 7933904.3668 246412.55   49216.3    -57099.0  -57013.121   86.186   
  12900     22596.33   236.5786    0.019     231.0428    0.0187     0.0017      0.0     49407.9856 7934134.6005 246326.77   49261.31   -57107.0  -57020.972   86.186   
  13000     22768.36   236.5724    0.019     231.0316    0.0187     0.0017      0.0     49773.5979 7933999.8725 246481.59   49336.78   -57109.0  -57022.417   86.186   
  13100     22941.35   236.5727    0.019     231.0205    0.0187     0.0016      0.0     49675.1558 7934082.9548 246437.98   49119.7    -57106.0   -57019.6    86.186   
  13200     23113.4    236.5648    0.019     231.0093    0.0187     0.0017      0.0     49863.6143 7934024.4509 246417.81   49250.84   -57131.0  -57044.34    86.186   
  13300     23284.14   236.5631    0.019     230.9981    0.0187     0.0017      0.0     50014.1575 7934005.3368 246710.28   49149.36   -57147.0  -57061.213   86.186   
  13400     23456.3    236.5599    0.019     230.9869    0.0187     0.0017      0.0     49900.0057 7934037.0843 246349.93   49233.6    -57090.0  -57004.163   86.185   
  13500     23629.42   236.5603    0.019     230.9757    0.0187     0.0017      0.0     49617.0107 7934095.4862 246301.19   49359.14   -57094.0  -57007.839   86.185   
  13600     23802.78   236.5523    0.019     230.9644    0.0187     0.0017      0.0     50000.1423 7933929.2958 246548.75   49260.72   -57101.0  -57014.427   86.185   
  13700     23973.53   236.5481    0.019     230.9531    0.0187     0.0018      0.0     49926.5002 7934103.9945 246590.43   49486.13   -57109.0  -57023.063   86.185   
  13800     24145.52   236.5496    0.019     230.9419    0.0187     0.0017      0.0     49644.1484 7934103.6737 246436.05   49290.44   -57096.0  -57009.876   86.185   
  13900     24316.71   236.5404    0.019     230.9306    0.0187     0.0016      0.0     49894.112  7933973.0448 246404.62   49226.94   -57101.0  -57014.538   86.185   
  14000     24489.34   236.5358    0.019     230.9192    0.0187     0.0017      0.0     50186.091  7933993.5821 246512.67   49239.06   -57092.0  -57005.402   86.185   
  14100     24661.19   236.5322    0.019     230.9079    0.0187     0.0017      0.0     50209.6236 7934013.4419  246632.6   49421.83   -57100.0  -57013.486   86.185   
  14200     24834.53   236.5302    0.019     230.8966    0.0187     0.0017      0.0     49669.1935 7934052.2154 246143.28   49122.85   -57102.0  -57015.841   86.185   
  14300     25007.73   236.5212    0.019     230.8852    0.0187     0.0017      0.0     50138.951  7934001.0731 246511.34   49215.22   -57104.0  -57018.085   86.185   
  14400     25180.88   236.5143    0.019     230.8738    0.0187     0.0017      0.0     50192.6792 7934059.7218 246404.16   49344.63   -57092.0  -57006.065   86.185   
  14500     25352.17   236.5079    0.019     230.8623    0.0187     0.0017      0.0     50180.9012 7933980.4155  246324.2   49194.93   -57101.0  -57014.681   86.185   
  14600     25523.44   236.505     0.019     230.8509    0.0187     0.0017      0.0     50245.7315 7934005.2829 246658.25   49337.41   -57090.0  -57003.725   86.185   
  14700     25695.7    236.503     0.019     230.8395    0.0187     0.0017      0.0     50029.1753 7934020.2413 246483.38   49301.08   -57125.0  -57038.716   86.185   
  14800     25868.78   236.5013    0.019     230.828     0.0187     0.0017      0.0     50618.5137 7933979.9214  246628.5   49243.77   -57111.0  -57024.433   86.185   
  14900     26042.23   236.4981    0.019     230.8165    0.0187     0.0017      0.0     50081.4488 7934044.6173 246275.47   49343.3    -57093.0  -57006.714   86.185   
  15000     26213.25   236.4938    0.019     230.805     0.0187     0.0017      0.0     50583.4653 7934077.2953 246039.21   49166.85   -57102.0  -57015.735   86.185   
  15100     26386.1    236.4873    0.019     230.7935    0.0187     0.0017      0.0     50410.4389 7934070.3893 246543.98   49242.91   -57105.0  -57018.377   86.185   
  15200     26560.12   236.4808    0.019     230.7819    0.0187     0.0017      0.0     50302.0271 7933912.3727 246431.28   49240.34   -57090.0  -57003.512   86.185   
  15300     26734.04   236.479     0.019     230.7704    0.0187     0.0017      0.0     50447.1389 7934025.9689 246557.03   49265.13   -57119.0  -57033.07    86.186   
  15400     26906.67   236.473     0.019     230.7588    0.0187     0.0017      0.0     50317.9163 7934126.5411 246200.38   49212.95   -57112.0  -57025.392   86.186   
  15500     27079.99   236.4688    0.019     230.7472    0.0187     0.0017      0.0     50357.0452 7934060.5797 246249.69   49324.94   -57097.0  -57010.417   86.186   
  15600     27253.76   236.4551    0.019     230.7356    0.0187     0.0017      0.0     50491.5972 7933965.4132 246664.25   49315.27   -57121.0  -57035.173   86.186   
  15700     27428.11   236.4558    0.019     230.7239    0.0187     0.0017      0.0     50648.4716 7934071.2655 246219.72   49303.99   -57113.0  -57026.585   86.186   
  15800     27600.36   236.4523    0.019     230.7122    0.0187     0.0018      0.0     50581.3804 7934095.5005  246772.5   49094.53   -57126.0  -57039.888   86.186   
  15900     27774.01   236.4494    0.019     230.7005    0.0187     0.0017      0.0     50723.3067 7933996.9727 246369.35   49228.93   -57112.0  -57025.739   86.185   
  16000     27945.33   236.4477    0.019     230.6888    0.0187     0.0017      0.0     50705.6613 7934050.6517 245987.38   49442.49   -57121.0  -57034.339   86.185   
[7.32575223 7.67407698 8.18082296 8.42854231 7.71278204 8.0378538
 7.8223093  8.7524217  7.98526301 7.67616628 7.55226772 8.21159936
 8.25539402 7.81335873 8.03223091 8.0412231  8.30227858 8.25678508
 7.71043377 7.9425741 ]
[7.7606478  8.12749681 8.16676443 7.5654366  8.22809008 7.6596169
 7.57181698 7.92767313 7.88161671 8.23329638 7.92070789 8.34489681
 7.4644124  7.80860788 7.45024964 8.63155138 7.88132119 8.01349215
 8.45749603 7.47925157]
[6.88648398 7.59295063 7.13353767 7.36761973 7.39242898 6.65409552
 6.87895996 6.97426455 7.54980891 6.99758603 7.67092482 7.19116144
 6.27097744 6.82698634 6.95595968 7.77236492 7.34538191 7.4127374
 7.06646062 7.12055288]
