Generating synthetic count valued data ... 
Generating synthetic  count valued data took:  32.5904335975647
max_count =  52  min count =  0
Evaluation for true params: 
 test_rsme | train_rsme | rel-te-err | rel-tr-err |  test_nll  |  train_nll |
2.6464995749 2.6289161265   1.51876      1.50536     163417.29    651123.47  
Using  0.05 of training data
Factorizing with max_iteration = 12000  fixing covariance?:  False
Tensor dimensions:  [50, 50, 50]
Optimization metrics: 
Using Ada Grad
Mean update scheme:  S
Covariance update :  N
Using diagonal covariance?:  False
Random start? True
k1 samples =  32  k2 samples =  128
eta =  1.0  cov eta =  1.0  sigma eta =  1
iteration |   time   |test_rsme |rel-te-err|train_rsme|rel-tr-err|   d_mean  |   d_cov  |avg_grad_m|avg_grad_c| test_nll | train_nll |    VLB   |  E-term  |    KL     
    0         2.57     10.4225     6.6666    10.3776     6.6258     3.1623     0.8774     0.5514     0.511    194084.73   38680.75   -80427.0  -80367.991   59.131   
    5        166.94    10.4335     6.6707    10.3752     6.6236     3.1623     0.8774     5.0275     5.7841    192193.6   38165.1    -79803.0  -79752.214   50.824   
    10       341.79    10.4448     6.6775    10.3623     6.6066     3.1623     0.8774     9.8587    11.7979   189093.53   37330.65   -78947.0  -78903.496   43.846   
    20       543.13    10.4468     6.6786    10.2564     6.5408     3.1623     0.8774    28.3188    31.5211   182852.83   35560.12   -75551.0  -75514.936   35.847   
    50       823.87    10.0492     6.4268     9.2857     5.898      3.1623     0.8828    150.4473   145.2325  158751.93   28261.81   -51788.0  -51750.928   37.224   
   100      1213.86     7.0025     4.1282     5.1649     3.173      3.1149     0.299     232.0967   234.3929   80555.02   12045.47   -14181.0  -14146.994   33.561   
   200      1761.62     5.8445     3.398      3.5447     2.1524     2.3862     0.2043    37.9599    101.0893   64790.66   9153.47    -10203.0  -10175.189   27.65    
   300      2312.68     5.2828     3.0601     2.8651     1.699      1.5953     0.1178    18.3457    97.9188    58502.61   8046.95    -8860.0    -8835.15    25.111   
   400      2862.34     5.0529     2.9629     2.675      1.5834     1.1888     0.0955    15.3825    100.7721   56581.86   7804.93    -8542.0   -8517.597    24.059   
   500      3411.23     4.9378     2.9213     2.5736     1.5136     0.9667     0.079     14.6576    103.1989   55758.24   7663.75    -8405.0   -8381.512    23.35    
   600      3962.19     4.8533     2.8864     2.4578     1.4474     1.4021     0.0681    14.0525    104.7576   55234.12   7568.53    -8287.0   -8264.382    23.007   
   700      4510.39     4.7913     2.8537     2.3777     1.3776     1.3025     0.0591    12.2731    106.3056   54863.5    7454.56    -8141.0   -8118.499    22.738   
   800       5062.8     4.7464     2.8352     2.2927     1.3252     0.8053     0.0508     9.985     107.9596   54538.58    7379.2    -8035.0   -8012.434    22.628   
   900      5614.81      4.71      2.8186     2.2426     1.2884     0.6825     0.0525     9.2165    109.5878   54403.18    7315.0    -7977.0    -7954.04    22.528   
   1000      6168.9     4.7033     2.8217     2.1665     1.2398     0.7211     0.0486     8.3519    110.8355   54490.27    7270.6    -7922.0   -7899.052    22.52    
   1100      6719.0     4.6958     2.8199     2.1165     1.2136     0.6485     0.0431     7.6147    112.5709   54489.76   7242.49    -7889.0   -7866.158    22.368   
   1200      7270.0     4.6821     2.8198     2.0759     1.191      0.6597     0.0383     7.6353    114.2199   54298.0    7208.32    -7837.0   -7814.288    22.27    
   1300     7820.67     4.6752     2.8206     2.0413     1.1708     0.511      0.0342     7.0051    115.5334   54377.08   7181.23    -7808.0    -7785.22    22.442   
   1400     8369.52     4.6839     2.8287     2.0008     1.1412     0.4262     0.0318     7.2705     116.84    54467.19   7162.03    -7790.0   -7767.393    22.421   
   1500      8919.4     4.6895     2.8348     1.9796     1.1358     0.7101     0.0359     6.8544    117.6761   54460.9    7147.61    -7780.0   -7756.944    22.623   
   1600     9472.17     4.6915     2.841      1.9625     1.123      0.3965     0.0294     6.7144    119.5051   54580.63   7126.15    -7756.0   -7733.191    22.792   
   1700     10021.55    4.6915     2.8447     1.9267     1.1032     0.4699     0.029      6.7117    120.2806   54563.56   7117.36    -7723.0   -7699.707    22.868   
   1800     10572.38    4.6885     2.8387     1.9063     1.0854     0.5371     0.027      7.1003    121.0228   54710.95   7094.75    -7721.0   -7697.806    22.975   
   1900     11125.45    4.6857     2.8416     1.8913     1.077      0.6524     0.026      6.8969    122.1132   54793.09    7095.3    -7715.0   -7692.281    23.067   
   2000     11671.98    4.6872     2.8439     1.8824     1.069      0.529      0.0269     7.5254    123.1433   54875.29    7080.3    -7721.0   -7697.851    23.14    
   2100     12225.63    4.7025     2.8518     1.8483     1.0514     0.5599     0.0232     7.1201    124.2642   54909.84   7091.86    -7714.0   -7690.628    23.225   
   2200     12772.51    4.7071     2.8577     1.8598     1.0636     0.571      0.0229     7.1032    125.9773   55077.78   7085.28    -7700.0   -7676.145    23.528   
   2300     13319.04    4.7155     2.859      1.8608     1.066      0.6755     0.0228     7.3655    126.4041   54999.39   7081.43    -7698.0   -7674.048    23.586   
   2400     13863.38    4.7287     2.8719     1.8169     1.0398     0.7159     0.0214     7.9807    127.5784   55205.15   7078.28    -7673.0   -7649.495    23.606   
   2500     14409.86    4.7255     2.8713     1.8186     1.0422     0.6346     0.0197     7.9804    128.8467   55265.81    7066.4    -7665.0    -7640.97    23.671   
   2600     14953.12    4.728      2.8719     1.8212     1.0442     0.6125     0.0206     7.4285    129.6892   55188.62   7050.98    -7670.0   -7645.799    23.902   
   2700     15485.9     4.7309     2.8796     1.8083     1.0344     0.6264     0.0182     7.5332    131.0859   55306.77   7054.71    -7657.0   -7633.367    24.083   
   2800     16013.65    4.7398     2.8834     1.7918     1.0302     0.5028     0.0187     7.0718    131.1451   55546.53   7051.14    -7641.0   -7617.189    24.05    
   2900     16544.92    4.7404     2.885      1.7703     1.0176     0.4606     0.0167     7.1788    132.6924   55644.12   7046.27    -7660.0   -7635.876    24.26    
   3000     17071.12    4.7425     2.8831     1.7627      1.01      0.5335     0.017      6.7511    132.4929   55408.92   7032.06    -7638.0   -7613.605    24.19    
   3100     17597.17    4.7431     2.8902     1.7505     0.9956     0.4528     0.0152     7.0376    133.3047   55668.65   7028.69    -7646.0   -7621.616    24.239   
   3200     18122.95    4.7288     2.8794     1.7591     1.0076     0.8165     0.0148     8.1628    134.8553   55600.36   7027.69    -7635.0   -7610.408    24.322   
   3300     18651.55    4.7449     2.8875     1.7663     1.009      0.8958     0.0151     8.2288    134.4841   55609.21   7031.06    -7634.0   -7609.542    24.343   
   3400     19178.54    4.7354     2.8852     1.7338     0.987      0.6845     0.0152     8.0767    135.3701   55680.92   7018.84    -7632.0   -7607.257    24.503   
   3500     19705.76    4.7497     2.8877     1.7401     0.9942     0.6533     0.0141     7.8591    136.2789   55851.27   7026.33    -7631.0    -7606.12    24.619   
   3600     20232.66    4.7443     2.8891     1.7232     0.9874     0.5687     0.0134     7.1845    137.1307   55629.23   7004.25    -7619.0   -7594.326    24.607   
   3700     20758.38    4.7481     2.8902     1.7029     0.9748     0.634      0.0136     7.081     136.9867   55706.44   7011.55    -7616.0   -7591.312    24.687   
   3800     21284.08    4.7343     2.8826     1.6994     0.9806     0.5152     0.0131     7.0311    138.5247   55560.88   6995.22    -7613.0   -7588.475    24.771   
   3900     21809.19    4.7538     2.8982     1.6836     0.9676     0.5641     0.0144     7.3099    139.3257   55814.71   7012.38    -7615.0   -7589.981    24.82    
   4000     22332.98    4.7545     2.8947     1.676      0.9602     0.4862     0.0118     7.6585    140.046    55786.08   7007.83    -7602.0   -7576.505    25.056   
   4100     22857.84    4.7576     2.9022     1.6978     0.9792     0.4442     0.0119     8.2083    140.1533   55721.9    7007.62    -7597.0   -7572.284    24.93    
   4200     23384.17    4.7578     2.9026     1.6899     0.9802     0.4514     0.0121     7.9622    142.3766   55706.27   7000.03    -7582.0   -7556.709    24.946   
   4300     23909.18    4.7589     2.8962     1.6818     0.9672     0.5526     0.0111     8.4942    141.9787   55861.94   7004.69    -7589.0   -7563.707    24.966   
   4400     24435.02    4.7673     2.9012     1.6968     0.9862     0.5703     0.0114     8.1627    141.679    55889.27   6995.44    -7606.0   -7580.958    25.031   
   4500     24963.24    4.7417     2.8871     1.6349     0.9318     0.5254     0.0116     7.9508    141.561    55750.23   6983.52    -7589.0   -7564.292    25.056   
   4600     25488.14    4.7495     2.8936     1.6533     0.953      0.5414     0.0112     7.6086    142.6877   55752.91   6990.48    -7575.0   -7550.298    25.083   
   4700     26013.92    4.7706     2.9083     1.6719     0.9712     0.543      0.0101     7.6214    144.1489   55937.84   7004.85    -7581.0   -7555.411    25.099   
   4800     26544.19    4.7543     2.8968     1.6535     0.9562     0.6667     0.0111     8.1095    144.0643   55797.58   6994.56    -7589.0   -7564.017    25.055   
   4900     27096.12    4.764      2.9023     1.6442     0.9458     0.5984     0.0096     7.8996    144.8705   55994.65   6995.24    -7576.0    -7551.04    25.107   
   5000     27650.36    4.7746     2.9082     1.6404     0.9434     0.5829     0.0099     7.6477    145.3157   56114.98    6986.5    -7574.0    -7548.5     25.08    
   5100     28202.59    4.7586     2.8964     1.6267     0.9304     0.4687     0.0098     7.5936    145.8704   55930.6    6977.08    -7558.0   -7532.691    25.12    
   5200     28754.11    4.7681     2.9044     1.6171     0.9394     0.3644     0.0102     6.9264    146.0643   55908.13   6987.31    -7576.0   -7550.968    25.196   
   5300     29307.44    4.7604     2.8981     1.6234     0.933      0.4275     0.0097     7.1896    147.1133   55889.23   6969.93    -7572.0   -7546.697    25.22    
   5400     29862.58    4.7556     2.8992     1.6219     0.9256     0.5105     0.0089     7.1726    147.3384   55900.83   6981.14    -7552.0   -7527.172    25.18    
   5500     30415.13    4.761      2.9043     1.6238     0.9392     0.5174     0.0093     7.8204    148.3548   55821.98   6983.54    -7583.0   -7557.715    25.156   
   5600     30968.92    4.7698     2.9098     1.6182     0.9378     0.4847     0.0083     7.4263    148.4506   56038.31   6981.31    -7565.0   -7539.476    25.222   
   5700     31521.93    4.7751     2.9148     1.6112     0.9312     0.4234     0.0081     7.0059    147.9709   55992.23   6967.17    -7569.0   -7543.806    25.296   
   5800     32073.52    4.784      2.9162     1.6211      0.94      0.5024     0.0083     7.2426    149.3054   56039.15   6970.34    -7556.0   -7531.127    25.233   
   5900     32627.39    4.7704     2.9106     1.6027     0.9172     0.4213     0.0084     6.9592    149.1845   55965.74   6966.41    -7564.0   -7538.319    25.263   
   6000     33180.03    4.7714     2.9123     1.5924     0.9238     0.4928     0.0079     7.4941    149.615    56060.63   6978.29    -7559.0   -7533.487    25.337   
   6100     33731.57    4.7729     2.914      1.6101     0.9296     0.5404     0.0077     8.4881    149.9042   56169.2    6975.75    -7577.0   -7551.679    25.318   
   6200     34282.8     4.7881     2.9226     1.6079     0.939      0.594      0.008      8.2952    151.5356   56059.21   6989.35    -7558.0   -7533.076    25.313   
   6300     34833.01    4.7693      2.91      1.5811     0.9152     0.5126     0.0085     8.0141    150.6553   56091.83   6977.62    -7561.0   -7535.145    25.377   
   6400     35379.81    4.784      2.9215     1.5916     0.9268     0.4951     0.0087     7.7462    150.8534   56155.72   6973.27    -7532.0   -7506.045    25.467   
   6500     35929.59    4.7815     2.9223     1.5995     0.9252     0.4168     0.0086     7.8267    152.3817   56096.66   6968.84    -7547.0    -7521.41    25.475   
   6600     36481.19    4.763       2.91      1.5868     0.9184     0.4216     0.0087     7.6183    152.3086   55996.4    6961.22    -7536.0   -7510.692    25.494   
   6700     37033.64    4.773      2.911      1.5696     0.9154     0.4218     0.0073     8.0665    152.5331   55967.85    6968.4    -7542.0    -7516.28    25.556   
   6800     37584.11    4.7716     2.9127     1.5801     0.9166     0.5465     0.0075     8.1723    151.9096   56246.38   6962.25    -7552.0    -7526.38    25.496   
   6900     38134.04    4.7894     2.9196     1.5962     0.9286      0.53      0.0069     9.4786    153.0262   56141.59   6976.98    -7557.0   -7531.445    25.522   
   7000     38681.78    4.7913     2.9208     1.5797     0.9218     0.5372     0.0075     9.7514    154.0702   56204.01   6975.42    -7574.0    -7548.13    25.555   
   7100     39227.15    4.7844     2.9192     1.5771     0.9174     0.6563     0.0066     8.9862    153.1688   56219.66   6963.73    -7551.0   -7525.501    25.649   
   7200     39773.66    4.787      2.9214     1.5988     0.9158     0.5915     0.007      9.027     153.1629   56190.23   6963.92    -7523.0   -7496.883    25.71    
   7300     40322.46    4.7915     2.9176     1.5908     0.9116     0.5566     0.0068     9.2692    152.7485   56228.75   6957.23    -7560.0   -7534.739    25.669   
   7400     40862.63    4.8003     2.9207     1.5847     0.9134     0.5395     0.0071     9.7948    153.375    56472.25   6967.02    -7560.0   -7534.438    25.666   
   7500     41401.18    4.8064     2.9231     1.5967     0.9276     0.5563     0.0075     9.2632    153.8895   56445.84    6972.3    -7550.0   -7524.271    25.708   
   7600     41933.52    4.7986     2.9245     1.5801     0.916      0.4183     0.0068     8.4166    153.8598   56264.97   6957.36    -7522.0   -7496.102    25.821   
   7700     42463.75    4.8153     2.9348     1.5831     0.9174     0.4744     0.0065     8.5535    155.4446   56488.84   6962.09    -7535.0   -7508.917    25.792   
   7800     42987.76    4.8059     2.9294     1.5583     0.8996      0.47      0.007      8.5285    155.6264   56368.74   6955.92    -7541.0   -7514.757    25.853   
   7900     43512.18    4.7977     2.9259     1.5664     0.9032     0.5324     0.0072     8.1148    154.7591   56482.7    6946.36    -7530.0   -7503.901    25.823   
   8000     44030.75    4.791      2.9161     1.5343     0.8812     0.5566     0.0061     8.8177    155.6654   56364.41   6952.94    -7524.0   -7498.448    25.815   
   8100     44555.87    4.7961      2.92      1.541       0.9       0.5309     0.0061     8.3193    155.2519   56304.25   6947.51    -7523.0   -7496.681    25.88    
   8200     45077.49    4.798      2.9219     1.5559     0.9048     0.4895     0.0057     8.5937    156.2602   56395.11   6954.51    -7521.0   -7495.576    25.897   
   8300     45626.44    4.8007     2.9251     1.5613     0.9142     0.4374     0.006      8.2225    157.7029   56441.18   6958.44    -7544.0   -7517.755    25.944   
   8400     46173.38    4.8042     2.927      1.5512     0.8958     0.5271     0.0062     8.4178    157.6601   56392.2    6954.17    -7532.0   -7505.817    25.906   
   8500     46719.89    4.7977     2.9201     1.5409      0.89      0.6343     0.0064     8.4907    157.3788   56307.98   6945.53    -7533.0   -7507.216    25.98    
   8600     47266.22    4.7944     2.9213     1.5468     0.8958     0.5229     0.006      9.0154    156.3605   56353.44   6959.33    -7531.0   -7504.669    26.011   
   8700     47813.31    4.811      2.9246     1.5413     0.8952     0.5329     0.0052     9.051     158.0315   56567.15   6955.17    -7549.0   -7522.505    26.052   
   8800     48362.2     4.7979     2.9188     1.5465     0.8854     0.4949     0.0053     8.4303    158.6018   56597.38   6943.06    -7523.0    -7497.19    26.087   
   8900     48914.77    4.7943     2.9185     1.5412     0.881      0.487      0.0053     7.7204    158.6032   56458.1    6939.05    -7527.0   -7500.853    26.143   
   9000     49461.55    4.7841     2.9118     1.5237     0.878      0.6047     0.0055     7.8428    158.0495   56473.25   6936.88    -7533.0   -7507.236    26.182   
   9100     50007.43    4.7798      2.91      1.5138     0.8684     0.5118     0.0058     7.5906    158.156    56310.48   6939.34    -7510.0   -7484.254    26.204   
   9200     50558.13    4.7937     2.9191     1.5114     0.8678     0.518      0.0051     7.2052    158.9137   56456.31   6929.65    -7517.0    -7490.96    26.314   
   9300     51105.74    4.7934     2.9222     1.5203     0.8808     0.3728     0.0051     6.9462    160.2888   56477.4    6933.41    -7494.0   -7467.684    26.315   
   9400     51653.72    4.7971     2.9229     1.4982     0.8598     0.3118     0.006      6.9194    159.7484   56324.59   6926.08    -7496.0    -7469.67    26.297   
   9500     52203.2     4.7787     2.9098     1.5078     0.866      0.3723     0.0052     6.6854    160.0852   56404.11   6932.64    -7507.0   -7480.553    26.364   
   9600     52750.64    4.788      2.9152     1.4866     0.8516     0.369      0.005      7.3503    159.8389   56411.05   6924.59    -7497.0   -7471.079    26.363   
   9700     53295.96    4.8024     2.9234     1.509      0.871      0.3473     0.0052     6.9078    161.8619   56439.72   6933.08    -7509.0   -7482.879    26.298   
   9800     53843.43    4.7968     2.9222     1.4793     0.8444     0.4938     0.0056     6.6296    161.2698   56386.05    6920.1    -7507.0   -7480.381    26.438   
   9900     54391.35    4.7876     2.912      1.4914     0.8422     0.4172     0.0051     6.8206    163.1259   56497.29   6924.15    -7502.0   -7475.223    26.404   
  10000     54940.25    4.7888     2.9138     1.4946     0.8514     0.4809     0.0053     7.4459    162.6419   56325.09   6927.06    -7506.0   -7479.155    26.549   
  10100     55486.97    4.7992     2.9237     1.5019     0.857      0.5061     0.0051     7.7866    164.1788   56473.65   6936.93    -7524.0   -7497.085    26.538   
  10200     56034.45    4.8142     2.9334     1.5019     0.8646     0.5939     0.0055     9.0631    163.0317   56571.0    6935.64    -7498.0   -7471.481    26.539   
  10300     56579.35    4.7972     2.917      1.5296      0.87      0.6087     0.0047     9.2531    163.5917   56478.96    6938.3    -7529.0   -7502.217    26.473   
  10400     57126.76    4.8076      2.93      1.4929     0.8468     0.6282     0.0053     9.3506    163.3131   56597.37   6942.67    -7522.0   -7495.783    26.545   
  10500     57674.67    4.8157     2.934      1.5186     0.8694     0.5101     0.0051     9.3704    164.0865   56716.81   6944.36    -7518.0   -7491.558    26.594   
  10600     58222.45    4.8004     2.9242     1.5113     0.8596     0.5046     0.0044     9.0999    164.6181   56649.76   6934.68    -7543.0   -7516.184    26.627   
  10700     58768.41    4.8144     2.933      1.5277     0.8672     0.563      0.0047     9.1064    165.514    56566.51   6941.11    -7524.0   -7497.504    26.574   
  10800     59318.91    4.8129     2.933      1.5076     0.8614     0.4921     0.0047     8.9801    165.169    56551.87   6933.78    -7509.0   -7482.446    26.605   
  10900     59869.12    4.8219     2.9358     1.5069     0.8566     0.3842     0.0045     9.2729    165.2252   56522.95    6923.5    -7488.0   -7461.655    26.624   
  11000     60417.72    4.8228     2.9357     1.5072     0.8574     0.4603     0.0054     8.7103    166.8742   56671.44   6939.08    -7501.0   -7474.268    26.66    
  11100     60965.27    4.8273     2.9352     1.517      0.8708     0.4117     0.0046     9.1867    167.5761   56545.62   6934.97    -7528.0   -7501.451    26.692   
  11200     61512.78    4.8182     2.9336     1.4935     0.8544     0.4303     0.0047     9.6375    167.1214   56502.95   6936.08    -7523.0    -7496.24    26.719   
  11300     62059.78    4.8234     2.9354     1.4875     0.8524     0.435      0.0049     9.9626    166.637    56705.89   6935.02    -7524.0   -7497.541    26.695   
  11400     62607.29    4.8078     2.9213     1.4726     0.8434     0.3979     0.0044     9.4802    167.303    56731.91   6923.36    -7535.0   -7507.796    26.73    
  11500     63158.04    4.8184     2.9304     1.4824     0.8472     0.411      0.0053     8.9049    168.1332   56628.39   6931.43    -7504.0   -7477.364    26.824   
  11600     63704.49    4.8194     2.9306     1.5155     0.868      0.5151     0.0042     9.5752    168.4443   56570.35   6933.84    -7527.0   -7500.594    26.757   
