Generating synthetic count valued data ... 
Generating synthetic  count valued data took:  33.53578019142151
max_count =  55  min count =  0
Evaluation for true params: 
 test_rsme | train_rsme | rel-te-err | rel-tr-err |  test_nll  |  train_nll |
2.6157905115 2.6387724419   1.50604       1.5161     163434.99    650812.53  
Using  0.05 of training data
Factorizing with max_iteration = 12000  fixing covariance?:  False
Tensor dimensions:  [50, 50, 50]
Optimization metrics: 
Using Ada Grad
Mean update scheme:  S
Covariance update :  N
Using diagonal covariance?:  False
Random start? True
k1 samples =  32  k2 samples =  128
eta =  1.0  cov eta =  1.0  sigma eta =  1
iteration |   time   |test_rsme |rel-te-err|train_rsme|rel-tr-err|   d_mean  |   d_cov  |avg_grad_m|avg_grad_c| test_nll | train_nll |    VLB   |  E-term  |    KL     
    0         2.61     10.3764     6.6563    10.2069     6.5538     3.1623     0.9916     0.5926     0.4946   194469.87   38858.75   -79083.0  -79026.983   56.093   
    5        165.98    10.3842     6.6606    10.2004     6.5476     3.1623     0.9916     5.3294     5.8796    192003.9   38188.59   -78481.0  -78434.393   46.99    
    10       341.29    10.3894     6.662      10.177     6.5266     3.1623     0.9916    11.2639     12.193    188273.5   37228.42   -77502.0  -77461.639   40.409   
    20       541.51     10.36      6.6377     10.034     6.425      3.1623     0.9916    31.4741    33.3092   181067.08   35121.01   -74018.0  -73984.308   33.37    
    50       822.3      9.7572     6.1764     8.8123     5.5462     3.1623     0.9017    187.4386   152.3147  149469.14   26392.05   -43858.0  -43820.689   37.403   
   100      1213.51     6.4547     3.8928     4.9197     3.0706     3.092      0.3139    206.3809   211.042    74549.87   11788.67   -13710.0  -13674.257   35.529   
   200      1763.55     5.4614     3.208      3.3303     2.0108     2.471      0.2172    34.4801    94.0826    61088.75   8791.83    -9850.0   -9818.386    31.351   
   300      2316.86     5.0321     2.9822     2.9001     1.7348     2.3249     0.1332    20.7232    97.3551    57294.66    8179.4    -9129.0   -9099.726    29.603   
   400      2869.96     4.8731     2.9119     2.6993     1.5952     1.2408     0.1095    16.8608    100.4787   55943.49   7867.87    -8728.0   -8699.076    28.703   
   500      3420.74     4.7822     2.872      2.573      1.5096     1.0579     0.0858    13.6791    103.3228   55219.09   7691.65    -8521.0   -8493.232    27.885   
   600       3972.5     4.7454     2.8618     2.4592     1.429      0.7646     0.0733    11.2415    105.4178   54808.63   7572.74    -8320.0   -8292.609    27.551   
   700      4525.17     4.7186     2.854      2.3811     1.3736     0.7377     0.0637     9.6959    107.6545   54641.42    7494.4    -8237.0   -8210.055    27.445   
   800      5077.52     4.7189     2.8606     2.3221     1.3368     0.643      0.0556     8.6511    109.6805   54604.74   7418.79    -8125.0   -8097.494    27.599   
   900       5628.9     4.7224     2.866      2.2506     1.2874     0.7501     0.048      7.9539    111.223    54746.38   7375.73    -8063.0    -8035.88    27.58    
   1000     6180.69     4.7213     2.8734      2.21      1.2644     0.822      0.0457     7.8182    113.2095   54692.25    7350.9    -8047.0   -8019.802    27.27    
   1100      6730.1     4.7331     2.8798     2.1723     1.2428     0.8655     0.041      7.609     114.4892   54869.06   7316.85    -8012.0   -7984.066    27.586   
   1200     7279.31     4.7558     2.897      2.1439     1.2228     0.8344     0.0416     7.2893    115.2493   55052.35   7278.96    -7976.0   -7948.313    27.353   
   1300     7829.04     4.7563     2.8986     2.0922     1.1906     0.7432     0.034      7.3095    116.7085   55064.42   7265.46    -7945.0   -7917.693    27.136   
   1400     8378.39     4.7619     2.9042     2.0464     1.1676     0.7837     0.0328     7.4353    117.1673   55259.72   7245.63    -7929.0   -7900.907    27.608   
   1500     8929.78     4.7825     2.9182     2.049      1.1668     0.5329     0.0302     6.7421    118.6963   55469.94   7217.48    -7912.0   -7884.134    27.672   
   1600     9483.07     4.789      2.9252     2.0036     1.1376     0.5321     0.0287     6.4991    120.7761   55709.02   7209.37    -7866.0   -7838.033    27.979   
   1700     10030.96     4.8       2.9302     1.996      1.139      0.4111     0.0288     6.1391    121.6586   55729.98   7188.54    -7857.0   -7829.583    27.686   
   1800     10579.35    4.8127     2.9424     1.9918     1.1346     0.5236     0.0282     6.3258    123.5189   55856.59   7178.02    -7847.0   -7819.071    27.857   
   1900     11126.25    4.8084     2.9372     1.9469     1.105      0.4398     0.0284     6.0357    123.9152   55828.58   7165.36    -7839.0   -7811.335    27.963   
   2000     11672.32    4.8141     2.9436     1.9275     1.0946     0.5204     0.0237     6.3753    124.2038   56156.74   7147.13    -7800.0   -7771.688    27.987   
   2100     12220.59    4.8139     2.947      1.9282     1.0952     0.5589     0.0225     6.6935    125.2191   55922.3    7156.29    -7817.0   -7790.021    27.368   
   2200     12762.84    4.8221     2.951      1.9044     1.0874     0.4789     0.0204     6.5867    126.6408   56111.12   7154.17    -7791.0   -7763.244    27.775   
   2300     13305.51    4.8211     2.9466     1.9017     1.0812     0.4926     0.0211     6.6003    127.4328   56209.83   7133.92    -7787.0   -7759.454    27.638   
   2400     13845.73    4.8322     2.9549     1.8707     1.0572     0.6075     0.0207     7.215     126.8527   56458.6     7123.7    -7817.0    -7788.88    28.004   
   2500     14383.5     4.8362     2.9591     1.8728     1.0648     0.5675     0.0202     7.0914    128.1532   56389.22   7124.67    -7778.0   -7750.772    27.694   
   2600     14916.16    4.8518     2.9752     1.8595     1.063      0.5434     0.0192     6.4789    128.7653   56508.95   7129.55    -7751.0   -7722.827    27.86    
   2700     15457.04    4.8514     2.971      1.8403     1.0462     0.4679     0.0186     6.4238    130.0725   56434.18   7109.58    -7751.0   -7722.508    27.993   
   2800     15990.14    4.8555     2.9742     1.8292     1.0402     0.6088     0.0169     6.9296    130.774    56730.08   7103.93    -7777.0   -7748.767    27.934   
   2900     16522.71    4.8543     2.9736     1.825      1.0398     0.6134     0.0156     6.8709    130.8863   56961.45    7105.0    -7726.0   -7697.687    28.124   
   3000     17056.44    4.855      2.9708     1.8141     1.023      0.6679     0.0159     7.3216    131.8623   56885.28   7098.04    -7754.0   -7726.071    28.016   
   3100     17588.79    4.8734     2.9836     1.8295      1.05      0.7193     0.0153     7.9322    132.6508   56825.17   7107.33    -7767.0   -7738.309    28.244   
   3200     18116.12    4.873      2.9875     1.8129     1.033      0.597      0.0159     7.5365    133.4328   57101.48   7100.38    -7738.0   -7709.246    28.257   
   3300     18642.39    4.8674     2.9854     1.7996     1.0278     0.7065     0.0146     7.4811    133.6368   56997.72   7092.22    -7746.0   -7717.705    28.427   
   3400     19168.43    4.8975     3.0009     1.8257     1.0488     0.9057     0.0139     8.6034    134.7418   57143.4     7108.8    -7757.0   -7728.642    28.311   
   3500     19694.57    4.8955     3.0013     1.7988     1.0352     0.7107     0.0132     8.6483    136.071    57119.28   7091.99    -7739.0   -7710.273    28.512   
   3600     20222.77    4.8847     2.9918     1.7803     1.0158     0.6245     0.013      8.6391    136.0776   57086.83   7095.64    -7722.0   -7693.006    28.561   
   3700     20748.83    4.8891     2.994      1.7619     1.002      0.5643     0.014      8.6935    136.6868   57246.23   7080.04    -7714.0   -7686.036    28.461   
   3800     21273.94    4.8922     2.9976     1.7681     1.0094     0.5762     0.0121     8.9367    136.6322   57136.13    7081.5    -7738.0   -7709.561    28.396   
   3900     21800.28    4.8953     2.9984     1.7472      1.0       0.5162     0.0121     8.6371    136.7664   57172.72   7069.57    -7689.0   -7660.688    28.591   
   4000     22318.96    4.9012     3.0001     1.7381     0.9926     0.4879     0.0116     8.2655    138.1431   57315.78   7075.36    -7706.0   -7677.161    28.481   
   4100     22832.29    4.913      3.0086     1.7572     1.0192     0.5263     0.0118     8.8438    137.9832   57226.53    7078.0    -7707.0   -7678.196    28.424   
   4200     23347.6     4.8957     2.9926     1.7184     0.9852     0.4519     0.0118     7.6667    138.6638   57240.23   7058.43    -7691.0   -7662.619    28.372   
   4300     23872.31    4.8787     2.9833     1.7228     0.9768     0.5643     0.0115     7.7413    139.2207   57127.39   7060.85    -7699.0    -7670.52    28.145   
   4400     24386.67    4.8954     2.9912     1.7106     0.9698     0.5739     0.0114     7.2782    140.0862   57160.11   7050.65    -7678.0   -7650.093    28.258   
   4500     24901.59    4.8944     2.9931     1.7113     0.9726     0.4239     0.0106     7.1519    140.4928   57423.03   7048.13    -7684.0   -7656.013    28.422   
   4600     25414.79    4.9178     3.0041     1.7212     0.9872     0.4755     0.0101     7.5824    141.3641   57420.67    7054.2    -7657.0   -7628.691    28.331   
   4700     25929.25    4.9058     2.9959     1.6869     0.957      0.4292     0.0102     7.5343    141.3623   57314.57   7048.86    -7658.0   -7629.344    28.47    
   4800     26472.48    4.9164     3.0015     1.7081     0.9796     0.6215     0.0106     8.337     142.4573   57486.12   7065.63    -7695.0   -7666.523    28.271   
   4900     27026.75    4.9271     3.0078     1.7078     0.977      0.5081     0.0098     8.1277    142.8321   57488.93   7052.04    -7675.0   -7646.479    28.265   
   5000     27582.75    4.9314     3.0094     1.7021     0.9788     0.6686     0.0097     8.5423    143.4948   57598.8    7053.68    -7663.0   -7635.025    28.356   
   5100     28135.55    4.9333     3.0115     1.6957     0.9674     0.7412     0.0097     9.0947    144.1931   57674.92    7058.2    -7684.0   -7656.072    28.212   
   5200     28690.59    4.9351     3.0142     1.7042     0.9752     0.7187     0.009      9.5735    142.9455   57607.49   7052.87    -7669.0   -7640.597    28.133   
   5300     29249.01    4.9346     3.0093     1.7145     0.9868     0.9289     0.0093    10.3226    143.1113   57898.14   7055.66    -7684.0    -7655.74    28.158   
   5400     29798.93    4.9462     3.0165     1.7201     0.992       0.92      0.0091    10.4924    143.8967   57697.8    7063.28    -7682.0   -7653.598    28.187   
   5500     30354.08    4.9347     3.0116     1.7148     0.9952     0.9673     0.0087    10.3878    144.1494   57668.54   7052.54    -7690.0   -7661.824    28.091   
   5600     30905.59    4.9387     3.0133     1.6874     0.9694     0.6243     0.0089     9.7874    143.4288   57647.11   7037.96    -7679.0   -7651.168     28.1    
   5700     31456.92    4.9354     3.0129     1.6909     0.9708     0.5335     0.0089     9.3643    143.8739   57600.0     7042.2    -7686.0   -7657.519    28.036   
   5800     32010.32    4.9359     3.0069     1.6561     0.9478     0.5393     0.0096     8.7003    144.6269   57664.99   7029.61    -7661.0   -7633.091    28.007   
   5900     32564.3     4.9351     3.0081     1.6666     0.9646     0.5797     0.0089     8.7005    144.9638   57698.12   7039.68    -7660.0   -7631.751    28.084   
   6000     33116.62    4.9263     3.0018     1.6685     0.9586     0.6033     0.0083     8.5782    144.7862   57505.49   7036.52    -7665.0   -7636.827    28.069   
   6100     33667.84    4.9301     3.0103     1.6575     0.968      0.4706     0.0078     7.9809    145.3631   57518.43   7030.41    -7626.0   -7598.178    28.037   
   6200     34220.45    4.9369     3.0078     1.6509     0.9548     0.3962     0.0078     8.0079    145.8937   57538.86   7019.41    -7630.0   -7601.615    28.027   
   6300     34774.22    4.9383     3.0099     1.6758     0.9674     0.4738     0.0072     9.0085    145.6479   57617.78   7038.99    -7660.0   -7632.038    28.047   
   6400     35327.71    4.9279      3.0       1.6405     0.946      0.4889     0.008      9.2594    145.7639   57613.24   7021.37    -7647.0   -7618.581    28.046   
   6500     35882.37    4.9216     2.995      1.648      0.955      0.5365     0.0074     9.0647    146.5368   57550.1    7022.46    -7675.0   -7647.029    27.808   
   6600     36436.21    4.9378     3.0074     1.6477     0.9542     0.6106     0.0079     9.2929    146.748    57642.65    7028.1    -7668.0   -7639.784    27.904   
   6700     36988.36    4.9457      3.01      1.6273     0.9332     0.616      0.0086     9.4325    146.6542   57707.76   7022.43    -7653.0    -7625.02    27.736   
   6800     37540.37    4.9567     3.0168     1.6379     0.9484     0.4562     0.0076     8.176     147.7972   57668.53   7019.74    -7626.0   -7598.481    27.794   
   6900     38090.37    4.9531     3.0156     1.6313     0.9388     0.537      0.0077      7.57     148.391    57607.63   7015.62    -7624.0   -7596.139    27.827   
   7000     38636.97    4.9409     3.0018     1.6164     0.931      0.4745     0.0067     7.6162    149.6279   57597.67   7008.07    -7599.0   -7571.618    27.819   
   7100     39185.03    4.9522     3.0124     1.6053     0.9178     0.3187     0.007      6.8694    149.1701   57580.26   7005.82    -7601.0   -7572.994    27.791   
   7200     39729.39    4.9354     2.9973     1.5941     0.9116     0.3607     0.0065     6.7483    149.2276   57542.31   7004.26    -7605.0   -7577.632    27.646   
   7300     40266.95    4.9479     3.0089     1.5922     0.9186     0.3477     0.0067      6.87     149.7653   57467.84   7006.74    -7592.0   -7564.519    27.667   
   7400     40792.85    4.9523     3.013      1.6205     0.9448     0.3677     0.0065     7.5089     151.21    57557.66   7010.63    -7598.0   -7570.016    27.645   
   7500     41314.92    4.944      3.0031     1.5962     0.9124     0.3459     0.0064     7.1216    150.6278   57611.53   7000.42    -7589.0   -7561.301    27.709   
   7600     41843.8     4.9461     3.0059     1.5798     0.9082     0.3142     0.007      6.4207    151.1037   57652.28   6987.61    -7599.0   -7571.588    27.808   
   7700     42391.91    4.9448     3.0037      1.58      0.8996     0.4667     0.0063     6.8344    151.0124   57708.51   7004.81    -7581.0   -7553.311    27.736   
   7800     42931.43    4.9592     3.0157     1.5654     0.8932     0.3992     0.0067     6.8959    151.5783   57837.07    6997.3    -7578.0   -7549.847    27.707   
   7900     43469.59    4.9523     3.0137     1.5868     0.9196     0.3773     0.0059     6.5171    152.3446   57554.33   6996.25    -7580.0   -7551.838    27.755   
   8000     44010.58    4.9705     3.025      1.5716     0.9082     0.3372     0.0065     5.9186    152.3214   57696.97    6984.4    -7596.0   -7568.714    27.689   
   8100     44551.91    4.9772     3.033      1.5784     0.9126     0.3242     0.0064     6.4875    153.3814   57750.6    6998.94    -7611.0   -7583.019    27.828   
   8200     45090.16    4.9872     3.0302     1.5651     0.9032     0.2929     0.006      6.0675    154.2605   57721.83   6990.14    -7578.0   -7550.545    27.827   
   8300     45636.5     4.9713     3.0223     1.5844     0.9188     0.3669     0.006      7.0015    153.8917   57742.9     6995.7    -7604.0   -7576.409    27.782   
   8400     46183.28    4.9834     3.0341     1.5877     0.9272     0.387      0.0065     7.5936    154.8009   57697.58   7011.17    -7622.0   -7594.408    27.952   
   8500     46731.84    4.9747     3.0254     1.5874     0.9226     0.366      0.0061     7.6674    155.0966   57655.38   7006.39    -7618.0   -7590.343    27.939   
   8600     47277.18    4.9772     3.0282     1.5759     0.904      0.6323     0.0057     7.9292    154.5317   57722.81   6995.11    -7583.0   -7554.771    27.839   
   8700     47822.79    4.9724     3.025      1.5887     0.916      0.5284     0.006      8.5418    155.5176   57731.55   7002.05    -7599.0    -7570.66    27.848   
   8800     48368.16    4.9983     3.0396     1.5972     0.9316     0.5583     0.0062     8.3246    156.2347   57638.32   7008.44    -7604.0   -7575.745    27.793   
   8900     48912.07    4.9958     3.039      1.5971     0.9322     0.5266     0.0056     8.3322    156.1494   57759.7    7005.07    -7587.0   -7559.406    27.758   
   9000     49455.46    4.9912     3.0354     1.5786     0.922      0.4306     0.0054     7.7471    156.7461   57685.0    6985.95    -7575.0   -7547.453    27.859   
   9100     50002.55    4.989      3.0306     1.548      0.8966     0.372      0.0055     7.6107    155.7787   57621.13    6985.4    -7581.0   -7552.947    27.891   
   9200     50548.35    4.9812     3.0313     1.569      0.9106     0.386      0.0055     8.0782    156.6231   57613.95   7001.78    -7602.0   -7574.426    27.862   
   9300     51092.76    4.9886     3.0365     1.5707     0.917      0.5054     0.0056     8.4397    156.8359   57636.38   6996.06    -7587.0   -7559.067    27.981   
   9400     51637.56    4.9867     3.0361     1.5583     0.9088     0.4983     0.0073     8.5069    156.8983   57773.6    6998.09    -7592.0   -7563.692    27.918   
   9500     52180.05    4.9905     3.0342     1.5485     0.8894     0.5826     0.0056     8.249     157.0762   57793.98   6984.14    -7575.0   -7546.776    27.871   
   9600     52726.48    4.965      3.0176     1.5429     0.8712     0.4649     0.0053     9.1155    157.3884   57894.22   6984.03    -7606.0   -7578.257    27.876   
   9700     53272.34    4.9899     3.0361     1.5524     0.8954     0.4561     0.0053     9.0153    157.0245   57877.63   6982.52    -7594.0   -7565.883    27.996   
   9800     53817.84    4.9993     3.0433     1.5514     0.8844     0.514      0.0053     8.3162    157.408    57923.56    6979.0    -7580.0   -7551.611    28.074   
   9900     54364.02    4.9962     3.0379     1.5712     0.9058     0.5562     0.005      8.6623    157.7801   57933.03   6993.17    -7598.0   -7569.471    28.185   
  10000     54910.72    5.0148     3.049      1.5728     0.907      0.5015     0.0056     9.3331    158.1216   57965.55   7007.03    -7596.0   -7567.766    28.25    
  10100     55452.94    5.0116     3.0493     1.5579     0.9064     0.4332     0.0052     8.7915    159.3399   58073.58   6994.95    -7608.0    -7579.93    28.313   
  10200     55998.14    5.0118     3.0492     1.5483     0.8964     0.4276     0.0053     9.6347    159.2784   58052.57   6991.58    -7582.0   -7553.996    28.337   
  10300     56544.23    5.0057     3.0406     1.542      0.873      0.4633     0.0053     9.7625    158.8704   58095.76   6993.67    -7594.0   -7565.334    28.405   
  10400     57088.62    5.0077     3.0475     1.5614     0.8976     0.4469     0.0053     9.5571    159.3511   57943.67   6984.66    -7595.0    -7566.49    28.534   
  10500     57632.84    5.0106     3.0486     1.5502     0.8966     0.4489     0.0054     9.0252    161.3698   57909.85   6990.87    -7580.0   -7551.042    28.639   
  10600     58180.15    5.0079     3.0479     1.5427     0.8938     0.4191     0.0049     7.9945    160.4841   57810.29   6993.51    -7570.0   -7541.741    28.62    
  10700     58724.8     5.0265     3.0561     1.5468     0.9058     0.523      0.0052     7.4889    162.285    57876.35   6985.04    -7580.0   -7551.278    28.722   
  10800     59272.57    5.0255     3.059      1.5439     0.902      0.566      0.006      8.1858    162.6692   57860.87   6984.48    -7573.0   -7544.065    28.703   
  10900     59818.16    5.0278     3.0586     1.5524     0.8982     0.5402     0.0053     8.5058    161.9818   57784.23   6994.71    -7588.0    -7559.09    28.762   
  11000     60361.86    5.0328     3.0603     1.5667     0.9152     0.5612     0.0047     9.0578    163.0818   58000.5    6999.56    -7611.0   -7582.645    28.83    
  11100     60905.23    5.038      3.0645     1.5633      0.91      0.5043     0.0049     9.4468    163.7334   58080.92   6992.37    -7589.0   -7560.068    28.752   
  11200     61450.76    5.0317     3.0604     1.5243      0.89      0.4153     0.0046     8.6717    162.7601   57906.5    6980.29    -7566.0   -7537.162    28.859   
  11300     61995.95    5.0119     3.044      1.517      0.876      0.3914     0.0046     8.0132    162.493    57916.18   6978.18    -7564.0   -7534.974    28.772   
  11400     62544.9     5.0148     3.0506     1.5222     0.8802     0.4538     0.0049     8.3464    162.1272   58166.8    6971.77    -7553.0   -7524.263    28.838   
  11500     63090.65    5.0142     3.0536     1.5122     0.8772     0.3656     0.005      8.0094    162.4687   58004.24    6975.7    -7573.0   -7544.474    28.824   
  11600     63636.51    5.0252     3.0643     1.5407     0.893      0.354      0.0049     7.8577    162.6205   58034.58   6983.48    -7562.0   -7533.542    28.852   
