Generating synthetic count valued data ... 
Generating synthetic  count valued data took:  32.12853145599365
max_count =  52  min count =  0
Evaluation for true params: 
 test_rsme | train_rsme | rel-te-err | rel-tr-err |  test_nll  |  train_nll |
2.6464995749 2.6289161265   1.51876      1.50536     163417.29    651123.47  
Using  0.05 of training data
Factorizing with max_iteration = 12000  fixing covariance?:  False
Tensor dimensions:  [50, 50, 50]
Optimization metrics: 
Using Ada Grad
Mean update scheme:  S
Covariance update :  N
Using diagonal covariance?:  False
Random start? True
k1 samples =  32  k2 samples =  128
eta =  1.0  cov eta =  1.0  sigma eta =  1
iteration |   time   |test_rsme |rel-te-err|train_rsme|rel-tr-err|   d_mean  |   d_cov  |avg_grad_m|avg_grad_c| test_nll | train_nll |    VLB   |  E-term  |    KL     |   dw   |
    0         3.27     10.4197     6.6659    10.3758     6.6264     3.1623     1.0714     0.5395     0.4582   159338.15   31779.58   -83650.0  -83591.255   59.137     0.0277  
    5        193.89    10.4219     6.6669    10.3702     6.6238     3.1623     1.0714     4.8701     5.2378   159433.64   31638.14   -82678.0  -82626.043   52.056     0.0015  
    10       393.08    10.4223     6.6678    10.3509     6.6114     3.1623     1.0714     9.401     10.5737   157441.03   31070.58   -82111.0  -82066.121   44.603     0.0014  
    20       621.68    10.4108     6.665     10.2344     6.5386     3.1623     1.0714    26.6916    27.8041   154460.44   30155.08   -78609.0  -78572.573   36.388     0.0009  
    50       940.42    10.0489     6.422      9.3412     5.9506     3.1623     1.013     140.5118   126.9193  139362.79   25107.5    -55548.0  -55503.267   45.024     0.0001  
   100      1379.63     7.1077     4.1455     5.2551     3.166      3.1038     0.3555    250.4113   242.0403   75825.52   11568.52   -14756.0  -14717.793   38.053     0.0004  
   200       1996.4     5.7569     3.3119     3.4325     2.0996     2.6408     0.1853    37.3601    98.3315    59616.21    8889.7    -10448.0  -10416.955   31.315     0.0001  
   300      2614.11     5.1838     2.992      2.8834     1.7488     1.579      0.1197    20.9471    98.2149    54522.36   8197.31    -9444.0   -9414.709    28.892      0.0    
   400      3236.44     4.9733     2.9046     2.772      1.6806     1.5821     0.0913    20.5108    100.2916   53070.48   8052.18    -9212.0   -9185.358    27.044      0.0    
   500      3852.83     4.7528     2.7723     2.5777     1.5398     1.1523     0.0796    16.6269    99.0529    51479.88   7813.41    -8869.0   -8843.027    25.79       0.0    
   600      4474.56      4.6       2.701      2.4989     1.4876     0.9722     0.0692    14.1468    99.6367    50459.18    7703.4    -8724.0   -8699.026    24.66       0.0    
   700      5094.21     4.4842     2.6467     2.4343     1.4428     0.9013     0.0556    12.6447     100.66    49778.37   7660.35    -8648.0   -8623.746    23.875      0.0    
   800      5716.26     4.4057     2.6092     2.3994     1.4242     0.9034     0.0502    12.2967    101.5605   49333.3    7620.82    -8589.0   -8565.477    23.255      0.0    
   900      6337.02     4.3327     2.5692     2.3784     1.4044     0.8241     0.0454     11.446    101.6124   48962.04   7572.68    -8520.0   -8497.829    22.588      0.0    
   1000     6959.03     4.2799     2.5478     2.3563     1.3848     0.7185     0.0426    10.4174    102.0388   48529.44   7544.67    -8486.0   -8464.432    21.918      0.0    
   1100     7582.05     4.238      2.5249     2.3442     1.3778     0.9296     0.0363    10.2869    102.6331   48318.7    7541.38    -8478.0   -8456.078    21.476      0.0    
   1200     8205.86     4.2014     2.5046     2.3193     1.362      0.923      0.0343    10.1194    103.0276   48101.99   7518.33    -8446.0   -8424.881    21.011      0.0    
   1300     8826.13     4.1665     2.4851     2.3086     1.3512     0.677      0.0302     9.4364    103.0314   47856.65   7488.69    -8398.0   -8377.513    20.386      0.0    
   1400     9445.37     4.1332     2.4724     2.2684     1.329      0.5673     0.0287     8.515     103.0836   47646.73   7460.32    -8378.0   -8357.571    20.142      0.0    
   1500     10065.24    4.1014     2.4565     2.2631     1.3304     0.6068     0.0274     8.6866    103.7802   47477.51   7467.19    -8349.0   -8328.791    19.923      0.0    
   1600     10686.65    4.0743     2.4397     2.2485     1.3128     0.5932     0.0257     8.1501    103.3615   47297.34   7444.44    -8322.0   -8302.541    19.538      0.0    
   1700     11306.36    4.0561     2.428      2.2442     1.3056     0.6142     0.0236     8.3111    103.2656   47223.15   7424.44    -8322.0   -8302.177    19.406      0.0    
   1800     11926.5     4.0507     2.4287     2.2205     1.301      0.5631     0.0208     8.3829    103.2878   47174.54   7426.26    -8324.0   -8305.108    19.291      0.0    
   1900     12543.84    4.0252     2.413      2.2247     1.2958     0.6448      0.02      8.6678    103.4428   47048.42   7411.23    -8308.0   -8288.861    19.11       0.0    
   2000     13160.26    4.011      2.4084     2.2199     1.2962     0.7458     0.0197     8.7231    103.3546   46943.18   7403.64    -8300.0    -8281.16    18.914      0.0    
   2100     13773.19    3.9932     2.4001     2.1994     1.2824     0.7589     0.0182     8.537     103.7712   46891.5    7409.67    -8269.0   -8250.151    18.901      0.0    
   2200     14389.7     3.9835     2.3953     2.1817     1.2706     0.7701     0.0176     7.9102    103.8701   46727.39   7388.31    -8279.0   -8260.068    18.629      0.0    
   2300     15003.93    3.9789     2.3896     2.1745     1.2614     0.619      0.0167     7.737     103.8319   46720.72    7386.9    -8286.0   -8267.846    18.603      0.0    
   2400     15604.27    3.9513     2.3756     2.1874     1.2686     0.4899     0.016      7.4699    104.3781   46626.68   7376.28    -8262.0   -8244.033    18.459      0.0    
   2500     16200.02    3.9458     2.3695     2.1731     1.2608     0.5358     0.0143     7.3531    104.5285   46530.87   7371.53    -8244.0   -8225.609    18.382      0.0    
   2600     16794.17    3.9422     2.3685     2.1657     1.2592     0.5031     0.0134     7.0416    104.723    46518.97   7368.75    -8255.0   -8236.393    18.411      0.0    
   2700     17386.89    3.9357     2.3651     2.1602     1.2576     0.5168     0.0123     7.1481    105.3718   46437.14   7362.31    -8233.0    -8214.97    18.346      0.0    
   2800     17983.93    3.9151     2.3551     2.163      1.2542     0.6055     0.0125     7.4029    105.0819   46409.16   7361.77    -8230.0   -8211.699    18.265      0.0    
   2900     18576.09    3.9055     2.3484     2.1714     1.2602     0.6146     0.0134     7.6492    105.4407   46445.54   7361.13    -8231.0   -8212.847    18.218      0.0    
   3000     19170.48    3.9044     2.3484     2.1471     1.2484     0.643      0.0125     7.4603    105.4085   46375.34   7357.62    -8234.0   -8216.187    18.12       0.0    
   3100     19763.95    3.8897     2.3412     2.1506     1.239      0.5558     0.0117     7.1151    105.5164   46268.98   7348.67    -8206.0   -8187.987    18.032      0.0    
   3200     20358.14    3.8919     2.342      2.1619     1.247      0.6155     0.0111     7.3038    105.7425   46268.12   7348.84    -8209.0   -8190.712    18.077      0.0    
   3300     20949.3     3.8811     2.3328     2.1435     1.232      0.5689     0.0105     7.2136    105.5243   46206.79   7354.73    -8229.0   -8210.737    18.123      0.0    
   3400     21545.7     3.8763     2.3301     2.1523     1.2398     0.498      0.0107     7.4497    105.5224   46186.41   7348.38    -8215.0   -8197.334    18.157      0.0    
   3500     22139.36    3.8714     2.3264     2.1419     1.2334     0.5721     0.009      7.236     105.5478   46185.34   7340.15    -8216.0   -8198.051    18.197      0.0    
   3600     22733.5     3.8556     2.3191     2.138      1.225      0.6625      0.01      7.0638    105.4241   46033.9    7332.95    -8208.0    -8189.99    18.07       0.0    
   3700     23329.35    3.851      2.311      2.1242     1.223      0.6291     0.0087     6.9877    104.8373   46063.67   7324.03    -8209.0   -8191.149    18.189      0.0    
   3800     23920.53    3.8593     2.3175     2.1224     1.2184     0.5996     0.0084     6.6551    105.6314   46116.9    7328.82    -8196.0   -8177.824    18.21       0.0    
   3900     24516.25    3.8442     2.3133     2.1284     1.2248     0.4638     0.0086     6.4944    105.6338   46059.67   7325.19    -8193.0   -8174.916    18.218      0.0    
   4000     25113.37    3.8357     2.3071     2.1101     1.2092     0.5176     0.0079     6.3573    106.065    45948.89   7330.08    -8191.0   -8172.408    18.194      0.0    
   4100     25706.52    3.8382     2.3089     2.113      1.2158     0.4599     0.0085     6.7136    106.2234   45957.25   7318.83    -8191.0   -8172.407    18.104      0.0    
   4200     26299.65    3.8323     2.3081     2.1225     1.2168     0.5126     0.0072     6.7915    106.0302   45936.42   7323.14    -8190.0   -8171.863    18.066      0.0    
   4300     26931.67    3.8409     2.3097     2.1164     1.2158     0.4691     0.0071     6.8705    106.2265   45917.51   7328.24    -8191.0   -8173.259    18.145      0.0    
   4400     27564.54    3.8268     2.3046     2.1132     1.2158     0.5397     0.0074     7.3145    106.5575   45883.16   7327.06    -8176.0    -8157.84    18.036      0.0    
   4500     28199.36    3.8348     2.3097     2.1092     1.221      0.665      0.0074     7.5471    106.4608   45967.0     7331.8    -8190.0   -8172.322    17.884      0.0    
   4600     28830.87    3.8272     2.3057     2.0991     1.2022     0.5892     0.0068     7.2704    106.9124   45908.02   7314.97    -8168.0   -8150.447    17.917      0.0    
   4700     29463.72    3.8197     2.3019     2.1123     1.2188     0.5275     0.0069     7.1696    107.2187   45906.2     7326.7    -8186.0   -8167.965    17.995      0.0    
   4800     30097.11    3.8146     2.3002     2.0956     1.205      0.5096     0.0068     6.9695    107.8458   45800.89   7330.46    -8170.0   -8152.424    17.941      0.0    
   4900     30730.17    3.8152     2.3027     2.1259     1.2228     0.5713     0.0064     6.6269    107.5449   45801.32   7317.15    -8153.0   -8134.649    17.935      0.0    
   5000     31360.12    3.8019     2.2947     2.085      1.2084     0.4992     0.0061     5.8132    107.807    45737.92   7318.33    -8154.0   -8135.892    17.942      0.0    
   5100     31988.59    3.8118     2.2989     2.0806     1.195      0.4512     0.006      5.5647    108.1402   45767.81   7312.86    -8139.0   -8120.921    17.994      0.0    
   5200     32618.15    3.8035     2.2883     2.0894     1.2016     0.4223     0.0058     5.7175    107.725    45692.06   7306.69    -8164.0   -8145.432    18.084      0.0    
   5300     33244.79    3.7971     2.2875     2.0731     1.194      0.3736     0.0058     5.4818    107.4579   45673.85   7300.04    -8159.0   -8141.284    18.019      0.0    
   5400     33874.89    3.7901     2.2828     2.0887     1.2012     0.3841     0.0057     5.2431    107.2893   45654.38   7301.05    -8128.0   -8110.351    18.013      0.0    
   5500     34501.06    3.7915     2.2819     2.061      1.1854     0.3335     0.0055     5.2277    107.0565   45668.33   7298.86    -8157.0   -8138.643    17.981      0.0    
   5600     35125.78    3.795      2.2843     2.0771     1.1922     0.3629     0.0055     5.381     107.1692   45654.94   7296.14    -8140.0   -8122.331    18.022      0.0    
   5700     35752.5     3.7907     2.2834     2.0808      1.2       0.4823     0.005      5.5918    107.632    45693.22   7307.12    -8148.0   -8129.882    18.084      0.0    
   5800     36382.3     3.7911     2.284      2.0703     1.1862     0.5026     0.0055     6.3467    107.2425   45647.05   7296.42    -8174.0   -8155.674    18.064      0.0    
   5900     37010.93    3.7798     2.2778     2.0782     1.1924     0.4788     0.0054     6.1573    106.8886   45602.85   7301.54    -8161.0   -8143.387    18.062      0.0    
   6000     37637.29    3.7785     2.2763     2.0747     1.1952     0.6438     0.0048     6.3905    107.2297   45620.37   7305.54    -8149.0   -8131.024    17.98       0.0    
   6100     38262.09    3.7824     2.276      2.0861     1.196      0.6656     0.0047     6.6587    106.6934   45670.39   7299.66    -8185.0   -8167.108    18.049      0.0    
   6200     38883.05    3.7749     2.2699     2.073      1.1914     0.6513     0.0046     6.6732    106.1314   45578.29   7299.16    -8144.0   -8126.099    17.97       0.0    
   6300     39504.95    3.7783     2.2735     2.0651     1.1816     0.6023     0.0046     6.7501    106.2918   45606.3    7287.07    -8168.0   -8150.077    17.913      0.0    
   6400     40131.06    3.775      2.2736     2.0713     1.1896     0.6204     0.0047     6.9707    106.2265   45590.8    7295.35    -8166.0   -8148.058    17.911      0.0    
   6500     40747.52    3.7714     2.2696     2.0689     1.1956     0.6821     0.0044     6.9083    106.9589   45614.35   7303.42    -8161.0   -8143.249    17.93       0.0    
   6600     41358.04    3.7898     2.2799     2.0589     1.1818     0.5935     0.0045     6.6669    106.4332   45619.83   7303.44    -8170.0   -8152.057    17.899      0.0    
   6700     41964.07    3.7802     2.274      2.0574     1.174      0.4959     0.0044     6.2778    106.5007   45584.02   7291.31    -8152.0   -8134.213    17.967      0.0    
   6800     42563.9     3.7637     2.2654     2.0531     1.1766     0.5366     0.0043     6.2586    106.3766   45535.77   7290.06    -8135.0   -8116.763    17.945      0.0    
   6900     43152.67    3.7724     2.2712     2.0499     1.1736     0.5217     0.0042     5.9629    106.639    45499.27   7281.79    -8140.0   -8122.123    17.894      0.0    
   7000     43742.85    3.7698     2.2672     2.0597     1.1866     0.4335     0.004      6.1552    107.2108   45530.0    7287.83    -8143.0   -8124.815    17.887      0.0    
   7100     44333.08    3.7736     2.2749     2.0649     1.1886     0.4854     0.004      6.0966    107.327    45488.0    7289.14    -8132.0   -8113.862    17.87       0.0    
   7200     44920.61    3.7679     2.2724     2.0423     1.1744     0.3916     0.0038     5.6614    107.3885   45511.88   7288.46    -8134.0   -8115.708    17.854      0.0    
   7300     45540.91    3.7649     2.2702     2.0441     1.1692     0.3625     0.0038     5.5349    107.5926   45492.23   7282.44    -8121.0   -8103.417    17.819      0.0    
   7400     46165.28    3.772      2.2707     2.0512     1.183      0.4419     0.0039     5.5363    108.1345   45490.86   7289.74    -8145.0   -8126.723    17.842      0.0    
   7500     46789.45    3.7606     2.2649     2.0494     1.1792     0.4706     0.0039     5.6736    107.8488   45468.93   7290.95    -8133.0   -8115.445    17.951      0.0    
   7600     47414.78    3.7668     2.2696     2.0481     1.1812     0.6134     0.004      5.6637    108.125    45484.77   7289.18    -8149.0   -8131.197    17.903      0.0    
   7700     48039.46    3.7618     2.2691     2.047      1.1796     0.705      0.0037     6.4343    108.2332   45426.13   7291.36    -8136.0   -8118.061    17.947      0.0    
   7800     48664.92    3.7706     2.2736     2.0392     1.1718     0.6903     0.0035     6.5014    108.4021   45508.73   7289.88    -8137.0   -8119.386    17.984      0.0    
   7900     49291.61    3.7625     2.2687     2.0521     1.1828     0.5516     0.0035     6.6551    108.1986   45483.63   7288.21    -8142.0   -8124.006    17.997      0.0    
   8000     49916.7     3.7619     2.2645     2.0622     1.1906      0.48      0.0034     6.5825    107.8532   45485.68   7291.14    -8151.0   -8133.453    17.962      0.0    
   8100     50541.12    3.7641     2.2671     2.0505     1.1798     0.4382     0.0034     6.1374    108.318    45464.29   7285.95    -8140.0   -8122.276    17.94       0.0    
   8200     51165.24    3.7641     2.2679     2.0456     1.1754     0.5021     0.0034     5.9518    108.6343   45467.35   7278.62    -8142.0   -8124.381    17.86       0.0    
   8300     51791.47    3.7579     2.263      2.0407     1.1716     0.5515     0.0035     5.8216    108.8028   45458.42   7282.55    -8135.0   -8117.351    17.871      0.0    
   8400     52418.46    3.7566     2.262      2.0496     1.1804     0.4992     0.0036     6.0047    108.7316   45487.37   7282.91    -8122.0   -8103.843    17.833      0.0    
   8500     53044.04    3.7485     2.2582     2.0386     1.1676     0.4279     0.0035     5.4999    108.6724   45401.1    7281.75    -8132.0   -8114.451    17.798      0.0    
   8600     53671.21    3.7474     2.2562     2.0419     1.1706     0.3703     0.0032     5.3797    108.7332   45391.82   7280.67    -8110.0   -8091.902    17.838      0.0    
   8700     54295.85    3.7444     2.257      2.0347     1.1782     0.4374     0.003      5.207     109.2985   45376.51   7285.69    -8135.0   -8116.807    17.838      0.0    
   8800     54920.67    3.7579     2.2602     2.0551     1.1822     0.5382     0.0037     5.3867    109.0985   45408.47   7285.09    -8131.0   -8112.817    17.823      0.0    
   8900     55546.12    3.7489     2.2544     2.0445     1.1772     0.3608     0.0033     5.5608    109.2347   45387.61   7274.22    -8130.0   -8111.908    17.827      0.0    
   9000     56170.5     3.7524     2.2588     2.0472     1.173      0.3113     0.003      5.3868    109.1716   45374.53   7283.14    -8122.0   -8103.886    17.914      0.0    
   9100     56794.03    3.7483     2.2566     2.0333     1.1676     0.3506     0.003      5.5424    109.1804   45344.02   7282.98    -8104.0   -8086.463    17.812      0.0    
   9200     57418.08    3.7477     2.2549     2.0172     1.1564     0.3486     0.0031     5.8199    109.1498   45381.85    7271.6    -8126.0   -8108.657    17.766      0.0    
   9300     58042.99    3.7611     2.2651     2.0353     1.1674     0.4253     0.0032     6.0236    109.4749   45399.8    7286.96    -8160.0   -8141.783    17.796      0.0    
   9400     58667.47    3.7471     2.2563     2.0294     1.171      0.3348     0.0029     5.7588    109.5453   45365.24   7281.52    -8122.0   -8104.654    17.765      0.0    
   9500     59291.87    3.7487     2.2553     2.0329     1.1686     0.3471     0.0028     5.9431    109.9966   45385.46   7281.15    -8129.0   -8110.886    17.731      0.0    
   9600     59917.06    3.7393     2.2503     2.042      1.1746     0.3858     0.0028     6.1557    110.0705   45324.96   7289.57    -8133.0   -8115.005    17.708      0.0    
   9700     60541.99    3.7442     2.254      2.0318     1.1686     0.3748     0.0028     5.839     109.9186   45288.27   7282.69    -8143.0    -8125.53    17.618      0.0    
   9800     61164.28    3.7463     2.2541     2.0293     1.1688     0.402      0.0027     6.2796    109.6017   45334.04   7288.93    -8112.0   -8094.539    17.654      0.0    
   9900     61787.59    3.7487     2.2555     2.038      1.1768     0.4714     0.0027     6.2505    109.8212   45351.17   7291.24    -8140.0   -8122.086    17.589      0.0    
  10000     62412.09    3.7441     2.2555     2.0415     1.176      0.4359     0.0031     5.7401    109.8852   45341.57   7284.68    -8120.0   -8102.719    17.601      0.0    
  10100     63038.79    3.7469     2.2589     2.0358     1.1776     0.4525     0.0029     5.655     110.6918   45282.85   7283.99    -8131.0   -8113.446    17.605      0.0    
  10200     63661.5     3.7463     2.2633     2.0334     1.1824     0.444      0.0028     5.9584    110.8417   45344.44   7280.67    -8135.0   -8117.697    17.617      0.0    
  10300     64285.86    3.745      2.2554     2.0415     1.1802     0.3864     0.0027     5.8881    111.0496   45320.04   7281.77    -8144.0   -8126.455    17.645      0.0    
  10400     64914.21    3.7463     2.2566     2.0327     1.1768     0.4565     0.003      6.1088    110.9067   45315.63   7293.34    -8133.0   -8115.197    17.612      0.0    
  10500     65536.23    3.745      2.2555     2.0285     1.173       0.49      0.0025     5.9976    110.3694   45288.75   7278.28    -8131.0    -8113.16    17.658      0.0    
  10600     66161.01    3.7429     2.2546     2.0281     1.1716     0.4823     0.0031     5.8885    110.681    45315.54   7277.47    -8134.0   -8116.613    17.635      0.0    
  10700     66786.73    3.7409     2.2547     2.0251     1.1696     0.348      0.0029     5.0076    110.7092   45278.45    7280.9    -8117.0   -8099.817    17.594      0.0    
  10800     67410.45    3.7398     2.2553     2.017      1.161      0.4259     0.0026     4.4643    110.9086   45272.28   7274.38    -8116.0    -8098.86    17.609      0.0    
  10900     68034.6     3.7336     2.2527     2.0306     1.1682     0.4122     0.0027     4.7868    110.737    45244.5    7283.71    -8119.0   -8101.258    17.603      0.0    
  11000     68656.51    3.7402     2.2501     2.0279     1.1606     0.3753     0.0026     4.9169    111.3135   45214.38   7285.39    -8096.0   -8078.527    17.571      0.0    
  11100     69279.07    3.7313     2.2427     2.0073      1.15      0.412      0.0026     5.3236    110.8495   45247.56   7275.99    -8124.0   -8106.228    17.569      0.0    
  11200     69902.54    3.7325     2.2502     2.0342     1.167      0.4786     0.0028     5.8866    111.0927   45264.33   7275.26    -8127.0   -8109.839    17.618      0.0    
  11300     70530.7     3.7333     2.2516     2.0121     1.1652     0.4682     0.0026     5.511     111.1668   45311.18   7289.19    -8124.0   -8105.998    17.584      0.0    
  11400     71157.05    3.7384     2.2578     2.0274     1.1756     0.4715     0.0024     5.6967    111.8477   45253.83   7287.29    -8125.0   -8107.174    17.558      0.0    
  11500     71783.34    3.7354     2.2576     2.0213     1.1782     0.4209     0.0029     5.673     112.169    45250.83   7280.94    -8134.0   -8116.305    17.548      0.0    
  11600     72408.52    3.7242     2.2489     2.0392     1.184      0.4036     0.0027     5.6149    112.3644   45247.51   7286.43    -8104.0   -8086.904    17.578      0.0    
  11700     73031.43    3.7299     2.2515     2.0375     1.1766     0.4397     0.0023     5.6233    112.4421   45238.05   7283.58    -8139.0   -8121.119    17.665      0.0    
  11800     73657.46    3.7364     2.257      2.0299     1.1806     0.4812     0.0023     5.6816    112.8227   45262.72   7287.29    -8111.0   -8093.436    17.562      0.0    
  11900     74280.33    3.7329     2.2514     2.0148     1.1654     0.3355     0.0025     5.3857    112.2902   45222.47   7279.35    -8105.0   -8087.927    17.556      0.0    
  12000     74903.34    3.7325     2.2517     2.0064     1.1616     0.3851     0.0025     5.7034    112.1464   45219.33   7280.91    -8123.0   -8105.416    17.552      0.0    
[ 0.41394276  0.33778032 -0.52233928  0.22867358  1.01759384 -0.32341597
  1.09833838  1.01322297  0.37593317 -0.05678402 -0.44986034 -0.12764752
 -0.04060086  0.61689068 -0.17707699  0.91600308  0.71170587  0.18532451
  0.94948034  0.62704057]
[ 1.37160147 -0.59775325  1.94572145  1.61626069 -0.0950718  -0.33982395
  0.34668969  0.69913011 -0.06116823  1.38295284  0.40827565  0.34084986
  1.32292234  1.130902    1.29823655  0.86564379 -0.86543044  1.25011061
 -0.62560263  1.50727132]
[ 1.37976599  0.63645341  0.2169564   1.30747701  0.48270613  0.68526826
  0.77145049  1.21143031  1.8849415   0.60233106  0.78452447  0.22741798
  1.74762381  1.82437253  0.53422602  0.68784594  2.2443682  -0.18144999
  0.84558358  0.98043057]
