Generating synthetic count valued data ... 
Generating synthetic  count valued data took:  30.75074005126953
max_count =  54  min count =  0
Evaluation for true params: 
 test_rsme | train_rsme | rel-te-err | rel-tr-err |  test_nll  |  train_nll |
2.6301710971 2.6244751856   1.51412      1.50653     163533.98    650175.67  
Using  0.05 of training data
Factorizing with max_iteration = 12000  fixing covariance?:  False
Tensor dimensions:  [50, 50, 50]
Optimization metrics: 
Using Ada Grad
Mean update scheme:  S
Covariance update :  N
Using diagonal covariance?:  False
Random start? True
k1 samples =  32  k2 samples =  128
eta =  1.0  cov eta =  1.0  sigma eta =  1
iteration |   time   |test_rsme |rel-te-err|train_rsme|rel-tr-err|   d_mean  |   d_cov  |avg_grad_m|avg_grad_c| test_nll | train_nll |    VLB   |  E-term  |    KL     
    0         2.64     10.3683     6.6507    10.4454     6.6498     3.1623     0.9114     0.821      0.5126   194657.49   38721.68   -80902.0  -80850.84    51.223   
    5        167.69     10.377     6.6538    10.4387     6.6476     3.1623     0.9114     5.5611     5.7954   192698.84   38147.82   -80245.0  -80201.38    43.705   
    10       342.37     10.385     6.6612    10.4205     6.6308     3.1623     0.9114    11.4177     11.836   189407.78   37310.39   -79170.0  -79132.677   37.687   
    20       544.29    10.3686     6.6556    10.3006     6.556      3.1623     0.9114    31.0446     32.184   182613.39   35384.18   -75475.0  -75443.78    31.706   
    50       825.08     9.8038     6.2952     9.1301     5.7822     3.1623     0.888     181.0095   146.8856  151952.22   26810.19   -45434.0  -45394.809   39.564   
   100      1214.55     6.5666     3.9778     5.2746     3.3138     3.1146     0.2896    208.2316   208.5107   75010.44   12276.63   -14335.0  -14301.022   34.094   
   200      1760.79     5.3832     3.1665     3.4198     2.076      2.2356     0.2202    31.1122    91.5925    60190.7    8942.99    -9995.0   -9966.074    28.894   
   300      2313.17     4.9739     2.943      2.9879     1.8008     2.0001     0.1138    20.5406    97.4023    56118.71   8265.75    -9172.0   -9145.941    26.331   
   400      2865.61     4.7915     2.8429     2.7845     1.6616     1.1386     0.0872    17.3991    100.1465   54346.7    7939.06    -8771.0   -8745.681    25.13    
   500       3418.2     4.6882     2.8006     2.6544     1.575      1.0607     0.0672    15.6781    102.7515   53567.93   7764.38    -8565.0   -8541.066    24.404   
   600      3971.34     4.6485     2.7949     2.5907     1.532      1.8192     0.061     15.3041    105.1385   53180.14   7700.12    -8488.0   -8464.042    23.884   
   700      4523.02     4.5911     2.7616     2.4666     1.4418     1.1178     0.0519    13.3944    106.7245   52708.04   7535.52    -8268.0    -8243.89    23.728   
   800      5078.13     4.5462     2.7454     2.3717     1.3734     0.7812     0.0433    11.1637    108.7022   52468.27   7438.66    -8159.0   -8135.334    23.467   
   900       5631.2     4.5317     2.7393     2.3229     1.3384     0.7452      0.04      9.7523    110.1698   52464.68   7384.01    -8072.0   -8048.877    23.325   
   1000     6184.14     4.5177     2.7348     2.2737     1.3052     0.6829     0.0389     9.0924    111.9449   52377.85   7337.76    -8040.0   -8016.486    23.236   
   1100     6736.79     4.5135     2.7323     2.216      1.266      0.6354     0.0344     8.2123    113.3973   52427.48   7300.82    -7995.0   -7971.507    23.277   
   1200     7290.27     4.5372     2.7507     2.1738     1.2344     0.5644     0.0316     8.1131    114.6073   52592.7    7274.97    -7942.0   -7918.197    23.31    
   1300     7843.72     4.5329     2.7486     2.1421     1.2178     0.5721     0.0294     7.9307    116.532    52600.42   7253.93    -7901.0   -7878.115    23.372   
   1400     8396.14     4.5555     2.7605     2.1288     1.2166     0.6118     0.0277     8.0202    117.7233   52867.08   7234.71    -7906.0   -7882.487    23.56    
   1500     8948.08     4.5569     2.7624     2.0895     1.1942     0.5801     0.026      7.5149    117.9474   52818.71   7217.03    -7859.0   -7835.893    23.548   
   1600     9500.21     4.562      2.7652     2.0653      1.17      0.5503     0.0258     7.7457    119.1628   52973.53   7191.52    -7829.0   -7804.921    23.614   
   1700     10051.64    4.5689     2.7697     2.0468     1.1632     0.6012     0.0258     7.4808    120.6533   52967.77    7190.6    -7835.0   -7811.205    23.528   
   1800     10602.08    4.575      2.7768     2.0186     1.1432     0.6105     0.0202     7.0822    122.2919   52942.51   7183.05    -7830.0   -7806.501    23.695   
   1900     11156.05    4.5905     2.7924     2.0024     1.148      0.7344     0.0217     7.6763    124.0292   53133.14   7166.28    -7814.0   -7790.193    23.718   
   2000     11708.7     4.5985     2.7968     2.0063     1.1446     0.6505     0.0202     8.0097    124.8472   53269.22   7162.49    -7810.0    -7786.55    23.898   
   2100     12259.93    4.6116     2.8057     2.0164     1.1664     0.6892     0.0185     8.8813    126.0535   53312.1    7161.87    -7828.0   -7804.407    23.968   
   2200     12809.25    4.6279     2.8152     1.9592     1.1332     0.6416     0.0184     9.368     127.8065   53442.8    7158.04    -7795.0   -7771.498    23.901   
   2300     13358.32    4.6427     2.8271     1.9552     1.1324     0.6702     0.0168     9.7729    128.5332   53502.36    7153.2    -7813.0   -7789.272    23.835   
   2400     13908.59    4.6576     2.8314     1.9526     1.1364     0.6672     0.0155     9.8163    129.7771   53633.12    7142.2    -7810.0   -7786.267    24.077   
   2500     14460.09    4.6489     2.8265     1.9054     1.103       0.7       0.0181     9.5026    130.2485   53729.42   7124.48    -7754.0   -7729.971    24.096   
   2600     15008.41    4.6649     2.8339     1.925      1.1166     0.9545     0.0138     10.269    130.7461   53843.77   7128.24    -7766.0   -7741.395    24.484   
   2700     15556.27    4.6614     2.8318     1.8765     1.0832     0.814      0.0139    10.4583    130.7851   53894.69   7113.87    -7744.0   -7719.551    24.36    
   2800     16110.26    4.6715     2.8413     1.8884     1.0858     0.8553     0.0147    10.3964    131.8277   53995.72   7112.26    -7768.0   -7743.441    24.25    
   2900     16658.74    4.6717     2.8331     1.8638     1.0702     0.8077     0.0129    10.3504    132.3303   54026.45   7104.68    -7722.0   -7698.127    24.351   
   3000     17207.43    4.6772     2.8402     1.833      1.0512     0.6497     0.0127     9.3486    132.8408   54105.71   7089.22    -7729.0   -7704.792    24.53    
   3100     17754.17    4.6821     2.8373     1.8395     1.0544     0.6096     0.0116     9.6324    133.4442   54170.2    7086.21    -7721.0   -7696.898    24.282   
   3200     18302.15    4.6673     2.8307     1.8099     1.037      0.5847     0.0121     9.4322    133.4273   54169.41   7082.68    -7702.0    -7677.96    24.472   
   3300     18851.13    4.6996     2.854      1.8058     1.0396     0.5846     0.0125     9.6305    134.9303   54286.09   7076.28    -7721.0   -7696.709    24.418   
   3400     19398.6     4.7059     2.8548     1.7881     1.0286     0.6157     0.0109     9.7733    135.4733   54475.91   7082.19    -7698.0   -7673.553    24.615   
   3500     19946.05    4.7019     2.8504     1.7947     1.0182     0.7873     0.011     10.0557    135.7675   54499.91   7075.01    -7709.0    -7684.79    24.428   
   3600     20491.78    4.7039     2.8516     1.7795     1.0134     0.6893     0.0109     9.6909    136.0933   54574.66   7052.91    -7685.0   -7660.302    24.529   
   3700     21038.59    4.7184     2.8563     1.7638     1.013      0.6188     0.0101     9.9426    136.4493   54772.26   7058.14    -7677.0   -7652.587    24.578   
   3800     21586.63    4.7176     2.859      1.7644     1.0074     0.712      0.0098    10.4722    137.0287   54645.19    7058.2    -7708.0   -7683.433    24.344   
   3900     22134.96    4.7324     2.8688     1.7383     0.998      0.6857     0.0089    10.6656    137.8456   55005.85   7059.82    -7681.0   -7656.464    24.643   
   4000     22683.51    4.7267     2.8686     1.7618     1.0074     0.6838     0.0091    11.3388    137.7094   54868.51   7053.68    -7714.0   -7689.149    24.626   
   4100     23232.67    4.7353     2.871      1.7341     1.0008     0.8987     0.0088     11.883    137.5572   55201.03   7067.79    -7717.0   -7692.733    24.597   
   4200     23778.37    4.7547     2.8828     1.7556     1.0134     0.9942     0.0093    12.8125    138.1065   55280.92   7070.57    -7724.0   -7699.211    24.869   
   4300     24327.13    4.7576     2.8887     1.7098     0.9826     0.7248     0.0089    12.2837    137.8076   55191.38    7054.6    -7678.0   -7653.355    24.808   
   4400     24877.3     4.7577     2.8908     1.7322     1.002      0.5936     0.0085    11.5034    139.783    55018.44   7040.49    -7674.0   -7649.567    24.769   
   4500     25422.66    4.7627     2.8964     1.7239     0.991      0.6296     0.0076    10.4688    140.8483   54989.61   7046.75    -7679.0   -7654.417    24.704   
   4600     25966.42     4.77      2.8942     1.7237     0.996      0.6005     0.0077     9.9121    142.0775   55036.0    7044.18    -7625.0   -7600.518    24.774   
   4700     26512.15    4.789      2.9077     1.6857     0.974      0.6071     0.0084     9.7792    141.4395   55101.82   7034.45    -7645.0   -7620.572    24.768   
   4800     27055.49    4.7976     2.912      1.7242     1.0006     0.5819     0.0077     9.9945    143.5813   55141.28   7039.59    -7656.0   -7631.514    24.95    
   4900     27603.4     4.8071     2.926      1.7122     1.0022     0.5516     0.0077    10.6634    143.7447   55188.95    7047.4    -7681.0   -7656.012    25.016   
   5000     28150.83    4.8108     2.9224     1.6899     0.982      0.7106     0.0077    10.8556    143.9012   55081.73   7047.64    -7646.0   -7621.122    24.956   
   5100     28696.46    4.8094     2.9252     1.7025     0.9958     0.7352     0.0068    11.1012    144.4441   55294.29   7048.35    -7669.0   -7643.489    25.074   
   5200     29244.8     4.8213     2.9285     1.705      0.999      0.6036     0.0073    11.5469    145.3697   55291.13   7051.87    -7668.0   -7642.669    25.129   
   5300     29791.9     4.831      2.942      1.7001     0.9964     0.6025     0.0075    11.2563    145.3672   55244.13    7047.5    -7659.0   -7634.029    25.059   
   5400     30338.84    4.8215     2.9336     1.6933     0.9834     0.6375     0.0069    11.3727    144.5284   55533.44   7032.53    -7648.0   -7622.489    25.028   
   5500     30884.72    4.8385     2.9422     1.6723     0.9762     0.5878     0.0071    11.2143    144.6865   55533.39   7036.04    -7646.0    -7621.01    24.917   
   5600     31429.28    4.8362     2.9412     1.6704     0.9752     0.5709     0.0068    11.0818    145.2407   55472.09    7026.1    -7624.0   -7598.512    25.096   
   5700     31976.46    4.8125     2.9302     1.6449     0.9424     0.4923     0.0067    10.0706    145.0892   55283.43   7021.57    -7606.0   -7581.504    24.941   
   5800     32522.94    4.8135     2.9293     1.6341     0.939      0.4881     0.0072     9.4443    146.501    55316.74   7005.49    -7591.0   -7565.917    25.001   
   5900     33067.91    4.8161     2.9332     1.615      0.9354     0.4879     0.0073     9.411     146.2035   55306.05   7001.53    -7592.0   -7567.266    25.192   
   6000     33615.13    4.811      2.931      1.6188     0.9386     0.4749     0.0072     8.962     147.0654   55354.03   7000.68    -7597.0   -7572.021    25.148   
   6100     34163.54    4.8192     2.936      1.6025     0.9196     0.4785     0.0064     8.7199    146.6414   55295.05   6998.47    -7598.0   -7572.527    25.173   
   6200     34710.35    4.8159     2.9298     1.6155     0.9308     0.4876     0.0066     8.5096    147.9699   55241.56   6993.62    -7577.0    -7552.04    25.261   
   6300     35256.04    4.825      2.9375      1.6       0.9232     0.4532     0.0063     8.055     148.2466   55396.53   6989.64    -7551.0   -7525.307    25.262   
   6400     35804.01    4.8368     2.9455     1.6019     0.9324     0.4265     0.0062     8.1859    148.4114   55362.28   6987.68    -7571.0    -7545.67    25.382   
   6500     36347.92    4.8224     2.939      1.5881     0.9156     0.4053     0.0059     7.4663    149.6775   55320.92   6980.22    -7556.0   -7530.165    25.393   
   6600     36897.36    4.8221     2.9399     1.5895     0.916      0.3761     0.0062     7.4999    150.6387   55310.05    6982.8    -7594.0    -7568.87    25.299   
   6700     37447.27    4.8357     2.9509     1.5859     0.919      0.3982     0.0057     8.609     151.4984   55392.41   6996.85    -7567.0   -7541.993    25.407   
   6800     37991.52    4.8241     2.9398     1.5907     0.9236     0.4616     0.0053     9.4079    152.6166   55493.98   6992.06    -7592.0   -7566.642    25.423   
   6900     38535.88    4.8449     2.9533     1.5956     0.9278     0.6061     0.0053     9.4082    152.8262   55791.13   7002.05    -7590.0   -7564.781    25.49    
   7000     39082.44    4.8396     2.9522     1.5994     0.9304     0.6049     0.0068     9.9419    152.4064   55644.86   6996.28    -7599.0   -7573.756    25.499   
   7100     39629.31    4.8354     2.9506     1.6146     0.9346     0.5319     0.005     11.0784    152.5273   55783.86   6998.81    -7612.0   -7586.973    25.352   
   7200     40174.61    4.8445     2.9562     1.6011     0.9276     0.6503     0.005      11.295    152.2353   55766.73   7005.68    -7615.0   -7589.557    25.306   
   7300     40720.03    4.8435     2.9541     1.6185     0.934      0.6955     0.0051    11.3525    152.6306   55680.23   7009.18    -7623.0   -7597.726    25.366   
   7400     41266.19    4.853      2.9642     1.5919     0.9254     0.6468     0.0054    11.0344    153.9764   55815.34   7007.96    -7588.0    -7562.65    25.471   
   7500     41814.89    4.8693     2.977      1.6029     0.9444     0.615      0.0054    11.4763    154.3476   55747.64   7014.66    -7614.0   -7589.073    25.411   
   7600     42360.75    4.8636     2.9672     1.6287     0.949      0.6232     0.005     11.8351    154.7785   55904.7    7018.06    -7624.0   -7598.812    25.426   
   7700     42905.26    4.8703     2.9771     1.622      0.9524     0.5584     0.0064    12.1532    155.1627   55990.62    7017.2    -7638.0   -7612.737    25.552   
   7800     43450.7     4.856      2.9684     1.6296     0.954      0.5435     0.0054     12.084    155.4698   55918.0    7014.31    -7613.0   -7587.368    25.431   
   7900     43996.0     4.8662     2.975      1.6214     0.9482     0.6466     0.0049    11.7361    154.9119   55862.19   7006.13    -7594.0   -7568.564    25.642   
   8000     44541.75    4.8584      2.97      1.5992     0.9326     0.5482     0.0047    11.1031    154.9521   55839.69   6988.21    -7586.0   -7560.102     25.6    
   8100     45087.38    4.8555     2.9683     1.5907     0.9286     0.4962     0.0043    10.4958    155.7254   55691.11    6989.7    -7578.0   -7552.618    25.55    
   8200     45630.63    4.843      2.9554     1.5594     0.9064     0.5001     0.0047    10.1849    155.1952   55844.52   6993.41    -7589.0   -7563.477    25.535   
   8300     46176.06    4.8597     2.9627     1.5604     0.908      0.4611     0.0047     9.7849    155.2128   55924.44   6970.56    -7573.0   -7547.286    25.691   
   8400     46720.02    4.8715     2.9713     1.5482     0.8928     0.5117     0.0053     9.6733    154.8264   55962.58   6977.16    -7552.0   -7526.704    25.716   
   8500     47265.34    4.8568     2.9654     1.5857     0.9222     0.5812     0.0052     9.8981    156.641    55752.74   6989.07    -7579.0   -7553.359    25.56    
   8600     47810.67    4.8556     2.9621     1.5738     0.909      0.7343     0.0044     9.936     156.8265   55789.34   6973.02    -7557.0   -7530.805    25.702   
   8700     48354.34    4.8634     2.9698     1.5807     0.913      0.8041     0.0041    10.2655    156.5819   55821.48   6979.95    -7561.0   -7535.745    25.675   
   8800     48898.84    4.865      2.9698     1.5465     0.8866     0.6739     0.0046    10.6316    157.5038   55863.41   6976.54    -7548.0   -7522.405    25.828   
   8900     49445.0     4.8706     2.9707     1.5617     0.9064     0.6464     0.0045    11.1181    158.4975   55813.1    6981.39    -7579.0    -7553.49    25.917   
   9000     49991.55    4.8611     2.9664     1.5768     0.9114     0.6185     0.0041    12.1069    157.9047   56024.61   6981.73    -7592.0   -7566.067    25.914   
   9100     50536.2     4.8718     2.9736     1.5774     0.913      0.5785     0.0044    12.3675    157.8654   55989.57   6991.94    -7586.0   -7560.389    25.987   
   9200     51074.99    4.8512     2.9602     1.5453      0.89      0.5691     0.0039    12.9031    157.6392   56066.14   6980.77    -7588.0   -7561.722    25.814   
   9300     51611.2     4.8586     2.9649     1.5445     0.8916     0.5832     0.0039     12.075    157.2919   55888.59    6976.2    -7561.0   -7534.736    25.804   
   9400     52149.78    4.8705     2.9688     1.5297     0.8868     0.4911     0.0047    11.6181    157.848    56024.84   6973.28    -7578.0   -7552.393    26.019   
   9500     52688.35    4.8632     2.9705     1.5245     0.8776     0.4085     0.0044    10.7935    158.1175   56043.05   6964.91    -7544.0   -7517.438    26.091   
   9600     53231.69    4.8531     2.9616     1.5064     0.8596     0.4051     0.0039     8.982     158.0384   55925.45   6954.95    -7527.0   -7501.164    26.071   
   9700     53766.34    4.8544     2.9586     1.5008     0.8648     0.3492     0.0042     8.2362    159.3037   55868.81   6960.75    -7544.0   -7517.521    26.02    
   9800     54302.54    4.8642     2.9684     1.4933     0.8646     0.359      0.0041     8.2044    160.7287   55800.95   6955.72    -7516.0   -7489.579    26.048   
   9900     54841.7     4.8645     2.9672     1.493      0.855      0.3908     0.0037     8.5452    161.1514   55859.82   6957.49    -7522.0   -7495.619    25.991   
  10000     55378.7     4.8599     2.9661     1.5028     0.8692     0.4143     0.0039     8.2708    161.4076   55884.35    6955.3    -7550.0    -7524.05    26.045   
  10100     55914.24    4.8787     2.9777     1.5182     0.8764     0.3637     0.0036     7.855     161.8546   55878.88    6951.1    -7513.0   -7486.556    26.195   
  10200     56449.52    4.8536     2.9618     1.4784     0.849      0.5097     0.0044     8.5063    161.3163   55934.28   6941.27    -7534.0   -7508.098    26.272   
  10300     56986.22    4.8679     2.9658     1.5003     0.8626     0.4711     0.0044     8.8681    162.1332   55840.06   6947.93    -7508.0    -7481.55    26.229   
  10400     57524.55    4.8538     2.9583     1.5027     0.8668     0.5007     0.004      9.7552    163.1485   55806.33   6960.22    -7541.0   -7514.479    26.225   
  10500     58058.73    4.8563     2.9632     1.5144     0.8734     0.5157     0.0039     9.9907    163.049    55735.94   6957.73    -7536.0   -7509.579    26.26    
  10600     58592.8     4.8628     2.9617     1.5184      0.88      0.5101     0.0034    10.1685    164.3766   55825.85   6955.79    -7535.0   -7509.181    26.231   
  10700     59132.63    4.8821     2.9736     1.5097     0.876      0.4978     0.0039    11.1897    163.7091   56033.93   6967.95    -7551.0   -7525.116    26.332   
  10800     59673.21    4.8712     2.966      1.5127     0.8768     0.7194     0.0034     12.122    164.0054   56101.29   6961.31    -7581.0   -7554.425    26.417   
  10900     60220.22    4.8744     2.9713     1.5023     0.868      0.6815     0.0041     12.271    162.8492   56147.4    6971.93    -7554.0   -7527.591    26.384   
  11000     60767.6     4.8674     2.9643     1.5101     0.8736     0.5781     0.0036    11.4467    163.6483   55933.95   6960.24    -7544.0   -7517.244    26.364   
  11100     61312.33    4.8661     2.9608     1.4737     0.8498     0.4943     0.0033    10.0165    163.369    55995.19   6950.24    -7536.0   -7508.997    26.612   
  11200     61857.22    4.8809     2.9717     1.488      0.8582     0.452      0.0036     9.3371    164.7322   55853.49   6960.67    -7530.0   -7503.008    26.658   
  11300     62407.61    4.8805     2.9743     1.4877     0.863      0.369      0.0034     8.9166    166.2823   55863.85   6942.51    -7513.0   -7486.333    26.423   
  11400     62956.81    4.8821     2.9725     1.4887     0.8586     0.4728     0.0033     9.4179    166.6344   55879.55   6954.95    -7516.0   -7489.555    26.605   
  11500     63507.08    4.8668     2.9664     1.491      0.864      0.3835     0.0032     9.2021    167.4512   55773.74   6949.79    -7521.0   -7494.106    26.529   
  11600     64059.71    4.8761     2.9718     1.4789     0.861      0.4644     0.0036     9.2591    167.4349   55817.14   6962.39    -7510.0   -7483.547    26.587   
