Generating synthetic binary valued data ... 
Generating synthetic  binary valued data took:  1.4300236701965332
Evaluation for true params: 
 test_rsme | train_rsme | rel-te-err | rel-tr-err |  test_nll  |  train_nll |
0.7013215039 0.6981456921 0.122962963  0.1218518519    671.83      2831.01   
Factorizing with max_iteration = 16000  fixing covariance?:  False
Tensor dimensions:  [15, 15, 15]
Optimization metrics: 
Using Ada Grad
Mean update scheme:  S
Covariance update :  N
Using diagonal covariance?:  False
Random start? True
k1 samples =  64  k2 samples =  128
eta =  1.0  cov eta =  1.0  sigma eta =  1
iteration |   time   |test_rsme |rel-te-err|train_rsme|rel-tr-err|   d_mean  |   d_cov  |avg_grad_m|avg_grad_c| test_nll | train_nll |    VLB   |  E-term  |    KL     
    0         1.77      1.4236     0.5067     1.3958     0.487      3.1623     1.1743     0.4066     0.9398     470.45    1872.22    -1893.0   -1852.178    41.286   
    5        18.81      1.3576     0.4607     1.3668     0.467      3.1623     1.1743     7.895     12.5827     473.08    1887.39    -1874.0    -1843.25    31.167   
    10       39.46      1.2789     0.4089     1.2614     0.3978     3.1623     1.1743    19.2847     31.645     537.45    1995.43    -1838.0   -1811.978    26.506   
    20       74.73      0.8537     0.1822     0.8291     0.1719     3.1623     0.624     52.8925    58.8052     330.46    1286.82    -1603.0   -1589.081    13.437   
    50       156.8      0.8641     0.1867     0.7981     0.1593     2.9024     0.1728    17.8144    37.0447     273.06     958.8     -1568.0   -1555.059    12.578   
   100       282.38     0.8183     0.1674     0.7424     0.1378     1.8153     0.0891    12.4704     39.089     260.7      835.67    -1518.0   -1507.567    10.079   
   200       515.17     0.8074     0.163      0.6939     0.1204     1.6918     0.0336    10.1779    41.2804     246.81     754.64    -1514.0   -1503.408    10.518   
   300       748.64     0.8074     0.163      0.6733     0.1133     1.1439     0.0229    11.0286    47.0777     273.3      718.11    -1496.0   -1484.268    11.295   
   400       982.18      0.8        0.16      0.6336     0.1004     1.1427     0.0275    13.2135    50.6133     251.79     669.15    -1479.0   -1466.932    11.726   
   500      1215.56     0.8183     0.1674     0.6498     0.1056     1.7227     0.0304    24.0038    61.6151     365.04     697.26    -1454.0   -1440.032    14.44    
   600      1447.03     0.8147     0.1659     0.6981     0.1219     2.8494     0.0532    218.3965   150.3144   1953.88    3983.75    -1488.0   -1455.041    32.88    
   700      1676.36     0.7963     0.1585     0.6543     0.107      2.511      0.0653    777.3027   359.3096   3195.98    7819.15    -1476.0   -1427.651    47.96    
   800      1899.73     0.7926     0.157      0.6611     0.1093     2.4533     0.0425   1473.1247   476.3089   3333.01    9074.18    -1487.0   -1429.245    57.551   
   900      2118.83     0.7963     0.1585     0.6678     0.1115     2.2715     0.0472   2569.8038   541.6787   3675.94    10071.9    -1495.0    -1431.46    63.93    
   1000     2334.84     0.7963     0.1585     0.6633      0.11      1.7297      0.04    3639.3236   629.1883   3738.55    10103.48   -1494.0    -1426.27    67.85    
   1100      2549.8     0.7888     0.1556     0.6667     0.1111     1.6332     0.0521   5191.4242   697.418    3695.08    10248.35   -1505.0   -1433.158    71.892   
   1200      2763.5     0.7888     0.1556     0.6755     0.1141     1.6437     0.0336   6659.2963   746.1001   3731.48    10538.0    -1507.0   -1432.384    75.079   
   1300     2976.29     0.7813     0.1526     0.6711     0.1126     1.5712     0.0318   8343.9224   770.9664   3761.08    10912.48   -1511.0    -1433.89    77.326   
   1400     3187.39     0.7888     0.1556     0.681      0.1159     1.666      0.0454    9953.463   906.2494   3730.09    11150.16   -1517.0   -1437.562    79.71    
   1500     3398.31     0.785      0.1541     0.6777     0.1148     1.4578     0.0394   12119.7807 1024.4522   3829.85    11079.19   -1520.0   -1437.904    82.053   
   1600     3608.78     0.7813     0.1526     0.6777     0.1148     1.4307     0.0315   14222.2113 1044.9165   3795.15    11158.72   -1517.0   -1433.403    83.678   
   1700     3819.21     0.7888     0.1556     0.682      0.1163     1.3726     0.0512   16185.7351 1129.8911   3834.72    11329.61   -1524.0   -1438.998    85.225   
   1800     4027.96     0.7926     0.157      0.6788     0.1152     1.5395     0.079    18756.0279 1176.3777   3799.86    11255.08   -1523.0   -1436.072    86.805   
   1900     4237.67     0.7888     0.1556     0.681      0.1159     1.3289     0.0335   20622.3387  1168.976   3833.08    11448.52   -1526.0   -1438.283    88.079   
   2000     4446.51     0.785      0.1541     0.6842     0.117      1.3461     0.0335   23538.652  1315.8401   3832.25    11438.28   -1529.0   -1439.497    89.565   
   2100     4654.71     0.7888     0.1556     0.6842     0.117      1.2701     0.0483   25539.8865  1406.13    3820.43    11539.16   -1530.0   -1438.695    90.832   
   2200     4863.41     0.7888     0.1556     0.6896     0.1189     1.0764     0.0413   27871.8236 1189.8419   3833.58    11619.89   -1532.0   -1440.563     91.8    
   2300     5070.08     0.7736     0.1496     0.6907     0.1193     1.0428     0.0501   31310.3555 1449.3045   3686.79    11726.04   -1534.0   -1440.724    92.961   
   2400     5276.53     0.7888     0.1556     0.6939     0.1204     1.2204     0.0477   33233.6442 1415.5757    3767.0    11873.0    -1537.0   -1443.233    93.857   
   2500     5482.94     0.7888     0.1556     0.6971     0.1215     1.0062     0.0611   37299.4595 1652.6428   3798.12    11773.37   -1538.0   -1443.565    94.535   
   2600     5687.98     0.7926     0.157      0.6896     0.1189     1.2782     0.0331   41262.6537  1826.541   3870.33    11760.26   -1537.0   -1441.879    95.389   
   2700     5893.77     0.7888     0.1556     0.6992     0.1222     1.2109     0.0464   40914.5272 1437.8239   3832.83    11953.93   -1541.0   -1445.303    96.098   
   2800      6098.9     0.7888     0.1556     0.7045     0.1241     0.9786     0.0352   45431.8844 1768.1257   3868.92    12035.45   -1544.0    -1447.41    96.738   
   2900     6304.41     0.7926     0.157      0.7034     0.1237     1.1847     0.0371   49556.5533 1969.7473   3869.21    12066.11   -1544.0   -1446.779    97.625   
   3000     6508.72     0.7888     0.1556     0.7066     0.1248     1.1955     0.1116   52988.9754 1712.2055   3868.34    12175.32   -1546.0   -1447.741    98.298   
   3100     6713.91     0.7888     0.1556     0.7045     0.1241     0.8852     0.0548   54501.1245 2029.6472   3868.51    12237.65   -1546.0   -1447.297    98.906   
   3200     6918.11     0.7926     0.157      0.7108     0.1263     1.0553     0.029    58372.0571 2073.4868    3870.3    12426.31   -1549.0   -1449.378    99.434   
   3300     7123.47     0.7888     0.1556     0.7139     0.1274     1.0455     0.0373   59330.6766 1715.9552   3832.51    12536.18   -1550.0    -1450.13   100.246   
   3400     7327.66     0.7963     0.1585     0.7191     0.1293     0.816      0.0522   64797.6782 2061.2243   3871.32    12791.31   -1553.0   -1452.428   100.682   
   3500     7531.31     0.7926     0.157      0.718      0.1289     0.8117     0.0501   66490.4143 1929.5732   3834.62    12646.9    -1552.0   -1451.245   101.123   
   3600     7734.78     0.785      0.1541     0.7149     0.1278     0.8387     0.0535   70932.3088 2341.7125   3832.29    12639.55   -1552.0   -1450.616   101.481   
   3700     7938.94     0.7888     0.1556     0.718      0.1289      0.89      0.0449   79442.6148 2307.4927   3868.34    12683.14   -1554.0   -1451.737   101.955   
   3800     8142.97     0.7888     0.1556     0.7191     0.1293     0.9659     0.0584   83287.9128 2225.2124   3868.42    12790.56   -1554.0   -1451.958   102.334   
   3900     8346.42     0.7888     0.1556     0.7242     0.1311     0.8791     0.0348   84890.9785 2301.3397   3832.45    12938.11   -1557.0   -1453.526   103.064   
   4000     8549.02     0.7926     0.157      0.717      0.1285     0.9493     0.0408   90563.2362 1867.6023    3872.5    12784.6    -1554.0   -1450.991   103.338   
   4100     8750.99     0.7888     0.1556     0.7221     0.1304     0.9035     0.0254   94478.4231 2828.9678   3868.74    12900.43   -1557.0   -1453.297   103.589   
   4200     8952.75     0.7888     0.1556     0.7272     0.1322     0.8462     0.0226   97733.8957 2189.6568   3868.34    13014.42   -1559.0   -1455.163    103.97   
   4300      9154.7     0.7888     0.1556     0.7272     0.1322     0.9411     0.061    104001.7354 1952.3991   3868.36    13084.03   -1560.0   -1455.372   104.309   
   4400     9356.72     0.7888     0.1556     0.7303     0.1333     1.1857     0.0256   106382.9439 2670.8626   3868.86    13229.51   -1561.0   -1456.714   104.638   
   4500     9558.82     0.7888     0.1556     0.7313     0.1337     0.8887      0.03    114814.2885 2512.5128   3868.86    13230.12   -1562.0   -1456.925   105.036   
   4600     9761.03     0.7888     0.1556     0.7313     0.1337     0.7878     0.0483   120626.1463 2644.2388   3868.72    13230.63   -1562.0   -1456.846   105.253   
   4700     9963.36     0.7888     0.1556     0.7303     0.1333     0.8776     0.0532   121067.4487 3148.0379   3868.78    13227.42   -1562.0   -1456.366   105.694   
   4800     10165.71    0.7963     0.1585     0.7303     0.1333     0.8436     0.059    131750.2128 2979.2916   3908.65    13262.89   -1562.0   -1456.233   106.076   
   4900     10368.83    0.7963     0.1585     0.7303     0.1333     1.0318     0.0885   137051.3396 2730.7141   3907.55    13194.89   -1562.0   -1456.178   106.264   
   5000     10571.42    0.7926     0.157      0.7293     0.133      0.7805     0.0397   139053.2423 2927.7643   3905.18    13190.85   -1562.0    -1455.66   106.694   
   5100     10774.14    0.7963     0.1585     0.7293     0.133      0.6795     0.0341   141153.4728 3050.2982   3875.28    13191.4    -1563.0   -1455.563   107.056   
   5200     10976.9     0.7963     0.1585     0.7343     0.1348     0.8652     0.0275   153637.2707  2726.147   3909.34    13377.57   -1565.0   -1457.753   107.304   
   5300     11179.32    0.7963     0.1585     0.7343     0.1348     0.785      0.0372   153215.2368 4047.3376   3907.65    13340.98   -1565.0   -1457.563   107.688   
   5400     11382.05    0.7963     0.1585     0.7354     0.1352     0.8991     0.0313   160503.1786 3314.4993   3942.03    13413.72   -1566.0   -1458.342   107.908   
   5500     11585.02    0.7963     0.1585     0.7333     0.1344     0.6436     0.0725   159273.8228 3139.1415   3907.73    13373.53   -1565.0   -1457.226   108.238   
   5600     11787.41    0.7963     0.1585     0.7343     0.1348     0.7489     0.061    172085.5022 3688.9271   3942.03    13377.57   -1566.0   -1457.784   108.582   
   5700     11990.22    0.7963     0.1585     0.7354     0.1352     0.862      0.0208   182760.1251  3245.296   3942.07    13414.86   -1567.0   -1458.544   108.714   
   5800     12193.4     0.7963     0.1585     0.7354     0.1352     0.8003     0.0421   185319.8857 2900.9937   3942.03    13378.23   -1566.0   -1457.589   108.851   
   5900     12396.35    0.7963     0.1585     0.7343     0.1348     0.7336     0.0374   192382.6536 3189.9089   3942.03    13375.37   -1566.0   -1457.414   109.081   
   6000     12599.56    0.7963     0.1585     0.7343     0.1348     0.6601     0.0279   197139.0536 4097.8397   3942.03    13410.69   -1567.0   -1457.406   109.373   
   6100     12802.76    0.7963     0.1585     0.7354     0.1352     0.6897     0.0234   200771.9963 3001.3243   3909.12    13414.98   -1567.0   -1457.818   109.565   
   6200     13006.19    0.7963     0.1585     0.7374     0.1359     0.7218     0.036    203129.1468 4308.2035    3942.6    13416.38   -1568.0   -1457.913   109.699   
   6300     13209.91    0.7963     0.1585     0.7404     0.137      0.6486     0.054    215454.6574 2746.1561   3942.72    13495.04   -1569.0    -1458.9    109.866   
   6400     13413.46     0.8        0.16      0.7394     0.1367     0.6853     0.0983   222277.8506 3085.3478   3945.09    13453.58   -1568.0   -1458.407   109.976   
   6500     13616.89     0.8        0.16      0.7404     0.137      0.7265     0.1226   230547.1896 3666.5472    3944.8    13598.13   -1569.0   -1459.109   110.125   
   6600     13820.97    0.7963     0.1585     0.7414     0.1374     0.6611     0.0592   235518.059 6037.2816   3906.21    13562.87   -1569.0   -1458.842   110.432   
   6700     14025.4      0.8        0.16      0.7404     0.137      0.7677     0.0286   237924.1107 2572.2607   3978.87    13527.95   -1569.0   -1458.919   110.531   
   6800     14228.75    0.7963     0.1585     0.7444     0.1385     0.692      0.042    253863.8223 3731.1918   3942.12    13673.55   -1571.0   -1460.389   110.831   
   6900     14432.25    0.7888     0.1556     0.7463     0.1393     0.6719     0.0216   254489.0334 2348.7874   3868.84    13784.26   -1572.0   -1460.794    111.0    
   7000     14635.62    0.7926     0.157      0.7454     0.1389     0.6739     0.0335   264207.1319 3149.8488   3905.39    13748.96   -1572.0   -1460.407   111.146   
   7100     14839.11    0.7963     0.1585     0.7444     0.1385     0.6036     0.0384   272079.9505  3748.952   3908.66    13676.57   -1571.0   -1459.797   111.392   
   7200     15042.57    0.7888     0.1556     0.7463     0.1393     0.763      0.0328   278278.2966 3667.8979   3868.37    13784.13   -1572.0   -1460.313   111.548   
   7300     15246.98    0.7888     0.1556     0.7454     0.1389     0.7022     0.0252   289411.4446 2609.1383   3868.34    13815.81   -1572.0   -1459.963   111.701   
   7400     15450.54    0.7888     0.1556     0.7463     0.1393     0.8561     0.0804   284935.6224 3474.3227   3868.34    13818.56   -1572.0    -1460.38   111.849   
   7500     15654.53    0.7888     0.1556     0.7454     0.1389      0.6       0.0214   304437.6777 4141.6169   3868.34    13816.69   -1572.0   -1460.132   111.932   
   7600     15858.37    0.7888     0.1556     0.7463     0.1393      0.64      0.0822   310377.8235 2272.9491   3868.34    13797.88   -1572.0   -1460.485   111.972   
   7700     16062.13    0.7926     0.157      0.7473     0.1396     0.6413     0.0216   317971.9165 4326.1921   3905.18    13889.59   -1572.0   -1460.403   112.063   
   7800     16266.28    0.7926     0.157      0.7483      0.14      0.6131     0.021    322668.8477 3611.2478   3905.18    13891.39   -1573.0   -1460.595   112.223   
   7900     16469.63    0.7926     0.157      0.7503     0.1407     0.6194     0.037    333998.6664 2716.5262   3905.18    13931.42   -1573.0   -1461.075   112.422   
   8000     16673.35    0.7926     0.157      0.7493     0.1404     0.6831     0.0194   344147.8563 3367.7318    3872.5    13963.03   -1573.0   -1460.836   112.607   
   8100     16877.12    0.7926     0.157      0.7493     0.1404     0.5833     0.0184   351670.8723 6586.4563   3905.18    13928.85   -1573.0   -1460.531   112.682   
   8200     17080.96    0.7926     0.157      0.7493     0.1404     0.6147     0.0208   362922.4853 3283.2381   3905.18    13894.69   -1573.0   -1460.645   112.793   
   8300     17284.89    0.7926     0.157      0.7493     0.1404     0.6027     0.109    372193.4362 3586.9976   3905.27    13930.48   -1574.0   -1460.678   112.951   
   8400     17488.73    0.7963     0.1585     0.7533     0.1419     0.6101     0.0751   376283.0467  6629.455   3909.34    13971.87   -1575.0   -1461.563   113.211   
   8500     17692.69    0.7963     0.1585     0.7513     0.1411     0.5415     0.0465   381184.9955 2625.4052    3906.3    14002.78   -1575.0   -1461.509   113.289   
   8600     17896.91    0.7963     0.1585     0.7542     0.1422     0.6209     0.0487   398236.8274 2540.2217   3942.03    14075.94   -1576.0    -1462.17   113.384   
   8700     18101.83    0.7963     0.1585     0.7582     0.1437     0.5675     0.0914   408298.0606 5028.0633   3942.03    14259.2    -1577.0   -1463.716   113.515   
   8800     18305.9     0.7963     0.1585     0.7582     0.1437     0.5168     0.0159   406140.0416 4623.4013   3942.03    14260.33   -1577.0   -1463.852   113.619   
   8900     18509.49    0.7963     0.1585     0.7572     0.1433     0.5058     0.0521   425659.6082 2615.5947    3872.1    14258.71   -1577.0    -1463.81   113.679   
   9000     18713.88    0.7926     0.157      0.7562     0.143      0.6487     0.0596   427130.6884 4513.4505    3870.3    14221.84   -1577.0   -1463.208   113.843   
   9100     18918.18    0.7926     0.157      0.7591     0.1441     0.5121     0.0481   434232.0488 5240.5711   3905.18    14261.71   -1578.0   -1464.001   114.007   
   9200     19122.54    0.7926     0.157      0.7582     0.1437     0.6238     0.0214   456799.1495 1461.1063   3905.18    14226.2    -1577.0   -1463.113   114.095   
   9300     19326.98    0.7926     0.157      0.7601     0.1444     0.5446     0.0678   475358.6193 2465.7072   3905.18    14333.5    -1578.0    -1464.07   114.246   
   9400     19531.76    0.7926     0.157      0.7601     0.1444     0.5989     0.0326   487970.0301 6042.1336   3905.18    14368.99   -1579.0   -1464.198   114.408   
   9500     19737.49    0.7926     0.157      0.7621     0.1452     0.5764     0.0133   480057.1774 3906.3192    3905.2    14405.95   -1579.0   -1464.615   114.549   
   9600     19942.23    0.7963     0.1585     0.763      0.1456     0.4929     0.0176   489026.5478 2599.2033   3942.03    14478.9    -1580.0   -1465.261   114.618   
   9700     20146.24    0.7963     0.1585     0.763      0.1456     0.5574     0.0151   507627.8813 2177.8824   3942.03    14443.26   -1580.0   -1465.071   114.686   
   9800     20350.63    0.7963     0.1585     0.764      0.1459     0.5152     0.1076   504242.8477 4979.8562   3942.03    14515.53   -1580.0   -1465.565   114.739   
   9900     20554.84    0.7963     0.1585     0.765      0.1463     0.5163     0.0157   536404.4671 3540.2099   3942.03    14520.21   -1581.0   -1465.946   114.843   
  10000     20759.1     0.7963     0.1585     0.7659     0.1467     0.5209     0.0518   537184.8492 7462.4001   3942.36    14589.33   -1581.0   -1466.104   114.884   
  10100     20963.25     0.8        0.16      0.765      0.1463     0.6491     0.0863   546886.9169 6572.9136   3978.87    14517.02   -1581.0   -1465.724   114.982   
  10200     21167.46     0.8        0.16      0.7659     0.1467     0.5268     0.2197   553977.7396 4466.2776   3978.87    14522.2    -1581.0   -1466.066    115.06   
  10300     21371.54     0.8        0.16      0.7659     0.1467     0.4946     0.0218   561534.8807 2725.9012   3978.87    14589.24   -1581.0   -1466.066   115.083   
  10400     21576.32     0.8        0.16      0.7669     0.147      0.5223     0.019    574520.0696 2740.2835   3978.87    14626.02   -1582.0   -1466.446    115.24   
  10500     21780.48     0.8        0.16      0.7679     0.1474     0.7051     0.0734   612596.3899 5146.9545   3978.87    14627.18   -1582.0   -1466.655   115.355   
  10600     21984.18    0.8037     0.1615     0.7688     0.1478     0.5256     0.0196   608400.292  2505.168   4015.71    14664.56   -1583.0   -1467.186   115.497   
  10700     22188.28    0.8037     0.1615     0.7727     0.1493     0.565      0.0937   626394.9636 4483.4693   4015.71    14812.54   -1584.0   -1468.782   115.602   
  10800     22392.6     0.8037     0.1615     0.7746      0.15      0.4763     0.0463   608916.1681 4287.3029   4015.71    14817.59   -1585.0   -1469.228   115.678   
  10900     22596.71    0.8037     0.1615     0.7746      0.15      0.4637     0.0787   628650.2947 5800.7929   4015.71    14920.75   -1585.0   -1469.244   115.816   
  11000     22800.83    0.8037     0.1615     0.7746      0.15      0.4905     0.1262   639187.1692 2598.1991   4015.71    14851.5    -1585.0   -1469.325   115.856   
  11100     23006.62    0.8037     0.1615     0.7756     0.1504     0.5687     0.0313   671360.9846 2425.5261   4015.71    14957.59   -1586.0   -1469.624   115.895   
  11200     23211.18    0.8037     0.1615     0.7765     0.1507     0.6016     0.0579   686379.9945 4993.3353   4015.71    14985.5    -1586.0   -1469.947   116.028   
  11300     23415.77    0.8037     0.1615     0.7756     0.1504     0.5991     0.0336   691931.3322 4412.9424   4015.71    14957.61   -1586.0   -1469.624   116.148   
  11400     23620.05    0.8037     0.1615     0.7756     0.1504     0.6149     0.0269   700689.3491 8165.3309   4015.71    14958.2    -1586.0   -1469.814   116.398   
  11500     23824.03    0.8037     0.1615     0.7756     0.1504     0.4816      0.03    704513.2618   4117.6    4015.71    14957.8    -1586.0   -1469.681   116.433   
  11600     24028.27    0.8037     0.1615     0.7765     0.1507     0.5437     0.0375   730277.8702 6436.6081   4015.71    14994.43   -1587.0   -1470.004   116.554   
  11700     24232.66    0.8037     0.1615     0.7765     0.1507     0.4908     0.0356   728587.0906 2989.2394   4015.71    14994.43   -1587.0   -1470.004   116.591   
  11800     24437.32    0.8037     0.1615     0.7775     0.1511     0.4891     0.0385   736649.8966 5027.4889   4015.71    14995.7    -1587.0   -1470.156    116.63   
  11900     24643.54    0.8074     0.163      0.7784     0.1515     0.4473     0.119    749672.0544 3486.3589   4052.68    15033.49   -1587.0   -1470.726   116.668   
  12000     24848.69    0.811      0.1644     0.7784     0.1515     0.5379     0.0305   768465.1771 4045.4308   4053.94    15068.12   -1587.0   -1470.764    116.71   
  12100     25052.94    0.811      0.1644     0.7784     0.1515     0.4773     0.023    783652.8586 2373.1275   4089.39    15068.4    -1588.0   -1470.859   116.749   
  12200     25258.41    0.811      0.1644     0.7803     0.1522     0.5708     0.1323   783451.5585 6744.5086   4089.39    15141.8    -1588.0   -1471.524   116.852   
  12300     25462.89    0.811      0.1644     0.7803     0.1522     0.4433     0.1025   794301.1899 4094.3869   4089.39    15141.8    -1588.0   -1471.524   116.885   
  12400     25667.52    0.811      0.1644     0.7803     0.1522     0.4249     0.0613   814604.9044 6119.7825   4089.42    15141.8    -1588.0   -1471.524   116.906   
  12500     25872.29    0.811      0.1644     0.7803     0.1522     0.4809     0.0137   826039.3375 2047.5122   4089.44    15141.8    -1588.0   -1471.524    116.95   
  12600     26077.25    0.8147     0.1659     0.7803     0.1522     0.4488     0.0458   854100.3478 7918.8182   4126.23    15141.8    -1589.0   -1471.524   117.044   
  12700     26282.54    0.8147     0.1659     0.7803     0.1522     0.431      0.0372   853948.0911 3496.4572   4126.23    15141.8    -1589.0   -1471.524   117.114   
  12800     26487.66    0.8147     0.1659     0.7803     0.1522     0.4251     0.0465   845947.9542 4109.1117   4126.23    15141.8    -1589.0   -1471.524   117.197   
  12900     26692.34    0.8147     0.1659     0.7803     0.1522     0.4312     0.0083   875288.7586 1008.6722   4126.23    15141.8    -1589.0   -1471.524    117.23   
  13000     26897.04    0.8147     0.1659     0.7803     0.1522     0.4342     0.0261   881989.8375 4738.2887   4126.23    15141.8    -1589.0   -1471.524   117.254   
  13100     27101.4     0.8147     0.1659     0.7803     0.1522     0.4661     0.031    891801.5184 3670.7101   4126.23    15141.8    -1589.0   -1471.524   117.277   
  13200     27306.07    0.8147     0.1659     0.7803     0.1522     0.4137     0.036    913040.6762 5197.4928   4126.23    15141.8    -1589.0   -1471.524    117.36   
  13300     27511.04    0.8147     0.1659     0.7803     0.1522     0.5637     0.0681   952921.5418 5248.0872   4126.23    15141.8    -1589.0   -1471.524   117.496   
  13400     27715.75    0.8183     0.1674     0.7803     0.1522     0.3945     0.108    924803.087 10402.7218  4127.35    15141.8    -1589.0   -1471.524    117.57   
  13500     27920.78    0.8147     0.1659     0.7803     0.1522     0.4434     0.0233   943578.4653 3472.4627    4126.3    15141.8    -1589.0   -1471.524   117.635   
  13600     28125.51    0.8183     0.1674     0.7803     0.1522     0.3966     0.0331   980069.283 4329.7022   4129.29    15141.83   -1589.0   -1471.524   117.747   
  13700     28330.72    0.8147     0.1659     0.7803     0.1522     0.5047     0.0398   985311.5931 5618.8605   4126.78    15141.8    -1589.0   -1471.524   117.799   
  13800     28535.59    0.8183     0.1674     0.7803     0.1522     0.3988     0.107    969930.833 3779.6941   4128.19    15141.8    -1589.0   -1471.524   117.859   
  13900     28740.31    0.8183     0.1674     0.7813     0.1526     0.378      0.1392   989923.2844 5971.1048   4163.07    15142.66   -1590.0   -1471.771   117.923   
  14000     28944.96    0.8183     0.1674     0.7813     0.1526     0.4147     0.0765   1013576.9593 7074.4718   4163.07    15178.64   -1590.0   -1471.904   117.961   
  14100     29149.37    0.8183     0.1674     0.7803     0.1522     0.5266     0.0544   1069896.4823 7922.8198   4163.07    15141.92   -1589.0   -1471.346   118.013   
  14200     29354.14    0.8183     0.1674     0.7803     0.1522     0.4494     0.0185   1048983.6246 4677.8047   4163.07    15141.8    -1589.0   -1471.284   118.079   
  14300     29559.68    0.8183     0.1674     0.7803     0.1522     0.4777     0.0288   1076624.1661 3333.9658   4163.07    15141.8    -1589.0   -1471.284   118.174   
  14400     29764.51    0.8183     0.1674     0.7813     0.1526     0.3983     0.0243   1075977.6426 4468.5029   4163.07    15143.32   -1590.0    -1471.53   118.208   
  14500     29969.07    0.8183     0.1674     0.7813     0.1526     0.3861     0.033    1092582.6202 3305.4392   4163.07    15178.75   -1590.0   -1471.701   118.225   
  14600     30173.65    0.8183     0.1674     0.7822     0.153      0.4379     0.0384   1084695.1457 8277.4575   4163.07    15215.5    -1590.0   -1472.062    118.29   
  14700     30378.14    0.8183     0.1674     0.7822     0.153      0.3839     0.0302   1099411.062 5828.3787   4163.07    15215.48   -1590.0   -1472.043   118.335   
  14800     30583.1     0.8183     0.1674     0.7822     0.153      0.3707     0.0287   1125392.3105 9251.2869   4163.07    15216.14   -1591.0   -1472.195   118.394   
  14900     30787.69    0.8183     0.1674     0.7832     0.1533     0.4797     0.0366   1152053.1791 2723.5651   4129.01    15252.32   -1591.0   -1472.423   118.474   
  15000     30992.85    0.8147     0.1659     0.7841     0.1537     0.3837     0.0986   1167107.6195 10266.1756  4126.23    15289.43   -1591.0   -1472.898   118.564   
  15100     31198.18    0.8147     0.1659     0.785      0.1541     0.4907     0.0161   1193591.9232 2248.9268   4126.23    15291.02   -1592.0   -1473.088   118.581   
  15200     31402.56    0.8147     0.1659     0.785      0.1541     0.4152     0.0549   1189280.5384  8635.041   4126.23    15290.19   -1592.0   -1473.031   118.597   
  15300     31607.04    0.8147     0.1659     0.785      0.1541     0.5258     0.0235   1210336.167  1130.787   4126.23    15290.62   -1592.0   -1473.069   118.626   
  15400     31811.08    0.8147     0.1659     0.785      0.1541     0.6726     0.0501   1231417.2332 10900.1534  4126.23    15326.01   -1592.0   -1473.183   118.641   
  15500     32015.32    0.8147     0.1659     0.785      0.1541     0.376      0.0821   1238157.556 7065.8349   4126.23    15326.01   -1592.0   -1473.183    118.66   
  15600     32220.39    0.8147     0.1659     0.786      0.1544     0.387      0.028    1276000.3695 6051.8162   4126.23    15327.17   -1592.0   -1473.449   118.744   
  15700     32425.11    0.8147     0.1659     0.785      0.1541     0.492      0.0574   1299862.5467  8072.125   4126.23    15326.04   -1592.0   -1473.183    118.77   
  15800     32630.04    0.8147     0.1659     0.786      0.1544     0.5372     0.1886   1302004.1177 5603.7123   4126.23    15330.33   -1592.0   -1473.658   118.793   
  15900     32834.99    0.8147     0.1659     0.7879     0.1552     0.3559     0.0208   1270185.6858 3980.7168   4126.23    15366.51   -1593.0   -1474.152   118.935   
  16000     33039.55    0.8147     0.1659     0.7879     0.1552     0.3856     0.016    1323403.4867 1500.7755   4126.23    15436.53   -1593.0   -1474.323   118.997   
[109.75398366  96.6209835  117.21953738 116.65940512 119.54776385
 120.55844443 120.14836659 119.76308434 115.85326103  63.29941601
 122.37817213 115.32663212 120.31209269 110.1205067  120.06430159
 110.87599281 119.88709941 119.85264795  72.70464394 117.17909584]
[123.91400098 126.24911013 117.66940633 121.97780763 100.31134431
 117.51343906 122.10367123 123.05079346 123.55278944 125.48098174
 121.71520706 122.44401618 122.96275918 119.29066529 118.44442106
 125.0306028  125.38787787 123.20627638 127.27040693  53.81124433]
[ 98.77345442  76.66991613 118.90926994 120.97966749 107.45963271
 120.04711736 118.77910648 103.969048    67.83896808 122.01842156
 104.39691161 119.5348436  120.2313415  106.92739132 121.92277905
  82.63951872 121.20427553 118.89574767  76.55110564 120.57187213]
