Generating synthetic binary valued data ... 
Generating synthetic  binary valued data took:  1.7164232730865479
Evaluation for true params: 
 test_rsme | train_rsme | rel-te-err | rel-tr-err |  test_nll  |  train_nll |
0.9301533127 0.8502722875 0.2162962963 0.1807407407    542.51       2233.0   
Factorizing with max_iteration = 16000  fixing covariance?:  False
Tensor dimensions:  [15, 15, 15]
Optimization metrics: 
Using Ada Grad
Mean update scheme:  S
Covariance update :  N
Using diagonal covariance?:  False
Random start? True
k1 samples =  64  k2 samples =  128
eta =  1.0  cov eta =  1.0  sigma eta =  1
iteration |   time   |test_rsme |rel-te-err|train_rsme|rel-tr-err|   d_mean  |   d_cov  |avg_grad_m|avg_grad_c| test_nll | train_nll |    VLB   |  E-term  |    KL     |   dw   |
    0         2.31      1.3984     0.4889     1.4417     0.5196     3.1623     8.5395     0.453      0.2504     467.91    1877.96    -1905.0   -1861.078    44.353      0.0    
    5        28.36      1.3835     0.4785     1.392      0.4844     3.1623     31.862     5.6734     3.0137     470.1     1871.83    -1885.0   -1855.783    28.821      0.0    
    10       58.73      1.3199     0.4356     1.3603     0.4626     3.1623    101.9148    11.742     7.7777     450.2     1817.64    -1874.0   -1846.278    27.656     0.2077  
    20       101.85     1.0066     0.2533     0.9828     0.2415     3.1623    120.2951   19.4381    17.9827     389.36    1545.35    -1820.0   -1780.541    39.345     0.5154  
    50       197.3      1.027      0.2637     0.976      0.2381     2.7555    168.228    12.9007    14.0923     367.23    1328.32    -1725.0   -1699.383    25.791     0.0077  
   100       356.85     1.0037     0.2519     0.9018     0.2033     1.9681    10.2218     9.8196      8.85      336.6     1179.12    -1662.0   -1645.084    16.829     0.032   
   200       651.97     0.9828     0.2415     0.8459     0.1789     1.586      1.8303     7.7645     9.1676     321.93    1032.74    -1624.0   -1612.272    11.806     0.008   
   300       950.01     0.9676     0.2341      0.8        0.16      1.1647     0.0986     6.764      8.4778     321.21    1007.85    -1606.0   -1595.163    10.619     0.004   
   400      1247.19     0.9646     0.2326     0.8282     0.1715     0.8769     9.1148     5.1627     7.5164     319.44    1034.22    -1623.0    -1615.29    8.114      0.0017  
   500      1545.53     0.9553     0.2281     0.8273     0.1711     0.9634     0.464      5.2182     7.0227     314.18    1034.58    -1620.0   -1613.088    6.806      0.0014  
   600      1843.38     0.9491     0.2252     0.838      0.1756     1.027      1.8364     5.2183     6.9016     312.19    1053.79    -1624.0   -1617.896    6.439      0.002   
   700      2142.53     0.9768     0.2385     0.8641     0.1867      0.92      0.2856     4.8299     6.0982     321.16    1104.44    -1640.0   -1633.648    5.998      0.0003  
   800      2440.64     0.9553     0.2281     0.865      0.187      0.7866     6.1779     4.6014     6.3679     318.24     1107.7    -1638.0   -1632.769    5.669      0.0006  
   900      2739.28     0.9522     0.2267     0.8503     0.1807     0.6947     9.0044     4.4764     6.6534     316.26    1131.26    -1647.0   -1641.513    5.169      0.0003  
   1000     3037.87     0.9553     0.2281     0.8928     0.1993     0.5059    10.2035     3.7669     6.068      321.19    1153.83    -1655.0    -1649.6     5.051      0.001   
   1100     3336.49     0.9522     0.2267     0.8977     0.2015     0.5736    16.7564     4.0421     8.2811     327.65    1201.44    -1673.0   -1667.416     5.14      0.0017  
   1200      3634.4     0.9615     0.2311     0.9149     0.2093     1.2328    454.4164     23.6     53.8637     339.57    1267.34    -1698.0   -1686.551    11.007     0.0073  
   1300     3931.24     0.9615     0.2311     0.942      0.2219     1.3614    163.2253    8.6089    22.8192     347.07    1300.61    -1706.0   -1700.226    6.114      0.0064  
   1400     4229.12     0.9858     0.243      0.9173     0.2104     1.0477    76.4119     6.6587    17.0049     348.79    1321.85    -1715.0   -1708.736    5.841      0.0007  
   1500     4525.14     0.9491     0.2252     0.9365     0.2193     0.8099    234.9703    8.0161    20.5255     348.22    1314.33    -1715.0   -1704.968    10.063     0.0062  
   1600     4819.27     1.0007     0.2504     0.942      0.2219     1.0801    109.4951   10.7364     23.419     356.47    1374.06    -1732.0    -1721.53    10.945     0.0006  
   1700     5107.97     0.9798      0.24      0.9553     0.2281     1.8708   16393.9246  45.6622    111.3426    365.98    1404.27    -1771.0   -1739.054    31.656     0.0084  
   1800     5393.22     0.9918     0.2459     0.9373     0.2196     0.6959    340.4605    17.179    41.3574     343.48    1336.58    -1735.0   -1709.377    25.64      0.0104  
   1900     5677.13     0.9522     0.2267     0.9373     0.2196     1.0097    417.9665   18.4673    62.5526     332.46    1248.06    -1709.0   -1673.647    35.457     0.0004  
   2000     5961.22     0.9737     0.237      0.9214     0.2122     0.9281    1141.841   28.1286    99.8042     332.1     1224.24    -1699.0   -1659.428    39.112     0.002   
   2100     6246.94     0.9798      0.24      0.9381      0.22      0.3192    119.2889    9.7157    27.4487     334.15    1216.34    -1695.0   -1657.748    36.978     0.0027  
   2200     6533.95     0.9522     0.2267     0.9333     0.2178     0.7578    872.8923    19.408    78.9581     333.77    1210.92    -1697.0   -1654.857    41.982     0.0002  
   2300     6825.33     0.9459     0.2237     0.9325     0.2174     0.5433    145.5817   10.4079    18.0493     330.11    1192.67    -1685.0   -1645.895    39.311     0.0018  
   2400     7115.97     0.9707     0.2356     0.9214     0.2122     0.7913   2646.7443   20.9134    178.1291    325.93    1184.23    -1673.0   -1634.442    38.67      0.0142  
   2500     7407.64     0.9768     0.2385     0.9222     0.2126     0.3612    90.3394     7.4215    15.6724     324.47    1172.95    -1678.0   -1642.206    35.599     0.0001  
   2600     7700.32     0.9491     0.2252     0.9222     0.2126     1.0222    362.2459   15.6957    84.4364     323.91    1170.71    -1681.0   -1642.582    38.221     0.0007  
   2700     7992.44     0.9737     0.237      0.9157     0.2096     0.3748    12.7508     7.6269     11.592     320.34    1156.46    -1672.0   -1638.319    33.795     0.0004  
   2800     8285.93     0.9768     0.2385     0.9117     0.2078     0.1579     1.9703     5.4366    10.8258     324.82    1142.18    -1667.0    -1634.82    32.32       0.0    
   2900     8573.35     0.9737     0.237      0.9043     0.2044     0.2851     0.6296     5.8018    11.3561     321.22    1125.08    -1663.0    -1632.31    30.927     0.0002  
   3000     8859.29     0.9522     0.2267     0.8928     0.1993     0.1432     0.3538     4.7692    12.3261     319.1     1113.59    -1659.0   -1628.836    29.987      0.0    
   3100     9146.13     0.9459     0.2237     0.8903     0.1981     0.3056     0.2818     5.3494     12.222     315.35    1104.04    -1659.0   -1629.717    29.642     0.0002  
   3200     9434.84     0.9522     0.2267     0.8743     0.1911     0.218      0.2143     4.5607    11.5819     319.33    1090.74    -1650.0   -1620.796    29.174     0.0001  
   3300     9719.78     0.9584     0.2296     0.8726     0.1904     0.2856     0.1353     4.6652    11.9583     318.12    1072.09    -1646.0   -1617.393    28.872      0.0    
   3400     10005.73    0.9365     0.2193     0.8615     0.1856     0.3521     0.1033     5.6623    11.4647     321.15    1060.42    -1645.0   -1616.026    28.693     0.0001  
   3500     10293.86    0.9333     0.2178     0.8546     0.1826     0.2621     0.0693     4.8266    11.7998     315.17    1041.52    -1637.0   -1608.406    28.437      0.0    
   3600     10581.15    0.9522     0.2267     0.8147     0.1659     0.2554     0.0717     5.6315    11.4026     317.43    1021.83    -1636.0   -1607.134    28.386     0.0001  
   3700     10866.88    0.927      0.2148     0.8101     0.1641     0.282      0.0483     4.5567    11.5766     313.97     998.97    -1629.0   -1600.591    28.483     0.0001  
   3800     11153.29    0.9365     0.2193     0.8147     0.1659     0.2951     0.0641     5.4801    11.1928     315.97     985.95    -1624.0   -1594.776    28.733     0.0001  
   3900     11441.31    0.9365     0.2193     0.8065     0.1626     0.2867     0.2624     4.6643    10.9266     318.01     968.47    -1621.0    -1591.96    28.976     0.0001  
   4000     11727.76    0.9491     0.2252     0.8129     0.1652     0.2445     3.5544     5.1789    11.3908     320.3      974.39    -1623.0   -1594.294    28.812     0.0001  
   4100     12014.03    0.9428     0.2222     0.8201     0.1681     0.4693     0.025      8.4655    11.1672     319.97    1007.49    -1631.0   -1601.454    29.362     0.0004  
   4200     12300.96    0.9459     0.2237     0.8055     0.1622     0.275      0.0308     5.3152     10.792     317.23     964.56    -1617.0   -1587.723    28.846      0.0    
   4300     12588.42    0.9584     0.2296     0.7916     0.1567     0.2481     0.0197     5.5118    10.6031     321.52     937.72    -1610.0   -1581.232    28.667     0.0002  
   4400     12875.75    0.9522     0.2267     0.7907     0.1563     0.325      0.0125     6.0634    11.0709     320.66     921.48    -1606.0   -1577.455    28.719     0.0002  
   4500     13164.57    0.9365     0.2193     0.7841     0.1537     0.2902     0.0136     5.8124    11.0426     321.26     904.86    -1598.0    -1568.94    28.819      0.0    
   4600     13451.67    0.9888     0.2444     0.7736     0.1496     0.3976     0.0113     6.0193    11.0875     325.87     891.78    -1596.0   -1566.568    29.307     0.0001  
   4700     13739.17    0.9491     0.2252     0.7621     0.1452     0.2261     0.0154     5.2559    10.5094     322.83     881.08    -1593.0   -1564.115    28.964     0.0001  
   4800     14025.69    0.9646     0.2326     0.7533     0.1419     0.5143     0.0098     6.1743    10.7833     326.82     871.49    -1590.0   -1560.842    28.901     0.0002  
   4900     14313.51    0.9584     0.2296     0.7698     0.1481     0.3855     0.0094     6.1299    10.8484     326.92     869.66    -1588.0   -1559.327    28.659     0.0002  
   5000     14599.55    0.9522     0.2267     0.7562     0.143      0.3105     0.0142     5.7499    10.7967     322.16     863.04    -1591.0   -1561.703    28.835      0.0    
   5100     14885.22    0.9459     0.2237     0.7394     0.1367     0.3351     0.018      5.9172    11.3316     322.43     853.62    -1585.0   -1555.916    29.013     0.0001  
   5200     15173.86    0.9397     0.2207     0.7434     0.1381     0.3354     0.0144     5.6386    10.9757     328.16     846.01    -1583.0   -1553.849    28.935     0.0001  
   5300     15460.39    0.9768     0.2385     0.7424     0.1378     0.3202     0.0168     5.9254    11.0795     324.41     839.4     -1582.0    -1553.07    29.094     0.0001  
   5400     15746.81    0.9646     0.2326     0.7221     0.1304     0.3842     0.0108     6.5782    10.6601     327.9      835.57    -1585.0   -1555.538    29.419     0.0002  
   5500     16033.46    0.9522     0.2267     0.7232     0.1307     0.3183     0.0059     6.1094    10.8621     328.04     828.74    -1579.0   -1549.941    29.432      0.0    
   5600     16319.98    0.9798      0.24      0.7066     0.1248     0.3237     0.0059     5.9619    10.5654     326.46     824.1     -1579.0   -1549.212    29.412     0.0001  
   5700     16604.8     0.9828     0.2415     0.7003     0.1226     0.2645     0.0215     5.8867    10.8547     331.77     816.79    -1579.0   -1550.056    29.233     0.0001  
   5800     16891.38    0.9646     0.2326     0.7024     0.1233     0.2389     0.0216     6.1717     11.023     331.76     806.74    -1571.0   -1541.685    29.093      0.0    
   5900     17179.9     0.9888     0.2444     0.7066     0.1248     0.2617      0.01      5.5162    10.7323     329.71     802.93    -1572.0    -1542.65    29.263      0.0    
   6000     17466.13    0.9888     0.2444     0.696      0.1211     0.2934     0.013      5.8935     10.876     334.68     804.22    -1577.0   -1547.603    29.295     0.0001  
   6100     17751.56    0.9707     0.2356     0.6992     0.1222     0.1957     0.019      5.4097    11.0084     331.48     800.9     -1571.0   -1541.999    29.104      0.0    
   6200     18040.23    0.9676     0.2341     0.7066     0.1248     0.2299     0.0229     6.0133    10.8078     331.94     794.13    -1570.0   -1540.368    29.243     0.0001  
   6300     18326.71    1.0007     0.2504     0.681      0.1159     0.1912     0.0391     5.8386    10.9428     334.88     792.75    -1569.0   -1540.129    29.247     0.0001  
   6400     18612.1     0.9918     0.2459     0.6788     0.1152     0.2995     0.0419     5.7077    10.7108     335.02     786.11    -1569.0   -1539.843    28.992      0.0    
   6500     18900.68    0.9858     0.243      0.6853     0.1174     0.2458     0.0124     6.4112    10.7921     335.75     780.73    -1565.0   -1535.668    29.115      0.0    
   6600     19187.8     1.0066     0.2533     0.6733     0.1133     0.2194     0.0273     6.2543    10.5635     336.72     775.01    -1565.0   -1536.011    28.901      0.0    
   6700     19474.37    0.9676     0.2341     0.6799     0.1156     0.2702     0.0405     5.7875    10.5815     337.23     767.59    -1564.0   -1535.537    28.934      0.0    
   6800     19760.86    1.0037     0.2519     0.6896     0.1189     0.1898     0.0289     5.7337    10.5226     337.32     766.96    -1563.0   -1533.745    28.762      0.0    
   6900     20049.46    0.9828     0.2415     0.6588     0.1085     0.2678     0.0655     6.3548    10.8653     338.73     758.44    -1561.0   -1532.082    28.505     0.0001  
   7000     20335.58    1.0096     0.2548     0.6667     0.1111     0.2381     0.0427     5.6795    10.6643     334.21     754.18    -1561.0   -1532.891    28.353      0.0    
   7100     20620.46    1.0037     0.2519     0.6744     0.1137     0.2522     0.0837     6.1848    10.6742     336.74     756.65    -1558.0   -1529.532    28.513     0.0001  
   7200     20907.14    0.9918     0.2459     0.6656     0.1107     0.2291     0.1472     6.5656    10.6392     334.35     752.62    -1557.0   -1528.915    28.34      0.0001  
   7300     21194.63    1.0007     0.2504     0.6498     0.1056     0.2313     0.0493     5.6436     10.348     338.67     750.3     -1558.0   -1529.708    28.08      0.0001  
   7400     21482.66    0.9948     0.2474      0.66      0.1089     0.2195     0.1795     6.0772    10.6183     337.72     748.89    -1556.0   -1527.797    28.096      0.0    
   7500     21770.93    1.0037     0.2519     0.6622     0.1096     0.2748     0.1494     6.2313    10.4993     339.79     740.27    -1556.0   -1527.714    28.052      0.0    
   7600     22058.09    1.0299     0.2652     0.6577     0.1081     0.2797     0.2167     6.1926    10.2728     342.57     741.45    -1557.0   -1529.236    27.98       0.0    
   7700     22343.51    0.9978     0.2489     0.6486     0.1052     0.2508     0.2176     6.561      9.8259     335.82     745.75    -1557.0   -1528.926    27.724     0.0001  
   7800     22631.17    1.0125     0.2563     0.6486     0.1052     0.2306     0.2403     6.2565    10.2004     334.99     742.36    -1554.0   -1526.665    27.513     0.0001  
   7900     22918.27    1.0066     0.2533     0.6509     0.1059     0.2769     0.4465     6.3404     10.152     334.65     744.26    -1555.0   -1527.442    27.695      0.0    
   8000     23204.66    1.027      0.2637     0.6521     0.1063     0.248      0.3234     6.5206     9.9751     339.08     749.89    -1555.0   -1527.067    27.476     0.0001  
   8100     23491.24    1.0007     0.2504     0.6486     0.1052     0.2471     0.8068     6.3931    10.2484     339.76     747.7     -1556.0   -1528.203    27.303     0.0002  
   8200     23778.8     1.0125     0.2563     0.6486     0.1052     0.1964     0.6719     5.7822    10.0931     340.48     752.95    -1559.0   -1531.657    27.185      0.0    
   8300     24065.53    1.0096     0.2548     0.6509     0.1059     0.2482     1.3463     6.4506    10.2715     334.51     762.21    -1559.0   -1532.308    26.804      0.0    
   8400     24359.05    0.9948     0.2474     0.6644     0.1104     0.2198     2.2041     6.2923    10.0562     333.8      766.4     -1561.0   -1534.266    26.523      0.0    
   8500     24653.01    1.0066     0.2533     0.6611     0.1093     0.344      3.9158     6.7649    11.4412     334.24     774.31    -1563.0   -1536.755    26.292      0.0    
   8600     24947.81    1.0066     0.2533     0.6622     0.1096     0.2505    15.6328     7.1507    14.4725     334.54     783.75    -1567.0   -1540.688    25.893      0.0    
   8700     25242.33    1.0184     0.2593     0.6864     0.1178     0.3691     89.007     8.5832    26.9931     330.86     818.74    -1575.0   -1549.801    25.441     0.0002  
   8800     25536.79    1.0007     0.2504     0.7108     0.1263     0.2955     0.0107     7.0366     9.7147     336.66     830.75    -1579.0   -1553.954    24.626     0.0001  
   8900     25831.63    0.9948     0.2474     0.6885     0.1185     0.1771     0.0117     5.9797     9.6118     333.8      803.33    -1571.0   -1546.014    24.856     0.0001  
   9000     26126.31    0.9918     0.2459     0.6831     0.1167     0.1888     0.0142     5.2849     9.4276     334.38     797.11    -1570.0   -1545.512    24.798      0.0    
   9100     26422.02    0.9768     0.2385     0.6744     0.1137     0.212      0.0085     6.0048     9.716      338.05     778.95    -1564.0   -1538.982    25.05      0.0001  
   9200     26717.36    0.9858     0.243      0.6611     0.1093     0.1693     0.016      5.484      9.7042     334.57     781.95    -1564.0   -1538.569    25.11      0.0001  
   9300     27013.66    1.0096     0.2548     0.6656     0.1107     0.227      0.0086     5.6114     9.4261     334.56     775.1     -1563.0   -1537.862    25.077     0.0001  
   9400     27308.55    0.9768     0.2385      0.66      0.1089     0.1635     0.009      5.2725     9.6583     336.15     771.31    -1563.0    -1537.64    24.915      0.0    
   9500     27603.42    0.9798      0.24      0.6755     0.1141     0.2156     0.0139     5.5283     9.296      338.12     770.24    -1562.0   -1537.138    24.836     0.0001  
   9600     27899.79    0.9858     0.243      0.6566     0.1078     0.2166      0.01      5.7625     9.7589     337.76     761.31    -1559.0    -1533.87    24.83      0.0001  
   9700     28195.13    0.9676     0.2341     0.6588     0.1085     0.2561     0.0127     6.2061     9.6929     337.64     762.39    -1561.0   -1536.617    24.866     0.0001  
