Generating synthetic binary valued data ... 
Generating synthetic  binary valued data took:  1.4222750663757324
Evaluation for true params: 
 test_rsme | train_rsme | rel-te-err | rel-tr-err |  test_nll  |  train_nll |
0.7013215039 0.6981456921 0.122962963  0.1218518519    671.83      2831.01   
Factorizing with max_iteration = 16000  fixing covariance?:  False
Tensor dimensions:  [15, 15, 15]
Optimization metrics: 
Using Ada Grad
Mean update scheme:  S
Covariance update :  N
Using diagonal covariance?:  False
Random start? True
k1 samples =  64  k2 samples =  128
eta =  1.0  cov eta =  1.0  sigma eta =  1
iteration |   time   |test_rsme |rel-te-err|train_rsme|rel-tr-err|   d_mean  |   d_cov  |avg_grad_m|avg_grad_c| test_nll | train_nll |    VLB   |  E-term  |    KL     |   dw   |
    0         1.79      1.4626     0.5348     1.3952     0.4867     3.1623     1.5118     0.4138     0.8041     472.71    1872.46    -1907.0   -1865.753    40.884     0.0644  
    5        24.55      1.3878     0.4815     1.3466     0.4533     3.1623     1.5118     7.9696    10.9969     466.75     1873.8    -1887.0   -1857.648    29.622     0.0002  
    10       53.02      1.2927     0.4178     1.2472     0.3889     3.1623     1.5118    20.0999    27.7111     519.19    2005.65    -1824.0   -1797.861    25.667     0.0002  
    20       97.65      0.8503     0.1807     0.8228     0.1693     3.1623     0.6652    56.7379    52.0126     382.89    1432.74    -1609.0   -1596.159    12.752     0.0002  
    50       189.16     0.8362     0.1748     0.7841     0.1537     2.8103     0.1765    24.4414    37.9778     289.84     984.63    -1540.0   -1528.999    11.244     0.0002  
   100       323.6      0.8433     0.1778     0.7097     0.1259     2.4688     0.0995    13.2258    38.4994     271.68     816.17    -1511.0   -1499.795    10.731      0.0    
   200       564.75     0.7736     0.1496     0.6452     0.1041     1.6513     0.0707    23.8143    55.6969     360.58     786.5     -1452.0   -1436.349    15.396      0.0    
   300       805.52     0.8433     0.1778     0.6667     0.1111     2.7716     0.0762    191.1669   143.675     2067.7     4198.9    -1477.0   -1442.838    34.662      0.0    
   400      1042.33     0.7698     0.1481     0.6336     0.1004     2.5583     0.0712    674.9942   326.6776   3018.51    7103.58    -1470.0   -1420.673    49.165      0.0    
   500      1270.87     0.7926     0.157      0.6371     0.1015     2.0514     0.0562   1456.4359   448.0843    3417.0    8448.28    -1480.0   -1421.333    58.967      0.0    
   600      1495.35     0.785      0.1541     0.6532     0.1067     1.8866     0.0508    2450.255   537.2447   3555.63    9448.02    -1491.0   -1425.858    65.019      0.0    
   700      1718.44     0.7888     0.1556     0.6486     0.1052     1.8898     0.0603   3386.0737   604.6335   3592.63    9831.06    -1495.0   -1425.203    69.547      0.0    
   800      1938.78     0.7813     0.1526     0.6611     0.1093     1.8639     0.0502   4953.4291   700.825    3693.28    10044.76   -1501.0   -1427.805    73.691      0.0    
   900      2156.75     0.7963     0.1585     0.6656     0.1107     1.6999     0.052     6176.766   807.1013   3801.27    10618.61   -1507.0    -1430.12    76.711      0.0    
   1000     2374.08     0.7963     0.1585     0.6777     0.1148     1.5953     0.0348   7680.9103   868.1004   3840.33    10889.6    -1514.0   -1434.344     79.3       0.0    
   1100     2592.92     0.785      0.1541     0.6853     0.1174     1.4215     0.0574   9653.8457   882.9425   3796.53    11399.5    -1522.0   -1440.107    81.73       0.0    
   1200     2811.71     0.8037     0.1615     0.682      0.1163     1.693      0.0431   11443.6768  962.5043   3841.48    11291.71   -1522.0   -1438.011    83.752      0.0    
   1300     3029.36     0.7926     0.157      0.6885     0.1185     1.2496     0.0355   12838.1375 1048.0255   3869.03    11551.1    -1527.0   -1441.363    85.689      0.0    
   1400     3245.95     0.7963     0.1585     0.6907     0.1193     1.1405     0.0495   14529.5017 1114.5929   3874.19    11354.71   -1528.0   -1440.597    87.302      0.0    
   1500     3460.89     0.8037     0.1615     0.6896     0.1189     1.3644     0.0291   16815.4633 1066.0504   3875.93    11651.3    -1531.0   -1441.763    88.892      0.0    
   1600     3676.71     0.8074     0.163      0.6907     0.1193     1.1323     0.0529   19127.7383  1224.526   3982.33    11553.68   -1532.0   -1442.372    90.067      0.0    
   1700      3890.4     0.7926     0.157      0.6907     0.1193     1.366      0.0552   21485.6968 1333.6036   3905.65    11762.68   -1533.0   -1441.611    91.338      0.0    
   1800     4103.25     0.7963     0.1585     0.6928      0.12      1.1585     0.0373   23280.4781  1274.286   3872.38    11747.3    -1534.0   -1441.139    92.501      0.0    
   1900     4317.27     0.7926     0.157      0.6907     0.1193     1.0786     0.0291   25646.7816 1439.4406   3869.79    11758.1    -1535.0    -1441.49    93.336      0.0    
   2000     4529.05     0.785      0.1541     0.6971     0.1215     1.0505     0.0403   28455.1665 1301.2267   3832.38    11978.32   -1538.0   -1443.376    94.433      0.0    
   2100      4742.7     0.7888     0.1556     0.7013     0.123      1.0634     0.0334   30339.0807 1523.2422   3800.47    11922.84   -1540.0   -1444.509    95.35       0.0    
   2200     4955.72     0.785      0.1541     0.696      0.1211     1.4473     0.0296   34163.2001  1792.391   3798.95    11904.86   -1538.0   -1442.373    95.981      0.0    
   2300     5167.93     0.7813     0.1526     0.6939     0.1204     1.1289     0.0264   37559.9719 1686.3032   3794.72    11906.88   -1539.0   -1442.416    96.82       0.0    
   2400     5381.45     0.785      0.1541     0.6981     0.1219     1.0378     0.023    40036.6995  1614.604   3797.45    11917.87   -1542.0   -1443.983    97.622      0.0    
   2500     5594.56     0.7888     0.1556     0.7013     0.123      1.0269     0.0406   42232.0023 1509.4522    3800.1    12021.63   -1544.0   -1445.476    98.248      0.0    
   2600     5808.65      0.8        0.16      0.7034     0.1237      1.17      0.0329   46502.599  1826.6048   3839.81    12199.05   -1545.0   -1446.525    98.931      0.0    
   2700     6022.12     0.7926     0.157      0.7024     0.1233     1.1089     0.0211   48983.8262 1830.1182   3869.38    12165.84   -1546.0   -1445.909    99.713      0.0    
   2800     6234.21     0.7963     0.1585     0.7118     0.1267     1.067      0.0476   50939.0975 2238.6348   3942.03    12532.68   -1549.0   -1449.202   100.253      0.0    
   2900     6446.65     0.7963     0.1585     0.7108     0.1263     1.554      0.0324   56029.6216 2273.8015   3909.37    12428.78   -1550.0   -1449.011   100.848      0.0    
   3000     6660.36     0.7926     0.157      0.7149     0.1278     0.9012     0.0603   58487.737  2066.8716   3905.32    12608.13   -1552.0   -1450.363   101.375      0.0    
   3100      6871.1     0.7963     0.1585     0.7149     0.1278     0.8673     0.0371   63018.8831 2409.5406   3942.03    12641.47   -1552.0   -1450.453   101.835      0.0    
   3200     7082.18     0.7888     0.1556     0.7211      0.13      1.0214     0.0477   67507.6081 2022.9516   3834.05    12795.17   -1555.0   -1452.543   102.481      0.0    
   3300     7293.89     0.7926     0.157      0.718      0.1289     0.9559     0.0505   71677.7711 1867.6006   3871.98    12820.86   -1554.0   -1451.473   102.924      0.0    
   3400     7506.59     0.7926     0.157      0.7232     0.1307     0.8588     0.0548   74646.0619 2360.3595   3869.61    12763.0    -1556.0   -1452.479   103.318      0.0    
   3500     7718.92     0.7888     0.1556     0.7242     0.1311     0.9132     0.0332   80507.0328 2520.0027   3868.41    12836.57   -1558.0   -1454.006   103.832      0.0    
   3600     7930.91     0.7888     0.1556     0.7201     0.1296     0.818      0.0235   81281.4222 2694.4231    3835.6    12860.51   -1557.0   -1452.764   104.213      0.0    
   3700     8143.52     0.7888     0.1556     0.7252     0.1315     0.827      0.0234   87490.869  2511.8979   3699.63    12941.32   -1559.0    -1454.19   104.731      0.0    
   3800     8354.53     0.7813     0.1526     0.7303     0.1333     0.7601     0.0494   89578.1289 2704.4777   3760.88    13086.95   -1561.0   -1455.518   105.134      0.0    
   3900     8564.94     0.7775     0.1511     0.7303     0.1333     0.9561     0.0365   97215.5678 2557.0261   3758.01    13192.55   -1561.0   -1455.572   105.521      0.0    
   4000     8774.24     0.7775     0.1511     0.7333     0.1344     1.0065      0.04    100009.5946 2327.4354   3757.93    13234.0    -1563.0   -1456.684   105.819      0.0    
   4100      8984.7     0.785      0.1541     0.7364     0.1356     0.854      0.0219   105326.4191 2490.8287   3831.95    13381.4    -1564.0   -1457.964   106.105      0.0    
   4200     9196.03     0.7813     0.1526     0.7354     0.1352     0.7867     0.0432   110736.6184 2574.1441   3794.66    13306.46   -1564.0   -1457.608   106.512      0.0    
   4300     9405.67     0.7813     0.1526     0.7333     0.1344     0.7809     0.0206   114643.1699 2409.9052   3795.29    13307.49   -1565.0   -1457.906   106.724      0.0    
   4400     9615.22     0.7813     0.1526     0.7333     0.1344     0.7555     0.0511   119429.3536 3533.4251   3761.38    13303.85   -1564.0    -1457.29   107.033      0.0    
   4500     9824.72     0.785      0.1541     0.7354     0.1352     0.7437     0.0377   122524.1985 2645.4901   3796.62    13378.16   -1565.0   -1457.765   107.276      0.0    
   4600     10034.66    0.7813     0.1526     0.7374     0.1359     0.683       0.03    128382.4131 2693.6569   3762.18    13486.61   -1566.0   -1458.191   107.598      0.0    
   4700     10244.9     0.7888     0.1556     0.7364     0.1356     0.856      0.1292   134744.0401 2925.5786   3761.97    13484.25   -1566.0   -1457.963   107.871      0.0    
   4800     10455.41    0.7813     0.1526     0.7343     0.1348     0.8671     0.0374   145259.8657 2412.6479   3794.71    13376.28   -1566.0   -1457.604    108.29      0.0    
   4900     10667.27    0.7813     0.1526     0.7374     0.1359     0.7454     0.0344   147366.8194 3862.1566   3761.28    13420.02   -1567.0   -1458.324   108.499      0.0    
   5000     10878.77    0.7813     0.1526     0.7404     0.137       0.92      0.0335   157321.0202 3872.5114   3727.19    13598.62   -1568.0   -1459.312   108.962      0.0    
   5100     11090.76    0.7813     0.1526     0.7414     0.1374     0.7202     0.038    161734.9602 3379.4804   3759.78    13598.6    -1569.0   -1459.692   109.135      0.0    
   5200     11302.67    0.7813     0.1526     0.7414     0.1374     0.7286     0.0342   162925.2889 4107.4279   3722.78    13633.27   -1569.0   -1459.654   109.341      0.0    
   5300     11514.44    0.7775     0.1511     0.7414     0.1374      0.84      0.0328   170141.0113 4160.9922   3725.32    13668.15   -1569.0   -1459.692   109.562      0.0    
   5400     11726.71    0.7813     0.1526     0.7424     0.1378     0.7226     0.0157   176347.721 2039.9274   3759.83    13704.99   -1570.0   -1460.071   109.901      0.0    
   5500     11938.62    0.785      0.1541     0.7424     0.1378     0.6645     0.0201   178461.5788 3053.0662   3764.06    13704.99   -1570.0   -1460.071   110.106      0.0    
   5600     12151.44    0.7775     0.1511     0.7424     0.1378     0.7076     0.0385   189596.6053 2979.9119    3758.8    13704.99   -1571.0   -1460.071   110.434      0.0    
   5700     12362.71    0.7775     0.1511     0.7424     0.1378     0.7399     0.0295   192939.6712 2882.7491   3758.02    13704.99   -1571.0   -1460.071   110.655      0.0    
   5800     12574.92    0.7888     0.1556     0.7424     0.1378     0.7248     0.0281   197056.2493 4935.6404   3832.77    13704.99   -1571.0   -1460.071   110.935      0.0    
   5900     12787.48    0.785      0.1541     0.7424     0.1378     1.068      0.0663   211542.5101  4384.564   3831.53    13672.3    -1571.0   -1460.071    111.27      0.0    
   6000     13000.38    0.7888     0.1556     0.7444     0.1385     0.971      0.0317   217362.2673 3844.4244   3868.72    13744.19   -1572.0   -1460.529    111.6       0.0    
   6100     13213.24    0.7926     0.157      0.7424     0.1378     0.632      0.0994   215557.3007 3449.6968   3905.18    13671.68   -1571.0    -1459.08   111.709      0.0    
   6200     13425.64    0.7926     0.157      0.7424     0.1378     0.7169      0.04    231493.0309 2497.9716   3905.18    13669.52   -1571.0   -1458.822   111.849      0.0    
   6300     13637.77    0.7926     0.157      0.7424     0.1378     0.6717     0.0453   236868.564 3582.1709   3905.18    13669.26   -1571.0   -1458.756   112.125      0.0    
   6400     13850.28    0.7926     0.157      0.7424     0.1378     0.6214     0.0409   246538.4547 3990.6733   3905.18    13672.3    -1571.0    -1458.87   112.324      0.0    
   6500     14060.93    0.7963     0.1585     0.7434     0.1381     0.6893     0.023    253747.3336 4267.2873    3907.4    13706.13   -1571.0   -1458.908   112.559      0.0    
   6600     14271.12    0.7963     0.1585     0.7463     0.1393     0.6219     0.0513   253913.6485 3981.2061    3870.6    13783.84   -1573.0    -1460.15   112.741      0.0    
   6700     14481.51    0.7963     0.1585     0.7513     0.1411     0.7633     0.0197   264853.7948 2270.7089   3942.03    14036.8    -1575.0   -1461.942   112.918      0.0    
   6800     14692.73    0.7963     0.1585     0.7523     0.1415     0.6726     0.0659   277154.9259 4838.4596   3942.03    14037.55   -1575.0   -1461.999   113.065      0.0    
   6900     14903.21    0.7963     0.1585     0.7513     0.1411     0.5951     0.0276   269146.6563 3954.4134   3942.31    14036.96   -1575.0   -1461.999   113.186      0.0    
   7000     15114.62    0.7963     0.1585     0.7513     0.1411     0.6201     0.0767   289189.56  3410.1025   3942.52    14036.66   -1575.0   -1461.828   113.484      0.0    
   7100     15325.09     0.8        0.16      0.7513     0.1411     0.605      0.0696   292314.5731  3880.062   3943.59    14036.78   -1576.0   -1461.961   113.625      0.0    
   7200     15536.69    0.8037     0.1615     0.7513     0.1411     0.5737     0.0483   298332.8146 5094.6041   4015.71    14036.56   -1576.0   -1461.809   113.721      0.0    
   7300     15748.06    0.8037     0.1615     0.7513     0.1411     0.746      0.0296   309287.6301 5244.3399   4015.71    14036.56   -1576.0   -1461.809   113.875      0.0    
   7400     15958.8     0.8037     0.1615     0.7523     0.1415     0.5983     0.0564   319977.5028 3242.1306   4015.71    14004.3    -1576.0   -1462.153   113.915      0.0    
   7500     16170.77    0.8037     0.1615     0.7523     0.1415     0.5228     0.0364   321596.0182 3224.1128   4015.79    14039.66   -1576.0   -1462.262   114.014      0.0    
   7600     16383.18    0.8074     0.163      0.7542     0.1422     0.5771     0.0598   328079.2704 4107.3087    4053.0    14114.4    -1577.0   -1462.948   114.172      0.0    
   7700     16595.32    0.811      0.1644     0.7542     0.1422     0.5849     0.0439   334409.0663 2511.5952   4053.62    14147.08   -1577.0   -1462.948   114.239      0.0    
   7800     16808.25    0.811      0.1644     0.7533     0.1419     0.6033     0.0236   348969.4697 4168.7691   4053.31    14110.47   -1577.0   -1462.483   114.398      0.0    
   7900     17021.57    0.811      0.1644     0.7572     0.1433     0.6146     0.0418   366339.2916  4481.639   4089.39    14154.6    -1578.0   -1463.715   114.521      0.0    
   8000     17234.35    0.811      0.1644     0.7572     0.1433     0.5561     0.0621   368771.0739 2705.9756   4089.44    14237.33   -1579.0   -1464.019   114.726      0.0    
   8100     17447.59    0.811      0.1644     0.7582     0.1437     0.5864     0.0228   376374.6921 3103.7918   4089.41    14260.4    -1579.0   -1464.228   114.856      0.0    
   8200     17660.13    0.8147     0.1659     0.7591     0.1441     0.5577     0.0295   389450.3042 4360.8167   4126.23    14260.73   -1579.0    -1464.3    114.976      0.0    
   8300     17871.04    0.8147     0.1659     0.7601     0.1444     0.5826     0.0308   391725.9593 6081.8724   4126.23    14296.46   -1580.0   -1464.662   115.069      0.0    
   8400     18083.56    0.811      0.1644     0.7601     0.1444     0.5879     0.0299   412895.2497 3179.8624   4089.41    14332.5    -1580.0   -1464.781   115.281      0.0    
   8500     18294.79    0.811      0.1644     0.7621     0.1452     0.6713     0.0168   418862.939 4668.0932   4089.39    14374.74   -1581.0    -1465.5    115.455      0.0    
   8600     18505.88    0.811      0.1644     0.764      0.1459     0.7247     0.0128   426765.3478 3062.6868   4089.39    14481.71   -1582.0   -1466.248   115.523      0.0    
   8700     18717.44    0.811      0.1644     0.764      0.1459     0.6126     0.0282   440895.1953 3040.5488   4089.39    14482.35   -1582.0   -1465.805   115.735      0.0    
   8800     18930.08    0.811      0.1644     0.765      0.1463     0.6902     0.0435   449342.3094 5452.0718   4089.39    14481.56   -1582.0   -1465.957   116.021      0.0    
   8900     19143.89    0.811      0.1644     0.765      0.1463     0.4743     0.0809   441921.5092 5260.6719   4089.39    14517.28   -1582.0   -1466.147    116.19      0.0    
   9000     19355.91    0.811      0.1644     0.764      0.1459     0.5064     0.0133   452688.3095 2833.4566   4089.39    14480.83   -1582.0   -1465.995   116.256      0.0    
   9100     19568.15    0.811      0.1644     0.765      0.1463     0.5272     0.0409   474864.3456 4666.3706   4089.39    14485.04   -1582.0   -1466.071   116.325      0.0    
   9200     19783.27    0.8074     0.163      0.7688     0.1478     0.6185     0.0888   480330.1549 2859.0068    4053.0    14628.98   -1584.0   -1467.572   116.403      0.0    
   9300     19996.67    0.8074     0.163      0.7698     0.1481     0.5434     0.0454   490397.722  6084.866   4052.57    14630.35   -1584.0    -1467.89   116.474      0.0    
   9400     20209.94    0.8074     0.163      0.7717     0.1489     0.5683     0.0399   497508.1724 3318.5329   4052.55    14773.72   -1585.0   -1468.636   116.522      0.0    
   9500     20422.84    0.8074     0.163      0.7727     0.1493     0.6427     0.0579   505462.891  6122.837   4052.55    14812.31   -1586.0   -1469.167    116.63      0.0    
   9600     20634.6     0.8074     0.163      0.7717     0.1489     0.4848     0.1216   516739.3876 5245.7594   4052.55    14810.36   -1586.0   -1468.882   116.677      0.0    
   9700     20847.93    0.8074     0.163      0.7727     0.1493     0.5213     0.0596   538353.5523 3639.5714   4052.55    14847.07   -1586.0   -1469.205   116.791      0.0    
   9800     21060.68    0.811      0.1644     0.7727     0.1493     0.6269     0.0246   543847.6598 4597.3418   4089.39    14847.07   -1586.0   -1469.205   116.988      0.0    
   9900     21272.46    0.811      0.1644     0.7727     0.1493     0.5063     0.0136   551382.7245 2299.0032   4054.31    14847.07   -1586.0   -1469.205    117.07      0.0    
  10000     21485.38    0.811      0.1644     0.7727     0.1493     0.5143     0.0578   585862.2094 5948.1023   4089.39    14847.07   -1586.0   -1469.205   117.246      0.0    
  10100     21698.17    0.8074     0.163      0.7736     0.1496     0.5795     0.067    582259.2861 3236.8696   4052.72    14848.35   -1587.0   -1469.452   117.317      0.0    
  10200     21910.15    0.811      0.1644     0.7736     0.1496     0.4508     0.0306   585612.6565 4896.6501   4089.39    14883.94   -1587.0   -1469.585   117.394      0.0    
  10300     22123.73    0.811      0.1644     0.7736     0.1496     0.7437     0.0222   592876.8045 4112.0672    4055.1    14851.23   -1587.0   -1469.566   117.456      0.0    
  10400     22337.1     0.811      0.1644     0.7746      0.15      0.6311     0.063    606824.7919 5142.2697   4089.39    14885.87   -1587.0   -1469.927   117.571      0.0    
  10500     22550.43    0.811      0.1644     0.7746      0.15      0.5776     0.0593   630891.6974  4860.457   4089.39    14886.46   -1588.0   -1469.946   117.658      0.0    
  10600     22763.5     0.811      0.1644     0.7736     0.1496     0.4717     0.0348   639195.4819 4427.4282   4089.39    14884.65   -1588.0   -1469.794   117.759      0.0    
  10700     22977.58    0.811      0.1644     0.7746      0.15      0.6303     0.0373   632902.2702 6514.7381   4089.39    14884.54   -1588.0   -1469.624   117.937      0.0    
  10800     23191.14    0.811      0.1644     0.7746      0.15      0.4582     0.0318   628357.8699 5579.4758   4089.39    14885.18   -1588.0   -1469.872   118.035      0.0    
  10900     23404.75    0.811      0.1644     0.7736     0.1496     0.5399     0.0689   654080.6456 5470.2771   4089.39    14884.14   -1588.0   -1469.531   118.118      0.0    
  11000     23618.33    0.811      0.1644     0.7736     0.1496     0.4859     0.0481   671255.2075 6601.3791   4089.39    14883.91   -1588.0   -1469.345   118.196      0.0    
  11100     23830.5     0.811      0.1644     0.7736     0.1496     0.6188     0.0677   688066.4463 4221.6629   4089.39    14883.91   -1588.0   -1469.345   118.316      0.0    
  11200     24042.09    0.811      0.1644     0.7736     0.1496     0.5791     0.053    708948.9419 5064.7394   4089.39    14883.91   -1588.0   -1469.345   118.398      0.0    
  11300     24254.03    0.811      0.1644     0.7746      0.15      0.4762     0.0145   701716.6553 3111.8366   4089.39    14920.77   -1588.0   -1469.725   118.518      0.0    
  11400     24466.08    0.811      0.1644     0.7746      0.15      0.4747     0.0084   717980.6945  931.5733   4089.39    14920.75   -1588.0   -1469.725    118.57      0.0    
  11500     24679.66    0.811      0.1644     0.7746      0.15      0.5783     0.0718   729108.6175 2034.7112   4089.39    14920.75   -1588.0   -1469.725   118.638      0.0    
  11600     24892.28    0.811      0.1644     0.7746      0.15      0.4994     0.027    755594.5412 6459.2077   4089.39    14886.97   -1588.0   -1469.744   118.684      0.0    
  11700     25103.94    0.811      0.1644     0.7746      0.15      0.4632     0.0797   760389.1952 3667.4407   4089.39    14888.07   -1588.0   -1469.725   118.738      0.0    
  11800     25316.16    0.811      0.1644     0.7756     0.1504     0.4631     0.0549   780198.5945 7215.3907   4089.39    14921.49   -1589.0   -1469.675   118.864      0.0    
  11900     25528.14    0.811      0.1644     0.7756     0.1504     0.5588     0.1057   783901.9316 8328.7507   4089.39    14957.59   -1589.0   -1469.865   118.895      0.0    
  12000     25740.09    0.811      0.1644     0.7756     0.1504     0.5933     0.0421   792494.8056 2804.0097   4089.39    14957.94   -1589.0   -1469.941   118.968      0.0    
  12100     25952.38    0.811      0.1644     0.7765     0.1507     0.4377     0.0381   817532.5768 4654.0036   4089.39    14960.65   -1589.0   -1470.225   119.055      0.0    
  12200     26165.4     0.811      0.1644     0.7765     0.1507      0.48       0.07    813886.0312 4614.5336   4089.39    14960.37   -1589.0   -1470.206   119.223      0.0    
  12300     26379.53    0.811      0.1644     0.7775     0.1511     0.4823     0.0195   815968.3459  3379.507   4089.39    15031.28   -1590.0   -1470.624    119.26      0.0    
  12400     26593.58    0.811      0.1644     0.7784     0.1515     0.5793     0.0465   834972.967 3552.2282   4089.39    15068.12   -1590.0   -1471.004   119.316      0.0    
  12500     26806.95    0.811      0.1644     0.7784     0.1515     0.4689     0.0571   868546.3897 1869.8975   4089.39    15035.43   -1590.0   -1470.985   119.457      0.0    
  12600     27018.65    0.811      0.1644     0.7784     0.1515     0.4637     0.0317   873460.4023  2742.547   4089.46    15033.16   -1591.0   -1471.098   119.519      0.0    
  12700     27230.53    0.8147     0.1659     0.7794     0.1519     0.4134     0.0462   872164.172 8393.0865   4126.23    15104.96   -1591.0   -1471.144   119.594      0.0    
  12800     27442.84    0.8147     0.1659     0.7794     0.1519     0.4776     0.0216   891414.9014 4541.1457   4092.16    15069.71   -1591.0   -1471.106    119.65      0.0    
  12900     27656.15    0.8147     0.1659     0.7784     0.1515     0.4404     0.0249   895385.9118 3662.2616   4090.84    15068.48   -1591.0   -1470.883   119.696      0.0    
  13000     27869.81    0.8147     0.1659     0.7794     0.1519     0.4243     0.0203   915554.898  1212.216   4126.23    15104.96   -1591.0   -1471.144   119.709      0.0    
  13100     28083.04    0.8147     0.1659     0.7794     0.1519     0.4523     0.0384   942458.6611 3371.3287   4126.23    15104.96   -1591.0   -1471.144   119.735      0.0    
  13200     28296.66    0.8147     0.1659     0.7794     0.1519     0.4368     0.0099   951368.3287 1804.4772   4126.23    15104.96   -1591.0   -1471.144   119.918      0.0    
  13300     28510.59    0.8147     0.1659     0.7794     0.1519     0.3987     0.0728   939452.3788 5043.0101   4126.23    15104.96   -1591.0   -1471.144   119.941      0.0    
