Generating synthetic binary valued data ... 
Generating synthetic  binary valued data took:  1.346752405166626
Evaluation for true params: 
 test_rsme | train_rsme | rel-te-err | rel-tr-err |  test_nll  |  train_nll |
0.9301533127 0.8502722875 0.2162962963 0.1807407407    542.51       2233.0   
Factorizing with max_iteration = 16000  fixing covariance?:  False
Tensor dimensions:  [15, 15, 15]
Optimization metrics: 
Using Ada Grad
Mean update scheme:  S
Covariance update :  N
Using diagonal covariance?:  False
Random start? True
k1 samples =  64  k2 samples =  128
eta =  1.0  cov eta =  1.0  sigma eta =  1
iteration |   time   |test_rsme |rel-te-err|train_rsme|rel-tr-err|   d_mean  |   d_cov  |avg_grad_m|avg_grad_c| test_nll | train_nll |    VLB   |  E-term  |    KL     |   dw   |
    0         1.76      1.3814     0.477      1.4048     0.4933     3.1623     1.596      0.4862     0.7728     471.5     1875.25    -1936.0   -1878.892    57.516     0.0657  
    5         25.1      1.4048     0.4933     1.3824     0.4778     3.1623     1.596      6.8513    10.5989     476.68    1903.63    -1917.0   -1878.397    39.101      0.0    
    10       53.86      1.3792     0.4756     1.3581     0.4611     3.1623     1.596     16.9311    25.3464     521.59    2035.08    -1888.0   -1855.591    32.261     0.0001  
    20       99.34      1.0694     0.2859     0.9714     0.2359     3.1623     0.7954    46.9292    47.9911     461.03    1593.21    -1727.0   -1711.333    15.76      0.0002  
    50       192.58     0.9768     0.2385     0.8819     0.1944     2.7413     0.147     22.4969    40.7628     362.53    1164.46    -1662.0   -1647.763    13.888     0.0001  
   100       328.7      0.9768     0.2385     0.8615     0.1856     2.258      0.0718    15.8854    40.9031     357.6     1107.96    -1594.0   -1583.333    10.406      0.0    
   200       573.05     1.0125     0.2563     0.8092     0.1637     1.6662     0.0378    16.8065    47.3068     366.55     936.49    -1571.0   -1559.078    11.701      0.0    
   300       817.19     0.9948     0.2474     0.7232     0.1307     1.6453     0.0335    25.2155     66.099     542.23     898.04    -1511.0    -1494.76    16.59       0.0    
   400      1057.46     0.9918     0.2459     0.7364     0.1356     2.654      0.0472    189.7962   165.9748   3108.22    5089.42    -1507.0   -1472.549    34.401      0.0    
   500      1294.49     0.9584     0.2296     0.7463     0.1393     2.3671     0.055     735.8321   310.9174   4614.88    9375.89    -1532.0   -1480.397    52.013      0.0    
   600      1527.89     0.9707     0.2356     0.7323     0.1341     2.2012     0.0467   1455.3767   431.5613   5198.33    10655.58   -1532.0   -1470.451    61.991      0.0    
   700       1758.6     0.9676     0.2341     0.7343     0.1348     2.1729     0.0502   2352.0633   521.0022   5385.66    11630.25   -1544.0   -1475.858    68.36       0.0    
   800      1987.23     0.9737     0.237      0.7272     0.1322     1.999      0.0347   3483.3904   590.0786   5377.02    11882.41   -1545.0   -1471.421    73.711      0.0    
   900      2213.05     0.9676     0.2341     0.7394     0.1367     1.8185     0.0411   4623.8657   671.6094   5562.23    12377.54   -1553.0   -1475.055    77.862      0.0    
   1000      2438.8     0.9858     0.243      0.7434     0.1381     1.5691     0.0305   5599.4445   724.6778   5631.97    12653.98   -1559.0   -1478.305    80.814      0.0    
   1100      2662.4     0.9768     0.2385     0.7333     0.1344     1.7032     0.0321   7010.3732   826.5508    5623.3    12278.47   -1557.0   -1473.706    83.739      0.0    
   1200     2885.78     0.9737     0.237      0.7343     0.1348     1.2651     0.0169   7695.7491   822.3492   5792.05    12654.85   -1559.0   -1473.039    86.281      0.0    
   1300     3107.11     0.9737     0.237      0.7404     0.137      1.5166     0.0149   9698.2312   905.2847   5858.01    12785.72   -1567.0   -1478.826     88.4       0.0    
   1400     3327.82     0.9828     0.2415     0.7343     0.1348     1.1671     0.0183   10498.9221  934.3781   5764.86    12791.23   -1565.0   -1474.708    90.288      0.0    
   1500     3547.07     0.9737     0.237      0.7434     0.1381     1.2746     0.013    12039.3335 1081.6362   5794.04    12828.94   -1570.0   -1477.802    92.082      0.0    
   1600      3765.4     0.9828     0.2415     0.7394     0.1367     1.1564     0.013    13332.1034 1123.0956   5840.43    12848.87   -1571.0   -1477.149    93.619      0.0    
   1700     3982.41     0.9798      0.24      0.7454     0.1389     1.2399     0.0162   14639.2913 1156.1626   5902.27    13233.95   -1575.0   -1480.261    95.099      0.0    
   1800     4198.69     0.9768     0.2385     0.7434     0.1381     1.0803     0.0102   16016.7282 1156.2114   5829.43    13324.68   -1576.0   -1479.335    96.497      0.0    
   1900     4413.94     0.9768     0.2385     0.7473     0.1396     1.2488     0.0181   17940.9899 1331.6987    5794.3    13473.63   -1578.0   -1480.113    97.52       0.0    
   2000     4629.26     0.9707     0.2356     0.7473     0.1396     0.9241     0.0126   18886.3856 1380.0293   5793.18    13689.05   -1581.0   -1482.344    98.753      0.0    
   2100     4842.44     0.9707     0.2356     0.7503     0.1407     1.0432     0.0167   20657.5739  1455.614   5810.67    13622.64   -1583.0   -1482.945   100.085      0.0    
   2200     5056.29     0.9676     0.2341     0.7513     0.1411     1.179      0.0108   23059.9814 1424.4708   5682.47    13763.48   -1584.0   -1483.121   100.979      0.0    
   2300     5269.73     0.9676     0.2341     0.7542     0.1422     1.1333     0.0177   25496.7245 1481.2048   5752.65    13801.31   -1586.0    -1483.83   102.031      0.0    
   2400     5482.01     0.9707     0.2356     0.7582     0.1437     0.9453     0.0099   25862.5501 1611.3567   5824.95    13980.87   -1588.0   -1485.391   102.981      0.0    
   2500     5694.61     0.9707     0.2356     0.7601     0.1444     1.0048     0.0134   28151.473  1662.2215   5789.39    14119.35   -1592.0   -1487.736   103.841      0.0    
   2600     5906.37     0.9798      0.24      0.7591     0.1441     1.0193     0.0173   30584.6771 1553.6508   5691.07    14094.47   -1592.0   -1487.341   104.728      0.0    
   2700     6118.22     0.9768     0.2385     0.7611     0.1448     0.9269     0.0132   31461.5012 1820.6651   5830.54    14167.65   -1594.0   -1488.324   105.547      0.0    
   2800     6329.78     0.9768     0.2385     0.764      0.1459     0.9718     0.0165   34438.4022 2018.3198   5831.08    14274.19   -1596.0   -1489.452   106.204      0.0    
   2900      6540.8     0.9737     0.237      0.7708     0.1485     1.0558     0.0128   35825.3832  1887.111   5756.78    14634.29   -1600.0   -1492.809   106.948      0.0    
   3000     6752.42     0.9676     0.2341     0.7698     0.1481     1.0289     0.0116   38926.8126 2012.0441   5821.07    14671.24   -1601.0   -1493.175   107.659      0.0    
   3100     6964.24     0.9646     0.2326     0.7746      0.15      0.9264     0.0153   41138.7945 2013.3817   5784.28    14641.54   -1603.0   -1494.512   108.265      0.0    
   3200     7175.45     0.9707     0.2356     0.7727     0.1493     0.8919     0.0185   44262.3346 2088.4976   5822.61    14778.37   -1603.0    -1494.22   108.891      0.0    
   3300     7387.16     0.9646     0.2326     0.7708     0.1485     0.849      0.0157   45059.3712 2064.0861   5751.59    14758.03   -1603.0   -1493.624   109.422      0.0    
   3400     7598.55     0.9646     0.2326     0.7736     0.1496     0.9088     0.0086   47929.7658 2256.1602   5748.43    14816.69   -1604.0   -1494.051   109.869      0.0    
   3500     7810.93     0.9584     0.2296     0.7746      0.15      0.7701     0.0109   51216.8614 2054.3212   5711.72    14784.73   -1605.0   -1494.986   110.343      0.0    
   3600     8022.55     0.9676     0.2341     0.7756     0.1504     0.9019     0.0172   53419.8497  2581.663   5785.54    14857.07   -1607.0   -1496.082   110.791      0.0    
   3700     8234.37     0.9646     0.2326     0.7765     0.1507     0.805      0.0086   56453.8452  2315.278   5716.34    14960.78   -1608.0   -1496.467   111.206      0.0    
   3800     8445.91     0.9615     0.2311     0.7794     0.1519     0.8678     0.0144   58222.1063  2380.405   5747.25    14998.33   -1609.0   -1497.521   111.717      0.0    
   3900     8657.96     0.9676     0.2341     0.7822     0.153      0.9571     0.0083   60268.7982 2586.6363   5784.82    14941.57   -1611.0   -1499.133   112.176      0.0    
   4000     8870.05     0.9646     0.2326     0.7822     0.153      0.7396     0.016    64996.8179 3073.6257   5784.21    15041.26   -1612.0   -1499.717   112.583      0.0    
   4100     9082.86     0.9615     0.2311     0.7879     0.1552     0.8139     0.0064   68889.4198 2273.2567   5747.77    15229.59   -1615.0   -1502.194   112.933      0.0    
   4200     9294.64     0.9584     0.2296     0.7897     0.1559     0.7143     0.0101   70857.6088 2398.8451   5676.01    15375.32   -1617.0   -1503.387   113.411      0.0    
   4300     9505.97     0.9615     0.2311     0.7897     0.1559     0.7398     0.0069   74202.4755 2940.4991   5747.25    15407.88   -1618.0   -1504.155    113.82      0.0    
   4400     9717.34     0.9553     0.2281     0.7944     0.1578     0.7521     0.0075   78098.5303 2904.2707   5640.04    15559.99   -1620.0   -1505.913   114.229      0.0    
   4500      9928.7     0.9522     0.2267     0.7972     0.1589     0.7924     0.0074   80632.1599 3378.2449   5636.78    15769.04   -1622.0   -1507.087   114.569      0.0    
   4600     10140.57    0.9522     0.2267     0.7972     0.1589     0.8523     0.017    84422.7467 2914.7873   5636.73    15734.45   -1622.0   -1507.182   114.814      0.0    
   4700     10352.94    0.9491     0.2252     0.7981     0.1593     0.7947     0.0085   86101.4663 2954.3504   5564.12    15771.47   -1623.0   -1507.961   115.167      0.0    
   4800     10565.52    0.9459     0.2237      0.8        0.16      0.7722     0.0154   90633.1051 2743.5726   5563.05    15881.52   -1625.0   -1509.131   115.566      0.0    
   4900     10778.06    0.9459     0.2237      0.8        0.16      0.7347     0.0079   93056.8421 3497.7869   5564.07    15846.79   -1625.0   -1509.301   115.725      0.0    
   5000     10990.05    0.9491     0.2252      0.8        0.16       0.75      0.0141   97610.8409 3253.9464   5563.86    15915.62   -1626.0    -1509.58   116.163      0.0    
   5100     11202.65    0.9553     0.2281     0.8009     0.1604     0.6801     0.0335   99299.9249 3080.1244   5571.67    15952.86   -1627.0   -1510.131   116.465      0.0    
   5200     11414.82    0.9522     0.2267     0.8037     0.1615     0.935      0.0131   106743.3425 2860.9392   5604.05    15994.25   -1628.0   -1510.948   116.849      0.0    
   5300     11627.86    0.9522     0.2267     0.8037     0.1615     0.7059     0.0083   110301.6287 3428.7394   5604.05    15995.28   -1629.0   -1511.421   117.229      0.0    
   5400     11841.1     0.9553     0.2281     0.8055     0.1622     0.6835     0.0153   113283.8185 4328.7819   5573.31    16069.13   -1630.0   -1512.568   117.498      0.0    
   5500     12054.66    0.9491     0.2252     0.8046     0.1619     0.8163     0.0206   118833.0324 2645.0106   5565.85    16100.96   -1630.0   -1512.043   117.718      0.0    
   5600     12268.7     0.9491     0.2252     0.8101     0.1641     0.6486     0.0213   121551.7738 2631.5396    5567.2    16288.82   -1632.0   -1514.315   117.972      0.0    
   5700     12482.8     0.9491     0.2252     0.811      0.1644     0.7103     0.0145   124694.1559 3854.4332    5565.6    16254.7    -1632.0   -1514.181    118.26      0.0    
   5800     12696.43    0.9491     0.2252     0.8129     0.1652     0.6386     0.0079   131809.3214 3307.6181    5599.9    16363.03   -1634.0   -1515.289   118.522      0.0    
   5900     12910.06    0.9522     0.2267     0.8156     0.1663     0.6434     0.012    134717.4218 3237.9263   5603.17    16330.04   -1635.0   -1516.323   118.868      0.0    
   6000     13123.96    0.9584     0.2296     0.8165     0.1667     0.6918     0.0182   136968.6277 4302.5664   5675.94    16440.93   -1636.0   -1517.046    119.18      0.0    
   6100     13338.04    0.9553     0.2281     0.8165     0.1667     0.6696     0.0102   141751.1966  4293.071   5674.01    16546.51   -1637.0   -1517.488   119.359      0.0    
   6200     13551.93    0.9584     0.2296     0.8183     0.1674     0.6455     0.0044   152103.8085 3970.6143   5675.02    16584.03   -1638.0    -1518.12   119.571      0.0    
   6300     13766.13    0.9584     0.2296     0.8246      0.17      0.6377     0.0122   155336.2394 5288.4454   5676.27    16739.75   -1641.0    -1521.51   119.802      0.0    
   6400     13980.02    0.9553     0.2281     0.8237     0.1696     0.7367     0.0108   157540.9528 4703.1502   5674.12    16803.52   -1641.0   -1520.855   120.103      0.0    
   6500     14195.14    0.9553     0.2281     0.8255     0.1704     0.7469     0.0171   162789.0548 3387.7946   5673.79    16875.96   -1642.0   -1521.829   120.259      0.0    
   6600     14410.76    0.9553     0.2281     0.8264     0.1707     0.6719     0.0217   172477.8574 4392.2306   5673.57    16877.6    -1642.0   -1521.983   120.482      0.0    
   6700     14625.82    0.9553     0.2281     0.8273     0.1711     0.6658     0.0132   171108.7978 4882.2478   5640.89    16986.65   -1644.0   -1522.906   120.638      0.0    
   6800     14840.61    0.9584     0.2296      0.83      0.1722     0.7147     0.0137   184315.3009 3985.4872   5710.81    17023.74   -1644.0   -1523.605   120.844      0.0    
   6900     15056.3     0.9584     0.2296     0.8291     0.1719     0.5938     0.0201   181906.6821 4466.6527   5710.66    17062.06   -1645.0   -1523.914   121.088      0.0    
   7000     15271.51    0.9584     0.2296     0.8318     0.173      0.6512     0.0103   191094.3437 4239.8467    5710.7    17135.05   -1646.0   -1524.733   121.317      0.0    
   7100     15487.3     0.9584     0.2296     0.8327     0.1733     0.6834     0.0122   198939.4104 4103.6702   5710.54    17207.56   -1647.0   -1525.178   121.441      0.0    
   7200     15702.88    0.9584     0.2296     0.8336     0.1737     0.6476     0.011    197940.4141 3060.6876   5677.04    17279.06   -1647.0   -1525.672   121.647      0.0    
   7300     15918.39    0.9553     0.2281     0.8353     0.1744     0.6697     0.0084   206779.0868 4478.8741   5674.38    17316.96   -1648.0   -1526.241   121.903      0.0    
   7400     16133.59    0.9584     0.2296     0.8353     0.1744     0.6043     0.0126   207371.4489 4977.4386   5640.73    17352.35   -1649.0   -1526.393   122.231      0.0    
   7500     16348.88    0.9584     0.2296     0.8371     0.1752     0.6829     0.0075   219118.3929 3923.2086    5708.3    17389.8    -1650.0   -1527.127   122.502      0.0    
   7600     16564.25    0.9584     0.2296     0.8371     0.1752     0.5586     0.0102   221096.8552 4406.4573   5691.51    17426.44   -1650.0    -1527.45   122.572      0.0    
   7700     16779.82    0.9584     0.2296     0.838      0.1756     0.6873     0.0116   226858.757 3972.0295   5710.41    17430.37   -1651.0   -1528.057   122.845      0.0    
   7800     16994.92    0.9584     0.2296     0.838      0.1756     0.6009     0.0178   233564.5734 4095.4963   5710.41    17462.99   -1651.0   -1528.013   123.055      0.0    
   7900     17210.86    0.9553     0.2281     0.8406     0.1767     0.5763     0.0077   234547.5022 3412.9696   5640.33    17473.75   -1653.0   -1529.431   123.104      0.0    
   8000     17426.29    0.9553     0.2281     0.8424     0.1774     0.5619     0.0224   241947.6286 5060.8744   5673.57    17577.09   -1653.0   -1530.119   123.233      0.0    
   8100     17642.71    0.9553     0.2281     0.8424     0.1774     0.6137     0.0124   257389.1881 4812.0972   5673.92    17614.21   -1654.0   -1530.545   123.439      0.0    
   8200     17859.02    0.9553     0.2281     0.8433     0.1778     0.5266     0.0276   252383.5485 3625.9549   5674.15    17614.0    -1655.0   -1531.003   123.615      0.0    
   8300     18075.66    0.9584     0.2296     0.8424     0.1774     0.5854     0.055    259337.0223 6277.3006   5674.78    17579.32   -1655.0   -1531.026   123.783      0.0    
   8400     18292.31    0.9553     0.2281     0.8415     0.177      0.6078     0.0109   274803.7907 3874.9582   5637.94    17538.64   -1654.0   -1530.171   123.922      0.0    
   8500     18508.9     0.9522     0.2267     0.8398     0.1763     0.511      0.0096   268656.1515 2419.9169   5636.93    17536.68   -1654.0   -1529.727   124.032      0.0    
   8600     18725.44    0.9522     0.2267     0.8415     0.177      0.5432     0.0163   289556.9795  4507.391   5637.22    17574.4    -1655.0   -1530.342   124.184      0.0    
   8700     18941.46    0.9553     0.2281     0.8424     0.1774     0.5947     0.0112   285255.0703 4493.2849   5673.57    17647.84   -1655.0   -1531.026   124.365      0.0    
   8800     19157.83    0.9584     0.2296     0.845      0.1785     0.5375     0.0094   295761.5674  4295.935   5710.41    17721.63   -1656.0   -1531.786    124.44      0.0    
   8900     19374.71    0.9584     0.2296     0.8442     0.1781     0.5696     0.0117   306990.4359 4863.9904   5710.41    17685.2    -1656.0   -1531.615   124.563      0.0    
   9000     19591.1     0.9584     0.2296     0.8468     0.1793     0.557      0.0072   303195.3068 4517.1556   5710.41    17725.24   -1657.0   -1532.327   124.636      0.0    
   9100     19807.85    0.9584     0.2296     0.8459     0.1789     0.6041     0.0083   310889.5393 3940.6732   5710.41    17759.68   -1657.0    -1532.52   124.757      0.0    
   9200     20024.69    0.9553     0.2281     0.8442     0.1781     0.5862     0.0068   312326.0335 5178.5729    5673.9    17652.92   -1657.0   -1531.817    124.9       0.0    
   9300     20241.43    0.9553     0.2281     0.845      0.1785     0.5359     0.0097   320215.6587 4951.4698   5673.59    17652.43   -1658.0   -1532.498   125.132      0.0    
   9400     20458.43    0.9584     0.2296     0.8468     0.1793     0.5501     0.0308   326256.3167 4675.9781   5676.12    17760.89   -1658.0   -1533.188   125.228      0.0    
   9500     20675.29    0.9584     0.2296     0.8468     0.1793     0.7695     0.0087   342761.5606 3274.9275   5710.41    17831.44   -1659.0   -1533.235   125.358      0.0    
   9600     20892.34    0.9584     0.2296     0.8477     0.1796     0.5377     0.0096   342658.6132 5244.9674   5710.41    17832.6    -1659.0   -1533.525   125.518      0.0    
   9700     21109.54    0.9584     0.2296     0.8477     0.1796     0.5374     0.0099   354457.7767 3272.9297   5677.04    17798.91   -1659.0   -1533.714   125.691      0.0    
   9800     21326.83    0.9584     0.2296     0.8477     0.1796     0.4809     0.0088   355972.9382 5453.9245   5677.73    17868.83   -1660.0   -1534.103   125.773      0.0    
   9900     21543.19    0.9584     0.2296     0.8485      0.18      0.4922      0.01    360311.5448 3282.9637   5710.41    17871.03   -1660.0    -1534.48    125.86      0.0    
  10000     21759.82    0.9584     0.2296     0.8485      0.18      0.5301     0.0157   370230.5514 3385.6196   5710.41    17904.9    -1660.0   -1534.178    125.89      0.0    
  10100     21977.1     0.9553     0.2281     0.8494     0.1804     0.5112     0.0061   379636.9753 4388.4098   5673.62    17906.66   -1661.0   -1534.741   125.943      0.0    
  10200     22194.34    0.9553     0.2281     0.8494     0.1804     0.4625     0.0071   375464.959 4058.4586   5673.65    17875.28   -1661.0   -1534.779   126.024      0.0    
  10300     22411.71    0.9553     0.2281     0.8494     0.1804     0.554      0.0105   394194.6641 4529.9277   5673.57    17907.41   -1661.0   -1534.779   126.082      0.0    
  10400     22629.11    0.9553     0.2281     0.8511     0.1811     0.4945     0.0081   407543.5665 5270.7919   5673.92    17911.06   -1662.0   -1535.417   126.271      0.0    
  10500     22846.77    0.9584     0.2296     0.8503     0.1807     0.5601     0.0153   414890.2357 3084.6815   5674.09    17978.6    -1662.0    -1535.24   126.347      0.0    
  10600     23063.97    0.9553     0.2281     0.8503     0.1807     0.5519     0.0196   422912.994  2054.635   5674.23    17978.62   -1662.0   -1535.178   126.432      0.0    
  10700     23281.86    0.9553     0.2281     0.8503     0.1807     0.5887     0.0177   436026.7682 6865.2601   5673.67    17978.66   -1662.0   -1535.228   126.497      0.0    
  10800     23499.19    0.9553     0.2281     0.8511     0.1811     0.4995     0.0149   448598.3427 6129.1417   5640.89    17979.46   -1662.0   -1535.612   126.642      0.0    
  10900     23715.84    0.9491     0.2252     0.8511     0.1811     0.5148     0.0098   444434.9053 3178.3582   5600.55    17980.98   -1663.0    -1535.86   126.819      0.0    
  11000     23932.48    0.9522     0.2267     0.8529     0.1819     0.5694     0.0183   456652.3755  5582.817   5604.05    17947.59   -1664.0   -1536.713   126.881      0.0    
  11100     24149.94    0.9522     0.2267     0.8537     0.1822     0.5574     0.0075   455209.96  4216.8341   5602.44    18058.94   -1665.0    -1537.71   126.953      0.0    
  11200     24367.32    0.9491     0.2252     0.8537     0.1822     0.6107     0.0111   480152.2143 6763.6633   5600.61    18058.66   -1665.0   -1537.615   127.015      0.0    
  11300     24584.74    0.9491     0.2252     0.8529     0.1819     0.5237     0.0064   469257.322 5383.9015   5600.03    18053.84   -1664.0   -1537.021   127.078      0.0    
  11400     24801.9     0.9491     0.2252     0.8537     0.1822     0.5152     0.0092   484348.2276 6868.2891   5565.78    18058.2    -1664.0   -1537.169   127.106      0.0    
  11500     25019.74    0.9491     0.2252     0.8555     0.183      0.476      0.0055   479306.2605 3171.8281    5567.2    18032.08   -1665.0   -1538.232   127.223      0.0    
  11600     25237.52    0.9491     0.2252     0.8555     0.183      0.5218     0.0118   501445.0744 5483.2181   5599.89    18129.29   -1665.0   -1538.096   127.355      0.0    
  11700     25454.85    0.9491     0.2252     0.8555     0.183      0.5093     0.0065   507737.7185 4908.0875   5564.57    18133.17   -1666.0   -1538.387   127.379      0.0    
  11800     25672.41    0.9491     0.2252     0.8555     0.183      0.6108     0.0059   525753.3983 3108.2908   5566.51    18130.77   -1666.0   -1538.301   127.448      0.0    
  11900     25890.49    0.9491     0.2252     0.8563     0.1833     0.5188     0.0171   508385.5397 4333.8655   5599.89    18133.23   -1666.0   -1538.655   127.616      0.0    
  12000     26108.08    0.9491     0.2252     0.8555     0.183      0.4469     0.0072   529405.5135 5137.4799   5599.89    18199.66   -1666.0   -1538.209   127.765      0.0    
  12100     26325.71    0.9491     0.2252     0.8555     0.183      0.4968     0.0177   550704.0118 5854.2688   5599.89    18166.32   -1666.0    -1538.24   127.871      0.0    
  12200     26543.41    0.9491     0.2252     0.8546     0.1826     0.451      0.004    546696.7331 3047.2808   5533.42    18129.8    -1666.0   -1537.806   128.009      0.0    
  12300     26760.85    0.9459     0.2237     0.8537     0.1822     0.4174     0.0088   548962.9431 6250.9813   5563.49    18126.24   -1665.0   -1537.031   128.131      0.0    
  12400     26978.02    0.9459     0.2237     0.8546     0.1826     0.4632      0.01    562898.2366 6155.3475   5563.38    18126.55   -1665.0   -1537.093   128.179      0.0    
  12500     27195.34    0.9459     0.2237     0.8555     0.183      0.4478     0.0233   578491.432  5259.621    5563.4    18133.62   -1666.0   -1538.178   128.209      0.0    
  12600     27412.65    0.9491     0.2252     0.8546     0.1826     0.4336     0.006    572141.4774  4253.468   5566.51    18163.06   -1666.0   -1537.713   128.235      0.0    
  12700     27630.09    0.9491     0.2252     0.8555     0.183      0.5124     0.0063   611059.7938 7501.2644    5599.9    18199.63   -1666.0   -1538.178   128.304      0.0    
  12800     27847.3     0.9491     0.2252     0.8555     0.183      0.4948     0.0089   590948.7558 4919.5716   5599.89    18163.77   -1667.0   -1538.166   128.351      0.0    
  12900     28064.54    0.9428     0.2222     0.8555     0.183      0.4521     0.0106   604293.5666 3534.3254   5526.74    18165.42   -1666.0   -1537.763   128.393      0.0    
  13000     28282.1     0.9459     0.2237     0.8555     0.183      0.4498     0.0088   608431.1042 4237.1032   5492.72    18129.82   -1666.0   -1537.487   128.469      0.0    
  13100     28500.21    0.9459     0.2237     0.8563     0.1833     0.4496     0.0068   642582.8137  5392.214   5495.12    18168.16   -1667.0   -1538.433   128.516      0.0    
  13200     28717.64    0.9428     0.2222     0.8572     0.1837     0.4205     0.0077   630039.5836 5831.5631    5490.9    18238.33   -1667.0   -1538.938   128.552      0.0    
  13300     28934.88    0.9459     0.2237     0.8563     0.1833     0.4274     0.0057   632740.78  7286.1925   5563.05    18201.92   -1667.0   -1538.305   128.568      0.0    
  13400     29152.1     0.9459     0.2237     0.8572     0.1837     0.4611     0.0079   649144.1864 2109.3544   5530.36    18273.83   -1668.0   -1539.212   128.645      0.0    
  13500     29370.52    0.9459     0.2237     0.8581     0.1841     0.4523     0.0161   649564.4439 6524.8157   5496.58    18275.07   -1668.0    -1539.47   128.677      0.0    
  13600     29588.1     0.9459     0.2237     0.8581     0.1841     0.459      0.0078   693253.5708 2669.2504   5563.05    18310.19   -1668.0   -1539.317   128.786      0.0    
  13700     29805.8     0.9459     0.2237     0.8581     0.1841     0.4733     0.0088   687733.9854 6399.9492   5563.05    18276.84   -1669.0   -1539.653   128.852      0.0    
  13800     30023.18    0.9459     0.2237     0.8589     0.1844     0.4352     0.0078   688189.6957 4301.5925   5494.13    18275.95   -1669.0   -1540.036   128.964      0.0    
  13900     30241.45    0.9459     0.2237     0.8589     0.1844     0.5407     0.0417   695863.981 5110.2687   5527.37    18313.76   -1669.0   -1540.185   128.986      0.0    
  14000     30459.37    0.9428     0.2222     0.8589     0.1844     0.4599     0.0221   723938.6451 8396.9933    5526.2    18347.0    -1669.0   -1540.178   129.056      0.0    
  14100     30677.89    0.9428     0.2222     0.8589     0.1844     0.5025     0.0085   707649.0371 4089.0093    5526.2    18347.0    -1669.0   -1540.178   129.104      0.0    
  14200     30896.08    0.9428     0.2222     0.8589     0.1844     0.4218     0.0049   730497.5503 2870.6153   5526.22    18347.19   -1669.0   -1540.197   129.171      0.0    
  14300     31114.26    0.9365     0.2193     0.8589     0.1844     0.4309     0.0085   749550.1472 8622.9764   5452.52    18347.08   -1670.0   -1540.302   129.298      0.0    
  14400     31332.88    0.9428     0.2222     0.8589     0.1844     0.4201     0.0101   746708.5919  5466.59     5526.2    18347.11   -1670.0   -1540.197   129.358      0.0    
  14500     31551.09    0.9459     0.2237     0.8589     0.1844     0.3999     0.0259   739378.8474 7278.1789   5563.05    18242.33   -1669.0    -1539.76   129.415      0.0    
  14600     31769.48    0.9459     0.2237     0.8589     0.1844     0.4449     0.0188   742611.2469 3315.2494   5528.75    18278.69   -1670.0   -1540.083   129.455      0.0    
  14700     31987.58    0.9459     0.2237     0.8589     0.1844     0.3937     0.0034   767199.5292  972.4816   5529.67    18281.73   -1670.0   -1540.349   129.491      0.0    
  14800     32205.23    0.9428     0.2222     0.8598     0.1848     0.4145     0.0069   779011.0935 4551.6319    5526.2    18348.42   -1670.0   -1540.444   129.526      0.0    
  14900     32423.16    0.9428     0.2222     0.8589     0.1844     0.4077     0.0046   807393.4422 3293.9121    5457.3    18240.88   -1669.0   -1539.878   129.591      0.0    
  15000     32641.44    0.9397     0.2207     0.8589     0.1844     0.4241     0.0107   811986.2514 3635.4621   5489.36    18311.55   -1670.0   -1540.215   129.621      0.0    
  15100     32859.78    0.9397     0.2207     0.8598     0.1848     0.4074     0.0076   806265.9822 3729.5963   5456.74    18279.73   -1670.0    -1540.43    129.64      0.0    
  15200     33078.18    0.9397     0.2207     0.8598     0.1848     0.4263     0.0031   831315.9301 1521.2874   5489.36    18348.48   -1670.0   -1540.777   129.653      0.0    
  15300     33297.44    0.9397     0.2207     0.8589     0.1844     0.4622     0.0153   863189.0502 7674.6712   5489.39    18312.89   -1670.0   -1540.769   129.678      0.0    
  15400     33511.54    0.9428     0.2222     0.8589     0.1844     0.3858     0.0082   835894.8014 7276.3228   5490.69    18347.0    -1671.0   -1540.917   129.723      0.0    
  15500     33725.93    0.9428     0.2222     0.8589     0.1844     0.3986     0.0075   854670.3316 4445.5502   5491.58    18347.01   -1671.0   -1540.898   129.738      0.0    
  15600     33938.98    0.9428     0.2222     0.8589     0.1844     0.4511     0.0076   864577.0057 4416.5825    5526.2    18314.58   -1671.0   -1540.874   129.756      0.0    
  15700     34152.58    0.9428     0.2222     0.8581     0.1841     0.4024     0.0255   873239.1755 6007.1746    5526.2    18278.6    -1671.0    -1540.97    129.79      0.0    
  15800     34366.93    0.9428     0.2222     0.8581     0.1841     0.4304     0.0066   872326.7715 3995.7629    5526.2    18311.84   -1671.0   -1541.203   129.837      0.0    
  15900     34582.7     0.9428     0.2222     0.8581     0.1841     0.4183     0.0045   917063.71  1304.1536   5490.59    18275.79   -1670.0   -1540.525   129.857      0.0    
  16000     34797.6     0.9428     0.2222     0.8598     0.1848     0.4391     0.0124   887390.8544  7800.313    5526.2    18279.52   -1671.0   -1541.401   129.919      0.0    
[ 95.97016144 119.5366029  121.24374389 120.80155061  45.88035485
 114.86748762 116.0823367  120.98284982  56.12010987 121.17980435
 117.31894022 107.87356161 120.78792976 122.339386   121.51521022
 112.39821898 117.56734944 121.78642159 117.02954158 120.70261576]
[118.6264801  124.59283413 118.81030715 119.20177837 123.82788668
 112.43906087 121.88092644 120.16954118 116.10150396 120.36592654
 117.54117234  97.78927278 122.91957189 122.84772634 122.41977318
 124.29420764 123.13413971 122.57361195 119.92816691 107.98931196]
[120.24844558 115.92009098 121.23424268 122.45373951  77.74626958
 110.03151793 118.51417219 120.00161757 117.61835977 116.77631881
 -62.94681483  72.35797252  84.61946694 116.28779146  94.74206694
 121.55693474 121.68224197 119.17882339  21.70030823 120.73568623]
