Generating synthetic binary valued data ... 
Generating synthetic  binary valued data took:  24.236080169677734
Evaluation for true params: 
 test_rsme | train_rsme | rel-te-err | rel-tr-err |  test_nll  |  train_nll |
0.7965927441 0.7917070165   0.15864       0.1567      22772.91     90358.44  
Using  0.05 of training data
Factorizing with max_iteration = 12000  fixing covariance?:  False
Tensor dimensions:  [50, 50, 50]
Optimization metrics: 
Using Ada Grad
Mean update scheme:  S
Covariance update :  N
Using diagonal covariance?:  True
Random start? True
k1 samples =  32  k2 samples =  128
eta =  1.0  cov eta =  1.0  sigma eta =  1
iteration |   time   |test_rsme |rel-te-err|train_rsme|rel-tr-err|   d_mean  |   d_cov  |avg_grad_m|avg_grad_c| test_nll | train_nll |    VLB   |  E-term  |    KL     |   dw   |
    0         1.45      1.4155     0.5009     1.4207     0.5046     3.1623     0.9264     0.0988     0.087     17389.23   3475.59    -3780.0   -3721.156    58.718     3.0234  
    5        79.46      1.4105     0.4974     1.4111     0.4978     3.1623     0.9264     2.2372     1.9973    17477.06   3514.38    -3774.0    -3723.58    50.203     0.0044  
    10       157.57     1.4128     0.499      1.4218     0.5054     3.1623     0.9264     3.9236     3.5883    17869.96   3615.39    -3777.0   -3732.514    44.315     0.0065  
    20       243.53     1.419      0.5034     1.4051     0.4936     3.1623     0.9264     6.8241     6.0192    19202.83   3839.09    -3783.0   -3745.196    37.341     0.0102  
    50       360.87     1.1479     0.3294     1.1264     0.3172     3.1623     13.648    18.9214     9.9461    17362.69    3329.6    -3645.0   -3569.764    74.827     0.1073  
   100       509.39     1.0178     0.259      0.9741     0.2372     3.1081     17.83     10.8454     5.7651    13382.19   2520.72    -3502.0   -3436.424    65.952     0.0087  
   200       735.44     0.9417     0.2217     0.8872     0.1968     2.9802    108.1711    6.8244     5.321     12146.01   2311.44    -3416.0   -3358.492    57.32      0.0116  
   300       962.29     0.9383     0.2201     0.9385     0.2202     2.2031    282.4304   10.6861    23.3155    13702.58   2693.14    -3542.0   -3486.539    55.614     0.0032  
   400      1188.06     1.0156     0.2578     0.9968     0.2484     2.0062   3729.4322   28.5525    61.8824    14826.54    2941.5    -3622.0   -3559.755    62.148     0.014   
   500      1415.88     0.9606     0.2307     0.9487     0.225      1.868    55566.6483  65.0889    181.0932   13399.61   2650.57    -3548.0   -3459.897    87.974     0.0098  
   600      1643.67     0.9262     0.2144     0.9402     0.221      1.5037    437.2839   19.2775    90.9219    11703.46   2260.54    -3345.0   -3288.282    56.545     0.0045  
   700      1871.11     0.9203     0.2117     0.9226     0.2128     1.5917   2360.1535   17.6487    57.2142    10984.05    2083.7    -3260.0   -3208.557    51.901     0.0035  
   800      2097.89     0.9308     0.2166     0.9217     0.2124     1.0217    395.4922    9.8005     18.687    10880.67   2028.05    -3250.0   -3199.719    50.305     0.0019  
   900      2324.83     0.9102     0.2071     0.8854     0.196      0.8691    231.8221    6.8337    11.7901    10798.33   1957.44    -3231.0   -3184.481    46.186     0.0009  
   1000     2550.81     0.9095     0.2068     0.8722     0.1902     0.7988    807.3065    6.327     14.0816    10829.88   1901.51    -3219.0   -3174.249    44.704     0.0008  
   1100      2777.3     0.9241     0.2135     0.8621     0.1858     1.0314    30.6335     5.2725     9.2926    11065.91   1876.58    -3210.0   -3166.419    43.119     0.0007  
   1200     3004.68     0.9268     0.2147     0.8314     0.1728     1.2105    10.4818     5.8493     8.9922    11158.88    1827.6    -3194.0   -3151.663    42.273     0.0006  
   1300     3232.96     0.923      0.213      0.798      0.1592     1.0463     2.4622     5.9531     9.0939    11261.6    1749.57    -3171.0   -3129.265    42.035     0.0005  
   1400     3458.74     0.9217     0.2124     0.7715     0.1488     0.9243     1.0221     6.2187     9.0784    11377.48   1675.56    -3148.0   -3106.393    41.689     0.0004  
   1500     3685.08     0.9267     0.2147     0.743      0.138      0.9414     0.8297     6.1855     9.3121    11468.32   1577.01    -3123.0   -3082.033    41.329     0.0004  
   1600     3911.36     0.9277     0.2152     0.7183     0.129      0.8603     0.291      5.9259     9.7313    11687.21    1476.8    -3098.0   -3057.421    40.965     0.0003  
   1700     4137.66     0.9279     0.2152     0.6911     0.1194     0.7954     0.3745     5.985     10.2944    11889.88    1386.7    -3068.0   -3026.883    40.787     0.0003  
   1800     4365.37     0.9279     0.2152     0.6615     0.1094     0.8204     0.2619     6.2223    10.5688    12138.04   1301.52    -3046.0   -3005.424    40.858     0.0002  
   1900     4591.75     0.9325     0.2174     0.6267     0.0982     0.9031     0.3017     6.2468     11.135    12336.5     1216.9    -3022.0    -2981.83    40.623     0.0001  
   2000     4818.37     0.9369     0.2194     0.6046     0.0914     0.9457     0.3452     5.779     11.5894    12593.87   1127.11    -3002.0   -2961.412    40.66      0.0001  
   2100     5044.08     0.9389     0.2204     0.5441     0.074      0.8138     0.2352     5.2957    12.4922    12845.21   1053.98    -2976.0   -2936.294    40.201     0.0001  
   2200     5270.57     0.9379     0.2199      0.52      0.0676     0.821      0.1702     4.9223    13.2593    13160.93    995.15    -2960.0   -2919.989    40.074     0.0001  
   2300     5496.78     0.9453     0.2234     0.4874     0.0594     0.749      0.2322     4.6774    13.6681    13551.85    931.3     -2944.0   -2904.202    39.821     0.0001  
   2400     5723.42     0.9496     0.2254     0.4543     0.0516     0.7205     0.3198     4.3951    14.4645    13739.54    877.56    -2928.0   -2888.279    39.467     0.0001  
   2500      5949.4     0.9465     0.224      0.4363     0.0476     0.6627     0.5143     4.1711    15.1726    14047.45    827.52    -2910.0   -2871.253    38.978     0.0001  
   2600     6177.47     0.9465     0.224      0.4205     0.0442     0.6667     0.3554     4.0683    15.4738    14328.01    779.4     -2897.0   -2858.618    38.858     0.0001  
   2700     6403.08     0.9494     0.2254     0.406      0.0412     0.7041     0.6791     4.1663    16.1812    14645.06    752.0     -2886.0   -2847.021    38.83      0.0001  
   2800     6628.77     0.9533     0.2272     0.3878     0.0376     0.7492     0.5074     4.4111    16.4366    14983.69    716.12    -2878.0   -2839.088    38.501      0.0    
   2900     6855.26     0.9584     0.2296     0.3644     0.0332     0.6553     1.0999     4.2343    16.4754    15099.32    682.9     -2869.0   -2830.911    38.289      0.0    
   3000     7081.52     0.9588     0.2298     0.3429     0.0294     0.6503     0.5417     3.8645    16.7753    15318.62    655.58    -2862.0   -2824.018    38.109      0.0    
   3100     7308.95     0.9582     0.2296     0.3033     0.023      0.6272     0.2609     3.4873    16.9549    15424.07    629.87    -2852.0   -2813.717    38.343      0.0    
   3200     7536.32     0.9617     0.2312     0.2926     0.0214     0.5335     0.3326     3.4609    17.1134    15555.38    607.31    -2846.0   -2808.049    37.705      0.0    
   3300     7763.31     0.9668     0.2337     0.2953     0.0218     0.5732     0.2962     3.5455    17.2469    15822.48    599.38    -2841.0   -2803.875    37.034      0.0    
   3400     7989.22     0.9661     0.2333     0.253      0.016      0.5639     0.6892     3.5135    16.8946    15793.64    583.81    -2841.0   -2804.069    36.781      0.0    
   3500      8213.6     0.9637     0.2322     0.2592     0.0168     0.4755     0.3681     3.0382    16.9411    15892.95    563.76    -2832.0   -2795.881    36.403      0.0    
   3600     8438.93     0.966      0.2333     0.2577     0.0166     0.451      1.1445     2.8318    16.9933    15955.04    556.0     -2829.0   -2792.676    36.059      0.0    
   3700     8665.27     0.9635     0.2321     0.2514     0.0158     0.4718     1.7114     2.9846    17.1955    16016.66    553.82    -2826.0   -2790.526    35.759      0.0    
   3800     8889.96     0.9642     0.2324     0.2514     0.0158     0.5802     5.3825     2.9769    16.7069    15980.61    552.85    -2825.0   -2790.277    34.866      0.0    
   3900     9115.95     0.9639     0.2323     0.228      0.013      0.4328    13.6617     3.142     16.5516    15930.55    548.78    -2827.0    -2792.7     34.491      0.0    
   4000     9341.76     0.9655     0.233      0.2417     0.0146     0.456      1.9852     3.2806    16.1595    15980.16    543.54    -2822.0   -2787.919    33.906      0.0    
   4100     9566.96     0.9648     0.2327     0.228      0.013      0.4455     2.4904      3.31     16.1352    16147.08    536.35    -2819.0    -2785.74    33.274      0.0    
   4200     9792.69     0.9637     0.2322     0.2349     0.0138     0.4746     2.6763     3.1095    15.7231    16114.77    535.95    -2820.0   -2787.203    33.267      0.0    
   4300     10018.75    0.9653     0.233      0.2433     0.0148     0.8903    148.3475    3.9502    14.4706    15927.95    554.63    -2823.0   -2790.717    32.639      0.0    
   4400     10244.34    0.9653     0.233      0.2417     0.0146     0.5517    13.2023     3.4728    14.3847    15792.1     554.76    -2825.0   -2792.899    32.248      0.0    
   4500     10470.7     0.9676     0.234      0.2433     0.0148     0.7078     5.8167     3.4898    13.8869    15749.22    566.0     -2829.0    -2796.81    32.142      0.0    
   4600     10696.4     0.968      0.2342     0.2466     0.0152     0.5369    11.0533     3.601     13.4602    15692.09    573.92    -2831.0   -2798.903    31.848      0.0    
   4700     10922.3     0.9648     0.2327     0.2608     0.017      0.5509    10.4826     3.6722    13.5924    15595.02    592.44    -2834.0   -2802.138    31.454      0.0    
   4800     11148.76    0.9581     0.2295     0.2884     0.0208     0.7307    39.0136     4.1292    12.7458    15321.69    620.56    -2840.0   -2809.229    31.133      0.0    
   4900     11374.16    0.9645     0.2326     0.2884     0.0208     0.7634     90.974     4.3783    12.6452    15344.34    623.8     -2846.0   -2815.367    30.913      0.0    
   5000     11599.68    0.9592      0.23      0.3033     0.023      0.6185    183.8196     3.76     12.1449    15073.88    643.74    -2850.0   -2819.449    30.529      0.0    
   5100     11826.21    0.9636     0.2321     0.3137     0.0246     1.0375    42.6817     4.9784    11.5845    14768.79    681.45    -2861.0   -2831.912    29.553      0.0    
   5200     12052.05    0.9597     0.2302     0.3521     0.031      0.7163    25.8444     4.6125    11.6716    14685.7     715.99    -2872.0   -2842.934    29.459      0.0    
   5300     12277.62    0.9557     0.2284     0.3837     0.0368     0.7224    58.3854     4.9816    11.2692    14494.15    749.13    -2880.0   -2850.141    29.691      0.0    
   5400     12503.73    0.9542     0.2276     0.3742     0.035      0.6787    16.1986     4.6087    10.5744    14350.04    780.16    -2898.0   -2861.977    36.192      0.0    
   5500     12728.47    0.9534     0.2272     0.4427     0.049      0.7853    783.5528    6.1928    10.7947    14104.22    865.27    -2924.0   -2885.384    38.647      0.0    
   5600     12952.24    0.9551     0.228      0.5208     0.0678     1.0881   14275.4632  15.4596    21.6263    14026.87    983.81    -2957.0   -2915.314    41.714     0.0001  
   5700     13174.37    0.958      0.2294     0.5477     0.075      1.0766   1817.4881   14.9368     24.917    14097.94   1041.28    -2967.0   -2927.899    39.439      0.0    
   5800     13396.76    0.9521     0.2266     0.604      0.0912     1.0264    479.5238   11.4253    28.9592    13752.08   1128.73    -2994.0   -2954.992    39.082     0.0001  
   5900     13619.19    0.9464     0.2239     0.6493     0.1054     1.183    2291.1802    16.679    33.3253    13403.23   1238.64    -3022.0   -2983.927    37.973     0.0001  
   6000     13840.73    0.9461     0.2238     0.6505     0.1058     1.0253    333.339    13.6665    32.7788    13666.41   1269.71    -3033.0   -2995.191    37.663      0.0    
   6100     14063.02    0.9459     0.2237     0.6729     0.1132     1.1924    370.9919   12.1431    30.5199    13218.01    1357.1    -3060.0   -3018.955    41.451      0.0    
   6200     14285.16    0.9411     0.2214     0.6876     0.1182     0.8905   2288.6581   11.4006    30.0778    13198.04   1375.24    -3064.0   -3024.144    39.624      0.0    
   6300     14508.34    0.9361     0.2191     0.6627     0.1098     0.7601    243.4895    9.0171    26.9605    13132.93   1357.48    -3063.0   -3023.206    39.485     0.0001  
   6400     14730.79    0.9375     0.2197     0.6911     0.1194     0.9556    820.7228   11.7284    29.9637    12845.69   1420.39    -3078.0   -3038.593    39.563      0.0    
   6500     14952.9     0.9346     0.2184     0.6735     0.1134     0.9269    392.7318   11.6853    33.5182    12765.69   1407.28    -3080.0   -3041.986    37.641      0.0    
   6600     15174.59    0.9286     0.2156     0.6823     0.1164     0.789     267.968     7.8505    23.0221    12758.78   1426.41    -3080.0   -3042.965    37.307     0.0001  
   6700     15397.1     0.9272     0.2149     0.7321     0.134      0.9003   14192.6053   44.019    493.7207   12577.93   1512.75    -3121.0   -3064.522    56.042     0.0001  
   6800     15619.61    0.9287     0.2156     0.6934     0.1202     0.7634    359.7408    6.6617    18.1606    12621.71   1442.94    -3093.0   -3053.263    40.018     0.0001  
   6900     15840.59    0.9292     0.2158     0.6934     0.1202     0.6287    86.2697     5.2118    14.5731    12516.04   1440.62    -3093.0    -3052.27    40.74      0.0001  
   7000     16063.03    0.9275     0.2151     0.7031     0.1236     0.7203     463.95     6.4444    19.1428    12488.78   1468.59    -3103.0   -3062.912    40.237     0.0001  
   7100     16285.25    0.9255     0.2142     0.7088     0.1256     0.7691    200.1597    6.3459    19.8295    12544.07   1471.17    -3099.0   -3055.904    43.493     0.0001  
   7200     16507.58    0.9253     0.214      0.7414     0.1374     1.0574   24867.4233  43.5857    130.2499   12510.43   1567.76    -3129.0    -3077.43    51.58      0.0001  
   7300     16730.08    0.9256     0.2142     0.7414     0.1374     1.016    4016.6418   15.6908    54.7598    12669.87   1595.26    -3134.0   -3085.633    48.768     0.0001  
   7400     16952.45    0.9278     0.2152     0.7365     0.1356     0.6223    776.6467    7.5243     25.839    12477.06   1562.57    -3131.0   -3083.835    47.273     0.0001  
   7500     17174.73    0.9278     0.2152     0.7584     0.1438     0.8817   7153.0153   26.9993    139.5662   12379.39   1599.51    -3135.0   -3086.513    48.536     0.0001  
   7600     17396.44    0.9262     0.2145     0.771      0.1486     0.8293   1612.9259   14.3676    62.1377    12363.68   1626.85    -3148.0   -3098.378    49.695     0.0001  
   7700     17618.72    0.9232     0.2131     0.7699     0.1482     0.8205    888.0357   12.0905    33.5026    12306.6    1638.02    -3150.0   -3100.627    49.277     0.0001  
   7800     17841.12    0.9216     0.2123     0.7642     0.146      0.7024    422.3361    6.6017    18.5162    12228.43   1629.45    -3146.0   -3099.405    46.189     0.0001  
   7900     18063.28    0.9224     0.2127     0.7547     0.1424     0.5439    267.7776    6.1321    16.8285    11990.5     1599.6    -3141.0   -3094.981    45.611     0.0001  
   8000     18284.53    0.9226     0.2128     0.7537     0.142      0.4724    28.1869     5.2071    15.1611    11935.43   1597.26    -3143.0   -3098.106    45.087     0.0001  
   8100     18506.09    0.9212     0.2122     0.7568     0.1432     0.6905    251.4812    8.5393    29.8636    11799.03   1651.75    -3165.0   -3120.479    44.588     0.0001  
   8200     18727.42    0.9153     0.2094     0.7679     0.1474     1.1199   14295.688   30.7762    85.0582    11922.53    1685.1    -3159.0   -3113.476    45.509      0.0    
   8300     18949.02    0.9163     0.2099     0.7626     0.1454     0.8582   1079.0818   10.5067    39.1573    11742.79   1625.49    -3144.0   -3100.191    43.495     0.0001  
   8400     19164.32    0.9146     0.2091     0.7647     0.1462     0.6278    46.3683     6.6603     26.775    11565.63   1631.33    -3146.0   -3102.282    43.897     0.0001  
   8500     19380.04    0.9102     0.2071     0.7772     0.151      0.8064    277.055    10.3195    42.1834    11636.37   1696.53    -3160.0   -3115.685    44.361     0.0001  
   8600     19595.79    0.9127     0.2082     0.7879     0.1552     0.7259    400.5556   11.2368    64.2446    11567.76   1689.85    -3159.0   -3114.746    44.072     0.0001  
   8700     19811.77    0.9144     0.209      0.7854     0.1542     0.7981    182.0106    8.4736    40.6189    11579.2    1704.41    -3180.0   -3122.469    57.779     0.0001  
   8800     20028.8     0.9187     0.211      0.7818     0.1528     0.902     381.087    12.0427    50.7713    11513.53   1714.14    -3168.0   -3119.935    47.91       0.0    
   8900     20244.73    0.9203     0.2118     0.8025     0.161      0.9795   1198.5809   15.9984    71.3008    11663.73   1768.23    -3181.0   -3132.067    48.491     0.0001  
   9000     20460.96    0.9132     0.2085     0.7925     0.157      0.8167    499.2673    10.66     33.5409    11638.63   1740.91    -3171.0   -3124.354    47.084     0.0001  
   9100     20677.27    0.9099     0.207      0.7849     0.154      0.5238    81.6162     5.5822    23.1401    11466.84   1729.88    -3173.0   -3126.277    46.732     0.0001  
   9200     20893.58    0.9086     0.2064     0.7909     0.1564     0.8921   19691.4024  17.9816    53.5809    11477.26   1739.28    -3180.0   -3132.769    46.868     0.0001  
   9300     21109.53    0.9066     0.2055     0.7803     0.1522     0.6609    556.4424    6.3997    21.0177    11393.65   1718.71    -3175.0   -3128.457    46.523     0.0001  
   9400     21326.08    0.911      0.2075     0.792      0.1568     0.7127   3295.4428    7.7875    28.5217    11418.51   1716.68    -3180.0   -3125.711    54.236     0.0001  
   9500     21540.84    0.9106     0.2073     0.7838     0.1536     0.5655    257.4313    5.0608    15.8285    11381.1    1706.71    -3172.0   -3125.709    45.853     0.0001  
   9600     21757.66    0.9097     0.2069     0.7705     0.1484     0.3941    46.8744     4.1998    16.1128    11371.31   1698.23    -3168.0   -3122.933    44.933     0.0001  
   9700     21972.23    0.9116     0.2078     0.7705     0.1484     0.6333    234.7047    4.2971    29.3887    11286.2    1683.08    -3165.0   -3120.992    44.424     0.0001  
   9800     22187.47    0.9063     0.2054     0.7605     0.1446     0.4893    46.8722     4.5731    16.0738    11277.82   1672.57    -3163.0   -3118.728    44.107     0.0001  
   9900     22404.69    0.9087     0.2064     0.7611     0.1448     0.3077    34.6099     3.7517    15.2823    11201.58   1662.77    -3159.0   -3115.015    43.684     0.0001  
  10000     22621.17    0.9114     0.2077     0.7537     0.142      0.5933    57.7866     3.9413    16.7659    11253.63    1644.6    -3154.0   -3111.236     43.0       0.0    
  10100     22835.85    0.9121     0.208      0.7499     0.1406     0.4945    14.9968     3.3578    13.9404    11265.91   1644.28    -3152.0   -3109.001    42.751     0.0001  
  10200     23052.6     0.9094     0.2068     0.7451     0.1388     0.6775    276.9502    4.2071    20.5648    11228.3    1637.39    -3156.0   -3112.083    43.736     0.0001  
  10300     23267.12    0.9132     0.2085     0.7563     0.143      0.5704     88.297     4.507     14.0778    11268.58   1622.89    -3149.0   -3105.942    42.653     0.0001  
  10400     23483.76    0.9131     0.2084     0.7462     0.1392     0.3827    25.0342      2.99     10.2552    11231.01   1604.39    -3142.0   -3099.679    42.12      0.0001  
  10500     23700.45    0.9113     0.2076     0.7365     0.1356     0.3171     3.8364     2.8454     8.9175    11228.49    1595.1    -3141.0   -3099.197    41.759     0.0001  
  10600     23917.26    0.9157     0.2096     0.7343     0.1348     0.2892     83.897     2.9293    10.3578    11223.28    1582.1    -3137.0   -3095.569    41.374     0.0001  
  10700     24134.26    0.9104     0.2072     0.7266     0.132      0.2978    23.7307     3.0212    10.5869    11239.87   1579.24    -3136.0   -3094.536    41.531      0.0    
  10800     24349.04    0.9118     0.2078     0.7321     0.134      0.6383     69.218     3.5373     11.956    11235.58   1585.33    -3136.0   -3095.207    41.221     0.0001  
  10900     24565.08    0.9124     0.2081     0.7233     0.1308     0.3228    22.9571     3.0118     8.6701    11206.97   1580.77    -3135.0   -3093.896    40.852      0.0    
  11000     24780.4     0.9088     0.2065     0.7408     0.1372     0.4763     8.1767     2.895      8.9944    11169.73   1579.58    -3130.0   -3089.372    40.661     0.0001  
  11100     24996.37    0.9088     0.2065     0.7283     0.1326     0.4592    152.7008    3.4321    10.5389    11249.09   1560.44    -3127.0    -3086.39    40.45       0.0    
  11200     25212.59    0.9129     0.2084      0.72      0.1296     0.2576    48.1456     2.7816     9.6327    11159.03   1558.09    -3129.0   -3088.203    40.326      0.0    
  11300     25427.98    0.9098     0.2069     0.7217     0.1302     0.2853    18.7025     2.637      9.1609    11159.65   1551.66    -3128.0   -3087.701    40.261      0.0    
  11400     25642.93    0.9115     0.2077     0.7167     0.1284     0.2531    45.1227     2.7395     9.0233    11161.15   1554.95    -3131.0    -3091.04    40.205      0.0    
  11500     25854.72    0.9128     0.2083     0.7228     0.1306     0.7081    744.3342    5.4914    26.3074    11188.76   1550.55    -3129.0   -3086.313    43.153      0.0    
  11600     26068.0     0.9126     0.2082     0.7099     0.126      0.6467    423.0849    5.1188    16.7794    11202.64   1532.53    -3125.0   -3084.134    40.437      0.0    
  11700     26280.59    0.9146     0.2091     0.7144     0.1276     0.3289    27.2023     3.2191    11.4566    11187.99   1531.42    -3122.0    -3081.96    40.262      0.0    
  11800     26493.81    0.9136     0.2087     0.7071     0.125      0.2731    36.8186     3.1016     9.8224    11222.0    1529.55    -3123.0   -3082.377    40.151      0.0    
  11900     26707.29    0.9132     0.2085     0.7161     0.1282     0.7201   8396.5774    9.7892    27.1493    11262.83   1532.58    -3115.0   -3075.119    40.216      0.0    
  12000     26919.78    0.9189     0.2111     0.7183     0.129      0.4013   2478.3898    4.2672     12.969    11266.66   1521.73    -3118.0   -3078.295    39.912      0.0    
