Factorizing with max_iteration = 120000  fixing covariance?:  False
Tensor dimension: [2370, 8663, 4066]
Mean update: S
Cov update: N
Using diagonal covariance: False
Factorization rank:  20
k1 samples =  64  k2 samples =  128
eta =  1.0  cov eta =  1.0  sigma eta =  1
iteration |   time   |  test_err  |  test_mae  |  trainerr  |  trainmae |
    0         1.23       0.0      22.7413      0.0      22.6903  
    5       1506.71      0.0      22.5548      0.0      22.5004  
    10      3002.68      0.0      22.4949      0.0      22.4405  
    20      4509.07      0.0      22.3492      0.0      22.2996  
    50      6038.95      0.0      21.6077      0.0      21.5451  
   100      7594.18      0.0      20.5971      0.0      20.5185  
   200      9211.59      0.0       19.438      0.0      19.3549  
   5000     15738.3      0.0       4.4724      0.0       4.0162  
  10000     23401.24     0.0       3.0787      0.0       2.5305  
  15000     31581.6      0.0       2.7821      0.0       2.2282  
  20000     39913.07     0.0       2.6363      0.0        2.09   
  25000     48461.97     0.0       2.5176      0.0       1.9947  
  30000     57141.76     0.0       2.3992      0.0       1.9306  
  35000     65818.67     0.0       2.3042      0.0       1.8839  
  40000     74503.61     0.0       2.3157      0.0       1.8607  
  45000     83179.62     0.0       2.2132      0.0       1.828   
  50000     92033.4      0.0       2.1973      0.0       1.8104  
  55000    100859.16     0.0       2.1189      0.0       1.7413  
  60000    109644.19     0.0       2.0671      0.0       1.7064  
  65000    118382.78     0.0       2.0285      0.0       1.6867  
  70000    127302.39     0.0       1.979       0.0       1.6575  
  75000    136192.04     0.0       1.976       0.0       1.6481  
  80000    145061.59     0.0       1.9533      0.0       1.6138  
  85000    153871.99     0.0       1.9456      0.0       1.5941  
  90000    162756.09     0.0       1.9369      0.0       1.5525  
  95000    171713.32     0.0       1.9069      0.0       1.5299  
  100000   180640.17     0.0       1.8949      0.0       1.4894  
  105000   189506.52     0.0       1.8822      0.0       1.4671  
  110000   198386.92     0.0       1.8664      0.0       1.4588  
  115000   207349.67     0.0       1.8641      0.0       1.4429  
  120000   215995.51     0.0       1.8565      0.0       1.4353  
