Factorizing with max_iteration = 120000  fixing covariance?:  False
Tensor dimension: [2370, 8663, 4066]
Mean update: S
Cov update: N
Using diagonal covariance: False
Factorization rank:  20
k1 samples =  64  k2 samples =  128
eta =  1.0  cov eta =  1.0  sigma eta =  1
iteration |   time   |  test_err  |  test_mae  |  trainerr  |  trainmae |
    0         2.14       0.0      22.8198      0.0      22.8496  
    5       1749.06      0.0      22.6664      0.0      22.6722  
    10      3493.09      0.0      22.5795      0.0      22.5931  
    20      5245.22      0.0      22.4344      0.0      22.4491  
    50      7039.44      0.0      21.7346      0.0      21.7662  
   100      8890.05      0.0      20.6976      0.0       20.729  
   200      10844.38     0.0       19.385      0.0      19.4136  
   5000     21296.62     0.0       3.6267      0.0       3.7449  
  10000     33123.9      0.0       2.4214      0.0       2.6236  
  15000     45558.71     0.0       2.1527      0.0       2.3931  
  20000     57978.19     0.0       1.9907      0.0       2.2377  
  25000     70659.53     0.0       1.8871      0.0       2.1381  
  30000     83511.45     0.0       1.8364      0.0       2.0918  
  35000     96319.11     0.0       1.7826      0.0       2.0157  
  40000    109096.18     0.0       1.7533      0.0       1.9845  
  45000    121859.28     0.0       1.6905      0.0       1.9037  
  50000    134972.26     0.0       1.6623      0.0       1.8597  
  55000    148030.27     0.0       1.6219      0.0       1.8098  
  60000    161102.73     0.0       1.6037      0.0       1.7949  
  65000    174178.55     0.0       1.5986      0.0       1.7832  
  70000    187434.97     0.0       1.5682      0.0       1.7198  
  75000    200641.95     0.0       1.5606      0.0       1.712   
  80000    213664.81     0.0       1.5581      0.0       1.6932  
  85000     226633.6     0.0       1.5468      0.0       1.685   
  90000     239550.2     0.0       1.5388      0.0       1.6395  
  95000    252210.92     0.0       1.5346      0.0       1.6323  
  100000    264913.0     0.0       1.5252      0.0       1.5794  
