Factorizing with max_iteration = 20000  fixing covariance?:  False
Tensor dimension: [63728, 63715, 1847]
Mean update: S
Cov update: N
Using diagonal covariance: True
k1 samples =  64  k2 samples =  128
eta =  1.0  cov eta =  1.0  sigma eta =  1
iteration |   time   |  test_err  |  test_mae  |  trainerr  |  trainmae |
    0         1.68       0.0      23.5087      0.0       23.464  
    5        808.38      0.0      23.5075      0.0      23.4589  
    10      1621.86      0.0      23.5199      0.0      23.4626  
    20      2447.61      0.0      23.5094      0.0      23.4453  
    50      3287.81      0.0      23.4968      0.0      23.4407  
   100      4140.27      0.0      23.4743      0.0      23.3951  
   200       5093.1      0.0      23.3337      0.0       23.281  
   500      6378.72      0.0      23.1245      0.0      23.0319  
   1000     8018.58      0.0      22.4347      0.0      22.3353  
   1500     9720.21      0.0      18.3071      0.0      18.2256  
   2000     11401.42     0.0      11.0851      0.0      11.0182  
   2500     12983.37     0.0      10.9977      0.0       10.912  
   3000     14635.56     0.0      10.5517      0.0      10.4712  
   3500     16331.19     0.0       8.893       0.0       8.7673  
   4000     17972.57     0.0       7.2096      0.0       7.1091  
   4500     19566.28     0.0       7.1528      0.0       7.0477  
   5000     21239.13     0.0       6.9322      0.0        6.83   
   5500     22994.11     0.0       6.4671      0.0       6.3479  
   6000     24662.07     0.0       6.3512      0.0       6.2364  
   6500     26353.24     0.0       6.314       0.0       6.1859  
   7000     28131.45     0.0       6.1693      0.0       6.0375  
   7500     29857.04     0.0       5.9855      0.0       5.8569  
   8000     31514.88     0.0       5.9528      0.0       5.8088  
   8500     33239.99     0.0       5.8846      0.0       5.7497  
   9000     35025.49     0.0       5.7304      0.0       5.5921  
   9500     36723.97     0.0       5.5124      0.0       5.3755  
  10000     38381.77     0.0       5.4859      0.0       5.3454  
  10500     40126.45     0.0       5.414       0.0       5.2788  
  11000     41891.94     0.0       5.2786      0.0       5.1456  
  11500     43566.27     0.0       5.1985      0.0       5.0765  
  12000     45245.58     0.0       5.1837      0.0       5.036   
  12500     47012.95     0.0       5.1006      0.0       4.9609  
  13000     48778.1      0.0       4.9221      0.0       4.787   
  13500     50423.76     0.0       4.9008      0.0       4.7608  
  14000     52135.14     0.0       4.8639      0.0       4.7234  
  14500     53917.24     0.0       4.7956      0.0       4.6489  
  15000     55603.71     0.0       4.7467      0.0       4.6145  
  15500     57197.88     0.0       4.7088      0.0       4.5781  
  16000     58862.11     0.0       4.6766      0.0       4.5421  
  16500     60551.05     0.0       4.6261      0.0       4.4916  
  17000     62220.52     0.0       4.5432      0.0       4.4118  
  17500     63891.7      0.0       4.5276      0.0       4.3911  
  18000     65655.74     0.0       4.4766      0.0       4.3475  
  18500     67420.48     0.0       4.4296      0.0       4.2948  
  19000     69068.15     0.0       4.4071      0.0       4.2803  
  19500     70767.06     0.0       4.3811      0.0       4.2505  
  20000     72538.62     0.0       4.3518      0.0       4.2217  
