Factorizing with max_iteration = 20000  fixing covariance?:  False
Tensor dimension: [63728, 63715, 1847]
Mean update: S
Cov update: N
Using diagonal covariance: True
k1 samples =  64  k2 samples =  128
eta =  1.0  cov eta =  1.0  sigma eta =  1
iteration |   time   |  test_err  |  test_mae  |  trainerr  |  trainmae |
    0         1.84       0.0      23.4563      0.0      23.4445  
    5        924.29      0.0      23.4594      0.0      23.4441  
    10      1844.62      0.0      23.4437      0.0      23.4403  
    20       2774.7      0.0      23.4408      0.0      23.4261  
    50      3736.08      0.0      23.4334      0.0      23.4323  
   100      4735.17      0.0      23.4164      0.0      23.3948  
   200      5849.36      0.0      23.2653      0.0      23.2595  
   500      7300.83      0.0      23.0198      0.0      23.0269  
   1000     9192.86      0.0      22.3209      0.0      22.2996  
   1500     11283.23     0.0      18.2535      0.0       18.217  
   2000     13274.48     0.0      11.0042      0.0      10.9824  
   2500     15044.48     0.0      10.8938      0.0      10.8771  
   3000     16985.93     0.0      10.4489      0.0      10.4173  
   3500     19035.96     0.0       8.7227      0.0       8.6846  
   4000     20959.32     0.0       6.9705      0.0       6.9277  
   4500     22789.55     0.0       6.8965      0.0       6.853   
   5000     24878.06     0.0       6.6012      0.0       6.5577  
   5500     27068.51     0.0       5.9085      0.0       5.8693  
   6000     28924.44     0.0       5.7167      0.0       5.6681  
   6500     30838.23     0.0       5.6485      0.0       5.6086  
   7000     32968.84     0.0       5.4153      0.0       5.3731  
   7500     35024.01     0.0       5.0328      0.0       5.0041  
   8000     36876.11     0.0       4.995       0.0       4.948   
   8500     38887.53     0.0       4.9191      0.0       4.8796  
   9000     41069.88     0.0       4.6809      0.0       4.6539  
   9500     43032.77     0.0       4.4799      0.0       4.4509  
  10000     44889.01     0.0       4.4332      0.0        4.41   
  10500     46966.02     0.0       4.3574      0.0       4.3391  
  11000     49093.61     0.0       4.2004      0.0       4.1758  
  11500     51002.12     0.0       4.113       0.0       4.0901  
  12000     52916.85     0.0       4.057       0.0       4.0336  
  12500     55056.48     0.0       3.9918      0.0       3.9612  
  13000     57179.23     0.0       3.8586      0.0       3.8364  
  13500     59001.75     0.0       3.8217      0.0       3.7938  
  14000     60919.7      0.0       3.7756      0.0       3.7525  
  14500     63063.73     0.0       3.6931      0.0       3.6677  
  15000     65053.54     0.0       3.6091      0.0       3.5845  
  15500     66892.67     0.0       3.5727      0.0       3.5481  
  16000     68939.82     0.0       3.5264      0.0       3.5023  
  16500     71053.25     0.0       3.4773      0.0       3.4579  
  17000     72947.46     0.0       3.4025      0.0       3.3846  
  17500     74809.86     0.0       3.3687      0.0       3.3516  
  18000     76900.93     0.0       3.3385      0.0       3.3138  
  18500     78919.22     0.0       3.2768      0.0       3.2556  
  19000     80654.34     0.0       3.2499      0.0       3.2341  
  19500     82517.45     0.0       3.2186      0.0       3.2023  
  20000     84552.31     0.0       3.1868      0.0       3.1729  
