Generating synthetic count valued data ... 
Generating synthetic  count valued data took:  16.54616379737854
max_count =  52  min count =  0
Evaluation for true params: 
 test_rsme | train_rsme | rel-te-err | rel-tr-err |  test_nll  |  train_nll |
2.6464995749 2.6289161265   1.51876      1.50536     163417.29    651123.47  
Factorizing with max_iteration = 16000  fixing covariance?:  False
Tensor dimensions:  [50, 50, 50]
Optimization metrics: 
Using Ada Grad
Mean update scheme:  S
Covariance update :  N
Using diagonal covariance?:  False
Random start? True
k1 samples =  64  k2 samples =  128
eta =  1.0  cov eta =  1.0  sigma eta =  1
iteration |   time   |test_rsme |rel-te-err|train_rsme|rel-tr-err|   d_mean  |   d_cov  |avg_grad_m|avg_grad_c| test_nll | train_nll |    VLB   |  E-term  |    KL     |   dw   |
    0         2.35     10.4202     6.666     10.3813     6.6318     3.1623     0.3976    10.4553     7.6456    177903.7  708714.04  -1318042.0 -1317983.052   59.377     0.0275  
    5        619.64    10.4304     6.669     10.3885     6.6338     3.1623     0.4025    81.5771    68.0335   182628.08  727722.99  -1317999.0 -1317948.427   50.264     0.0017  
    10      1277.97     10.441     6.6748    10.3981     6.6384     3.1623     0.4025    172.6364   149.326   182450.42  726476.58  -1315030.0 -1314983.8   45.909     0.0008  
    20      1990.95    10.4623     6.6754    10.4116     6.6376     3.1623     0.4025    469.6935   402.1695   181623.5  722702.91  -1303048.0 -1303009.289   38.975     0.0004  
    50      2790.39    10.3324     6.5331    10.2649     6.4779     3.1623     0.4025   2454.8153  1676.0658  180101.15  716093.19  -1195245.0 -1195183.946   60.751     0.0001  
   100       3674.7     7.9507     4.6262     7.8792     4.575      3.1105     0.098    7973.2866  5260.9885  103510.65  409580.47  -539958.0  -539908.214   49.645      0.0    
   200      4677.42     4.6346     2.7762     4.5854     2.7481     2.392      0.0349   1326.1271  2350.4381   57403.72  226149.22  -250580.0  -250534.697   45.062      0.0    
   300       5989.1     4.0871     2.4768     4.016      2.4428     2.3688     0.0331    759.1351  2185.4786   51776.87  203981.79  -230211.0  -230167.242   43.979      0.0    
   400       7318.0     3.8827     2.3782     3.8111     2.3389     1.7037     0.0311    642.2122  2203.3082   50182.66  197453.11  -224939.0  -224896.184   42.845      0.0    
   500      8615.47     3.7541     2.2812     3.6704     2.2375     1.3471     0.0295    571.1735  2259.6921   48345.24  189490.21  -218127.0  -218084.247   42.838      0.0    
   600      9861.37     3.6455     2.2092     3.561      2.1648     1.2111     0.0279    467.1539  2305.3868   47006.48  184554.98  -213603.0  -213559.935   42.738      0.0    
   700      11048.91    3.5807     2.1606     3.4964     2.1143     1.3873     0.026     393.2812  2305.3703   46159.97  181239.07  -210260.0  -210217.105   42.631      0.0    
   800      12217.34    3.5768     2.1572     3.4872     2.1063     1.3607     0.0246    420.2185  2298.0936   46182.0   181001.32  -209928.0  -209885.393   43.067      0.0    
   900      13374.96    3.5425     2.1366     3.4411     2.0757     0.9637     0.0238    410.2526  2332.2551   45647.18   178697.4  -207790.0  -207747.803   42.613      0.0    
   1000     14523.49    3.4893     2.0886     3.388      2.0279     0.8453     0.0223    376.6893  2298.7565   44941.99  175720.89  -205040.0  -204997.374   42.158      0.0    
   1100     15666.91    3.4844     2.0786     3.376      2.0167     1.1486     0.0207    409.0312  2291.0864   44712.6   174730.03  -204170.0  -204127.026   42.745      0.0    
   1200     16799.21    3.4308     2.0344     3.3312     1.9725     0.7489     0.0198    349.7557  2253.3679   44048.35  172056.86  -201834.0  -201791.259   42.868      0.0    
   1300     17923.64    3.4018     2.0166     3.3091     1.9568     0.6932     0.0201    358.5919  2239.0992   43791.81  171165.41  -201110.0  -201066.898   42.947      0.0    
   1400     19042.33    3.375      2.0075     3.2755     1.9396     0.8009     0.019     354.9567  2269.5365   43538.8   170075.71  -199937.0  -199893.941   43.134      0.0    
   1500     20152.3     3.3529     1.9946      3.26      1.9349     1.0619     0.0179    357.0643  2264.9628   43443.76  169821.35  -199994.0  -199949.927   43.598      0.0    
   1600     21258.56    3.3361     1.9887     3.2497     1.9284     1.3222     0.0177    378.5828  2246.5472   43291.95  169102.09  -199364.0  -199320.913   43.179      0.0    
   1700     22358.77    3.3094     1.952      3.2251     1.8953     0.7786     0.0172    360.9954  2233.3969   42880.39  167613.76  -197545.0  -197500.377   44.837      0.0    
   1800     23451.78    3.3163     1.9668     3.2177     1.9008     1.1977     0.0161    383.7007  2250.7359   43100.28  168224.29  -198128.0  -198083.59   44.661      0.0    
   1900     24552.1     3.2912     1.9442     3.1887     1.8735     0.9848     0.0155    340.3017  2195.4674   42546.74   166232.3  -196468.0  -196423.517   44.348      0.0    
   2000     25650.05    3.289      1.9466     3.176      1.871      0.7407     0.0152    351.9901  2282.6826   42542.33  165938.43  -196287.0  -196242.591   43.916      0.0    
   2100     26738.38    3.2784     1.9323     3.1702     1.864      0.922      0.0146    352.3719   2294.584   42479.82  165723.56  -196193.0  -196148.605   44.382      0.0    
