Generating synthetic count valued data ... 
Generating synthetic  count valued data took:  18.09109354019165
max_count =  52  min count =  0
Evaluation for true params: 
 test_rsme | train_rsme | rel-te-err | rel-tr-err |  test_nll  |  train_nll |
2.6464995749 2.6289161265   1.51876      1.50536     163417.29    651123.47  
Factorizing with max_iteration = 16000  fixing covariance?:  False
Tensor dimensions:  [50, 50, 50]
Optimization metrics: 
Using Ada Grad
Mean update scheme:  S
Covariance update :  N
Using diagonal covariance?:  False
Random start? True
k1 samples =  64  k2 samples =  128
eta =  1.0  cov eta =  1.0  sigma eta =  1
iteration |   time   |test_rsme |rel-te-err|train_rsme|rel-tr-err|   d_mean  |   d_cov  |avg_grad_m|avg_grad_c| test_nll | train_nll |    VLB   |  E-term  |    KL     
    0         2.31     10.4237     6.6671    10.3839     6.6326     3.1623     0.3976    11.9738     8.4243    193819.1  771760.36  -1325607.0 -1325548.144   58.751   
    5        450.33    10.4345     6.6696    10.3936     6.6356     3.1623     0.4025    82.1848    74.2743   192657.59  766820.57  -1322871.0 -1322819.536   51.23    
    10       927.14     10.446     6.6748    10.4053     6.6413     3.1623     0.4025    181.4976   158.9443  190681.85  758768.99  -1319367.0 -1319321.437   45.373   
    20      1428.14    10.4725     6.6828    10.4276     6.6445     3.1623     0.4025    470.4849   423.4645  188822.42  751427.41  -1311056.0 -1311016.776   39.089   
    50      2007.36      10.4      6.5918    10.3288     6.537      3.1623     0.4025   2148.2269   1832.738  188930.58  751017.98  -1222876.0 -1222818.576   56.971   
   100      2669.42     7.9657     4.7199     7.8593     4.645      3.0892     0.0913   7496.1656  4958.7378  108141.49  424028.01  -545070.0  -545018.403   51.119   
   200      3448.19     4.6311     2.8678     4.5579     2.8257     2.6407     0.0328   1279.4942  2177.6013   60355.79  237724.52  -256062.0  -256015.392   46.463   
   300       4502.8     4.0822     2.517       4.01      2.4745     2.2199     0.0309    713.4733   2143.081   52727.58  208292.72  -232059.0  -232013.953   44.717   
   400      5587.63     3.8337     2.3525     3.7727     2.3188     1.632      0.0293    539.1349  2223.4491   50204.35  198346.84  -223042.0  -222998.743   43.109   
   500       6673.3     3.7126     2.2834     3.6474     2.2437     1.716      0.0276    485.307   2286.5542   49124.98  193804.46  -218584.0  -218540.549   42.969   
   600      7751.63     3.6648     2.2499     3.5873     2.2019     1.5092     0.0263    456.4101  2162.4422   48337.71  190151.97  -215379.0  -215336.631   42.631   
   700      8826.69     3.6168     2.2037     3.5467     2.156      1.7867     0.0244    475.8543  2183.9239   47517.05  186965.93  -212324.0  -212281.654   41.923   
   800      9886.95     3.5926     2.1816     3.5124     2.1296     1.1931     0.0233    445.7072  2099.3389   47100.08  184788.93  -211040.0  -210998.206   41.515   
   900      10882.76    3.572      2.1697     3.4913     2.1154     1.3648     0.0224    436.8909  2043.3248   46741.13  183409.87  -210143.0  -210102.604   40.755   
   1000     11883.69    3.5125     2.1246     3.4346     2.0696     1.0442     0.0207    398.3483  2135.3961   45814.19  179845.81  -207076.0  -207035.72   40.444   
   1100     12865.87    3.4763     2.0932     3.3934     2.0335     1.0225     0.0195    349.7629  2145.0702   45104.06  176868.98  -204293.0  -204252.912   40.32    
   1200     13839.67    3.4457     2.0708     3.3754     2.0153     0.8349     0.0191    355.5066  2057.1516   44840.6   175939.72  -203658.0  -203617.953   40.074   
   1300     14801.61    3.4318     2.0542     3.3406     1.9953     0.9652     0.0184    384.4241  2101.2469   44555.92  174671.08  -202176.0  -202135.955   39.638   
   1400     15758.24    3.4201     2.0339     3.3298     1.971      0.887      0.0178    363.9291  2046.4832   44259.58   173313.7  -200869.0  -200829.379   40.06    
   1500     16700.26    3.3682     1.9999     3.2847     1.9405     1.0904     0.0175    349.9685  2099.9935   43728.73  171320.72  -199078.0  -199036.766   40.847   
   1600     17636.72    3.3515     2.0002     3.2614     1.9341     0.7738     0.0164    365.2974  2133.6154   43563.03  170665.95  -198470.0  -198428.744   40.858   
   1700     18564.38    3.3234     1.979      3.238      1.9194     0.9425     0.0157    338.553   2145.6615   43319.41  169757.93  -197416.0  -197374.55   41.04    
   1800     19491.64    3.3225     1.9887     3.2282     1.9198     1.1022     0.0155    374.4039  2174.3731   43356.74  169918.77  -197784.0  -197742.99   40.922   
   1900     20413.51    3.3075     1.9614     3.2098     1.8914     0.8133     0.015     328.2888  2135.3861   43046.67  168340.25  -196147.0  -196106.196   40.54    
   2000     21331.64    3.2893     1.9479     3.2016     1.8782     0.8427     0.0143    323.5601  2117.7119   42789.5   167453.16  -195482.0  -195441.405   40.613   
   2100     22245.22    3.2722     1.9439     3.1822     1.8789     1.0888     0.0136    349.2036  2093.8402   42799.5   167463.05  -195624.0  -195583.251   41.077   
   2200     23155.29    3.282      1.9481     3.1788     1.8684     0.852      0.0139    357.5927  2119.1998   42771.28  167027.64  -194914.0  -194872.462   41.83    
   2300     24061.11    3.2502     1.9281     3.1521     1.8557     0.8438     0.0133    335.3091  2145.4422   42456.54  166127.41  -194308.0  -194265.68   42.222   
   2400     24963.11    3.2453     1.9148     3.1405     1.8431     1.0288     0.0128    359.9695  2159.2033   42325.47  165434.92  -193502.0  -193460.178   41.668   
   2500     25861.0     3.2426     1.9177     3.1363     1.8412     0.8242     0.0123    359.587   2143.6371   42434.97   165683.1  -193665.0  -193623.723   41.568   
   2600     26756.27    3.225      1.9114     3.1244     1.8387     0.9025     0.0126    381.8594  2182.8847   42248.58  165169.44  -193297.0  -193254.575   41.991   
   2700     27650.41    3.2126     1.9028     3.1084     1.8279     0.8544     0.012     357.2236  2138.7219   42051.0   164523.96  -192692.0  -192650.265   41.691   
   2800     28540.98    3.2057     1.889      3.0859     1.8052     0.7979     0.0117    329.5085  2161.2845   41864.19  163366.08  -191494.0  -191452.241   42.021   
   2900     29434.66    3.2064     1.8856     3.0992     1.8116     0.8826     0.012     325.1855  2159.0544   41839.48  163646.55  -191813.0  -191770.85   42.045   
   3000     30329.45    3.1934     1.874      3.0822     1.7964     1.0831     0.0113    307.7715  2123.1206   41708.1   162982.27  -191124.0  -191082.227   42.159   
   3100     31224.1     3.1804     1.8632     3.0761      1.79      0.6992     0.0109    334.7856  2064.6192   41602.78  162724.14  -190803.0  -190761.297   41.906   
   3200     32120.49    3.1771     1.8684     3.0635     1.7856     0.7373     0.0108    316.1971  2123.9715   41558.53  162302.66  -190495.0  -190452.732   42.156   
   3300     33024.58    3.1772     1.8693     3.0711     1.7936     0.9523     0.0112    317.7732  2172.7536   41638.75  162845.22  -191235.0  -191192.136   42.388   
   3400     33924.01    3.1765     1.8706     3.0773     1.8029     1.1264     0.0102    357.9185  2144.8406   41760.58  163299.46  -191444.0  -191400.917   42.662   
   3500     34813.39    3.1669     1.8639     3.0537     1.7876     0.9158     0.0105    352.3116   2202.877   41636.71  162626.36  -190747.0  -190703.735   42.962   
   3600     35695.53    3.1723     1.866      3.0665     1.7909     0.8143      0.01     361.6182  2184.9062   41697.39  162921.32  -191077.0  -191034.614   42.811   
   3700     36581.49    3.1455     1.8434     3.0408     1.7716     0.7768     0.0102    338.7302  2167.8892   41402.42  161801.04  -189918.0  -189874.633   43.544   
   3800     37473.42    3.1493     1.8468     3.0432     1.7722     0.702       0.01     346.0903   2177.329   41422.17  161951.57  -190050.0  -190006.146   43.915   
   3900     38371.36    3.1339     1.8388     3.0316     1.7624     0.6733     0.0101    313.9662  2157.6186   41269.26  161261.47  -189580.0  -189536.019   43.723   
   4000     39269.86    3.1373     1.8398     3.0309     1.7638     0.7556     0.0093    342.7837  2126.4026   41269.83  161429.74  -189750.0  -189706.189   43.628   
   4100     40160.72    3.1411     1.8458     3.0352      1.77      0.8624     0.0099    323.4557  2141.1115   41276.64  161566.42  -189929.0  -189884.763   43.975   
   4200     41038.98    3.1241     1.8302     3.0187     1.758      0.6624     0.0096    306.9272  2152.2746   41165.05   160972.5  -189203.0  -189159.593   43.432   
   4300     41915.63    3.143      1.8469     3.0262     1.7631     0.7194     0.0089    309.5637  2192.7073   41307.89  160995.44  -189169.0  -189125.488   43.497   
   4400     42788.25    3.1376     1.8558     3.029      1.7779     0.8208     0.0092    364.6054  2238.3169   41323.21  161613.85  -190149.0  -190105.577   43.738   
   4500     43661.15    3.1241     1.8278     3.0134     1.7522     0.6453     0.0086    309.9629  2173.3351   41099.58  160608.25  -188797.0  -188752.183   44.484   
   4600     44539.85    3.1262     1.8295     3.0178     1.7529     0.7095     0.0084    318.4081  2190.6398   41135.73  160659.92  -188810.0  -188765.242   44.75    
   4700     45426.84    3.1203     1.8264     3.012      1.7526     0.6686     0.0083    336.9554  2164.0944   41105.97  160621.82  -188632.0  -188586.611   44.897   
   4800     46304.71    3.1285     1.8336     3.0091     1.7542     0.7253     0.0081    325.8515  2250.1031   41133.6   160581.59  -188950.0  -188904.603   44.978   
   4900     47173.9     3.105      1.8165     2.9959     1.7421     0.9259     0.0124    352.402   2215.6755   41033.1   160395.02  -188858.0  -188812.641   45.024   
   5000     48040.42    3.1076     1.8219     2.9991     1.7421     0.9067     0.0082    342.3638  2192.9068   41013.69  160399.03  -188773.0  -188728.077   45.034   
   5100     48913.22    3.1165     1.8292     3.0058     1.7507     0.783      0.008     341.2851  2212.9295   41140.19  160599.31  -188968.0  -188923.431   44.595   
   5200     49778.42    3.1141     1.8221     2.995      1.7432     0.6279     0.008     330.9667  2225.2611   40999.65   160167.6  -188599.0  -188554.216   44.75    
   5300     50646.05    3.1021     1.8068     2.988      1.7314     0.7193     0.0079    320.5714  2165.1495   40882.36  159796.64  -187941.0  -187896.671   44.65    
   5400     51516.5     3.0933     1.807      2.978      1.7311     0.7911     0.0078    330.1334  2224.5062   40923.77  159739.13  -188077.0  -188032.394   44.664   
   5500     52394.91    3.1017     1.813      2.9924     1.7401     0.6983     0.008     338.7736  2206.9567   40991.52  160125.01  -188404.0  -188359.969   44.416   
   5600     53265.76    3.0954     1.8196     2.9922     1.7413     0.8536     0.0076    314.7206  2224.4372   40970.7   160129.07  -188587.0  -188543.354   44.105   
   5700     54131.18    3.093      1.8133     2.9829     1.7364     0.5794     0.0074    337.6832  2187.6779   40938.75  159849.08  -188226.0  -188181.68   44.187   
   5800     54999.2     3.0927     1.8124     2.9768     1.7323     0.6334     0.0073    319.5753  2229.5418   40946.05  159805.85  -188133.0  -188088.199   44.704   
   5900     55870.96    3.1097     1.8248     2.9953     1.7447     0.5896     0.0072    320.5461   2212.449   41038.38  160128.39  -188626.0  -188581.132   44.925   
   6000     56742.87    3.0928     1.8178     2.9839     1.7455     0.8287     0.0072    361.8059  2218.3931   41034.44  160296.55  -188533.0  -188487.983   44.638   
   6100     57607.15    3.0944     1.8118     2.9729     1.7274     0.4814     0.0072    327.6627  2188.1514   40948.25  159589.91  -187702.0  -187657.553   44.386   
   6200     58470.7     3.0852     1.8136     2.9741     1.7332     0.6896     0.0069    336.7821  2219.5506   40976.02   159820.2  -188020.0  -187975.604   44.656   
   6300     59341.05    3.0837     1.8051     2.9674     1.7216     0.7347     0.0068    343.3116  2168.2014   40955.42   159602.8  -187578.0  -187533.372   44.569   
   6400     60208.73    3.0855     1.808       2.97      1.7294     0.5188     0.007     334.4592  2210.4782   40861.22  159407.65  -187697.0  -187652.716   44.74    
   6500     61065.66    3.0776     1.8046     2.9671     1.7256     0.6384     0.0068    313.5799  2190.0435   40845.66  159254.41  -187601.0  -187556.353   44.876   
   6600     61923.21    3.0712     1.8026     2.9596     1.7233     0.7672     0.0069    327.7918  2184.3746   40919.3   159305.42  -187545.0  -187500.407   44.859   
   6700     62780.77    3.073      1.7955     2.9633     1.7213     0.4943     0.0067    301.8614  2185.9538   40882.92  159112.64  -187224.0  -187178.862   44.782   
   6800     63636.77    3.0782     1.8012     2.9584     1.7182     0.5529     0.0065    316.4353  2167.7614   40884.23  159126.78  -187304.0  -187259.039   45.036   
   6900     64493.24    3.0778     1.7944     2.9604     1.7146     0.5044     0.0063    335.0277  2202.8014   40794.53  159018.54  -187223.0  -187178.707   44.769   
   7000     65349.24    3.0766     1.7909     2.9558     1.7104     0.4183     0.0064    303.5265  2217.7443   40729.19  158863.87  -187124.0  -187079.527   44.612   
   7100     66203.1     3.0647     1.7914     2.9541     1.7133     0.5526     0.0061    302.1812  2170.3571   40657.82  158745.04  -187082.0  -187037.74   44.564   
   7200     67057.96    3.0633     1.7872     2.9518     1.7123     0.624      0.0075    310.7062  2184.2351   40697.88  158803.77  -187199.0  -187154.403   44.601   
   7300     67911.38    3.072      1.7902     2.9574     1.7127     0.5792     0.0064    323.854   2183.1716   40689.85  158756.18  -186968.0  -186923.259   45.177   
   7400     68767.68    3.0711     1.7931     2.9541     1.7142     0.6341     0.0063    320.0384  2201.4921   40751.59  159039.48  -187164.0  -187119.094   45.016   
   7500     69622.44    3.0588     1.787      2.9491     1.7102     0.7341     0.0062    296.9124  2214.9942   40583.54  158443.04  -186876.0  -186831.396   44.809   
   7600     70476.47    3.0722     1.7959     2.9543     1.7162     0.7649     0.0064    315.4088  2235.0106   40710.41  158737.87  -187107.0  -187062.446   44.609   
   7700     71331.63    3.0821     1.7976     2.9594     1.7183     0.7332     0.0062    306.7287  2201.7266   40756.14  158826.91  -187079.0  -187034.422   44.898   
   7800     72186.56    3.0662     1.7916     2.9511     1.7132     0.5446     0.0059    298.0266  2236.4293   40640.71  158604.41  -186968.0  -186922.85   45.327   
   7900     73040.3      3.07      1.7979     2.9518     1.7155     0.6624     0.0063    313.7104  2247.0463   40683.13   158781.1  -187018.0  -186971.945   45.59    
   8000     73889.62    3.0679     1.7936     2.9497     1.7136     0.6769     0.0061    326.375   2186.4607   40731.44  158819.94  -187053.0  -187006.957   45.592   
   8100     74740.75    3.0712     1.7928     2.9498     1.7111     0.5168     0.006     325.1962  2196.9275   40685.62  158455.89  -186639.0  -186593.0    45.658   
   8200     75594.67    3.0643     1.7928     2.9467     1.7128     0.7793     0.006     298.3271  2260.6966   40637.15  158524.44  -186961.0  -186915.716   45.224   
   8300     76443.31    3.0756     1.7907     2.9483     1.7097     0.485      0.0057    306.7772  2206.3173   40630.28  158471.78  -186851.0  -186805.886   44.809   
   8400     77292.76    3.0798     1.8056     2.9436     1.7139     0.8206     0.0056    337.5545   2226.899   40811.83  158896.07  -187220.0  -187174.876   45.081   
   8500     78145.48    3.0666     1.7918     2.9411     1.7105     0.5092     0.0056    319.609   2197.2345   40623.36  158512.84  -186747.0  -186701.894   45.552   
   8600     78995.56    3.0568     1.7822     2.9397     1.7059     0.5829     0.0057    298.8793  2210.3753   40628.03  158424.95  -186884.0  -186838.733   45.575   
   8700     79844.74    3.0697     1.7871     2.9422     1.7051     0.5584     0.0058    322.6484  2212.1967   40683.02  158447.08  -186687.0  -186641.971   45.448   
   8800     80693.86    3.0672     1.7856     2.9452     1.7096     0.614      0.0056    316.5297  2212.7874   40657.38  158531.19  -186724.0  -186679.081   45.185   
   8900     81545.47    3.064      1.7901     2.9433     1.7116     0.4112     0.0056    314.564   2251.7184   40635.4   158520.72  -187009.0  -186962.996    45.6    
   9000     82394.29    3.068      1.793      2.945      1.7098     0.533      0.0056    332.2594  2238.1741   40661.84  158517.42  -187000.0  -186954.265   45.515   
   9100     83242.75    3.0645     1.7914     2.9441     1.7077     0.5059     0.0055    333.9956   2215.274   40601.39  158435.92  -186854.0  -186808.738   45.459   
   9200     84099.83    3.0606     1.7908     2.937      1.707      0.6043     0.0056    333.1348  2216.4442   40612.84  158409.28  -186795.0  -186749.25   45.402   
   9300     84952.75    3.0523     1.7735     2.934      1.697      0.4647     0.0056    309.7508  2193.7378   40503.96  157978.11  -186229.0  -186183.987   45.302   
   9400     85798.34    3.0619      1.78      2.9396     1.6996     0.4713     0.0058    334.7805  2247.8325   40574.19   158272.7  -186486.0  -186439.86   45.676   
   9500     86644.05    3.0502     1.7798     2.9356     1.7014     0.653      0.0057    332.0697  2278.8397   40521.34  158146.47  -186549.0  -186502.894   45.619   
   9600     87487.72    3.062      1.7844     2.9324     1.6996     0.4827     0.0052    305.2012  2229.6823   40520.15   158140.5  -186480.0  -186434.27   45.421   
   9700     88331.11    3.0574     1.7864     2.9359     1.7072     0.6898     0.0057    314.4074  2240.2737   40607.63  158616.97  -187185.0  -187139.654   45.54    
   9800     89181.88    3.0645     1.791      2.9459     1.7142     0.6437     0.0053    338.4822  2225.7333   40692.35  158829.76  -187189.0  -187143.753   45.269   
   9900     90032.43    3.0481     1.7766     2.9301     1.6982     0.4494     0.0055    324.0092  2227.5276   40509.5   158098.64  -186394.0  -186349.022   45.115   
  10000     90880.9     3.0407     1.7704     2.924      1.694      0.6136     0.005     323.3297  2216.9436   40512.78  158043.67  -186255.0  -186209.753   45.011   
  10100     91726.83    3.0468     1.7769     2.9327     1.7032     0.6137     0.0053    320.8995   2231.679   40492.62   158172.3  -186519.0  -186474.496   44.951   
  10200     92576.88    3.0585     1.7755     2.9332     1.6964     0.4263     0.005     308.4023   2210.616   40528.5   157972.24  -186228.0  -186183.073   45.022   
  10300     93426.72    3.0526     1.7825     2.9318     1.6982     0.347      0.0048    294.9462  2227.5076   40466.15  157847.53  -186289.0  -186243.592   45.446   
  10400     94274.08    3.0629     1.7898     2.9354     1.7055     0.6102     0.0048    311.6181  2302.4254   40620.16  158380.15  -186855.0  -186809.452   45.141   
  10500     95122.0     3.0444     1.7779     2.9296     1.6993     0.6531     0.0049    337.7068   2257.958   40472.98  157976.49  -186282.0  -186236.883   45.546   
  10600     95969.64    3.0525     1.7796     2.9306     1.6998     0.488      0.005     307.9485  2275.3237   40547.58  158135.24  -186436.0  -186390.206   45.334   
  10700     96814.39    3.0498     1.7794     2.9335     1.7018     0.5205     0.005     311.7292  2293.2756   40476.69  157999.02  -186257.0  -186211.006   45.509   
  10800     97659.78    3.0489     1.7732     2.9297     1.6989     0.5852     0.0046    300.9295  2297.6132   40438.76  157857.12  -186222.0  -186176.583   45.596   
  10900     98507.86    3.0452     1.7742     2.9261     1.6927     0.5231     0.0048    317.0575  2256.6989   40466.61  157831.24  -186225.0  -186179.223   45.659   
  11000     99354.19    3.0533     1.7805     2.9349     1.6995     0.5205     0.0047    352.6216  2191.6869   40530.28   158197.0  -186479.0  -186433.62   45.64    
  11100    100199.15    3.0556     1.7826     2.9264     1.6937     0.4632     0.0046    305.7108   2243.588   40514.95  157833.65  -186185.0  -186139.505   45.66    
  11200    101039.48    3.0504     1.7753     2.9236     1.6918     0.6273     0.0051    311.5385  2217.6209   40470.61  157738.86  -186089.0  -186043.058   45.495   
  11300    101875.51    3.0465     1.773      2.9215     1.6939     0.3995     0.0045    305.6243  2214.1402   40515.74  157842.58  -186054.0  -186008.534   45.765   
  11400    102709.54    3.0563     1.7769     2.9288     1.6977     0.5654     0.0047    322.4545  2209.7304   40557.24  158021.51  -186234.0  -186188.53   45.622   
  11500    103546.61    3.0507     1.7785     2.9171     1.6925     0.4585     0.0045    290.0449  2246.6077   40451.74  157682.77  -186139.0  -186093.529   45.539   
  11600     104380.2    3.0537     1.7878     2.9224     1.6977     0.4608     0.0045    315.1945  2238.8961   40560.43  157935.44  -186428.0  -186382.8    45.546   
  11700    105214.38    3.047      1.7828     2.925      1.6975     0.5244     0.0046    316.527    2209.569   40513.25   157992.6  -186310.0  -186264.121   45.435   
  11800    106049.86    3.0649     1.7889     2.9393     1.7029     0.5403     0.0045    357.0346  2210.9295   40654.4   158408.84  -186735.0  -186689.555   45.586   
  11900     106886.1    3.0474     1.7809     2.9276     1.6979     0.4942     0.0045    337.4491  2188.5257   40497.07  157973.31  -186430.0  -186384.187   46.106   
  12000    107720.58    3.0453     1.7721     2.9248     1.6914     0.613      0.0044    300.1287  2171.6009   40443.29  157726.49  -185983.0  -185937.772   45.643   
  12100    108556.93    3.0436     1.7669     2.9244     1.691      0.4644     0.0046    311.5653  2172.1993   40427.18   157606.0  -185780.0  -185734.521   45.843   
  12200    109392.53    3.0551     1.7823     2.9385     1.7035     0.6072     0.0045    324.6389  2186.0752   40522.24  158079.26  -186375.0  -186328.847   45.79    
  12300    110226.82    3.0603     1.7891     2.9272     1.6992     0.4398     0.0044    303.2779  2188.7316   40550.37  157968.11  -186383.0  -186337.342   45.663   
  12400     111061.9    3.0446     1.7716     2.9219     1.6899     0.4682     0.0044    300.7918  2155.6952   40441.11  157657.94  -185917.0  -185871.025   45.955   
  12500    111897.36    3.0505     1.7776     2.9281     1.6961     0.4375     0.0046    301.7256  2188.8767   40503.87  157950.67  -186314.0  -186268.139   45.739   
  12600    112732.63    3.0521     1.7834     2.9294     1.7029     0.6118     0.0043    355.7181  2222.3644   40564.13  158220.06  -186591.0  -186544.647   46.164   
  12700    113568.29    3.0493     1.7805     2.9258     1.6976     0.476      0.0045    330.1401  2227.8141   40502.03  157994.38  -186444.0  -186398.056   46.158   
  12800    114402.31    3.051      1.7827     2.9274     1.6987     0.7516     0.0043    310.0892  2162.1483   40509.35   157995.1  -186407.0  -186360.547   46.211   
  12900    115239.94    3.0556     1.7792     2.9261     1.6939     0.4935     0.0045    321.0025  2149.4206   40473.86  157792.97  -186073.0  -186026.797   46.271   
  13000    116073.17    3.0483     1.7682     2.9183     1.6862     0.4088     0.0045    286.2697  2106.5219   40412.59  157438.24  -185651.0  -185604.49   46.058   
  13100    116908.42    3.0451     1.7783     2.9176     1.6928     0.5887     0.0044    303.3645  2209.8109   40403.7   157600.18  -185961.0  -185915.102   46.303   
  13200    117740.86    3.0463     1.7798     2.9221     1.6943     0.3766     0.0047    294.6409  2169.8754   40425.24  157658.66  -186112.0  -186065.801   45.914   
  13300    118573.94    3.0425     1.7716     2.9203     1.6887     0.3969     0.0043    296.9034  2151.5082   40401.12  157446.82  -185822.0  -185775.69   46.373   
  13400    119406.34    3.0533     1.779      2.9235     1.6922     0.3462     0.0043    301.7718  2162.4415   40456.0   157609.39  -185992.0  -185945.864   46.159   
  13500    120240.65    3.0477     1.7767     2.926      1.6958     0.5105     0.0045    314.2947  2205.1622   40490.05  157817.55  -186184.0  -186137.012   46.543   
  13600    121071.31    3.0592     1.7831     2.9173     1.6916     0.4012     0.0044    316.2791  2230.2884   40469.27  157594.54  -186122.0  -186075.551   46.437   
  13700    121901.99    3.0425     1.7713     2.9195     1.6881     0.4228     0.0043    309.0585  2224.0963   40425.48  157446.02  -185798.0  -185751.246   46.262   
  13800    122731.84    3.0464     1.782      2.9129     1.692      0.4687     0.0042    315.9297  2241.1021   40445.86   157564.9  -185939.0  -185892.564   46.464   
  13900    123606.32    3.0417     1.7752     2.9179     1.6919     0.4163     0.0042    317.0728   2202.953   40442.35  157543.76  -185999.0  -185952.529   46.474   
  14000    124486.96    3.0476     1.7814     2.9218     1.6958     0.5256     0.004     317.9119   2227.856   40476.63  157742.55  -186216.0  -186168.949   46.766   
  14100     125366.7    3.0529     1.7771     2.924      1.6915     0.4203     0.0041    319.5519  2242.2491   40493.71  157729.29  -185981.0  -185934.671   46.353   
  14200    126264.43    3.049      1.7754     2.9191     1.6895     0.5872     0.0041    316.1352  2208.1815   40427.63   157528.6  -185738.0  -185691.485   46.179   
  14300    127146.25    3.0523     1.7799     2.9166     1.6876     0.5268     0.0042    319.3178  2216.6854   40509.11  157557.04  -185982.0  -185936.193   46.018   
  14400    128031.25    3.0479     1.7777     2.9242     1.6911     0.3675     0.0041    315.9888  2216.9931   40465.95  157648.17  -186174.0  -186127.468   46.211   
  14500    128924.85    3.0511     1.7761     2.9206     1.6884     0.3815     0.0044    304.8368  2183.8801   40522.65   157675.1  -185916.0  -185869.081   46.444   
  14600     129807.1    3.0425     1.7745     2.9193     1.6892     0.5123     0.0041    321.5384  2225.3967   40458.03  157478.06  -185734.0  -185687.793   46.487   
  14700    130698.63    3.0388     1.771      2.9197     1.6906     0.4199     0.0039    284.3689  2145.2735   40397.04   157481.9  -185917.0  -185870.795   46.015   
  14800    131577.24    3.0462     1.7753     2.918      1.6897     0.3326     0.0042    300.4718  2218.1382   40392.76  157424.52  -185838.0  -185791.911   45.798   
  14900    132462.97    3.045      1.7703     2.917      1.6849     0.575      0.004     296.0292  2159.6373   40400.54  157448.73  -185748.0  -185702.579   45.907   
  15000    133368.36    3.0445     1.7704     2.9185     1.6875     0.3505     0.0041     296.37   2147.8657   40364.43  157448.87  -185780.0  -185733.84   45.975   
  15100    134251.46    3.048      1.7736     2.916      1.6882     0.4987     0.0041    307.3845  2201.8671   40397.78  157444.46  -185894.0  -185847.987   45.917   
  15200    135129.38    3.0381     1.767      2.913      1.6848     0.3715     0.0038    290.0388  2178.8583   40323.44  157258.78  -185695.0  -185649.522   45.685   
  15300    136025.12    3.0329     1.7678     2.9148     1.6904     0.452      0.004     319.5984  2197.8394   40348.02  157504.69  -185884.0  -185838.606   45.854   
  15400    136900.18    3.0328     1.7688     2.9157     1.6888     0.5027     0.0038    289.1784  2204.9092   40339.37  157398.98  -185830.0  -185784.196   45.907   
  15500    137775.91    3.036      1.7681     2.9167     1.6829     0.4968     0.0038    315.9622  2139.4834   40363.0   157374.51  -185651.0  -185604.989   45.732   
  15600    138651.74    3.0313     1.7604     2.9091     1.6781     0.3718     0.0037    277.3721  2141.1582   40293.66  157028.69  -185273.0  -185227.512   45.755   
  15700    139555.37    3.0379     1.771      2.9145     1.6878     0.3764     0.0038    303.3657  2206.5332   40325.03  157390.23  -185731.0  -185685.095   45.829   
  15800    140425.75    3.0309     1.7701     2.9134     1.6886     0.435      0.0037    310.8814  2188.9081   40328.9   157497.66  -185875.0  -185828.877   46.033   
  15900    141319.09    3.035      1.765      2.9168     1.6857     0.3216     0.0037    280.7531  2171.7263   40328.67  157325.26  -185668.0  -185621.904   45.802   
  16000    142210.68    3.0396     1.7688     2.9147     1.6882     0.4544     0.0038    330.6374  2153.3534   40338.27  157515.73  -185811.0  -185764.53   45.986   
[-1.2621055  -0.90463955  0.41317241  0.99061385 -0.40017512 -0.03577134
 -0.51680763 -2.00091773  1.17874015  0.84950372 -0.28225428  0.13713098
 -0.14775728 -0.58208877  0.33792312  0.29688877 -0.0415323   0.23781109
 -0.36722169  0.87851334]
[ 0.21050717  0.70404638  1.63410203  0.73496555 -0.11073315  1.74631339
  0.76544435 -0.01141192  0.10732194 -0.17880614  1.61252704 -0.08929704
  1.17777104  0.58425306 -0.5977718   1.92272568 -0.66123214  0.39426926
  1.3896031  -0.84028336]
[ 1.04928183  0.22013816  1.07136122  1.03300698  1.30470189  1.48015732
  0.93226447 -0.74209438 -0.65966033  0.62202295 -0.92075621 -0.74628524
  0.93195508  0.77278909 -1.15600522  1.29827036  1.47559357 -0.56418309
  1.2091795   0.939949  ]
