Generating synthetic count valued data ... 
Generating synthetic  count valued data took:  17.28996729850769
max_count =  55  min count =  0
Evaluation for true params: 
 test_rsme | train_rsme | rel-te-err | rel-tr-err |  test_nll  |  train_nll |
2.6157905115 2.6387724419   1.50604       1.5161     163434.99    650812.53  
Factorizing with max_iteration = 16000  fixing covariance?:  False
Tensor dimensions:  [50, 50, 50]
Optimization metrics: 
Using Ada Grad
Mean update scheme:  S
Covariance update :  N
Using diagonal covariance?:  False
Random start? True
k1 samples =  64  k2 samples =  128
eta =  1.0  cov eta =  1.0  sigma eta =  1
iteration |   time   |test_rsme |rel-te-err|train_rsme|rel-tr-err|   d_mean  |   d_cov  |avg_grad_m|avg_grad_c| test_nll | train_nll |    VLB   |  E-term  |    KL     
    0         2.32     10.3756     6.6559    10.3745     6.6316     3.1623     0.4011    11.0699     8.8866   194556.06  775385.37  -1325352.0 -1325294.622   57.609   
    5        444.58    10.3846     6.6586    10.3834     6.6348     3.1623     0.4025    71.3255    67.2407   193016.47   769067.5  -1322369.0 -1322319.263   49.296   
    10       898.21    10.3964     6.6642    10.3928     6.6386     3.1623     0.4025    165.4164   151.3927  190934.53  761077.14  -1317902.0 -1317857.698   44.018   
    20      1376.45    10.3989     6.6491    10.3948     6.625      3.1623     0.4025    491.8954   417.5605  187579.65  747521.92  -1298164.0 -1298126.973   37.417   
    50      1925.97     9.8693     6.0985     9.8409     6.0585     3.1623     0.4025   3210.0247  1968.3796  168225.35  667129.15  -1018379.0 -1018321.234   58.103   
   100      2570.88     5.9606     3.7095     5.9431     3.6924     3.1522     0.1085   5929.8174  4593.2588   75633.59  300916.78  -323591.0  -323540.552   50.778   
   200      3378.98     4.3428     2.6962     4.3354     2.6734     2.7664     0.0531    999.1083  1850.3682   55696.05  221749.74  -244897.0  -244850.276   47.165   
   300      4411.74     3.9431     2.5001     3.9469     2.4909     2.3158     0.0445    646.0376  1919.8812   52532.31  209240.95  -234556.0  -234510.224   45.323   
   400       5438.5     3.7259     2.3199     3.7302     2.3112     1.7077     0.0409    542.0331  1878.3561   49829.47  197843.23  -223206.0  -223162.281   43.469   
   500      6454.14     3.6541     2.2502     3.648      2.2372     2.1391     0.0385    473.5684  1975.6116   48752.22  193207.33  -218167.0  -218123.388   43.787   
   600      7458.85     3.5513     2.1833     3.5542     2.1744     1.3706     0.0363    432.9806  1965.8699   47168.45  187781.68  -213332.0  -213288.57   43.091   
   700      8455.55     3.5075     2.1469     3.5017     2.1376     1.0759     0.0331    373.0876  2041.4252   46518.5   184770.06  -211198.0  -211155.207   43.264   
   800      9436.53     3.4643     2.1129     3.4726     2.1059      1.32      0.031     384.3065  2012.2581   46007.5   182776.05  -208861.0  -208817.547   43.58    
   900      10416.63    3.4451     2.0894      3.44      2.072      1.2564     0.0291    356.4324  1996.1259   45459.66  180701.05  -206704.0  -206662.073   42.12    
   1000     11387.34     3.4       2.0545     3.3974     2.0404     0.7111     0.0269    327.9226  1963.4944   44799.18  177978.18  -204918.0  -204874.151   44.086   
   1100     12353.51    3.4021     2.0572     3.3843     2.0381     1.232      0.0247    392.1387  2012.2394   45023.81  178377.23  -204936.0  -204893.933   42.48    
   1200     13319.0     3.3558     2.0147     3.3348     1.9948     0.8674     0.0243    370.9754  1881.0471   44177.32  175198.37  -202426.0  -202384.28   41.378   
   1300     14280.17    3.3479     1.9958     3.3164     1.9696     1.1705     0.022     350.4815  1924.5795   43760.73  173379.42  -200620.0  -200578.096   42.235   
   1400     15237.48    3.3344     1.9839     3.301      1.9548     1.1605     0.0215    383.6602  1922.2962   43632.19  172428.47  -199539.0  -199496.447   42.723   
   1500     16190.29    3.3151     1.974      3.2651     1.9347     1.2077     0.0216    347.3803  1880.0549   43427.73  171485.83  -198888.0  -198845.617   42.814   
   1600     17144.23    3.2828     1.951      3.2397     1.9149     0.9726     0.0194    325.2466  1918.6081   42959.35  169677.02  -197177.0  -197133.328   43.371   
   1700     18091.42    3.2633     1.9318     3.2216     1.8989     1.1285     0.0193    323.7595  1926.5852   42786.72  169028.76  -196373.0  -196328.912   43.859   
   1800     19034.41    3.2469     1.9284     3.2028     1.8873     0.8503     0.018     320.4071  1985.1702   42611.48  168217.51  -195873.0  -195829.161   43.593   
   1900     19971.19    3.2339     1.9108     3.1876     1.8747     0.8877     0.0175    312.1411  1945.0358   42511.1   167777.06  -195529.0  -195485.495   43.818   
   2000     20905.47    3.218      1.8988     3.1641      1.86      0.7502     0.0176    321.0361  1954.4355   42306.39  166696.56  -194460.0  -194416.902   43.217   
   2100     21839.72    3.2082     1.8884     3.1466     1.8468     1.1084     0.0182    318.937   1983.0297   42250.64  166227.97  -193797.0  -193753.516   43.552   
   2200     22767.25    3.1927     1.8776     3.1374     1.8393     1.3204     0.0155    323.3358  2004.8521   42108.19  165835.03  -193272.0  -193228.628   43.35    
   2300     23691.63    3.175      1.8668     3.1284     1.8311     0.8899     0.0152    341.6026  1984.8552   41958.04  165361.51  -192766.0  -192722.099   43.844   
   2400     24646.27    3.1884     1.8854     3.1205     1.8418     0.9243     0.015     361.7935  2074.4742   42146.82  165812.68  -193506.0  -193461.393   44.61    
   2500     25599.06    3.1759     1.8707     3.1105     1.8294     0.7719     0.0138    356.5406  2021.4365   41927.72  164945.54  -192702.0  -192658.043   44.118   
   2600     26547.15    3.1513     1.8592     3.0902     1.8149     0.7592     0.0141    335.7605   2013.91    41808.2   164442.03  -192167.0  -192123.271   43.67    
   2700     27493.74    3.1513     1.8604     3.0836     1.8135     0.7364     0.0157    300.9971  2038.1451   41722.32  164126.23  -192035.0  -191990.34   44.263   
   2800     28441.74    3.1512     1.8562     3.0803     1.8091     0.8052     0.0137    343.1962  2027.4699   41736.18  164190.21  -192147.0  -192102.345   44.485   
   2900     29387.67    3.1372     1.8566     3.0735     1.8135     0.7417     0.0138    330.6362  2024.9346   41654.47  164085.81  -192186.0  -192141.954   43.627   
   3000     30330.9     3.1322     1.8377     3.0657     1.7963     1.3491     0.0132    332.8746  2001.0404   41526.96  163406.42  -191411.0  -191366.236   45.057   
   3100     31274.93    3.1308      1.84      3.0587     1.7965     1.1307     0.0218    334.6106   2036.841   41475.77  163303.97  -191201.0  -191156.371   44.658   
   3200     32213.16    3.1273     1.8401     3.0558     1.7945     0.7544     0.037     315.8343  1992.1775   41423.21  163153.72  -191341.0  -191295.218   45.496   
   3300     33151.26    3.1114     1.8359     3.0524     1.7962     0.7609     0.0174    322.9354   2033.637   41355.86  162970.41  -191089.0  -191043.787   44.795   
   3400     34088.24    3.1151     1.836      3.0421     1.7883     0.9597     0.0119    318.2067  2028.7121   41331.84  162767.43  -190972.0  -190928.035   44.31    
   3500     35018.58    3.1003     1.8142     3.0364     1.7762     0.7467     0.0194    317.7373   2014.172   41244.09  162416.88  -190318.0  -190273.334   44.986   
   3600     35950.33    3.108      1.8169     3.0379     1.7762     0.7679     0.0123    336.0568  1999.0478   41270.99  162283.53  -190210.0  -190164.839   44.971   
   3700     36882.1     3.1154     1.8299     3.0358     1.7819     0.7402     0.011     326.5379  2000.7256   41391.0    162727.6  -190632.0  -190586.796   45.06    
   3800     37810.28    3.107      1.8267     3.0309     1.778      0.7665     0.0115    322.5321  2023.8715   41227.81  162269.86  -190419.0  -190373.668   45.008   
   3900     38734.36    3.0938     1.8152     3.028      1.7689     0.7516     0.0115    307.8238  2030.2557   41047.6   161770.78  -189744.0  -189699.098   45.272   
   4000     39657.5     3.0944     1.812      3.0152     1.759      0.7102     0.0152    291.1811  2023.6211   41010.72  161395.21  -189456.0  -189411.209   45.065   
   4100     40578.33    3.1128     1.8258     3.043      1.7818     1.1546     0.0112    335.1026  2048.7518   41279.44  162443.59  -190307.0  -190261.662   45.411   
   4200     41496.7     3.1066     1.8289     3.0349     1.7809     0.7682     0.0107    382.6572  1972.9875   41354.65  162751.32  -190494.0  -190447.836   46.172   
   4300     42413.51    3.0872     1.8115     3.0094     1.758      0.7081      0.01     324.6137  1969.5457   41055.78  161439.59  -189385.0  -189339.192   46.203   
   4400     43331.06    3.0926     1.8187     3.0188     1.7638     0.7566     0.0102    345.2684  1990.6657   41089.86  161717.82  -189729.0  -189683.029   46.086   
   4500     44243.97    3.0938     1.8254     3.0194     1.7736     0.8169     0.0107    329.4057  2044.1831   41203.97  162186.23  -190305.0  -190259.905   45.448   
   4600     45153.97    3.0848     1.8169     3.0058     1.7647     0.704      0.0103    339.343   2060.3322   41078.47  161567.11  -189646.0  -189600.947   45.478   
   4700     46062.68    3.076      1.8046     3.0054     1.7596     0.9615     0.0125    320.3252  2072.9881   40997.4   161574.19  -189433.0  -189386.803   46.267   
   4800     46960.99    3.0736     1.8054     2.9924     1.7566     1.0675     0.0098    351.229   2039.1542   41038.15  161402.84  -189363.0  -189317.17   46.233   
   4900     47878.99    3.0761     1.8072     3.0011     1.7628     1.0735     0.0089    339.0796  2063.8782   41047.22  161475.18  -189616.0  -189570.509   45.807   
   5000     48797.99    3.077      1.8114     3.0089     1.7673     0.7508     0.0093    351.9641  2092.6919   40983.56  161424.59  -189477.0  -189432.14   45.063   
   5100     49726.84    3.0755     1.806      2.9927     1.7524     0.7479     0.0092    327.1157  2036.5933   40968.89   161060.4  -189070.0  -189024.399   45.39    
   5200     50641.3     3.0777     1.7974     2.9881     1.7404     0.8118     0.0087    289.5481  2068.5931   40859.32  160558.65  -188479.0  -188432.637   46.418   
   5300     51568.34    3.0635     1.7925     2.9855     1.7419     0.6726     0.009     313.9119   2049.085   40834.55  160489.15  -188611.0  -188564.92   46.327   
   5400     52479.84    3.0691     1.7954     2.9864     1.7425     0.6182     0.009     328.0035  2012.1398   40857.15  160572.09  -188597.0  -188549.551   47.033   
   5500     53388.39    3.0862     1.8044     2.9894     1.7461     0.5081     0.0184    326.9925  2031.6404   40974.16  160637.51  -188680.0  -188632.773   47.166   
   5600     54297.73    3.0737     1.7931     2.9817     1.7348     0.5223     0.0086    315.7943  2030.9194   40893.13   160420.5  -188400.0  -188353.367   46.524   
   5700     55209.11    3.0646     1.791      2.9921     1.746      0.8338     0.0089    348.7881  2060.9325   40930.83  160983.11  -188791.0  -188743.77   46.744   
   5800     56106.06    3.0571     1.7861     2.9763     1.7377     0.6594     0.0084    319.0221  2023.1339   40763.93   160268.3  -188285.0  -188238.452   46.484   
   5900     56972.66    3.0671     1.7937     2.9791     1.7392     0.6017     0.0082    309.9637  2024.6907   40772.57  160269.32  -188353.0  -188306.602   46.108   
   6000     57836.26    3.0601     1.7822     2.9765     1.7282     0.6802     0.0083    328.681   2022.9797   40666.96  159903.93  -187871.0  -187825.036   45.654   
   6100     58704.17    3.057      1.7781     2.9728     1.7247     0.703      0.0082    344.8809  2032.6269   40768.84  160172.51  -188047.0  -188000.609   46.012   
   6200     59570.45    3.0593     1.7838     2.9792     1.7302     0.7157     0.008     335.8192  1997.7486   40713.68  160202.81  -188244.0  -188197.898   46.396   
   6300     60436.2     3.0538     1.7884     2.9698     1.7261     0.5626     0.0087    290.6557  2022.3996   40704.64  159805.81  -187862.0  -187815.115   46.766   
   6400     61298.48    3.037      1.7804     2.9659     1.7294     0.7925     0.008     308.7108  2058.0242   40694.59  159840.62  -188071.0  -188024.232   47.183   
   6500     62157.92    3.0618     1.7884     2.9791     1.7378     0.5954     0.0081    345.1229  2054.3723   40869.68  160436.33  -188382.0  -188335.174   46.959   
   6600     63015.59    3.0721     1.7891     2.9777     1.731      0.6796     0.0076    329.4872  2014.0597   40819.03  160205.77  -188126.0  -188079.092   47.207   
   6700     63875.13    3.0657     1.7866     2.9678     1.7287     0.7465     0.0084    331.3998  2061.6124   40702.2   159793.02  -187919.0  -187871.332   48.055   
   6800     64732.83    3.0577     1.7873     2.9639     1.7278     0.5868     0.0073    306.1309  2068.9508   40696.47  159802.62  -187856.0  -187808.154   47.676   
   6900     65589.19    3.0536     1.7908     2.9707     1.7336     0.5481     0.0075    301.1317  2097.0884   40737.92  160057.01  -188336.0  -188289.008   47.19    
   7000     66444.67    3.0468     1.7881     2.9573     1.7308     0.5428     0.0077    324.6395  2085.7139   40748.02  159917.95  -188102.0  -188054.079   47.623   
   7100     67301.31    3.0495     1.7834     2.9607     1.7266     0.5542     0.0073    326.607   2107.8903   40677.57  159805.97  -187930.0  -187882.616   47.492   
   7200     68156.34    3.0402     1.7754     2.9557     1.7194     0.5031     0.0075    291.0257  2064.0288   40593.89  159371.68  -187603.0  -187556.059   47.131   
   7300     69011.84    3.0478     1.7836     2.9595     1.7273     0.6211     0.007     311.6546   2145.665   40679.56  159677.48  -187952.0  -187904.665   47.667   
   7400     69868.42    3.0353     1.7708     2.9544     1.7203     0.461      0.0069    279.8027  2062.6844   40482.25  159250.39  -187437.0  -187389.06   48.09    
   7500     70727.86    3.0425     1.7744     2.9577     1.7212     0.6475     0.0068    315.048   2085.0363   40520.36  159522.65  -187590.0  -187541.284   48.663   
   7600     71582.5     3.0347     1.773      2.9504     1.7146     0.5765     0.0067    305.4247  2047.2662   40532.26  159354.74  -187351.0  -187302.716    47.8    
   7700     72434.08    3.0353     1.7636     2.9539     1.7084     0.4697     0.0084    313.227   2033.0832   40579.43  159309.41  -187175.0  -187127.3    47.27    
   7800     73285.66    3.0361     1.7678     2.9558     1.7158     0.5216     0.0067    319.1918  2048.1374   40523.72  159322.04  -187409.0  -187360.092   48.443   
   7900     74137.99    3.0309     1.7687     2.9509     1.7132     0.5506     0.0068    299.0657  2028.1412   40507.7   159157.34  -187267.0  -187219.452   47.963   
   8000     74990.83    3.0398     1.7802     2.9557     1.7191     0.7446     0.0081    333.1134  2058.5095   40617.8   159572.32  -187701.0  -187653.251   48.022   
   8100     75841.84    3.0378     1.7709     2.9549     1.7205     0.6048     0.0068    323.5961  2046.9816   40586.57  159356.59  -187561.0  -187513.499   47.629   
   8200     76696.39    3.0422     1.7757     2.9547     1.7208     0.4873     0.0066    322.2892  2010.7851   40609.85  159378.49  -187510.0  -187462.458   47.65    
   8300     77549.09    3.0222     1.7653     2.9383     1.7105     0.4261     0.0068    318.3563  2053.2633   40423.92  158999.93  -187060.0  -187012.556   47.647   
   8400     78399.29    3.0334     1.7722     2.9473     1.7143     0.4064     0.009     309.9714  2078.3855   40550.44  159266.85  -187207.0  -187159.404   47.374   
   8500     79248.17    3.0345     1.7777     2.9464     1.7173     0.5616     0.0065    327.0452  2088.6967   40606.56   159394.2  -187460.0  -187412.68   47.315   
   8600     80096.96    3.0277     1.7658     2.9456     1.7128     0.5131     0.0064    320.7183  2068.0337   40492.49  159155.33  -187235.0  -187187.751   47.331   
   8700     80945.66    3.0342     1.7808      2.95      1.721      0.4849     0.007      307.77   2090.9305   40590.8    159447.4  -187581.0  -187534.653   46.653   
   8800     81793.39    3.0402     1.7753     2.9472     1.7132     0.5298     0.0063    313.2543  2062.7093   40540.58  159086.99  -187175.0  -187128.868   46.412   
   8900     82641.65    3.0366     1.7728     2.9416     1.7137     0.6286     0.0063    314.6685  2079.2966   40556.91  159184.49  -187350.0  -187302.767   47.171   
   9000     83491.32    3.0355     1.7684     2.9378     1.7064     0.5152     0.0062    290.2091  2033.1259   40494.85  158935.81  -186973.0  -186926.028   47.325   
   9100     84338.55    3.0304     1.7782     2.9436     1.7158     0.5625     0.0066    297.0399  2065.5907   40517.26  159244.85  -187209.0  -187161.527   47.798   
   9200     85186.13    3.0323     1.7775     2.9413     1.7199     0.6992     0.0063    308.2995  2086.3541   40626.45  159388.61  -187650.0  -187601.751   47.977   
   9300     86030.94    3.0361     1.7806     2.9457     1.7179     0.5271     0.0083    319.7627  2089.6247   40588.75   159166.5  -187385.0  -187337.912   47.232   
   9400     86877.76    3.0333     1.7696     2.9327     1.7057     0.4562     0.006     300.9804  2081.7089   40483.95  158788.98  -186822.0  -186775.389   47.054   
   9500     87723.54    3.0311     1.7722     2.936      1.7098     0.5646     0.0062    296.3397  2072.8587   40545.48  159003.57  -187136.0  -187088.827   46.838   
   9600     88569.81    3.0304     1.7696     2.9361     1.7088     0.5158     0.0063    307.3372  2067.9154   40490.73  158882.44  -187005.0  -186958.062   46.683   
   9700     89413.62    3.0245     1.7648     2.9423     1.7101     0.4532     0.0064    321.3463  2104.7466   40432.79  158989.73  -187181.0  -187134.03   46.877   
   9800     90257.22    3.0319     1.7694     2.9461     1.7131     0.5243     0.0062    332.135   2073.9931   40481.92   159114.3  -187393.0  -187345.959   47.426   
   9900     91100.6     3.0337     1.7719     2.9481     1.7138     0.547      0.006     335.4655  2040.1921   40524.52  159255.42  -187401.0  -187353.359   47.818   
  10000     91946.64    3.0193     1.766      2.9332     1.7082     0.3969     0.0058    295.1223  2051.5233   40414.44  158847.93  -186963.0  -186915.623   47.705   
  10100     92793.4     3.0293     1.7706     2.9405     1.7109     0.4505     0.0058    320.7777  2097.3043   40485.47  159047.73  -187128.0  -187080.658   47.692   
  10200     93633.14    3.0222     1.7635     2.9404     1.7111     0.6982     0.0058    302.8639  2088.6505   40431.53   159004.5  -187144.0  -187096.371   47.547   
  10300     94478.12     3.03      1.7808     2.9407     1.7195     0.6391     0.0059    332.5831   2113.246   40624.68  159509.62  -187743.0  -187694.979   47.689   
  10400     95319.79    3.0405     1.7876     2.9503     1.7285     0.8243     0.0054    358.106   2139.3029   40602.03  159816.49  -188012.0  -187964.476   47.151   
  10500     96161.04    3.0263     1.7646     2.9369     1.7044     0.4769     0.0056    308.9989  2027.0374   40441.06  158819.44  -186947.0  -186899.55   47.355   
  10600     97006.77    3.0313     1.7697     2.9335     1.7048     0.5727     0.0058    324.7231  2071.2221   40493.08   158908.2  -186876.0  -186828.773   47.639   
  10700     97848.03     3.02      1.7675     2.9369     1.7052     0.8269     0.0054    321.0426  2076.0647   40436.26  158820.14  -186826.0  -186778.825   47.358   
  10800     98689.44    3.0215     1.7627     2.932      1.7018     0.4837     0.0054    306.9561  2083.4965   40416.48  158675.85  -186653.0  -186605.406   47.202   
  10900     99528.82    3.0208     1.7628     2.9324     1.6997     0.4059     0.0054    305.6373  2054.2081   40366.02  158591.61  -186729.0  -186681.804   47.625   
  11000    100366.57    3.0295     1.7652     2.9376     1.7078     0.5259     0.0055    330.8056  2079.3226   40473.47  158909.39  -186898.0  -186850.523   47.79    
  11100    101208.84    3.025      1.7616     2.9285     1.7043     0.5494     0.0054    320.2227   2115.176   40431.42  158815.48  -186885.0  -186836.866   47.714   
  11200    102050.04    3.0313     1.7704     2.9268     1.7075     0.4217     0.0054    309.2109  2113.4352   40475.6   158778.07  -187044.0  -186995.706   48.117   
  11300    102887.27    3.0207     1.7643     2.9236     1.6997     0.4242     0.0055    304.699   2105.6189   40386.88   158603.8  -186675.0  -186626.866   48.043   
  11400    103724.37    3.028      1.765      2.9292     1.7015     0.5399     0.0051    295.6025  2098.9953   40413.19  158551.44  -186688.0  -186640.268   47.938   
  11500    104562.55    3.019      1.7638     2.9244     1.7034     0.4336     0.0054    311.3349  2133.3976   40361.25  158597.19  -186806.0  -186758.61   47.662   
  11600    105400.39    3.0115     1.7595     2.9242     1.7015     0.5048     0.0054    300.8839  2077.9991   40348.38  158622.42  -186676.0  -186629.359   46.622   
  11700    106237.11    3.0216     1.763      2.9385     1.7093     0.6434     0.0053    324.4968  2071.2334   40358.52  158795.33  -186889.0  -186842.149   46.447   
  11800    107075.18    3.0151     1.7691     2.928      1.7096     0.4079     0.0053    317.8872  2077.9589   40360.19  158791.06  -187088.0  -187041.317   46.743   
  11900    107913.03    3.0121     1.7585     2.9337     1.7102     0.5605     0.0053    310.563   2113.8723   40279.64  158868.56  -187135.0  -187088.383   46.987   
  12000    108749.05    3.0223     1.7584     2.9241     1.6976     0.5729     0.0059    314.5077  2068.6141   40319.84  158589.38  -186611.0  -186564.197   46.928   
  12100    109586.92    3.0287     1.764      2.9298      1.7       0.5174     0.0052    326.5758  2036.9238   40430.06  158687.75  -186599.0  -186551.029   47.667   
  12200    110424.79    3.0247     1.7598     2.9311     1.6992     0.4443     0.0055    320.0003  2045.3943   40409.5   158599.55  -186608.0  -186560.603   47.182   
  12300    111260.47    3.0299     1.7694     2.9259     1.7005     0.5042     0.0052    316.0565  2034.7461   40446.85  158561.43  -186521.0  -186473.533   47.103   
  12400    112098.84    3.0335     1.7762     2.9297     1.7036     0.422      0.0052    313.7262  2106.5437   40475.99  158696.93  -186691.0  -186644.715   46.624   
  12500    112937.92    3.0183     1.7678     2.9262     1.705      0.5283     0.0051    310.8545  2120.6989   40376.75  158624.04  -186870.0  -186823.478   46.801   
  12600    113772.79    3.0217     1.7654     2.9248     1.7022     0.4926     0.005     301.4023  2107.8399   40365.43   158446.8  -186724.0  -186677.685   46.142   
  12700    114607.55    3.0164     1.755      2.9214     1.6967     0.7613     0.005     301.7559  2079.4673   40306.42  158222.94  -186241.0  -186194.685   46.525   
  12800    115443.62    3.0272     1.769      2.9268     1.7026     0.5007     0.005     308.0915  2079.7501   40450.89   158653.4  -186745.0  -186697.404   47.131   
  12900     116281.3    3.0231     1.7641     2.925      1.7025     0.4958     0.0049    307.5533  2085.9274   40431.31   158514.0  -186850.0  -186803.066   46.966   
  13000    117118.43    3.0199     1.7621     2.9209     1.6968     0.6935     0.0051    317.9854  2086.7773   40370.64  158474.08  -186527.0  -186479.784   47.063   
  13100    117956.33    3.0179     1.7593     2.9165     1.6995     0.379      0.005     308.8612  2128.8525   40359.37   158413.0  -186597.0  -186548.916   47.694   
  13200    118793.12    3.0086     1.7501     2.9169     1.6946     0.3493     0.0049    312.4297  2103.9773   40254.2   158210.66  -186392.0  -186344.41   47.848   
  13300    119627.27    3.0214     1.7604     2.9195     1.699      0.4136     0.0046    308.7782  2091.5341   40374.29  158528.27  -186599.0  -186550.462   48.449   
  13400     120461.4    3.0091     1.7514     2.9119      1.69      0.6021     0.0048    286.448   2115.4866   40237.76  158101.09  -186214.0  -186165.636   48.217   
  13500     121295.8    3.0128     1.755      2.918      1.6948     0.4897     0.0048    308.0409  2107.0634   40240.7   158191.96  -186417.0  -186369.611   47.705   
  13600    122130.14    3.016      1.756      2.9183     1.6928     0.3954     0.0046    314.6637  2104.8686   40251.74  158113.52  -186207.0  -186158.931   47.837   
  13700    122967.22    3.0217     1.7613     2.9209     1.697      0.5184     0.0054    314.1426  2130.4882   40375.34  158499.28  -186408.0  -186360.378   47.898   
  13800    123806.94    3.0208     1.7655     2.915      1.6934     0.3915     0.0046    325.8066  2112.1775   40412.63   158360.8  -186560.0  -186512.587   47.822   
  13900    124644.56    3.005      1.7507     2.9139     1.6891     0.4084     0.0047    308.4224  2125.9942   40233.34  158025.77  -186190.0  -186142.465   47.668   
  14000    125489.47    3.0123     1.759      2.9207     1.6938     0.3905     0.0047    304.946   2130.2341   40320.89  158248.95  -186469.0  -186421.132   47.835   
  14100    126362.05    3.0093     1.7564     2.9194     1.6952     0.507      0.0048    318.5964  2093.2411   40322.54  158307.02  -186495.0  -186447.744   47.595   
  14200    127209.85    3.0126     1.7621     2.9224     1.7005     0.7394     0.0048    308.0944  2140.7879   40321.21   158472.3  -186666.0  -186618.582   47.323   
  14300     128063.9    3.0158     1.7598     2.9176     1.693      0.5406     0.0047    317.9105  2129.9832   40366.79  158467.03  -186624.0  -186576.602    47.7    
  14400    128930.96    3.0131     1.7522     2.9172     1.6901     0.4251     0.0046    327.9745  2141.8204   40241.24  158111.55  -186203.0  -186155.06   47.94    
  14500    129784.59    3.0102     1.7585     2.9136     1.6997     0.4034     0.0048    320.7759  2173.8756   40310.82  158472.17  -186677.0  -186629.211   47.45    
  14600    130636.17    3.0098     1.767      2.9115     1.6998     0.4707     0.0047    328.3196  2192.9672   40399.6   158561.67  -186847.0  -186799.201   47.64    
  14700    131475.88    3.0092     1.7687     2.9135     1.7004     0.4984     0.0044    315.1402  2148.2709   40363.29  158500.14  -186725.0  -186677.788   47.621   
  14800    132327.06    3.0136     1.7667     2.9147     1.6968     0.4032     0.0045    332.2484  2165.3136   40364.96  158292.48  -186503.0  -186455.657   47.203   
  14900    133192.13    3.0113     1.7686     2.9141     1.7009     0.5081     0.0045    324.4667   2183.332   40369.92  158415.27  -186695.0  -186647.615   47.878   
  15000    134053.86    3.0079     1.7564     2.9094     1.6918     0.4066     0.0044    300.3961  2134.1932   40291.54  158098.32  -186409.0  -186360.851   47.992   
  15100     134895.6    3.0086     1.7552     2.9067     1.6894     0.5119     0.0045    308.0588  2147.5018   40282.54  158061.04  -186272.0  -186223.96   47.695   
  15200    135756.24    3.0026     1.7537     2.9053     1.6917     0.3965     0.0043    294.6649  2130.9539   40288.84  158122.75  -186293.0  -186245.503   47.752   
  15300    136598.53    3.0025     1.7482     2.9104     1.6867     0.3449     0.0045    315.9369  2101.5956   40270.57   157964.5  -186074.0  -186025.804   48.171   
  15400    137440.74    3.013      1.7616     2.9141     1.6962     0.4233     0.0045    311.6613  2091.0233   40308.4   158113.36  -186284.0  -186235.466   48.261   
  15500    138279.21    3.0149     1.7567     2.9066     1.6871     0.351      0.0049    310.5997   2083.187   40303.92  157993.71  -186138.0  -186090.074   48.393   
  15600     139148.6    3.0077     1.7546     2.913      1.6947     0.4828     0.0042    331.6707  2077.5794   40322.13  158257.63  -186433.0  -186385.413   47.798   
  15700    139998.22    3.018      1.7563     2.9104     1.6906     0.3747     0.0043    293.0415  2098.8878   40337.23  158164.96  -186415.0  -186367.554   47.922   
  15800    140844.16    3.0132     1.7517     2.9056     1.6896     0.3657     0.0041    306.3725  2091.3593   40261.66  157887.59  -186072.0  -186024.644   47.802   
  15900    141714.81    3.0187     1.7634     2.9144     1.6934     0.3829     0.0045    305.986   2091.3728   40339.32  158098.34  -186377.0  -186329.254   47.831   
  16000    142582.67    3.014      1.7644     2.9165     1.7005     0.4744     0.0043    311.6219  2101.2666   40396.32  158572.35  -186944.0  -186896.207   47.859   
[ 0.00319047  0.92377726 -1.06686569 -1.12425284 -0.37553547  0.29785167
  1.07330512  1.40775284 -0.12000309  0.8172705   0.02932688  0.22320737
 -0.1909796  -1.06725537  0.32764903 -1.30939093 -0.06265305 -1.03287835
 -0.21553317  0.89254691]
[-1.62258455  0.33898275 -0.47829951 -0.51709    -1.21346364  0.20353549
  1.89042443  1.6334571   0.50971459  0.75503917  0.85519783  0.52131917
  0.78486215 -1.6001287   0.42462151  0.96735319 -0.09897314 -1.49458588
  0.23028884  0.85547952]
[ 1.05463004 -0.5524276  -0.7293237   0.86814116 -0.81612462  0.48859141
  1.2834511  -0.73542346  1.19117348  0.83742298  1.2896589  -0.98402926
  0.73866215 -0.99255293  1.35375322  1.02130429  0.8540514   0.97080287
 -0.6671548   1.30931888]
