Generating synthetic count valued data ... 
Generating synthetic  count valued data took:  17.22093367576599
max_count =  55  min count =  0
Evaluation for true params: 
 test_rsme | train_rsme | rel-te-err | rel-tr-err |  test_nll  |  train_nll |
2.6157905115 2.6387724419   1.50604       1.5161     159574.82    635256.82  
Factorizing with max_iteration = 16000  fixing covariance?:  False
Tensor dimensions:  [50, 50, 50]
Optimization metrics: 
Using Ada Grad
Mean update scheme:  S
Covariance update :  N
Using diagonal covariance?:  False
Random start? True
k1 samples =  64  k2 samples =  128
eta =  1.0  cov eta =  1.0  sigma eta =  1
iteration |   time   |test_rsme |rel-te-err|train_rsme|rel-tr-err|   d_mean  |   d_cov  |avg_grad_m|avg_grad_c| test_nll | train_nll |    VLB   |  E-term  |    KL     |   dw   |
    0         2.43     10.3738     6.6551    10.3734     6.6317     3.1623     0.3943     9.0033     6.9598   177725.76  708102.57  -1317267.0 -1317209.757   57.116     0.0285  
    5        606.63    10.3809     6.6568    10.3809     6.6342     3.1623     0.4025    73.3103     64.912   183075.12  729434.65  -1317502.0 -1317452.507   49.441     0.0019  
    10      1230.63    10.3909     6.6609    10.3887     6.6375     3.1623     0.4025    156.7863   142.548   182736.92  727765.72  -1314161.0 -1314117.139   44.225     0.0007  
    20      1877.21    10.4098     6.661     10.3968     6.6325     3.1623     0.4025    478.298    395.0194  181662.23  723281.88  -1300245.0 -1300205.599   39.184     0.0003  
    50      2597.07    10.0943     6.315     10.0466     6.266      3.1623     0.4025   2726.4103  1769.5606  172168.59  680427.76  -1103397.0 -1103345.943   51.002     0.0001  
   100      3402.57     6.3257     3.8366     6.2781     3.7893     3.1088     0.1152   6942.4973  5200.9428   77722.78  306650.81  -352048.0  -351997.955   49.843      0.0    
   200      4343.28     4.3899     2.7314     4.3903     2.7142     2.5951     0.0498   1207.6794  2083.8237   55898.8   223153.65  -250971.0  -250923.825   46.881     0.0001  
   300      5528.42     3.9252     2.4396     3.929      2.4231     1.8181     0.0459    629.0748  1983.0075   50550.28  201813.72  -230016.0  -229971.517   44.458      0.0    
   400      6729.58     3.8107     2.4046     3.8247     2.4036     1.8212     0.0423    558.8347  2216.2032   50358.51  201380.36  -229746.0  -229703.507   42.807      0.0    
   500      7922.56     3.7113     2.298      3.7211     2.3002     1.5873     0.0395    529.0712  2181.8061   48697.97  194461.77  -222936.0  -222893.741   42.043      0.0    
   600      9107.22     3.6047     2.1919     3.5972     2.1822     2.1967     0.0365    481.8955   2193.828   46937.09  187175.18  -214979.0  -214937.217   41.825      0.0    
   700      10274.84    3.5386      2.15      3.529      2.1341     1.542      0.0333    421.0365  2198.5274   46140.97  183670.06  -211410.0  -211367.753   42.651      0.0    
   800      11439.63    3.5005     2.1099     3.4932      2.1       1.4477     0.0308    432.3839  2193.4714   45569.5   181599.38  -209656.0  -209614.504   41.582      0.0    
   900      12595.7     3.4499     2.0769     3.4493     2.0692     0.9956     0.0284    418.8727  2121.3177   44937.27   178987.9  -207597.0  -207554.665   41.927      0.0    
   1000     13739.7     3.4369     2.0878     3.4254     2.0712     1.0598     0.0262    402.1322  2136.1311   44929.71  178570.43  -207761.0  -207719.494   41.21       0.0    
   1100     14880.86    3.3766     2.0399     3.3662     2.0249     0.8635     0.0259    369.1137  2170.6587   44168.27  175515.23  -204931.0  -204889.633   41.068      0.0    
   1200     16008.25    3.3555     2.025      3.345      2.0133     1.0917     0.0246    358.9072  2213.2247   43968.45  174746.12  -204248.0  -204205.484   42.258      0.0    
   1300     17128.35    3.3265     1.9873     3.3119     1.9744     0.8346     0.0232    328.3537  2200.2336   43401.99  172400.63  -202089.0  -202046.931   42.398      0.0    
   1400     18247.31    3.3215     1.9837     3.3045     1.971      1.1041     0.0206    353.5226  2178.7285   43333.34  172274.05  -202034.0  -201990.586   43.158      0.0    
   1500     19356.49    3.2887     1.9522     3.2652     1.9323     0.8038     0.0206     351.61   2121.1926   42958.71  170540.09  -199947.0  -199903.753   42.966      0.0    
   1600     20459.53    3.2717     1.9478     3.2471     1.9287     0.9426     0.0192    331.9888  2145.0858   42786.36  169811.86  -199493.0  -199450.339   42.67       0.0    
   1700     21556.91    3.2707     1.9498     3.2399     1.926      0.9796     0.0367    354.0383  2166.2356   42851.62  169706.67  -199492.0  -199449.593   42.253      0.0    
   1800     22656.15    3.2468     1.9403     3.2283     1.926      0.8459     0.0184    359.5801  2200.1732   42721.32  169421.12  -199472.0  -199429.177   43.18       0.0    
   1900     23751.69    3.231      1.9223     3.2062     1.902      0.776      0.0182    327.7151  2196.9049   42373.79  168155.87  -198234.0  -198190.477   43.559      0.0    
   2000     24841.45    3.2514     1.9431     3.2177     1.9222     0.9703     0.0169    388.8902  2225.7799   42724.04  169158.03  -199346.0  -199303.044   42.935      0.0    
   2100     25921.71    3.2224     1.9194     3.1858     1.8902     0.8558     0.0161    354.1883   2181.075   42362.46  167509.29  -197602.0  -197559.104   43.374      0.0    
   2200     27000.8     3.2062     1.9084     3.1671     1.883      0.856      0.016     345.5817  2236.0702   42277.96  167091.64  -197176.0  -197132.003   43.55       0.0    
