Generating synthetic count valued data ... 
Generating synthetic  count valued data took:  17.405004739761353
max_count =  52  min count =  0
Evaluation for true params: 
 test_rsme | train_rsme | rel-te-err | rel-tr-err |  test_nll  |  train_nll |
2.6464995749 2.6289161265   1.51876      1.50536     163417.29    651123.47  
Factorizing with max_iteration = 16000  fixing covariance?:  False
Tensor dimensions:  [50, 50, 50]
Optimization metrics: 
Using Ada Grad
Mean update scheme:  S
Covariance update :  N
Using diagonal covariance?:  False
Random start? True
k1 samples =  64  k2 samples =  128
eta =  1.0  cov eta =  1.0  sigma eta =  1
iteration |   time   |test_rsme |rel-te-err|train_rsme|rel-tr-err|   d_mean  |   d_cov  |avg_grad_m|avg_grad_c| test_nll | train_nll |    VLB   |  E-term  |    KL     |   dw   |
    0         7.24     10.4197     6.6658    10.3799     6.6311     3.1623     0.4025     5.8038   51948.2445 140375.42   559374.7  -651200.0  -651140.473   59.501      0.0    
    5        713.0     10.4203     6.6672    10.3794     6.632      3.1623     4.9923    61.3706   891147.321 140225.29  558261.52  -649931.0  -649877.723   53.664      0.0    
    10      1453.14     10.418     6.6656    10.3766     6.6308     3.1623     4.9923    138.068   1904201.1529 139783.65  556996.64  -648206.0  -648158.386   47.789      0.0    
    20      2213.38    10.4029     6.657     10.3616     6.6232     3.1623     4.9923    378.6549  6913613.2798 139163.59  554636.49  -644393.0  -644352.758   40.512      0.0    
    50      3160.65     10.013     6.2676     9.9536     6.2188     3.1623     4.9923   2183.3425  67762893.4105 129805.54  515223.17  -594425.0  -594377.924   47.246      0.0    
   100      4294.29     6.2982     3.7558     6.2484     3.7244     3.1401     5.142    4872.4148  3002824666760.633  69540.36  276512.62  -302233.0  -302188.491   44.028      0.0    
   200      5927.59     4.475      2.7522     4.4246     2.7201     2.9338     1.0448    888.6374  688207476.7912  52970.64  210333.91  -234200.0  -234157.104   42.738      0.0    
   300      7707.29     4.0114     2.4443     3.9468     2.4034     2.6115     5.1788    574.0589  7633967671.7358  48487.02  191936.21  -215731.0  -215686.831   43.788      0.0    
   400       9552.7     3.7506     2.2891     3.6756     2.237      1.7782     0.4192    433.3316  436815091.0424  46613.44  183919.21  -208385.0  -208341.845   43.389      0.0    
   500      11319.13    3.827      2.3114     3.7519     2.2625     1.9234     8.0008    489.3979  63620000.4336  46587.68   183852.9  -208406.0  -208363.035   42.956      0.0    
   600      12993.98    3.607      2.1781     3.5203     2.1186     1.0973     5.6871    383.8624  7034073.8065  45230.65   178326.2  -202857.0  -202814.246   42.806      0.0    
   700      14679.57    3.6353     2.1858     3.5461     2.1238     1.9262     4.6521    376.972   4960500.6721  44964.49  177034.46  -201510.0  -201469.938   40.455      0.0    
   800      16428.35    3.5751     2.176      3.4907     2.1191     1.169     21.9359    413.6102  153790894364.5154  44831.73  176671.39  -201215.0  -201173.97   40.79       0.0    
   900      18118.77    3.4554     2.0648     3.3772     2.0076     1.2541     1.7246    299.1124  18052013.5703  43500.63  171508.34  -196227.0  -196187.602   39.819      0.0    
   1000     19872.64    3.4103     2.0513     3.3249     1.989      0.8906     0.801     274.7686  18940477.5167  43298.04  170450.77  -195272.0  -195232.718   39.633      0.0    
   1100     21649.04    3.4279     2.0463     3.3252     1.9727     1.5497     3.6749    287.6466  43228027.7121  43062.0   169464.61  -194565.0  -194524.982   39.938      0.0    
   1200     23420.8     3.3588     2.0111     3.2651     1.9511     0.9738     0.739     275.3436  27537654.4268  42743.49  168488.13  -193642.0  -193602.295   39.418      0.0    
   1300     25182.49    3.3485     1.9943     3.2444     1.9275     1.0206      0.87     271.9932  40728176.0413  42538.94  167424.34  -192531.0  -192489.888   41.059      0.0    
   1400     26945.73    3.3501     1.9841     3.2421     1.918      1.1768     1.916     286.6215  4644299.4172  42502.81  167193.21  -192168.0  -192127.057   40.867      0.0    
