Generating synthetic count valued data ... 
Generating synthetic  count valued data took:  17.139556407928467
max_count =  55  min count =  0
Evaluation for true params: 
 test_rsme | train_rsme | rel-te-err | rel-tr-err |  test_nll  |  train_nll |
2.6157905115 2.6387724419   1.50604       1.5161     159574.82    635256.82  
Factorizing with max_iteration = 16000  fixing covariance?:  False
Tensor dimensions:  [50, 50, 50]
Optimization metrics: 
Using Ada Grad
Mean update scheme:  S
Covariance update :  N
Using diagonal covariance?:  False
Random start? True
k1 samples =  64  k2 samples =  128
eta =  1.0  cov eta =  1.0  sigma eta =  1
iteration |   time   |test_rsme |rel-te-err|train_rsme|rel-tr-err|   d_mean  |   d_cov  |avg_grad_m|avg_grad_c| test_nll | train_nll |    VLB   |  E-term  |    KL     |   dw   |
    0         6.32     10.3725     6.6547    10.3723     6.6316     3.1623     0.4025     7.2588   65715.556  140869.68  560927.95  -652937.0  -652879.633   57.607      0.0    
    5        614.73    10.3719     6.6551    10.3716     6.6324     3.1623    18.2147    60.3126   816847.274 140721.19  560400.92  -651595.0  -651543.545   51.574      0.0    
    10       1230.1     10.368     6.6526    10.3673     6.6299     3.1623    18.2147    141.8067  2096637.2577 140168.54  558995.59  -649483.0  -649437.491    45.1       0.0    
    20       1882.1    10.3513     6.642     10.3436     6.6157     3.1623    18.2147    369.5739  6819631.9921 139497.85  555602.34  -644879.0  -644840.92   38.435      0.0    
    50      2668.02     9.9006     6.2123     9.8705     6.1686     3.1623    65.9797   2390.2341  239384184567.5286 127498.62  505119.53  -583032.0  -582970.584   61.021      0.0    
   100      3603.41     6.0045     3.6747     5.9858     3.6372     3.1073    66.0694    4811.512  85143130539257.73  67024.29  265775.48  -292442.0  -292388.712   53.453      0.0    
   200       4875.9     4.4326     2.7352     4.4247     2.7076     2.7722     1.3288    892.6923  1885555085.4779  52370.03  208275.97  -232207.0  -232156.433   50.487      0.0    
   300      6369.77     3.9082     2.4251     3.9025     2.4045     1.9033    50.9204    573.0472  437589520.098  48310.56  192245.61  -216495.0  -216441.652   53.103      0.0    
   400      7883.15     3.7471     2.3037     3.7308     2.2807     1.4195     8.0988    470.0769  193637226.6733  46790.9    186093.6  -210465.0  -210412.244   52.259      0.0    
   500      9414.79     3.6424     2.224      3.624      2.2062     1.2621     3.1758    382.3902  115580502.6732  45791.16  181886.31  -206573.0  -206521.844   51.543      0.0    
   600      10992.97    3.6709     2.245      3.6567     2.2232     2.2404     8.4073    410.972   6107624340.4868  45712.01  181697.14  -206584.0  -206531.31   52.705      0.0    
   700      12564.26    3.5311     2.1605     3.4965     2.1304     1.1223     2.3156    330.2297  59137107.8959  44723.57   177441.8  -202555.0  -202503.902   51.46       0.0    
   800      14168.17    3.4735     2.1139     3.4556     2.0928     0.9038     2.2207    316.9061  81875827.9438  44086.27  175304.89  -200276.0  -200225.315   50.692      0.0    
   900      15752.87    3.506      2.1091     3.4622     2.0749     1.4845     4.0722    308.8387  53863920.9902  44187.8   174840.45  -199737.0  -199687.206   49.504      0.0    
   1000     17290.49    3.5278     2.1353     3.4774     2.0967     1.3455    21.4627    320.4539  48181624.695  44498.03  175757.51  -200893.0  -200843.6    49.852      0.0    
   1100     18831.82    3.5806     2.1581     3.5489     2.1246     2.2401    79.8944    553.6681  48257408.0006  44560.17   176710.7  -201525.0  -201474.022   51.173      0.0    
   1200     20375.54    3.4309     2.0661     3.4068     2.0399     1.1803     0.8838    337.5278  28451509.1135  43599.34  173070.68  -197756.0  -197704.638   50.908      0.0    
   1300     21987.47    3.409      2.0394     3.3729     2.0064     1.1194     5.1836    309.457   8556890.8465  43318.4   171705.21  -196330.0  -196277.441   52.697      0.0    
   1400     23593.22    3.4298     2.0299     3.3963     2.0033     1.7813     4.7723    336.9024  5641015.9717  43187.29  171212.13  -195776.0  -195724.037   51.592      0.0    
   1500     25192.71    3.3284     1.9864     3.2944     1.9561     1.161      1.7871    289.449   14494570.9715  42652.82  168774.48  -193693.0  -193642.406   50.634      0.0    
   1600     26825.29    3.3053     1.9688     3.2648     1.9341     0.7196     0.4773    257.7753  12344012.4159  42353.64  167713.25  -192716.0  -192665.427   50.759      0.0    
   1700     28458.75    3.2877     1.9453     3.2434     1.9102     0.889      0.2391    275.5836  12020964.5304  42272.76  167183.11  -192103.0  -192052.004   50.582      0.0    
   1800     30089.19    3.2804     1.9428     3.2332     1.9044     0.9982     13.096    291.1376  11698221.0338  42331.33  167325.57  -192182.0  -192131.972   50.433      0.0    
   1900     31672.1     3.2872     1.9486     3.2357     1.9041     1.1072     1.3127    300.9647  23816644.7142  42231.26  166804.39  -191763.0  -191713.011   50.191      0.0    
   2000     33265.64    3.3488     1.9634     3.3077     1.922      2.5382    56.6744    405.9145  4666787408960.858  42353.39  167358.74  -192255.0  -192203.388   51.12       0.0    
   2100     34793.48    3.2747     1.9183     3.2256     1.879      0.9829     0.0822    276.4816  70913312.7741  41895.43  165719.64  -190452.0  -190401.449   50.713      0.0    
   2200     36400.79    3.2317     1.8975     3.1824     1.8607     1.0864     0.2461    287.0627  8903675.5555  41714.3   164862.53  -189806.0  -189755.572   50.629      0.0    
   2300     38021.94    3.2775     1.9242     3.2055     1.8744     1.6464     5.5795    296.8538  15808214.2615  41780.51  164817.82  -189913.0  -189863.036   49.693      0.0    
   2400     39613.14    3.2351     1.9114     3.1636     1.8626     1.356      3.5717    286.0408  19634592.9641  41707.67  164469.19  -189428.0  -189377.262   50.247      0.0    
   2500     41220.19    3.2139     1.8977     3.143      1.8555     1.3065     0.0678    294.0404  769823.5904  41604.87  164189.04  -189204.0  -189153.638   50.497      0.0    
   2600     42843.01    3.1825     1.885      3.126      1.8444     1.0433     0.1878    291.2767  12377722.6982  41488.99  163882.07  -189027.0  -188976.201   50.475      0.0    
   2700     44461.38    3.1631     1.8598     3.0974     1.8135     1.7176     0.1183    283.8481  4806713118311.13  41284.52  163023.03  -187779.0  -187729.25   49.885      0.0    
   2800     46086.98    3.1631     1.8604      3.11      1.8177     1.0621     3.0241    299.6153  5041550.4577  41254.93  162949.09  -188017.0  -187967.435   49.292      0.0    
   2900     47690.65    3.3248      1.93      3.2355     1.8733     2.582     27.7528    402.6971  197364262999.6954  41827.28  164716.73  -189866.0  -189818.005   48.488      0.0    
   3000     49202.05    3.2051     1.8832     3.1237     1.8298     0.6432     0.1698    270.4545  18590983.3296  41310.05  162890.63  -188128.0  -188079.388   48.341      0.0    
   3100     50801.97    3.1517     1.8558     3.0778     1.806      0.7753     0.1898    287.3009  2305589.5839  41172.15  162521.73  -187629.0  -187580.522   48.665      0.0    
   3200     52407.15    3.1483     1.8689     3.0764     1.8192     1.2654     0.1317    311.1788  17256643.2241  41318.49  163033.04  -188182.0  -188134.36   48.019      0.0    
   3300     54003.16    3.268      1.9078     3.1838     1.8551     2.3615    60.6708    430.8674  19136455785109.395  41691.67  164480.12  -189647.0  -189597.97   49.112      0.0    
   3400     55522.0     3.1707     1.8717     3.089      1.8139     0.8638     0.0137    283.3093  30641033.2832  41238.6   162578.86  -187845.0  -187795.446   49.116      0.0    
   3500     57128.03    3.1356     1.848      3.0512     1.7908     0.8593     0.0275    279.4254  31209284.702  41014.46   161716.8  -186763.0  -186713.968   49.082      0.0    
   3600     58741.0     3.1284     1.8419     3.0393     1.7841     0.6776     0.0831    269.5224  97294953.6361  41008.29   161557.3  -186641.0  -186592.19   49.216      0.0    
   3700     60360.55    3.1267     1.8413     3.0411     1.784      0.9369     0.0419    273.494   2632929.7634  40998.36  161570.73  -186573.0  -186523.855   49.186      0.0    
   3800     61985.71    3.1099     1.8278     3.029      1.772      0.8378     0.1151    281.7285  1863077.5449  40874.73  161155.36  -186158.0  -186108.836   49.663      0.0    
