Generating synthetic count valued data ... 
Generating synthetic  count valued data took:  12.32065463066101
max_count =  39  min count =  0
Evaluation for true params: 
 test_rsme | train_rsme | rel-te-err | rel-tr-err |  test_nll  |  train_nll |
0.2444335923 0.2439155157 0.1700273363 0.1694225528  164279.27    654976.61  
Using  0.05 of training data
Factorizing with max_iteration = 10000  fixing covariance?:  False
Tensor dimensions:  [50, 50, 50]
Optimization metrics: 
Using Ada Grad
Mean update scheme:  S
Covariance update :  N
Using diagonal covariance?:  False
k1 samples =  64  k2 samples =  64
eta =  1  cov eta =  0.001  sigma eta =  1
iteration |   time   |test_rsme |rel-te-err|train_rsme|rel-tr-err|  d_mean  |   d_cov  | test_nll | train_nll  |   dw   |
    50       69.92      9.5411     6.5372     9.5436     6.5261     0.3162     0.2092    91772.72   18305.64    0.0001  
   100       364.23     9.5519     6.5444     9.5432     6.5139     0.2776     0.1012    92165.97   18474.33    0.0001  
   200       734.01     9.569      6.5551     9.5432     6.5145     0.236      0.0487    93117.67   18546.8      0.0    
   500      1409.58     9.5773     6.5633     9.5605     6.528      0.1609     0.0186    93939.87   18645.09     0.0    
   1000     2391.67     9.2999     6.3694     9.2848     6.3315     0.1713     0.0092    85015.67   16969.45     0.0    
   1500     3376.42     7.1211     4.7647     7.057      4.7046     0.1952     0.0071    59810.43   11912.53     0.0    
   2000     4357.05     8.9321     6.1509     8.9668     6.1894     0.1757     0.007     58460.93   11659.39     0.0    
   2500     5350.24    26.1166    19.6203    26.2833    19.7241     0.163      0.0064   107019.69   21338.16     0.0    
   3000      6391.9    53.0755    40.4317    53.1889    40.4642     0.1393     0.0056   228203.72   45726.33     0.0    
   3500     7373.17    88.3808    67.4651     88.497    67.4757     0.1226     0.0051   277055.37   55053.15     0.0    
   4000     8361.91    131.4707   100.3699   131.5452   100.322     0.1109     0.0044   279053.56   55424.46     0.0    
   4500     9329.24    181.7527   138.7598   181.8373   138.6889    0.103      0.0039   279992.98   55657.12     0.0    
   5000     10300.85   239.0443   182.492    239.3443   182.5437    0.0972     0.0034   280748.19   55740.25     0.0    
   5500     11269.8     303.02    231.337    303.1163   231.1913    0.0935     0.003    281209.43   55842.93     0.0    
   6000     12236.02     inf        inf        inf        inf       0.0902     0.0027      nan        nan        0.0    
   6500     13197.96     inf        inf        inf        inf       0.0857     0.0024      nan        nan        0.0    
   7000     14151.59     inf        inf        inf        inf       0.0823     0.0021      nan        nan        0.0    
   7500     15103.95     inf        inf        inf        inf       0.0962     0.002       nan        nan        0.0    
   8000     16057.56     inf        inf        inf        inf       0.0775     0.0018      nan        nan        0.0    
   8500     16999.09     inf        inf        inf        inf       0.0745     0.0016      nan        nan        0.0    
   9000     17935.39     inf        inf        inf        inf       0.0726     0.0015      nan        nan        0.0    
   9500     18869.93     inf        inf        inf        inf       0.0706     0.0014      nan        nan        0.0    
  10000     19810.71     inf        inf        inf        inf       0.0735     0.0013      nan        nan        0.0    
[4.14454291 4.33498314 4.26550142 3.97664683 4.31963372 3.90838353
 4.34260571 4.24161576 4.19935192 4.24840638 4.20342768 4.37324202
 4.2883782  4.27588952 4.21830944 4.2393759  4.21060376 4.24287155
 4.03357039 4.25171357]
[4.09833876 4.22266732 4.13468898 3.94640952 4.33310911 3.86824084
 4.2170805  4.25917283 4.38399818 4.09576536 4.35985968 4.36299556
 4.20573787 4.19963189 4.20826919 4.12997502 4.08144022 4.19709498
 3.97796729 4.10169667]
[4.25867023 4.4346208  4.37922336 4.0867485  4.12724986 3.87468232
 4.39655203 4.15363088 4.36563666 4.18944562 4.27633217 4.25548687
 4.19521858 4.08678815 4.35976842 4.13346565 4.06159947 4.09246423
 4.03767947 4.31608645]
