Generating synthetic count valued data ... 
Generating synthetic  count valued data took:  12.40566086769104
max_count =  39  min count =  0
Evaluation for true params: 
 test_rsme | train_rsme | rel-te-err | rel-tr-err |  test_nll  |  train_nll |
0.2782838871 0.2770896722 0.1876901461 0.1867527086  163504.21    651758.22  
Using  0.05 of training data
Factorizing with max_iteration = 10000  fixing covariance?:  False
Tensor dimensions:  [50, 50, 50]
Optimization metrics: 
Using Ada Grad
Mean update scheme:  S
Covariance update :  N
Using diagonal covariance?:  False
k1 samples =  64  k2 samples =  64
eta =  1  cov eta =  0.001  sigma eta =  1
iteration |   time   |test_rsme |rel-te-err|train_rsme|rel-tr-err|  d_mean  |   d_cov  | test_nll | train_nll  |   dw   |
    50       72.18      9.547      6.5428     9.5423     6.514      0.3162     0.2088    91792.99   18294.71    0.0002  
   100       373.38     9.5466     6.5352     9.5424     6.5126     0.2805     0.1014    92620.23   18482.04    0.0001  
   200       752.85     9.5669     6.5536     9.5439     6.5199     0.2298     0.0486    93217.02   18517.95     0.0    
   500      1444.43     9.5783     6.568      9.5676     6.537      0.1748     0.0187    93930.62   18726.96     0.0    
   1000     2454.15     9.5344     6.5384     9.5227     6.5096     0.139      0.0089    92332.65   18548.53     0.0    
   1500     3453.72     8.5002     5.743      8.4924     5.6923     0.2037     0.0063    70940.09   14184.98     0.0    
   2000     4451.84     6.3307     4.4579     6.3603     4.4952     0.202      0.0061    55005.19   10967.48     0.0    
   2500     5485.77    20.2259    14.9429     20.321    14.9987     0.1621     0.0061    85343.96   17131.55     0.0    
   3000      6468.3    45.8712    34.8662    46.1478    35.0156     0.1375     0.0058   199697.77   40019.98     0.0    
   3500      7450.7    79.9476    60.9578    80.2021    61.0878     0.1222     0.0052   273903.42   54448.64     0.0    
   4000      8443.0    121.7935   92.9117    121.9771   92.9472     0.111      0.0045   277876.74   55242.03     0.0    
   4500     9427.05    171.0596   130.4978   171.1673   130.4477    0.1031     0.0039   278271.82   55299.02     0.0    
   5000     10407.74   227.3391   173.4093   227.5132   173.3626    0.0977     0.0034   279048.12   55451.56     0.0    
   5500     11383.24   290.2985   221.4501   290.5365   221.4028    0.0926     0.0031    280047.2   55664.93     0.0    
   6000     12355.39     inf        inf        inf        inf       0.0902     0.0027      nan        nan        0.0    
   6500     13321.49     inf        inf        inf        inf       0.0858     0.0024      nan        nan        0.0    
   7000     14289.16     inf        inf        inf        inf       0.0822     0.0022      nan        nan        0.0    
   7500     15258.39     inf        inf        inf        inf       0.079      0.002       nan        nan        0.0    
   8000     16219.16     inf        inf        inf        inf       0.0768     0.0019      nan        nan        0.0    
   8500     17170.31     inf        inf        inf        inf       0.0747     0.0017      nan        nan        0.0    
   9000     18116.76     inf        inf        inf        inf       0.0734     0.0015      nan        nan        0.0    
   9500     19062.0      inf        inf        inf        inf       0.0686     0.0014      nan        nan        0.0    
  10000     20007.61     inf        inf        inf        inf       0.0678     0.0013      nan        nan        0.0    
[4.40509343 4.26044183 4.23619137 4.17634845 4.22770541 4.2516051
 4.17740238 4.12248516 4.22680493 4.10599161 4.29158277 4.24052303
 4.16492534 4.19556482 4.12191728 4.20947596 4.17675046 4.11284386
 4.29562248 4.18124615]
[4.20947177 4.16721394 4.11813702 4.15022384 4.29342683 4.17942943
 4.27642635 4.08163119 4.1486863  4.29877046 4.09047038 4.0883676
 4.04658544 4.06644677 4.12461656 4.11179215 4.17095706 4.13997467
 4.14907532 4.22625952]
[4.31885415 4.17008727 4.01451785 4.1596697  4.3059036  4.15996382
 4.25877285 4.11223682 3.97344649 4.25725827 4.01274622 4.11584469
 4.05668316 4.14001288 4.13748458 4.06409733 4.0398968  3.90091404
 4.14724433 4.15082845]
