Generating synthetic count valued data ... 
Generating synthetic  count valued data took:  11.863298416137695
max_count =  39  min count =  0
Evaluation for true params: 
 test_rsme | train_rsme | rel-te-err | rel-tr-err |  test_nll  |  train_nll |
0.2444335923 0.2439155157 0.1700273363 0.1694225528  164546.67    656052.87  
Using  0.05 of training data
Factorizing with max_iteration = 10000  fixing covariance?:  False
Tensor dimensions:  [50, 50, 50]
Optimization metrics: 
Using Ada Grad
Mean update scheme:  S
Covariance update :  N
Using diagonal covariance?:  False
k1 samples =  64  k2 samples =  64
eta =  1  cov eta =  0.001  sigma eta =  1
iteration |   time   |test_rsme |rel-te-err|train_rsme|rel-tr-err|  d_mean  |   d_cov  | test_nll | train_nll  
    50       70.35      9.5878     6.547      9.5846     6.5192     0.3162     0.2223    96201.47   19204.2   
   100       310.26     9.5885     6.5495     9.5873      6.53      0.2759     0.1079    96554.32   19374.35  
   200       626.77     9.6053     6.5599     9.6001     6.534      0.2353     0.0521    97834.57   19486.37  
   500       1247.2     9.6311     6.5818     9.6194     6.5523     0.1776     0.0197    98993.67   19769.04  
   1000     2175.07     9.6226     6.5777     9.605      6.5453     0.1434     0.0096    98525.98   19672.04  
   1500     3103.62     8.8694     6.0065     8.8455     5.9602     0.1911     0.0065    77088.63   15347.96  
   2000     4046.68     6.0186     4.1406     5.999      4.1129     0.1868     0.006     54946.37   10948.63  
   2500     4980.77    15.2358    10.9624     15.35     11.0444     0.1694     0.006     72254.89   14376.39  
   3000     5912.89     37.257    28.2398    37.3068    28.2497     0.1512     0.0057   162527.41   32528.34  
   3500     6835.56    68.2512    52.0385    68.3075     52.028     0.1302     0.0051    265621.1   52814.42  
   4000     7772.15     107.18    81.8008    107.294    81.8116     0.1164     0.0044   278391.93   55299.2   
   4500     8710.34    153.9347   117.475    153.9891   117.4043    0.1079     0.0039   279358.06   55516.55  
   5000     9650.83    207.8966   158.6739   208.0173   158.5888    0.0999     0.0035   280351.43   55686.85  
   5500     10588.96   268.5162   204.9423   268.4422   204.6657    0.0993     0.003    280899.06   55796.14  
   6000     11518.12     inf        inf        inf        inf       0.092      0.0027      nan        nan     
   6500     12422.96     inf        inf        inf        inf       0.0885     0.0025      nan        nan     
   7000     13318.74     inf        inf        inf        inf       0.0844     0.0022      nan        nan     
   7500     14210.6      inf        inf        inf        inf       0.0796     0.0021      nan        nan     
   8000     15094.75     inf        inf        inf        inf       0.0828     0.0018      nan        nan     
   8500     15981.02     inf        inf        inf        inf       0.0755     0.0017      nan        nan     
   9000     16858.96     inf        inf        inf        inf       0.0734     0.0016      nan        nan     
   9500     17727.15     inf        inf        inf        inf       0.0742     0.0014      nan        nan     
  10000     18596.85     inf        inf        inf        inf       0.0729     0.0014      nan        nan     
[4.13562383 4.03425493 4.2391372  4.26030464 4.02722715 4.18347311
 4.21500362 4.05750783 4.25850493 4.04814479 4.30942649 4.17584815
 3.96839535 3.9622511  4.22496472 4.01564426 4.23407865 4.27145105
 4.12256506 4.26466217]
[4.20312152 4.08892426 4.07964157 4.23236283 3.96010064 4.33109731
 4.25066947 4.32277829 4.27718306 4.24051634 4.16942398 4.1846627
 3.81105499 3.8900489  4.07437058 3.98202746 4.15980294 4.20753249
 4.27534024 4.11218401]
[4.19085363 4.1682291  4.12033966 4.17993687 4.15400172 4.25634845
 4.31680062 4.17626611 4.21507725 4.00339762 4.38787817 4.14563503
 3.98066102 3.9903791  4.07679816 3.88013659 4.07050494 4.19348917
 4.17673913 4.17108263]
