Generating synthetic count valued data ... 
Generating synthetic  count valued data took:  11.231545686721802
max_count =  39  min count =  0
Evaluation for true params: 
 test_rsme | train_rsme | rel-te-err | rel-tr-err |  test_nll  |  train_nll |
0.2782838871 0.2770896722 0.1876901461 0.1867527086   164588.7    656124.92  
Using  0.05 of training data
Factorizing with max_iteration = 10000  fixing covariance?:  False
Tensor dimensions:  [50, 50, 50]
Optimization metrics: 
Using Ada Grad
Mean update scheme:  S
Covariance update :  N
Using diagonal covariance?:  False
k1 samples =  64  k2 samples =  64
eta =  1  cov eta =  0.001  sigma eta =  1
iteration |   time   |test_rsme |rel-te-err|train_rsme|rel-tr-err|  d_mean  |   d_cov  | test_nll | train_nll  
    50       69.38      9.5836     6.5405     9.5746     6.5169     0.3162     0.2223    95810.52   19152.4   
   100       307.1      9.5956     6.5503     9.5915     6.5262     0.2774     0.1079    97200.7    19405.89  
   200       619.9      9.6113     6.5603     9.5983     6.5409     0.2243     0.0519    97700.76   19533.29  
   500      1233.96     9.6282     6.5792     9.6126     6.5468     0.1648     0.0197    99056.22   19733.24  
   1000     2152.03     9.5962     6.5606     9.5933      6.54      0.1423     0.0096    97672.8    19435.77  
   1500     3072.45     8.5072     5.7273     8.509      5.6932     0.2045     0.0067    71681.45   14343.77  
   2000     3996.18     6.409      4.4942     6.4439     4.5159     0.1981     0.0062    55018.12   10975.84  
   2500     4923.75    20.5328    15.1929    20.6399    15.2549     0.162      0.0062    88249.19   17686.99  
   3000     5855.93    46.1555    35.0981    46.2934    35.1447     0.1373     0.0057   204960.62   41295.84  
   3500     6792.56    80.1976    61.1739    80.3588    61.2229     0.1222     0.005    274582.12   54640.41  
   4000      7753.1    122.0715   93.1485    122.2863   93.2272     0.1112     0.0044   277942.38   55266.43  
   4500      8696.7    171.4263   130.7817   171.7603   130.9115    0.1047     0.0039   278438.17   55307.35  
   5000     9649.07    227.7723   173.7929   227.8927   173.6906    0.0974     0.0034    279243.9   55504.95  
   5500     10588.7    290.796    221.8682   290.9879   221.7932    0.1072     0.0031    280184.9   55629.05  
   6000     11523.56     inf        inf        inf        inf       0.1054     0.0027      nan        nan     
   6500     12454.85     inf        inf        inf        inf       0.0925     0.0025      nan        nan     
   7000     13386.0      inf        inf        inf        inf       0.0825     0.0021      nan        nan     
   7500     14318.62     inf        inf        inf        inf       0.0789     0.002       nan        nan     
   8000     15252.87     inf        inf        inf        inf       0.0882     0.0018      nan        nan     
   8500     16175.32     inf        inf        inf        inf       0.0744     0.0016      nan        nan     
   9000     17096.16     inf        inf        inf        inf       0.0723     0.0015      nan        nan     
   9500     18013.69     inf        inf        inf        inf       0.0717     0.0015      nan        nan     
  10000     18923.93     inf        inf        inf        inf       0.0757     0.0013      nan        nan     
[4.26189623 4.20026978 4.16555819 4.16713766 4.18578388 4.22275082
 4.1808641  4.2053263  4.21102103 4.21510651 4.02772598 4.14414909
 4.18379519 4.33369466 4.08970567 4.34660138 4.15988664 4.23300481
 4.19578286 4.13890801]
[4.2960259  4.16780723 4.18228817 4.04658603 4.27055097 4.14204449
 4.11840177 4.33426641 4.35329672 4.20004915 4.01318077 4.19782071
 4.12739654 4.05617059 4.0026279  4.30563672 4.3556058  4.35047574
 4.09146225 4.09453457]
[4.14496684 4.09253811 4.14307195 4.14893901 4.1463454  4.19739148
 4.08970361 4.26060852 4.28345659 4.0854746  3.82971864 4.18236408
 4.34550276 4.1956997  4.18128103 4.18367778 4.00253269 4.29667057
 4.3131439  4.13057747]
