Generating synthetic count valued data ... 
Generating synthetic  count valued data took:  11.462262868881226
max_count =  39  min count =  0
Evaluation for true params: 
 test_rsme | train_rsme | rel-te-err | rel-tr-err |  test_nll  |  train_nll |
0.2321933449 0.2317206109 0.1642014186 0.1635717557   164585.4    656063.03  
Using  0.05 of training data
Factorizing with max_iteration = 10000  fixing covariance?:  False
Tensor dimensions:  [50, 50, 50]
Optimization metrics: 
Using Ada Grad
Mean update scheme:  S
Covariance update :  N
Using diagonal covariance?:  False
k1 samples =  64  k2 samples =  64
eta =  1  cov eta =  0.001  sigma eta =  1
iteration |   time   |test_rsme |rel-te-err|train_rsme|rel-tr-err|  d_mean  |   d_cov  | test_nll | train_nll  
    50       93.04      9.5859     6.5405     9.568      6.507      0.3162     0.2227    95965.74   19241.39  
   100       369.19     9.5958     6.5517     9.5858     6.5263     0.281      0.1076    96671.84   19264.15  
   200       747.51     9.6047     6.5552     9.5933     6.5277     0.2217     0.0521    97547.55   19551.98  
   500      1525.96     9.6234     6.5728     9.6218     6.5502     0.1602     0.0198    98727.57   19731.68  
   1000      2704.0     9.6163     6.5784     9.5975     6.5399     0.1431     0.0096    98351.76   19755.83  
   1500      3878.3     8.7347     5.9035     8.7285     5.867      0.204      0.0066    74857.8    14937.28  
   2000     5058.29     6.0971     4.2597     6.1103     4.2489     0.204      0.006     54716.56   10911.51  
   2500     6233.51    18.8963    13.8875    19.0102    13.9318     0.1628     0.0061    82973.81   16482.27  
   3000     7402.49    44.0377    33.4352     44.126    33.4613     0.1382     0.0057   195221.73   39105.67  
   3500     8569.78    77.6459    59.1878    77.8215    59.2502     0.1224     0.0051   273842.74   54378.23  
   4000     9739.14    119.0797    90.832    119.2017   90.8305     0.1122     0.0045   278519.74   55353.52  
   4500     10918.74   167.9471   128.0882   168.1508   128.1404    0.1039     0.0038   279675.71   55546.47  
   5000     12100.79   223.9829   170.8277   224.1389   170.7789    0.0978     0.0035   280565.95   55647.85  
   5500     13280.08     inf        inf      286.6418   218.3801    0.0949     0.003    280830.75   55785.82  
   6000     14457.81     inf        inf        inf        inf       0.0903     0.0027      nan        nan     
   6500     15631.22     inf        inf        inf        inf       0.0878     0.0024      nan        nan     
   7000     16793.82     inf        inf        inf        inf       0.1026     0.0022      nan        nan     
   7500     17947.67     inf        inf        inf        inf       0.079      0.002       nan        nan     
   8000     19095.12     inf        inf        inf        inf       0.0764     0.0018      nan        nan     
   8500     20241.13     inf        inf        inf        inf       0.0746     0.0016      nan        nan     
   9000     21383.7      inf        inf        inf        inf       0.0884     0.0015      nan        nan     
   9500     22526.0      inf        inf        inf        inf       0.071      0.0014      nan        nan     
  10000     23669.56     inf        inf        inf        inf       0.0685     0.0013      nan        nan     
[4.08707902 4.07477995 4.17032881 4.14087594 4.2223977  4.18971844
 4.10179294 4.15159958 4.29108479 4.13384575 4.21899366 4.02566109
 4.17233941 4.15031937 4.18710339 4.14976909 4.1823458  4.2242121
 4.31709969 4.15375438]
[4.26118022 4.19865764 3.99817656 4.18851538 4.10605595 4.19290053
 4.08179376 4.10142135 4.14038504 4.12707818 4.25173148 3.96901729
 4.19376675 4.20111509 4.239507   4.32384654 4.17899332 4.2222728
 4.20172263 4.12366113]
[4.00889141 4.15661203 4.32807545 4.1211094  4.25547057 4.01867962
 4.14861197 4.36167719 4.10351506 4.12558228 4.28542906 4.02325699
 4.25081736 4.13151881 4.14319356 4.1190428  4.06755393 4.16246884
 4.17087289 4.13325717]
