Generating synthetic count valued data ... 
Generating synthetic  count valued data took:  11.812164068222046
max_count =  39  min count =  0
Evaluation for true params: 
 test_rsme | train_rsme | rel-te-err | rel-tr-err |  test_nll  |  train_nll |
0.2321933449 0.2317206109 0.1642014186 0.1635717557   164585.4    656063.03  
Using  0.05 of training data
Factorizing with max_iteration = 10000  fixing covariance?:  False
Tensor dimensions:  [50, 50, 50]
Optimization metrics: 
Using Ada Grad
Mean update scheme:  S
Covariance update :  N
Using diagonal covariance?:  False
k1 samples =  64  k2 samples =  64
eta =  1  cov eta =  0.001  sigma eta =  0.01
iteration |   time   |test_rsme |rel-te-err|train_rsme|rel-tr-err|  d_mean  |   d_cov  | test_nll | train_nll  |   dw   |
    50      1028.18    10.0933     6.6364    10.0831     6.6118     0.3162     4.4721   143627.27   28627.22     0.0    
   100      2251.79    10.0889     6.6351     10.079     6.6106     0.3078     1.1791   143574.14   28605.25     0.0    
   200      4476.69    10.0327     6.6148    10.0223     6.5896     0.294      0.693    141597.91   28234.77     0.0    
   500      10636.95    8.9106     5.704      8.9033     5.6719     0.2333     0.9207   111175.57   22113.15     0.0    
   1000     20694.69    6.221      3.6083     6.2205     3.5741     0.1013     0.8741    66677.56   13255.98     0.0    
