Generating synthetic binary valued data ... 
Generating synthetic  binary valued data took:  0.4020967483520508
Evaluation for true params: 
 test_rsme | train_rsme | rel-te-err | rel-tr-err |  test_nll  |  train_nll |
    0.0          0.0          0.0          0.0         20.03        86.24    
Factorizing with max_iteration = 6000  fixing covariance?:  False
Tensor dimensions:  [5, 5, 5]
Optimization metrics: 
Using Ada Grad
Mean update scheme:  S
Covariance update :  N
Using diagonal covariance?:  False
Random start? True
k1 samples =  64  k2 samples =  64
eta =  1.0  cov eta =  1.0  sigma eta =  1
iteration |   time   |test_rsme |rel-te-err|train_rsme|rel-tr-err|  d_mean  |   d_cov  | test_nll | train_nll |    VLB   |  E-term  |    KL     |   dw   |
    0         0.44      1.3856      0.48      1.2166      0.37      3.1623    25.3436     18.39       68.8      -92.0      -81.87      9.78       0.0    
    5         3.0       1.4422      0.52      1.0198      0.26      3.1623   1510.1133    17.55      57.22      -142.0    -77.033     64.994     0.2476  
    10        5.79      0.5657      0.08      0.5657      0.08      2.6303   1511.1052    12.59      31.48      -105.0    -68.458     36.814     0.0397  
    20       10.87      0.5657      0.08      0.3464      0.03      1.6258     1.7054      6.78      14.63      -87.0     -63.526     23.486     0.0037  
    50       24.06       0.4        0.04       0.2        0.01      1.5672     0.0867      5.01       13.8      -79.0     -63.506     15.626     0.0016  
   100        44.7       0.4        0.04       0.2        0.01      0.7892     0.0343      4.06      12.72      -75.0     -62.626     12.398     0.0002  
   200       85.37       0.4        0.04       0.2        0.01      0.3019     0.0423      4.84      13.45      -71.0     -63.134     8.232      0.0001  
   300       126.16      0.4        0.04       0.2        0.01      0.3219     0.1478      5.2       16.38      -71.0     -64.634     6.405       0.0    
   400       166.24      0.4        0.04      0.3464      0.03      0.4788     0.8655      5.73      19.18      -69.0     -64.915     4.377       0.0    
   500       205.88     0.5657      0.08      0.2828      0.02      0.8305     1.3876      5.46      17.79      -70.0     -65.109     4.499      0.0003  
   600       247.59      0.4        0.04      0.2828      0.02      0.7505     0.8832      4.93      17.74      -70.0      -65.11     4.828      0.0001  
   700       288.49      0.4        0.04       0.0        0.0       0.5225    102.5492     3.77       2.35      -70.0     -58.974     10.606     0.0009  
   800       328.49      0.4        0.04       0.0        0.0       1.8852   1587.3855     3.55       7.45      -78.0     -61.269     17.029     0.0004  
   900       370.27      0.4        0.04       0.0        0.0       0.7784    193.7875     4.31       2.68      -86.0     -59.208     26.494     0.0002  
   1000      411.64      0.4        0.04       0.0        0.0       0.8744    41.4162      5.78       1.29      -82.0     -58.444     24.026     0.0004  
   1100      452.19      0.4        0.04       0.0        0.0       0.4589    36.9442      2.88       2.68      -86.0     -59.171     27.269     0.0001  
   1200      491.14      0.4        0.04       0.0        0.0       1.1268    101.983      5.01       2.5       -87.0      -58.98     27.829     0.0001  
   1300      531.91      0.4        0.04       0.0        0.0       0.1028     4.3859      3.3        0.66      -86.0     -58.191     28.012     0.0001  
   1400      570.91      0.4        0.04       0.0        0.0       1.9549   7818.0002     4.75       9.28      -90.0     -60.995     29.396     0.0004  
   1500      610.84      0.4        0.04       0.0        0.0       0.1962     9.3945     10.23       1.4       -86.0     -58.485     27.611     0.0001  
   1600      650.73      0.4        0.04       0.0        0.0       0.1843    180.0447    37.38       0.66      -85.0      -58.14     26.484     0.0001  
   1700      692.81      0.4        0.04       0.0        0.0       0.3496    286.9302     4.84       1.3       -87.0     -58.184     28.88      0.0001  
   1800      730.74      0.4        0.04       0.0        0.0       0.1972     0.8615      4.81       0.49      -87.0     -58.023     28.504      0.0    
   1900      770.89      0.4        0.04       0.0        0.0       0.2789     3.4099      4.35       0.67      -86.0     -58.108     27.949     0.0001  
   2000      813.21      0.4        0.04       0.0        0.0       0.8488   2001.2093     2.84       4.42      -91.0     -59.741     31.368     0.0002  
   2100      852.35      0.4        0.04       0.0        0.0       0.0666     2.4175      37.1       0.34      -89.0     -58.013     30.632      0.0    
   2200      891.54      0.4        0.04       0.0        0.0       0.366     181.6697     4.81       1.77      -90.0     -58.696     30.865      0.0    
   2300      932.38      0.4        0.04       0.0        0.0       1.9438   1880.2646     4.57       0.66      -91.0     -58.096     32.53       0.0    
   2400      973.73      0.4        0.04       0.0        0.0       0.1094    10.8344      2.64       0.58      -90.0     -58.175     32.025      0.0    
   2500     1014.13      0.4        0.04       0.0        0.0       0.0728     4.0397      4.63       0.62      -90.0     -58.194     31.739      0.0    
   2600     1055.05      0.4        0.04       0.0        0.0        0.06     25.3897      4.35       0.32      -89.0     -57.997     31.271      0.0    
   2700     1095.65      0.4        0.04       0.0        0.0       0.7131    997.8252     4.72       1.58      -90.0     -58.558     31.697      0.0    
   2800     1135.76      0.4        0.04       0.0        0.0       0.0368     1.0197      3.17       0.2       -89.0     -58.007     31.081      0.0    
   2900     1178.61      0.4        0.04       0.0        0.0       0.0696     9.1719     22.61       0.24      -89.0     -57.984     30.846      0.0    
   3000      1219.2      0.4        0.04       0.0        0.0       0.028      0.5918      2.93       0.16      -88.0     -57.975     30.516      0.0    
   3100     1262.66      0.4        0.04       0.0        0.0       0.0605     3.856       4.38       0.15      -88.0     -57.975     30.316      0.0    
   3200     1308.01      0.4        0.04       0.0        0.0       0.0588    67.6483      3.34       0.38      -88.0     -58.036     30.144      0.0    
   3300     1349.26      0.4        0.04       0.0        0.0       0.0737     0.7194      4.47       0.28      -90.0     -58.043     31.542      0.0    
   3400     1390.37      0.4        0.04       0.0        0.0       0.1521     10.851      2.99       0.86      -92.0     -58.099     34.332      0.0    
   3500     1429.62      0.4        0.04       0.0        0.0       0.0431     0.5764      2.17       0.09      -97.0     -57.999     38.939      0.0    
   3600     1470.45      0.4        0.04       0.0        0.0       0.0319     1.2308      2.62       0.13      -97.0      -57.96     38.555      0.0    
   3700     1511.18      0.4        0.04       0.0        0.0       0.0355    11.8344      2.94       0.44      -96.0     -58.095     38.199      0.0    
   3800     1550.31      0.4        0.04       0.0        0.0       0.0393     2.5853      37.0       0.13      -96.0     -57.957     37.816      0.0    
   3900     1590.86      0.4        0.04       0.0        0.0       0.0737     0.332      36.99       0.26      -96.0     -58.099     37.484      0.0    
   4000     1632.11      0.4        0.04       0.0        0.0       0.0236     1.5961     30.96       0.08      -95.0     -57.982     37.183      0.0    
   4100     1672.42      0.4        0.04       0.0        0.0       0.0585     0.3465     18.35       0.08      -95.0     -58.087     36.881      0.0    
   4200     1712.76      0.4        0.04       0.0        0.0       0.0778     7.6501     15.97       0.22      -95.0     -57.976     36.693      0.0    
   4300     1751.85      0.4        0.04       0.0        0.0       0.6991   2916.2301    15.12       3.55      -96.0     -59.363     36.664      0.0    
   4400     1791.34      0.4        0.04       0.0        0.0       0.0488     0.2324     23.81       0.18      -94.0     -57.957     36.434      0.0    
   4500     1833.19      0.4        0.04       0.0        0.0       0.0309     0.8309     12.73       0.25      -94.0     -57.965     36.196      0.0    
   4600     1878.75      0.4        0.04       0.0        0.0       0.0337     7.7698      4.31       0.4       -94.0     -58.028     36.239      0.0    
   4700     1918.28      0.4        0.04       0.0        0.0       0.0509    28.4499      3.67       0.38      -95.0     -58.072     36.736      0.0    
   4800     1958.71      0.4        0.04       0.0        0.0       0.2153     26.78       3.48       1.41      -98.0     -58.285     39.264      0.0    
   4900      1999.5      0.4        0.04       0.0        0.0       0.2115    53.6117      4.4        0.63      -105.0    -58.307     46.304      0.0    
   5000     2042.09      0.4        0.04       0.0        0.0       0.0484     1.376       3.77       0.4       -103.0    -57.982     45.331      0.0    
   5100     2084.01      0.4        0.04       0.0        0.0       0.0484     5.257       3.72       0.54      -103.0    -58.158     44.999      0.0    
   5200     2126.66      0.4        0.04       0.0        0.0       0.0962     0.7836      4.53       0.71      -103.0    -58.206      44.7       0.0    
   5300     2169.15      0.4        0.04       0.0        0.0       0.1454    101.2222     3.77       1.25      -106.0    -58.461     47.586      0.0    
   5400     2210.48      0.4        0.04       0.0        0.0       0.2208    113.1398     4.57       1.08      -106.0    -58.248     47.278      0.0    
   5500     2252.91      0.4        0.04       0.0        0.0       0.3278   1416.1604     3.88       1.8       -107.0    -58.587     48.388      0.0    
   5600     2295.57      0.4        0.04       0.0        0.0       0.0446     6.3088     36.95       0.44      -105.0    -58.013     47.01       0.0    
   5700     2338.29      0.4        0.04       0.0        0.0       0.0507    15.0324     21.55       0.5       -105.0    -58.047     46.888      0.0    
   5800     2380.15      0.4        0.04       0.0        0.0       0.0516     2.4022      3.48       0.17      -105.0    -57.959     46.861      0.0    
   5900     2422.23      0.4        0.04       0.0        0.0       0.0259     0.767       4.22       0.24      -105.0    -57.981     46.827      0.0    
   6000     2464.64      0.4        0.04       0.0        0.0       0.0224     1.3589      4.92       0.11      -105.0    -57.984     46.785      0.0    
[ 1.22706546  2.71174773  2.29891138 -5.82044004  0.74966217 -4.64255887
  3.94295645  4.90757508  4.86262646  1.06017936  0.12839998  5.38935055
  5.84516744  6.68484248  2.85827581  3.6606839   1.27268058  2.28985333
 -2.33101889  4.01075238]
[ 0.13688415 -5.35152193 -2.17764103  4.25067983 -0.09077315  3.48236853
 -2.27171413 -3.13613965 -0.19470697 -0.13067131 -0.67080897 -3.0260788
 -4.22410985 -5.27123633 -2.87323644 -6.30752546 -0.62843214 -1.68545328
  0.43081917 -4.04886241]
[ 0.54815416  7.09280212  0.71399614  7.67185931  1.64293126  5.73311298
 -0.41795943  3.57194038 -1.36283325  0.2672934  -0.4691245  -0.21033022
  6.00063073  5.05834497 -1.13390887  6.32235906  0.58257016  1.71731167
  2.11503228  4.66764405]
