Generating synthetic binary valued data ... 
Generating synthetic  binary valued data took:  0.44110536575317383
Evaluation for true params: 
 test_rsme | train_rsme | rel-te-err | rel-tr-err |  test_nll  |  train_nll |
    0.0          0.0          0.0          0.0         20.03        86.24    
Factorizing with max_iteration = 6000  fixing covariance?:  False
Tensor dimensions:  [5, 5, 5]
Optimization metrics: 
Using Ada Grad
Mean update scheme:  S
Covariance update :  N
Using diagonal covariance?:  False
Random start? True
k1 samples =  64  k2 samples =  64
eta =  1.0  cov eta =  1.0  sigma eta =  1
iteration |   time   |test_rsme |rel-te-err|train_rsme|rel-tr-err|  d_mean  |   d_cov  | test_nll | train_nll |    VLB   |  E-term  |    KL     |   dw   |
    0         0.28       1.6        0.64      1.3115      0.43      3.1623     1.3733     19.63      64.45      -92.0     -82.834     9.601      0.0039  
    5         2.33      1.1314      0.32      0.5657      0.08      3.1623     1.933      14.04      27.31      -79.0     -68.786     10.382      0.0    
    10        4.82       0.8        0.16      0.5292      0.07      3.117      1.3784      9.03      18.61      -76.0     -62.487     13.023      0.0    
    20        8.83      0.6928      0.12      0.6928      0.12      2.9472     1.4395     47.31      243.91     -80.0     -62.419     17.78       0.0    
    50       18.64      0.6928      0.12      0.6928      0.12      2.358      1.3481     110.52     442.1      -89.0     -62.477     26.354      0.0    
   100       34.49      0.6928      0.12      0.6928      0.12      1.9254     1.7969     110.52     442.1      -95.0     -62.477     32.125      0.0    
   200       66.11      0.6928      0.12      0.6928      0.12      1.4075     7.4795     110.52     442.1      -100.0    -62.477     37.591      0.0    
   300       95.69      0.6928      0.12      0.6928      0.12      1.1129     4.3307     110.52     442.1      -102.0    -62.477     39.45       0.0    
   400       128.58     0.6928      0.12      0.6928      0.12      0.9443     5.9158     110.52     442.1      -103.0    -62.477     40.519      0.0    
   500       158.66     0.6928      0.12      0.6928      0.12      0.8511     1.1089     110.52     442.1      -103.0    -62.477     40.996      0.0    
   600       189.69     0.6928      0.12      0.6928      0.12      0.767      1.1043     110.52     442.1      -104.0    -62.477     41.336      0.0    
   700       218.67     0.6928      0.12      0.6928      0.12      0.7123     1.1004     110.52     442.1      -104.0    -62.477     41.592      0.0    
   800       248.56     0.6928      0.12      0.6928      0.12      0.6551     1.0971     110.52     442.1      -104.0    -62.477     41.792      0.0    
   900       277.16     0.6928      0.12      0.6928      0.12      0.6221     1.0943     110.52     442.1      -104.0    -62.477     41.963      0.0    
   1000      305.89     0.6928      0.12      0.6928      0.12      0.5905    25.3325     110.52     442.1      -105.0    -62.477     42.094      0.0    
   1100      335.08     0.6928      0.12      0.6928      0.12      0.5569     1.069      110.52     442.1      -105.0    -62.477     42.207      0.0    
   1200      365.91     0.6928      0.12      0.6928      0.12      0.5331     1.067      110.52     442.1      -105.0    -62.477     42.301      0.0    
   1300      397.7      0.6928      0.12      0.6928      0.12      0.5027     1.0651     110.52     442.1      -105.0    -62.477     42.383      0.0    
   1400      428.55     0.6928      0.12      0.6928      0.12      0.4894     1.0633     110.52     442.1      -105.0    -62.477     42.454      0.0    
   1500      459.82     0.6928      0.12      0.6928      0.12      0.4664     1.0617     110.52     442.1      -105.0    -62.477     42.518      0.0    
   1600      491.19     0.6928      0.12      0.6928      0.12      0.4565     1.0602     110.52     442.1      -105.0    -62.477     42.575      0.0    
   1700      522.93     0.6928      0.12      0.6928      0.12      0.4471     1.0588     110.52     442.1      -105.0    -62.477     42.627      0.0    
   1800      551.84     0.6928      0.12      0.6928      0.12      0.4234     1.0575     110.52     442.1      -105.0    -62.477     42.671      0.0    
   1900      582.82     0.6928      0.12      0.6928      0.12      0.4202     1.0562     110.52     442.1      -105.0    -62.477     42.713      0.0    
   2000      613.28     0.6928      0.12      0.6928      0.12      0.3992     1.055      110.52     442.1      -105.0    -62.477     42.763      0.0    
   2100      642.01     0.6928      0.12      0.6928      0.12      0.3966     1.0539     110.52     442.1      -105.0    -62.477     42.798      0.0    
   2200      670.66     0.6928      0.12      0.6928      0.12      0.3821     1.0528     110.52     442.1      -105.0    -62.477     42.83       0.0    
   2300      699.74     0.6928      0.12      0.6928      0.12      0.3778     1.0518     110.52     442.1      -105.0    -62.477     42.859      0.0    
   2400      730.91     0.6928      0.12      0.6928      0.12      0.3681     1.0508     110.52     442.1      -105.0    -62.477     42.888      0.0    
   2500      762.99     0.6928      0.12      0.6928      0.12      0.3565     1.0499     110.52     442.1      -105.0    -62.477     42.913      0.0    
   2600      792.79     0.6928      0.12      0.6928      0.12      0.3484     1.049      110.52     442.1      -105.0    -62.477     42.937      0.0    
   2700      823.93     0.6928      0.12      0.6928      0.12      0.3463     1.0481     110.52     442.1      -105.0    -62.477     42.96       0.0    
   2800      859.75     0.6928      0.12      0.6928      0.12      0.3361     1.0473     110.52     442.1      -105.0    -62.477     42.981      0.0    
   2900      896.27     0.6928      0.12      0.6928      0.12      0.333      1.0465     110.52     442.1      -105.0    -62.477      43.0       0.0    
   3000      925.85     0.6928      0.12      0.6928      0.12      0.3254     1.0457     110.52     442.1      -105.0    -62.477     43.019      0.0    
   3100      956.36     0.6928      0.12      0.6928      0.12      0.3262     1.045      110.52     442.1      -106.0    -62.477     43.037      0.0    
   3200      987.82     0.6928      0.12      0.6928      0.12      0.3122     1.0443     110.52     442.1      -106.0    -62.477     43.054      0.0    
   3300     1020.25     0.6928      0.12      0.6928      0.12      0.3097     1.0436     110.52     442.1      -106.0    -62.477     43.07       0.0    
   3400     1051.92     0.6928      0.12      0.6928      0.12      0.3058     1.0429     110.52     442.1      -106.0    -62.477     43.085      0.0    
   3500     1083.79     0.6928      0.12      0.6928      0.12      0.3014     1.0422     110.52     442.1      -106.0    -62.477      43.1       0.0    
   3600     1115.11     0.6928      0.12      0.6928      0.12      0.2964     1.0416     110.52     442.1      -106.0    -62.477     43.114      0.0    
   3700     1147.66     0.6928      0.12      0.6928      0.12      0.2913     1.041      110.52     442.1      -106.0    -62.477     43.127      0.0    
   3800     1176.15     0.6928      0.12      0.6928      0.12      0.2859     1.0404     110.52     442.1      -106.0    -62.477     43.141      0.0    
   3900     1207.58     0.6928      0.12      0.6928      0.12      0.2839     1.0398     110.52     442.1      -106.0    -62.477     43.153      0.0    
   4000     1238.74     0.6928      0.12      0.6928      0.12      0.2806     1.0392     110.52     442.1      -106.0    -62.477     43.165      0.0    
   4100     1267.96     0.6928      0.12      0.6928      0.12      0.2757     1.0387     110.52     442.1      -106.0    -62.477     43.176      0.0    
   4200      1301.0     0.6928      0.12      0.6928      0.12      0.2734     1.0381     110.52     442.1      -106.0    -62.477     43.187      0.0    
   4300     1332.48     0.6928      0.12      0.6928      0.12      0.2694     1.0376     110.52     442.1      -106.0    -62.477     43.198      0.0    
   4400     1361.67     0.6928      0.12      0.6928      0.12      0.2676     1.0371     110.52     442.1      -106.0    -62.477     43.208      0.0    
   4500     1392.15     0.6928      0.12      0.6928      0.12      0.2623     1.0366     110.52     442.1      -106.0    -62.477     43.218      0.0    
   4600     1421.36     0.6928      0.12      0.6928      0.12      0.2601     1.0361     110.52     442.1      -106.0    -62.477     43.227      0.0    
   4700     1450.11     0.6928      0.12      0.6928      0.12      0.2621     1.0356     110.52     442.1      -106.0    -62.477     43.236      0.0    
   4800     1484.48     0.6928      0.12      0.6928      0.12      0.2553     1.0351     110.52     442.1      -106.0    -62.477     43.245      0.0    
   4900      1513.1     0.6928      0.12      0.6928      0.12      0.2527     1.0347     110.52     442.1      -106.0    -62.477     43.254      0.0    
   5000     1548.08     0.6928      0.12      0.6928      0.12      0.2546     1.0342     110.52     442.1      -106.0    -62.477     43.262      0.0    
   5100     1577.75     0.6928      0.12      0.6928      0.12      0.2472     1.0338     110.52     442.1      -106.0    -62.477     43.27       0.0    
   5200     1606.76     0.6928      0.12      0.6928      0.12      0.2462     1.0334     110.52     442.1      -106.0    -62.477     43.278      0.0    
   5300      1635.2     0.6928      0.12      0.6928      0.12      0.2432     1.0329     110.52     442.1      -106.0    -62.477     43.286      0.0    
   5400     1663.99     0.6928      0.12      0.6928      0.12      0.2402     1.0325     110.52     442.1      -106.0    -62.477     43.293      0.0    
   5500     1694.71     0.6928      0.12      0.6928      0.12      0.237      1.0321     110.52     442.1      -106.0    -62.477      43.3       0.0    
   5600      1723.2     0.6928      0.12      0.6928      0.12      0.2358     1.0317     110.52     442.1      -106.0    -62.477     43.307      0.0    
   5700     1755.08     0.6928      0.12      0.6928      0.12      0.2341     1.0313     110.52     442.1      -106.0    -62.477     43.314      0.0    
   5800     1786.26     0.6928      0.12      0.6928      0.12      0.2317     1.0309     110.52     442.1      -106.0    -62.477     43.32       0.0    
   5900     1816.11     0.6928      0.12      0.6928      0.12      0.2299     1.0306     110.52     442.1      -106.0    -62.477     43.327      0.0    
   6000     1850.09     0.6928      0.12      0.6928      0.12      0.2268     1.0302     110.52     442.1      -106.0    -62.477     43.333      0.0    
[-117.14313461 -118.64333469 -118.28740411  118.54696122 -118.44845522
  118.78998154 -115.56744822 -118.29721571  118.87424595  118.32284973
  117.31006293 -118.85790957 -117.6918393  -116.8451763   118.95853551
  119.3223176   120.05537729 -116.81654794  119.14341068  117.93506739]
[ 119.47633758  118.10607308 -120.64630211  119.05886064  118.74701177
  119.08761527  118.10835169  118.22395521  120.1266526   117.64687038
 -117.90373525 -120.24294795 -118.69461268  119.75721474 -118.25609947
 -118.62878811 -116.92590769 -120.15676433 -117.42315222 -117.40827082]
[ 119.19739364  118.80981876 -118.19573902 -117.38539486  117.99129198
 -117.26923309  117.76757832  118.01394377 -118.00265519 -117.08578994
  119.46274697 -116.84649056 -119.70339742  119.64886724  118.14129213
  119.41006103  119.43045562 -116.70110376  119.83055939  118.17496781]
