Generating synthetic binary valued data ... 
Generating synthetic  binary valued data took:  0.44438743591308594
Evaluation for true params: 
 test_rsme | train_rsme | rel-te-err | rel-tr-err |  test_nll  |  train_nll |
    0.0          0.0          0.0          0.0         20.03        86.24    
Factorizing with max_iteration = 6000  fixing covariance?:  False
Tensor dimensions:  [5, 5, 5]
Optimization metrics: 
Using Ada Grad
Mean update scheme:  S
Covariance update :  N
Using diagonal covariance?:  False
Random start? True
k1 samples =  64  k2 samples =  64
eta =  1.0  cov eta =  1.0  sigma eta =  1
iteration |   time   |test_rsme |rel-te-err|train_rsme|rel-tr-err|  d_mean  |   d_cov  | test_nll | train_nll |    VLB   |  E-term  |    KL     
    0         0.3       1.4422      0.52      1.2806      0.41      3.1623     1.3956     20.51      66.81      -92.0     -82.424      9.6     
    5         1.97      1.1314      0.32      0.5657      0.08      3.1623     1.9673      14.7      27.83      -80.0     -69.069     11.214   
    10        4.08       0.8        0.16      0.4472      0.05      3.1074     1.3492      9.23       16.9      -77.0     -63.098     13.917   
    20        7.59      0.6928      0.12      0.6928      0.12      2.9683     1.3243     53.35      200.88     -81.0     -62.074     18.78    
    50       16.89      0.6928      0.12      0.6928      0.12      2.3731     1.5006     110.52     442.1      -89.0     -62.477     26.787   
   100       32.58      0.6928      0.12      0.6928      0.12      1.8487     1.7477     110.52     442.1      -95.0     -62.477     32.224   
   200       64.81      0.6928      0.12      0.6928      0.12      1.354      5.2512     110.52     442.1      -99.0     -62.477     36.466   
   300       95.31      0.6928      0.12      0.6928      0.12      1.0922     7.8239     110.52     442.1      -100.0    -62.477     37.784   
   400       126.0      0.6928      0.12      0.6928      0.12      0.9497     4.6359     110.52     442.1      -101.0    -62.477     38.497   
   500       154.88     0.6928      0.12      0.6928      0.12      0.8582     1.2129     110.52     442.1      -103.0    -62.477     40.366   
   600       183.39     0.6928      0.12      0.6928      0.12      0.7732     1.1705     110.52     442.1      -103.0    -62.477     40.687   
   700       214.44     0.6928      0.12      0.6928      0.12      0.7149     1.1661     110.52     442.1      -103.0    -62.477     40.934   
   800       244.27     0.6928      0.12      0.6928      0.12       0.66      1.1624     110.52     442.1      -104.0    -62.477     41.125   
   900       274.29     0.6928      0.12      0.6928      0.12      0.6227     1.1591     110.52     442.1      -104.0    -62.477     41.283   
   1000      304.56     0.6928      0.12      0.6928      0.12      0.5934     1.1561     110.52     442.1      -104.0    -62.477     41.412   
   1100      336.35     0.6928      0.12      0.6928      0.12      0.5523     1.1535     110.52     442.1      -104.0    -62.477     41.519   
   1200      365.67     0.6928      0.12      0.6928      0.12      0.5323     1.1511     110.52     442.1      -104.0    -62.477     41.611   
   1300      397.55     0.6928      0.12      0.6928      0.12      0.505      1.1489     110.52     442.1      -104.0    -62.477     41.694   
   1400      429.07     0.6928      0.12      0.6928      0.12      0.4857     1.1469     110.52     442.1      -104.0    -62.477     41.765   
   1500      457.38     0.6928      0.12      0.6928      0.12      0.4689     1.145      110.52     442.1      -104.0    -62.477     41.828   
   1600      488.47     0.6928      0.12      0.6928      0.12      0.4507     1.1433     110.52     442.1      -104.0    -62.477     41.883   
   1700      521.45     0.6928      0.12      0.6928      0.12      0.4418     1.108      110.52     442.1      -104.0    -62.477     41.934   
   1800      550.64     0.6928      0.12      0.6928      0.12      0.4291     1.1065     110.52     442.1      -104.0    -62.477     41.979   
   1900      579.55     0.6928      0.12      0.6928      0.12      0.411      1.1051     110.52     442.1      -104.0    -62.477     42.02    
   2000      610.6      0.6928      0.12      0.6928      0.12      0.4057     1.1037     110.52     442.1      -105.0    -62.477     42.058   
   2100      640.13     0.6928      0.12      0.6928      0.12      0.3946     1.1025     110.52     442.1      -105.0    -62.477     42.093   
   2200      675.34     0.6928      0.12      0.6928      0.12      0.3868     1.1013     110.52     442.1      -105.0    -62.477     42.126   
   2300      709.27     0.6928      0.12      0.6928      0.12      0.3789     1.1001     110.52     442.1      -105.0    -62.477     42.155   
   2400      744.43     0.6928      0.12      0.6928      0.12      0.3648     1.099      110.52     442.1      -105.0    -62.477     42.183   
   2500      776.7      0.6928      0.12      0.6928      0.12      0.3579     1.098      110.52     442.1      -105.0    -62.477     42.209   
   2600      812.14     0.6928      0.12      0.6928      0.12      0.3534     1.097      110.52     442.1      -105.0    -62.477     42.233   
   2700      844.64     0.6928      0.12      0.6928      0.12      0.3459     1.096      110.52     442.1      -105.0    -62.477     42.255   
   2800      872.77     0.6928      0.12      0.6928      0.12      0.3374     1.0951     110.52     442.1      -105.0    -62.477     42.277   
   2900      901.16     0.6928      0.12      0.6928      0.12      0.3337     1.0942     110.52     442.1      -105.0    -62.477     42.297   
   3000      930.72     0.6928      0.12      0.6928      0.12      0.3262     1.0933     110.52     442.1      -105.0    -62.477     42.316   
   3100      963.19     0.6928      0.12      0.6928      0.12      0.3212     1.0925     110.52     442.1      -105.0    -62.477     42.334   
   3200      996.59     0.6928      0.12      0.6928      0.12      0.318      1.0917     110.52     442.1      -105.0    -62.477     42.351   
   3300     1025.77     0.6928      0.12      0.6928      0.12      0.3091     1.0909     110.52     442.1      -105.0    -62.477     42.368   
   3400     1055.48     0.6928      0.12      0.6928      0.12      0.3033     1.0901     110.52     442.1      -105.0    -62.477     42.384   
   3500     1084.04     0.6928      0.12      0.6928      0.12      0.3003     1.0894     110.52     442.1      -105.0    -62.477     42.399   
   3600      1114.9     0.6928      0.12      0.6928      0.12      0.2983     1.0887     110.52     442.1      -105.0    -62.477     42.414   
   3700     1146.16     0.6928      0.12      0.6928      0.12      0.2912     1.088      110.52     442.1      -105.0    -62.477     42.428   
   3800     1176.31     0.6928      0.12      0.6928      0.12      0.2871     1.0873     110.52     442.1      -105.0    -62.477     42.441   
   3900     1206.94     0.6928      0.12      0.6928      0.12      0.2858     1.0867     110.52     442.1      -105.0    -62.477     42.453   
   4000      1240.7     0.6928      0.12      0.6928      0.12      0.2796     1.086      110.52     442.1      -105.0    -62.477     42.465   
   4100      1270.6     0.6928      0.12      0.6928      0.12      0.2769     1.0854     110.52     442.1      -105.0    -62.477     42.476   
   4200     1302.26     0.6928      0.12      0.6928      0.12      0.2786     1.0848     110.52     442.1      -105.0    -62.477     42.487   
   4300     1332.95     0.6928      0.12      0.6928      0.12      0.2696     1.0842     110.52     442.1      -105.0    -62.477     42.498   
   4400     1368.35     0.6928      0.12      0.6928      0.12      0.2687     1.0837     110.52     442.1      -105.0    -62.477     42.508   
   4500     1401.36     0.6928      0.12      0.6928      0.12      0.2637     1.0831     110.52     442.1      -105.0    -62.477     42.518   
   4600     1430.61     0.6928      0.12      0.6928      0.12      0.2603     1.0826     110.52     442.1      -105.0    -62.477     42.528   
   4700     1459.66     0.6928      0.12      0.6928      0.12      0.2621     1.082      110.52     442.1      -105.0    -62.477     42.537   
   4800     1487.72     0.6928      0.12      0.6928      0.12      0.2559     1.0815     110.52     442.1      -105.0    -62.477     42.547   
   4900     1517.47     0.6928      0.12      0.6928      0.12      0.2525     1.068      110.52     442.1      -105.0    -62.477     42.555   
   5000     1545.69     0.6928      0.12      0.6928      0.12      0.2513     1.0676     110.52     442.1      -105.0    -62.477     42.563   
   5100     1576.66     0.6928      0.12      0.6928      0.12      0.2486     1.0671     110.52     442.1      -105.0    -62.477     42.571   
   5200     1607.75     0.6928      0.12      0.6928      0.12      0.2441     1.0666     110.52     442.1      -105.0    -62.477     42.579   
   5300      1639.3     0.6928      0.12      0.6928      0.12      0.2422     1.0662     110.52     442.1      -105.0    -62.477     42.587   
   5400     1669.76     0.6928      0.12      0.6928      0.12      0.2408     1.0657     110.52     442.1      -105.0    -62.477     42.595   
   5500     1698.74     0.6928      0.12      0.6928      0.12      0.2379     1.0653     110.52     442.1      -105.0    -62.477     42.602   
   5600     1732.36     0.6928      0.12      0.6928      0.12      0.2349     1.0648     110.52     442.1      -105.0    -62.477     42.609   
   5700     1760.42     0.6928      0.12      0.6928      0.12      0.2355     1.0644     110.52     442.1      -105.0    -62.477     42.616   
   5800     1788.44     0.6928      0.12      0.6928      0.12      0.2322     1.064      110.52     442.1      -105.0    -62.477     42.623   
   5900     1817.45     0.6928      0.12      0.6928      0.12      0.2332     1.0636     110.52     442.1      -105.0    -62.477     42.629   
   6000     1846.98     0.6928      0.12      0.6928      0.12      0.2277     1.0632     110.52     442.1      -105.0    -62.477     42.636   
[-118.07675447 -118.89816804 -118.18860501  117.53739655 -118.36709975
  118.65241135 -116.01776345 -118.16601182  118.72370786  118.24512655
  117.36053761 -118.76317417 -117.7032773  -116.7379015   118.89074988
 -117.06744589  120.00481102 -116.79387811  119.36583604  117.91270324]
[ 119.24060422  119.23999915 -120.66564135  119.43341075  118.75702532
  119.08329082  117.84874313  118.23426446  120.26912208  117.65584567
 -117.9697733  -120.25390103 -118.70338598  119.79018486 -118.21356572
 -118.3739517  -116.86140953 -120.14196082 -117.77680232 -117.4351784 ]
[ 118.3249473   119.58369159 -118.09553803 -117.73826063  117.93263762
 -117.14153592  117.38678562  118.13602573 -118.00347487 -117.01900248
  119.50117466 -116.78249483 -119.65951372  119.57057761  118.04358046
 -118.0619014   119.21065822 -116.54944641  119.8386154   117.734775  ]
