Generating synthetic count valued data ... 
Generating synthetic  count valued data took:  0.5034310817718506
max_count =  13.0  min count =  0.0
Evaluation for true params: 
 test_rsme | train_rsme | rel-te-err | rel-tr-err |  test_nll  |  train_nll |
    0.0          0.0          0.0          0.0         109.0        396.75   
Factorizing with max_iteration = 6000  fixing covariance?:  False
Tensor dimensions:  [5, 5, 5]
Optimization metrics: 
Using Ada Grad
Mean update scheme:  S
Covariance update :  N
Using diagonal covariance?:  False
Random start? True
k1 samples =  64  k2 samples =  64
eta =  1.0  cov eta =  1.0  sigma eta =  1
iteration |   time   |test_rsme |rel-te-err|train_rsme|rel-tr-err|  d_mean  |   d_cov  | test_nll | train_nll |    VLB   |  E-term  |    KL     |   dw   |
    0         0.42      6.2161      5.2       4.1316      3.37      3.1623     2.8355     70.68      229.05     -576.0    -566.478    9.077      0.0132  
    5         2.84      6.7469      4.88      9.9151      6.03      3.1623     3.0813     69.42      330.33     -533.0    -520.681    12.729     0.0001  
    10        5.75     17.3066     10.24     22.5737     13.11      3.065      0.7524     92.21      549.72    -1017.0    -999.753    17.26       0.0    
    20       10.51     24.6171     13.28     24.3292     13.67      2.7137     0.5602     170.45     661.72    -1058.0   -1034.748    23.057      0.0    
    50       21.92      9.2347      4.24     13.6022      6.2       2.4584     0.7311     211.37     904.48     -671.0    -632.982    38.04       0.0    
   100       40.79      5.6991      3.52      4.9285      3.31      2.0529     0.7047     294.73    1123.66     -631.0    -584.176    46.511      0.0    
   200        72.5      5.6991      3.52      4.9285      3.31      1.5689     0.6742     294.73    1123.66     -637.0    -584.176    53.254      0.0    
   300       106.48     5.6991      3.52      4.9285      3.31      1.2588     0.6248     294.73    1123.66     -641.0    -584.176    56.992      0.0    
   400       141.31     5.6991      3.52      4.9285      3.31      1.1759     1.0686     294.73    1123.66     -643.0    -584.176     59.0       0.0    
   500       176.55     5.6991      3.52      4.9285      3.31      1.144      0.5895     294.73    1123.66     -645.0    -584.176    60.985      0.0    
   600       210.93     5.6991      3.52      4.9285      3.31      0.9805     0.5871     294.73    1123.66     -648.0    -584.176    63.382      0.0    
   700       245.42     5.6991      3.52      4.9285      3.31      1.0101     0.5748     294.73    1123.66     -648.0    -584.176    64.064      0.0    
   800       279.61     5.6991      3.52      4.9285      3.31      0.8824     2.4371     294.73    1123.66     -649.0    -584.176    64.457      0.0    
   900       313.27     5.6991      3.52      4.9285      3.31      0.7868     3.3251     294.73    1123.66     -649.0    -584.176    64.968      0.0    
   1000      346.82     5.6991      3.52      4.9285      3.31      0.7417     3.1478     294.73    1123.66     -650.0    -584.176    65.83       0.0    
   1100      379.64     5.6991      3.52      4.9285      3.31      0.7602     0.6882     294.73    1123.66     -651.0    -584.176    66.499      0.0    
   1200      412.57     5.6991      3.52      4.9285      3.31      0.6657     2.6442     294.73    1123.66     -652.0    -584.176    68.217      0.0    
   1300      444.46     5.6991      3.52      4.9285      3.31      0.6138     0.5497     294.73    1123.66     -653.0    -584.176    68.442      0.0    
   1400      477.22     5.6991      3.52      4.9285      3.31      0.5955     5.4355     294.73    1123.66     -654.0    -584.176    69.389      0.0    
   1500      508.67     5.6991      3.52      4.9285      3.31      0.5827     0.5489     294.73    1123.66     -654.0    -584.176    69.684      0.0    
   1600      540.16     5.6991      3.52      4.9285      3.31      0.5523     0.5485     294.73    1123.66     -654.0    -584.176    70.301      0.0    
   1700      571.87     5.6991      3.52      4.9285      3.31      0.5689     0.5482     294.73    1123.66     -655.0    -584.176    70.802      0.0    
   1800      603.9      5.6991      3.52      4.9285      3.31      0.5463     0.5479     294.73    1123.66     -655.0    -584.176    70.869      0.0    
   1900      635.12     5.6991      3.52      4.9285      3.31      0.5067     3.5651     294.73    1123.66     -655.0    -584.176    71.28       0.0    
   2000      666.68     5.6991      3.52      4.9285      3.31      0.4703     0.8756     294.73    1123.66     -656.0    -584.176    71.423      0.0    
   2100      698.15     5.6991      3.52      4.9285      3.31      0.459      0.5471     294.73    1123.66     -656.0    -584.176    71.481      0.0    
   2200      731.04     5.6991      3.52      4.9285      3.31      0.4491     0.5468     294.73    1123.66     -657.0    -584.176    72.351      0.0    
   2300      766.17     5.6991      3.52      4.9285      3.31      0.4358     0.5465     294.73    1123.66     -657.0    -584.176    72.393      0.0    
   2400      798.88     5.6991      3.52      4.9285      3.31      0.4188     0.5463     294.73    1123.66     -657.0    -584.176    72.432      0.0    
   2500      832.01     5.6991      3.52      4.9285      3.31      0.4239     0.5461     294.73    1123.66     -657.0    -584.176    72.866      0.0    
   2600      866.31     5.6991      3.52      4.9285      3.31      0.4008     0.5458     294.73    1123.66     -657.0    -584.176    73.078      0.0    
   2700      898.98     5.6991      3.52      4.9285      3.31      0.4199     8.6209     294.73    1123.66     -658.0    -584.176    73.331      0.0    
   2800      931.61     5.6991      3.52      4.9285      3.31      0.3955     0.5454     294.73    1123.66     -658.0    -584.176    73.364      0.0    
   2900      964.19     5.6991      3.52      4.9285      3.31      0.3864     0.5452     294.73    1123.66     -658.0    -584.176    73.376      0.0    
   3000      996.47     5.6991      3.52      4.9285      3.31      0.3655     0.8296     294.73    1123.66     -658.0    -584.176    73.393      0.0    
   3100      1030.3     5.6991      3.52      4.9285      3.31      0.3631     0.5449     294.73    1123.66     -658.0    -584.176    73.626      0.0    
   3200     1061.68     5.6991      3.52      4.9285      3.31      0.3624     0.5447     294.73    1123.66     -658.0    -584.176    73.633      0.0    
   3300     1095.69     5.6991      3.52      4.9285      3.31      0.3488     0.5445     294.73    1123.66     -658.0    -584.176    73.646      0.0    
   3400     1126.92     5.6991      3.52      4.9285      3.31      0.3644     0.5779     294.73    1123.66     -658.0    -584.176    73.653      0.0    
   3500     1159.32     5.6991      3.52      4.9285      3.31      0.364      0.5442     294.73    1123.66     -658.0    -584.176    73.658      0.0    
   3600     1192.06     5.6991      3.52      4.9285      3.31      0.3572     0.544      294.73    1123.66     -658.0    -584.176    73.688      0.0    
   3700      1225.2     5.6991      3.52      4.9285      3.31      0.3475     4.2868     294.73    1123.66     -658.0    -584.176     73.7       0.0    
   3800     1258.34     5.6991      3.52      4.9285      3.31      0.3393     5.3758     294.73    1123.66     -658.0    -584.176    73.92       0.0    
   3900     1289.52     5.6991      3.52      4.9285      3.31      0.3389     0.5436     294.73    1123.66     -658.0    -584.176    73.92       0.0    
   4000     1320.89     5.6991      3.52      4.9285      3.31      0.3226     0.5434     294.73    1123.66     -658.0    -584.176    73.925      0.0    
   4100      1352.0     5.6991      3.52      4.9285      3.31      0.3161     0.5433     294.73    1123.66     -658.0    -584.176    73.927      0.0    
   4200     1383.62     5.6991      3.52      4.9285      3.31      0.316      2.7549     294.73    1123.66     -658.0    -584.176    74.066      0.0    
   4300     1415.57     5.6991      3.52      4.9285      3.31      0.3016     0.543      294.73    1123.66     -658.0    -584.176    74.069      0.0    
   4400      1447.1     5.6991      3.52      4.9285      3.31      0.297      1.0672     294.73    1123.66     -658.0    -584.176    74.073      0.0    
   4500     1478.68     5.6991      3.52      4.9285      3.31      0.2917     0.5427     294.73    1123.66     -658.0    -584.176    74.076      0.0    
   4600      1510.5     5.6991      3.52      4.9285      3.31      0.2848     0.5426     294.73    1123.66     -658.0    -584.176    74.076      0.0    
   4700     1543.85     5.6991      3.52      4.9285      3.31      0.2837     0.5425     294.73    1123.66     -658.0    -584.176    74.077      0.0    
   4800     1576.15     5.6991      3.52      4.9285      3.31      0.2787     0.5424     294.73    1123.66     -658.0    -584.176    74.08       0.0    
   4900     1607.36     5.6991      3.52      4.9285      3.31      0.2738     0.5422     294.73    1123.66     -658.0    -584.176    74.082      0.0    
   5000     1638.89     5.6991      3.52      4.9285      3.31      0.273      0.5421     294.73    1123.66     -658.0    -584.176    74.085      0.0    
   5100     1670.72     5.6991      3.52      4.9285      3.31       0.27      2.6058     294.73    1123.66     -658.0    -584.176    74.085      0.0    
   5200     1703.72     5.6991      3.52      4.9285      3.31      0.2652     0.5419     294.73    1123.66     -658.0    -584.176    74.088      0.0    
   5300     1735.89     5.6991      3.52      4.9285      3.31      0.2624     0.5418     294.73    1123.66     -658.0    -584.176    74.089      0.0    
   5400     1767.07     5.6991      3.52      4.9285      3.31      0.2595     0.5417     294.73    1123.66     -658.0    -584.176    74.099      0.0    
   5500     1799.41     5.6991      3.52      4.9285      3.31      0.2559     0.5886     294.73    1123.66     -658.0    -584.176    74.099      0.0    
   5600     1832.25     5.6991      3.52      4.9285      3.31      0.2615     0.5415     294.73    1123.66     -658.0    -584.176    74.105      0.0    
   5700     1863.83     5.6991      3.52      4.9285      3.31      0.2614     0.5414     294.73    1123.66     -658.0    -584.176    74.105      0.0    
   5800     1894.98     5.6991      3.52      4.9285      3.31      0.2522     0.5413     294.73    1123.66     -658.0    -584.176    74.108      0.0    
   5900     1926.67     5.6991      3.52      4.9285      3.31      0.2517     0.5412     294.73    1123.66     -658.0    -584.176    74.108      0.0    
   6000     1958.06     5.6991      3.52      4.9285      3.31      0.2475     0.5411     294.73    1123.66     -658.0    -584.176    74.185      0.0    
[-127.7043918   128.83486367 -130.65469869 -127.61535013 -129.94038682
 -131.57490482 -129.38878685 -128.23311721 -128.70957054  130.26292241
 -127.80103976 -128.10288432 -128.6164072  -128.53435741 -132.81245911
  131.96344286 -131.92289359  134.92836952  129.73791604 -128.37979578]
[ 129.1456382  -128.7091944   127.05779396  130.45746771  129.14583453
  129.30076168  129.20233478  129.72144057  131.6759358   128.29358792
  129.53927456 -130.57773867  129.77835241  128.37572802 -127.12160243
  127.8601438   128.71613209  124.42911655 -127.47986549  130.02700238]
[ 130.07241396  129.88216135  129.90570452  129.58064761  128.62900751
  129.47690996  129.39843113  130.12343965  128.01580744 -128.39655582
  129.73078039 -128.80796968  128.16189754  131.4449614  -128.92354781
 -127.44784856  129.07924651 -127.3814744   130.54244046  128.53220269]
