Generating synthetic count valued data ... 
Generating synthetic  count valued data took:  0.5188794136047363
max_count =  13.0  min count =  0.0
Evaluation for true params: 
 test_rsme | train_rsme | rel-te-err | rel-tr-err |  test_nll  |  train_nll |
    0.0          0.0          0.0          0.0         109.0        396.75   
Factorizing with max_iteration = 6000  fixing covariance?:  False
Tensor dimensions:  [5, 5, 5]
Optimization metrics: 
Using Ada Grad
Mean update scheme:  S
Covariance update :  N
Using diagonal covariance?:  False
Random start? True
k1 samples =  64  k2 samples =  64
eta =  1.0  cov eta =  1.0  sigma eta =  1
iteration |   time   |test_rsme |rel-te-err|train_rsme|rel-tr-err|  d_mean  |   d_cov  | test_nll | train_nll |    VLB   |  E-term  |    KL     
    0         0.36      5.678       4.48      4.1012      3.42      3.1623     2.8566     65.64      228.11     -556.0    -546.987    9.091    
    5         2.53      6.2897      4.76     10.1858      6.37      3.1623     3.1566     71.08      351.41     -565.0    -552.257    12.609   
    10        5.35     14.0271      7.96     19.7864     11.34      3.0798     0.7611     85.13      501.19     -854.0    -837.057    17.132   
    20        9.64     30.1324     16.12     28.9524      16.1      2.6923     0.5736     169.93     609.89    -1266.0   -1243.685    22.63    
    50       20.72      6.5696      3.56     13.0977      5.95      2.4928     0.6969     213.17     905.63     -684.0    -645.075    38.97    
   100        36.8      5.6991      3.52      4.9285      3.31      1.9996     0.7058     294.73    1123.66     -631.0    -584.176    46.973   
   200       70.48      5.6991      3.52      4.9285      3.31      1.4405     1.1691     294.73    1123.66     -638.0    -584.176    53.407   
   300       104.13     5.6991      3.52      4.9285      3.31      1.269      0.6776     294.73    1123.66     -641.0    -584.176    56.676   
   400       134.79     5.6991      3.52      4.9285      3.31      1.2581     1.0513     294.73    1123.66     -643.0    -584.176    58.485   
   500       167.23     5.6991      3.52      4.9285      3.31      1.0536     1.4597     294.73    1123.66     -644.0    -584.176    60.254   
   600       198.69     5.6991      3.52      4.9285      3.31      0.9926     3.8623     294.73    1123.66     -646.0    -584.176    61.723   
   700       231.46     5.6991      3.52      4.9285      3.31      0.8883     2.2268     294.73    1123.66     -647.0    -584.176    63.03    
   800       265.88     5.6991      3.52      4.9285      3.31      0.8778     2.3774     294.73    1123.66     -648.0    -584.176    63.779   
   900       297.37     5.6991      3.52      4.9285      3.31      0.7516     0.5987     294.73    1123.66     -649.0    -584.176    64.411   
   1000      328.73     5.6991      3.52      4.9285      3.31      0.8466     2.5319     294.73    1123.66     -650.0    -584.176    65.599   
   1100      359.53     5.6991      3.52      4.9285      3.31      0.7177     0.4863     294.73    1123.66     -650.0    -584.176    66.252   
   1200      392.75     5.6991      3.52      4.9285      3.31      0.6511     0.4769     294.73    1123.66     -651.0    -584.176     66.4    
   1300      427.4      5.6991      3.52      4.9285      3.31      0.6413     0.4766     294.73    1123.66     -651.0    -584.176    66.686   
   1400      461.89     5.6991      3.52      4.9285      3.31      0.6264     0.7539     294.73    1123.66     -651.0    -584.176    66.801   
   1500      496.63     5.6991      3.52      4.9285      3.31      0.6129     0.4636     294.73    1123.66     -652.0    -584.176    67.431   
   1600      527.83     5.6991      3.52      4.9285      3.31      0.5527     0.4613     294.73    1123.66     -652.0    -584.176    67.601   
   1700      558.99     5.6991      3.52      4.9285      3.31      0.5365     0.461      294.73    1123.66     -652.0    -584.176    67.67    
   1800      590.08     5.6991      3.52      4.9285      3.31      0.5087     1.0227     294.73    1123.66     -652.0    -584.176    67.743   
   1900      621.89     5.6991      3.52      4.9285      3.31      0.4831     0.4606     294.73    1123.66     -652.0    -584.176    67.849   
   2000      652.69     5.6991      3.52      4.9285      3.31      0.4715     2.2626     294.73    1123.66     -653.0    -584.176    68.689   
   2100      683.52     5.6991      3.52      4.9285      3.31      0.4667     0.7088     294.73    1123.66     -653.0    -584.176    69.142   
   2200      716.41     5.6991      3.52      4.9285      3.31      0.445      0.4491     294.73    1123.66     -653.0    -584.176    69.196   
   2300      749.22     5.6991      3.52      4.9285      3.31      0.4341     0.4489     294.73    1123.66     -654.0    -584.176    69.381   
   2400      783.79     5.6991      3.52      4.9285      3.31      0.4209     0.4487     294.73    1123.66     -654.0    -584.176    69.429   
   2500      819.56     5.6991      3.52      4.9285      3.31      0.4265     0.4486     294.73    1123.66     -654.0    -584.176    69.448   
   2600      854.12     5.6991      3.52      4.9285      3.31      0.4178     0.4484     294.73    1123.66     -654.0    -584.176    69.622   
   2700      885.44     5.6991      3.52      4.9285      3.31      0.4099     1.0768     294.73    1123.66     -654.0    -584.176    69.637   
   2800      916.71     5.6991      3.52      4.9285      3.31      0.4416     9.5562     294.73    1123.66     -655.0    -584.176    70.574   
   2900      948.77     5.6991      3.52      4.9285      3.31      0.4196     0.448      294.73    1123.66     -655.0    -584.176    70.789   
   3000      979.64     5.6991      3.52      4.9285      3.31      0.3999     0.4479     294.73    1123.66     -655.0    -584.176    70.799   
   3100     1013.59     5.6991      3.52      4.9285      3.31      0.3898     0.4477     294.73    1123.66     -655.0    -584.176    70.814   
   3200     1047.76     5.6991      3.52      4.9285      3.31      0.3703     0.4476     294.73    1123.66     -655.0    -584.176    70.826   
   3300     1082.75     5.6991      3.52      4.9285      3.31      0.3601     0.4475     294.73    1123.66     -655.0    -584.176    71.099   
   3400     1117.59     5.6991      3.52      4.9285      3.31      0.3535     0.4474     294.73    1123.66     -655.0    -584.176    71.105   
   3500     1151.59     5.6991      3.52      4.9285      3.31      0.3418     0.4473     294.73    1123.66     -655.0    -584.176    71.111   
   3600     1182.67     5.6991      3.52      4.9285      3.31      0.3399     0.4472     294.73    1123.66     -655.0    -584.176    71.114   
   3700      1214.0     5.6991      3.52      4.9285      3.31      0.3367     0.447      294.73    1123.66     -655.0    -584.176    71.273   
   3800     1244.89     5.6991      3.52      4.9285      3.31      0.3187     0.4469     294.73    1123.66     -655.0    -584.176    71.275   
   3900     1277.26     5.6991      3.52      4.9285      3.31      0.3103     0.4468     294.73    1123.66     -655.0    -584.176    71.278   
   4000     1308.38     5.6991      3.52      4.9285      3.31      0.3118     0.4467     294.73    1123.66     -655.0    -584.176    71.281   
   4100     1341.15     5.6991      3.52      4.9285      3.31      0.308      0.4466     294.73    1123.66     -655.0    -584.176    71.282   
   4200     1375.95     5.6991      3.52      4.9285      3.31      0.3009     0.4465     294.73    1123.66     -655.0    -584.176    71.284   
   4300     1410.65     5.6991      3.52      4.9285      3.31      0.2968     0.4464     294.73    1123.66     -655.0    -584.176    71.284   
   4400     1445.85     5.6991      3.52      4.9285      3.31      0.2958     0.4463     294.73    1123.66     -655.0    -584.176    71.285   
   4500     1481.77     5.6991      3.52      4.9285      3.31      0.2919     0.4462     294.73    1123.66     -655.0    -584.176    71.286   
   4600     1517.43     5.6991      3.52      4.9285      3.31      0.2931     0.4462     294.73    1123.66     -655.0    -584.176    71.322   
   4700     1552.13     5.6991      3.52      4.9285      3.31      0.2919     0.4461     294.73    1123.66     -655.0    -584.176    71.322   
   4800     1584.67     5.6991      3.52      4.9285      3.31      0.2904     0.446      294.73    1123.66     -656.0    -584.176    71.329   
   4900     1615.81     5.6991      3.52      4.9285      3.31      0.2886     0.4459     294.73    1123.66     -656.0    -584.176    71.331   
   5000     1646.77     5.6991      3.52      4.9285      3.31      0.2781     0.4458     294.73    1123.66     -656.0    -584.176    71.33    
   5100      1677.7     5.6991      3.52      4.9285      3.31      0.2733     0.4457     294.73    1123.66     -656.0    -584.176    71.33    
   5200     1709.06     5.6991      3.52      4.9285      3.31      0.2695     0.4457     294.73    1123.66     -657.0    -584.176    72.372   
   5300     1740.17     5.6991      3.52      4.9285      3.31      0.2693      0.92      294.73    1123.66     -657.0    -584.176    72.37    
   5400     1771.35     5.6991      3.52      4.9285      3.31      0.2649     0.4455     294.73    1123.66     -657.0    -584.176    72.37    
   5500     1802.36     5.6991      3.52      4.9285      3.31      0.262      0.4454     294.73    1123.66     -657.0    -584.176    72.368   
   5600     1833.45     5.6991      3.52      4.9285      3.31      0.2571     0.4454     294.73    1123.66     -657.0    -584.176    72.367   
   5700     1865.24     5.6991      3.52      4.9285      3.31      0.2561     1.948      294.73    1123.66     -657.0    -584.176    72.413   
   5800     1897.93     5.6991      3.52      4.9285      3.31      0.2548     0.4452     294.73    1123.66     -657.0    -584.176    72.41    
   5900     1929.34     5.6991      3.52      4.9285      3.31      0.2561     0.4451     294.73    1123.66     -657.0    -584.176    72.412   
   6000     1960.28     5.6991      3.52      4.9285      3.31      0.2515     0.4451     294.73    1123.66     -657.0    -584.176    72.41    
[-130.29437138  130.263866    133.69724464 -128.60957293 -130.07816281
 -131.58873388  133.44660023  130.08882578 -130.73913435  131.98496888
 -129.73723454 -128.61041411 -129.61156407 -128.31022996  130.31243632
  132.9403178  -130.10494767  136.35575164  130.18042476 -129.27213929]
[ 128.54016859 -127.31232313  127.3468044   130.14099021  129.60960507
  128.94897262  128.22207054 -128.95397999  130.96088625 -128.45308762
  128.87963087 -130.27680586  129.82573484  130.52825053 -129.61205545
  127.69858559  129.82117182  124.65473317 -127.76351604  130.22123682]
[ 129.66094513  129.7665515  -129.00690316  129.3602783   128.75473546
  129.26894818 -129.94237636  129.72302342  127.99826858  127.37683343
  129.95615574 -129.21715523  127.6387711   130.80485028  127.95778732
 -127.8896474   129.01739249 -127.26680989  130.42162723  128.43405893]
