Generating synthetic real valued data ... 
Generating synthetic  real valued data took:  0.45098447799682617
Evaluation for true params: 
 test_rsme | train_rsme | rel-te-err | rel-tr-err |  test_nll  |  train_nll |
    0.0          0.0          0.0          0.0         287.82       1131.0   
Factorizing with max_iteration = 6000  fixing covariance?:  False
Tensor dimensions:  [5, 5, 5]
Optimization metrics: 
Using Ada Grad
Mean update scheme:  S
Covariance update :  N
Using diagonal covariance?:  False
Random start? True
k1 samples =  64  k2 samples =  64
eta =  1.0  cov eta =  1.0  sigma eta =  1
iteration |   time   |test_rsme |rel-te-err|train_rsme|rel-tr-err|  d_mean  |   d_cov  | test_nll | train_nll |    VLB   |  E-term  |    KL     
    0         0.25    10599.6855   0.9973   10567.8592   0.9968     3.1623     4.4251     287.82    1151.29    -1160.0   -1151.293    8.713    
    5         1.57    10503.5906   0.9882   10467.5678   0.9874     3.1623     4.4195     287.82    1151.29    -1193.0   -1151.293    41.686   
    10        3.03    10311.0552   0.9699   10270.3079   0.9688     3.0559     0.3086     287.82    1151.29    -1200.0   -1151.293    49.182   
    20        5.45    9564.9639    0.899    9513.9421    0.8972     2.7862     0.0848     287.82    1151.29    -1211.0   -1151.293    59.58    
    50       12.47    4689.1865    0.4327   4609.1059    0.4302     1.8109     0.0138     287.82    1151.29    -1226.0   -1151.293    75.166   
   100       23.81     596.3386    0.042     402.1427    0.0296     0.2634     0.0024     260.0     1044.04    -1225.0   -1144.222    80.96    
   200       46.17     256.0111    0.018     155.6949    0.0118     0.0206     0.0006     242.58     904.34    -1217.0   -1135.533    81.717   
   300       71.07     247.6897    0.0175    148.9858    0.0114     0.0068     0.0004     238.69     938.44    -1214.0   -1131.892    81.868   
   400       96.07     245.6093    0.0173    146.3309    0.0112     0.0058     0.0003     251.59     902.53    -1214.0   -1132.199    81.937   
   500       116.4     243.7531    0.0172    143.8285    0.011      0.0056     0.0003     228.32     870.11    -1216.0   -1133.782    81.969   
   600       136.57    241.7916    0.0171    141.4197    0.0108     0.0053     0.0002     232.18     918.92    -1221.0   -1138.517    81.992   
   700       159.48    239.3722    0.0169    139.0941    0.0106     0.0051     0.0002     238.66     876.21    -1221.0   -1138.985    82.014   
   800       185.31    237.8523    0.0168    136.832     0.0104     0.0058     0.0002     236.21     934.72    -1218.0   -1136.212    82.027   
   900       210.84    236.3721    0.0167    134.6369    0.0103     0.005      0.0002     243.08     868.97    -1218.0   -1136.048    82.03    
   1000      236.01    234.3731    0.0166    132.5157    0.0101     0.0052     0.0002     242.97     907.59    -1217.0   -1134.489    82.036   
   1100      260.36    232.9871    0.0165    130.4523    0.0099     0.0046     0.0002     242.95     859.14    -1218.0   -1135.614    82.045   
   1200      284.21    230.7047    0.0164    128.4311    0.0098     0.0053     0.0001     235.9      841.2     -1220.0   -1137.719    82.053   
   1300      308.42    229.0021    0.0162    126.4481    0.0096     0.0051     0.0001     236.45     866.94    -1219.0   -1136.964    82.057   
   1400      332.68    227.5726    0.0162    124.5146    0.0095     0.0054     0.0001     232.16     854.4     -1216.0   -1134.067    82.063   
   1500      354.3     225.3756    0.0161    122.6136    0.0093     0.0047     0.0001     226.83     863.67    -1214.0   -1131.885    82.071   
   1600      374.49    224.0187    0.0159    120.7411    0.0091     0.0063     0.0001     228.15     845.37    -1212.0   -1129.577    82.083   
   1700      397.59    222.282     0.0159    118.9248    0.009      0.0042     0.0001     245.01     896.36    -1211.0   -1128.988    82.088   
   1800      421.36    220.2982    0.0158    117.1183    0.0089     0.0059     0.0001     237.08     836.21    -1216.0   -1133.708     82.1    
   1900      445.64    218.9856    0.0156    115.3183    0.0087     0.0058     0.0001     230.78     835.42    -1213.0   -1131.346    82.105   
   2000      470.5     216.8728    0.0155    113.5533    0.0086     0.006      0.0001     228.3      800.0     -1217.0   -1135.104    82.112   
   2100      494.82    215.4752    0.0155    111.8149    0.0084     0.0049     0.0001     241.35     801.93    -1219.0   -1136.442    82.116   
   2200      518.18    213.8983    0.0153    110.0935    0.0083     0.0052     0.0001     224.14     840.9     -1212.0    -1129.39    82.124   
   2300      540.7     211.6533    0.0152    108.385     0.0082     0.004      0.0001     226.26     806.71    -1214.0   -1131.591    82.131   
   2400      563.26    210.0407    0.0151    106.7075    0.008      0.0041     0.0001     250.05     821.25    -1213.0   -1130.579    82.138   
   2500      588.29    208.2571    0.015     105.0458    0.0079     0.0037     0.0001     248.11     814.23    -1211.0   -1128.962    82.147   
   2600      611.77    206.3693    0.0149    103.4074    0.0078     0.0067     0.0001     232.24     835.02    -1215.0   -1132.652    82.154   
   2700      632.64    204.6356    0.0147    101.7806    0.0076     0.0044     0.0001     235.89     831.15    -1210.0   -1127.923    82.164   
   2800      657.75    202.6393    0.0146    100.1791    0.0075     0.0038     0.0001     234.68     784.63    -1212.0    -1129.68    82.172   
   2900      682.55    201.3952    0.0145    98.5794     0.0074     0.0047     0.0001     238.57     828.61    -1209.0    -1127.06    82.181   
   3000      706.35    200.0233    0.0144    97.0279     0.0073     0.0046     0.0001     226.31     781.62    -1211.0   -1129.134    82.192   
   3100      731.47    197.711     0.0143    95.4725     0.0071     0.0033     0.0001     242.87     768.8     -1209.0   -1126.504    82.196   
   3200      754.22    196.561     0.0142    93.9402     0.007      0.0031     0.0001     246.23     809.04    -1205.0   -1123.164    82.206   
   3300      779.2     194.817     0.0141    92.4287     0.0069     0.0033     0.0001     237.79     766.67    -1210.0   -1127.899    82.215   
   3400      801.01    193.0843    0.014     90.9429     0.0068     0.0047     0.0001     238.78     774.85    -1202.0   -1119.913    82.222   
   3500      821.56    191.5346    0.0139    89.4731     0.0067     0.0032     0.0001     230.72     795.67    -1209.0   -1126.524    82.229   
   3600      845.45    189.6099    0.0137    88.0385     0.0066     0.0041     0.0001     220.82     766.61    -1205.0   -1122.455    82.24    
   3700      870.94    187.9246    0.0136    86.6204     0.0064     0.0035     0.0001     237.4      793.53    -1208.0   -1126.209    82.246   
   3800      896.22    185.9784    0.0135    85.2362     0.0063     0.0042     0.0001     226.96     729.15    -1199.0   -1116.905    82.254   
   3900      921.27    184.9001    0.0133    83.8714     0.0062     0.0051     0.0001     223.96     781.46    -1211.0   -1128.829    82.262   
   4000      946.62    182.8805    0.0133     82.528     0.0061     0.0031     0.0001     230.41     728.3     -1200.0   -1117.904    82.27    
   4100      971.66    181.2043    0.0131    81.2096     0.006      0.0034     0.0001     229.06     733.69    -1208.0    -1125.68    82.28    
   4200      997.2     180.0825    0.013     79.9172     0.0059     0.0041     0.0001     229.29     710.83    -1207.0   -1125.025    82.288   
   4300     1021.85    178.1133    0.0129    78.6326     0.0058     0.0042     0.0001     254.31     721.12    -1198.0   -1115.251    82.291   
   4400     1045.71    176.3971    0.0127    77.4008     0.0057     0.0044     0.0001     227.35     698.5     -1201.0   -1118.747    82.303   
   4500     1070.86    174.7964    0.0126    76.1615     0.0056     0.0052     0.0001     225.27     729.93    -1205.0   -1122.848    82.308   
   4600     1096.32    173.3743    0.0125    74.9789     0.0055     0.0042      0.0       245.33     719.35    -1201.0   -1118.372    82.315   
   4700      1121.0    171.3052    0.0123    73.8004     0.0054     0.0027     0.0001     230.1      686.06    -1207.0   -1125.025    82.323   
   4800     1145.85    170.1724    0.0123    72.6788     0.0053     0.0043     0.0001     234.17     689.4     -1207.0   -1124.946    82.332   
   4900     1168.63    168.0059    0.0121    71.5617     0.0052     0.0048      0.0       232.06     706.15    -1201.0   -1118.624    82.345   
   5000     1188.78    167.393     0.012     70.4535     0.0051     0.0031      0.0       232.04     681.89    -1203.0   -1120.916    82.355   
   5100     1209.06    165.7238    0.0118    69.3854     0.005      0.0035      0.0       219.95     686.2     -1200.0   -1117.819    82.364   
   5200     1234.26    164.0948    0.0117    68.3289     0.0049     0.004       0.0       229.72     659.2     -1206.0    -1123.13    82.37    
   5300     1259.46    162.1672    0.0116    67.3127     0.0049     0.0045      0.0       224.39     698.76    -1204.0   -1121.316    82.381   
   5400     1284.95    160.8361    0.0114    66.3232     0.0048     0.0033      0.0       212.07     685.81    -1202.0   -1119.476    82.391   
   5500     1310.28    159.5975    0.0114    65.3385     0.0047     0.0025      0.0       228.75     713.51    -1202.0   -1119.708    82.398   
   5600     1335.56    158.2988    0.0113    64.3965     0.0046     0.0034      0.0       222.43     690.29    -1201.0   -1118.512    82.409   
   5700     1356.76    156.5452    0.0111    63.4719     0.0045     0.0034      0.0       206.85     655.16    -1201.0   -1118.229    82.414   
   5800     1376.89    155.3689    0.0111    62.5715     0.0045     0.0033      0.0       231.1      707.26    -1194.0   -1111.327    82.421   
   5900     1401.98    153.7032    0.0109    61.6966     0.0044     0.0041      0.0       231.71     655.96    -1204.0   -1122.013    82.43    
   6000     1421.96    152.6238    0.0108    60.8424     0.0043     0.0039      0.0       220.1      679.33    -1206.0   -1123.218    82.435   
[9.3374419  7.95184241 7.95730838 9.30927977 7.25293639 9.23508601
 8.37023483 7.22676976 9.33419007 8.35731231 7.57075328 7.09327855
 7.68004726 9.16135841 8.36542946 7.43932042 8.73585719 9.22322149
 7.83856277 6.64153535]
[9.79533901 9.15636165 5.69161941 8.98435675 8.64848048 9.07736264
 7.19682114 8.08597043 9.87830533 7.70068865 7.66611531 5.33813363
 8.28732891 9.51709169 8.37872615 8.4365292  9.17948404 6.74140615
 8.56312705 8.39330358]
[ 8.3924076   8.94131594  8.65109014  9.14916972  6.59331175 10.04531599
  7.56968302  8.70430871  7.95978853  8.57621949  7.36080451  9.1304881
  5.59025926  9.65048566  9.25382401  7.76592501  8.78106613  8.48639169
  9.58813798  7.39700463]
