Generating synthetic real valued data ... 
Generating synthetic  real valued data took:  0.4398937225341797
Evaluation for true params: 
 test_rsme | train_rsme | rel-te-err | rel-tr-err |  test_nll  |  train_nll |
    0.0          0.0          0.0          0.0         287.82       1131.0   
Factorizing with max_iteration = 6000  fixing covariance?:  False
Tensor dimensions:  [5, 5, 5]
Optimization metrics: 
Using Ada Grad
Mean update scheme:  S
Covariance update :  N
Using diagonal covariance?:  False
Random start? True
k1 samples =  64  k2 samples =  64
eta =  1.0  cov eta =  1.0  sigma eta =  1
iteration |   time   |test_rsme |rel-te-err|train_rsme|rel-tr-err|  d_mean  |   d_cov  | test_nll | train_nll |    VLB   |  E-term  |    KL     |   dw   |
    0         0.26    10599.5435   0.9973   10567.7662   0.9968     3.1623     4.425      287.82    1151.29    -1160.0   -1151.293    8.713      0.0213  
    5         1.98    10503.0181   0.9881   10466.9659   0.9873     3.1623     4.4203     287.82    1151.29    -1193.0   -1151.293    41.491     0.0001  
    10        3.51    10309.8181   0.9698   10268.9703   0.9686     3.0532     0.2998     287.82    1151.29    -1200.0   -1151.293    49.051     0.0001  
    20        6.11     9561.961    0.8988   9510.7607    0.8969     2.7855     0.0826     287.82    1151.29    -1211.0   -1151.293    59.501      0.0    
    50       13.53    4683.1379    0.4321    4603.469    0.4296     1.8084     0.0135     287.82    1151.29    -1226.0   -1151.293    75.112      0.0    
   100       25.68     595.6718    0.0418    401.7172    0.0295     0.2623     0.0023     261.68    1052.81    -1224.0   -1143.606    80.885      0.0    
   200       46.21     255.0195    0.0179    153.3687    0.0116     0.0185     0.0006     242.64     918.4     -1216.0    -1134.43    81.652      0.0    
   300       68.25     246.5088    0.0174    146.9531    0.0112     0.0057     0.0004     244.64     865.54    -1216.0   -1134.483    81.796      0.0    
   400       90.75     244.9421    0.0172    144.4768    0.011      0.0062     0.0003     220.77     869.73    -1216.0   -1134.514    81.865      0.0    
   500       114.63    242.4077    0.0171    142.1699    0.0109     0.0058     0.0003     229.64     866.33    -1217.0   -1134.818     81.9       0.0    
   600       135.24    240.9454    0.017     139.9369    0.0107     0.0052     0.0003     236.14     883.01    -1217.0   -1135.525    81.921      0.0    
   700       161.15    239.4681    0.0169    137.7874    0.0105     0.0055     0.0002     228.72     837.29    -1217.0   -1134.622    81.941      0.0    
   800       186.84    237.5362    0.0167    135.6869    0.0103     0.0064     0.0002     227.61     843.76    -1217.0   -1135.154    81.951      0.0    
   900       212.98    235.8605    0.0166    133.6635    0.0102     0.0054     0.0002     229.63     845.92    -1216.0   -1134.116    81.961      0.0    
   1000      238.43    234.209     0.0165    131.6721     0.01      0.0046     0.0002     244.0      807.82    -1212.0   -1130.149    81.971      0.0    
   1100      264.05    231.8024    0.0164    129.7323    0.0098     0.0063     0.0002     226.3      837.23    -1218.0    -1135.88    81.976      0.0    
   1200      285.06    230.7723    0.0163    127.8288    0.0097     0.0047     0.0001     227.15     864.7     -1218.0   -1136.154    81.983      0.0    
   1300      306.38    228.5041    0.0163    125.9642    0.0095     0.0044     0.0001     228.97     859.32    -1217.0   -1135.452    81.987      0.0    
   1400      327.18    227.4381    0.0162    124.1337    0.0094     0.0043     0.0001     251.26     851.53    -1215.0   -1132.993    81.993      0.0    
   1500      349.72    225.7608    0.016     122.323     0.0093     0.0043     0.0001     225.48     820.07    -1215.0   -1132.884    82.006      0.0    
   1600      374.31    223.9756    0.016     120.542     0.0091     0.0061     0.0001     239.3      831.27    -1214.0   -1131.635    82.007      0.0    
   1700      397.23    222.0264    0.0158    118.7863    0.009      0.0041     0.0001     238.25     825.72    -1209.0    -1126.66    82.021      0.0    
   1800      417.79    220.9003    0.0158    117.0502    0.0088     0.0054     0.0001     226.77     813.67    -1209.0   -1127.217    82.028      0.0    
   1900      439.18    219.2209    0.0157    115.3409    0.0087     0.0044     0.0001     242.6      819.25    -1214.0   -1132.416    82.037      0.0    
   2000      465.01    217.4373    0.0156    113.6426    0.0086     0.0045     0.0001     236.39     796.25    -1213.0   -1131.006    82.043      0.0    
   2100      485.75    215.2164    0.0154    111.9634    0.0084     0.0043     0.0001     236.21     813.74    -1216.0   -1133.922    82.05       0.0    
   2200      507.72    214.2422    0.0154    110.3034    0.0083     0.0041     0.0001     229.18     774.61    -1210.0   -1128.427    82.055      0.0    
   2300      533.25    211.9278    0.0152    108.6636    0.0082     0.0042     0.0001     241.73     790.0     -1217.0   -1134.929    82.062      0.0    
   2400      559.17    210.6844    0.0151    107.0374    0.008      0.0042     0.0001     231.43     811.24    -1213.0   -1131.295    82.073      0.0    
   2500      584.85    208.952     0.015     105.4239    0.0079     0.0041     0.0001     240.89     764.87    -1210.0   -1128.295    82.079      0.0    
   2600      610.63    207.6096    0.015     103.8295    0.0078     0.0045     0.0001     241.45     793.26    -1213.0   -1131.016    82.087      0.0    
   2700      632.64    205.5859    0.0148    102.2456    0.0077     0.004      0.0001     231.61     787.25    -1215.0   -1132.784    82.097      0.0    
   2800      653.35    204.324     0.0148    100.6821    0.0076     0.0048     0.0001     244.85     821.78    -1213.0   -1130.593    82.104      0.0    
   2900      675.63    202.4976    0.0146    99.1275     0.0074     0.0043     0.0001     225.75     770.28    -1213.0   -1131.184    82.113      0.0    
   3000      700.7     200.5262    0.0145    97.5957     0.0073     0.004      0.0001     241.85     774.31    -1209.0   -1126.638    82.12       0.0    
   3100      724.48    199.2163    0.0144    96.0942     0.0072     0.0038     0.0001     221.48     748.31    -1214.0    -1131.72    82.129      0.0    
   3200      746.59    197.1996    0.0142    94.5839     0.0071     0.0046     0.0001     222.36     734.59    -1202.0   -1119.918    82.138      0.0    
   3300      769.56    195.3963    0.0141    93.0922     0.007      0.0045     0.0001     243.87     760.21    -1209.0   -1126.413    82.142      0.0    
   3400      796.44    194.784     0.0141    91.6485     0.0068     0.005      0.0001     227.16     717.81    -1215.0   -1133.118    82.152      0.0    
   3500      821.95    192.3007    0.0139    90.1857     0.0067     0.0053     0.0001     244.79     726.03    -1207.0   -1124.665    82.162      0.0    
   3600      846.4     190.7133    0.0138    88.7627     0.0066     0.0049     0.0001     223.8      758.81    -1210.0   -1127.806    82.172      0.0    
   3700      867.05    188.9446    0.0137    87.3562     0.0065     0.0031     0.0001     234.56     706.44    -1202.0   -1120.057    82.179      0.0    
   3800      890.33    187.1504    0.0135    85.9506     0.0064     0.0045     0.0001     226.99     755.93    -1206.0   -1123.794    82.186      0.0    
   3900      914.53    185.7561    0.0134    84.5952     0.0063     0.0043     0.0001     223.0      704.56    -1208.0   -1125.737    82.193      0.0    
   4000      938.3     183.1158    0.0132    83.2614     0.0062     0.0041     0.0001     222.21     688.21    -1208.0   -1125.411     82.2       0.0    
   4100      963.81    181.5943    0.0131    81.9452     0.0061     0.003      0.0001     230.84     720.23    -1206.0   -1124.025    82.208      0.0    
   4200      989.84    180.5597    0.013     80.6255     0.006      0.0043     0.0001     215.32     710.05    -1199.0   -1117.174    82.217      0.0    
   4300      1015.7    179.1038    0.0129    79.3425     0.0059     0.0033      0.0       232.48     700.8     -1213.0   -1130.544    82.223      0.0    
   4400     1036.36    177.485     0.0128    78.0741     0.0057     0.0041     0.0001     237.44     679.91    -1206.0   -1123.288    82.23       0.0    
   4500     1057.01    176.1674    0.0127    76.8466     0.0057     0.0042     0.0001     242.54     706.55    -1207.0   -1124.713    82.241      0.0    
   4600     1082.09    174.1932    0.0126    75.6481     0.0056     0.0027      0.0       233.0      679.15    -1204.0   -1121.472    82.249      0.0    
   4700     1107.35    172.7843    0.0124    74.4788     0.0054     0.004      0.0001     234.25     669.14    -1203.0   -1120.626    82.255      0.0    
   4800     1132.62    170.861     0.0123    73.2987     0.0054     0.0032      0.0       211.63     695.86    -1206.0   -1123.975    82.265      0.0    
   4900     1157.28    169.6562    0.0122    72.1623     0.0052     0.0064      0.0       219.58     693.41    -1202.0   -1119.835    82.266      0.0    
   5000     1181.11    167.6739    0.012     71.0542     0.0052     0.0045      0.0       210.81     711.89    -1196.0    -1114.2     82.277      0.0    
   5100     1202.12    166.2008    0.012      69.957     0.0051     0.0036      0.0       219.61     704.69    -1203.0   -1120.563    82.286      0.0    
   5200     1222.62    165.0197    0.0118    68.8939     0.005      0.004       0.0       215.2      680.54    -1200.0   -1117.612    82.297      0.0    
   5300     1248.41    163.7819    0.0117    67.8541     0.0049     0.0042      0.0       216.08     665.33    -1199.0   -1116.269     82.3       0.0    
   5400     1273.98    161.9156    0.0116    66.8415     0.0048     0.0026      0.0       224.84     682.01    -1202.0   -1119.367    82.306      0.0    
   5500     1298.57    160.3586    0.0114    65.8256     0.0047     0.0033      0.0       219.9      632.84    -1198.0   -1115.498    82.314      0.0    
   5600     1324.32    158.5673    0.0113    64.8557     0.0047     0.0035      0.0       219.5      617.12    -1198.0   -1115.189    82.322      0.0    
   5700      1349.4    157.7755    0.0112    63.8916     0.0046     0.004       0.0       202.12     623.67    -1197.0   -1114.511    82.329      0.0    
   5800     1374.73    155.9251    0.0111    62.9602     0.0045     0.0048      0.0       206.31     657.28    -1196.0   -1113.989    82.34       0.0    
   5900     1400.45    154.6836    0.011     62.0798     0.0044     0.0027      0.0       216.45     641.28    -1202.0   -1119.335    82.347      0.0    
   6000     1424.74    153.1515    0.0108    61.1777     0.0044     0.0054      0.0       218.0      636.74    -1197.0   -1114.723    82.352      0.0    
[9.37019388 7.98814768 7.97720205 9.3184239  7.28276525 9.26668671
 8.38213611 7.24754954 9.36392129 8.36329081 7.57622808 7.11175648
 7.69384346 9.19395476 8.38773823 7.46927655 8.75815987 9.24285051
 7.86232777 6.67153258]
[9.77320578 9.12619882 5.67549187 8.95736429 8.58815161 9.11222265
 7.20606878 8.06282675 9.88583658 7.69869249 7.62601343 5.34655987
 8.22221686 9.5433015  8.3531915  8.40619536 9.18294423 6.76016359
 8.52294535 8.38421112]
[ 8.42692768  8.98152491  8.65598092  9.15817678  6.60796212 10.08145487
  7.57633809  8.70046838  8.00426402  8.56130721  7.36090937  9.12535459
  5.63501852  9.67423802  8.62225181  7.79562953  8.81406532  8.50214652
  9.59651518  7.4257626 ]
