Generating synthetic real valued data ... 
Generating synthetic  real valued data took:  0.4777846336364746
Evaluation for true params: 
 test_rsme | train_rsme | rel-te-err | rel-tr-err |  test_nll  |  train_nll |
    0.0          0.0          0.0          0.0         287.82       1131.0   
Factorizing with max_iteration = 6000  fixing covariance?:  False
Tensor dimensions:  [5, 5, 5]
Optimization metrics: 
Using Ada Grad
Mean update scheme:  S
Covariance update :  N
Using diagonal covariance?:  False
Random start? True
k1 samples =  64  k2 samples =  64
eta =  1.0  cov eta =  1.0  sigma eta =  1
iteration |   time   |test_rsme |rel-te-err|train_rsme|rel-tr-err|  d_mean  |   d_cov  | test_nll | train_nll |    VLB   |  E-term  |    KL     |   dw   |
    0         0.52    10599.5435   0.9973   10567.7662   0.9968     3.1623     4.4274     287.82    1151.29    -1160.0   -1151.293    8.713       0.0    
    5         3.28    10503.0159   0.9881   10466.9673   0.9873     3.1623     4.4274     287.82    1151.29    -1208.0   -1151.293    56.394      0.0    
    10        5.9     10309.8388   0.9698   10268.9976   0.9686     3.0525      0.0       287.82    1151.29    -1213.0   -1151.293    61.94       0.0    
    20       10.48    9562.0442    0.8988    9510.841    0.8969     2.7858      0.0       287.82    1151.29    -1221.0   -1151.293    70.03       0.0    
    50       23.91    4683.2838    0.4321   4603.5071    0.4296     1.8092      0.0       287.82    1151.29    -1233.0   -1151.293    82.09       0.0    
   100       46.44      596.21     0.0418    401.8871    0.0296     0.2611      0.0       263.38    1023.45    -1182.0   -1096.003    85.916      0.0    
   200       90.68     255.4031    0.0179    153.3371    0.0116     0.0208      0.0       248.52     876.82    -1090.0   -1003.495    86.005      0.0    
   300       134.84    246.6692    0.0174    146.9573    0.0112     0.0054      0.0       232.19     855.88    -1100.0   -1013.893    85.994      0.0    
   400       179.8     244.7916    0.0172    144.5059    0.011      0.0054      0.0       238.19     865.31    -1077.0    -991.036    85.992      0.0    
   500       222.84    243.0228    0.0171    142.1956    0.0109     0.0052      0.0       231.04     889.03    -1090.0   -1004.499    85.991      0.0    
   600       265.61    241.1694    0.017     139.9659    0.0107     0.0051      0.0       232.09     841.3     -1057.0    -970.839    85.99       0.0    
   700       308.27    239.355     0.0169    137.813     0.0105     0.0049      0.0       230.85     837.66    -1063.0    -977.253    85.989      0.0    
   800       349.73    237.4239    0.0168    135.7212    0.0103     0.0049      0.0       223.09     860.41    -1069.0    -982.834    85.989      0.0    
   900       393.11    235.7363    0.0166    133.6876    0.0102     0.0047      0.0       232.57     845.78    -1077.0    -990.819    85.99       0.0    
   1000      436.86    234.1506    0.0165    131.7021     0.01      0.0047      0.0       239.94     828.15    -1063.0    -977.388    85.989      0.0    
   1100      478.61    232.2243    0.0165    129.7567    0.0098     0.0045      0.0       237.41     819.06    -1049.0    -962.599    85.987      0.0    
   1200      521.27    230.7111    0.0164    127.8511    0.0097     0.0044      0.0       239.24     863.18    -1067.0    -980.807    85.987      0.0    
   1300      563.3     229.0627    0.0163    125.9878    0.0095     0.0045      0.0       230.24     781.45    -1094.0   -1007.847    85.986      0.0    
   1400      606.24    227.5259    0.0162    124.1555    0.0094     0.0044      0.0       234.48     828.18    -1014.0    -928.029    85.988      0.0    
   1500      647.63    225.8891    0.0161    122.3501    0.0093     0.0043      0.0       234.33     800.47    -1084.0    -997.738    85.989      0.0    
   1600      692.58    224.1915    0.016     120.5715    0.0091     0.0042      0.0       241.64     843.12    -1047.0    -960.588    85.99       0.0    
   1700      736.63    222.352     0.0159    118.8167    0.009      0.0043      0.0       228.67     841.38    -1088.0   -1002.207    85.99       0.0    
   1800      780.21    220.5828    0.0158    117.0844    0.0088     0.0041      0.0       232.28     791.87    -1041.0    -954.558    85.99       0.0    
   1900      823.85    218.7839    0.0157    115.3704    0.0087     0.0041      0.0       227.58     782.15    -1056.0    -969.953    85.991      0.0    
   2000      871.18    217.3069    0.0156    113.6758    0.0086     0.004       0.0       224.28     790.74    -1043.0    -957.433    85.992      0.0    
   2100      912.87    215.8207    0.0155    111.9978    0.0084     0.004       0.0       232.29     808.86    -1035.0    -948.911    85.994      0.0    
   2200      955.0     214.1311    0.0154    110.3433    0.0083     0.0039      0.0       227.65     778.62    -1024.0    -938.076    85.996      0.0    
   2300      998.47    212.7086    0.0153    108.7032    0.0082     0.0039      0.0       244.03     792.58    -1060.0    -974.323    85.997      0.0    
   2400     1043.39    210.7927    0.0152    107.0772    0.0081     0.0039      0.0       236.38     804.8     -1025.0    -938.942    85.996      0.0    
   2500     1086.49    209.0588    0.015     105.4702    0.0079     0.0039      0.0       230.09     759.66    -1043.0    -957.23     85.999      0.0    
   2600     1130.93    207.3747    0.0149    103.8746    0.0078     0.0037      0.0       234.41     770.55    -1040.0    -954.281     86.0       0.0    
   2700     1172.56    205.6941    0.0148    102.2936    0.0077     0.0037      0.0       224.81     782.08    -1036.0    -949.971    85.999      0.0    
   2800     1216.69    204.107     0.0147    100.7213    0.0076     0.0037      0.0       221.68     771.97    -1089.0    -1003.37     86.0       0.0    
   2900     1262.02    202.1244    0.0146     99.172     0.0074     0.0036      0.0       215.75     749.05    -1059.0    -972.593    86.001      0.0    
   3000     1303.94    200.5033    0.0145    97.6404     0.0073     0.0035      0.0       223.49     755.25    -1009.0    -923.129    86.003      0.0    
   3100     1345.99    198.9746    0.0144    96.1225     0.0072     0.0035      0.0       235.2      761.66    -1018.0    -932.134    86.005      0.0    
   3200     1387.97    197.246     0.0142     94.619     0.0071     0.0036      0.0       218.66     734.35    -1015.0    -928.85     86.008      0.0    
   3300     1429.75    195.621     0.0141    93.1382     0.007      0.0034      0.0       230.88     720.23    -1003.0    -917.34     86.01       0.0    
   3400      1471.9    194.0757    0.014     91.6717     0.0068     0.0036      0.0       229.38     737.83     -982.0    -895.804    86.011      0.0    
   3500     1513.84    192.3561    0.0139    90.2266     0.0067     0.0032      0.0       227.72     690.29     -995.0    -908.996    86.013      0.0    
   3600     1556.91    190.544     0.0138    88.7982     0.0066     0.0031      0.0       222.65     684.59     -996.0    -910.246    86.013      0.0    
   3700     1598.92    188.9016    0.0137    87.3918     0.0065     0.0032      0.0       229.35     749.09    -1020.0    -933.943    86.015      0.0    
   3800     1641.92    187.3549    0.0135    86.0061     0.0064     0.0031      0.0       229.38     755.68     -980.0    -893.668    86.018      0.0    
   3900     1685.44    185.716     0.0134    84.6376     0.0063     0.0031      0.0       225.77     705.86    -1032.0    -946.253    86.019      0.0    
   4000     1730.58    184.116     0.0133    83.2898     0.0062     0.0031      0.0       224.23     676.76    -1006.0    -919.825    86.02       0.0    
   4100     1774.71    182.3331    0.0132    81.9685     0.0061     0.003       0.0       218.71     685.15    -1050.0    -964.466    86.021      0.0    
   4200     1819.78    180.7549    0.013     80.6668     0.006      0.0028      0.0       223.99     694.11    -1005.0    -918.992    86.024      0.0    
   4300      1865.0    179.1494    0.0129    79.3905     0.0059     0.0027      0.0       214.63     665.5      -967.0    -880.901    86.024      0.0    
   4400      1909.3    177.6322    0.0128     78.134     0.0058     0.0027      0.0       223.23     650.38     -966.0    -880.246    86.026      0.0    
   4500     1951.38     175.96     0.0127    76.8999     0.0057     0.0029      0.0       227.87     635.24     -947.0    -861.222    86.028      0.0    
   4600     1995.32    174.3852    0.0126    75.6863     0.0055     0.003       0.0       217.56     688.98     -943.0    -857.33     86.028      0.0    
   4700     2038.19    172.952     0.0124     74.505     0.0055     0.0027      0.0       209.61     630.83     -997.0    -911.289    86.03       0.0    
   4800     2081.65    171.2534    0.0123    73.3408     0.0054     0.0025      0.0       219.12     658.19     -927.0    -841.036    86.032      0.0    
   4900     2124.24    169.8426    0.0122    72.2031     0.0053     0.0026      0.0       218.67     654.89     -954.0    -867.473    86.034      0.0    
   5000      2166.9    167.9939    0.0121    71.0934     0.0052     0.0026      0.0       229.72     628.81     -976.0    -890.028    86.035      0.0    
   5100     2209.86    166.5475    0.0119    70.0031     0.0051     0.0027      0.0       205.75     658.29     -954.0    -868.255    86.037      0.0    
   5200     2252.32    165.1457    0.0118    68.9366     0.005      0.0024      0.0       214.57     623.36     -960.0    -873.555    86.038      0.0    
   5300     2295.38    163.6592    0.0117     67.891     0.0049     0.0021      0.0       221.15     648.4      -992.0    -905.551    86.038      0.0    
   5400     2338.54    162.1948    0.0116    66.8726     0.0048     0.0026      0.0       219.97     634.4      -939.0    -853.239    86.038      0.0    
   5500     2381.57    160.5595    0.0115    65.8727     0.0047     0.003       0.0       227.25     643.78     -992.0    -905.47     86.041      0.0    
   5600     2424.28    159.2808    0.0114    64.8995     0.0047     0.0026      0.0       217.89     617.04     -894.0    -808.19     86.042      0.0    
   5700     2466.23    157.7864    0.0112    63.9423     0.0046     0.0022      0.0       209.09     627.71     -933.0    -846.87     86.043      0.0    
   5800     2509.05    156.4826    0.0111     63.014     0.0045     0.002       0.0       219.96     619.37     -953.0    -866.852    86.043      0.0    
   5900     2551.75    155.2423    0.011     62.1086     0.0044     0.0024      0.0       211.51     659.0      -927.0    -840.731    86.043      0.0    
   6000     2595.81    153.5819    0.0109    61.2226     0.0044     0.002       0.0       219.12     637.48     -933.0    -846.922    86.044      0.0    
[9.37029139 7.98856013 7.97268769 9.31388005 7.27108959 9.26676347
 8.3847147  7.23967214 9.36878951 8.35525981 7.58558988 7.10915439
 7.68837045 9.18825348 8.3883336  7.46793555 8.75482579 9.24120403
 7.85916764 6.66971692]
[9.77188321 9.12442564 5.68125032 8.96073342 8.57951254 9.11333799
 7.20561126 8.0655305  9.88191362 7.70003264 7.62365489 5.34661386
 8.21855375 9.53984958 8.35656783 8.406408   9.18270386 6.76718864
 8.52405291 8.38432688]
[ 8.43299793  8.98396996  8.66058592  9.15731008  6.61225685 10.07814606
  7.5844593   8.70367091  8.00340108  8.56120811  7.36588888  9.1318936
  5.63553297  9.67081198  8.62339226  7.79695687  8.82009989  8.50216771
  9.59743348  7.43083596]
