Factorizing with max_iteration = 75000  fixing covariance?:  False
Tensor dimension: [63728, 63715, 1847]
Mean update: S
Cov update: N
Using diagonal covariance: True
k1 samples =  64  k2 samples =  128
eta =  1.0  cov eta =  1.0  sigma eta =  1
iteration |   time   |  test_err  |  test_mae  |  trainerr  |  trainmae |
    0         1.88       0.0      53.4057      0.0      53.3741  
    5       4375.13      0.0      53.4165      0.0      53.3723  
    10      8759.26      0.0      53.3955      0.0      53.3542  
    20      13159.96     0.0      53.3708      0.0      53.3266  
    50      17560.42     0.0      53.3874      0.0      53.3178  
   100      22032.24     0.0      53.2694      0.0      53.2364  
   200      26657.77     0.0      52.9888      0.0      52.9447  
   5000     40916.8      0.0       9.6578      0.0       9.357   
  10000     55514.83     0.0       7.9431      0.0       7.4675  
  15000     70284.77     0.0       7.6778      0.0       7.1016  
  20000     84782.86     0.0       7.3927      0.0       6.7895  
  25000     99325.91     0.0       7.102       0.0       6.4995  
  30000    115147.31     0.0       6.8889      0.0       6.3021  
  35000     130851.8     0.0       6.647       0.0       6.0651  
  40000     146130.6     0.0       6.4412      0.0       5.8804  
  45000    161012.88     0.0       6.307       0.0       5.7852  
  50000    175832.12     0.0       6.1385      0.0       5.6453  
  55000    189973.39     0.0       6.0321      0.0       5.5633  
  60000    203991.41     0.0       5.9068      0.0       5.448   
  65000    218243.34     0.0       5.7931      0.0       5.3752  
  70000     232942.6     0.0       5.6632      0.0       5.2765  
  75000    247988.73     0.0       5.5275      0.0       5.157   
