Generating synthetic binary valued data ... 
Generating synthetic  binary valued data took:  9.583148956298828
Evaluation for true params: 
 test_rsme | train_rsme | rel-te-err | rel-tr-err |  test_nll  |  train_nll |
0.7885175965 0.794858478    0.15544      0.15795      24665.33     97626.56  
Factorizing with max_iteration = 8000  fixing covariance?:  False
Tensor dimensions:  [50, 50, 50]
Optimization metrics: 
Using Ada Grad
Mean update scheme:  S
Covariance update :  N
Using diagonal covariance?:  False
Random start? True
k1 samples =  64  k2 samples =  64
eta =  1.0  cov eta =  1.0  sigma eta =  1
iteration |   time   |test_rsme |rel-te-err|train_rsme|rel-tr-err|  d_mean  |   d_cov  | test_nll | train_nll |    VLB   |  E-term  |    KL     
    0         1.36      1.4121     0.4985     1.415      0.5006     3.1623     4.3596    18603.27   74818.4    -77363.0  -77349.49    13.711   
    5        283.06     1.4083     0.4958     1.4124     0.4987     3.1623     4.3609    19159.94   76628.61   -77280.0  -77266.088   14.065   
    10       594.03     1.4075     0.4952     1.4119     0.4984     3.1623     4.3609    19873.48   79423.11   -77229.0  -77214.823   14.444   
    20       939.36     1.4071     0.495      1.4095     0.4966     3.1623     4.3609    22211.49   89055.66   -77023.0  -77006.993   15.545   
    50      1387.95     1.4064     0.4945     1.3982     0.4888     3.1623     4.3609    42143.62   164283.8   -76277.0  -76226.853   49.956   
   100      2064.97     1.3862     0.4804     1.3683     0.4681     3.0017     0.0896    22593.53   87943.43   -74721.0  -74668.444   52.464   
   200      2703.42     0.9354     0.2187     0.926      0.2144     1.7239     0.0255    11630.48   45555.83   -64898.0  -64848.79    48.758   
   300      3425.39     0.903      0.2038     0.8936     0.1996     1.3982     0.0227    10755.21   41964.93   -64207.0  -64162.105   44.739   
   400      4184.88     0.9008     0.2029     0.8883     0.1973     1.1172     0.0205    10518.86   41020.84   -64078.0  -64035.17    43.174   
   500      4951.95     0.8952     0.2004     0.8797     0.1935     0.996      0.0172    10430.45   40559.18   -63993.0  -63953.453   39.394   
   600      5722.53     0.9008     0.2028     0.8802     0.1937     1.1899     0.0152    10339.99   40343.32   -64049.0  -64010.309   38.456   
   700      6483.45     0.8881     0.1972     0.8686     0.1886     1.1682     0.0126    10249.0    40095.39   -63854.0  -63818.656   35.295   
   800      7252.45     0.8825     0.1947     0.8627     0.1861     0.9527     0.0122    10213.97   39570.43   -63666.0  -63633.068   32.916   
   900      8016.07     0.8807     0.1939     0.8638     0.1866     0.8462     0.0119    10184.09   39567.97   -63689.0  -63657.081   31.563   
   1000     8778.26     0.8801     0.1936     0.8653     0.1872     0.9653     0.0104    10180.19   39431.71   -63679.0  -63648.999   30.143   
   1100     9547.17     0.8801     0.1936     0.8569     0.1836     0.9729     0.0097    10210.58   39262.42   -63551.0  -63521.756   28.751   
   1200     10309.15    0.8818     0.1944      0.86      0.1849     0.9878     0.0099    10220.27   39267.72   -63502.0  -63469.425   32.548   
   1300     11073.15    0.8727     0.1904     0.8484      0.18      0.8123     0.0092    10046.75   38667.35   -63482.0  -63452.168   29.948   
   1400     11842.94    0.8748     0.1913     0.853      0.1819     0.8092     0.009     10031.11   38641.68   -63398.0  -63368.735   29.302   
   1500     12604.11    0.8782     0.1928     0.8515     0.1813     0.9311     0.0088    10061.84   38714.58   -63393.0  -63361.291   31.416   
   1600     13373.39    0.8718      0.19      0.8455     0.1787     0.9557     0.0087    10041.73   38440.68   -63445.0  -63414.375   30.897   
   1700     14142.93    0.8721     0.1902     0.8445     0.1783     0.8953     0.0082    10053.98   38508.84   -63455.0  -63421.456   33.213   
   1800     14912.21    0.8688     0.1887     0.8458     0.1788     1.0699     0.008     9948.25    38224.37   -63255.0  -63224.282   31.128   
   1900     15679.18    0.8614     0.1855     0.8386     0.1758     0.9043     0.0079    9897.65    38077.48   -63193.0  -63162.449   30.168   
   2000     16441.78    0.8592     0.1846     0.8418     0.1772     0.9952     0.0074    9886.76    38023.87   -63162.0  -63130.06    31.586   
   2100     17203.81    0.8614     0.1855     0.8396     0.1762     0.8932     0.0071    9939.07    37969.16   -63331.0  -63302.006   28.996   
   2200     17968.14    0.866      0.1875     0.8388     0.1759     0.9252     0.007     9889.36    37764.74   -63208.0  -63180.427   27.942   
   2300     18737.47    0.8641     0.1867     0.8402     0.1765     0.9611     0.0069    9881.91    37821.29   -63267.0  -63235.797   31.563   
   2400     19505.73    0.8606     0.1852     0.8356     0.1746     0.8782     0.0066     9863.4    37618.98   -63105.0  -63075.159   30.014   
   2500     20270.18    0.8556     0.183      0.8341     0.1739     0.7966     0.0066    9792.18    37435.0    -63073.0  -63043.585   29.384   
   2600     21035.06    0.8551     0.1828     0.8359     0.1747     1.0808     0.0064    9821.96    37645.64   -63020.0  -62991.442   28.866   
   2700     21802.55    0.8582     0.1841     0.8323     0.1732     0.7442     0.0062    9778.22    37456.47   -63080.0  -63050.537   29.501   
   2800     22567.66    0.8616     0.1856     0.8291     0.1719     0.7264     0.0062    9759.09    37331.56   -63209.0  -63178.674   30.018   
   2900     23334.45    0.8567     0.1835     0.8341     0.174      0.9263     0.0059    9777.61    37296.35   -63094.0  -63063.367   30.772   
   3000     24096.6     0.8608     0.1852     0.8332     0.1735     0.8276     0.0058    9817.05    37336.65   -62945.0  -62913.96    30.683   
   3100     24861.98    0.8599     0.1848     0.8343     0.174      0.8596     0.0057    9849.57    37408.04   -63046.0  -63017.627   28.757   
   3200     25625.55    0.8528     0.1818     0.831      0.1726     0.9936     0.0054    9780.71    37146.54   -62957.0  -62926.41    30.106   
   3300     26395.87    0.8536     0.1822     0.8296     0.172      0.7413     0.0052    9732.19    37121.9    -63073.0  -63042.375   30.64    
   3400     27162.02    0.8577     0.1839     0.8288     0.1717     1.1268     0.0053    9776.28    37164.39   -62971.0  -62941.65    29.324   
   3500     27922.85    0.854      0.1823     0.8283     0.1715     0.8526     0.0051    9756.68    37091.2    -62883.0  -62852.17    30.685   
   3600     28688.6     0.8534     0.1821     0.8275     0.1712     0.8596     0.005     9772.76    37116.13   -62997.0  -62966.387   30.869   
   3700     29455.04    0.8542     0.1824     0.8311     0.1727     0.7338     0.0047    9746.71    37083.43   -62925.0  -62895.633   29.104   
   3800     30221.7     0.8524     0.1816     0.8293     0.1719     0.6843     0.0046    9722.96    37000.53   -63129.0  -63101.476   27.765   
   3900     30989.39    0.8501     0.1807     0.826      0.1706     0.6761     0.0044    9705.03    36862.23   -62931.0  -62900.942   29.612   
   4000     31756.47    0.8514     0.1812     0.8282     0.1715     0.8658     0.0049    9711.04    36953.8    -62801.0  -62773.332   27.488   
   4100     32523.49    0.8482     0.1798     0.8204     0.1683     0.6615     0.0045    9654.54    36747.67   -63016.0  -62988.802   27.291   
   4200     33288.05    0.8529     0.1819     0.8257     0.1704     0.7023     0.0047    9691.86    36753.79   -62929.0   -62901.8    27.614   
   4300     34055.53    0.8544     0.1825     0.8226     0.1692     0.7658     0.0043    9687.48    36677.76   -62893.0  -62863.475   29.032   
   4400     34822.35    0.8552     0.1828     0.8287     0.1717     0.9972     0.004     9746.72    36925.32   -63059.0  -63027.307   31.431   
   4500     35585.38    0.8465     0.1792     0.826      0.1706     0.7155     0.004     9691.09    36608.79   -62860.0  -62829.182   30.849   
   4600     36354.97    0.8464     0.1791     0.8231     0.1694     0.8286     0.0037    9682.91    36615.41   -62946.0  -62916.008   30.05    
   4700     37127.93    0.8458     0.1788     0.8188     0.1676     0.5913     0.0037    9641.98    36380.61   -62762.0  -62732.343   29.461   
   4800     37896.99    0.8515     0.1813     0.8253     0.1703     0.7227     0.0035     9703.6    36654.34   -63068.0  -63040.883   27.291   
   4900     38669.6     0.8509     0.181      0.8234     0.1695     0.8712     0.0035    9679.14    36564.27   -62881.0  -62852.042   29.187   
   5000     39443.91    0.8473     0.1795     0.8223     0.169      0.9562     0.0044    9666.25    36543.6    -62775.0  -62745.182   29.534   
   5100     40217.86    0.8515     0.1813     0.8247      0.17      1.158      0.0035    9670.82    36596.42   -62982.0  -62952.951   29.357   
   5200     40985.12    0.8496     0.1804     0.8246      0.17      0.9449     0.0035    9687.47    36561.32   -62944.0  -62915.888   28.47    
   5300     41758.45    0.8525     0.1817     0.8219     0.1689     0.6942     0.0036    9683.04    36496.73   -62918.0  -62890.464   27.359   
   5400     42533.63    0.8499     0.1806     0.822      0.1689     0.6301     0.0034    9688.08    36365.85   -62750.0  -62721.369   28.294   
   5500     43301.72    0.8465     0.1792     0.8225     0.1691     0.8259     0.0033     9684.7    36509.7    -62852.0  -62824.709   27.525   
   5600     44068.49    0.8457     0.1788     0.8202     0.1682     0.9481     0.0038    9623.39    36343.91   -62734.0  -62707.814   26.033   
   5700     44843.92    0.8466     0.1792     0.8177     0.1672     0.6641     0.0034    9629.81    36320.28   -62942.0  -62914.57    27.393   
   5800     45617.36    0.8464     0.1791     0.821      0.1685     0.9415     0.0036    9609.87    36493.88   -62885.0  -62858.224   26.519   
   5900     46385.39     0.84      0.1764     0.8201     0.1682     0.6491     0.0034    9589.85    36308.91   -62796.0  -62770.112   25.854   
   6000     47154.6     0.8431     0.1777     0.8189     0.1677     0.6981     0.0032    9625.91    36355.41   -62775.0  -62747.838   26.855   
   6100     47923.08    0.8452     0.1786     0.8226     0.1692     0.7383     0.0031     9630.9    36403.38   -62868.0  -62841.71    26.096   
   6200     48691.59    0.8416     0.1771     0.8179     0.1672     0.8454     0.0031    9602.56    36206.04   -62761.0  -62733.36    27.928   
   6300     49466.31    0.8436     0.1779     0.8198     0.168      0.7747     0.0032     9590.6    36325.68   -62892.0  -62863.258   28.475   
   6400     50237.92    0.8446     0.1783     0.8178     0.1672     0.721      0.0033    9587.79    36301.29   -62927.0  -62900.247   26.932   
   6500     51006.41    0.8436     0.1779     0.8197     0.168      0.5617     0.0029     9557.7    36245.78   -62797.0  -62769.007   27.536   
   6600     51773.55    0.8439     0.178      0.8212     0.1686     0.5994     0.0029    9611.67    36256.73   -62809.0  -62780.663   28.341   
   6700     52544.51    0.8428     0.1776     0.8187     0.1676     0.6266     0.0035    9623.38    36248.01   -62820.0  -62792.401   27.505   
   6800     53314.22    0.8396     0.1762     0.8176     0.1671     0.7561     0.0027    9606.31    36172.37   -62742.0  -62715.104   27.33    
   6900     54087.34    0.8484      0.18      0.8183     0.1674     0.7398     0.0027    9670.61    36251.22   -62768.0  -62739.749   28.295   
   7000     54853.96    0.8473     0.1795     0.8185     0.1675     0.6151     0.0032    9682.88    36205.4    -62693.0  -62663.382   29.715   
   7100     55628.11    0.842      0.1772     0.8163     0.1666     0.6399     0.0027    9631.88    36081.93   -62701.0  -62670.347   31.022   
   7200     56398.45    0.8462     0.179      0.8176     0.1671     0.7138     0.0024    9681.88    36140.57   -62824.0  -62793.249   30.926   
   7300     57168.33    0.8438     0.178      0.8147     0.1659     0.5487     0.0024    9629.51    35949.02   -62767.0  -62736.272   30.433   
   7400     57942.93    0.8456     0.1788     0.815      0.1661     0.6326     0.0027    9579.51    35985.6    -62765.0  -62735.15    30.164   
   7500     58711.32    0.845      0.1785     0.8103     0.1641     0.4722     0.003     9560.24    35883.2    -62737.0  -62706.766   30.634   
   7600     59483.52    0.8445     0.1783     0.815      0.1661     0.7592     0.0025    9597.88    36031.57   -62772.0  -62741.436   30.149   
   7700     60251.59     0.85      0.1806     0.8174     0.167      0.7187     0.003     9607.79    36200.83   -62877.0  -62846.628   30.514   
   7800     61019.8     0.8421     0.1773     0.8172     0.1669     0.587      0.0023    9591.21    35998.27   -62669.0  -62638.37    30.581   
   7900     61791.81    0.8438     0.178      0.8127     0.1651     0.656      0.0023    9598.05    35968.24   -62730.0  -62699.538   30.503   
   8000     62565.1     0.8449     0.1785     0.8131     0.1653     0.5715     0.0024    9597.53    35875.62   -62809.0  -62779.992   29.281   
[-0.29913732  0.77903116  0.96350889  0.83427794  1.47129701  0.49005247
  1.06625773  0.43004066  0.34865562  0.02309434  0.55618154  0.82899041
  0.33527417  0.05414133  1.26758666  0.40952737  1.19739341  0.14154123
 -0.04707934 -0.20483424]
[ 0.13041426 -0.15811114  0.46552676 -0.37796644 -0.13526921 -0.09954946
 -0.24817811 -0.39485999  0.58554761  0.10160386  0.25653048  0.70615644
  0.00797867  0.91437975  0.34370551  1.45583252 -0.0874351   0.03421204
 -0.19269361 -0.44645163]
[ 0.63745581  1.13437311 -0.00293421  0.41797677  1.07416152  0.55716898
 -0.43656174  0.45007073  0.85495038 -0.41944847  0.80619379  0.48250336
  0.43237743  0.1140984  -0.70201652 -0.24404577  1.29853998  0.37841346
  0.86643178  0.86098823]
