Generating synthetic binary valued data ... 
Generating synthetic  binary valued data took:  9.194368124008179
Evaluation for true params: 
 test_rsme | train_rsme | rel-te-err | rel-tr-err |  test_nll  |  train_nll |
0.5775811631 0.5850470067    0.0834      0.08557      22915.99     91140.33  
Factorizing with max_iteration = 8000  fixing covariance?:  False
Tensor dimensions:  [50, 50, 50]
Optimization metrics: 
Using Ada Grad
Mean update scheme:  S
Covariance update :  N
Using diagonal covariance?:  False
Random start? True
k1 samples =  64  k2 samples =  64
eta =  1.0  cov eta =  1.0  sigma eta =  1
iteration |   time   |test_rsme |rel-te-err|train_rsme|rel-tr-err|  d_mean  |   d_cov  | test_nll | train_nll |    VLB   |  E-term  |    KL     |   dw   |
    0         1.97      1.4131     0.4992     1.4137     0.4996     3.1623     4.4274    18653.18   74455.53   -75055.0  -75041.026   13.751     0.003   
    5        498.03     1.4126     0.4988     1.4097     0.4968     3.1623     4.4274    18850.2    75432.69   -75142.0  -75127.407   14.347     0.0005  
    10       983.73     1.4158     0.5011     1.4122     0.4986     3.1623     4.4274    19119.12   76529.27   -75199.0  -75183.438   15.214     0.0003  
    20       1500.8     1.4164     0.5015     1.4136     0.4996     3.1623     4.4274    19639.02   78193.51   -75272.0  -75254.037   17.524     0.0002  
    50      2067.95     1.4174     0.5023     1.4082     0.4958     3.1623     6.5614    21206.19   83370.81   -75542.0  -75475.817   66.56       0.0    
   100      2723.47     1.4175     0.5023     1.4013     0.4909     2.473      5.9327    18412.8    72730.76   -75107.0  -75039.944   67.447      0.0    
   200      3947.73     0.8856     0.1961     0.8759     0.1918     1.8198     6.2247    11150.71   43988.66   -65836.0  -65791.444   44.398      0.0    
   300      5171.05     0.7887     0.1555     0.7792     0.1518     1.4804     1.8738    8474.91    33144.69   -61754.0  -61716.337   38.141      0.0    
   400      6415.85     0.7839     0.1536     0.7737     0.1496     1.3397    25.3136    8138.92    31796.05   -61501.0  -61465.577   35.384      0.0    
   500       7670.0     0.7699     0.1482     0.7608     0.1447     1.1696     2.2428    7963.28    31243.69   -61511.0  -61476.242   34.527      0.0    
   600      8930.21     0.7693     0.148      0.7545     0.1423     1.2609     5.7297    7840.97    30680.93   -61299.0  -61267.409   31.959      0.0    
   700      10200.37    0.7464     0.1393     0.7388     0.1364     1.0244     2.2654    7659.94    29983.42   -61243.0  -61215.19    28.298      0.0    
   800      11467.42    0.7421     0.1377     0.7323     0.1341     1.0741     2.1337    7566.39    29679.5    -61209.0  -61182.688   25.952      0.0    
   900      12742.2     0.7428     0.1379     0.7298     0.1332     1.2141     5.5305    7521.24    29319.14   -60993.0  -60970.092   23.214      0.0    
   1000     14024.03    0.7404     0.137      0.7274     0.1323     1.2461     5.9277    7520.29    29466.7    -61164.0  -61142.225   21.85       0.0    
   1100     15303.8     0.738      0.1362     0.7259     0.1317     1.1971    47.9171    7458.61    29231.49   -61112.0  -61089.651   22.307      0.0    
   1200     16582.26    0.752      0.1414     0.7367     0.1357     0.9114    371.4385   7585.81    29776.0    -61255.0  -61232.734   22.086      0.0    
   1300     17846.02    0.7539     0.1421     0.734      0.1347     0.9854    42.0035    7616.51    29880.11   -61323.0  -61300.887   22.018      0.0    
   1400     19095.81    0.7509     0.141      0.7387     0.1364     0.9711    379.5059   7527.53    29762.17   -61191.0  -61170.913   19.626      0.0    
   1500     20330.8     0.7507     0.1409     0.7409     0.1372     0.9901    429.3154   7590.01    29863.73   -61071.0  -61049.849   21.609      0.0    
   1600     21554.77    0.7561     0.1429     0.7479     0.1398     1.1057    253.5989   7669.27    30364.69   -61492.0  -61471.778   20.021      0.0    
   1700     22777.2     0.7582     0.1437     0.7497     0.1405     0.9635    143.2644   7647.84    30178.23   -61248.0  -61225.857    22.2       0.0    
   1800     23976.8     0.7595     0.1442     0.7494     0.1404     1.0219    245.2594   7702.08    30450.82   -61380.0  -61358.007   21.809      0.0    
   1900     25148.06    0.7566     0.1431     0.748      0.1399     0.6534    38.8543    7661.39    30352.94   -61412.0  -61390.198   21.342      0.0    
   2000     26321.19    0.7546     0.1424     0.7487     0.1401     0.6917    287.568    7632.49    30221.61   -61259.0  -61238.31    21.035      0.0    
   2100     27487.78    0.7561     0.1429     0.7489     0.1402     0.6687    143.2019    7628.4    30249.2    -61373.0  -61352.55    20.687      0.0    
   2200     28651.76     0.76      0.1444     0.7511     0.141      0.6575    180.0441   7681.35    30345.61   -61291.0  -61271.519   19.688      0.0    
   2300     29804.75    0.767      0.1471     0.7576     0.1435     0.9112    193.7437   7788.76    30835.05   -61484.0  -61465.564   18.825      0.0    
   2400     30936.83    0.7612     0.1448     0.7491     0.1403     0.7672    350.1313   7704.77    30426.58   -61310.0  -61291.164   18.799      0.0    
   2500     32059.71    0.7614     0.1449     0.7499     0.1406     1.1884   3811.7291   7813.54    30856.48   -61504.0  -61481.044   23.025      0.0    
   2600     33173.51    0.7531     0.1418     0.7485     0.1401     0.8771    328.1039   7690.74    30471.9    -61375.0  -61352.823   22.047      0.0    
   2700     34276.7     0.7549     0.1425     0.7469     0.1395     0.9944    830.9062   7700.22    30549.07   -61422.0  -61399.651   22.358      0.0    
   2800     35377.92    0.7545     0.1423     0.7468     0.1394     0.9789   1366.7582   7734.14    30573.82   -61306.0  -61283.999   22.009      0.0    
   2900     36478.51    0.7554     0.1426     0.7433     0.1381     0.7664    488.2062   7626.17    30156.98   -61197.0  -61175.515   21.94       0.0    
   3000     37575.85    0.7564     0.143      0.7483      0.14      0.7792    330.0504   7745.15    30597.14   -61462.0  -61441.478   20.704      0.0    
   3100     38677.96    0.7532     0.1418     0.7458     0.1391     0.7585    241.1929   7729.82    30415.68   -61325.0  -61302.697   22.224      0.0    
   3200     39770.81    0.7552     0.1426     0.744      0.1384     0.8692    335.561    7690.52    30316.7    -61236.0  -61208.861   27.567      0.0    
   3300     40864.59    0.7558     0.1428     0.7508     0.1409     0.6325    114.5022   7677.56    30259.54   -61188.0  -61160.566   27.397      0.0    
   3400     41958.58    0.7522     0.1414     0.7461     0.1392     0.5533    12.6287    7635.27    30239.37   -61333.0  -61308.425   24.975      0.0    
   3500     43053.55    0.7526     0.1416     0.7461     0.1392     0.4768    112.4373   7638.09    30175.05   -61356.0  -61259.311   96.748      0.0    
   3600     44150.9     0.7546     0.1424     0.7451     0.1388     0.5046    45.4013    7616.42    30107.88   -61215.0  -61174.989   40.114      0.0    
   3700     45248.53    0.7554     0.1426     0.7412     0.1373     0.8566    915.2886   7638.61    30269.66   -61382.0  -61357.938   24.221      0.0    
   3800     46346.76    0.754      0.1421     0.7475     0.1397     0.6008     75.559    7624.45    30209.57   -61150.0  -61127.621    22.6       0.0    
   3900     47445.95    0.7561     0.1429     0.7468     0.1394     0.5053    22.8616     7577.6    30051.54   -61259.0  -61237.357   21.513      0.0    
   4000     48545.95    0.7548     0.1424     0.7468     0.1394     0.426     29.3036    7587.86    30027.96   -61171.0  -61150.396   20.601      0.0    
   4100     49648.18    0.7509     0.141      0.7435     0.1382     0.4577    11.3926     7563.4    29952.89   -61164.0  -61142.992   21.023      0.0    
   4200     50753.42    0.7523     0.1415     0.7462     0.1392     0.3793     1.8491    7553.19    29913.9    -61120.0  -61099.081   20.698      0.0    
   4300     51857.24    0.7506     0.1408     0.7391     0.1366     0.3862     0.7885    7562.48    29902.13   -61268.0  -61246.905   21.322      0.0    
   4400     52966.27    0.7454     0.1389     0.7395     0.1367     0.4331     4.6165    7523.84    29782.15   -61137.0  -61116.498   20.397      0.0    
   4500     54077.27    0.7415     0.1374     0.7382     0.1362     0.4678    45.9164    7536.88    29820.01   -61257.0  -61236.934   19.868      0.0    
   4600     55190.88    0.7511     0.141      0.7397     0.1368     0.5698     0.3427    7535.35    29780.6    -61181.0  -61160.668   20.186      0.0    
   4700     56305.54    0.7429     0.138      0.7355     0.1352     0.5718     0.2633    7533.72    29788.07   -61240.0  -61220.386   19.893      0.0    
   4800     57423.27    0.7476     0.1397     0.7368     0.1357     0.516      0.2039    7498.19    29634.75   -61167.0  -61148.206   19.089      0.0    
   4900     58541.05    0.743      0.138      0.7328     0.1342     0.5191     2.6761    7472.47    29494.54   -61148.0  -61128.818   19.387      0.0    
   5000     59661.04    0.7406     0.1371     0.7323     0.1341     0.5237    208.7583    7492.4    29558.37   -61125.0  -61106.075   19.256      0.0    
   5100     60778.25    0.7424     0.1378     0.7352     0.1351     0.5742     0.3936    7465.01    29468.26   -61069.0  -61049.472   19.313      0.0    
   5200     61898.84    0.7431     0.138      0.7303     0.1334     0.6643     0.1257    7450.23    29390.89   -61093.0  -61073.826   18.933      0.0    
   5300     63015.12    0.7402     0.137      0.7314     0.1337     0.6006     0.0981    7424.37    29278.03   -60970.0  -60951.601   18.183      0.0    
   5400     64150.73    0.7391     0.1366     0.7289     0.1328     0.4683     0.0846     7449.0    29235.01   -60999.0  -60981.284   17.943      0.0    
   5500     65313.06    0.7385     0.1364     0.7253     0.1315     0.5077     0.155     7438.43    29146.51   -61011.0  -60992.933   18.147      0.0    
   5600     66471.18    0.7395     0.1367     0.7297     0.1331     0.4863     0.1251    7380.08    28956.12   -60796.0  -60778.283   17.555      0.0    
   5700     67637.19    0.7392     0.1366     0.7293     0.133      0.5757     0.0851    7372.75    28968.14   -60898.0  -60880.849   17.232      0.0    
   5800     68803.95    0.7329     0.1343     0.7217     0.1302     0.5693     0.2299    7362.13    28879.45   -60975.0  -60958.057   17.196      0.0    
   5900     69943.8     0.7375     0.136      0.7239     0.131      0.5719     1.0653    7384.57    28916.71   -60833.0  -60815.795   17.21       0.0    
   6000     71080.55    0.7395     0.1367     0.7207     0.1299     0.7062    11.8477    7383.27    28908.66   -60946.0  -60929.431   16.743      0.0    
   6100     72222.05    0.7386     0.1364     0.7239     0.131      0.623      0.0822    7390.64    28905.06   -60834.0  -60817.729   16.224      0.0    
   6200     73361.86    0.7386     0.1364     0.7227     0.1306     0.6117     0.1395    7365.05    28712.86   -60844.0  -60827.689   16.492      0.0    
   6300     74499.88    0.7319     0.1339     0.7162     0.1282     0.7893     0.4351    7325.73    28633.78   -60836.0  -60820.122   16.172      0.0    
   6400     75654.68    0.7305     0.1334     0.7178     0.1288     0.5035     2.9678     7331.0    28678.48   -60879.0  -60861.819   16.863      0.0    
   6500     76824.57     0.73      0.1332     0.7177     0.1288     0.6422    52.0777    7329.05    28702.79   -60899.0  -60882.066   16.718      0.0    
   6600     77983.24    0.7261     0.1318     0.7125     0.1269     0.6295     0.0344    7310.36    28557.15   -60894.0  -60877.352   17.124      0.0    
   6700     79146.88    0.7316     0.1338     0.7197     0.1295     0.6607     0.0645    7295.55    28481.7    -60821.0  -60803.663   17.218      0.0    
   6800     80319.82    0.7382     0.1362     0.7181     0.1289     0.595      0.0975    7303.95    28425.33   -60751.0  -60733.129   17.545      0.0    
   6900     81489.53    0.7308     0.1335     0.7116     0.1266     0.5596     0.1431    7265.54    28390.29   -60771.0  -60754.628   16.746      0.0    
   7000     82646.53    0.727      0.1321     0.7114     0.1265     0.692      1.5321    7250.45    28381.57   -60744.0  -60727.252   16.678      0.0    
   7100     83800.26    0.7206     0.1298     0.7044     0.1241     0.6737     0.0571    7247.91    28342.69   -60799.0  -60782.602   16.857      0.0    
