Generating synthetic binary valued data ... 
Generating synthetic  binary valued data took:  9.0225830078125
Evaluation for true params: 
 test_rsme | train_rsme | rel-te-err | rel-tr-err |  test_nll  |  train_nll |
0.5775811631 0.5850470067    0.0834      0.08557      22915.99     91140.33  
Factorizing with max_iteration = 8000  fixing covariance?:  False
Tensor dimensions:  [50, 50, 50]
Optimization metrics: 
Using Ada Grad
Mean update scheme:  S
Covariance update :  N
Using diagonal covariance?:  False
Random start? True
k1 samples =  64  k2 samples =  64
eta =  1.0  cov eta =  1.0  sigma eta =  1
iteration |   time   |test_rsme |rel-te-err|train_rsme|rel-tr-err|  d_mean  |   d_cov  | test_nll | train_nll |    VLB   |  E-term  |    KL     |   dw   |
    0         1.34      1.4181     0.5027     1.4136     0.4996     3.1623     4.3569    18698.18   74506.79   -77616.0  -77602.188   13.753     0.0468  
    5        490.13     1.4152     0.5007     1.4129     0.4991     3.1623     4.3586    19193.54   76553.9    -77508.0  -77493.924   14.013     0.0003  
    10      1030.03     1.4165     0.5016     1.4108     0.4976     3.1623     4.3586    19871.7    79300.97   -77482.0  -77467.544   14.277      0.0    
    20      1635.14     1.4223     0.5058     1.4083     0.4959     3.1623     4.3586    22137.41   87749.58   -77282.0  -77266.946   15.207     0.0002  
    50      2374.01     1.4037     0.4926     1.3813     0.477      3.1623     4.3586    40109.09  155437.12   -76202.0  -76151.328   51.105     0.0037  
   100      3421.98     1.2277     0.3768     1.204      0.3624     2.9165     0.084     19326.26   74486.77   -71127.0  -71069.217   57.732     0.0007  
   200      4333.82     0.8266     0.1708     0.8063     0.1625     1.7859     0.0386     9115.6    35162.74   -62101.0  -62049.523   50.995      0.0    
   300       5395.3     0.8075     0.163      0.7908     0.1563     1.4765     0.0363    8465.86    32896.51   -61570.0  -61520.73    49.661     0.0001  
   400      6511.19     0.8026     0.161      0.7853     0.1542     1.2387     0.0331    8191.57    31722.49   -61493.0  -61440.278   52.516      0.0    
   500       7636.1     0.7838     0.1536     0.7617     0.1451     1.0569     0.0263    8008.19    30823.66   -61304.0  -61255.897   48.363      0.0    
   600      8765.33     0.7777     0.1512     0.7549     0.1424     1.0485     0.0236    7887.39    30315.47   -61320.0  -61275.202   45.294      0.0    
   700      9899.15     0.7688     0.1478     0.7487     0.1402     0.9348     0.0224    7788.21    29852.48   -60961.0  -60917.958   42.648      0.0    
   800      11038.14    0.7604     0.1446     0.7369     0.1357     1.2501     0.0193    7685.25    29267.8    -60928.0  -60883.959   43.89       0.0    
   900      12181.92    0.7516     0.1412     0.7282     0.1326     1.008      0.0172     7607.4    28849.39   -60717.0  -60677.049   40.126      0.0    
   1000     13328.11    0.7437     0.1383     0.7153     0.1279     0.8622     0.0172    7411.48    28223.09   -60651.0  -60611.375   39.236      0.0    
   1100     14475.26    0.7295     0.133      0.7071     0.125      0.962      0.0149    7344.64    27836.73   -60367.0  -60327.623   39.547      0.0    
   1200     15624.78    0.7203     0.1297     0.6978     0.1217     0.8258     0.0147    7201.46    27248.2    -60214.0  -60173.546   40.839      0.0    
   1300     16780.54    0.7208     0.1299     0.6943     0.1205     0.922      0.0143    7177.99    27138.16   -60381.0  -60343.695   37.66       0.0    
   1400     17920.01    0.7171     0.1286     0.6944     0.1205     1.0735     0.0186    7165.95    27002.04   -60034.0  -59997.465   36.958      0.0    
   1500     19061.12    0.7093     0.1258     0.683      0.1166     0.9597     0.0126    7066.02    26521.91   -60092.0  -60054.864   36.955      0.0    
   1600     20197.95    0.7018     0.1231     0.6779     0.1149     1.0316     0.0121    6961.25    26190.8    -59880.0  -59846.339   33.804      0.0    
   1700     21332.17    0.6974     0.1216     0.6723     0.113      1.0132     0.0115     6919.7    25837.18   -59936.0  -59902.804   33.457      0.0    
   1800     22471.46    0.6941     0.1204     0.671      0.1126     1.0707     0.0114    6920.38    25790.25   -59871.0  -59837.421   33.682      0.0    
   1900     23617.26    0.6922     0.1198     0.6705     0.1124     0.9051     0.0142    6775.49    25584.21   -59774.0  -59739.058   35.261      0.0    
   2000     24761.96    0.6907     0.1193     0.6664     0.111      0.9234     0.0103    6784.05    25426.49   -59727.0  -59689.884   37.154      0.0    
   2100     25901.9     0.6816     0.1162     0.6618     0.1095     0.846       0.01     6742.33    25161.44   -59610.0   -59571.7    37.837      0.0    
   2200     27034.2     0.6884     0.1185     0.6614     0.1094     1.0994     0.0216    6767.81    25099.7    -59579.0  -59540.951   38.195      0.0    
   2300     28164.34    0.6913     0.1195     0.6643     0.1103     1.0081     0.009     6794.44    25191.82   -59670.0  -59633.821   36.383      0.0    
   2400     29293.04    0.6852     0.1174     0.6598     0.1088     1.0111     0.0131    6725.72    24977.48   -59675.0  -59637.572   36.969      0.0    
   2500     30417.0     0.6887     0.1186     0.6613     0.1093     0.9644     0.0083    6724.28    24918.61   -59453.0  -59414.643   37.953      0.0    
   2600     31546.56    0.6831     0.1166     0.6538     0.1069     0.7685     0.009     6674.25    24631.22   -59532.0  -59494.513   37.211      0.0    
   2700     32668.57    0.6857     0.1176     0.6553     0.1074     1.0025     0.0077    6697.29    24673.58   -59625.0  -59588.903   36.245      0.0    
   2800     33796.89    0.6895     0.1188     0.6563     0.1077     0.9356     0.0078    6719.92    24578.13   -59464.0  -59426.073   37.768      0.0    
   2900     34921.02    0.6812     0.116      0.6571     0.1079     0.8384     0.0089    6619.24    24511.47   -59375.0  -59337.116   38.274      0.0    
   3000     36040.57    0.6792     0.1153     0.6504     0.1058     0.8366     0.0144    6642.83    24382.88   -59329.0  -59291.949   36.951      0.0    
   3100     37161.47    0.6771     0.1146     0.6513     0.106      0.9913     0.0073    6583.45    24392.63   -59272.0  -59234.565   37.402      0.0    
   3200     38283.87    0.6775     0.1148     0.6514     0.1061     0.8796     0.0073     6604.4    24439.37   -59462.0  -59426.723   35.657      0.0    
   3300     39401.35    0.6771     0.1146     0.6509     0.1059     0.852      0.0078    6554.58    24288.32   -59423.0  -59385.159   37.803      0.0    
   3400     40513.86    0.6802     0.1157     0.6517     0.1062     0.8529     0.0074    6566.59    24269.69   -59376.0  -59337.695   38.789      0.0    
   3500     41625.45    0.6808     0.1159     0.6513     0.1061     0.968      0.0064    6582.54    24371.83   -59386.0  -59348.486   37.537      0.0    
   3600     42742.05    0.6793     0.1154     0.6529     0.1066     0.7559     0.0068    6521.68    24226.15   -59366.0  -59328.945   36.712      0.0    
   3700     43856.7     0.6831     0.1166     0.6493     0.1054     0.7465     0.0092    6552.32    24027.73   -59265.0  -59228.828   36.473      0.0    
   3800     44977.08    0.6752     0.114      0.6471     0.1047     0.8388     0.007     6522.27    23981.4    -59277.0  -59239.41    37.439      0.0    
   3900     46097.66    0.6801     0.1156     0.6464     0.1045      0.95      0.0062    6527.31    23985.68   -59122.0  -59085.323   36.828      0.0    
   4000     47218.56    0.6752     0.114      0.6452     0.1041     0.9459     0.0063    6526.65    23961.93   -59243.0  -59206.758   36.295      0.0    
   4100     48339.89    0.6715     0.1127     0.6466     0.1045     0.7369     0.0059    6516.52    23885.96   -59224.0  -59187.85    35.911      0.0    
   4200     49461.85    0.6753     0.114      0.6433     0.1034     0.8793     0.0059    6502.22    23823.42   -59115.0  -59079.844   35.445      0.0    
   4300     50581.86    0.6742     0.1136     0.6429     0.1033     0.9225     0.0071    6483.65    23899.7    -59248.0  -59211.578   36.468      0.0    
   4400     51701.85    0.6711     0.1126     0.6401     0.1024     0.861      0.0059    6439.66    23598.48   -59214.0  -59178.677   35.661      0.0    
   4500     52821.32    0.673      0.1132     0.6443     0.1038     0.9345     0.0088    6502.09    23894.62   -59234.0  -59197.47    36.351      0.0    
   4600     53936.44    0.6711     0.1126     0.6399     0.1024     0.6804     0.0056    6444.26    23634.5    -59223.0  -59186.472   37.018      0.0    
   4700     55040.59    0.6769     0.1146     0.6436     0.1036     0.7458     0.0056    6516.39    23760.61   -59194.0  -59156.226   37.361      0.0    
   4800     56155.12    0.6685     0.1117     0.6364     0.1013     0.7887     0.0052    6420.57    23416.98   -59118.0  -59078.619   39.206      0.0    
   4900     57266.94    0.6667     0.1111     0.6399     0.1024     0.804      0.0066    6472.88    23539.87   -59050.0  -59010.546   39.401      0.0    
   5000     58375.95    0.6762     0.1143     0.6396     0.1023     0.9442     0.0061    6569.47    23609.83   -59065.0  -59026.781   38.377      0.0    
   5100     59478.16    0.6826     0.1165     0.6379     0.1017     0.9525     0.0053    6553.46    23531.28   -59097.0  -59057.992   38.677      0.0    
   5200     60577.16    0.6821     0.1163     0.6388     0.102      0.7679     0.0056    6563.47    23501.28   -59114.0  -59075.131   39.335      0.0    
   5300     61684.37    0.6778     0.1148     0.642      0.103      0.9019     0.0058    6559.16    23654.36   -59074.0  -59034.338   39.202      0.0    
   5400     62784.37    0.671      0.1126     0.6412     0.1028     0.7429     0.0053    6509.27    23575.98   -59009.0  -58970.203   38.432      0.0    
   5500     63884.39    0.6666     0.1111     0.639      0.1021     1.1179     0.0056    6433.05    23480.93   -59150.0  -59112.354   37.438      0.0    
   5600     64982.83    0.672      0.1129     0.6384     0.1019     0.6619     0.0048    6433.76    23415.96   -58945.0  -58906.394   38.467      0.0    
   5700     66084.05    0.6748     0.1138     0.641      0.1027     0.9296     0.0055    6491.94    23443.02   -59099.0  -59061.434   37.126      0.0    
   5800     67192.39    0.6766     0.1144     0.6383     0.1018     0.8305     0.0056    6438.35    23327.41   -59146.0  -59108.901   37.258      0.0    
   5900     68325.75    0.6746     0.1138     0.6342     0.1005     0.6935     0.0048    6414.37    23285.11   -59038.0  -59001.141   36.826      0.0    
   6000     69464.59    0.6733     0.1133     0.6381     0.1018     0.6842     0.0047    6447.17    23394.89   -58986.0  -58949.677   36.123      0.0    
   6100     70603.84    0.6717     0.1128     0.6344     0.1006     0.6512     0.0043    6415.21    23175.63   -59026.0  -58989.344   36.854      0.0    
   6200     71736.97    0.674      0.1136     0.6353     0.1009     0.7375     0.0045    6496.21    23239.81   -58929.0  -58892.174   36.344      0.0    
   6300     72869.48    0.6741     0.1136     0.6354     0.1009     0.6894     0.0057    6449.73    23218.75   -58921.0  -58884.016   37.38       0.0    
   6400     74005.94    0.6705     0.1124     0.6343     0.1006     0.5964     0.0045     6407.0    23140.32   -59108.0  -59071.962   36.261      0.0    
   6500     75141.23    0.671      0.1126     0.6352     0.1009     0.6468     0.004     6424.48    23259.12   -59002.0  -58966.595   35.76       0.0    
   6600     76297.87    0.6697     0.1121     0.633      0.1002     0.7477     0.0055    6409.82    23188.97   -58968.0  -58932.362   35.834      0.0    
   6700     77450.2     0.6744     0.1137     0.6358     0.101      0.6862     0.004     6446.61    23246.49   -59091.0  -59053.855   36.977      0.0    
   6800     78601.91    0.6665     0.111      0.632      0.0999     0.6406     0.004     6363.95    23041.21   -58930.0  -58892.771   37.018      0.0    
   6900     79747.42    0.6706     0.1124     0.6367     0.1014     0.5769     0.0049    6433.72    23191.45   -58932.0  -58895.007   37.164      0.0    
   7000     80895.03    0.6758     0.1142     0.6341     0.1005     0.6394     0.0041    6470.93    23157.93   -59082.0  -59044.77    37.724      0.0    
   7100     82022.33    0.671      0.1126     0.6307     0.0994     0.6641     0.0041    6415.48    22972.48   -58975.0  -58936.726   38.109      0.0    
   7200     83152.27    0.6674     0.1114     0.6335     0.1003     0.6281     0.0041    6408.55    23055.89   -58943.0  -58904.033   38.732      0.0    
   7300     84280.21    0.6703     0.1123     0.6313     0.0996     0.506      0.0043    6379.43    23023.35   -59085.0  -59046.449   38.63       0.0    
