Generating synthetic binary valued data ... 
Generating synthetic  binary valued data took:  7.7914719581604
Evaluation for true params: 
 test_rsme | train_rsme | rel-te-err | rel-tr-err |  test_nll  |  train_nll |
    0.0          0.0          0.0          0.0        24824.84     98569.99  
Factorizing with max_iteration = 8000  fixing covariance?:  False
Tensor dimensions:  [50, 50, 50]
Optimization metrics: 
Using Ada Grad
Mean update scheme:  S
Covariance update :  N
Using diagonal covariance?:  False
Random start? True
k1 samples =  64  k2 samples =  64
eta =  1.0  cov eta =  1.0  sigma eta =  1
iteration |   time   |test_rsme |rel-te-err|train_rsme|rel-tr-err|  d_mean  |   d_cov  | test_nll | train_nll |    VLB   |  E-term  |    KL     
    0         1.42      1.4147     0.5004     1.4109     0.4977     3.1623     4.3589    18668.85   74397.11   -77666.0  -77652.984   13.194   
    5        276.71     1.4156     0.501      1.4081     0.4957     3.1623     4.3598    19209.29   76308.02   -77557.0  -77543.489   13.498   
    10       584.66     1.4135     0.4995     1.4036     0.4926     3.1623     4.3598    19880.2    78890.98   -77432.0  -77418.062   13.863   
    20       929.61     1.4074     0.4952     1.3955     0.4868     3.1623     4.3598    22266.54   87854.63   -77117.0  -77102.15    14.858   
    50      1372.48     1.3476     0.454      1.3343     0.4451     3.1623     4.3598    40980.7   158761.45   -74837.0  -74788.468   48.769   
   100      2030.75     1.085      0.2943     1.0653     0.2837     2.9529     0.0861    16640.12   65025.32   -67770.0  -67721.317   48.674   
   200      2637.35     0.7464     0.1393     0.7369     0.1358     1.8062     0.0394    7871.56    30800.46   -60548.0  -60502.779   45.499   
   300      3332.95     0.7035     0.1237     0.6999     0.1225     1.5354     0.0366    6957.79    27257.87   -59986.0  -59943.121   42.565   
   400      4065.46     0.6964     0.1212     0.6824     0.1164     1.1955     0.0321    6572.97    25615.66   -59724.0  -59683.465   40.764   
   500       4810.1     0.6788     0.1152     0.6629     0.1099     1.0068     0.0301    6329.66    24519.31   -59637.0  -59596.044   40.459   
   600      5548.85     0.6709     0.1125     0.6493     0.1054     1.348      0.0277     6231.1    23839.49   -59410.0  -59372.015   38.193   
   700      6283.97     0.6624     0.1097     0.6395     0.1022     1.3777     0.0252    6019.73    22961.33   -59176.0  -59136.324   39.459   
   800      7018.59     0.6414     0.1028     0.6142     0.0943     1.1712     0.0243    5747.44    21808.07   -58804.0  -58765.375   38.588   
   900      7751.24     0.6244     0.0975     0.6008     0.0902     1.3416     0.0238    5567.97    21019.59   -58469.0  -58429.364   40.054   
   1000     8482.34     0.6162     0.0949     0.5942     0.0883     1.0814     0.0223    5435.08    20318.34   -58263.0  -58226.471   36.641   
   1100     9216.61     0.6061     0.0918     0.5751     0.0827     1.0003     0.0191    5259.96    19357.39   -58073.0  -58035.966   37.182   
   1200     9949.46     0.5914     0.0874     0.5647     0.0797     1.3601     0.0191    5058.57    19050.08   -57925.0  -57887.634   37.376   
   1300     10669.08    0.578      0.0835     0.5565     0.0774     1.4472     0.0189    4915.84    18511.46   -57677.0  -57639.668   37.287   
   1400     11386.25    0.5798     0.084      0.5507     0.0758     1.2027     0.017     4862.77    18181.08   -57786.0  -57750.501   35.789   
   1500     12106.65    0.581      0.0844     0.5428     0.0737     1.1952     0.0159    4817.14    17712.17   -57538.0  -57502.13    35.618   
   1600     12823.62    0.5706     0.0814     0.534      0.0713     1.1126     0.015     4742.62    17218.27   -57410.0  -57373.907   35.932   
   1700     13537.33    0.5702     0.0813     0.5386     0.0725     1.5446     0.0142    4756.42    17427.53   -57490.0  -57454.382   35.804   
   1800     14249.73    0.5606     0.0786     0.5253     0.069      1.028      0.0143    4669.14    16785.38   -57259.0  -57224.373   34.664   
   1900     14963.41    0.5646     0.0797     0.5259     0.0691     1.0037     0.0155    4605.75    16628.09   -57221.0  -57186.437   34.438   
   2000     15692.9     0.5604     0.0785     0.5255     0.069      1.351      0.0138    4561.83    16496.55   -57139.0  -57104.186   34.437   
   2100     16418.68    0.5525     0.0763     0.5177     0.067      1.0811     0.012     4456.64    16177.5    -57148.0  -57112.83    35.256   
   2200     17141.34    0.5544     0.0768     0.5095     0.0649     0.8992     0.0167    4416.04    15782.48   -56915.0  -56879.93    35.043   
   2300     17863.42    0.5461     0.0746     0.5129     0.0658     1.1169     0.0136    4411.22    15916.69   -57000.0  -56965.478   34.633   
   2400     18589.67    0.5506     0.0758     0.5187     0.0673     0.9364     0.0122    4373.22    15821.67   -56884.0  -56850.219   34.152   
   2500     19312.93    0.5392     0.0727     0.4991     0.0623     1.1526     0.0142    4239.94    15447.51   -56927.0  -56892.495   34.478   
   2600     20037.83    0.5373     0.0722     0.4982     0.062      0.9721     0.0147    4215.65    15210.78   -56791.0  -56756.136   34.919   
   2700     20762.29    0.5371     0.0721     0.4965     0.0616     0.9928     0.0106    4179.95    15041.3    -56823.0  -56787.837   34.836   
   2800     21481.27    0.5349     0.0715     0.4933     0.0608     0.7882     0.0137    4158.92    14833.11   -56819.0  -56785.221   34.229   
   2900     22195.62    0.538      0.0724     0.491      0.0603     1.0572     0.011     4168.38    14819.89   -56706.0  -56670.62    35.12    
   3000     22911.37    0.5405     0.073      0.4994     0.0624     0.9803     0.0124    4212.68    15014.06   -56727.0  -56691.527   35.223   
   3100     23620.97    0.5421     0.0735     0.4965     0.0616     1.0567     0.0103    4239.22    14745.13   -56581.0  -56544.933   35.741   
   3200     24332.37    0.5387     0.0726     0.4959     0.0615     0.9648     0.0123    4202.08    14641.23   -56585.0  -56549.838   34.905   
   3300     25048.16    0.5362     0.0719     0.4919     0.0605     0.8696     0.0119    4165.94    14528.79   -56575.0  -56539.733   35.75    
   3400     25764.12    0.5313     0.0706     0.4853     0.0589     0.9383     0.0111    4106.75    14342.81   -56634.0  -56599.758   34.235   
   3500     26477.53    0.5293      0.07      0.4812     0.0579     0.8589     0.0093    4062.48    14121.81   -56459.0  -56423.355   35.377   
   3600     27190.83    0.5304     0.0703     0.4769     0.0569     0.9296     0.0147     4073.7    14132.3    -56584.0  -56548.345   35.352   
   3700     27905.16    0.5305     0.0704     0.4817     0.058      0.893      0.0089    4078.33    14274.28   -56577.0  -56541.642   35.821   
   3800     28615.08    0.5255     0.069      0.4782     0.0572     0.7521     0.0087    4001.07    13908.9    -56509.0  -56472.765   36.628   
   3900     29329.5     0.5279     0.0697     0.4758     0.0566     1.1368     0.0079    4064.04    14077.4    -56474.0  -56437.77    36.07    
   4000     30040.54    0.5214     0.068      0.4725     0.0558     0.8206     0.0092    3927.74    13746.45   -56458.0  -56422.34     35.6    
   4100     30749.82    0.5194     0.0674     0.467      0.0545     0.6932     0.0088    3884.63    13640.67   -56367.0  -56330.363   36.164   
   4200     31458.2     0.5197     0.0675     0.4717     0.0556     0.8539     0.0129     3939.4    13710.35   -56436.0  -56399.854   35.943   
   4300     32163.75    0.5254     0.069      0.4846     0.0587     0.7893     0.0087    3977.66    13898.87   -56341.0  -56305.061   35.737   
   4400     32867.08    0.5249     0.0689     0.4728     0.0559     0.9559     0.0097     3949.4    13659.4    -56491.0  -56455.985   35.043   
   4500     33572.29    0.5311     0.0705     0.4798     0.0576     0.9257     0.0087    4021.88    13996.22   -56392.0  -56355.958   35.57    
   4600     34280.18    0.5203     0.0677     0.4747     0.0563     1.0683     0.0082    3928.82    13537.75   -56277.0  -56240.368   36.175   
