Generating synthetic binary valued data ... 
Generating synthetic  binary valued data took:  9.484977722167969
Evaluation for true params: 
 test_rsme | train_rsme | rel-te-err | rel-tr-err |  test_nll  |  train_nll |
    0.0          0.0          0.0          0.0        24824.84     98569.99  
Factorizing with max_iteration = 8000  fixing covariance?:  False
Tensor dimensions:  [50, 50, 50]
Optimization metrics: 
Using Ada Grad
Mean update scheme:  S
Covariance update :  N
Using diagonal covariance?:  False
Random start? True
k1 samples =  64  k2 samples =  64
eta =  1.0  cov eta =  1.0  sigma eta =  1
iteration |   time   |test_rsme |rel-te-err|train_rsme|rel-tr-err|  d_mean  |   d_cov  | test_nll | train_nll |    VLB   |  E-term  |    KL     |   dw   |
    0         2.17      1.4125     0.4988     1.4128     0.499      3.1623     4.4274    18619.02   74337.53   -75123.0  -75109.78    13.236     0.0032  
    5        524.31     1.4186     0.5031     1.4141     0.4999     3.1623     4.4274    18923.26   75434.08   -75235.0  -75221.301   13.745     0.0005  
    10      1033.29     1.4148     0.5004     1.4097     0.4968     3.1623     4.4274    19158.3    76335.54   -75229.0  -75214.113   14.424     0.0003  
    20      1568.09     1.4106     0.4975     1.4094     0.4966     3.1623     4.4274    19611.67   78419.31   -75319.0  -75302.303   16.495     0.0002  
    50      2152.64     1.4056     0.494      1.3973     0.4881     3.1623     4.4274    20931.52   83061.84   -75415.0  -75350.118   65.343      0.0    
   100      2829.65     1.2044     0.3626     1.1884     0.3531     2.7292     5.0519    15747.75   62136.14   -71851.0  -71791.362   59.949      0.0    
   200      4069.64     0.7522     0.1414     0.7427     0.1379     1.9534     1.6623    7754.29    30391.34   -61059.0  -61016.626   42.846      0.0    
   300      5350.01     0.7103     0.1261     0.7029     0.1235     1.6668     4.6487    6839.05    26784.86   -60418.0  -60384.731    33.5       0.0    
   400      6653.27     0.6891     0.1187     0.6819     0.1162     1.356      19.138    6569.16    25579.01   -60188.0  -60155.818   31.793      0.0    
   500      7961.99     0.6684     0.1117     0.6474     0.1048     1.2064    12.2797    6300.34    24472.53   -59762.0  -59735.884   26.134      0.0    
   600      9246.21     0.655      0.1072     0.6366     0.1013     1.2878     0.9053    6072.54    23433.46   -59351.0  -59323.364   27.836      0.0    
   700      10546.92    0.6335     0.1003     0.6181     0.0955     1.0586    11.1635    5894.27    22708.04   -59232.0  -59204.963   27.339      0.0    
   800      11837.9     0.6376     0.1016     0.6195     0.0959     1.323      8.3631    5682.99    22072.68   -59002.0  -58975.853   25.923      0.0    
   900      13142.11    0.6221     0.0968     0.608      0.0924     1.0434     9.1704    5636.91    21647.38   -58799.0  -58774.737   24.741      0.0    
   1000     14444.16    0.6127     0.0938     0.5905     0.0872     1.1157     9.0696    5468.77    21136.71   -58860.0  -58834.415   25.871      0.0    
   1100     15736.73    0.6111     0.0934     0.5912     0.0874     1.1849    16.2691    5464.41    21154.12   -59016.0  -58988.643   26.89       0.0    
   1200     17029.58    0.5991     0.0897     0.5854     0.0857     1.0343     4.1304    5361.73    20633.89   -58664.0  -58637.097   26.619      0.0    
   1300     18346.33    0.5977     0.0893     0.5791     0.0838     1.2214    52.5878    5410.02    20945.18   -58796.0  -58771.206   24.939      0.0    
   1400     19663.92    0.6053     0.0916     0.5857     0.0858      0.99     38.9005    5363.22    20661.96   -58724.0  -58699.262   24.623      0.0    
   1500     20940.4     0.6125     0.0938     0.5918     0.0876     0.7888    368.5152   5498.99    21188.52   -58786.0  -58764.636   21.532      0.0    
   1600     22195.13    0.611      0.0933     0.5922     0.0877     0.8207    18.6392    5424.33    20993.99   -58792.0  -58772.697   19.56       0.0    
   1700     23433.99    0.6151     0.0946     0.5961     0.0888     1.1296    495.3168   5507.86    21353.72   -58880.0  -58858.303   21.993      0.0    
   1800     24662.1     0.6129     0.0939     0.5923     0.0877     0.8592    14.7141    5523.73    21523.88   -58951.0  -58930.118   20.891      0.0    
   1900     25893.54    0.6086     0.0926     0.5911     0.0874     0.9752     27.16     5481.74    21371.25   -58913.0  -58891.393   21.414      0.0    
   2000     27135.55    0.6233     0.0971     0.6091     0.0928     0.936     106.5101   5611.75    21911.95   -58954.0  -58933.825   20.355      0.0    
   2100     28360.51    0.6221     0.0968     0.6117     0.0935     1.3139    244.4918   5744.44    22527.3    -59315.0  -59294.58    20.777      0.0    
   2200     29558.61    0.6332     0.1002     0.6138     0.0942     0.837     102.3676   5750.03    22464.12   -59303.0  -59280.613   22.603      0.0    
   2300     30772.49    0.6328     0.1001     0.6136     0.0941     0.7862    142.0305   5828.61    22730.49   -59256.0  -59235.15    20.752      0.0    
   2400     31999.52    0.6292     0.099      0.6137     0.0942     0.5482    15.4536    5785.54    22624.43   -59316.0  -59294.388   21.333      0.0    
   2500     33222.06    0.6488     0.1052     0.6344     0.1006     1.283     245.484    5943.78    23314.6    -59472.0  -59453.342   19.044      0.0    
