Generating synthetic binary valued data ... 
Generating synthetic  binary valued data took:  10.158478260040283
Evaluation for true params: 
 test_rsme | train_rsme | rel-te-err | rel-tr-err |  test_nll  |  train_nll |
0.5775811631 0.5850470067    0.0834      0.08557      24762.13     98334.13  
Factorizing with max_iteration = 8000  fixing covariance?:  False
Tensor dimensions:  [50, 50, 50]
Optimization metrics: 
Using Ada Grad
Mean update scheme:  S
Covariance update :  N
Using diagonal covariance?:  False
Random start? True
k1 samples =  64  k2 samples =  64
eta =  1.0  cov eta =  1.0  sigma eta =  1
iteration |   time   |test_rsme |rel-te-err|train_rsme|rel-tr-err|  d_mean  |   d_cov  | test_nll | train_nll |    VLB   |  E-term  |    KL     
    0         1.43      1.4167     0.5018     1.4135     0.4995     3.1623     4.3596    18675.5    74704.32   -77605.0  -77591.213   13.727   
    5        279.61     1.4171     0.502      1.4097     0.4968     3.1623     4.3611    19296.69   76744.84   -77523.0  -77508.904   14.044   
    10       590.76     1.4176     0.5024     1.4089     0.4962     3.1623     4.3611    20124.68   79846.84   -77475.0  -77460.785   14.405   
    20       940.8      1.4196     0.5038     1.4082     0.4958     3.1623     4.3611    22965.77   90826.02   -77340.0  -77324.217   15.32    
    50      1397.44     1.4199     0.504      1.3954     0.4868     3.1623     4.3611    46407.87  177146.34   -76625.0  -76573.221   52.149   
   100      2085.93     1.3655     0.4662     1.3445     0.4519     3.029      0.0942    23127.99   89313.52   -74630.0  -74569.904   60.402   
   200      2713.86     0.8195     0.1679     0.8112     0.1645     1.8962     0.0295    9336.12    36156.52   -62283.0  -62221.847   60.687   
   300      3441.21     0.8096     0.1639     0.7917     0.1567     1.466      0.0266    8780.15    33739.27   -62014.0  -61953.282   60.437   
   400      4210.96     0.7813     0.1526     0.7669     0.147      1.163      0.0259    8124.25    31354.88   -61350.0  -61294.152   56.138   
   500      4983.89     0.7724     0.1492     0.7526     0.1416     0.9852     0.0234    7983.85    30741.91   -61277.0  -61226.459   50.869   
   600      5759.36     0.7758     0.1505     0.7504     0.1408     1.105      0.0216    7819.57    30130.24   -61163.0  -61116.279   46.884   
   700      6545.76     0.7578     0.1436     0.7377     0.136      0.9657     0.0209    7714.13    29741.93   -61203.0  -61157.204   45.524   
   800      7323.95     0.7597     0.1443     0.7314     0.1337     1.1188     0.0187    7591.19    29181.41   -60885.0  -60840.632   44.154   
   900      8102.47     0.7475     0.1397     0.7238     0.131      0.8343     0.0182    7479.93    28849.13   -60829.0  -60785.331   43.48    
   1000     8870.49     0.7444     0.1385     0.7184     0.129      1.0744     0.0166    7438.01    28436.54   -60498.0  -60456.509   41.339   
   1100     9643.01     0.7347     0.135      0.7112     0.1264     1.2075     0.0142    7467.09    28247.45   -60562.0  -60521.424   40.475   
   1200     10412.35    0.7316     0.1338     0.7082     0.1254     0.9282     0.0143    7294.15    27805.38   -60225.0  -60185.643   39.428   
   1300     11180.86    0.725      0.1314     0.7023     0.1233     1.0253     0.0133    7267.97    27776.29   -60563.0  -60522.348   40.285   
   1400     11944.34    0.7167     0.1284     0.6964     0.1212     0.9259     0.0141    7144.92    27218.22   -60206.0  -60167.519   38.055   
   1500     12717.1     0.7187     0.1291     0.6962     0.1212     1.1959     0.0143    7140.14    27080.25   -60257.0  -60217.265   39.314   
   1600     13480.43    0.7116     0.1266     0.6886     0.1185     0.8141     0.0117    7071.02    26833.0    -60205.0  -60170.233   35.063   
   1700     14260.71    0.7136     0.1273     0.6853     0.1174     0.7742     0.0121    7021.46    26637.17   -60161.0  -60125.265   36.071   
   1800     15018.65    0.717      0.1285     0.6959     0.1211     1.0918     0.0118    7061.77    26801.0    -60137.0  -60100.675   35.919   
   1900     15771.86    0.707      0.125      0.6811     0.116      1.0399     0.0109    6938.84    26256.63   -59809.0  -59775.059   33.876   
   2000     16525.69    0.7127     0.127      0.6834     0.1168     1.0272     0.0104    6948.42    26329.71   -59767.0  -59731.951   34.888   
   2100     17279.89    0.6996     0.1224     0.6744     0.1137     0.9394     0.0107    6891.39    25982.36   -59848.0  -59813.877   33.909   
   2200     18030.33    0.6991     0.1222     0.6703     0.1123     1.0687     0.0093    6824.49    25703.99   -59844.0  -59808.435   36.031   
   2300     18781.09    0.6933     0.1202     0.668      0.1116     0.9073      0.01     6782.39    25514.21   -59849.0  -59811.943   37.048   
   2400     19535.96    0.6994     0.1223     0.6704     0.1124     0.9082      0.01     6824.65    25590.05   -59733.0  -59698.134   35.117   
   2500     20290.17    0.6921     0.1198     0.662      0.1096     0.9141     0.009     6737.79    25281.7    -59708.0  -59672.302   35.315   
   2600     21043.08    0.6914     0.1195     0.6666     0.1111     1.0702     0.0076    6742.17    25329.97   -59560.0  -59525.817   34.338   
   2700     21799.01    0.687      0.118      0.6611     0.1093     0.7902     0.0079    6713.36    25126.65   -59685.0  -59649.656   35.764   
   2800     22550.48    0.6866     0.1178     0.6602     0.109      0.8417     0.0085    6751.69    25146.81   -59709.0  -59675.007   34.178   
   2900     23308.77    0.6852     0.1174     0.6592     0.1086     0.8456     0.0083    6733.41    25076.45   -59540.0  -59504.997   34.574   
   3000     24088.58    0.6861     0.1177     0.6568     0.1078     0.8305     0.008     6675.06    24869.69   -59636.0  -59602.104   34.132   
   3100     24845.96    0.6871     0.118      0.6585     0.1084     0.8814     0.0076    6640.12    24803.67   -59503.0  -59469.249   34.061   
   3200     25611.33    0.6835     0.1168     0.6606     0.1091     0.9396     0.007     6660.47    24976.79   -59599.0  -59562.605   36.581   
   3300     26376.69    0.6786     0.1151     0.6503     0.1057     0.7862     0.0075    6555.31    24574.32   -59593.0  -59554.721   37.909   
   3400     27145.51    0.6855     0.1175     0.6523     0.1064     1.041      0.0076    6633.37    24537.19   -59349.0  -59312.002   37.167   
   3500     27890.3     0.6829     0.1166      0.65      0.1056     0.9814     0.007     6599.91    24473.69   -59382.0  -59345.235   36.409   
   3600     28640.06    0.6838     0.1169     0.6517     0.1062     1.076      0.0073     6669.1    24692.85   -59429.0  -59393.936   35.344   
   3700     29391.24    0.6804     0.1157     0.6518     0.1062     0.8323     0.0067    6491.19    24356.21   -59364.0  -59328.718   34.84    
   3800     30144.19    0.6827     0.1165     0.6553     0.1074     0.8427     0.0064     6561.4    24407.86   -59413.0  -59378.519   34.282   
   3900     30907.22    0.6789     0.1152     0.6496     0.1055     0.9056     0.0061    6516.85    24259.58   -59388.0  -59352.154   35.718   
   4000     31669.51    0.6785     0.1151     0.651      0.1059     1.0454     0.0062    6510.96    24373.64   -59358.0  -59321.243   36.305   
   4100     32440.13    0.6779     0.1149     0.6461     0.1044     0.7656     0.0078    6512.51    24135.34   -59517.0  -59481.229   36.244   
   4200     33194.12    0.6827     0.1165     0.6475     0.1048     0.5867     0.0084    6567.73    24070.06   -59431.0  -59395.03    35.823   
   4300     33950.29    0.6813     0.116      0.6478     0.1049     0.9506     0.0077    6580.37    24170.63   -59248.0  -59212.495   35.896   
   4400     34722.16    0.6877     0.1182     0.6575     0.1081     1.1233     0.0076    6582.56    24406.75   -59538.0  -59500.263   37.276   
   4500     35499.72    0.6845     0.1171     0.648      0.105      0.9632     0.0085    6530.77    24056.79   -59319.0  -59282.234   37.101   
   4600     36261.33    0.6864     0.1178     0.6494     0.1054     0.8798     0.0059    6577.36    24125.58   -59303.0  -59266.564   36.376   
   4700     37040.15    0.6799     0.1156     0.6444     0.1038     0.8503     0.0055    6463.98    23880.12   -59312.0  -59275.57    36.476   
   4800     37797.0     0.6808     0.1159     0.6475     0.1048     0.8289     0.0054     6481.5    24034.81   -59519.0  -59482.985   36.197   
   4900     38543.01    0.6813     0.116      0.6444     0.1038     0.7315     0.0053    6487.68    23795.04   -59194.0  -59159.002   35.331   
   5000     39282.61    0.6789     0.1152     0.6469     0.1046     0.7418     0.0069    6502.53    23839.35   -59091.0  -59054.34    36.184   
   5100     40023.36    0.6813     0.116      0.6486     0.1052     0.9281     0.0069    6513.07    24058.58   -59440.0  -59403.451   36.417   
   5200     40769.48    0.6828     0.1166     0.6478     0.1049     0.7621     0.005      6509.3    23995.64   -59278.0  -59242.606   35.625   
   5300     41527.67    0.6804     0.1157     0.6429     0.1033     0.6267     0.0049    6474.39    23750.42   -59375.0  -59339.641   34.975   
   5400     42283.22    0.6785     0.1151     0.6422     0.1031     0.7106     0.005     6453.46    23595.89   -59161.0  -59125.444   35.801   
   5500     43031.98    0.6807     0.1158     0.6413     0.1028     0.7076     0.0049     6485.2    23686.47   -59207.0  -59170.661   35.947   
   5600     43774.98    0.6735     0.1134     0.6369     0.1014     0.6486     0.0048    6372.31    23433.93   -59210.0  -59174.859   35.157   
   5700     44521.22    0.6813     0.116      0.6426     0.1032     0.7382     0.0069    6480.54    23680.18   -59275.0  -59239.938   35.462   
   5800     45267.45    0.6767     0.1145     0.6415     0.1029     0.6826     0.0049    6429.84    23488.63   -59252.0  -59216.819   35.596   
   5900     46017.51    0.6714     0.1127     0.6415     0.1029     0.6607     0.0051    6447.48    23659.98   -59364.0  -59328.324   35.191   
   6000     46762.6     0.6766     0.1144     0.6392     0.1022     0.7583     0.0057    6440.61    23573.3    -59228.0  -59192.539   35.949   
   6100     47512.23    0.6807     0.1158     0.641      0.1027     0.5888     0.0042    6435.14    23523.86   -59168.0  -59132.425   35.486   
   6200     48260.04    0.669      0.1119     0.638      0.1018     0.6236     0.0046    6350.21    23385.26   -59106.0  -59069.484   36.305   
   6300     49008.69    0.671      0.1126     0.6427     0.1033     0.7918     0.0051    6428.93    23651.82   -59281.0  -59245.358   35.889   
   6400     49754.25    0.6708     0.1125     0.6366     0.1013     0.8615     0.0046    6374.63    23402.41   -59235.0  -59200.023   35.177   
   6500     50500.62    0.6696     0.1121     0.6378     0.1017     0.6848     0.0049    6374.51    23380.63   -59133.0  -59097.406   36.091   
   6600     51246.77    0.6708     0.1125     0.6372     0.1015     0.6107     0.0071    6372.55    23367.93   -59116.0  -59079.07    37.086   
   6700     51993.81    0.6702     0.1123     0.6369     0.1014     0.6469     0.0042    6390.96    23376.81   -59134.0  -59096.935   37.064   
   6800     52739.16    0.6651     0.1106     0.6354     0.1009     0.8068     0.0043    6310.93    23246.42   -59107.0  -59069.362   37.372   
   6900     53483.8     0.6729     0.1132     0.6381     0.1018     0.6158     0.0045    6394.26    23468.9    -59203.0  -59166.021   37.253   
   7000     54228.78    0.6709     0.1125     0.6353     0.1009     0.737      0.004     6362.72    23139.49   -59137.0   -59100.7    36.738   
   7100     54976.28    0.6674     0.1114     0.6353     0.1009     0.6071     0.0039    6346.13    23082.6    -59063.0  -59027.141   36.307   
   7200     55723.14    0.6691     0.1119     0.6369     0.1014     0.668      0.0041     6376.8    23276.05   -59052.0  -59014.647   37.039   
   7300     56467.71    0.6696     0.1121     0.6363     0.1012     0.7142     0.0056    6355.99    23218.03   -59057.0  -59020.63    36.733   
   7400     57211.48    0.6666     0.1111     0.6331     0.1002     0.6328     0.0046    6309.33    23079.37   -59022.0  -58986.484   35.881   
   7500     57954.53    0.6654     0.1107     0.6319     0.0998     0.8203     0.004     6324.58    23074.51   -59116.0  -59079.583   36.194   
   7600     58691.71    0.6681     0.1116     0.6372     0.1015     0.7313     0.0042     6374.6    23154.62   -59106.0  -59070.085   36.225   
   7700     59439.96    0.6743     0.1137     0.6387     0.102      0.6896     0.0045    6409.94    23388.7    -59189.0  -59153.015   36.475   
   7800     60185.71    0.6674     0.1114     0.638      0.1017     0.865      0.0053    6370.12    23242.95   -59082.0  -59045.352   36.653   
   7900     60937.73    0.6698     0.1122     0.6365     0.1013     0.7554     0.0038    6380.63    23156.66   -59114.0  -59077.955   36.022   
   8000     61683.79    0.6692     0.112      0.6307     0.0994     0.5722     0.0069    6314.85    23078.55   -59114.0  -59078.801   35.531   
[ 0.00319646  0.20942816  0.80249402  0.73843757  0.92499584 -0.46272616
  0.43783416  0.73823366  0.08913309 -1.39550746  0.00387233  0.43073907
  1.10310922  0.84825346  1.0798027   0.80344685  0.57606588  1.53642412
 -0.19456992 -0.93258725]
[ 0.24411904 -0.02523415 -0.17637604 -0.99979473  1.49638372  0.03142078
  0.04658065 -0.10726382  0.36771571 -0.18830358  0.67393704 -1.35765719
  0.83856255  0.59033857  0.71618646 -0.09116409 -0.94174976 -0.05427988
  0.21332007 -0.50015631]
[ 1.08862151  1.00678775  1.27021603  0.44150812  0.53417703 -0.43815901
 -0.05107196  0.39763083  1.07230132 -0.70528419  0.33477326  1.39709522
  1.09141488  0.12491978 -1.18404466  1.27441133  0.93820957  0.58902837
  0.87911874  1.60766174]
