Generating synthetic binary valued data ... 
Generating synthetic  binary valued data took:  9.558386325836182
Evaluation for true params: 
 test_rsme | train_rsme | rel-te-err | rel-tr-err |  test_nll  |  train_nll |
0.7885175965 0.794858478    0.15544      0.15795      20715.02     82290.41  
Factorizing with max_iteration = 8000  fixing covariance?:  False
Tensor dimensions:  [50, 50, 50]
Optimization metrics: 
Using Ada Grad
Mean update scheme:  S
Covariance update :  N
Using diagonal covariance?:  False
Random start? True
k1 samples =  64  k2 samples =  64
eta =  1.0  cov eta =  1.0  sigma eta =  1
iteration |   time   |test_rsme |rel-te-err|train_rsme|rel-tr-err|  d_mean  |   d_cov  | test_nll | train_nll |    VLB   |  E-term  |    KL     |   dw   |
    0         1.73      1.4172     0.5021     1.4153     0.5008     3.1623     4.3569    18641.78   74544.07   -77377.0  -77362.778   13.737     0.0471  
    5        509.74     1.408      0.4956     1.4157     0.501      3.1623     4.3586    19112.85   76564.16   -77261.0  -77246.805   13.964     0.0003  
    10      1054.73     1.4084     0.4959     1.4129     0.4991     3.1623     4.3586    19923.29   79253.25   -77218.0  -77203.722   14.17       0.0    
    20      1667.18     1.4125     0.4988     1.409      0.4963     3.1623     4.3586    22117.09   87645.64   -77014.0  -76998.878   15.018     0.0004  
    50      2430.87     1.3969     0.4878     1.3848     0.4794     3.1623     4.3586    40439.48  157499.22   -76042.0  -75992.319   50.134     0.0029  
   100      3528.57     1.2953     0.4194     1.2758     0.4069     2.9834     0.0903    21003.94   81677.86   -72748.0  -72694.715   53.128     0.0009  
   200      4506.17      0.95      0.2256     0.9301     0.2163     1.5479     0.0326    11858.61   45857.47   -65051.0  -64998.241   53.014     0.0001  
   300      5615.42     0.9032     0.2039     0.8906     0.1983     1.4553     0.0303    10945.85   42332.6    -64090.0  -64038.989   50.996      0.0    
   400       6796.5     0.9143     0.209      0.9039     0.2042     1.1832     0.022     10661.93   41621.0    -64187.0  -64140.366   46.818      0.0    
   500      7995.01     0.8918     0.1988     0.881      0.1941     1.2864     0.018     10527.41   40718.96   -64150.0  -64102.28    48.127      0.0    
   600       9199.6     0.9004     0.2027     0.8841     0.1954     0.9984     0.0165    10374.54   40410.79   -64026.0  -63979.955   46.011      0.0    
   700      10398.38    0.8891     0.1976     0.8773     0.1924     1.0052     0.0163    10312.57   40128.22   -63774.0  -63730.503   43.233      0.0    
   800      11603.33     0.89      0.198      0.8731     0.1906     1.0732     0.0152    10357.31   39996.5    -63902.0   -63858.2    43.853      0.0    
   900      12818.6     0.8918     0.1988      0.87      0.1892     0.9321     0.0141    10286.3    39673.22   -63844.0  -63797.665   46.139      0.0    
   1000     14073.2     0.8826     0.1948     0.8681     0.1884     0.8396     0.0135    10244.69   39466.61   -63889.0  -63844.26    44.385      0.0    
   1100     15328.59    0.8856     0.1961     0.8655     0.1873     0.9701     0.0119    10223.59   39282.72   -63599.0  -63558.611   40.317      0.0    
   1200     16578.61    0.8762     0.1919     0.8593     0.1846     0.9673     0.0112    10194.75   39167.55   -63632.0  -63593.915   38.259      0.0    
   1300     17825.92    0.8767     0.1922     0.8558     0.1831     0.8016     0.0102    10093.73   38756.95   -63646.0  -63607.713   37.855      0.0    
   1400     19080.59    0.8742     0.191      0.857      0.1836     1.0248     0.0096    10068.28   38761.04   -63489.0  -63450.081   38.69       0.0    
   1500     20336.74     0.87      0.1892     0.8508     0.181      0.9342     0.0092    10072.85   38541.65   -63355.0  -63317.811   37.481      0.0    
   1600     21592.47    0.8676     0.1882     0.8477     0.1797     0.9902     0.0095    10025.31   38469.44   -63258.0  -63221.592   36.213      0.0    
   1700     22854.59    0.8683     0.1885     0.8455     0.1787     0.8117     0.0089    9931.07    38105.47   -63361.0  -63328.646   32.581      0.0    
   1800     24113.8     0.8692     0.1889     0.8441     0.1781     1.1179     0.0082    9965.93    38245.17   -63485.0  -63450.457   34.982      0.0    
   1900     25374.62    0.8585     0.1842     0.8419     0.1772     0.859      0.0082     9882.4    38010.76   -63159.0  -63124.328   34.398      0.0    
   2000     26632.27    0.8574     0.1838     0.8372     0.1752     0.7608     0.0077    9867.04    37811.89   -63206.0  -63169.35    36.321      0.0    
   2100     27895.01    0.8563     0.1833     0.8415     0.177      0.8754     0.0071    9912.01    37979.81   -63166.0  -63126.503   39.94       0.0    
   2200     29153.77    0.8599     0.1848     0.8384     0.1757     0.8666     0.0069    9906.28    37774.66   -63271.0  -63232.391   38.792      0.0    
   2300     30412.39    0.8645     0.1868     0.8362     0.1748     0.8663     0.0068    9870.73    37631.64   -63172.0  -63136.575   35.071      0.0    
   2400     31664.36    0.8575     0.1838     0.8339     0.1738     0.8294     0.007     9816.56    37472.03   -63359.0  -63319.984   38.554      0.0    
   2500     32914.46    0.8564     0.1834     0.837      0.1751     0.9125     0.0067    9828.41    37567.72   -63177.0  -63138.612   38.165      0.0    
   2600     34170.92    0.8591     0.1845     0.8329     0.1734     0.9483     0.0077    9805.02    37313.99   -63169.0  -63131.52    37.476      0.0    
   2700     35425.95    0.8602     0.185      0.8325     0.1733     0.8753     0.0062    9801.65    37316.72   -63248.0  -63213.251   35.152      0.0    
   2800     36683.06    0.8613     0.1854     0.8329     0.1734     0.8493     0.0059    9822.31    37266.84   -63211.0  -63176.631   34.44       0.0    
   2900     37935.06    0.8576     0.1839     0.8311     0.1727     0.8264     0.0056    9707.53    37059.45   -63113.0  -63078.751   34.141      0.0    
   3000     39187.88    0.857      0.1836     0.8285     0.1716     0.7155     0.0057    9786.07    37256.82   -63036.0  -62999.465   36.22       0.0    
   3100     40440.16    0.8549     0.1827     0.8294     0.172      0.9854     0.0059    9744.66    37152.45   -63086.0  -63049.439   36.998      0.0    
   3200     41690.35    0.8551     0.1828     0.8274     0.1712     0.7037     0.0055    9750.39    37027.55   -62979.0  -62942.294   36.324      0.0    
   3300     42941.36    0.8535     0.1821     0.8283     0.1715     0.7419     0.0053    9757.04    37072.61   -63109.0  -63072.289   37.091      0.0    
   3400     44191.47    0.853      0.1819     0.8274     0.1712     0.9024     0.0054    9754.23    36915.57   -63064.0  -63027.178   36.566      0.0    
   3500     45437.04    0.8502     0.1807     0.8268     0.1709     0.8159     0.005     9757.24    36867.66   -62919.0  -62883.571   34.982      0.0    
   3600     46682.67    0.8515     0.1813     0.8246      0.17      0.7126     0.0065    9748.87    36807.84   -62950.0  -62914.778   35.123      0.0    
   3700     47931.95    0.8508     0.181      0.8234     0.1695     0.7851     0.0046    9742.98    36699.95   -62892.0  -62854.767   37.034      0.0    
   3800     49179.65    0.8533     0.182      0.822      0.1689     0.7205     0.0049     9728.1    36661.83   -62873.0  -62836.303   36.923      0.0    
   3900     50419.46    0.8507     0.1809     0.8262     0.1706     0.9334     0.0047    9764.52    36762.78   -62806.0  -62768.93    37.38       0.0    
   4000     51657.36    0.852      0.1815     0.8235     0.1695     0.6522     0.0046    9699.93    36614.87   -62811.0  -62772.427   38.477      0.0    
   4100     52896.57    0.8518     0.1814     0.8215     0.1687     0.6605     0.0053    9697.37    36556.6    -62956.0  -62920.81    35.195      0.0    
   4200     54142.29    0.8499     0.1806     0.8261     0.1706     0.8008     0.0041    9705.83    36650.44   -62844.0  -62808.009   35.559      0.0    
   4300     55385.41    0.8568     0.1835     0.8215     0.1687     1.103      0.0047    9741.11    36671.69   -62903.0  -62866.858   35.741      0.0    
   4400     56625.22    0.8553     0.1829     0.824      0.1698     0.8334     0.0044    9731.53    36620.72   -62889.0  -62852.865   36.222      0.0    
   4500     57862.14    0.8504     0.1808     0.8219     0.1689     0.6083     0.0043    9689.77    36494.18   -62885.0  -62850.369   34.232      0.0    
   4600     59096.84    0.8508     0.181      0.8218     0.1688     0.8182     0.0048    9703.62    36539.02   -62832.0  -62797.799   34.557      0.0    
   4700     60328.39    0.8457     0.1788     0.8197     0.168      0.6303     0.0043    9705.79    36533.33   -62939.0  -62904.111   34.733      0.0    
   4800     61562.76    0.8484      0.18      0.8216     0.1688     0.5564     0.0044    9704.35    36450.34   -62890.0  -62854.45    35.435      0.0    
   4900     62795.19    0.8459     0.1789     0.8198     0.168      0.7339     0.004      9667.4    36428.48   -62806.0  -62770.731   35.517      0.0    
   5000     64017.8     0.8445     0.1783     0.8195     0.1679     0.7832     0.0035    9657.46    36400.93   -62859.0  -62824.967   34.308      0.0    
   5100     65207.38    0.8483     0.1799     0.8215     0.1687     0.847      0.0038    9669.35    36441.32   -62823.0  -62788.324   34.947      0.0    
   5200     66403.14    0.8461     0.179      0.8233     0.1694     0.7735     0.0041    9668.01    36502.86   -62810.0  -62775.288   34.416      0.0    
   5300     67604.75    0.8462     0.179      0.821      0.1685     0.8856     0.0037    9610.76    36343.71   -62722.0  -62686.91    34.62       0.0    
   5400     68796.02    0.8495     0.1804     0.8201     0.1681     0.6156     0.0038    9635.92    36333.83   -62905.0  -62869.073   36.037      0.0    
   5500     69996.17    0.8435     0.1779     0.8188     0.1676     0.8585     0.0038    9605.24    36326.33   -62899.0  -62864.274   34.607      0.0    
   5600     71218.82    0.8501     0.1807     0.8192     0.1678     0.946      0.0035    9676.71    36337.67   -62826.0  -62790.443   35.715      0.0    
   5700     72441.0     0.8508     0.181      0.8192     0.1678     1.0209     0.0035    9722.45    36306.2    -62819.0  -62784.689   34.192      0.0    
   5800     73661.77    0.847      0.1794     0.8174     0.167      0.7209     0.0036    9663.74    36151.56   -62848.0  -62812.969   35.38       0.0    
   5900     74880.66    0.8512     0.1811     0.8183     0.1674      0.77      0.0033    9698.31    36283.62   -62932.0  -62897.045   34.629      0.0    
   6000     76099.15     0.85      0.1806     0.8197     0.168      0.6704     0.0032    9710.01    36259.98   -62714.0  -62679.756   34.168      0.0    
   6100     77322.9     0.8485      0.18      0.8154     0.1662     0.7528     0.0037    9644.74    36037.62   -62801.0  -62765.838   35.185      0.0    
   6200     78543.41    0.8426     0.1775     0.8182     0.1674     0.7472     0.0036    9662.21    36118.34   -62586.0  -62551.759   34.068      0.0    
   6300     79765.62    0.8441     0.1781     0.8152     0.1661     0.7193     0.0033    9645.85    36029.18   -62579.0  -62543.651   35.751      0.0    
   6400     81002.34    0.8471     0.1794     0.8135     0.1654     0.6567     0.0032    9664.58    36047.8    -62767.0  -62732.536   34.234      0.0    
   6500     82225.62    0.8432     0.1778     0.8146     0.1659     0.629      0.0031    9649.16    36029.48   -62663.0  -62628.421   35.032      0.0    
   6600     83441.71    0.8492     0.1803     0.817      0.1669     0.8677     0.0034    9680.85    36133.52   -62716.0  -62681.607   34.713      0.0    
