Generating synthetic binary valued data ... 
Generating synthetic  binary valued data took:  10.303178787231445
Evaluation for true params: 
 test_rsme | train_rsme | rel-te-err | rel-tr-err |  test_nll  |  train_nll |
0.7885175965 0.794858478    0.15544      0.15795      20715.02     82290.41  
Factorizing with max_iteration = 8000  fixing covariance?:  False
Tensor dimensions:  [50, 50, 50]
Optimization metrics: 
Using Ada Grad
Mean update scheme:  S
Covariance update :  N
Using diagonal covariance?:  False
Random start? True
k1 samples =  64  k2 samples =  64
eta =  1.0  cov eta =  1.0  sigma eta =  1
iteration |   time   |test_rsme |rel-te-err|train_rsme|rel-tr-err|  d_mean  |   d_cov  | test_nll | train_nll |    VLB   |  E-term  |    KL     |   dw   |
    0         2.09      1.4109     0.4977     1.4155     0.5009     3.1623     4.4274    18589.5    74518.15   -74819.0  -74805.549   13.758     0.003   
    5        511.03     1.4137     0.4996     1.4111     0.4978     3.1623     4.4274    18840.26   75558.96   -74908.0  -74893.96    14.359     0.0005  
    10      1003.13     1.4147     0.5003     1.4116     0.4982     3.1623     4.4274    19049.28   76565.32   -74952.0  -74936.376   15.238     0.0003  
    20      1508.04     1.4114     0.498      1.413      0.4991     3.1623     4.4274    19530.02   78082.91   -75023.0  -75005.086   17.575     0.0002  
    50      2100.53     1.4118     0.4983     1.4064     0.4945     3.1623     6.6376    21116.48   83791.66   -75268.0  -75195.941   71.958      0.0    
   100      2777.43     1.413      0.4991     1.3949     0.4864     2.3863     6.1949    18256.05   72299.48   -74776.0  -74712.534   63.82       0.0    
   200      4016.57     0.933      0.2176     0.9274     0.215      1.7144    160.8982   11895.91   46884.64   -66499.0  -66445.115   54.085      0.0    
   300      5255.56     0.9238     0.2134     0.9131     0.2084     1.379      6.7427    10833.81   42602.99   -64782.0  -64737.242   44.972      0.0    
   400      6499.83     0.9034     0.204      0.8941     0.1999      1.3       5.7303    10558.54   41497.66   -64510.0  -64464.487   45.48       0.0    
   500      7742.26     0.8962     0.2008     0.8858     0.1962     1.085      0.6208    10452.03   41007.35   -64297.0  -64250.169   46.51       0.0    
   600      8998.12     0.8925     0.1991     0.8822     0.1946     1.0536     3.4825    10386.69   40734.73   -64258.0  -64214.022   43.605      0.0    
   700      10247.89    0.8863     0.1964     0.8766     0.1921     0.9557     1.0796    10298.33   40398.32   -64192.0  -64151.744   40.258      0.0    
   800      11501.78    0.8847     0.1957     0.8798     0.1935     0.8772     4.6198    10295.22   40419.97   -64222.0  -64184.272   38.049      0.0    
   900      12763.91    0.8896     0.1978      0.88      0.1936     0.9639     96.816    10291.21   40296.46   -64244.0  -64207.676   35.963      0.0    
   1000     14023.76    0.883      0.1949     0.8771     0.1923     0.981      1.9661    10233.56   40252.68   -64099.0  -64062.858   36.136      0.0    
   1100     15279.33    0.8895     0.1978     0.8749     0.1914     0.9698     2.0843    10171.44   40132.61   -64079.0  -64044.608   34.702      0.0    
   1200     16525.35    0.8841     0.1954     0.8738     0.1909     0.8089    36.6589    10173.57   40001.29   -64057.0  -64023.48    33.438      0.0    
   1300     17776.99    0.8854     0.196      0.8709     0.1896     0.8448     5.6352    10172.44   40023.29   -64072.0  -64038.112   34.082      0.0    
   1400     19024.53    0.8814     0.1942     0.8714     0.1898     0.8308     2.7985    10149.78   40065.77   -64146.0  -64117.007   29.178      0.0    
   1500     20275.54    0.8815     0.1942     0.8701     0.1893     0.8202    45.3754    10238.23   40318.58   -64319.0  -64287.592   31.716      0.0    
   1600     21528.6     0.8805     0.1938     0.8689     0.1888     1.1007     2.6453    10166.29   40063.52   -64134.0  -64104.488   29.83       0.0    
   1700     22775.31    0.8844     0.1955     0.8721     0.1901     0.7223     4.6968    10155.98   39907.63   -63990.0  -63959.974   29.608      0.0    
   1800     24027.04    0.8804     0.1938     0.8705     0.1895     0.7579     3.4185    10156.29   40001.59   -64086.0  -64056.687   29.572      0.0    
   1900     25273.23    0.8797     0.1935     0.8707     0.1895     0.888     15.9324    10163.53   40072.65   -64183.0  -64151.594   31.716      0.0    
   2000     26524.7     0.8779     0.1927     0.8732     0.1906     0.7201    17.0879    10147.54   40094.73   -64197.0  -64165.816   31.404      0.0    
   2100     27772.4     0.8825     0.1947     0.8728     0.1904     0.7609    178.0723   10122.29   40001.44   -64076.0  -64042.653   33.724      0.0    
   2200     29016.42    0.8917     0.1988     0.8813     0.1942     0.6544    120.1871   10165.05   40223.63   -64198.0  -64167.618   30.857      0.0    
   2300     30258.74    0.8871     0.1967     0.8748     0.1913     0.7638    124.8611   10206.29   40408.62   -64334.0  -64301.511   32.733      0.0    
   2400     31499.35    0.8875     0.1969     0.8827     0.1948     0.5699    59.5184    10169.93   40278.6    -64265.0  -64233.026   32.195      0.0    
   2500     32743.98    0.8869     0.1966     0.8792     0.1932     0.593     23.6055    10170.23   40365.78   -64234.0   -64200.4    33.429      0.0    
   2600     33981.41    0.8899     0.198      0.8815     0.1943     0.8541    666.5122   10183.97   40490.73   -64225.0  -64190.83    34.617      0.0    
   2700     35207.44    0.8848     0.1957     0.8834     0.1951     0.6045    27.9198    10199.14   40454.1    -64222.0  -64189.083   32.503      0.0    
   2800     36437.35    0.8929     0.1993     0.8831     0.195      0.997     871.7105   10269.26   40725.01   -64280.0  -64250.73    29.647      0.0    
   2900     37635.91    0.8922     0.199      0.8841     0.1954     1.036    3168.0897   10237.91   40730.81   -64290.0  -64260.893   29.049      0.0    
   3000     38808.0     0.8879     0.1971     0.8852     0.1959     1.0514   1177.2202   10334.71   40956.87   -64216.0  -64188.833   26.852      0.0    
   3100     39931.86    0.8917     0.1988     0.8851     0.1958     0.9607    694.9943   10326.15   40904.46   -64160.0  -64135.524   24.282      0.0    
   3200     41026.0     0.8881     0.1972     0.8844     0.1955     0.979     356.7233   10288.21   40819.82   -64264.0  -64228.032   35.685      0.0    
   3300     42108.49    0.8884     0.1973     0.8831     0.195      0.7267    134.0809   10254.94   40787.49   -64164.0  -64134.014   29.896      0.0    
   3400     43181.57    0.8882     0.1972     0.8848     0.1957     1.5225   5003.9739   10298.42   41038.01   -64196.0  -64165.924   29.867      0.0    
   3500     44230.7     0.8867     0.1966     0.8789     0.1931     1.1832    1948.018   10355.95   41042.6    -64237.0  -64208.36    28.954      0.0    
   3600     45282.81    0.8877     0.197      0.8807     0.1939     1.0599     637.26    10287.12   40874.02   -64096.0  -64060.84    35.336      0.0    
   3700     46333.48    0.8895     0.1978     0.8814     0.1942     1.0013    186.4971   10225.72   40701.01   -64159.0  -64122.674   36.727      0.0    
   3800     47391.38    0.8882     0.1972     0.8824     0.1947     1.3888   1333.5277   10384.25   41210.72   -64164.0  -64132.028   32.176      0.0    
   3900     48450.43    0.8874     0.1969     0.8839     0.1953     0.9699   1143.9694   10325.93   40996.7    -63994.0  -63958.254   35.602      0.0    
   4000     49515.0     0.8864     0.1964     0.8788     0.1931     0.6608    175.7354   10186.47   40447.99   -63945.0  -63905.574   39.658      0.0    
   4100     50586.23    0.8856     0.1961     0.8784     0.1929     0.5832    112.9752   10172.54   40450.18   -64138.0  -64101.794   35.947      0.0    
   4200     51662.99    0.8859     0.1962     0.8809     0.194      0.8709    837.1607   10164.46   40350.5    -63973.0  -63935.285   38.083      0.0    
   4300     52744.92    0.8881     0.1972     0.8797     0.1934     0.8879   2793.4913   10175.69   40557.51   -64229.0  -64179.748   49.513      0.0    
   4400     53831.57    0.8834     0.1951     0.8796     0.1934     0.6533    833.3345   10138.71   40380.38   -64073.0  -64011.76    61.42       0.0    
   4500     54919.65    0.8854     0.196      0.8791     0.1932      0.53     1009.848   10162.58   40407.15   -64214.0  -64142.338   72.105      0.0    
   4600     56009.4     0.8871     0.1967     0.883      0.1949     0.3624    13.5323    10139.07   40290.72   -64168.0  -64113.682   53.965      0.0    
   4700     57107.16    0.8905     0.1982     0.8846     0.1956     0.6439    579.4123   10190.53   40546.77   -64282.0  -64236.653   44.934      0.0    
   4800     58200.94    0.8901     0.1981     0.8858     0.1962     0.583     94.5597    10134.78   40351.24   -64055.0  -64009.739   45.591      0.0    
   4900     59292.82    0.8879     0.1971     0.8795     0.1934     0.3854     6.4893    10153.38   40366.3    -64232.0  -64187.589   43.984      0.0    
   5000     60365.84    0.8865     0.1965     0.8816     0.1943     0.325      1.6581    10131.91   40281.44   -64143.0  -64099.653   43.675      0.0    
   5100     61433.38    0.8872     0.1968     0.8817     0.1944     0.3329     1.4177    10148.39   40323.44   -64220.0  -64176.243   43.759      0.0    
   5200     62501.8     0.8875     0.1969     0.8814     0.1942     0.3598     0.6538    10143.93   40261.16   -64135.0  -64092.652   42.558      0.0    
   5300     63567.86    0.8847     0.1957     0.8797     0.1935     0.4175     0.5774    10126.58   40162.13   -64029.0  -63987.947   41.49       0.0    
   5400     64635.32    0.8883     0.1973     0.8807     0.1939     0.3199     6.8755    10147.78   40259.33   -64137.0  -64096.388   40.155      0.0    
   5500     65729.36    0.8867     0.1966     0.8776     0.1926     0.3308     0.2469    10167.21   40262.61   -64138.0  -64097.243   40.914      0.0    
   5600     66828.64    0.8864     0.1964     0.8802     0.1937     0.3657     0.1982    10093.12   40047.6    -63947.0  -63907.632   39.821      0.0    
   5700     67926.81    0.8872     0.1968     0.8805     0.1938     0.3667     0.146     10073.55   39998.16   -64014.0  -63975.15    39.166      0.0    
   5800     69027.9     0.8846     0.1956     0.8751     0.1914     0.3636     0.1297    10089.86   40000.74   -64070.0  -64031.089   39.363      0.0    
   5900     70132.83    0.8839     0.1953     0.8734     0.1907     0.4903     0.1233    10120.96   40001.23   -64005.0  -63968.45    36.615      0.0    
   6000     71234.2     0.8804     0.1938     0.8739     0.1909     0.5255     0.0876    10080.38   39841.33   -64039.0  -64003.469   35.091      0.0    
   6100     72340.25    0.8845     0.1956     0.8799     0.1936     0.5636     0.0622    10103.52   39819.29   -63953.0  -63918.809   34.482      0.0    
   6200     73448.49    0.8811     0.1941     0.8721     0.1901     0.5589     0.1095    10042.16   39614.89   -63935.0  -63900.603   34.799      0.0    
   6300     74554.53    0.8769     0.1922     0.868      0.1884     0.5664     0.1322    10034.34   39601.42   -63916.0  -63882.545   33.736      0.0    
   6400     75672.89    0.8742     0.191      0.8662     0.1876     0.5524     0.4207    10062.52   39565.94   -63981.0  -63946.436   34.121      0.0    
   6500     76795.57    0.8777     0.1926     0.869      0.1888     0.6801     3.5773    10044.14   39490.41   -63951.0  -63916.469   34.19       0.0    
   6600     77923.84    0.8721     0.1902     0.8594     0.1846     0.7189     0.0466    10006.76   39405.72   -63969.0  -63935.191   33.983      0.0    
   6700     79037.8     0.8701     0.1893     0.8648     0.187      0.5724     0.0551    9982.95    39180.37   -63834.0  -63800.298   33.484      0.0    
   6800     80154.94     0.87      0.1892     0.8623     0.1859     0.7899     0.0478    9969.53    39091.77   -63715.0  -63680.548   34.952      0.0    
   6900     81275.17    0.8714     0.1898     0.8607     0.1852     0.5337     0.1013    9966.04    39032.36   -63733.0  -63696.752   35.988      0.0    
   7000     82382.95    0.8688     0.1887     0.8575     0.1838     0.6166     0.1184    9895.38    38873.78   -63674.0  -63639.654   34.814      0.0    
   7100     83488.54    0.8679     0.1883     0.8519     0.1814     0.8301     0.5559     9904.3    38800.71   -63750.0  -63715.696   34.311      0.0    
   7200     84596.21    0.8664     0.1877     0.855      0.1827     0.6776     3.1051    9915.47    38694.42   -63695.0  -63661.883   33.235      0.0    
   7300     85707.6     0.8702     0.1893     0.8529     0.1818     0.7802     0.0245    9888.56    38666.5    -63687.0  -63653.267   33.937      0.0    
   7400     86829.81    0.8651     0.1871     0.8507     0.1809     0.5642     0.0225    9903.32    38557.36   -63650.0  -63615.872   33.726      0.0    
   7500     87944.92    0.8671     0.188      0.8514     0.1812     0.8046     0.0219    9884.59    38431.53   -63633.0  -63598.298   34.581      0.0    
   7600     89058.97    0.8607     0.1852     0.8497     0.1805     0.6048     0.019     9855.91    38333.27   -63608.0  -63571.883   36.228      0.0    
   7700     90179.22    0.8592     0.1846     0.8443     0.1782     0.7365     0.0269    9823.87    38199.72   -63516.0  -63481.535   34.858      0.0    
   7800     91300.92    0.861      0.1853     0.8443     0.1782     0.7098     0.052     9843.93    38247.97   -63620.0  -63583.726   36.49       0.0    
   7900     92432.75    0.8653     0.1872     0.8463     0.1791     0.6759     0.1303    9830.86    38190.58   -63566.0  -63530.96    34.836      0.0    
   8000     93563.28    0.8591     0.1845     0.8425     0.1774     0.8416     0.2782    9820.01    38120.53   -63530.0  -63495.142   34.841      0.0    
[-0.01289195  0.49868378  0.73994378  0.18037193  0.83271684 -0.8099013
  0.12998226 -1.02312398 -0.06944756  0.79850382  0.19168812  0.46926474
  1.09569928  0.31664582  0.44823312  0.67595403  0.38932405  0.56408007
 -0.25798952  0.44155996]
[ 0.40568585  0.26703444  0.08439576  0.37606274  0.31315379 -0.19528814
  0.1713411   0.17606982  0.26848675  0.33040531  0.66407768  0.34809579
 -0.23733569  0.17367226  0.01689554 -0.01556283  0.11337305  0.25970603
 -1.14261779 -0.11338711]
[ 0.18359399  0.38352858 -0.07724714  0.85608973 -0.2953565  -0.53672885
  0.56709413 -1.12069323  0.28232245  0.13830598  0.73759993  0.54175756
  0.79066464  0.21402997  0.8725964   0.7785969   0.59061439  0.23678767
  0.52096652  0.73464209]
