Generating synthetic binary valued data ... 
Generating synthetic  binary valued data took:  0.5002167224884033
Evaluation for true params: 
 test_rsme | train_rsme | rel-te-err | rel-tr-err |  test_nll  |  train_nll |
    0.0      0.632455532      0.0          0.1         20.03        83.79    
Factorizing with max_iteration = 16000  fixing covariance?:  False
Tensor dimensions:  [5, 5, 5]
Optimization metrics: 
Using Ada Grad
Mean update scheme:  S
Covariance update :  N
Using diagonal covariance?:  False
Random start? True
k1 samples =  64  k2 samples =  128
eta =  1.0  cov eta =  1.0  sigma eta =  1
iteration |   time   |test_rsme |rel-te-err|train_rsme|rel-tr-err|   d_mean  |   d_cov  |avg_grad_m|avg_grad_c| test_nll | train_nll |    VLB   |  E-term  |    KL     
    0         0.49      1.3266      0.44      1.4142      0.5       3.1623     3.3303     0.9165     1.2996     17.23      70.73      -118.0    -80.868     37.05    
    5         2.76       0.8        0.16      0.7483      0.14      3.1623     1.4124    11.0404    13.1951     13.58      51.02      -77.0     -69.035     8.063    
    10        5.32       0.8        0.16      0.6633      0.11      2.8671     0.5489    12.2795     8.6307      7.02      17.63      -73.0     -63.696     9.077    
    20        9.69       0.4        0.04      0.6928      0.12      3.0038     0.6204    45.7478     11.526     38.27      189.83     -79.0     -61.345     17.393   
    50       21.64       0.8        0.16      0.7483      0.14      2.5386     0.5777    444.4801   24.0269     147.37     379.32     -95.0     -63.515     31.498   
   100       40.65       0.8        0.16      0.7483      0.14      1.9161     0.5959   1762.9245   36.5172     147.37     515.78     -104.0    -63.879     39.717   
   200       77.58       0.8        0.16      0.7483      0.14      1.5838     0.8001   6184.1453   65.4644     147.37     515.78     -110.0    -63.879     46.247   
   300       116.88      0.8        0.16      0.7483      0.14      1.1999     1.0784   11698.5098  70.3691     147.37     515.78     -113.0    -63.879     48.741   
   400       154.03      0.8        0.16      0.7483      0.14      1.0246     1.9903   18053.6859  47.3753     147.37     515.78     -115.0    -63.879     50.828   
   500       192.12      0.8        0.16      0.7483      0.14      0.9607     3.7292   24992.6672  165.5344    147.37     515.78     -117.0    -63.879     52.649   
   600       229.11      0.8        0.16      0.7483      0.14      0.8976     2.6327   32250.7701  55.7891     147.37     515.78     -117.0    -63.879     53.532   
   700       267.15      0.8        0.16      0.7483      0.14      0.8132     0.7361   40072.3851  15.1314     147.37     515.78     -118.0    -63.879     53.851   
   800       304.02      0.8        0.16      0.7483      0.14      0.7638     9.6504   47925.1852  79.9893     147.37     515.78     -118.0    -63.879     54.223   
   900       340.66      0.8        0.16      0.7483      0.14      0.8306     0.4131   55697.5758   0.0735     147.37     515.78     -119.0    -63.879     55.342   
   1000      377.48      0.8        0.16      0.7483      0.14      0.6266     0.4127   63672.2376   0.0021     147.37     515.78     -119.0    -63.879     55.493   
   1100      414.07      0.8        0.16      0.7483      0.14      0.7545     0.8344   71910.6132  35.6787     147.37     515.78     -120.0    -63.879     56.111   
   1200      450.88      0.8        0.16      0.7483      0.14      0.5976     0.4094   79946.0072   0.0038     147.37     515.78     -121.0    -63.879     57.349   
   1300      487.36      0.8        0.16      0.7483      0.14      0.5999     0.4036   88258.7324   0.0015     147.37     515.78     -121.0    -63.879     57.463   
   1400      524.59      0.8        0.16      0.7483      0.14      0.6527     7.1037   96538.4634  106.5349    147.37     515.78     -121.0    -63.879     57.536   
   1500      561.56      0.8        0.16      0.7483      0.14      0.6409     0.4031   104609.0326   0.0013     147.37     515.78     -121.0    -63.879      57.6    
   1600      599.04      0.8        0.16      0.7483      0.14      0.5508     0.4029   112857.2629   0.0012     147.37     515.78     -122.0    -63.879     57.689   
   1700      636.15      0.8        0.16      0.7483      0.14      0.5391     0.4027   121071.8902   0.0011     147.37     515.78     -122.0    -63.879     57.738   
   1800      674.63      0.8        0.16      0.7483      0.14      0.5282     0.4025   129178.3677   0.0011     147.37     515.78     -122.0    -63.879     57.781   
   1900      710.96      0.8        0.16      0.7483      0.14      0.6268     0.4023   137783.2942   0.001      147.37     515.78     -122.0    -63.879     57.819   
   2000      748.26      0.8        0.16      0.7483      0.14      0.5446     0.4021   145822.2839   0.0009     147.37     515.78     -122.0    -63.879     57.853   
   2100      785.48      0.8        0.16      0.7483      0.14      0.4736     0.402    154172.3494   0.0009     147.37     515.78     -122.0    -63.879     57.883   
   2200      822.18      0.8        0.16      0.7483      0.14      0.5165     0.4018   162380.4548   0.0009     147.37     515.78     -122.0    -63.879     57.91    
   2300      860.19      0.8        0.16      0.7483      0.14      0.5123     0.4017   170412.5964   0.0008     147.37     515.78     -123.0    -63.879     58.735   
   2400      898.16      0.8        0.16      0.7483      0.14      0.4986     0.4016   178693.4379   0.9766     147.37     515.78     -123.0    -63.879     58.754   
   2500      935.61      0.8        0.16      0.7483      0.14      0.4759     0.4014   186827.0381   0.0007     147.37     515.78     -123.0    -63.879     58.772   
   2600      973.1       0.8        0.16      0.7483      0.14      0.4617     0.4013   195074.2297   0.0007     147.37     515.78     -123.0    -63.879     58.789   
   2700     1009.18      0.8        0.16      0.7483      0.14      0.4208     0.4012   203093.7816   0.0007     147.37     515.78     -123.0    -63.879     58.805   
   2800     1045.96      0.8        0.16      0.7483      0.14      0.4155     0.4011    211718.9    0.0007     147.37     515.78     -123.0    -63.879     58.819   
   2900     1083.35      0.8        0.16      0.7483      0.14      0.4248     0.401    220019.5149   0.0006     147.37     515.78     -123.0    -63.879     58.832   
   3000     1119.66      0.8        0.16      0.7483      0.14      0.4126     0.4008   227904.0372   0.0006     147.37     515.78     -123.0    -63.879     58.845   
   3100     1155.78      0.8        0.16      0.7483      0.14       0.37      0.4007   235849.7974   0.0006     147.37     515.78     -123.0    -63.879     58.856   
   3200     1192.48      0.8        0.16      0.7483      0.14      0.3887     0.4006   244014.162   0.0006     147.37     515.78     -124.0    -63.879     59.687   
   3300     1229.75      0.8        0.16      0.7483      0.14      0.3965     0.4005   252396.7653   0.0006     147.37     515.78     -124.0    -63.879     59.696   
   3400      1266.9      0.8        0.16      0.7483      0.14      0.3928     0.4004   260360.9038   0.0005     147.37     515.78     -124.0    -63.879     59.704   
   3500     1304.88      0.8        0.16      0.7483      0.14      0.3664     0.4003   268508.233   0.0005     147.37     515.78     -124.0    -63.879     59.713   
   3600     1342.16      0.8        0.16      0.7483      0.14      0.3545     0.4003   275979.1368   0.0005     147.37     515.78     -124.0    -63.879     59.72    
   3700     1378.79      0.8        0.16      0.7483      0.14      0.3322    16.9889   284199.8363  204.9438    147.37     515.78     -124.0    -63.879     59.727   
   3800     1414.78      0.8        0.16      0.7483      0.14      0.3483     0.4001   292901.9544   0.0005     147.37     515.78     -124.0    -63.879     59.734   
   3900     1452.52      0.8        0.16      0.7483      0.14      0.3392      0.4     300875.6484   0.0005     147.37     515.78     -124.0    -63.879     59.74    
   4000     1492.14      0.8        0.16      0.7483      0.14      0.3316     0.3999   308961.1823   0.0005     147.37     515.78     -124.0    -63.879     59.746   
   4100     1529.16      0.8        0.16      0.7483      0.14      0.3178     0.3998   316628.582   0.0004     147.37     515.78     -124.0    -63.879     59.752   
   4200     1566.53      0.8        0.16      0.7483      0.14      0.3273     0.3998   325552.6559   0.0004     147.37     515.78     -124.0    -63.879     59.759   
   4300     1604.26      0.8        0.16      0.7483      0.14      0.3141     0.3997   333296.1496   0.0004     147.37     515.78     -124.0    -63.879     59.763   
   4400     1640.58      0.8        0.16      0.7483      0.14      0.3106     0.3996   341537.703   0.0004     147.37     515.78     -124.0    -63.879     59.769   
   4500     1678.11      0.8        0.16      0.7483      0.14      0.3042     0.3995   349628.7378   0.0004     147.37     515.78     -124.0    -63.879     59.773   
   4600     1714.72      0.8        0.16      0.7483      0.14      0.3151     0.3995   357883.5359   0.0004     147.37     515.78     -124.0    -63.879     59.777   
   4700     1751.01      0.8        0.16      0.7483      0.14      0.2833     0.3994   365169.7082   0.0004     147.37     515.78     -124.0    -63.879     59.782   
   4800     1787.33      0.8        0.16      0.7483      0.14      0.2885     0.3993   373544.4665   0.0004     147.37     515.78     -124.0    -63.879     59.785   
   4900     1824.57      0.8        0.16      0.7483      0.14      0.2858     0.3993   381622.4799   0.0004     147.37     515.78     -124.0    -63.879     59.789   
   5000     1861.76      0.8        0.16      0.7483      0.14      0.2911     0.3992   389544.9036   0.0004     147.37     515.78     -124.0    -63.879     59.792   
   5100     1898.48      0.8        0.16      0.7483      0.14      0.2769     0.3991   397864.1567   0.0004     147.37     515.78     -124.0    -63.879     59.796   
   5200     1935.88      0.8        0.16      0.7483      0.14      0.2796     0.3991   405731.4199   0.0004     147.37     515.78     -124.0    -63.879     59.799   
   5300      1972.9      0.8        0.16      0.7483      0.14      0.2777     0.399    413560.8313   0.0003     147.37     515.78     -125.0    -63.879     61.166   
   5400      2010.3      0.8        0.16      0.7483      0.14      0.2763     0.3989   422259.7916   0.0003     147.37     515.78     -125.0    -63.879     61.169   
   5500     2047.67      0.8        0.16      0.7483      0.14      0.2642     0.3989   429292.9607   0.0003     147.37     515.78     -125.0    -63.879     61.171   
   5600     2083.49      0.8        0.16      0.7483      0.14      0.2618     0.3988   437498.4425   0.0003     147.37     515.78     -125.0    -63.879     61.174   
   5700      2120.3      0.8        0.16      0.7483      0.14      0.2471     0.3988   445816.1435   0.0003     147.37     515.78     -125.0    -63.879     61.176   
   5800     2156.94      0.8        0.16      0.7483      0.14      0.2564     0.3987   453385.0904   0.0003     147.37     515.78     -125.0    -63.879     61.179   
   5900      2192.8      0.8        0.16      0.7483      0.14      0.2582     0.3986   461546.7333   0.0003     147.37     515.78     -125.0    -63.879     61.181   
   6000     2229.56      0.8        0.16      0.7483      0.14      0.259      0.3986   470028.2205   0.0003     147.37     515.78     -125.0    -63.879     61.183   
   6100      2267.0      0.8        0.16      0.7483      0.14      0.2507     0.3985   476907.9659   0.0003     147.37     515.78     -125.0    -63.879     61.185   
   6200     2304.16      0.8        0.16      0.7483      0.14      0.2553     0.3985   485148.1759   0.0003     147.37     515.78     -125.0    -63.879     61.187   
   6300     2340.59      0.8        0.16      0.7483      0.14      0.2487     0.3984   493169.6493   0.0003     147.37     515.78     -125.0    -63.879     61.188   
   6400      2378.0      0.8        0.16      0.7483      0.14      0.2468     0.3984   501927.8441   0.0003     147.37     515.78     -125.0    -63.879     61.19    
   6500      2415.3      0.8        0.16      0.7483      0.14      0.2311     0.3983   509408.5431   0.0003     147.37     515.78     -125.0    -63.879     61.192   
   6600     2451.91      0.8        0.16      0.7483      0.14      0.2279     0.3983   517355.9857   0.0003     147.37     515.78     -125.0    -63.879     61.193   
   6700     2488.39      0.8        0.16      0.7483      0.14      0.2383     0.3982   526076.9874   0.0003     147.37     515.78     -125.0    -63.879     61.195   
   6800     2525.73      0.8        0.16      0.7483      0.14      0.2325     0.3982   533120.1684   0.0003     147.37     515.78     -125.0    -63.879     61.196   
   6900      2563.9      0.8        0.16      0.7483      0.14      0.2275     0.3981   541137.6759   0.0003     147.37     515.78     -125.0    -63.879     61.198   
   7000     2601.51      0.8        0.16      0.7483      0.14      0.2367     0.3981   549162.7059   0.0003     147.37     515.78     -125.0    -63.879     61.199   
   7100     2639.42      0.8        0.16      0.7483      0.14      0.2219     0.398    555999.8743   0.0003     147.37     515.78     -125.0    -63.879      61.2    
   7200     2676.47      0.8        0.16      0.7483      0.14      0.2259     0.398    565467.5842   0.0003     147.37     515.78     -125.0    -63.879     61.201   
   7300      2713.2      0.8        0.16      0.7483      0.14      0.222      0.398    572775.2347   0.0002     147.37     515.78     -125.0    -63.879     61.202   
   7400     2749.15      0.8        0.16      0.7483      0.14      0.2193     0.3979   581058.8089   0.0002     147.37     515.78     -125.0    -63.879     61.204   
   7500     2785.21      0.8        0.16      0.7483      0.14      0.2222     0.3979   589138.6153   0.0002     147.37     515.78     -125.0    -63.879     61.205   
   7600     2822.72      0.8        0.16      0.7483      0.14      0.2214     0.3978   596974.1894   0.0002     147.37     515.78     -125.0    -63.879     61.206   
   7700     2860.21      0.8        0.16      0.7483      0.14      0.2203     0.3978   604676.6384   0.0002     147.37     515.78     -125.0    -63.879     61.207   
   7800     2896.83      0.8        0.16      0.7483      0.14      0.2196     0.3977   612783.4127   0.0002     147.37     515.78     -125.0    -63.879     61.208   
   7900     2934.17      0.8        0.16      0.7483      0.14      0.2027     0.3977   619312.9645   0.0002     147.37     515.78     -125.0    -63.879     61.209   
   8000      2972.2      0.8        0.16      0.7483      0.14      0.2146     0.3977   628912.9635   0.0002     147.37     515.78     -125.0    -63.879     61.21    
   8100     3008.61      0.8        0.16      0.7483      0.14      0.2053     0.3976   636199.3899   0.0002     147.37     515.78     -125.0    -63.879     61.211   
   8200     3045.32      0.8        0.16      0.7483      0.14      0.2129     0.3976   644599.926   0.0002     147.37     515.78     -125.0    -63.879     61.212   
   8300     3082.51      0.8        0.16      0.7483      0.14      0.2037     0.3975   653079.3878   0.0002     147.37     515.78     -125.0    -63.879     61.213   
   8400     3118.78      0.8        0.16      0.7483      0.14      0.2056     0.3975   659919.0929   0.0002     147.37     515.78     -125.0    -63.879     61.213   
   8500     3155.43      0.8        0.16      0.7483      0.14      0.2025     0.3975   667303.7918   0.0002     147.37     515.78     -125.0    -63.879     61.214   
   8600     3191.42      0.8        0.16      0.7483      0.14      0.1941     0.3974   677119.1994   0.0002     147.37     515.78     -125.0    -63.879     61.215   
   8700     3228.05      0.8        0.16      0.7483      0.14      0.2001     0.3974   683999.6499   0.0002     147.37     515.78     -125.0    -63.879     61.216   
   8800      3265.0      0.8        0.16      0.7483      0.14      0.1897     0.3973   691201.8407   0.0002     147.37     515.78     -125.0    -63.879     61.216   
   8900     3303.62      0.8        0.16      0.7483      0.14      0.197      0.3973   699262.0312   0.0002     147.37     515.78     -125.0    -63.879     61.217   
   9000     3340.44      0.8        0.16      0.7483      0.14      0.194      0.3973   708444.2866   0.0002     147.37     515.78     -125.0    -63.879     61.218   
   9100     3376.66      0.8        0.16      0.7483      0.14      0.1885     0.3972   715509.2819   0.0002     147.37     515.78     -125.0    -63.879     61.219   
   9200      3412.9      0.8        0.16      0.7483      0.14      0.1953     0.3972   723134.7724   0.0002     147.37     515.78     -125.0    -63.879     61.219   
   9300     3449.76      0.8        0.16      0.7483      0.14      0.1848     0.3972   731152.5557   0.0002     147.37     515.78     -125.0    -63.879     61.22    
   9400     3487.39      0.8        0.16      0.7483      0.14      0.1837     0.3971   739261.868   0.0002     147.37     515.78     -125.0    -63.879     61.22    
   9500     3524.73      0.8        0.16      0.7483      0.14       0.18      0.3971   746272.2691   0.0002     147.37     515.78     -125.0    -63.879     61.221   
   9600     3561.06      0.8        0.16      0.7483      0.14      0.1917     0.3971   755253.4807   0.0002     147.37     515.78     -125.0    -63.879     61.222   
   9700     3599.18      0.8        0.16      0.7483      0.14      0.1803     0.397    761366.0538   0.0002     147.37     515.78     -125.0    -63.879     61.222   
   9800     3637.73      0.8        0.16      0.7483      0.14      0.1926     0.397    771302.6765   0.0002     147.37     515.78     -125.0    -63.879     61.223   
   9900     3675.67      0.8        0.16      0.7483      0.14      0.1852     0.397    778168.0132   0.0002     147.37     515.78     -125.0    -63.879     61.223   
  10000     3713.47      0.8        0.16      0.7483      0.14      0.1802     0.3969   786598.33    0.0002     147.37     515.78     -125.0    -63.879     61.224   
  10100      3750.0      0.8        0.16      0.7483      0.14      0.1841     0.3969   794592.6648   0.0002     147.37     515.78     -125.0    -63.879     61.224   
  10200     3787.67      0.8        0.16      0.7483      0.14      0.1801     0.3969   801383.4356   0.0002     147.37     515.78     -125.0    -63.879     61.225   
  10300     3823.82      0.8        0.16      0.7483      0.14      0.1865     0.3968   809648.8918   0.0002     147.37     515.78     -125.0    -63.879     61.225   
  10400      3860.3      0.8        0.16      0.7483      0.14      0.1816     0.3968   816747.5104   0.0002     147.37     515.78     -125.0    -63.879     61.225   
  10500     3897.05      0.8        0.16      0.7483      0.14      0.1793     0.3968   826138.3028   0.0002     147.37     515.78     -125.0    -63.879     61.226   
  10600     3933.77      0.8        0.16      0.7483      0.14      0.1714     0.3967   833954.494   0.0002     147.37     515.78     -125.0    -63.879     61.226   
  10700     3970.69      0.8        0.16      0.7483      0.14      0.1725     0.3967   841112.2141   0.0002     147.37     515.78     -125.0    -63.879     61.227   
  10800     4007.29      0.8        0.16      0.7483      0.14      0.1772     0.3967   849189.2067   0.0002     147.37     515.78     -125.0    -63.879     61.227   
  10900     4045.38      0.8        0.16      0.7483      0.14      0.1781     0.3966   856913.7757   0.0002     147.37     515.78     -125.0    -63.879     61.227   
  11000     4082.28      0.8        0.16      0.7483      0.14      0.1675     0.3966   864749.6348   0.0002     147.37     515.78     -125.0    -63.879     61.228   
  11100      4119.8      0.8        0.16      0.7483      0.14      0.1733     0.3966   872304.2119   0.0002     147.37     515.78     -125.0    -63.879     61.228   
  11200     4155.94      0.8        0.16      0.7483      0.14      0.1709     0.3966   880171.2425   0.0002     147.37     515.78     -125.0    -63.879     61.228   
  11300     4193.25      0.8        0.16      0.7483      0.14      0.1679     0.3965   888656.793   0.0002     147.37     515.78     -125.0    -63.879     61.229   
  11400     4230.15      0.8        0.16      0.7483      0.14      0.1712     0.3965   895774.2705   0.0002     147.37     515.78     -125.0    -63.879     61.229   
  11500     4266.24      0.8        0.16      0.7483      0.14      0.1646     0.3965   904244.0152   0.0002     147.37     515.78     -125.0    -63.879     61.229   
  11600     4303.29      0.8        0.16      0.7483      0.14      0.1637     0.3964   912045.463   0.0002     147.37     515.78     -125.0    -63.879     61.23    
  11700     4339.29      0.8        0.16      0.7483      0.14      0.1724     0.3964   919667.9176   0.0002     147.37     515.78     -125.0    -63.879     61.23    
  11800     4375.16      0.8        0.16      0.7483      0.14      0.1703     0.3964   927066.247   0.0002     147.37     515.78     -125.0    -63.879     61.23    
  11900     4412.11      0.8        0.16      0.7483      0.14      0.1708     0.3964   935729.853   0.0002     147.37     515.78     -125.0    -63.879     61.231   
  12000     4448.06      0.8        0.16      0.7483      0.14      0.1612     0.3963   943287.7858   0.0002     147.37     515.78     -125.0    -63.879     61.231   
  12100     4484.55      0.8        0.16      0.7483      0.14      0.1653     0.3963   950130.9331   0.0002     147.37     515.78     -125.0    -63.879     61.231   
  12200      4522.7      0.8        0.16      0.7483      0.14      0.1576     0.3963   958032.5676   0.0001     147.37     515.78     -125.0    -63.879     61.231   
  12300     4558.99      0.8        0.16      0.7483      0.14      0.1641     0.3963   967061.5212   0.0001     147.37     515.78     -125.0    -63.879     61.232   
  12400     4595.58      0.8        0.16      0.7483      0.14      0.161      0.3962   975811.9143   0.0001     147.37     515.78     -125.0    -63.879     61.232   
  12500     4631.84      0.8        0.16      0.7483      0.14      0.1578     0.3962   981056.7102   0.0001     147.37     515.78     -125.0    -63.879     61.232   
  12600     4668.45      0.8        0.16      0.7483      0.14      0.166      0.3962   990069.9338   0.0001     147.37     515.78     -125.0    -63.879     61.232   
  12700     4706.63      0.8        0.16      0.7483      0.14      0.1584     0.3961   998004.2308   0.0001     147.37     515.78     -125.0    -63.879     61.233   
  12800     4743.52      0.8        0.16      0.7483      0.14      0.1643     0.3961   1005435.1968   0.0001     147.37     515.78     -125.0    -63.879     61.233   
  12900     4781.91      0.8        0.16      0.7483      0.14      0.1536     0.3961   1013994.4307   0.0001     147.37     515.78     -125.0    -63.879     61.233   
  13000     4818.78      0.8        0.16      0.7483      0.14      0.1549     0.3961   1021747.7702   0.0001     147.37     515.78     -125.0    -63.879     61.234   
  13100      4856.4      0.8        0.16      0.7483      0.14      0.155      0.396    1029566.3117   0.0001     147.37     515.78     -125.0    -63.879     61.234   
  13200      4893.7      0.8        0.16      0.7483      0.14      0.1592    126.7241  1039061.0296 40698.3308   147.37     515.78     -125.0    -63.879     61.234   
  13300     4930.98      0.8        0.16      0.7483      0.14      0.1529     0.396    1043981.8616   0.0001     147.37     515.78     -125.0    -63.879     61.234   
  13400     4968.82      0.8        0.16      0.7483      0.14      0.1536     0.396    1053599.075   0.0001     147.37     515.78     -125.0    -63.879     61.235   
  13500     5006.01      0.8        0.16      0.7483      0.14      0.1498     0.396    1060900.5827   0.0001     147.37     515.78     -125.0    -63.879     61.235   
  13600      5042.5      0.8        0.16      0.7483      0.14      0.1502     0.3959   1069630.7812   0.0001     147.37     515.78     -125.0    -63.879     61.235   
  13700     5080.68      0.8        0.16      0.7483      0.14      0.149      0.3959   1076443.0699   0.0001     147.37     515.78     -125.0    -63.879     61.235   
  13800     5118.03      0.8        0.16      0.7483      0.14      0.1571     0.3959   1086073.9849   0.0001     147.37     515.78     -125.0    -63.879     61.235   
  13900     5155.03      0.8        0.16      0.7483      0.14      0.148      0.3959   1092776.776   0.0001     147.37     515.78     -125.0    -63.879     61.236   
  14000     5191.36      0.8        0.16      0.7483      0.14      0.1519     0.3958   1098545.2597   0.0001     147.37     515.78     -125.0    -63.879     61.236   
  14100     5229.74      0.8        0.16      0.7483      0.14      0.1489     0.3958   1106836.8405   0.0001     147.37     515.78     -125.0    -63.879     61.236   
  14200     5266.85      0.8        0.16      0.7483      0.14      0.149      0.3958   1115774.4332   0.0001     147.37     515.78     -125.0    -63.879     61.236   
  14300     5302.82      0.8        0.16      0.7483      0.14      0.1526     0.3958   1123200.7312   0.0001     147.37     515.78     -125.0    -63.879     61.236   
  14400     5339.08      0.8        0.16      0.7483      0.14      0.1453     0.3957   1131126.6862   0.0001     147.37     515.78     -125.0    -63.879     61.236   
  14500     5375.34      0.8        0.16      0.7483      0.14      0.1539     0.3957   1139808.3051   0.0001     147.37     515.78     -125.0    -63.879     61.237   
  14600     5413.34      0.8        0.16      0.7483      0.14      0.1488     0.3957   1147031.981   0.0001     147.37     515.78     -125.0    -63.879     61.237   
  14700     5451.71      0.8        0.16      0.7483      0.14      0.1466     0.3957   1154110.8908   0.0001     147.37     515.78     -125.0    -63.879     61.237   
  14800     5487.89      0.8        0.16      0.7483      0.14      0.1472     0.3957   1162524.2864   0.0001     147.37     515.78     -125.0    -63.879     61.237   
  14900      5523.9      0.8        0.16      0.7483      0.14      0.1431     0.3956   1170764.9933   0.0001     147.37     515.78     -125.0    -63.879     61.237   
  15000     5561.55      0.8        0.16      0.7483      0.14      0.1509     0.3956   1178707.0399   0.0001     147.37     515.78     -125.0    -63.879     61.237   
  15100     5598.91      0.8        0.16      0.7483      0.14      0.1501     0.3956   1186406.3177   0.0001     147.37     515.78     -125.0    -63.879     61.237   
  15200     5635.81      0.8        0.16      0.7483      0.14      0.1504     0.3956   1193559.4746   0.0001     147.37     515.78     -125.0    -63.879     61.238   
  15300     5672.07      0.8        0.16      0.7483      0.14      0.143      0.3955   1202224.0237   0.0001     147.37     515.78     -125.0    -63.879     61.238   
  15400      5709.4      0.8        0.16      0.7483      0.14      0.1489     0.3955   1210471.5172   0.0001     147.37     515.78     -125.0    -63.879     61.238   
  15500     5746.48      0.8        0.16      0.7483      0.14      0.1443     0.3955   1217312.6099   0.0001     147.37     515.78     -125.0    -63.879     61.238   
  15600     5783.09      0.8        0.16      0.7483      0.14      0.1441     0.3955   1224125.0813   0.0001     147.37     515.78     -125.0    -63.879     61.238   
  15700     5819.92      0.8        0.16      0.7483      0.14      0.1439     0.3955   1232530.741   0.0001     147.37     515.78     -125.0    -63.879     61.238   
  15800     5856.86      0.8        0.16      0.7483      0.14      0.1413     0.3954   1240490.0453   0.0001     147.37     515.78     -125.0    -63.879     61.238   
  15900     5892.98      0.8        0.16      0.7483      0.14      0.1381     0.3954   1246746.9593   0.0001     147.37     515.78     -125.0    -63.879     61.239   
  16000     5928.76      0.8        0.16      0.7483      0.14      0.1443     0.3954   1258457.2307   0.0001     147.37     515.78     -125.0    -63.879     61.239   
[ 198.53676999  197.32108402  198.01860312  198.21519542  198.52410804
  198.2562153   198.16897198  198.83628323  198.67532817  198.34829028
  198.24958886  198.73568231 -197.80529929  198.2276627   198.52391441
  197.83929438  198.52610025  197.99575451  198.15474272  198.10776478]
[-197.93936691 -197.88157363 -197.42899358 -197.25907775 -197.88207256
 -197.33746574 -198.261176   -198.44216703 -197.47421095 -197.97225503
 -197.87591866 -197.57512064  198.64265105 -197.36790359 -197.25765417
 -197.20609656 -197.67481639 -197.61334663 -197.29855179 -197.58774918]
[196.23821929 197.12974161 196.82635405 196.56895935 196.37100405
 196.45720643 197.04253612 196.72384231 197.22682336 196.52084862
 196.62543266 195.81941322 196.25984335 196.6633316  196.49969268
 197.10639678 197.0192717  196.37361339 196.24893878 196.42205337]
