Generating synthetic binary valued data ... 
Generating synthetic  binary valued data took:  0.7213661670684814
Evaluation for true params: 
 test_rsme | train_rsme | rel-te-err | rel-tr-err |  test_nll  |  train_nll |
0.9797958971 0.7211102551     0.24         0.13        18.51        78.12    
Factorizing with max_iteration = 16000  fixing covariance?:  False
Tensor dimensions:  [5, 5, 5]
Optimization metrics: 
Using Ada Grad
Mean update scheme:  S
Covariance update :  N
Using diagonal covariance?:  False
Random start? True
k1 samples =  64  k2 samples =  128
eta =  1.0  cov eta =  1.0  sigma eta =  1
iteration |   time   |test_rsme |rel-te-err|train_rsme|rel-tr-err|   d_mean  |   d_cov  |avg_grad_m|avg_grad_c| test_nll | train_nll |    VLB   |  E-term  |    KL     |   dw   |
    0         0.5        1.2        0.36      1.5232      0.58      3.1623     8.6661     0.9382     0.8248     16.83      70.77      -106.0    -80.091     25.909     0.0103  
    5         3.51      1.3266      0.44      1.077       0.29      3.1623    253.6389    7.6301     7.5844     16.91      67.73      -127.0    -78.653     48.107     3.0335  
    10        6.82      1.3266      0.44      1.249       0.39      2.7448    283.5326    7.7869    18.4394     16.42       66.0      -124.0    -79.014     45.331     0.2826  
    20       12.33      1.0583      0.28      0.7211      0.13      2.2114    141.3234    6.5802     5.9674     14.06       40.4      -94.0     -70.974     22.961     0.0171  
    50        27.5       1.2        0.36      0.5657      0.08      1.2738     0.9144     2.0937     5.2585      14.2      23.95      -79.0     -65.048     14.207     0.0025  
   100       55.04      1.1314      0.32      0.4472      0.05      0.769      0.2264      1.58      5.2443     13.92      20.18      -74.0     -63.875     9.671      0.0001  
   200       107.99     1.2649      0.4        0.4        0.04      0.7256     0.1582     1.3293     4.4411     16.88      21.54      -71.0     -64.608     6.419       0.0    
   300       162.39      1.2        0.36      0.3464      0.03      0.5063     0.0939     1.4254     4.1481      14.0      20.18      -70.0     -63.966     5.579       0.0    
   400       214.91     1.0583      0.28      0.3464      0.03      0.4486     0.6721     1.3266     3.9094     12.83      26.75      -71.0     -66.424     4.866      0.0005  
   500       267.65     1.0583      0.28      0.5657      0.08      0.4373     0.3584     1.293      4.0801     12.68      27.97      -73.0     -66.801      5.92       0.0    
   600       320.33     1.0583      0.28      0.4472      0.05      0.4193     0.1591     1.2512     3.2593     13.15      26.89      -71.0     -66.554     4.123      0.0001  
   700       374.11     0.8944      0.2       0.5292      0.07      0.5817     0.5699     1.6226     3.3052     12.46      29.71      -71.0     -67.192     3.809      0.0001  
   800       428.76     1.0583      0.28      0.5657      0.08      0.5432     7.0911     2.1202     4.8763      11.8       33.5      -73.0     -68.671     4.156       0.0    
   900       483.23     0.8944      0.2       0.5657      0.08      0.6765    12.9787     2.3867     5.0861     11.77      36.28      -72.0     -68.483     3.805      0.0005  
   1000      536.11     1.0583      0.28      0.6928      0.12      1.4596   4216.9943   14.8176    33.7396     13.02      30.64      -75.0     -66.897     7.692      0.0013  
   1100      590.66     1.3266      0.44      0.6633      0.11      0.8513    330.431     7.7623    18.1412      12.7      42.63      -80.0     -71.499     8.645      0.0003  
   1200      646.53     0.9798      0.24       0.8        0.16      1.3111   12083.5809   8.4817    14.6383     11.12      28.71      -79.0     -65.868     13.218     0.0032  
   1300      700.81      1.2        0.36      0.8485      0.18      0.8053    347.1039   13.4689    27.4702     13.62      40.81      -83.0     -70.706     12.256     0.0011  
   1400      752.85     0.9798      0.24      0.8485      0.18      0.8589    560.7954   22.6281    25.9473     12.54      48.35      -91.0     -73.719     17.458     0.005   
   1500      805.49      1.2        0.36      1.0198      0.26      0.5814    246.4442   12.6123    25.8385     13.52      50.79      -106.0    -73.584     32.478     0.0007  
   1600      859.21     1.1314      0.32      0.8485      0.18      0.6492    861.6634   19.5037    62.9743     13.16      40.19      -106.0    -69.057     36.576     0.0021  
   1700      911.45     1.0583      0.28      0.7483      0.14      0.3345    135.6057    8.1049    45.1891     11.45      30.34      -131.0    -65.914     64.794     0.002   
   1800      965.27     1.0583      0.28      0.6633      0.11      0.5063     648.58    14.5439    65.7898     12.68      26.71      -113.0    -65.001     48.384     0.0005  
   1900     1017.38     1.1314      0.32      0.5292      0.07      0.092      1.4853     3.1731    12.9771     13.08      19.01      -106.0     -63.32     42.826     0.0002  
   2000     1070.79     1.1314      0.32      0.4472      0.05      0.2113     4.3298     3.0113    11.7811     12.94      17.91      -102.0    -62.472     39.592      0.0    
   2100     1125.43     1.1314      0.32       0.4        0.04      0.1021     3.1477     2.7609    10.3329     15.99      14.33      -99.0     -61.079     38.192     0.0002  
   2200     1178.58      1.2        0.36      0.3464      0.03      0.1235     1.2416     2.203      7.207      16.62      12.48      -98.0     -60.759     36.939     0.0001  
   2300     1232.43     1.1314      0.32      0.2828      0.02      0.0897     0.5962     2.0858     6.5507      16.1      11.58      -97.0     -60.778     36.144     0.0001  
   2400     1287.39      1.2        0.36      0.2828      0.02      0.0581     0.855      1.735      6.0798      17.7      10.42      -96.0     -60.404     35.726     0.0001  
   2500     1340.52     1.0583      0.28      0.2828      0.02      0.1078     1.306      2.118      5.9383     17.77      11.22      -96.0     -60.112     35.691      0.0    
   2600     1394.16     1.0583      0.28      0.3464      0.03      1.1519   3292.3244   54.1288    84.3118     18.19      16.18      -101.0    -62.171     38.988     0.0002  
   2700      1446.2     1.0583      0.28      0.2828      0.02      0.102      6.3462     2.6716    10.4509     31.36       9.41      -98.0     -59.597     38.347      0.0    
   2800     1498.91     1.0583      0.28      0.2828      0.02      0.0627     2.6567     2.0786     6.6418     28.77       8.36      -97.0     -59.246     37.709      0.0    
   2900     1552.26     1.0583      0.28      0.2828      0.02      0.0448     1.3977     1.8996     4.7608     31.47       7.92      -96.0     -59.273     36.673      0.0    
   3000     1606.62     1.1314      0.32      0.2828      0.02      0.0454     0.6466     1.7723     3.705      25.27       8.04      -95.0     -58.931     35.596      0.0    
   3100     1660.09     1.1314      0.32       0.2        0.01      0.0619     0.4041     1.7003     3.9877      32.7       7.7       -94.0      -59.29     34.455      0.0    
   3200     1713.33     1.1314      0.32      0.2828      0.02      0.0369     0.2732     1.4456     3.338      39.59       7.89      -92.0     -59.082     33.404      0.0    
   3300     1766.34     1.1314      0.32      0.2828      0.02      0.027      0.1317     1.2818     3.3883     26.86       7.86      -92.0      -59.23     32.483      0.0    
   3400     1819.61     1.1314      0.32      0.2828      0.02      0.0501     0.1305     1.4005     3.7011     29.14       8.92      -91.0     -59.644     31.644      0.0    
   3500     1873.98     1.1314      0.32      0.2828      0.02      0.0261     0.1386     1.209      3.6529     23.52       8.96      -90.0     -59.648     30.834      0.0    
   3600     1926.77     1.1314      0.32      0.2828      0.02      0.0346     0.0977     1.1572     3.905      19.43       9.31      -90.0     -59.761     30.161      0.0    
   3700     1980.24     1.0583      0.28      0.2828      0.02      0.0342     0.0792     1.0168     3.9558     26.75       9.69      -89.0     -59.888     29.488      0.0    
   3800     2032.87     1.1314      0.32      0.2828      0.02       0.03      0.0733     1.0565     3.9881     25.99      10.43      -89.0     -60.071     28.896      0.0    
   3900     2085.74     1.1314      0.32      0.2828      0.02      0.0286     0.0633     0.9411     3.9827     25.56      10.43      -89.0     -60.257     28.345      0.0    
   4000     2140.34     1.0583      0.28      0.2828      0.02      0.0352     0.0393     0.9558     4.1305     23.35      10.73      -88.0     -60.051     27.83       0.0    
   4100     2194.41     1.1314      0.32      0.2828      0.02      0.0319     0.0326     0.9627     4.5805     24.16      10.54      -88.0     -60.396     27.328      0.0    
   4200     2248.37      1.2        0.36       0.2        0.01      0.0272     0.0408     0.9341     4.2661     26.83      10.67      -87.0     -60.489     26.979      0.0    
   4300     2302.69     1.1314      0.32      0.2828      0.02      0.0337     0.0341     0.9071     4.1541     22.56      11.26      -87.0     -60.513     26.537      0.0    
   4400     2354.91      1.2        0.36      0.2828      0.02      0.0252     0.0331     0.8749     4.3291     23.41      11.17      -87.0      -60.49     26.19       0.0    
   4500     2410.03     1.1314      0.32       0.2        0.01      0.0257     0.0276     0.8806     4.3474     25.09      11.05      -86.0     -60.502     25.836      0.0    
   4600     2463.06     1.0583      0.28       0.2        0.01      0.0262     0.0188     0.823      4.4595     22.36      10.73      -86.0     -60.648     25.436      0.0    
   4700     2518.51      1.2        0.36       0.2        0.01      0.0257     0.0223     0.7671     4.803      22.58      11.16      -86.0     -60.597     25.116      0.0    
   4800     2572.11      1.2        0.36       0.2        0.01      0.027      0.0221     0.8149     4.526      26.22      11.81      -86.0     -60.963     24.875      0.0    
   4900     2624.25      1.2        0.36       0.2        0.01      0.0162     0.0192     0.7386     4.5441     23.95      11.37      -85.0     -60.685     24.573      0.0    
   5000     2678.08     1.2649      0.4       0.2828      0.02      0.0171     0.017      0.6715     4.6897     23.85      11.67      -85.0     -61.044     24.312      0.0    
   5100     2733.14      1.2        0.36       0.2        0.01      0.0227     0.0156     0.8342     4.8138     23.19      11.67      -85.0     -60.751     24.058      0.0    
   5200     2787.74     1.1314      0.32      0.2828      0.02      0.0183     0.0159     0.6831     4.6873     24.59      12.04      -85.0     -61.114     23.782      0.0    
   5300     2843.51      1.2        0.36      0.2828      0.02      0.0197     0.0159     0.6708     5.1083     23.56      11.72      -84.0     -60.979     23.511      0.0    
   5400     2898.31     1.1314      0.32       0.2        0.01      0.0196     0.0134     0.7329     4.8815     25.49      12.17      -84.0     -60.894     23.293      0.0    
   5500     2952.48      1.2        0.36       0.2        0.01      0.021      0.0122     0.6937     4.7926     23.23      12.66      -84.0     -61.386     23.071      0.0    
   5600     3003.65     1.1314      0.32      0.2828      0.02      0.0208     0.0105     0.5857     4.8922     22.73      12.35      -84.0     -61.221     22.876      0.0    
   5700     3054.78      1.2        0.36      0.2828      0.02      0.0159     0.0098     0.6596     4.8797     25.06      13.44      -84.0     -61.194     22.73       0.0    
   5800     3105.57      1.2        0.36      0.2828      0.02      0.021      0.0115     0.666      4.9743     24.26      12.96      -84.0     -61.271     22.55       0.0    
   5900     3157.11     1.1314      0.32       0.2        0.01      0.0178     0.0106     0.569      4.8887     25.77      12.79      -83.0     -61.104     22.34       0.0    
   6000     3209.85     1.1314      0.32       0.2        0.01      0.0296     0.009      0.7965     4.9412     25.12      13.15      -83.0     -61.268     22.115      0.0    
   6100     3261.85     1.1314      0.32       0.2        0.01      0.0206     0.0102     0.6414     5.1013     24.12      12.91      -83.0     -61.425     21.998      0.0    
   6200     3314.59      1.2        0.36      0.2828      0.02      0.0131     0.0088     0.5782     5.114      26.89      13.69      -83.0     -61.437     21.858      0.0    
   6300      3365.6      1.2        0.36      0.2828      0.02      0.0221     0.0102     0.6847     4.9678     25.03      13.18      -83.0     -61.518     21.703      0.0    
   6400     3417.81     1.1314      0.32       0.2        0.01      0.0202     0.0078     0.5967     5.0403     24.13      13.15      -83.0     -61.236     21.549      0.0    
   6500     3470.51      1.2        0.36      0.2828      0.02      0.0145     0.0079     0.5822     5.0919     24.96      13.37      -83.0     -61.737     21.374      0.0    
   6600     3521.86     1.0583      0.28      0.2828      0.02      0.0145     0.0083     0.5619     5.1679     24.83      13.49      -83.0     -61.447      21.2       0.0    
   6700     3573.91      1.2        0.36      0.2828      0.02      0.0168     0.0079     0.6783     5.1906      23.8      13.44      -82.0      -61.45     21.032      0.0    
   6800     3626.81      1.2        0.36      0.2828      0.02      0.0166     0.0064     0.6004     5.168      24.87      13.59      -83.0     -61.734     20.866      0.0    
   6900     3678.19      1.2        0.36       0.2        0.01      0.0218     0.007      0.6244     5.2003     23.05      13.53      -82.0     -61.454     20.762      0.0    
   7000     3727.55      1.2        0.36      0.2828      0.02      0.0178     0.0055     0.5679     5.2171     22.63      12.89      -82.0     -61.338     20.601      0.0    
   7100     3778.54     1.1314      0.32       0.2        0.01      0.0253     0.0059     0.6403     5.1218     21.92      13.96      -82.0     -61.709     20.445      0.0    
   7200     3830.87      1.2        0.36      0.2828      0.02      0.0162     0.0051     0.5715     5.1903     21.17      13.49      -82.0     -61.798     20.358      0.0    
   7300     3883.98     1.1314      0.32      0.2828      0.02      0.0167     0.0053     0.5971     5.1006     20.68      13.92      -82.0     -61.456     20.19       0.0    
   7400     3936.07     1.1314      0.32      0.2828      0.02      0.0152     0.0051     0.5695     5.2046     23.95       13.6      -82.0     -61.535     20.042      0.0    
   7500     3988.37      1.2        0.36      0.2828      0.02      0.0173     0.0052     0.5602     5.2285     22.15      13.48      -81.0     -61.392     20.004      0.0    
   7600     4041.37      1.2        0.36       0.2        0.01      0.0212     0.0052     0.682      5.0764     25.24      14.05      -81.0     -61.605     19.849      0.0    
   7700     4095.11     1.1314      0.32      0.2828      0.02      0.0144     0.0038     0.531      5.2386     22.13      14.04      -81.0     -61.665     19.731      0.0    
   7800     4147.92      1.2        0.36      0.2828      0.02      0.0145     0.0042     0.5784     5.1555     20.82      13.93      -81.0      -61.38     19.616      0.0    
   7900     4202.34     1.1314      0.32      0.2828      0.02      0.0153     0.0041     0.5815     5.0852     22.83      14.32      -81.0     -61.802     19.457      0.0    
   8000     4256.14     1.1314      0.32      0.2828      0.02      0.0149     0.0045     0.6026     5.0333     22.95      14.05      -81.0     -61.904     19.367      0.0    
   8100     4310.38     1.1314      0.32      0.2828      0.02      0.0165     0.0036     0.5822     5.2479     22.45      14.23      -81.0     -61.796     19.285      0.0    
   8200      4362.5     1.0583      0.28      0.2828      0.02      0.016      0.0039     0.5857     5.2592     20.13      14.56      -81.0     -61.662     19.144      0.0    
   8300     4416.43     1.1314      0.32       0.2        0.01      0.0178     0.003      0.4731     5.0249     20.92      13.94      -81.0     -61.537     19.029      0.0    
   8400     4469.51      1.2        0.36      0.2828      0.02      0.013      0.0034     0.4355     5.1278     19.79      14.09      -80.0     -61.476     18.939      0.0    
   8500     4520.22      1.2        0.36      0.2828      0.02      0.013      0.0032     0.5572     5.0313     19.94      14.82      -80.0     -61.646     18.81       0.0    
   8600     4572.45     1.1314      0.32      0.2828      0.02      0.0144     0.0035     0.5577     5.0384     21.04      13.53      -81.0     -61.988     18.719      0.0    
   8700     4623.53     1.1314      0.32      0.2828      0.02      0.0131     0.0031     0.5335     5.1321     21.98      14.74      -80.0     -61.711      18.6       0.0    
   8800     4675.39      1.2        0.36      0.3464      0.03      0.0172     0.0034     0.5433     5.1715     21.54      14.61      -80.0     -61.639     18.503      0.0    
   8900     4726.18     1.0583      0.28      0.3464      0.03      0.0169     0.0026     0.6133     5.0467     20.58      14.15      -80.0     -61.836     18.379      0.0    
   9000     4778.99      1.2        0.36      0.2828      0.02      0.0157     0.0028     0.6841     5.2713     20.01      14.68      -80.0      -62.1      18.266      0.0    
   9100     4832.27     1.1314      0.32       0.2        0.01      0.0143     0.0029     0.5066     5.0947     20.05      13.98      -80.0     -61.715     18.158      0.0    
   9200     4885.98      1.2        0.36      0.2828      0.02      0.0169     0.0023     0.5571     5.0268      19.2      15.33      -80.0     -61.843     18.06       0.0    
   9300     4937.51      1.2        0.36      0.3464      0.03      0.0195     0.0026     0.5073     5.1498     22.08      14.16      -79.0     -61.352     17.958      0.0    
   9400      4989.2     1.1314      0.32      0.2828      0.02      0.0141     0.0027     0.5357     5.0164     21.61      14.44      -80.0     -62.152     17.89       0.0    
   9500     5040.21     1.1314      0.32       0.2        0.01      0.0148     0.0022     0.5425     5.146      20.93      14.66      -80.0     -61.907     17.884      0.0    
   9600     5090.77     1.1314      0.32       0.2        0.01      0.0187     0.0024     0.5737     5.0862     21.31      14.99      -80.0     -61.975     17.758      0.0    
   9700      5141.4     1.0583      0.28       0.2        0.01      0.0138     0.0024     0.5346     5.1005     19.96      14.69      -79.0     -61.738     17.62       0.0    
   9800     5189.95     1.1314      0.32       0.4        0.04      0.0178     0.002      0.5715     4.9882     20.97      14.93      -79.0     -61.619     17.563      0.0    
   9900     5244.19     1.0583      0.28      0.3464      0.03      0.0119     0.0023     0.4992     5.0772     22.61      14.37      -80.0      -62.14     17.507      0.0    
  10000      5294.9     1.2649      0.4       0.3464      0.03      0.0144     0.0021     0.5572     5.2074     21.62      14.09      -79.0     -62.053     17.36       0.0    
  10100     5346.73      1.2        0.36      0.3464      0.03      0.0107     0.002      0.5437     5.1246     21.68      15.31      -79.0      -62.0      17.237      0.0    
  10200     5398.31     1.1314      0.32      0.3464      0.03      0.0147     0.002      0.6799      5.13      18.59      14.33      -79.0     -61.973     17.139      0.0    
  10300     5450.14     1.1314      0.32      0.3464      0.03      0.0175     0.002      0.5638     4.976      19.48      14.69      -79.0     -61.706     17.064      0.0    
  10400     5501.83     1.0583      0.28       0.4        0.04      0.0134     0.0018     0.5239     5.0687     20.19       14.6      -79.0     -61.951     16.994      0.0    
  10500     5554.81      1.2        0.36      0.3464      0.03      0.0125     0.002      0.5083     5.0833     19.26      14.27      -79.0     -61.895     16.892      0.0    
  10600     5608.74     1.0583      0.28      0.3464      0.03      0.0129     0.002      0.5005     5.1897     19.73      14.37      -79.0     -62.009     16.851      0.0    
  10700     5662.59     1.0583      0.28      0.3464      0.03      0.0166     0.0019     0.5948     5.0197     19.21      14.13      -78.0     -61.636     16.748      0.0    
  10800     5714.41     1.0583      0.28      0.3464      0.03      0.0182     0.0016     0.5757     5.0489     19.09      14.61      -79.0     -62.161     16.593      0.0    
  10900     5768.39     1.0583      0.28      0.3464      0.03      0.0188     0.0016     0.6142     5.1249     19.38      15.22      -79.0     -62.037     16.543      0.0    
  11000      5821.1     1.1314      0.32      0.2828      0.02      0.0152     0.0017     0.5425     5.0607     19.81      14.63      -79.0     -62.205     16.504      0.0    
  11100     5874.39     1.1314      0.32      0.3464      0.03      0.0141     0.0018     0.5772     5.0958     18.79      15.02      -79.0      -62.07     16.46       0.0    
  11200     5926.63      1.2        0.36       0.4        0.04      0.0155     0.0017     0.5195     5.0268     17.94      14.69      -78.0     -61.802     16.331      0.0    
  11300     5981.18     1.1314      0.32      0.2828      0.02      0.0158     0.0015     0.5781      5.22      18.48      14.72      -78.0      -61.59     16.239      0.0    
  11400     6034.13     1.0583      0.28      0.3464      0.03      0.0158     0.0016     0.5266     4.9487     18.85      14.72      -78.0     -61.645     16.169      0.0    
  11500     6088.17     1.0583      0.28      0.3464      0.03      0.014      0.0017     0.5439     4.9502     18.35      14.82      -78.0     -61.908     16.071      0.0    
  11600     6138.17      1.2        0.36      0.2828      0.02      0.0128     0.0014     0.5399     5.0117     18.55      14.94      -78.0     -61.966     16.07       0.0    
  11700     6191.04     1.0583      0.28      0.3464      0.03      0.014      0.0014     0.4727     4.9299     17.71      13.91      -78.0     -62.168     15.941      0.0    
  11800     6244.29     1.1314      0.32      0.3464      0.03      0.0145     0.0014     0.5072     4.9866     18.17      14.64      -78.0     -61.996     15.908      0.0    
  11900     6296.63     1.0583      0.28      0.3464      0.03      0.0135     0.0013     0.5453     4.9761     18.81      14.31      -78.0     -62.129     15.807      0.0    
  12000     6347.91     1.1314      0.32       0.4        0.04      0.0177     0.0013     0.5479     5.0481     18.18      14.98      -77.0     -61.642     15.725      0.0    
  12100      6398.8     1.0583      0.28      0.3464      0.03      0.0171     0.0013     0.5651     5.0382     17.72      14.43      -78.0     -61.822     15.718      0.0    
  12200     6452.14     0.9798      0.24      0.2828      0.02      0.0155     0.0013     0.5829     4.9356     19.43      14.63      -78.0     -62.235     15.646      0.0    
  12300     6505.52     1.0583      0.28      0.2828      0.02      0.0157     0.0012     0.5011     4.9228     19.08      14.54      -77.0     -61.851     15.617      0.0    
  12400     6559.59     1.0583      0.28       0.4        0.04      0.0219     0.0013     0.4691     4.9747     17.36      14.81      -77.0     -61.944     15.503      0.0    
  12500     6614.28     1.1314      0.32      0.3464      0.03      0.013      0.0012     0.5227     5.0636     17.82      14.83      -77.0     -62.025     15.451      0.0    
  12600     6668.33     1.0583      0.28      0.3464      0.03      0.0128     0.0012     0.4784     5.0302     17.71       14.7      -78.0     -62.334     15.36       0.0    
  12700     6721.82     1.0583      0.28      0.3464      0.03      0.0118     0.0012     0.4501     4.9024     17.92      13.83      -77.0     -62.066      15.3       0.0    
  12800     6774.82     1.0583      0.28      0.3464      0.03      0.0152     0.001      0.5427     4.8989     17.67      14.48      -77.0     -61.696     15.195      0.0    
  12900     6825.87     1.0583      0.28      0.3464      0.03      0.0185     0.0012     0.4896     4.9814     16.43      14.95      -77.0     -61.853     15.145      0.0    
  13000     6876.92     1.0583      0.28      0.2828      0.02      0.0175     0.0012     0.517      4.9385     18.16      15.27      -77.0     -62.271     15.057      0.0    
  13100     6926.13     1.0583      0.28      0.2828      0.02      0.0185     0.001      0.5766     4.8705     17.05      14.97      -77.0     -61.974     14.997      0.0    
  13200     6977.85     0.9798      0.24      0.2828      0.02      0.0166     0.0011     0.4692     5.0667      19.0       15.5      -77.0     -62.128     14.955      0.0    
  13300     7029.16     1.0583      0.28      0.3464      0.03      0.0233     0.001      0.5909     4.8777      18.1      14.48      -77.0     -61.941     14.884      0.0    
  13400      7080.8     1.1314      0.32      0.2828      0.02      0.0145     0.0009     0.4349     4.9421     18.09      15.12      -77.0     -61.967     14.876      0.0    
  13500     7132.49     0.9798      0.24      0.3464      0.03      0.0135     0.0009     0.4549      4.84      15.01      15.07      -77.0      -62.01     14.783      0.0    
  13600     7184.12     1.0583      0.28      0.3464      0.03      0.0151     0.001      0.4499     5.083      16.98      15.11      -77.0     -62.189     14.747      0.0    
  13700     7237.74     1.0583      0.28      0.3464      0.03      0.0123     0.0009     0.5494     4.9438      15.5      15.08      -77.0     -62.171     14.685      0.0    
  13800     7292.26     0.9798      0.24      0.3464      0.03      0.0144     0.0009     0.519      4.9642      17.8      14.89      -77.0     -62.105     14.604      0.0    
  13900     7344.58     1.0583      0.28      0.2828      0.02      0.0171     0.0009     0.5151     4.955      15.96       15.3      -77.0     -62.283     14.567      0.0    
  14000     7397.76     1.0583      0.28      0.3464      0.03      0.0148     0.0009     0.4808     4.9013     15.24      14.86      -76.0      -61.85     14.526      0.0    
  14100     7451.24     0.9798      0.24      0.3464      0.03      0.0166     0.0008     0.5923     4.7629     17.36      15.31      -77.0     -62.255     14.445      0.0    
  14200     7502.14     0.9798      0.24      0.2828      0.02      0.0117     0.0008     0.4572     4.9407     16.09      14.88      -76.0     -61.848     14.371      0.0    
  14300     7558.23     1.0583      0.28      0.3464      0.03      0.0134     0.0009     0.5223     4.8499     15.38      15.15      -77.0     -62.471     14.33       0.0    
  14400     7611.03     1.0583      0.28       0.4        0.04      0.0114     0.0008     0.5048     4.8693     17.05      15.34      -76.0      -61.58     14.235      0.0    
  14500     7665.94     0.8944      0.2       0.3464      0.03      0.0142     0.0007     0.5274     4.8063     16.47      14.55      -76.0     -61.719     14.205      0.0    
  14600      7720.2     1.0583      0.28      0.2828      0.02      0.0152     0.0008     0.5433     4.7477     16.86      15.12      -76.0     -62.062     14.174      0.0    
  14700     7773.72     0.9798      0.24      0.3464      0.03      0.0149     0.0007     0.4319     4.9604     17.18      14.46      -76.0     -61.953     14.079      0.0    
  14800     7826.01     1.0583      0.28      0.3464      0.03      0.0183     0.0007     0.5742     4.8755     15.18      15.29      -76.0     -61.953     14.029      0.0    
  14900     7879.56     0.8944      0.2       0.2828      0.02      0.0197     0.0008     0.5103     4.9061     14.08      15.31      -76.0     -62.045     14.015      0.0    
  15000     7933.21     1.1314      0.32      0.3464      0.03      0.0116     0.0008     0.4131     4.835       14.3      14.24      -76.0     -62.117     14.001      0.0    
  15100     7984.82     0.8944      0.2       0.3464      0.03      0.0165     0.0008     0.5996     4.9096     14.68      14.91      -76.0     -61.693     13.921      0.0    
  15200      8036.9     0.9798      0.24      0.2828      0.02      0.0129     0.0007     0.5401     4.8089     15.36      14.99      -76.0     -62.024     13.841      0.0    
  15300      8091.0     0.9798      0.24      0.3464      0.03      0.0151     0.0006     0.4786     4.8545     15.41      15.04      -76.0     -62.046     13.831      0.0    
  15400     8146.74     1.0583      0.28      0.3464      0.03      0.014      0.0007     0.4521     4.7418     15.76      14.52      -76.0     -61.911     13.766      0.0    
  15500     8201.16     0.8944      0.2       0.3464      0.03      0.0147     0.0006     0.4985     4.7918     15.62      15.02      -76.0     -61.901     13.715      0.0    
  15600     8255.76     0.9798      0.24      0.2828      0.02      0.0134     0.0007     0.5116     4.9972     15.54      14.98      -76.0     -61.879     13.657      0.0    
  15700     8309.79     1.0583      0.28      0.3464      0.03      0.0154     0.0007     0.5497     4.9118     14.62      14.95      -76.0     -62.161     13.628      0.0    
  15800     8362.94     1.0583      0.28      0.2828      0.02      0.0129     0.0007     0.5005     4.7518     14.43      15.23      -75.0     -61.604     13.597      0.0    
  15900     8416.72     0.9798      0.24      0.2828      0.02      0.0174     0.0006     0.5293     4.9162     14.01      15.04      -76.0     -62.065     13.553      0.0    
  16000     8470.56     0.9798      0.24      0.3464      0.03      0.0152     0.0006     0.5148     4.7592     14.65      14.93      -75.0     -61.952     13.535      0.0    
[0.70490286 0.59708546 0.51809696 0.77429155 0.74700707 0.69385066
 0.69413958 0.56522648 0.46964796 1.92831642 0.59141308 2.1424592
 1.53740818 0.71637296 0.63024665 0.6709623  0.81480158 0.61322812
 0.58152947 0.68973638]
[ 0.59591415  0.59364676  0.68664422  0.56754219  0.61582917  0.51757002
  0.57377491  0.56211315  0.31643147  0.90884829  0.35894254 -1.94226099
  1.46524801  0.53094815  0.57461347  0.6318536   0.59697719  0.57485143
  0.41355751  0.57613381]
[0.81154545 0.593599   0.74060579 0.84439495 0.7931782  0.85659227
 0.88213497 0.97505241 0.36688197 1.46670339 0.512255   2.04842943
 1.25141446 0.80862489 0.77311365 0.51541722 0.86686529 0.8658355
 0.79112079 0.91673122]
