Generating synthetic binary valued data ... 
Generating synthetic  binary valued data took:  0.5026936531066895
Evaluation for true params: 
 test_rsme | train_rsme | rel-te-err | rel-tr-err |  test_nll  |  train_nll |
0.9797958971 0.7211102551     0.24         0.13        18.51        78.12    
Factorizing with max_iteration = 16000  fixing covariance?:  False
Tensor dimensions:  [5, 5, 5]
Optimization metrics: 
Using Ada Grad
Mean update scheme:  S
Covariance update :  N
Using diagonal covariance?:  False
Random start? True
k1 samples =  64  k2 samples =  128
eta =  1.0  cov eta =  1.0  sigma eta =  1
iteration |   time   |test_rsme |rel-te-err|train_rsme|rel-tr-err|   d_mean  |   d_cov  |avg_grad_m|avg_grad_c| test_nll | train_nll |    VLB   |  E-term  |    KL     |   dw   |
    0         0.39      1.3856      0.48      1.4142      0.5       3.1623     3.412      0.9834     1.2361     16.81      69.82      -111.0    -81.137     30.312     0.0606  
    5         3.03      1.1314      0.32      0.9798      0.24      3.1623     1.7644     9.5337     11.771     19.04      53.72      -80.0     -73.098     7.068      0.0015  
    10        6.01      0.9798      0.24      0.6928      0.12      2.8895     0.5636    14.0324     8.488      12.21      35.08      -72.0     -63.568     8.341      0.0003  
    20       10.93      0.9798      0.24      0.7483      0.14      2.977      0.6593    50.0269    10.9484     91.51      282.4      -79.0     -61.514     17.422     0.0001  
    50       23.22      0.8944      0.2        0.8        0.16      2.5302     0.6162    454.2959   21.3147     184.31     521.33     -94.0     -62.477     31.661      0.0    
   100       42.77      0.8944      0.2        0.8        0.16      1.9627     0.5957   1774.3988   30.2637     184.21     589.46     -102.0    -62.477     39.863      0.0    
   200       82.79      0.8944      0.2        0.8        0.16      1.6915     0.9251   5916.9221    33.863     184.21     589.46     -108.0    -62.477     45.95       0.0    
   300       122.82     0.8944      0.2        0.8        0.16      1.2655     1.5498   11370.9297  43.6663     184.21     589.46     -111.0    -62.477     48.608      0.0    
   400       161.53     0.8944      0.2        0.8        0.16      1.1715     0.9747   17474.3352  21.6465     184.21     589.46     -113.0    -62.477     50.969      0.0    
   500       200.91     0.8944      0.2        0.8        0.16      0.9447     2.3856    24054.34   73.9451     184.21     589.46     -115.0    -62.477     52.213      0.0    
   600       239.19     0.8944      0.2        0.8        0.16      0.9328     4.9333   30993.1315  71.4345     184.21     589.46     -116.0    -62.477     53.842      0.0    
   700       277.99     0.8944      0.2        0.8        0.16      0.8477     1.3569   38206.6321   1.8272     184.21     589.46     -117.0    -62.477     54.272      0.0    
   800       316.35     0.8944      0.2        0.8        0.16      0.7566     3.3204   45695.606    56.311     184.21     589.46     -117.0    -62.477     54.914      0.0    
   900       353.73     0.8944      0.2        0.8        0.16      0.705      4.1444   52983.6392  101.4098    184.21     589.46     -118.0    -62.477     55.139      0.0    
   1000      391.91     0.8944      0.2        0.8        0.16      0.6721     0.4549   60702.5813   0.0021     184.21     589.46     -118.0    -62.477     55.439      0.0    
   1100      429.84     0.8944      0.2        0.8        0.16      0.6306     5.7874   68222.844   252.7573    184.21     589.46     -118.0    -62.477     55.558      0.0    
   1200      467.23     0.8944      0.2        0.8        0.16      0.638      2.9049   75852.0024  94.3532     184.21     589.46     -118.0    -62.477     55.663      0.0    
   1300      505.67     0.8944      0.2        0.8        0.16      0.5659     0.4319   83517.2376   0.0452     184.21     589.46     -118.0    -62.477     55.748      0.0    
   1400      543.08     0.8944      0.2        0.8        0.16      0.5459     0.4236   91194.8188   0.0016     184.21     589.46     -118.0    -62.477     55.82       0.0    
   1500      581.16     0.8944      0.2        0.8        0.16      0.5191     0.4233   98944.5933   0.0013     184.21     589.46     -118.0    -62.477     55.883      0.0    
   1600      618.14     0.8944      0.2        0.8        0.16      0.5163     0.4231   106709.105   0.0012     184.21     589.46     -118.0    -62.477     55.938      0.0    
   1700      655.78     0.8944      0.2        0.8        0.16      0.5394     0.4228   114624.991   0.0236     184.21     589.46     -118.0    -62.477     55.984      0.0    
   1800      692.9      0.8944      0.2        0.8        0.16      0.4917     0.4226   122199.9638   0.0011     184.21     589.46     -119.0    -62.477     56.026      0.0    
   1900      730.04     0.8944      0.2        0.8        0.16      0.5522     0.411    129918.0404   0.001      184.21     589.46     -119.0    -62.477     56.062      0.0    
   2000      768.58     0.8944      0.2        0.8        0.16      0.4746     0.4108   137874.4794   0.001      184.21     589.46     -119.0    -62.477     56.095      0.0    
   2100      805.77     0.8944      0.2        0.8        0.16      0.4348     0.4106   145264.0141   0.0009     184.21     589.46     -119.0    -62.477     56.256      0.0    
   2200      844.19     0.8944      0.2        0.8        0.16      0.4701     0.4104   153188.0387   0.0009     184.21     589.46     -119.0    -62.477     56.281      0.0    
   2300      882.55     0.8944      0.2        0.8        0.16      0.4219     0.4103   160992.4001   0.0172     184.21     589.46     -119.0    -62.477     56.304      0.0    
   2400      920.07     0.8944      0.2        0.8        0.16      0.4151     0.4101   168443.4968   0.0008     184.21     589.46     -119.0    -62.477     56.325      0.0    
   2500      957.42     0.8944      0.2        0.8        0.16      0.3949     0.4099   176352.85    0.0008     184.21     589.46     -119.0    -62.477     56.344      0.0    
   2600      994.92     0.8944      0.2        0.8        0.16      0.4352     0.4098   184103.4383   0.0007     184.21     589.46     -119.0    -62.477     56.362      0.0    
   2700     1032.51     0.8944      0.2        0.8        0.16      0.421      0.4097   192165.0268   0.0007     184.21     589.46     -119.0    -62.477     56.378      0.0    
   2800     1069.89     0.8944      0.2        0.8        0.16      0.473      0.4095   199803.5577   0.0007     184.21     589.46     -119.0    -62.477     56.392      0.0    
   2900     1107.65     0.8944      0.2        0.8        0.16      0.4291     0.4094   207691.7444   0.0007     184.21     589.46     -119.0    -62.477     56.405      0.0    
   3000     1144.69     0.8944      0.2        0.8        0.16      0.3673     0.4093   214959.0748   0.0006     184.21     589.46     -119.0    -62.477     56.417      0.0    
   3100     1182.04     0.8944      0.2        0.8        0.16      0.3905     0.4091   222650.3467   0.0006     184.21     589.46     -119.0    -62.477     56.428      0.0    
   3200     1219.96     0.8944      0.2        0.8        0.16      0.3421     0.409    230288.9712   0.0006     184.21     589.46     -119.0    -62.477     56.439      0.0    
   3300     1257.63     0.8944      0.2        0.8        0.16      0.3952     0.4089   238186.5739   0.0006     184.21     589.46     -119.0    -62.477     56.448      0.0    
   3400     1296.65     0.8944      0.2        0.8        0.16      0.3318     0.4088   245243.0486   0.0006     184.21     589.46     -119.0    -62.477     56.457      0.0    
   3500     1335.14     0.8944      0.2        0.8        0.16      0.3608     0.4087   253191.9474   0.0005     184.21     589.46     -119.0    -62.477     56.465      0.0    
   3600     1373.47     0.8944      0.2        0.8        0.16      0.3469     0.4086   261031.8648   0.0005     184.21     589.46     -119.0    -62.477     56.473      0.0    
   3700     1412.42     0.8944      0.2        0.8        0.16      0.3515     0.4085   268616.3658   0.0005     184.21     589.46     -119.0    -62.477     56.481      0.0    
   3800     1449.96     0.8944      0.2        0.8        0.16      0.3327     0.4084   275763.3183   0.0005     184.21     589.46     -119.0    -62.477     56.488      0.0    
   3900     1487.35     0.8944      0.2        0.8        0.16      0.3831     0.4083   284267.9073   0.0005     184.21     589.46     -119.0    -62.477     56.494      0.0    
   4000     1524.42     0.8944      0.2        0.8        0.16      0.3275     0.4082   291181.3199   0.0005     184.21     589.46     -119.0    -62.477      56.5       0.0    
   4100      1561.7     0.8944      0.2        0.8        0.16      0.3117     0.4081   299003.186   0.0005     184.21     589.46     -119.0    -62.477     56.506      0.0    
   4200     1599.47     0.8944      0.2        0.8        0.16      0.3437     0.408    306075.1067   0.0004     184.21     589.46     -119.0    -62.477     56.511      0.0    
   4300     1637.45     0.8944      0.2        0.8        0.16      0.3138     0.4079   314153.867   0.0004     184.21     589.46     -119.0    -62.477     56.516      0.0    
   4400     1676.14     0.8944      0.2        0.8        0.16      0.338      0.4079   321829.54    0.0004     184.21     589.46     -119.0    -62.477     56.521      0.0    
   4500     1714.44     0.8944      0.2        0.8        0.16      0.2912     0.4078   329656.1333   0.0004     184.21     589.46     -119.0    -62.477     56.525      0.0    
   4600     1751.84     0.8944      0.2        0.8        0.16      0.3049     0.4077   336547.6342   0.0004     184.21     589.46     -119.0    -62.477     56.529      0.0    
   4700     1788.58     0.8944      0.2        0.8        0.16      0.2795     0.4076   344403.0909   0.0004     184.21     589.46     -119.0    -62.477     56.533      0.0    
   4800     1826.44     0.8944      0.2        0.8        0.16      0.2922     0.4075   351875.9524   0.0004     184.21     589.46     -119.0    -62.477     56.537      0.0    
   4900     1863.74     0.8944      0.2        0.8        0.16      0.2805     0.4075   359147.2252   0.0004     184.21     589.46     -119.0    -62.477     56.541      0.0    
   5000     1901.02     0.8944      0.2        0.8        0.16      0.291      0.4074   366919.9025   0.0004     184.21     589.46     -119.0    -62.477     56.544      0.0    
   5100     1938.82     0.8944      0.2        0.8        0.16      0.2851     0.4073   374790.5033   0.0004     184.21     589.46     -119.0    -62.477     56.547      0.0    
   5200     1977.17     0.8944      0.2        0.8        0.16      0.2695     0.4072   381855.8932   0.0004     184.21     589.46     -119.0    -62.477     56.551      0.0    
   5300     2014.43     0.8944      0.2        0.8        0.16      0.2662     0.4072   389875.3382   0.0004     184.21     589.46     -119.0    -62.477     56.553      0.0    
   5400     2052.29     0.8944      0.2        0.8        0.16      0.2848     0.4071   397648.1973   0.0003     184.21     589.46     -119.0    -62.477     56.556      0.0    
   5500     2089.73     0.8944      0.2        0.8        0.16      0.254      0.407    405143.6267   0.0003     184.21     589.46     -119.0    -62.477     56.559      0.0    
   5600     2126.68     0.8944      0.2        0.8        0.16      0.253      0.407    412157.6808   0.0003     184.21     589.46     -119.0    -62.477     56.561      0.0    
   5700     2163.27     0.8944      0.2        0.8        0.16      0.2409     0.4069   419394.5013   0.0003     184.21     589.46     -119.0    -62.477     56.564      0.0    
   5800     2200.51     0.8944      0.2        0.8        0.16      0.2794     0.4068   427513.0284   0.0003     184.21     589.46     -119.0    -62.477     56.566      0.0    
   5900     2237.31     0.8944      0.2        0.8        0.16      0.2669     0.4068   434568.8193   0.0003     184.21     589.46     -119.0    -62.477     56.568      0.0    
   6000     2275.47     0.8944      0.2        0.8        0.16      0.2372     0.4067   442635.954   0.0003     184.21     589.46     -119.0    -62.477     56.57       0.0    
   6100     2313.09     0.8944      0.2        0.8        0.16      0.2542     0.4066   449793.2242   0.0003     184.21     589.46     -119.0    -62.477     56.573      0.0    
   6200     2349.84     0.8944      0.2        0.8        0.16      0.2461     0.4066   457280.1156   0.0003     184.21     589.46     -119.0    -62.477     56.575      0.0    
   6300      2386.6     0.8944      0.2        0.8        0.16      0.2452     0.4065   464064.9972   0.0003     184.21     589.46     -119.0    -62.477     56.576      0.0    
   6400     2423.82     0.8944      0.2        0.8        0.16      0.2262     0.4065   472101.3245   0.0003     184.21     589.46     -119.0    -62.477     56.578      0.0    
   6500     2461.06     0.8944      0.2        0.8        0.16      0.2547     0.4064   480731.1378   0.0003     184.21     589.46     -119.0    -62.477     56.58       0.0    
   6600     2498.75     0.8944      0.2        0.8        0.16      0.2273     0.4064   487080.2546   0.0003     184.21     589.46     -119.0    -62.477     56.582      0.0    
   6700     2536.44     0.8944      0.2        0.8        0.16      0.2368     0.4063   494594.2712   0.0003     184.21     589.46     -119.0    -62.477     56.584      0.0    
   6800     2574.75     0.8944      0.2        0.8        0.16      0.2156     0.4062   501877.2934   0.0003     184.21     589.46     -119.0    -62.477     56.585      0.0    
   6900     2612.12     0.8944      0.2        0.8        0.16      0.2243     0.4062   510221.7405   0.0003     184.21     589.46     -119.0    -62.477     56.587      0.0    
   7000     2649.42     0.8944      0.2        0.8        0.16      0.2375     0.4061   516332.5059   0.0003     184.21     589.46     -119.0    -62.477     56.588      0.0    
   7100     2686.79     0.8944      0.2        0.8        0.16      0.229      0.4061   524942.2051   0.0003     184.21     589.46     -119.0    -62.477     56.59       0.0    
   7200     2724.08     0.8944      0.2        0.8        0.16      0.2111     0.406    532649.1098   0.0003     184.21     589.46     -119.0    -62.477     56.591      0.0    
   7300     2762.75     0.8944      0.2        0.8        0.16      0.2334     0.406    539536.365   0.0003     184.21     589.46     -119.0    -62.477     56.593      0.0    
   7400     2800.96     0.8944      0.2        0.8        0.16      0.2205     0.4059   547229.6902   0.0002     184.21     589.46     -119.0    -62.477     56.594      0.0    
   7500     2840.17     0.8944      0.2        0.8        0.16      0.2165     0.4059   553747.2807   0.0002     184.21     589.46     -119.0    -62.477     56.595      0.0    
   7600     2878.89     0.8944      0.2        0.8        0.16      0.2122     0.4058   560939.7398   0.0002     184.21     589.46     -119.0    -62.477     56.596      0.0    
   7700      2917.8     0.8944      0.2        0.8        0.16      0.2108     0.4058   568857.4727   0.0002     184.21     589.46     -119.0    -62.477     56.598      0.0    
   7800     2956.03     0.8944      0.2        0.8        0.16      0.2223     0.4057   576954.1896   0.0002     184.21     589.46     -119.0    -62.477     56.599      0.0    
   7900     2994.46     0.8944      0.2        0.8        0.16      0.2054     0.4057   585272.4475   0.0002     184.21     589.46     -119.0    -62.477      56.6       0.0    
   8000     3033.25     0.8944      0.2        0.8        0.16      0.1986     0.4056   590910.7074   0.0002     184.21     589.46     -119.0    -62.477     56.601      0.0    
   8100     3072.19     0.8944      0.2        0.8        0.16      0.1977     0.4056   599643.0289   0.0002     184.21     589.46     -119.0    -62.477     56.602      0.0    
   8200     3111.39     0.8944      0.2        0.8        0.16      0.2028     0.4056   606337.6594   0.0002     184.21     589.46     -119.0    -62.477     56.603      0.0    
   8300      3148.9     0.8944      0.2        0.8        0.16      0.1973     0.4055   614002.0384   0.0002     184.21     589.46     -119.0    -62.477     56.604      0.0    
   8400     3186.46     0.8944      0.2        0.8        0.16      0.1976     0.4055   620652.9233   0.0002     184.21     589.46     -119.0    -62.477     56.605      0.0    
   8500     3223.69     0.8944      0.2        0.8        0.16      0.2014     0.4054   629145.8786   0.0002     184.21     589.46     -119.0    -62.477     56.605      0.0    
   8600      3261.0     0.8944      0.2        0.8        0.16      0.1929     0.4054   635914.5762   0.0002     184.21     589.46     -119.0    -62.477     56.606      0.0    
   8700     3298.51     0.8944      0.2        0.8        0.16      0.2011     0.4053   645461.5316   0.0002     184.21     589.46     -119.0    -62.477     56.607      0.0    
   8800     3336.62     0.8944      0.2        0.8        0.16      0.2171     0.4053   651245.3022   0.0002     184.21     589.46     -119.0    -62.477     56.608      0.0    
   8900     3373.87     0.8944      0.2        0.8        0.16      0.1998     0.4052   658855.1887   0.0002     184.21     589.46     -119.0    -62.477     56.609      0.0    
   9000     3411.49     0.8944      0.2        0.8        0.16      0.2032     0.4052   666108.9766   0.0002     184.21     589.46     -119.0    -62.477     56.609      0.0    
   9100     3448.64     0.8944      0.2        0.8        0.16      0.199      0.4052   674496.7783   0.0002     184.21     589.46     -119.0    -62.477     56.61       0.0    
   9200     3486.75     0.8944      0.2        0.8        0.16      0.2014     0.4051   680529.6292   0.0002     184.21     589.46     -119.0    -62.477     56.611      0.0    
   9300     3524.78     0.8944      0.2        0.8        0.16      0.1876     0.4051   689227.5328   0.0002     184.21     589.46     -119.0    -62.477     56.612      0.0    
   9400     3562.08     0.8944      0.2        0.8        0.16      0.1856     0.405    696875.9898   0.0002     184.21     589.46     -119.0    -62.477     56.613      0.0    
   9500     3600.24     0.8944      0.2        0.8        0.16      0.1922     0.405    704305.3488   0.0002     184.21     589.46     -119.0    -62.477     56.613      0.0    
   9600     3637.44     0.8944      0.2        0.8        0.16      0.1848     0.405    710773.7264   0.0002     184.21     589.46     -119.0    -62.477     56.614      0.0    
   9700     3675.73     0.8944      0.2        0.8        0.16      0.193      0.4049   718405.3596   0.0002     184.21     589.46     -119.0    -62.477     56.615      0.0    
   9800     3714.22     0.8944      0.2        0.8        0.16      0.1885     0.4049   725343.9697   0.0002     184.21     589.46     -119.0    -62.477     56.615      0.0    
   9900      3752.3     0.8944      0.2        0.8        0.16      0.1937     0.4049   733832.2155   0.0002     184.21     589.46     -119.0    -62.477     56.616      0.0    
  10000     3789.97     0.8944      0.2        0.8        0.16      0.1758     0.4048   740649.1694   0.0002     184.21     589.46     -119.0    -62.477     56.617      0.0    
  10100      3827.5     0.8944      0.2        0.8        0.16      0.1864     0.4048   748145.1003   0.0002     184.21     589.46     -119.0    -62.477     56.617      0.0    
  10200      3864.4     0.8944      0.2        0.8        0.16      0.1756     0.4047   753865.7662   0.0002     184.21     589.46     -119.0    -62.477     56.618      0.0    
  10300     3902.13     0.8944      0.2        0.8        0.16      0.1869     0.4047   763744.5253   0.0002     184.21     589.46     -119.0    -62.477     56.619      0.0    
  10400     3939.92     0.8944      0.2        0.8        0.16      0.1737     0.4047   770102.4161   0.0002     184.21     589.46     -119.0    -62.477     56.619      0.0    
  10500     3977.95     0.8944      0.2        0.8        0.16      0.1831     0.4046   776107.0565   0.0002     184.21     589.46     -119.0    -62.477     56.62       0.0    
  10600     4015.86     0.8944      0.2        0.8        0.16      0.1733     0.4046   785685.6157   0.0002     184.21     589.46     -119.0    -62.477     56.62       0.0    
  10700     4052.39     0.8944      0.2        0.8        0.16      0.1835     0.4046   792315.7071   0.0002     184.21     589.46     -119.0    -62.477     56.621      0.0    
  10800     4089.31     0.8944      0.2        0.8        0.16       0.18      0.4045   799883.0556   0.0002     184.21     589.46     -119.0    -62.477     56.622      0.0    
  10900     4126.33     0.8944      0.2        0.8        0.16      0.1778     0.4045   808179.1635   0.0002     184.21     589.46     -119.0    -62.477     56.622      0.0    
  11000      4163.5     0.8944      0.2        0.8        0.16      0.1741     0.4045   813322.1355   0.0002     184.21     589.46     -119.0    -62.477     56.623      0.0    
  11100     4200.77     0.8944      0.2        0.8        0.16      0.1664     0.4044   820400.593   0.0002     184.21     589.46     -119.0    -62.477     56.623      0.0    
  11200     4237.83     0.8944      0.2        0.8        0.16      0.1651     0.4044   828368.5802   0.0002     184.21     589.46     -119.0    -62.477     56.624      0.0    
  11300     4274.45     0.8944      0.2        0.8        0.16      0.1681     0.4044   837638.8294   0.0002     184.21     589.46     -119.0    -62.477     56.624      0.0    
  11400     4312.11     0.8944      0.2        0.8        0.16      0.1724     0.4043   844806.2595   0.0002     184.21     589.46     -119.0    -62.477     56.625      0.0    
  11500     4349.45     0.8944      0.2        0.8        0.16      0.1768     0.4043   850745.5765   0.0002     184.21     589.46     -119.0    -62.477     56.625      0.0    
  11600     4386.31     0.8944      0.2        0.8        0.16      0.1735     0.4043   859499.7765   0.0002     184.21     589.46     -119.0    -62.477     56.626      0.0    
  11700     4424.13     0.8944      0.2        0.8        0.16      0.1634     0.4042   867869.7122   0.0002     184.21     589.46     -119.0    -62.477     56.626      0.0    
  11800      4463.0     0.8944      0.2        0.8        0.16      0.166      0.4042   873503.8992   0.0002     184.21     589.46     -119.0    -62.477     56.627      0.0    
  11900     4500.52     0.8944      0.2        0.8        0.16      0.1762     0.4042   882292.4023   0.0002     184.21     589.46     -119.0    -62.477     56.627      0.0    
  12000     4537.62     0.8944      0.2        0.8        0.16      0.1606     0.4041   888296.4216   0.0002     184.21     589.46     -119.0    -62.477     56.628      0.0    
  12100     4575.47     0.8944      0.2        0.8        0.16      0.1646     0.4041   896371.6466   0.0002     184.21     589.46     -119.0    -62.477     56.628      0.0    
  12200     4612.65     0.8944      0.2        0.8        0.16      0.1788     0.4041   904649.3282   0.0002     184.21     589.46     -119.0    -62.477     56.629      0.0    
  12300     4649.84     0.8944      0.2        0.8        0.16      0.1598     0.4041   909974.2558   0.0002     184.21     589.46     -119.0    -62.477     56.629      0.0    
  12400     4687.39     0.8944      0.2        0.8        0.16      0.1738     0.404    920030.4112   0.0001     184.21     589.46     -119.0    -62.477     56.63       0.0    
  12500     4724.23     0.8944      0.2        0.8        0.16      0.1573     0.404    925651.4037   0.0001     184.21     589.46     -119.0    -62.477     56.63       0.0    
  12600     4761.82     0.8944      0.2        0.8        0.16      0.1619     0.404    933459.7039   0.0001     184.21     589.46     -119.0    -62.477     56.631      0.0    
  12700     4799.23     0.8944      0.2        0.8        0.16      0.165      0.4039   943391.0015   0.0001     184.21     589.46     -119.0    -62.477     56.631      0.0    
  12800     4835.93     0.8944      0.2        0.8        0.16      0.1625     0.4039   948764.6605   0.0001     184.21     589.46     -119.0    -62.477     56.631      0.0    
  12900     4873.79     0.8944      0.2        0.8        0.16      0.1573     0.4039   954658.1461   0.0001     184.21     589.46     -119.0    -62.477     56.632      0.0    
  13000     4912.46     0.8944      0.2        0.8        0.16      0.1538     0.4038   963088.1457   0.0001     184.21     589.46     -119.0    -62.477     56.632      0.0    
  13100     4949.89     0.8944      0.2        0.8        0.16      0.1587     0.4038   969106.7416   0.0001     184.21     589.46     -119.0    -62.477     56.633      0.0    
  13200      4986.5     0.8944      0.2        0.8        0.16      0.1521     0.4038   976003.0119   0.0001     184.21     589.46     -119.0    -62.477     56.633      0.0    
  13300     5023.57     0.8944      0.2        0.8        0.16      0.1512     0.4038   983685.9948   0.0001     184.21     589.46     -119.0    -62.477     56.633      0.0    
  13400     5060.42     0.8944      0.2        0.8        0.16      0.1573     0.4037   993053.7909   0.0001     184.21     589.46     -119.0    -62.477     56.634      0.0    
  13500     5097.35     0.8944      0.2        0.8        0.16      0.1511     0.4037   998363.1367   0.0001     184.21     589.46     -119.0    -62.477     56.634      0.0    
  13600      5135.0     0.8944      0.2        0.8        0.16      0.154      0.4037   1006086.5839   0.0001     184.21     589.46     -119.0    -62.477     56.634      0.0    
  13700     5172.87     0.8944      0.2        0.8        0.16      0.1553     0.4037   1013755.3191   0.0001     184.21     589.46     -119.0    -62.477     56.635      0.0    
  13800     5211.58     0.8944      0.2        0.8        0.16      0.1558     0.4036   1021231.1885   0.0001     184.21     589.46     -119.0    -62.477     56.635      0.0    
  13900     5248.41     0.8944      0.2        0.8        0.16      0.1496     0.4036   1028996.8642   0.0001     184.21     589.46     -119.0    -62.477     56.635      0.0    
  14000     5286.14     0.8944      0.2        0.8        0.16      0.1543     0.4036   1035335.9803   0.0001     184.21     589.46     -119.0    -62.477     56.636      0.0    
  14100      5325.0     0.8944      0.2        0.8        0.16      0.1473     0.4035   1044413.7992   0.0001     184.21     589.46     -119.0    -62.477     56.636      0.0    
  14200     5362.83     0.8944      0.2        0.8        0.16      0.1476     0.4035   1052440.4273   0.0001     184.21     589.46     -119.0    -62.477     56.637      0.0    
  14300     5400.55     0.8944      0.2        0.8        0.16      0.1471     0.4035   1058329.5412   0.0001     184.21     589.46     -119.0    -62.477     56.637      0.0    
  14400     5438.07     0.8944      0.2        0.8        0.16      0.1484     0.4035   1065322.6358   0.0001     184.21     589.46     -119.0    -62.477     56.637      0.0    
  14500     5475.16     0.8944      0.2        0.8        0.16      0.1453     0.4034   1073559.3919   0.0001     184.21     589.46     -119.0    -62.477     56.638      0.0    
  14600     5514.25     0.8944      0.2        0.8        0.16      0.1443     0.4034   1078431.7897   0.0001     184.21     589.46     -119.0    -62.477     56.638      0.0    
  14700     5553.36     0.8944      0.2        0.8        0.16      0.1478     0.4034   1087061.0236   0.0001     184.21     589.46     -119.0    -62.477     56.638      0.0    
  14800     5591.42     0.8944      0.2        0.8        0.16      0.1442     0.4034   1094522.0491   0.0001     184.21     589.46     -119.0    -62.477     56.638      0.0    
  14900     5629.08     0.8944      0.2        0.8        0.16      0.1444     0.4033   1102351.1193   0.0001     184.21     589.46     -119.0    -62.477     56.639      0.0    
  15000     5666.92     0.8944      0.2        0.8        0.16      0.1498     0.4033   1111028.6293   0.0001     184.21     589.46     -119.0    -62.477     56.639      0.0    
  15100     5705.22     0.8944      0.2        0.8        0.16      0.1421     0.4033   1117318.5983   0.0001     184.21     589.46     -119.0    -62.477     56.639      0.0    
  15200     5743.41     0.8944      0.2        0.8        0.16      0.1538     0.4033   1125343.2922   0.0001     184.21     589.46     -119.0    -62.477     56.64       0.0    
  15300     5779.96     0.8944      0.2        0.8        0.16      0.1415     0.4032   1132434.4216   0.0001     184.21     589.46     -119.0    -62.477     56.64       0.0    
  15400     5817.16     0.8944      0.2        0.8        0.16      0.145      0.4032   1139533.2792   0.0001     184.21     589.46     -119.0    -62.477     56.641      0.0    
  15500     5853.82     0.8944      0.2        0.8        0.16      0.1419     0.4032   1147150.0263   0.0001     184.21     589.46     -119.0    -62.477     56.641      0.0    
  15600     5891.29     0.8944      0.2        0.8        0.16      0.142      0.4032   1152897.6165   0.0001     184.21     589.46     -119.0    -62.477     56.641      0.0    
  15700     5928.39     0.8944      0.2        0.8        0.16       0.14      0.4032   1162374.9691   0.0001     184.21     589.46     -119.0    -62.477     56.642      0.0    
  15800     5966.66     0.8944      0.2        0.8        0.16      0.1396     0.4031   1171009.3419   0.0001     184.21     589.46     -119.0    -62.477     56.642      0.0    
  15900      6004.3     0.8944      0.2        0.8        0.16      0.1396     0.4031   1175952.8918   0.0001     184.21     589.46     -119.0    -62.477     56.642      0.0    
  16000     6041.75     0.8944      0.2        0.8        0.16      0.1381     0.4031   1184258.8294   0.0001     184.21     589.46     -119.0    -62.477     56.642      0.0    
[ 197.41550169  197.84490724  196.15636432  197.22570265  197.12752835
  197.31758212 -195.03231666  197.23551138  195.75922653  197.3901944
  196.0393772   196.39177159  197.39715471  195.13699241  197.44478742
  197.36009858  197.51961486  197.06470658  196.24741165  196.52068693]
[-198.14975414 -197.91033954 -196.89360162 -197.29549717 -197.54522351
 -197.8333079   198.86370683 -197.52868575 -197.92432714 -198.2218391
 -197.38404931 -197.54061354  198.79705754 -198.16843818 -198.01893548
 -197.43392105 -196.95961379 -197.32754295 -198.06424036 -197.03770269]
[ 193.37246414  195.27316915  192.42651279  195.55209485  195.56327434
  196.01043414  187.32072216  195.48000677  191.99368783  194.06473661
  192.26955705  192.85037813 -193.52696562  191.8318808   195.28769415
  196.11377249  192.50111021  196.09857613  191.72635723  191.8852933 ]
