Generating synthetic count valued data ... 
Generating synthetic  count valued data took:  10.413747787475586
max_count =  19  min count =  0
Using  0.2  of training data 
Tensor dimensions:  [50, 50, 50]
Optimization metrics: 
Using Ada Grad
Mean update scheme:  S
Covariance update :  N
k1 samples =  64  k2 samples =  64
eta =  1  cov eta =  1  sigma eta =  1
iteration |   time   |test_rsme |train_rsme|  d_mean  |   d_cov  | test_nll | train_nll     dw   
   100       106.31     3.874      3.908      0.281      0.2264    57857.2    46700.93    0.0001  
   200       347.89     3.9092     3.9417     0.2344     0.1538    56333.24   45471.69     0.0    
   300       589.14     3.9453     3.9827     0.1888     0.1192    55304.24   44640.1      0.0    
   400       830.63     3.9703     4.0021     0.1845     0.0932    54546.27   44026.27    0.0001  
   500      1071.99     3.9932     4.0264     0.1579     0.077     53961.29   43551.56     0.0    
   600      1313.51     4.0114     4.0398     0.1406     0.0672    53494.34   43172.28     0.0    
   700      1554.99     4.023      4.0561     0.1268     0.0576    53107.22   42857.94     0.0    
   800      1796.13     4.0355     4.0698     0.1271     0.0503    52784.51   42596.35     0.0    
   900      2037.22     4.0444     4.0817     0.1272     0.0467    52516.45   42379.17     0.0    
   1000     2278.76     4.0542     4.0896     0.1142     0.0416    52287.07   42193.38     0.0    
   1100     2519.78     4.0601     4.0977      0.11      0.0377    52093.02   42036.47     0.0    
   1200     2760.78     4.0681     4.1043     0.112      0.0347    51931.53   41906.16     0.0    
   1300     3002.26     4.0692     4.1061     0.1159     0.0305    51790.54   41792.51     0.0    
   1400     3243.54     4.0606     4.0957     0.1332     0.0293    51646.56   41676.55     0.0    
   1500     3484.86     4.0326     4.0669     0.135      0.028     51461.93   41528.84     0.0    
   1600     3726.31     3.9689     4.002      0.1506     0.025     51193.52   41315.22     0.0    
   1700     3967.73     3.8467     3.8867     0.1804     0.0242    50853.55   41045.94     0.0    
   1800     4209.19     3.6492     3.6808     0.1804     0.0237    50522.62   40784.48     0.0    
   1900     4450.64     3.3525     3.3851     0.1872     0.0229    50353.91   40646.09     0.0    
   2000     4691.85     2.971      2.9992     0.1927     0.0225    50328.48   40615.71     0.0    
   2100     4932.73     2.5595     2.587      0.1827     0.0212    50290.25   40593.39     0.0    
   2200     5173.79     2.2764     2.2927     0.1829     0.0195    50414.72   40724.52     0.0    
   2300     5415.11     2.2686     2.2882     0.1797     0.0183    51137.84   41311.11     0.0    
   2400     5656.43     2.6776     2.6965     0.1722     0.0178    52464.87   42370.15     0.0    
   2500     5897.76     3.4133     3.4292     0.1712     0.0169    54174.69   43763.89     0.0    
   2600     6138.61     4.3023     4.3265     0.1569     0.0152    56309.17   45505.15     0.0    
   2700     6378.18     5.3144     5.3316     0.154      0.0152    58784.94   47496.52     0.0    
   2800     6618.09     6.3397     6.3677     0.1778     0.0148    60893.08   49247.48     0.0    
   2900     6857.89     7.4378     7.4859     0.1484     0.0138    62147.66   50288.59     0.0    
   3000     7097.71     8.4977     8.565      0.1346     0.0134    61750.46   49927.57     0.0    
   3100     7338.01     9.5566     9.6211     0.2317     0.0131    60332.83   48793.92     0.0    
   3200     7578.27     10.63     10.7121     0.1338     0.0128    58926.89   47674.81     0.0    
   3300     7818.49    11.7187    11.8035     0.1759     0.0127    58015.4    46920.4      0.0    
   3400     8058.67    12.7096    12.7984     0.2147     0.0127    57608.23   46554.66     0.0    
   3500     8298.94    13.6743    13.7639     0.1525     0.0114    58111.54   46938.9      0.0    
   3600     8539.07    14.6489    14.7619     0.2032     0.0112    59507.83   48116.93     0.0    
   3700     8779.24    15.5926    15.7369     0.1886     0.0111    61764.38   49917.74     0.0    
   3800     9019.41    16.4485    16.5584     0.1361     0.0106    64387.56   52054.98     0.0    
   3900     9258.96    17.3083     17.44      0.1744     0.0106    67556.86   54649.03     0.0    
   4000     9498.19    18.0843    18.2206     0.1578     0.0103    70211.48   56843.29     0.0    
Using  0.4  of training data 
Tensor dimensions:  [50, 50, 50]
Optimization metrics: 
Using Ada Grad
Mean update scheme:  S
Covariance update :  N
k1 samples =  64  k2 samples =  64
eta =  1  cov eta =  1  sigma eta =  1
iteration |   time   |test_rsme |train_rsme|  d_mean  |   d_cov  | test_nll | train_nll     dw   
   100       105.37     3.8347     3.8483     0.2826     0.0837    59791.63   96680.31     0.0    
   200       404.08     3.8491     3.8659     0.2395     0.0788    59101.13   95559.3      0.0    
   300       702.43     3.8589     3.8823     0.1972     0.0752    58470.01   94535.7      0.0    
   400       995.42     3.8773     3.8979     0.1733     0.0684    57893.83   93600.06     0.0    
   500      1288.67     3.8917     3.9131     0.1645     0.0642    57367.88   92745.78     0.0    
   600      1583.97     3.9079     3.9251     0.1741     0.0565    56887.46   91964.87     0.0    
   700      1882.17     3.9248     3.9388     0.1384     0.0563    56447.8    91249.49     0.0    
   800      2180.64     3.9315     3.9506     0.1459     0.0556    56047.26   90596.91     0.0    
   900      2479.33     3.9457     3.9617     0.1253     0.0481    55678.23   89994.83     0.0    
   1000     2777.55     3.9511     3.9776     0.1165     0.0435    55338.89   89440.67     0.0    
   1100     3076.04     3.9637     3.9875     0.116      0.0434    55026.32   88929.8      0.0    
   1200     3374.76     3.9744     3.9934     0.117      0.0383    54736.61   88456.18     0.0    
   1300     3673.13     3.984      4.0041     0.1071     0.0408    54468.21   88017.28     0.0    
   1400     3971.37     3.9941     4.0136     0.106      0.0389    54218.03   87607.64     0.0    
   1500     4269.45     3.9996     4.0227     0.0922     0.0342    53986.8    87229.23     0.0    
   1600     4567.34     4.0084     4.0307     0.102      0.0335    53770.96   86876.06     0.0    
   1700     4865.09     4.0164     4.0366     0.0896     0.0309    53570.09   86547.2      0.0    
   1800      5159.5     4.0245     4.0458     0.0893     0.0299    53380.89   86237.71     0.0    
   1900     5445.15     4.0305     4.0537     0.0849     0.0278    53205.2    85950.17     0.0    
   2000     5727.51     4.0385     4.0589     0.086      0.0263    53040.85   85681.26     0.0    
   2100      6010.5     4.0435     4.0656     0.086      0.0267    52886.25   85428.37     0.0    
   2200     6293.87     4.0492     4.0719     0.0864     0.0249    52741.92   85192.51     0.0    
   2300     6575.11     4.0548     4.0764     0.0763     0.0235    52606.75   84971.58     0.0    
   2400     6853.52     4.061      4.0818     0.0808     0.0228    52480.84   84765.93     0.0    
   2500     7134.06     4.0637     4.0876     0.0885     0.0224    52363.1    84573.76     0.0    
   2600     7413.07     4.0696     4.0921     0.0685     0.0229    52253.78   84395.18     0.0    
   2700     7692.29     4.0752     4.0988     0.0714      0.02     52151.94   84229.03     0.0    
   2800      7976.8     4.0781     4.1018     0.0762     0.0185    52056.95   84074.16     0.0    
   2900      8261.5     4.0804     4.106      0.082      0.0188    51967.2    83927.97     0.0    
   3000     8546.43     4.0873     4.1075     0.0795     0.0179    51884.01   83792.4      0.0    
   3100     8831.05     4.0914     4.1128     0.0703     0.0171    51809.07   83670.42     0.0    
   3200     9109.68     4.0956     4.1154     0.0676     0.0168    51738.29   83555.0      0.0    
   3300     9386.67     4.0984     4.1185     0.0631     0.016     51672.36   83447.43     0.0    
   3400     9663.72     4.0997     4.1226     0.0751     0.0152    51609.39   83344.99     0.0    
   3500     9940.64     4.1011     4.1212     0.0768     0.0158    51546.11   83241.99     0.0    
   3600     10217.81    4.0969     4.1176     0.0777     0.0146    51467.39   83114.56     0.0    
   3700     10495.65    4.085      4.1064     0.086      0.0144    51351.71   82928.62     0.0    
   3800     10773.39    4.0588     4.083      0.0893     0.0136    51172.54   82641.8      0.0    
   3900     11050.97    4.0167     4.0389     0.0947     0.014     50910.2    82222.6      0.0    
   4000     11328.96    3.9578     3.977      0.0946     0.0142    50548.48   81645.77     0.0    
Using  0.6  of training data 
Tensor dimensions:  [50, 50, 50]
Optimization metrics: 
Using Ada Grad
Mean update scheme:  S
Covariance update :  N
k1 samples =  64  k2 samples =  64
eta =  1  cov eta =  1  sigma eta =  1
iteration |   time   |test_rsme |train_rsme|  d_mean  |   d_cov  | test_nll | train_nll     dw   
   100       98.29      3.8312     3.8429     0.2825     0.0674    59980.25   144895.6     0.0    
   200       431.15     3.8429     3.8543      0.23       0.06     59440.69  143589.17     0.0    
   300       763.97     3.8554     3.8712     0.1998     0.0575    58930.8   142355.25     0.0    
   400      1096.84     3.8654     3.8787     0.1889     0.0527    58448.34  141189.21     0.0    
   500      1429.35     3.8821     3.8892     0.1652     0.0509    57995.12  140092.76     0.0    
   600      1766.49     3.8906     3.9035     0.1579     0.0513    57570.99  139066.85     0.0    
   700      2104.96     3.9016     3.9153     0.1292     0.0458    57172.62  138102.69     0.0    
   800      2437.29     3.9126     3.9256     0.1342     0.046     56800.44  137200.82     0.0    
   900      2770.84     3.9233     3.9355     0.1267     0.0429    56444.86  136339.64     0.0    
   1000     3109.52     3.9338     3.946      0.1221     0.042     56113.98  135537.19     0.0    
   1100      3442.4     3.9402     3.9577     0.1118     0.0406    55802.59  134781.58     0.0    
   1200     3774.76     3.9544     3.9665     0.1097     0.0391    55511.8   134076.01     0.0    
   1300     4110.15     3.9587     3.9742     0.1068     0.0373    55238.98  133413.04     0.0    
   1400     4449.44     3.9693     3.985      0.1039     0.0363    54979.7   132782.74     0.0    
   1500      4783.8     3.9757     3.9928     0.098      0.0338    54735.68  132189.41     0.0    
   1600     5115.87     3.9872     3.9993     0.1068     0.0336    54504.37  131626.49     0.0    
   1700     5450.33     3.9933     4.0104     0.0939     0.0298    54288.92  131101.94     0.0    
   1800     5786.43     4.0029     4.0161     0.097      0.0328    54084.91  130605.89     0.0    
   1900     6118.58     4.0099     4.0237     0.0894     0.029     53891.21  130134.51     0.0    
   2000     6451.51     4.0154     4.031      0.0923     0.0279    53708.8   129690.52     0.0    
   2100     6790.24     4.0222     4.0364     0.0815     0.0279    53535.89  129269.27     0.0    
   2200     7125.66     4.0261     4.0425     0.0794     0.0258    53372.14  128870.95     0.0    
   2300     7457.98     4.0336     4.0488     0.0772     0.0244    53216.76  128493.02     0.0    
   2400      7790.3     4.0385     4.054      0.075      0.0242    53069.91  128135.83     0.0    
   2500     8122.61     4.0459     4.0612     0.0751     0.0223    52930.81  127797.33     0.0    
   2600     8456.48     4.0502     4.0666     0.0699     0.0215    52798.49  127475.38     0.0    
   2700      8789.2     4.0544     4.0723     0.0838     0.0216    52673.26  127170.95     0.0    
   2800     9121.61     4.0591     4.0753     0.0666     0.0208    52554.85  126883.02     0.0    
   2900     9453.98     4.0653     4.082      0.0697      0.02     52442.3   126609.56     0.0    
   3000     9786.44     4.0695     4.0854     0.072      0.019     52336.5   126352.55     0.0    
   3100     10118.58    4.0745     4.0901     0.0688     0.0192    52236.16  126108.83     0.0    
   3200     10450.93    4.0795     4.0949     0.0729     0.0176    52142.67  125882.02     0.0    
   3300     10783.71    4.082      4.0979     0.0626     0.0181    52054.08  125667.11     0.0    
   3400     11116.12    4.0853     4.103      0.0634     0.0184    51970.85  125465.01     0.0    
   3500     11451.86    4.0909     4.1064     0.061      0.0159    51892.53  125275.02     0.0    
   3600     11790.51    4.0939     4.1087     0.0607     0.0161    51819.3   125097.29     0.0    
   3700     12123.08    4.0971     4.1137     0.0618     0.0164    51749.64  124928.35     0.0    
   3800     12457.58    4.0988     4.1166     0.0574     0.0153    51685.33  124772.36     0.0    
   3900     12790.07    4.102      4.1198     0.0633     0.0152    51624.58  124624.96     0.0    
   4000     13130.0     4.1095     4.1228     0.0551     0.0151    51568.07  124487.95     0.0    
Using  0.8  of training data 
Tensor dimensions:  [50, 50, 50]
Optimization metrics: 
Using Ada Grad
Mean update scheme:  S
Covariance update :  N
k1 samples =  64  k2 samples =  64
eta =  1  cov eta =  1  sigma eta =  1
iteration |   time   |test_rsme |train_rsme|  d_mean  |   d_cov  | test_nll | train_nll     dw   
   100       97.88       3.83      3.8403     0.282      0.0518    60080.19  193676.63     0.0    
   200       487.18     3.8435     3.8517     0.2404     0.052     59624.68  192205.65    0.0001  
   300       878.32     3.8475     3.8605     0.2132     0.0482    59187.77  190795.75     0.0    
   400      1274.42     3.859      3.872      0.206      0.0481    58771.65   189453.4     0.0    
   500      1664.07     3.8742     3.8811     0.1655     0.0446    58372.0   188162.71     0.0    
   600      2052.72     3.8789     3.8896     0.1521     0.044     57991.44  186933.84     0.0    
   700      2441.85     3.8882     3.9045     0.1482     0.0413    57626.85  185756.73     0.0    
   800      2834.43     3.9012     3.9124     0.1296     0.0404    57285.52  184654.32     0.0    
   900      3225.34     3.9078     3.9209     0.1195     0.0393    56958.32  183597.08     0.0    
   1000     3618.07     3.9168     3.9285     0.123      0.0373    56648.04  182594.17     0.0    
   1100     4012.33     3.9279     3.9381     0.1195     0.0363    56355.23  181647.21     0.0    
   1200     4406.17     3.9359     3.9495     0.1193     0.0332    56077.84  180749.46     0.0    
   1300     4794.37     3.9468     3.9555     0.1075     0.035     55813.71   179894.5     0.0    
   1400     5182.52     3.9541     3.9637     0.103      0.0316    55562.78  179080.99     0.0    
   1500     5571.72     3.9612     3.9734     0.1047     0.0319    55323.79  178306.36     0.0    
   1600      5961.9     3.9689     3.9808     0.0931     0.0298    55096.69  177569.75     0.0    
   1700     6335.18     3.9729     3.9869     0.0982      0.03     54879.2   176864.23     0.0    
   1800     6700.43     3.9834     3.9956     0.094      0.0289    54672.63  176193.96     0.0    
   1900     7065.21     3.9933     4.002      0.1026     0.0273    54475.42  175554.14     0.0    
   2000     7432.21     3.9971     4.0097     0.0799     0.0265    54286.9   174942.28     0.0    
   2100     7798.47     4.0027     4.0162     0.0873     0.0259    54107.68  174360.53     0.0    
   2200     8161.51     4.008      4.0212     0.0811     0.0242    53935.62  173802.21     0.0    
   2300      8524.0     4.014      4.0263     0.0782     0.0244    53772.04  173270.99     0.0    
   2400     8886.33     4.0206     4.035      0.0838     0.0241    53615.42   172762.4     0.0    
   2500     9248.57     4.026      4.0394     0.0694     0.0229    53466.8   172279.48     0.0    
   2600     9610.63     4.0319     4.0444     0.073      0.0221    53324.33  171816.82     0.0    
   2700     9973.24     4.0378     4.0493     0.0712     0.0222    53188.01  171374.33     0.0    
   2800     10335.34    4.038      4.0546     0.0774     0.021     53058.78  170954.37     0.0    
   2900     10697.31    4.0484     4.0608     0.0682     0.0196    52935.27  170553.29     0.0    
   3000     11059.48    4.0541     4.0649     0.0714     0.0194    52816.73  170168.67     0.0    
   3100     11424.25    4.0584     4.0707     0.0658     0.0189    52703.66  169801.73     0.0    
   3200     11791.92    4.0606     4.0756     0.0699     0.0195    52596.29  169453.35     0.0    
   3300     12161.3     4.0646     4.0794     0.0725     0.0177    52493.43  169119.53     0.0    
   3400     12528.2     4.0718     4.0836     0.0644     0.0177    52395.61  168802.08     0.0    
   3500     12894.97    4.073      4.0883     0.0679     0.0166    52302.91  168501.45     0.0    
   3600     13260.01    4.0766     4.0912     0.0642     0.017     52214.19  168213.66     0.0    
   3700     13622.91    4.0815     4.0955     0.0613     0.0169    52130.39  167941.93     0.0    
   3800     13985.74    4.0871     4.0979     0.0563     0.015     52050.82  167683.89     0.0    
   3900     14348.46    4.0917     4.1028     0.0624     0.0158    51974.36  167436.06     0.0    
   4000     14711.0     4.0914     4.1053     0.061      0.0156    51902.07  167201.48     0.0    
Using  1  of training data 
Tensor dimensions:  [50, 50, 50]
Optimization metrics: 
Using Ada Grad
Mean update scheme:  S
Covariance update :  N
k1 samples =  64  k2 samples =  64
eta =  1  cov eta =  1  sigma eta =  1
iteration |   time   |test_rsme |train_rsme|  d_mean  |   d_cov  | test_nll | train_nll     dw   
   100       91.37      3.8359     3.8453     0.2775     0.046     60139.45  242474.86     0.0    
   200       506.18     3.8336     3.8554     0.2303     0.0411    59740.35   240864.3     0.0    
   300       920.4      3.8443     3.8682     0.2176     0.0425    59349.29  239284.62     0.0    
   400      1334.72     3.8582     3.8737     0.1798     0.0404    58973.7   237768.23     0.0    
   500      1749.08     3.8646     3.8855     0.1858     0.0399    58612.51  236309.52     0.0    
   600      2167.85     3.877      3.8941     0.1542     0.0416    58267.16  234914.82     0.0    
   700      2588.32     3.887      3.9014     0.1412     0.0396    57935.58   233577.3     0.0    
   800      3008.64     3.8912     3.911      0.1292     0.0349    57620.09  232303.26     0.0    
   900      3428.91     3.9018     3.9192     0.1305     0.0378    57318.16  231083.64     0.0    
   1000     3849.46     3.9057     3.9258     0.1238     0.0332    57029.28  229917.33     0.0    
   1100     4263.23     3.9168     3.9362     0.1201     0.032     56751.79  228794.14     0.0    
   1200     4677.02     3.9244     3.9465     0.1216     0.0333    56485.49  227716.21     0.0    
   1300     5090.98     3.9332     3.9557     0.1234     0.031     56232.84  226693.48     0.0    
   1400     5505.92     3.9406     3.9603     0.1032     0.033     55989.42  225707.34     0.0    
   1500     5922.19     3.9472     3.9684     0.1113     0.0306    55757.23  224766.61     0.0    
   1600     6338.55     3.9549     3.9752     0.0964     0.0292    55535.51  223867.39     0.0    
   1700     6753.39     3.9623     3.9824     0.0904     0.0292    55322.47  223003.63     0.0    
   1800     7167.23     3.9728     3.9891     0.0995     0.0277    55118.85  222177.25     0.0    
   1900      7581.2     3.9786     3.9957     0.0897     0.0264    54922.51  221380.87     0.0    
   2000      7994.9     3.9838     4.0037     0.0887     0.0254    54735.15  220619.99     0.0    
   2100     8409.02     3.9882     4.0089     0.0855     0.0244    54557.84  219900.12     0.0    
   2200     8825.04     3.9954     4.0168     0.0858     0.0249    54384.1   219194.62     0.0    
   2300     9240.61     4.0016     4.0226     0.0848     0.024     54219.22  218523.81     0.0    
   2400     9660.42     4.0055     4.0252     0.0752     0.0223    54060.98  217880.75     0.0    
   2500     10080.42    4.0117     4.0322     0.0881     0.0223    53908.87  217263.01     0.0    
   2600     10500.55    4.0188     4.0402     0.0827     0.022     53763.57  216672.74     0.0    
   2700     10920.59    4.0244     4.0437     0.0753     0.0211    53623.07  216101.41     0.0    
   2800     11341.07    4.0266     4.0492     0.0754     0.0216    53487.41  215550.06     0.0    
   2900     11758.85    4.0318     4.0528     0.0676     0.0205    53358.17  215024.68     0.0    
   3000     12191.74    4.0386     4.0577     0.0706     0.0204    53232.99  214515.98     0.0    
   3100     12644.99    4.0426     4.0644     0.0693     0.0202    53113.06   214028.8     0.0    
   3200     13095.01    4.0476     4.0678     0.0657     0.0186    52998.76  213564.58     0.0    
   3300     13542.41    4.0518     4.0723     0.0625     0.0179    52889.54  213121.12     0.0    
   3400     13989.78    4.056      4.0762     0.0687     0.0175    52783.34  212689.88     0.0    
   3500     14437.07    4.0593     4.0812     0.0624     0.0174    52681.81  212277.88     0.0    
   3600     14885.22    4.0648     4.0857     0.0667     0.0167    52584.51  211883.01     0.0    
   3700     15338.39    4.0653     4.0885     0.0676     0.0168    52491.33  211504.96     0.0    
   3800     15785.41    4.0702     4.0925     0.0594     0.0165    52401.98  211142.78     0.0    
   3900     16232.84    4.0777     4.0963     0.0628     0.0161    52316.56   210796.2     0.0    
   4000     16681.76    4.081      4.1002     0.0563     0.0156    52234.75  210464.62     0.0    
