Generating synthetic count valued data ... 
Generating synthetic  count valued data took:  11.017739295959473
max_count =  19  min count =  0
Using  0.2  of training data 
Tensor dimensions:  [50, 50, 50]
Optimization metrics: 
Using Ada Grad
Mean update scheme:  S
Covariance update :  N
k1 samples =  64  k2 samples =  64
eta =  1  cov eta =  0.001  sigma eta =  1
iteration |   time   |test_rsme |train_rsme|  d_mean  |   d_cov  | test_nll | train_nll     dw   
   100       449.5      3.8891     3.9219     0.2855     0.3385    57942.11   46769.33     0.0    
   200      1037.57     3.9388     3.9689     0.2285     0.3092    56692.78   45759.54     0.0    
   300      1625.55     3.9721     4.0039     0.1937     0.3038    55933.97   45146.87     0.0    
   400      2213.38     3.9977     4.0304     0.1712     0.3154    55392.76   44708.0      0.0    
   500      2798.38     4.0226     4.0485     0.1662     0.3273    54995.0    44384.57     0.0    
   600      3384.06     4.0423     4.0719     0.1394     0.3453    54681.97   44128.65     0.0    
   700      3969.94     4.0583     4.0902     0.1352     0.3806    54431.04   43924.52     0.0    
   800      4555.62     4.0742     4.1067     0.1247     0.4112    54212.52   43745.26     0.0    
   900      5140.98     4.0943     4.1235     0.1133     0.4429    54034.62   43598.67     0.0    
   1000     5727.71     4.1108     4.1431     0.1079     0.5007    53872.02   43464.33     0.0    
   1100     6313.44     4.1281     4.1622     0.1034     0.5512    53731.82   43349.0      0.0    
   1200     6898.24     4.1463     4.181      0.1066     0.6288    53613.76   43251.71     0.0    
   1300     7483.42     4.1683     4.1991     0.1046     0.7388    53516.05   43170.56     0.0    
   1400     8069.47     4.1889     4.2203     0.1015     0.8243    53431.79   43100.06     0.0    
   1500     8653.16     4.2089     4.2389     0.0916     1.0224    53363.73   43042.8      0.0    
   1600     9236.34     4.2382     4.267      0.0848     1.244     53307.93   42994.91     0.0    
   1700     9795.08     4.2637     4.2991     0.0858     1.4679    53257.18   42951.15     0.0    
   1800     10344.52    4.3009     4.3201     0.0837     1.8093    53220.91   42919.56     0.0    
   1900     10891.23    4.3403     4.3677     0.0868     2.1617    53195.1    42895.69     0.0    
   2000     11438.95    4.3858     4.408      0.0834     2.9427    53187.17   42884.72     0.0    
   2100     12011.51    4.4365     4.4603     0.0834     3.7848    53196.94   42887.99     0.0    
   2200     12594.15    4.5043     4.5259     0.0817     5.5391    53225.35   42905.46     0.0    
   2300     13176.21    4.5923     4.606      0.0829     9.1956    53287.87   42947.94     0.0    
   2400     13757.76    4.6975     4.7164     0.0834     14.403      nan        nan        0.0    
   2500     14320.18    4.852      4.8703     0.0842    27.6669      nan        nan        0.0    
   2600     14869.51    5.0801     5.0977     0.0901    107.6391     nan        nan        0.0    
   2700     15397.88     inf        inf       0.1035   15673.6916    nan        nan        0.0    
