Generating synthetic binary valued data ... 
Generating synthetic  binary valued data took:  0.5060312747955322
Evaluation for true params: 
 test_rsme | train_rsme | rel-te-err | rel-tr-err |  test_nll  |  train_nll |
    0.0          0.0          0.0          0.0         20.03        86.24    
Factorizing with max_iteration = 1500  fixing covariance?:  True
Tensor dimensions:  [5, 5, 5]
Optimization metrics: 
Using Ada Grad
Mean update scheme:  S
Covariance update :  N
Using diagonal covariance?:  False
Random start? True
k1 samples =  64  k2 samples =  64
eta =  1.0  cov eta =  1.0  sigma eta =  1
iteration |   time   |test_rsme |rel-te-err|train_rsme|rel-tr-err|  d_mean  |   d_cov  | test_nll | train_nll |    VLB   |  E-term  |    KL     |   dw   |
    0         0.97      1.4967      0.56      1.2806      0.41      3.1623       0        28.99      93.95      -109.0    -79.745     29.192      0.0    
    5         6.13      1.3856      0.48      0.8718      0.19      3.1623       0        22.55      41.54      -94.0      -72.34     22.029     0.3558  
    10        11.2       0.8        0.16      0.5292      0.07      2.6053       0         6.71      17.81      -83.0     -64.639     17.95      0.0059  
    20        20.6      0.5657      0.08      0.4899      0.06      1.5501       0         7.01       20.0      -82.0     -66.428     15.812     0.0037  
    50       47.63      0.5657      0.08      0.4472      0.05      1.3519       0         4.99      16.15      -80.0     -64.194     15.854     0.0009  
   100       92.23       0.4        0.04       0.0        0.0       0.5819       0         4.17      12.12      -79.0     -62.828     16.653     0.0004  
   200       180.8       0.4        0.04      0.2828      0.02      0.944        0         4.37      10.57      -78.0     -61.732     16.01      0.0001  
   300       269.39      0.4        0.04       0.2        0.01      0.4316       0         4.32      12.09      -79.0     -62.728     16.588      0.0    
   400       357.62      0.4        0.04       0.0        0.0       0.4241       0         3.66      11.68      -79.0     -62.541     16.487      0.0    
   500       446.19      0.4        0.04      0.2828      0.02      0.4622       0         3.82      11.98      -79.0     -62.602     16.74       0.0    
   600       534.56      0.4        0.04       0.2        0.01      0.3247       0         4.14      12.97      -80.0     -63.117     16.433      0.0    
   700       627.13      0.0        0.0        0.2        0.01      0.338        0         4.31      12.17      -79.0     -62.502     16.455      0.0    
   800       717.29      0.4        0.04       0.2        0.01      0.2331       0         3.94      13.28      -80.0     -63.244     16.502      0.0    
   900       808.12      0.0        0.0       0.2828      0.02      0.3314       0         3.63      11.95      -79.0     -62.439     16.458      0.0    
   1000      897.57      0.4        0.04      0.2828      0.02      0.3369       0         3.46      12.41      -79.0     -62.496     16.409      0.0    
   1100      986.78      0.4        0.04       0.2        0.01      0.2279       0         3.51      11.29      -79.0     -62.366     16.418      0.0    
   1200     1075.79      0.0        0.0        0.2        0.01      0.2333       0         3.23      10.39      -79.0     -62.149     16.532      0.0    
   1300     1165.41      0.4        0.04       0.2        0.01      0.1333       0         3.03       10.4      -79.0      -62.75     16.514      0.0    
   1400     1253.86      0.0        0.0        0.2        0.01      0.2345       0         3.2       11.11      -79.0     -62.145     16.387      0.0    
   1500     1342.32      0.0        0.0        0.2        0.01      0.1533       0         2.95      11.15      -78.0     -61.991     16.419      0.0    
[0.69044715 0.65506048 0.66661727 0.65068826 0.5353638  0.67053405
 1.63159061 0.68245831 0.66965482 0.68812399 2.58928322 0.67767893
 0.64835618 0.7035919  0.69788458 0.69890315 0.7140358  0.67913109
 0.6699858  0.68082271]
[ 0.65544355  0.62026893  0.63181149  0.63283427 -0.44106078  0.63256823
  0.25285867  0.62510937  0.63906062  0.63236191 -1.92560448  0.62739758
  0.63251726  0.61905703  0.62171861  0.62925212  0.63142161  0.64000159
  0.61770048  0.62454323]
[0.6745429  0.65806288 0.66384119 0.68047775 1.26960517 0.69014907
 0.19678904 0.70237871 0.66959956 0.66683436 2.70923708 0.68520906
 0.66626362 0.67873054 0.66871922 0.6761667  0.65734776 0.68469908
 0.69946707 0.66467771]
