Generating synthetic binary valued data ... 
Generating synthetic  binary valued data took:  0.47003626823425293
Evaluation for true params: 
 test_rsme | train_rsme | rel-te-err | rel-tr-err |  test_nll  |  train_nll |
    0.0          0.0          0.0          0.0         20.03        86.24    
Factorizing with max_iteration = 1500  fixing covariance?:  True
Tensor dimensions:  [5, 5, 5]
Optimization metrics: 
Using Ada Grad
Mean update scheme:  S
Covariance update :  N
Using diagonal covariance?:  False
Random start? True
k1 samples =  64  k2 samples =  64
eta =  1.0  cov eta =  1.0  sigma eta =  1
iteration |   time   |test_rsme |rel-te-err|train_rsme|rel-tr-err|  d_mean  |   d_cov  | test_nll | train_nll |    VLB   |  E-term  |    KL     
    0         0.29      1.4967      0.56      1.2329      0.38      3.1623       0        31.26      100.69     -109.0    -79.798     29.052   
    5         1.7        1.2        0.36      0.6325      0.1       3.1623       0        17.48      30.32      -90.0      -68.65     21.455   
    10        3.1       0.6928      0.12      0.2828      0.02      2.4753       0         6.04      15.01      -82.0     -63.802     17.896   
    20        5.61      0.5657      0.08      0.4899      0.06      2.0344       0         5.65      16.23      -82.0     -64.298     17.45    
    50       12.73      0.5657      0.08       0.2        0.01      1.2092       0         3.76       6.71      -77.0     -60.797     15.869   
   100       25.74       0.4        0.04       0.2        0.01      0.7931       0         4.7        3.91      -77.0     -59.488     17.385   
   200       52.42       0.4        0.04       0.0        0.0       0.2455       0        12.57       0.77      -79.0     -58.223     21.045   
   300       78.72       0.4        0.04      0.6325      0.1       2.3542       0        36.84      368.44     -125.0    -61.737     63.089   
   400       104.53     0.6928      0.12      0.6928      0.12      1.6257       0        110.52     442.1      -140.0    -62.477     77.589   
   500       130.69     0.6928      0.12      0.6928      0.12      1.3328       0        110.52     442.1      -147.0    -62.477     84.118   
   600       156.78     0.6928      0.12      0.6928      0.12      1.1275       0        110.52     442.1      -151.0    -62.477     88.275   
   700       182.56     0.6928      0.12      0.6928      0.12      0.9965       0        110.52     442.1      -154.0    -62.477     91.278   
   800       208.51     0.6928      0.12      0.6928      0.12      0.8527       0        110.52     442.1      -156.0    -62.477     93.613   
   900       234.39     0.6928      0.12      0.6928      0.12      0.7811       0        110.52     442.1      -158.0    -62.477     95.524   
   1000      260.78     0.6928      0.12      0.6928      0.12      0.7495       0        110.52     442.1      -160.0    -62.477     97.134   
   1100      286.5      0.6928      0.12      0.6928      0.12      0.6762       0        110.52     442.1      -161.0    -62.477     98.521   
   1200      312.94     0.6928      0.12      0.6928      0.12      0.6441       0        110.52     442.1      -162.0    -62.477     99.744   
   1300      339.45     0.6928      0.12      0.6928      0.12      0.5861       0        110.52     442.1      -163.0    -62.477    100.837   
   1400      366.13     0.6928      0.12      0.6928      0.12      0.573        0        110.52     442.1      -164.0    -62.477    101.821   
   1500      392.32     0.6928      0.12      0.6928      0.12      0.5346       0        110.52     442.1      -165.0    -62.477    102.717   
[55.30554598 56.6478992  55.91012464 56.8709447  56.03283205 56.26234454
 58.35757972 55.80315069 56.88249498 55.55142059 56.54296449 56.55284341
 56.25238966 55.51906388 58.3270067  55.64069633 56.65993615 54.54733877
 56.11775726 55.76166979]
[-55.10020404 -55.10278641 -54.5878583  -55.33601293 -55.50728088
 -55.2971507  -57.45073618 -55.47746803 -55.17961447  57.4586628
 -57.44994697 -54.51989501 -55.37763399 -55.3652164  -57.2757211
 -55.1305535  -54.98215621 -55.34443956 -54.78776019 -55.03372456]
[ 55.58277231  54.40957754  54.4894407   54.28498777  54.01322512
  54.71182556  43.98584859  53.71711382  54.35879933 -54.48574037
  57.45719634  54.28538707  54.00875711  54.69583412  57.73301787
  54.47507238  54.15136293  55.42364629  54.80912002  54.25401939]
