Generating synthetic count valued data ... 
Generating synthetic  count valued data took:  0.5430727005004883
max_count =  13.0  min count =  0.0
Evaluation for true params: 
 test_rsme | train_rsme | rel-te-err | rel-tr-err |  test_nll  |  train_nll |
    0.0          0.0          0.0          0.0         109.0        396.75   
Factorizing with max_iteration = 10000  fixing covariance?:  True
Tensor dimensions:  [5, 5, 5]
Optimization metrics: 
Using Ada Grad
Mean update scheme:  S
Covariance update :  N
Using diagonal covariance?:  False
Random start? True
k1 samples =  64  k2 samples =  64
eta =  1.0  cov eta =  1.0  sigma eta =  1
iteration |   time   |test_rsme |rel-te-err|train_rsme|rel-tr-err|  d_mean  |   d_cov  | test_nll | train_nll |    VLB   |  E-term  |    KL     |   dw   |
    0         0.35      5.5064      3.6       3.6824      2.7       3.1623       0        147.34     287.75     -416.0    -388.53     27.669     0.0501  
    5         2.38      5.2154      3.28      3.985       2.6       3.1623       0        69.36      184.71     -285.0    -257.459    27.94      0.0006  
    10        4.35      4.2942      2.76      1.7029      1.06      2.3517       0        55.87      142.64     -210.0    -186.336    23.222     0.0002  
    20        7.74      2.5612      1.76      1.7205      1.14      1.3047       0        42.45      139.09     -196.0    -178.177    18.131     0.0001  
    50       16.71      2.7495      1.88      1.5652      0.89      1.1859       0        41.56      136.86     -187.0    -171.908    15.08      0.0001  
   100       31.36      2.1166      1.52      1.3711      0.84      0.6124       0         40.7      133.78     -184.0    -169.25     14.546      0.0    
   200       57.48      2.2804      1.6       1.3077      0.81      0.2775       0        43.16      132.66     -181.0    -167.056    14.435      0.0    
   300       86.13      2.3238      1.72      1.4213      0.9       0.5353       0        41.87      134.38     -182.0    -167.931    14.475      0.0    
   400       115.08     2.506       1.88      1.3856      0.86      0.2075       0        42.84      133.86     -183.0    -169.12     14.267      0.0    
   500       143.9      2.5534      1.96      1.3491      0.86      0.2689       0        43.65      133.51     -186.0    -171.835    14.178      0.0    
   600       171.93     2.6683      2.0       1.5492      0.98      0.2638       0        45.72      136.59     -191.0    -176.515    14.054      0.0    
   700       200.18     2.6608      1.96      1.5166      0.98      0.1591       0        45.67      135.82     -188.0    -173.824    14.237      0.0    
   800       228.73     2.735       1.96      1.4526      0.87      0.1862       0        45.56      135.85     -188.0    -173.239    14.267      0.0    
   900       257.58     2.506       1.88      1.4107      0.89      0.1207       0        43.29      133.83     -185.0    -170.492    14.228      0.0    
   1000      285.76     2.5377      1.96      1.3892      0.89      0.215        0        43.56      134.16     -183.0    -167.88     14.656      0.0    
   1100      314.04     2.5846      1.96      1.4283      0.9       0.2035       0        43.76      134.2      -189.0    -174.418    14.385      0.0    
   1200      342.99      2.4        1.84      1.4071      0.9       0.108        0        43.84      135.14     -187.0    -172.165    14.361      0.0    
   1300      371.96     2.4166      1.84      1.456       0.94      0.1594       0        43.43      134.85     -187.0    -172.01     14.501      0.0    
   1400      400.71     2.7203      2.04      1.4731      0.93      0.147        0        44.28      135.7      -186.0    -171.848    13.937      0.0    
   1500      429.25     2.506       1.88      1.4663      0.93      0.1163       0        45.07      135.58     -186.0    -171.696    14.069      0.0    
   1600      457.83     2.6608      2.04      1.3856      0.84      0.1346       0        44.16      134.63     -183.0    -168.958    14.331      0.0    
   1700      486.66     2.498       1.84      1.4799      0.95      0.257        0        43.95      135.99     -187.0    -172.872    14.375      0.0    
   1800      515.18     2.4739      1.88      1.4526      0.93      0.1625       0         44.0      134.9      -189.0     -174.7     14.111      0.0    
   1900      543.76     2.7276      2.08      1.4491      0.9       0.1369       0        44.79      135.1      -186.0    -172.209    14.254      0.0    
   2000      572.46     2.569       1.96      1.4799      0.93      0.1341       0        44.07      136.06     -189.0    -175.219    14.068      0.0    
   2100      601.27     2.5846      1.96      1.4866      0.99      0.1784       0        43.79      134.81     -187.0    -173.173    14.089      0.0    
   2200      629.91     2.4495      1.92      1.4387      0.91      0.228        0        43.09      134.37     -185.0    -171.133    14.112      0.0    
   2300      658.59     2.6608      2.04      1.4933      0.93      0.1687       0        45.39      135.64     -189.0    -174.983    14.129      0.0    
   2400      687.21     2.4658      1.84       1.5        0.95      0.1059       0        43.26      135.01     -186.0    -171.636    13.951      0.0    
   2500      716.11      2.6        1.96      1.4629      0.96      0.1132       0        43.72      134.93     -187.0    -172.881    14.204      0.0    
   2600      744.72     2.5456      1.92      1.4387      0.91      0.1252       0        44.09      135.8      -187.0    -172.583    14.214      0.0    
   2700      773.74      2.6        2.04      1.4248      0.89      0.1635       0        42.75      135.37     -185.0    -171.411    13.998      0.0    
   2800      802.33     2.4576      1.88      1.5684      1.02      0.0914       0        43.64      135.1      -187.0    -172.419    14.301      0.0    
   2900      831.39     2.569       1.88      1.5395      0.95      0.1083       0        44.03      137.13     -186.0    -172.313    14.054      0.0    
   3000      859.69     2.5923      2.0       1.4422      0.9       0.1248       0        43.87      134.8      -188.0    -173.309    14.358      0.0    
   3100      888.46     2.6382      2.0       1.4457      0.89      0.0914       0        44.16      135.37     -186.0    -171.977    14.234      0.0    
   3200      917.13     2.4576      1.88      1.4177      0.87      0.0979       0        43.88      135.02     -187.0    -172.945    13.968      0.0    
   3300      945.66     2.7203      2.12       1.49       0.92      0.0965       0        43.85      135.42     -185.0    -170.975    14.166      0.0    
   3400      975.2      2.7055      2.04      1.5362      0.96      0.1126       0        44.28      135.9      -186.0    -172.198    14.043      0.0    
   3500     1004.04     2.569       1.96      1.3675      0.83      0.1347       0        45.13      135.62     -188.0    -173.782    14.401      0.0    
   3600     1032.75     2.4495      1.92      1.5297      0.96      0.2305       0        43.28      135.47     -188.0    -174.233    13.909      0.0    
   3700     1061.25     2.623       2.0       1.562       0.98      0.0923       0        44.94      135.5      -187.0    -172.91     14.057      0.0    
   3800     1090.03     2.6077      2.0       1.4283      0.88      0.1031       0        44.35      134.76     -190.0    -175.742    14.322      0.0    
   3900     1118.72     2.6533      2.0       1.4629      0.9       0.0829       0        43.99      135.49     -188.0    -173.81     14.218      0.0    
   4000     1147.42     2.6608      2.04      1.5684      0.98      0.0961       0        44.35      135.55     -188.0    -173.93     13.999      0.0    
   4100     1176.21     2.5923      1.92      1.5684      1.02      0.108        0        45.05      135.15     -189.0    -175.182    14.155      0.0    
   4200     1204.86     2.4658      1.84      1.5199      0.95      0.1161       0        43.71      134.5      -186.0    -172.369    14.125      0.0    
   4300     1233.46     2.498       1.84      1.4142      0.9       0.1049       0        44.75      134.8      -185.0    -170.826    14.081      0.0    
   4400     1262.24     2.6458      1.96      1.5748      0.96      0.1551       0        43.85      135.65     -188.0    -173.842    14.168      0.0    
   4500     1291.53     2.5768      1.92      1.546       0.99      0.0857       0         45.2      134.58     -186.0     -171.8     14.165      0.0    
