Generating synthetic count valued data ... 
Generating synthetic  count valued data took:  0.48827290534973145
max_count =  13.0  min count =  0.0
Evaluation for true params: 
 test_rsme | train_rsme | rel-te-err | rel-tr-err |  test_nll  |  train_nll |
    0.0          0.0          0.0          0.0         109.0        396.75   
Factorizing with max_iteration = 10000  fixing covariance?:  True
Tensor dimensions:  [5, 5, 5]
Optimization metrics: 
Using Ada Grad
Mean update scheme:  S
Covariance update :  N
Using diagonal covariance?:  False
Random start? True
k1 samples =  64  k2 samples =  64
eta =  1.0  cov eta =  1.0  sigma eta =  1
iteration |   time   |test_rsme |rel-te-err|train_rsme|rel-tr-err|  d_mean  |   d_cov  | test_nll | train_nll |    VLB   |  E-term  |    KL     
    0         0.33      5.4736      3.48      3.6469      2.66      3.1623       0        196.05     326.9      -415.0    -386.896    27.669   
    5         1.97      5.0636      3.0       2.3685      1.53      3.1623       0        95.09      159.81     -233.0    -206.351    26.94    
    10        3.61      4.7749      3.04      1.4283      0.9       2.2197       0        61.83      138.0      -199.0    -176.603    22.345   
    20        6.46      3.5157      2.44       1.5        1.01      1.256        0        47.64      133.45     -183.0    -165.763    17.515   
    50       14.16      2.1354      1.52      1.0817      0.67      1.2044       0        40.69      130.05     -173.0    -157.907    14.925   
   100       26.82      2.1166      1.52      1.0247      0.59      0.7209       0        39.86      129.01     -172.0    -157.168    14.62    
   200       55.46      2.2539      1.64      1.1045      0.68      0.4321       0        40.27      127.88     -171.0    -157.22     13.945   
   300       84.52       2.0        1.44      1.0583      0.66      0.2689       0        40.19      126.52     -170.0    -155.87     13.653   
   400       113.54     2.0199      1.36      1.077       0.66      0.394        0        39.49      127.15     -170.0    -156.578    13.524   
   500       143.11     2.0494      1.48      1.077       0.66      0.1759       0         39.9      127.07     -172.0    -157.972    13.665   
   600       172.33      2.01       1.48      1.0296      0.62      0.2049       0        38.81      126.93     -169.0    -155.362    13.567   
   700       201.12     1.9391      1.44      1.0344      0.63      0.239        0        39.51      128.24     -172.0    -158.093    13.85    
   800       230.51     1.9183      1.44      0.9644      0.59      0.2154       0        38.63      127.73     -171.0    -157.369    13.414   
   900       259.84     2.0976      1.52      1.1225      0.72      0.1851       0        39.91      128.48     -170.0    -156.042    13.783   
   1000      288.84      2.0        1.52      1.0863      0.7       0.2244       0        40.95      129.0      -171.0    -158.053     13.4    
   1100      318.01     2.0688      1.48      1.1136      0.7        0.16        0        40.47      127.65     -170.0    -156.976    13.307   
   1200      347.2      2.1633      1.48      1.0863      0.7       0.1823       0        41.19      127.68     -172.0    -158.241    13.808   
   1300      376.66     2.1166      1.52      0.9849      0.59      0.1309       0        40.18      127.79     -170.0     -156.8     13.677   
   1400      406.14     2.1633      1.56      1.0909      0.67      0.1099       0        39.87      128.17     -171.0    -157.434    13.679   
   1500      433.9      2.1817      1.56      1.0392      0.64      0.3768       0        40.56      127.71     -173.0    -159.029    13.478   
   1600      459.2      2.0688      1.48      1.044       0.63      0.1316       0        41.13      128.08     -171.0    -157.788    13.709   
   1700      487.73     2.1909      1.6       1.1576      0.76      0.1918       0        42.55      128.94     -172.0    -158.719    13.603   
   1800      517.19     2.0785      1.52      1.1136      0.7       0.1886       0        41.66      128.63     -172.0    -158.266    13.497   
   1900      546.12     2.1726      1.52      1.0583      0.66      0.1796       0        41.53      127.8      -171.0    -157.448    13.649   
   2000      575.31     2.3495      1.68      1.1225      0.68      0.1278       0        43.06      127.76     -172.0    -158.635    13.762   
   2100      604.36     2.1541      1.52      1.0909      0.65      0.1279       0        42.18      128.67     -171.0    -157.632    13.628   
   2200      631.61     2.3065      1.64      1.077       0.68      0.1464       0         42.1      128.31     -171.0    -157.509    13.782   
   2300      658.07     2.3917      1.72      1.0344      0.65      0.1329       0        42.42      128.26     -174.0    -160.181    13.786   
   2400      686.66     2.2627      1.68      1.1225      0.7       0.2123       0        42.45      128.09     -173.0    -159.639    13.353   
   2500      714.77     2.1817      1.56      1.0392      0.64      0.1313       0        41.02      127.79     -171.0    -157.493    13.691   
   2600      739.83      2.4        1.76      1.1489      0.7       0.1051       0        43.44      129.36     -173.0    -159.166    13.593   
   2700      766.26     2.2539      1.64      1.1314      0.72      0.1234       0        43.26      128.01     -173.0    -159.34     13.68    
   2800      795.08     2.3917      1.72      1.1662      0.72      0.1624       0        41.63      128.76     -173.0    -159.378    13.552   
   2900      824.86     2.2804      1.6       1.0863      0.64      0.1038       0        42.95      128.47     -173.0    -159.641    13.838   
   3000      853.55     2.0976      1.52      1.1314      0.68      0.1351       0         41.1      128.25     -171.0    -157.782    13.667   
   3100      882.41     2.2091      1.68      1.118       0.69      0.1791       0        41.45      128.22     -173.0    -159.726    13.553   
   3200      911.26     2.2181      1.64      1.0863      0.66      0.134        0        42.61      129.21     -173.0    -159.362    13.592   
   3300      940.27     2.1817      1.56      1.1489      0.72      0.1354       0        42.91      128.26     -172.0    -158.266    13.628   
   3400      965.75     2.2181      1.64      1.0863      0.68      0.1435       0         41.9      128.76     -171.0    -156.934    13.594   
   3500      994.93     2.358       1.64      1.1533      0.71      0.1653       0        42.74      128.46     -174.0    -160.235    13.572   
   3600      1024.8     2.3917      1.72      1.0488      0.62      0.1644       0        42.29      129.1      -175.0    -161.366    13.448   
   3700     1054.23     2.0591      1.52       1.1        0.69      0.0984       0         41.8      127.56     -173.0    -159.649    13.615   
   3800     1083.62     2.3065      1.64      1.0677      0.66      0.1184       0         41.2      128.0      -173.0    -159.631    13.463   
   3900      1112.9     2.1909      1.6       1.1747      0.72      0.1408       0         42.2      128.38     -173.0    -158.914    13.694   
   4000      1142.1     2.4083      1.8       1.0392      0.64      0.1279       0        41.97      128.36     -174.0    -160.075    13.574   
   4100     1169.54     2.1166      1.44      1.0817      0.67      0.156        0        41.81      128.31     -172.0    -158.721    13.475   
   4200     1198.34     2.1726      1.52      1.1747      0.76      0.1696       0        42.32      128.09     -172.0    -158.262    13.518   
   4300     1227.43     2.1817      1.56      1.0583      0.64      0.1577       0        42.61      128.09     -172.0    -158.281    13.757   
   4400     1256.73     2.2361      1.64      1.044       0.63      0.157        0        41.62      128.87     -174.0    -160.448    13.625   
   4500     1285.82     2.358       1.72      1.0392      0.64      0.1353       0        42.86      128.69     -173.0    -159.168    13.38    
   4600     1315.05     2.0785      1.52      1.1402      0.74      0.1292       0        42.35      128.43     -171.0    -157.572    13.61    
   4700     1344.39     2.126       1.56      1.1576      0.72      0.1553       0        41.59      128.13     -172.0    -158.082    13.568   
   4800     1372.91     2.2978      1.6       1.1619      0.73      0.078        0        43.06      128.5      -174.0    -160.749    13.567   
   4900     1401.55     2.4413      1.72       1.1        0.69      0.084        0        42.07      128.27     -173.0    -159.801    13.568   
   5000     1430.34     2.1817      1.56      1.1225      0.72      0.1108       0        42.15      128.31     -174.0    -160.698    13.677   
   5100     1459.39     2.245       1.52      1.1314      0.7       0.1006       0        42.87      128.23     -171.0    -157.617    13.557   
   5200     1488.04     2.3065      1.72      1.0677      0.66      0.1235       0        42.54      127.74     -172.0    -158.176    13.615   
   5300     1516.38     2.1633      1.56      1.0392      0.68      0.1374       0        41.82      127.78     -171.0    -158.023    13.475   
   5400     1544.76     2.3152      1.6       0.995       0.65      0.0936       0        41.82      127.25     -173.0    -159.256    13.624   
   5500     1573.18     2.2716      1.56      1.1533      0.73      0.1108       0        42.16      129.01     -172.0    -158.545    13.76    
   5600     1601.62     2.3065      1.72      1.0863      0.66      0.0812       0        42.27      128.5      -173.0    -159.048    13.628   
   5700      1630.1     2.0881      1.48      1.1489      0.72      0.1202       0         42.5      128.51     -174.0    -160.367    13.636   
   5800     1658.18     2.1354      1.52      1.1091      0.69      0.0726       0        42.42      128.05     -173.0    -159.515    13.589   
   5900     1686.82     2.1071      1.48      1.0392      0.64      0.1071       0        42.53      128.17     -172.0    -157.797    13.746   
   6000     1715.13     2.0976      1.52      1.0817      0.69      0.0571       0        41.47      128.25     -172.0    -158.585    13.693   
   6100     1743.94     2.2539      1.64      1.0724      0.65      0.0842       0         42.0      128.86     -173.0    -159.607    13.465   
   6200     1772.26     2.2627      1.6       1.077       0.68      0.1031       0        42.41      128.47     -173.0    -159.418    13.493   
   6300     1800.41     2.1909      1.52      1.1091      0.67      0.0936       0        41.84      128.41     -173.0    -159.13     13.756   
   6400      1828.5     2.1354      1.44      1.044       0.61      0.0896       0         41.5      128.69     -172.0    -158.869    13.578   
   6500     1857.06     2.1354      1.52      1.1091      0.71      0.1143       0        41.84      128.78     -171.0    -156.965    13.595   
   6600     1885.27     2.1909      1.52      1.0392      0.64      0.0977       0        41.94      128.13     -172.0    -158.489    13.574   
   6700     1914.19     2.1817      1.48      1.0909      0.71      0.0861       0         43.3      127.89     -175.0    -160.954    13.818   
   6800     1942.55     2.2539      1.56      1.0954      0.7       0.0958       0        42.79      128.82     -173.0    -159.513    13.505   
   6900     1971.14     2.2978      1.6       1.1091      0.67      0.1238       0        42.28      128.01     -172.0    -158.503    13.66    
   7000     1999.57     2.1633      1.48      1.1045      0.66      0.0836       0        43.31      128.45     -173.0    -158.916    13.633   
   7100     2027.97     2.2978      1.68      1.1402      0.72      0.1068       0        42.04      129.08     -172.0    -158.937    13.54    
   7200     2056.15     2.3152      1.6       1.1045      0.7       0.0764       0        42.77      128.81     -171.0    -157.02     13.546   
   7300     2084.48     2.3065      1.64      1.0724      0.67      0.1004       0         42.1      127.92     -173.0    -159.881    13.614   
   7400      2113.1     2.3238      1.64      1.0954      0.64      0.0528       0        42.07      126.91     -172.0    -158.093    13.614   
   7500     2141.49     2.245       1.6       1.1091      0.65      0.1284       0        42.17      129.05     -173.0    -159.558    13.612   
   7600     2170.15     2.1166      1.52      1.044       0.63      0.073        0        42.17      128.35     -170.0    -156.807    13.583   
   7700      2198.9     2.2716      1.64      1.0724      0.65      0.0747       0         42.7      128.61     -174.0    -160.176    13.673   
   7800     2227.24     2.1909      1.6       1.1136      0.7       0.1093       0        41.99      128.36     -171.0    -157.459    13.605   
   7900     2255.76     2.2181      1.56      1.0149      0.65      0.0973       0        42.07      128.57     -173.0    -159.519    13.668   
   8000     2284.26     2.3833      1.76      1.1705      0.75      0.0711       0         42.7      128.39     -173.0    -159.753    13.515   
   8100     2313.05     2.1448      1.56      1.118       0.71      0.0698       0        41.99      128.1      -171.0    -157.96     13.511   
   8200     2341.78     2.3065      1.64      1.1225      0.7       0.0925       0        41.67      128.6      -174.0    -160.301    13.525   
   8300     2370.06     2.1166      1.52      1.0724      0.69      0.0865       0        41.71      128.1      -173.0    -158.932    13.587   
   8400      2398.6     2.2891      1.64      1.1402      0.7       0.0672       0        41.88      128.8      -172.0    -158.715    13.58    
   8500     2427.05     2.2627      1.6       1.1402      0.7       0.0702       0        42.37      128.06     -174.0    -159.973    13.619   
   8600     2455.82     2.2091      1.6       1.1402      0.72      0.1139       0        42.44      128.59     -173.0    -159.655    13.715   
   8700     2484.48     2.245       1.6       1.1446      0.69      0.0862       0        42.35      127.93     -173.0    -158.835    13.702   
   8800     2512.73     2.3065      1.64      1.1045      0.72      0.0633       0        42.68      128.39     -172.0    -157.889    13.63    
   8900     2541.04     2.3152      1.68      1.118       0.69      0.0579       0        42.17      127.9      -173.0    -159.597    13.739   
   9000     2569.45     2.4576      1.72      1.0954      0.7       0.0746       0        42.73      128.29     -173.0    -159.818    13.627   
   9100     2598.19     2.245       1.6       1.1045      0.68      0.1292       0        42.13      128.82     -174.0    -160.282    13.337   
   9200      2626.4     2.0494      1.48      1.0909      0.69      0.1079       0        42.65      128.66     -172.0    -157.999    13.624   
   9300     2654.65     2.2271      1.6        1.1        0.69      0.0884       0        41.84      128.13     -173.0    -159.324    13.695   
   9400      2682.8     2.2716      1.64      1.0863      0.66      0.0969       0        42.14      128.61     -171.0    -157.325    13.654   
   9500      2711.4     2.1448      1.48       1.1        0.65      0.0864       0        41.71      128.45     -172.0    -158.022    13.575   
   9600     2740.18     2.1541      1.6       1.0296      0.6       0.0994       0        41.72      127.66     -171.0    -157.649    13.636   
   9700     2768.47     2.1726      1.6       1.0149      0.65      0.0799       0        42.27      127.98     -172.0    -158.567    13.606   
   9800     2797.01     2.2627      1.6       1.0677      0.64      0.0803       0        41.93      127.93     -172.0    -158.77     13.697   
   9900     2825.11     2.0688      1.48      1.1662      0.74      0.1112       0        42.03      128.58     -173.0    -159.33     13.597   
  10000     2853.49     2.2804      1.6       1.1091      0.67      0.0814       0        42.65      128.51     -173.0    -159.56     13.703   
[ 0.68204574  0.03081751  0.67343968  0.68619246 -0.17629765  0.68726756
  0.66408472  0.68477609  0.67191339  0.67815738  0.66124636  0.68157929
  0.68009075  0.68075139  0.67578297  0.68124801  0.69548808  0.67952902
  0.68353982  1.94692197]
[0.50991201 1.56599901 0.52164902 0.51493746 0.40517601 0.55265537
 0.51267297 0.51035812 0.51439485 0.51999507 0.51031393 0.5105176
 0.51620754 0.51989968 0.52606951 0.53342827 0.52371292 0.51173362
 0.5272199  1.69826639]
[0.60610963 1.73609963 0.64455951 0.61467309 0.44631727 0.64275449
 0.62895828 0.62603402 0.62084408 0.63481682 0.63839031 0.64236665
 0.62554549 0.62481394 0.60442085 0.6381881  0.61720168 0.62903415
 0.63451351 1.35045987]
