Generating synthetic real valued data ... 
Generating synthetic  real valued data took:  0.5232980251312256
Evaluation for true params: 
 test_rsme | train_rsme | rel-te-err | rel-tr-err |  test_nll  |  train_nll |
    0.0          0.0          0.0          0.0         287.82       1131.0   
Factorizing with max_iteration = 1500  fixing covariance?:  True
Tensor dimensions:  [5, 5, 5]
Optimization metrics: 
Using Ada Grad
Mean update scheme:  S
Covariance update :  N
Using diagonal covariance?:  False
Random start? True
k1 samples =  64  k2 samples =  64
eta =  1.0  cov eta =  1.0  sigma eta =  1
iteration |   time   |test_rsme |rel-te-err|train_rsme|rel-tr-err|  d_mean  |   d_cov  | test_nll | train_nll |    VLB   |  E-term  |    KL     
    0         0.23    10599.6855   0.9973   10567.8592   0.9968     3.1623       0        287.82    1151.29    -1160.0   -1151.293    8.891    
    5         1.58    10503.5878   0.9882   10467.5638   0.9874     3.1623       0        287.82    1151.29    -1164.0   -1151.293    13.171   
    10        2.9     10311.1602   0.9699   10270.4154   0.9688     3.0571       0        287.82    1151.29    -1169.0   -1151.293    17.623   
    20        5.33    9565.3861    0.8991    9514.146    0.8972     2.7904       0        287.82    1151.29    -1176.0   -1151.293    24.802   
    50       12.53    4698.3477    0.4335   4619.5189    0.4312     1.808        0        287.82    1151.29    -1188.0   -1151.293    36.303   
   100       24.28     603.2797    0.0413    408.0661    0.0294     0.5407       0        265.33    1031.03    -1186.0   -1146.046    40.034   
   200       46.86     263.298     0.0185    187.2441    0.0138     0.4355       0        247.83    1007.18    -1190.0   -1149.407    40.11    
   300       69.64     303.7673    0.0195    197.4356    0.0146     0.2766       0        246.58    1032.47    -1185.0   -1144.514    40.175   
   400       92.33     274.4129    0.0181    177.3629    0.0138     0.2851       0        269.31     1044.3    -1186.0   -1146.009    40.307   
   500       115.21    296.6574    0.0232    230.6131    0.017      0.3194       0        231.6     1056.55    -1186.0   -1146.102    40.216   
   600       138.22    332.9683    0.0256    248.5009    0.0173     0.3155       0        262.79    1003.94    -1186.0   -1145.734    39.889   
   700       161.23    290.6467    0.0222    266.1476    0.021      0.2538       0        265.5     1012.32    -1186.0   -1145.703    40.235   
   800       183.81    275.4559    0.0221    218.5681    0.0167     0.3071       0        268.68    1028.83    -1188.0   -1147.531    40.502   
   900       206.34    278.7133     0.02     168.3995    0.0124     0.2145       0        254.19    1011.22    -1186.0   -1145.545    40.202   
   1000      229.12    283.7231    0.0203     186.43     0.0143     0.2463       0        256.54    1061.72    -1185.0   -1145.224    40.049   
   1100      251.78    323.6858    0.0227    217.806     0.0163     0.3096       0        258.64    1027.58    -1185.0   -1145.543    39.936   
   1200      274.38    288.8559    0.0207    199.0777    0.0141     0.2182       0        269.07    1013.15    -1186.0   -1146.504    39.901   
   1300      297.03    246.8929    0.0157    161.4365    0.0116     0.3678       0        264.5      991.44    -1188.0    -1148.19    39.862   
   1400      319.44    319.6944    0.0208    205.642     0.0155     0.2305       0        236.56    1073.02    -1185.0   -1145.064    39.664   
   1500      342.27    267.937     0.0195    216.6824    0.0172     0.2374       0        240.75    1058.45    -1186.0   -1146.152    39.735   
[8.80450194 8.17592705 8.26770296 8.83598372 7.51323199 8.79269817
 8.38429325 7.27848421 8.95091426 8.26082052 7.49478071 7.19024104
 7.4248116  8.987814   8.23952055 8.01412353 8.55478507 9.43784077
 7.89365857 6.76193963]
[9.62248729 8.88929665 6.15537432 9.10334468 8.78087907 8.9586512
 7.23000836 8.24450746 9.87943791 7.86994376 8.05476985 5.96526761
 8.29753241 9.46120709 8.47109312 8.5853216  9.03387316 6.80529332
 8.51286719 8.62879582]
[8.34505649 9.10423376 8.3355594  8.88718923 7.69132886 9.18697305
 7.5348086  8.31943467 7.83855544 8.32895397 8.12989015 9.05227562
 6.70045107 9.1985919  8.26857696 8.3246799  8.75283987 8.39807795
 9.57877718 7.5131195 ]
