Factorizing with max_iteration = 8000  fixing covariance?:  False
Tensor dimension: [2370, 8663, 4066]
Mean update: S
Cov update: N
Using diagonal covariance: True
k1 samples =  64  k2 samples =  128
eta =  1.0  cov eta =  1.0  sigma eta =  1
iteration |   time   |  test_err  |  test_mae  |  trainerr  |  trainmae |
    0         1.95       0.0      22.7188      0.0      22.8124  
    5       1893.61      0.0      22.5538      0.0      22.6443  
    10      3781.97      0.0      22.4781      0.0      22.5765  
    20      5678.06      0.0      22.3234      0.0      22.4229  
    50      7590.89      0.0      21.6741      0.0      21.7722  
   100      9540.99      0.0      20.7995      0.0      20.9021  
   200      11575.92     0.0      19.5434      0.0      19.6485  
   500      13961.22     0.0      16.4997      0.0      16.5805  
   1000     16665.99     0.0      13.0237      0.0      13.1306  
   1500     19334.8      0.0      10.5015      0.0      10.6085  
   2000     21982.58     0.0       8.4085      0.0       8.5409  
   2500     24594.22     0.0       7.116       0.0       7.2537  
   3000     27245.34     0.0       6.4634      0.0       6.6029  
   3500     29839.89     0.0       5.988       0.0       6.1499  
   4000     32412.81     0.0       5.616       0.0       5.7889  
   4500     35106.06     0.0       5.1844      0.0       5.3578  
   5000     37842.13     0.0       4.8443      0.0       5.0454  
   5500     40580.39     0.0       4.4944      0.0       4.7052  
   6000     43272.77     0.0       4.2502      0.0       4.4733  
   6500     45960.25     0.0       4.0345      0.0       4.2702  
   7000     48595.41     0.0       3.8354      0.0       4.0819  
   7500     51236.13     0.0       3.6254      0.0       3.8799  
   8000     53861.82     0.0       3.4654      0.0       3.7279  
