Factorizing with max_iteration = 120000  fixing covariance?:  False
Tensor dimension: [63728, 63715, 1847]
Mean update: S
Cov update: N
Using diagonal covariance: False
Factorization rank:  20
k1 samples =  64  k2 samples =  128
eta =  1.0  cov eta =  1.0  sigma eta =  1
iteration |   time   |  test_err  |  test_mae  |  trainerr  |  trainmae |
    0         2.77       0.0      23.2978      0.0       23.284  
    5       1060.35      0.0      23.3137      0.0       23.286  
    10      2119.99      0.0       23.285      0.0      23.2755  
    20       3221.6      0.0      23.2719      0.0      23.2655  
    50      4358.04      0.0      23.2637      0.0      23.2602  
   100      5564.32      0.0      23.2342      0.0      23.2301  
   200      6975.12      0.0        inf        0.0      23.0852  
   5000     28912.99     0.0       4.5606      0.0       4.4584  
  10000     51836.99     0.0        inf        0.0        inf    
  15000     75502.45     0.0       1.4815      0.0       1.4445  
  20000     97616.59     0.0       1.1229      0.0       1.0967  
  25000    118664.57     0.0       1.0181      0.0       0.9754  
  30000    140108.88     0.0        inf        0.0       0.8699  
  35000    161035.58     0.0        inf        0.0        inf    
  40000    180609.17     0.0       0.8945      0.0       0.8497  
  45000    200241.81     0.0       0.8855      0.0       0.8444  
  50000    220681.09     0.0       0.9034      0.0       0.8844  
  55000    240076.78     0.0       0.8865      0.0       0.8376  
  60000     258892.1     0.0        0.89       0.0       0.8461  
  65000     279650.0     0.0        inf        0.0        inf    
  70000     303047.0     0.0        inf        0.0       0.8479  
  75000     325548.3     0.0       0.8651      0.0       0.8245  
