Factorizing with max_iteration = 120000  fixing covariance?:  False
Tensor dimension: [63728, 63715, 1847]
Mean update: S
Cov update: N
Using diagonal covariance: False
Factorization rank:  20
k1 samples =  64  k2 samples =  128
eta =  1.0  cov eta =  1.0  sigma eta =  1
iteration |   time   |  test_err  |  test_mae  |  trainerr  |  trainmae |
    0         2.73       0.0      23.3881      0.0       23.415  
    5        896.99      0.0      23.3881      0.0      23.4026  
    10      1791.52      0.0      23.3889      0.0      23.3988  
    20      2706.09      0.0      23.3788      0.0        23.4   
    50      3668.19      0.0      23.3725      0.0      23.3869  
   100      4690.32      0.0      23.3601      0.0      23.3492  
   200      5869.36      0.0      23.2194      0.0      23.2134  
   5000     23063.71     0.0       4.6665      0.0       4.5808  
  10000     40988.49     0.0       3.1302      0.0       3.0952  
  15000     59699.91     0.0       1.5945      0.0       1.549   
  20000     77780.37     0.0       1.1841      0.0       1.1342  
  25000     95539.76     0.0       1.0081      0.0       0.9656  
  30000    113439.49     0.0       0.9039      0.0       0.8623  
  35000    131235.25     0.0       0.8914      0.0       0.8447  
  40000     148262.3     0.0       0.8737      0.0       0.8298  
  45000    165014.38     0.0       0.8666      0.0       0.8211  
  50000    182044.05     0.0       0.8672      0.0       0.8213  
  55000    198349.79     0.0       0.8769      0.0       0.8294  
  60000    214410.79     0.0       0.8697      0.0       0.8247  
  65000    231242.59     0.0       0.8732      0.0       0.8274  
  70000    250730.87     0.0       0.8685      0.0       0.8185  
  75000    269675.84     0.0       0.8649      0.0       0.8209  
  80000    288808.92     0.0       0.8866      0.0       0.8367  
  85000    307905.99     0.0       0.8958      0.0       0.8482  
  90000    325802.07     0.0       0.8943      0.0       0.8468  
  95000    343421.13     0.0       0.8833      0.0       0.8411  
