Generating synthetic real valued data ... 
Generating synthetic  real valued data took:  20.260470390319824
Evaluation for true params: 
 test_rsme | train_rsme | rel-te-err | rel-tr-err |  test_nll  |  train_nll |
    0.0          0.0          0.0          0.0       287494.79    1149836.49 
Using  0.05 of training data
Factorizing with max_iteration = 12000  fixing covariance?:  False
Tensor dimensions:  [50, 50, 50]
Optimization metrics: 
Using Ada Grad
Mean update scheme:  S
Covariance update :  N
Using diagonal covariance?:  False
Random start? True
k1 samples =  32  k2 samples =  128
eta =  1.0  cov eta =  1.0  sigma eta =  1
iteration |   time   |test_rsme |rel-te-err|train_rsme|rel-tr-err|   d_mean  |   d_cov  |avg_grad_m|avg_grad_c| test_nll | train_nll |    VLB   |  E-term  |    KL     |   dw   |
    0         2.67    9980.4386    0.9978   9977.7663    0.9978     3.1623     0.3508   92563.2982  44.3532   287823.14   57564.63   -57582.0  -57564.627   17.139     0.0177  
    5        142.95   9975.6153    0.9974   9972.9164    0.9974     3.1623     0.3657   604121.5378  322.4495  287823.14   57564.63   -57583.0  -57564.627   18.239     0.0002  
    10       288.58    9970.36     0.9968   9967.6157    0.9968     3.1623     0.371    1163206.1861  688.0372  287823.14   57564.63   -57584.0  -57564.627   19.306      0.0    
    20       450.73   9957.4125    0.9955    9954.657    0.9955     3.1623     0.3805   2528178.8037 1781.9279  287823.14   57564.63   -57586.0  -57564.627   21.095      0.0    
    50       681.09   9898.7703    0.9896   9896.1435    0.9896     3.1623     0.3855   8583824.2533 8840.3499  287823.14   57564.63   -57609.0  -57564.627   44.036      0.0    
   100       992.46   9725.2639    0.972    9722.7107    0.972      3.0676     0.0282   18916428.1124 39966.8225 287823.14   57564.63   -57619.0  -57564.627   53.987      0.0    
   200      1437.43   9025.5469    0.901    9023.2217    0.901      2.806      0.0178   46749330.5942 261160.4011 287823.14   57564.63   -57631.0  -57564.627   66.053      0.0    
   300      1857.47   7813.4767    0.7779   7811.4809    0.7779     2.5295     0.0088   75053704.0965 845146.1722 287823.14   57564.63   -57638.0  -57564.627   73.087      0.0    
   400      2274.32   6160.5521    0.6097   6158.9846    0.6097     2.2387     0.0042   91946066.0845 1905525.3762 287823.14   57564.63   -57642.0  -57564.627   77.619      0.0    
   500      2688.77   4299.6087    0.4197   4298.5547    0.4197     1.9008     0.0022   89027829.442 3389274.8383 287823.14   57564.63   -57645.0  -57564.627   80.717      0.0    
   600      3106.95   2612.4859    0.2459   2611.9225    0.2458     1.5049     0.0011   67798033.6331 5004905.1773 287823.14   57564.63   -57647.0  -57564.627   82.724      0.0    
   700      3520.52   1440.4501    0.1234   1440.0137    0.1234     1.0953      0.0     40896872.1073 6331923.2886 285778.48   57166.31   -57623.0  -57539.483   83.96       0.0    
   800      3934.38    817.854     0.0634    816.8485    0.0635     0.7563      0.0     20748545.7291 7156946.1593 277753.64   55461.57   -57499.0  -57414.569   84.687      0.0    
   900      4350.91    538.2263    0.0411    536.273     0.0411     0.5251      0.0     10183312.7164 7575784.4577 271079.79   54110.51   -57395.0  -57310.302   85.122      0.0    
   1000     4768.15    409.3084    0.0317    406.5953    0.0317     0.3786      0.0     5638632.6602 7767818.0406 265476.01   53271.28   -57337.0  -57251.891    85.4       0.0    
   1100     5182.35    340.1924    0.0268    337.0004    0.0266     0.2818      0.0     3623136.7285 7853368.3149 262115.66   52346.54   -57275.0  -57189.33    85.591      0.0    
   1200     5594.78    299.1982    0.0237    295.699     0.0236     0.217       0.0     2546188.493 7891786.2562 258998.17   51531.21   -57212.0  -57126.724   85.729      0.0    
   1300     6006.98    274.2713    0.0219    270.5416    0.0217      0.17       0.0     1858660.002 7910112.062 256350.03   51171.47   -57175.0  -57088.721   85.831      0.0    
   1400     6418.57    259.1772    0.0207    255.2733    0.0206     0.1342      0.0     1380028.6227 7919052.7904  254400.0   50806.85   -57173.0  -57086.977   85.909      0.0    
   1500     6832.78    250.1663     0.02     246.103     0.0198     0.1062      0.0     1029514.4336 7924203.5031 252558.54   50628.58   -57126.0  -57039.539   85.969      0.0    
   1600     7246.34    244.7941    0.0196    240.5898    0.0194     0.0854      0.0     778761.9888 7927301.9081 252595.13   50433.16   -57125.0  -57039.191   86.015      0.0    
   1700      7660.8    241.616     0.0194    237.2867    0.0192     0.0686      0.0     591159.3896 7929046.4957 251438.52   50366.7    -57133.0  -57047.336   86.052      0.0    
   1800     8077.77    239.7342    0.0192    235.3079    0.019      0.0545      0.0     450669.2449 7930462.2965 251421.07   50460.83   -57121.0  -57034.954   86.081      0.0    
   1900     8491.05    238.6285    0.0191    234.1097    0.0189     0.0437      0.0     344107.2663 7931433.4927 251265.68   50354.66   -57112.0  -57025.922   86.104      0.0    
   2000     8907.41    237.9615    0.0191    233.3736    0.0189     0.0353      0.0     275729.7294 7931970.2815 250772.03   50185.76   -57128.0  -57041.85    86.121      0.0    
   2100     9322.18    237.5582    0.0191    232.9144    0.0188     0.0287      0.0     219963.2883 7932613.8194  251209.7   50302.17   -57109.0  -57022.546   86.135      0.0    
   2200     9736.71    237.3187    0.019     232.6275    0.0188     0.0232      0.0     174867.7628 7933020.5138 251266.12   49828.77   -57116.0  -57029.395   86.145      0.0    
   2300     10151.2    237.1776    0.019     232.4491    0.0188     0.0188      0.0     138603.1992 7933280.4035  251268.3   50124.31   -57131.0  -57045.058   86.154      0.0    
   2400     10565.55   237.0966    0.019     232.3322    0.0188     0.0151      0.0     116491.3238 7933266.7718  251540.7   50262.56   -57097.0  -57010.504   86.16       0.0    
   2500     10982.03   237.0456    0.019     232.2551    0.0188     0.0123      0.0     98971.868  7933611.1613 251201.95   50149.3    -57093.0  -57007.241   86.165      0.0    
   2600     11401.6    237.0129    0.019     232.2031    0.0188     0.0099      0.0     83929.0655 7933662.4811 251209.44   50236.02   -57090.0  -57003.967   86.169      0.0    
   2700     11818.81   236.9941    0.019     232.1661    0.0188     0.0077      0.0     75292.2728 7933870.3106 251022.46   50259.1    -57101.0  -57015.043   86.172      0.0    
   2800     12235.94   236.9785    0.019     232.1391    0.0188     0.0073      0.0     67844.2009 7933844.4996  251152.3   50182.61   -57116.0  -57029.43    86.175      0.0    
   2900     12650.97   236.9696    0.019     232.1181    0.0188     0.005       0.0     63321.549  7933815.6141 251474.37   50388.23   -57099.0  -57013.01    86.177      0.0    
   3000     13065.86   236.9662    0.019     232.1011    0.0188     0.0044      0.0     59033.1035 7933871.4706 251150.55   50435.7    -57125.0  -57038.67    86.179      0.0    
   3100     13477.63   236.9603    0.019     232.0865    0.0188     0.0033      0.0     57840.3316 7933817.5477 251601.99   50245.79   -57106.0  -57019.651   86.18       0.0    
   3200     13893.85   236.9594    0.019     232.0732    0.0188     0.0033      0.0     56847.6249 7933707.6872 251550.73   50366.31   -57111.0  -57024.907   86.181      0.0    
   3300     14311.23   236.9537    0.019     232.0612    0.0188     0.0018      0.0     53821.9165 7933932.8264 251755.84   50245.66   -57089.0  -57002.902   86.182      0.0    
   3400     14727.23   236.9474    0.019     232.0498    0.0188     0.002       0.0     53378.0521 7933885.6257 251530.06   50393.85   -57075.0  -56988.832   86.182      0.0    
   3500     15142.47   236.9383    0.019     232.0388    0.0188     0.0018      0.0     53555.3121 7934049.45 251823.68   50279.2    -57143.0  -57056.681   86.183      0.0    
   3600     15556.04   236.9385    0.019     232.0279    0.0188     0.0017      0.0     53190.4457 7933878.395 251798.45   50315.09   -57114.0  -57027.602   86.183      0.0    
   3700     15970.62   236.9324    0.019     232.0174    0.0188     0.0018      0.0     53292.0417 7934011.4581 250991.36   50236.36   -57113.0  -57027.154   86.183      0.0    
   3800     16385.14   236.9286    0.019     232.0068    0.0188     0.0017      0.0     53974.1615 7933907.5451 250833.08   50212.79   -57116.0  -57029.507   86.184      0.0    
   3900     16800.69   236.927     0.019     231.9965    0.0188     0.0016      0.0     51239.0923 7933804.7222  251054.4   50258.34   -57105.0  -57019.181   86.184      0.0    
   4000     17216.84   236.9209    0.019     231.9863    0.0188     0.0017      0.0     52534.0818 7934063.5438 251499.85   50584.21   -57137.0  -57050.369   86.184      0.0    
   4100     17633.13   236.9208    0.019     231.976     0.0188     0.0019      0.0     51553.3023 7934022.8048 251336.25   50253.56   -57116.0  -57029.501   86.183      0.0    
   4200     18048.16   236.9171    0.019     231.9657    0.0188     0.0023      0.0     51604.2181 7933987.8364 251677.46   50294.37   -57107.0  -57021.086   86.183      0.0    
   4300     18464.86   236.9179    0.019     231.9554    0.0188     0.0018      0.0     51516.9194 7934059.2958 251352.81   50006.82   -57090.0  -57003.569   86.184      0.0    
   4400     18878.65   236.9239    0.019     231.9451    0.0188     0.0016      0.0     52245.6401 7934173.737 251254.67   50199.07   -57127.0  -57040.661   86.184      0.0    
   4500     19294.98   236.9178    0.019     231.9348    0.0188     0.0015      0.0     51205.8845 7933994.2411 251570.82   50442.29   -57126.0  -57039.991   86.184      0.0    
   4600     19710.01   236.9143    0.019     231.9246    0.0188     0.0022      0.0     51766.7314 7934058.0879 251323.57   50159.36   -57098.0  -57011.515   86.184      0.0    
   4700     20126.61   236.9081    0.019     231.9143    0.0188     0.0018      0.0     51916.8237 7934058.4212 250894.53   50336.8    -57110.0  -57023.565   86.184      0.0    
   4800     20544.31   236.9002    0.019     231.9041    0.0188     0.0018      0.0     51795.6288 7934056.3342 251250.15   50114.49   -57123.0  -57037.184   86.184      0.0    
   4900     20960.32   236.9025    0.019     231.8939    0.0188     0.0018      0.0     52815.2628 7933940.2432 251751.36   50160.53   -57118.0  -57032.038   86.185      0.0    
   5000     21373.73   236.8982    0.019     231.8836    0.0188     0.0019      0.0     51743.1593 7934107.7836 251370.95   50242.57   -57107.0  -57021.176   86.185      0.0    
   5100     21789.64   236.8996    0.019     231.8732    0.0188     0.0015      0.0     51295.7523 7933966.9102 251218.23   50087.25   -57123.0  -57036.499   86.185      0.0    
   5200     22201.86   236.8922    0.019     231.8629    0.0188     0.0016      0.0     50964.9473 7933940.3169 251059.12   50217.6    -57112.0  -57025.424   86.184      0.0    
   5300     22617.65   236.8845    0.019     231.8527    0.0188     0.0016      0.0     51318.2647 7934190.722 250934.94   50053.63   -57115.0  -57028.594   86.185      0.0    
   5400     23033.49   236.877     0.019     231.8424    0.0188     0.002       0.0     52554.7971 7933886.1669 250884.92   50226.05   -57110.0  -57023.719   86.185      0.0    
   5500     23447.89   236.8744    0.019     231.832     0.0188     0.0017      0.0     51537.7408 7934031.4486 251058.64   50265.42   -57114.0   -57028.2    86.185      0.0    
   5600     23863.85   236.8675    0.019     231.8217    0.0188     0.0017      0.0     52107.8956 7933969.7073 251515.75   50146.87   -57113.0  -57026.637   86.185      0.0    
   5700     24279.49   236.8536    0.019     231.8113    0.0188     0.0022      0.0     52445.0308 7933914.9373 251432.21   50245.48   -57113.0  -57026.65    86.185      0.0    
   5800     24691.84   236.8603    0.019     231.801     0.0188     0.0018      0.0     52145.2635 7934048.751  251496.2   50307.0    -57112.0  -57026.158   86.184      0.0    
   5900     25108.17   236.8521    0.019     231.7906    0.0188     0.0015      0.0     52040.8725 7933939.1257 251400.75   50268.92   -57115.0  -57029.084   86.185      0.0    
   6000     25522.88   236.8589    0.019     231.7803    0.0188     0.0017      0.0     52153.3197 7933985.696  251539.4   50144.02   -57108.0  -57021.452   86.184      0.0    
   6100     25937.66   236.8536    0.019      231.77     0.0188     0.0016      0.0     52045.6959 7933982.3049 251512.31   50144.9    -57092.0  -57006.233   86.184      0.0    
   6200     26354.55   236.8451    0.019     231.7596    0.0188     0.0016      0.0     52684.4128 7933996.7068 250978.03   50223.73   -57098.0  -57012.196   86.184      0.0    
   6300     26768.16   236.8408    0.019     231.7492    0.0188     0.0017      0.0     51767.6245 7933949.489 251245.52   50331.76   -57112.0  -57025.386   86.185      0.0    
   6400     27181.94   236.8403    0.019     231.7389    0.0188     0.0017      0.0     51021.8786 7934173.4954 251241.59   50315.54   -57118.0  -57032.272   86.185      0.0    
   6500     27593.5    236.8389    0.019     231.7286    0.0188     0.0017      0.0     52406.885  7933953.7442 251376.22   50149.44   -57126.0  -57039.949   86.185      0.0    
   6600     28007.8    236.8315    0.019     231.7182    0.0188     0.0023      0.0      52899.78  7933871.9712 251061.42   50289.0    -57095.0  -57008.597   86.185      0.0    
   6700     28422.45   236.8189    0.019     231.7078    0.0188     0.002       0.0     52771.5752 7933939.67 251518.63   50296.3    -57112.0  -57026.084   86.185      0.0    
   6800     28839.36   236.8236    0.019     231.6974    0.0188     0.0016      0.0     52087.9906 7934040.4784 250956.03   50182.07   -57112.0  -57025.995   86.184      0.0    
   6900     29253.13   236.8235    0.019     231.6871    0.0188     0.0016      0.0     52208.2862 7934111.7279 251432.34   50262.57   -57121.0  -57034.506   86.184      0.0    
   7000     29668.99   236.8179    0.019     231.6766    0.0188     0.0017      0.0     51742.0101 7934161.4137 251632.29   50383.4    -57121.0  -57034.388   86.185      0.0    
   7100     30087.08    236.82     0.019     231.6662    0.0188     0.0015      0.0     52343.7584 7934132.2716 250877.24   50369.21   -57116.0  -57029.822   86.185      0.0    
   7200     30501.07   236.8051    0.019     231.6558    0.0188     0.0018      0.0     52832.6065 7934254.2304 251264.69   50322.13   -57114.0  -57027.429   86.185      0.0    
   7300     30916.25   236.805     0.019     231.6454    0.0188     0.0018      0.0     52146.5387 7933982.2525 251697.61   50153.06   -57099.0  -57012.996   86.184      0.0    
   7400     31331.8    236.7994    0.019     231.635     0.0188     0.0017      0.0     52011.2915 7934171.4618 251544.42   50153.39   -57116.0  -57030.126   86.185      0.0    
   7500     31746.73   236.7947    0.019     231.6246    0.0188     0.002       0.0     52934.3331 7934074.3571 251090.38   50233.16   -57108.0  -57021.561   86.185      0.0    
   7600     32161.03   236.7907    0.019     231.6141    0.0188     0.0017      0.0      51266.41  7934095.9727 251342.86   50074.0    -57126.0  -57039.929   86.185      0.0    
   7700     32578.69   236.7872    0.019     231.6035    0.0188     0.0017      0.0     51655.9256 7934066.5947 251127.13   50272.15   -57089.0  -57002.953   86.185      0.0    
   7800     32995.39   236.7822    0.019     231.5931    0.0188     0.002       0.0     52169.9927 7934182.7898  251523.5   50117.21   -57113.0  -57026.663   86.185      0.0    
   7900     33408.89   236.775     0.019     231.5825    0.0188     0.0016      0.0     51776.291  7933946.5071 250967.67   50464.74   -57080.0  -56993.456   86.184      0.0    
   8000     33822.23   236.7724    0.019     231.5721    0.0188     0.002       0.0     53204.406  7933959.1461 251429.79   50287.33   -57083.0  -56997.302   86.184      0.0    
   8100     34235.39   236.7685    0.019     231.5616    0.0188     0.0016      0.0     51410.5369 7934079.366 251114.36   50032.58   -57111.0  -57024.374   86.185      0.0    
   8200     34649.76   236.7587    0.019     231.5511    0.0188     0.0017      0.0     52847.2663 7933772.8549 251501.79   50304.03   -57080.0  -56993.715   86.185      0.0    
   8300     35063.97   236.7566    0.019     231.5406    0.0188     0.0017      0.0     52610.5798 7933970.6204 251007.44   50079.93   -57125.0  -57038.555   86.184      0.0    
   8400     35477.85   236.7543    0.019     231.5301    0.0188     0.0018      0.0     52070.6198 7933896.4624  251148.3   50279.55   -57130.0  -57044.182   86.184      0.0    
   8500     35890.46   236.753     0.019     231.5195    0.0188     0.0015      0.0     52063.6761 7933934.6319 251235.42   50407.71   -57108.0  -57021.318   86.185      0.0    
   8600     36307.69   236.7572    0.019     231.5089    0.0188     0.0017      0.0     52851.7171 7934118.0735  251736.4   50265.08   -57120.0  -57034.248   86.185      0.0    
   8700     36724.46   236.7499    0.019     231.4984    0.0188     0.0017      0.0     51889.5998 7934060.3432 251066.69   50020.96   -57107.0  -57020.833   86.186      0.0    
   8800     37142.84   236.7558    0.019     231.4879    0.0188     0.0017      0.0     53446.076  7933972.9191 251696.88   50289.07   -57123.0  -57037.032   86.185      0.0    
   8900     37555.82   236.7405    0.019     231.4772    0.0188     0.0017      0.0     53087.1447 7933989.9651  251456.2   50399.75   -57117.0  -57030.635   86.185      0.0    
   9000     37969.78   236.7395    0.019     231.4666    0.0188     0.0016      0.0     53020.3529 7933948.2804 251572.65   49966.5    -57109.0  -57023.297   86.185      0.0    
   9100     38384.95   236.7294    0.019     231.4561    0.0188     0.0022      0.0     52956.208  7933921.8115 251205.45   50210.24   -57093.0  -57006.722   86.185      0.0    
   9200     38799.36   236.7279    0.019     231.4455    0.0188     0.0016      0.0     51551.9652 7934056.1866  251326.0   50089.33   -57119.0  -57032.621   86.186      0.0    
   9300     39215.77   236.7314    0.019     231.4348    0.0188     0.0016      0.0     52953.8332 7933933.8012 251046.92   50090.96   -57108.0  -57021.532   86.186      0.0    
   9400     39626.42   236.7251    0.019     231.4243    0.0187     0.0019      0.0      52685.93  7934108.5859 251231.66   50521.71   -57105.0  -57018.936   86.185      0.0    
   9500     40040.53   236.7147    0.019     231.4136    0.0187     0.002       0.0     52424.1511 7933939.873 251133.66   50131.23   -57105.0  -57019.126   86.186      0.0    
   9600     40456.62   236.7095    0.019     231.4029    0.0187     0.0019      0.0     53992.2106 7934045.6743 251818.68   50053.03   -57105.0  -57019.103   86.185      0.0    
   9700     40872.26   236.7023    0.019     231.3922    0.0187     0.0018      0.0     51519.9284 7934082.7025 251256.97   50417.64   -57101.0  -57014.361   86.185      0.0    
   9800     41287.44   236.6979    0.019     231.3815    0.0187     0.0017      0.0     52474.5258 7934101.6766 250713.76   50176.85   -57095.0  -57008.929   86.185      0.0    
   9900     41703.03   236.7006    0.019     231.3707    0.0187     0.0019      0.0     53367.8942 7934028.623 251152.49   50339.21   -57090.0  -57004.234   86.185      0.0    
  10000     42119.15   236.7003    0.019     231.3601    0.0187     0.0017      0.0     52969.5644 7933943.2428  251259.2   50193.25   -57103.0  -57016.575   86.185      0.0    
  10100     42536.66   236.6971    0.019     231.3494    0.0187     0.0016      0.0     51372.6158 7934075.5327 251400.05   50305.0    -57114.0  -57027.98    86.185      0.0    
  10200     42951.26   236.6951    0.019     231.3387    0.0187     0.0017      0.0     53151.4606 7934010.6898 251333.54   50316.73   -57111.0  -57024.47    86.185      0.0    
  10300     43365.58   236.6876    0.019     231.3279    0.0187     0.0019      0.0     52865.9421 7934013.0535  251538.9   50136.84   -57099.0  -57013.284   86.186      0.0    
  10400     43781.84   236.6793    0.019     231.3171    0.0187     0.0016      0.0     52497.3412 7933939.1985 251471.59   50305.67   -57102.0  -57015.854   86.186      0.0    
  10500     44195.68   236.6739    0.019     231.3063    0.0187     0.0018      0.0     52085.6646 7934150.5288 251382.18   50239.72   -57110.0  -57024.209   86.186      0.0    
  10600     44612.09   236.666     0.019     231.2955    0.0187     0.0017      0.0     52766.6263 7933958.6391 251638.05   50227.48   -57104.0  -57017.513   86.185      0.0    
  10700     45029.53   236.6548    0.019     231.2848    0.0187     0.0019      0.0     53776.8067 7934105.5626 251272.79   50261.53   -57118.0  -57031.578   86.186      0.0    
  10800     45444.98    236.66     0.019     231.2739    0.0187     0.0018      0.0     53460.1532 7933897.9499 251238.12   50183.25   -57103.0  -57017.006   86.186      0.0    
  10900     45861.29   236.6537    0.019     231.263     0.0187     0.0016      0.0     52772.0631 7934093.7812 250855.38   50146.58   -57132.0  -57045.711   86.186      0.0    
  11000     46277.49    236.65     0.019     231.2522    0.0187     0.0018      0.0     53694.8429 7934108.5596  251104.3   50394.69   -57074.0  -56987.872   86.185      0.0    
  11100     46693.79   236.6467    0.019     231.2414    0.0187     0.0019      0.0      53127.05  7933864.4288 251176.46   50227.23   -57118.0  -57031.56    86.185      0.0    
  11200     47110.98    236.65     0.019     231.2305    0.0187     0.0016      0.0     52851.0825 7934065.8947 251181.38   50243.3    -57123.0  -57036.88    86.185      0.0    
  11300     47524.23   236.6452    0.019     231.2197    0.0187     0.0016      0.0     51822.4198 7933995.8041 251634.81   50381.06   -57116.0  -57029.831   86.185      0.0    
  11400     47938.9    236.6405    0.019     231.2088    0.0187     0.0017      0.0     53652.7445 7934056.777 251511.21   50183.31   -57111.0  -57024.445   86.185      0.0    
  11500     48354.81   236.6352    0.019     231.1978    0.0187     0.0018      0.0     51884.3277 7933906.1496 251126.89   50048.59   -57113.0  -57027.059   86.185      0.0    
  11600     48771.36   236.6297    0.019     231.1868    0.0187     0.002       0.0     53671.6197 7934124.7248 251405.03   50372.28   -57116.0  -57030.086   86.185      0.0    
  11700     49188.68   236.6321    0.019     231.1759    0.0187     0.0016      0.0     52029.7795 7933958.3877 251155.18   50379.72   -57106.0  -57020.163   86.185      0.0    
  11800     49604.11   236.6264    0.019     231.165     0.0187     0.0019      0.0     52982.4443 7934118.794 251431.25   50046.16   -57122.0  -57035.452   86.185      0.0    
  11900     50015.42   236.6225    0.019     231.1539    0.0187     0.0018      0.0     53187.0204 7934101.1886 250922.03   50185.52   -57107.0  -57020.756   86.184      0.0    
  12000     50429.26   236.6122    0.019     231.143     0.0187     0.0019      0.0     53489.1752 7934090.7736 250887.76   50316.72   -57103.0  -57017.016   86.185      0.0    
[7.34230758 7.67174944 8.17292166 8.42413775 7.71534327 8.04649653
 7.81246808 8.72124637 7.97823053 7.6540743  7.5752129  8.21173661
 8.25246706 7.80866496 8.04294449 8.06786118 8.27612581 8.26315077
 7.71442566 7.96939469]
[7.75913586 8.11817909 8.14343512 7.58698396 8.21458489 7.68746562
 7.60616139 7.92860092 7.8940479  8.22275463 7.93737481 8.34275919
 7.4561809  7.78506805 7.46483835 8.61878328 7.85808855 8.00506871
 8.48773779 7.4517582 ]
[6.89976676 7.53168675 7.15339043 7.34070077 7.39968361 6.6926739
 6.89123957 6.9814847  7.52862918 7.01426246 7.62584525 7.16569764
 6.34238351 6.82481508 6.96963412 7.78218319 7.36278403 7.38914059
 7.0787103  7.08586178]
