Generating synthetic real valued data ... 
Generating synthetic  real valued data took:  20.88519835472107
Evaluation for true params: 
 test_rsme | train_rsme | rel-te-err | rel-tr-err |  test_nll  |  train_nll |
    0.0          0.0          0.0          0.0       287494.79    1149836.49 
Using  0.05 of training data
Factorizing with max_iteration = 12000  fixing covariance?:  False
Tensor dimensions:  [50, 50, 50]
Optimization metrics: 
Using Ada Grad
Mean update scheme:  S
Covariance update :  N
Using diagonal covariance?:  False
Random start? True
k1 samples =  32  k2 samples =  128
eta =  1.0  cov eta =  1.0  sigma eta =  1
iteration |   time   |test_rsme |rel-te-err|train_rsme|rel-tr-err|   d_mean  |   d_cov  |avg_grad_m|avg_grad_c| test_nll | train_nll |    VLB   |  E-term  |    KL     
    0         2.73    9980.4386    0.9978   9977.7663    0.9978     3.1623     0.3518   92754.503   44.5341   287823.14   57564.63   -57582.0  -57564.627   17.139   
    5        135.27   9975.6153    0.9974   9972.9164    0.9974     3.1623     0.3662   604597.3437  322.7772  287823.14   57564.63   -57583.0  -57564.627   18.239   
    10       271.8     9970.36     0.9968   9967.6157    0.9968     3.1623     0.3705   1163335.6126  688.0876  287823.14   57564.63   -57584.0  -57564.627   19.306   
    20       426.86   9957.4125    0.9955    9954.657    0.9955     3.1623     0.3801   2528217.5112 1781.9797  287823.14   57564.63   -57586.0  -57564.627   21.095   
    50       648.58   9898.7706    0.9896   9896.1438    0.9896     3.1623     0.3856   8584007.1275 8840.6019  287823.14   57564.63   -57609.0  -57564.627   44.082   
   100       945.89   9725.2665    0.972    9722.7129    0.972      3.0672     0.0269   18915443.4879 39961.7732 287823.14   57564.63   -57619.0  -57564.627   53.977   
   200      1365.64   9025.5507    0.901    9023.2238    0.901      2.8058     0.0182   46748693.934 261149.4923 287823.14   57564.63   -57631.0  -57564.627   66.068   
   300      1769.91   7813.4713    0.7779   7811.4729    0.7779     2.5299     0.0086   75054284.7212 845147.5161 287823.14   57564.63   -57638.0  -57564.627   73.087   
   400      2171.96   6160.5334    0.6097   6158.9631    0.6097     2.2386     0.0043   91947104.5815 1905491.9228 287823.14   57564.63   -57642.0  -57564.627   77.613   
   500      2568.15   4299.5702    0.4197   4298.5124    0.4196     1.9007     0.0023   89030230.3495 3389213.7576 287823.14   57564.63   -57645.0  -57564.627   80.715   
   600      2963.62   2612.4016    0.2458   2611.8344    0.2458     1.505      0.0012   67801492.0326 5004995.9767 287823.14   57564.63   -57647.0  -57564.627   82.724   
   700       3361.0   1440.3544    0.1234   1439.9148    0.1234     1.095       0.0     40896191.9308 6332121.6491 286002.03   57189.77   -57623.0  -57539.325   83.961   
   800      3759.94    817.7325    0.0634    816.7237    0.0635     0.7568      0.0     20746499.2362 7157087.5685 278807.23   55773.55   -57499.0  -57414.67    84.687   
   900      4155.77    538.1858    0.0411    536.2276    0.0411     0.5252      0.0     10181754.3158 7576059.9726 273167.42   54480.58   -57373.0  -57287.771   85.122   
   1000     4551.62    409.2693    0.0317    406.5385    0.0317     0.3777      0.0     5640734.2903 7767947.9844  268598.1   53825.06   -57322.0  -57236.925    85.4    
   1100     4948.06    340.164     0.0267    336.9516    0.0266     0.2823      0.0     3623592.7603 7853340.6543 265284.41   53101.02   -57284.0  -57198.828   85.591   
   1200     5348.36    299.1798    0.0237    295.6715    0.0236     0.2169      0.0     2546203.4217 7891768.8857 262080.51   52550.06   -57231.0  -57145.407   85.728   
   1300     5745.89    274.2466    0.0219    270.511     0.0217     0.1699      0.0     1860338.8811 7910012.632 259955.47   52073.9    -57194.0  -57108.645   85.831   
   1400     6144.02    259.1794    0.0207    255.2609    0.0206     0.1339      0.0     1380336.3787 7919353.0443 258475.14   51861.83   -57132.0  -57046.458   85.91    
   1500     6541.18    250.1652     0.02     246.083     0.0198     0.1065      0.0     1031399.1717 7924313.8929 257657.26   51722.49   -57133.0  -57046.803   85.97    
   1600     6938.04    244.8067    0.0196    240.589     0.0194     0.0853      0.0     773875.2538 7927483.0036 256683.87   51322.49   -57115.0  -57029.342   86.016   
   1700     7337.29    241.6267    0.0194    237.2922    0.0192     0.0684      0.0     588319.4666 7929391.673 256332.48   51421.93   -57102.0  -57016.362   86.053   
   1800     7733.07    239.7479    0.0192    235.3108    0.019      0.054       0.0     451924.0121 7930626.306 255939.15   51377.27   -57109.0  -57022.549   86.081   
   1900     8131.39    238.6282    0.0191    234.1081    0.0189     0.044       0.0     352283.2294 7931524.3107 255832.76   51074.8    -57116.0  -57029.512   86.104   
   2000     8528.84    237.966     0.0191    233.3727    0.0189     0.0349      0.0     273787.0417 7932320.1167 255964.59   51154.28   -57096.0  -57009.567   86.121   
   2100      8924.5    237.575     0.0191    232.9186    0.0188     0.0287      0.0     216789.0933 7932716.4415 255899.46   51242.36   -57117.0  -57030.686   86.134   
   2200     9320.55    237.3285    0.019     232.6318    0.0188     0.0233      0.0     174692.4207 7932975.6506 256036.66   51204.67   -57105.0  -57018.414   86.145   
   2300     9718.81    237.1916    0.019     232.452     0.0188     0.0187      0.0     138144.1427 7933123.2222  256179.9   51346.54   -57124.0  -57037.739   86.154   
   2400     10115.65   237.0999    0.019     232.3352    0.0188     0.015       0.0     116529.2657 7933599.7288 255783.48   50991.33   -57088.0  -57001.629   86.16    
   2500     10509.26   237.0454    0.019     232.2576    0.0188     0.0127      0.0     98038.7848 7933441.3782 255928.46   51263.18   -57100.0  -57014.053   86.165   
   2600     10904.79   237.0131    0.019     232.2056    0.0188     0.0097      0.0     83406.4387 7933931.0237 255902.46   51277.43   -57126.0  -57040.202   86.169   
   2700     11296.77   236.9977    0.019     232.1678    0.0188     0.0077      0.0     75099.1819 7933883.9117  256532.6   50961.53   -57118.0  -57032.093   86.172   
   2800     11687.29   236.9918    0.019      232.14     0.0188     0.0063      0.0     70043.941  7933818.9366 255972.07   51210.44   -57108.0  -57021.719   86.175   
   2900     12080.1    236.9795    0.019     232.1185    0.0188     0.0056      0.0     65301.2008 7934062.8759 255853.71   51140.5    -57113.0  -57027.145   86.177   
   3000     12477.15   236.9741    0.019     232.1011    0.0188     0.004       0.0     61169.2358 7934092.8829 255889.47   51108.61   -57096.0  -57010.318   86.179   
   3100     12872.79   236.975     0.019     232.0861    0.0188     0.0043      0.0     58270.0853 7933879.8663 256135.01   50977.76   -57110.0  -57023.472   86.179   
   3200     13265.67   236.9641    0.019     232.0731    0.0188     0.0027      0.0     56971.9793 7934097.1428 255838.76   51206.71   -57109.0  -57022.944   86.181   
   3300     13659.19   236.9601    0.019     232.0611    0.0188     0.0026      0.0     54404.548  7934047.9561 255418.47   51197.39   -57101.0  -57014.372   86.182   
   3400     14054.86   236.9544    0.019     232.0497    0.0188     0.0018      0.0     53032.8524 7934082.8185 256287.21   51349.1    -57103.0  -57016.66    86.183   
   3500     14448.67   236.9509    0.019     232.0385    0.0188     0.002       0.0     53163.4411 7934158.9122 256351.17   51170.05   -57115.0  -57028.653   86.183   
   3600     14842.63   236.945     0.019     232.0277    0.0188     0.0017      0.0     53498.5967 7934037.7072 256071.29   51107.23   -57094.0  -57007.42    86.184   
   3700     15240.01   236.9449    0.019     232.0172    0.0188     0.002       0.0     52456.9337 7934232.1047 255887.56   51247.61   -57118.0  -57032.051   86.184   
   3800     15636.24   236.9393    0.019     232.0066    0.0188     0.0018      0.0     52752.6404 7934115.8257  255737.0   51203.12   -57119.0  -57032.371   86.184   
   3900     16028.52   236.931     0.019     231.9963    0.0188     0.0019      0.0     51272.6152 7934165.7424 256347.37   51327.17   -57103.0  -57016.518   86.185   
   4000     16422.62   236.9255    0.019     231.9861    0.0188     0.0016      0.0     51575.4562 7934241.4266 256703.28   51126.05   -57119.0  -57032.556   86.185   
   4100     16817.37   236.9229    0.019     231.9758    0.0188     0.0017      0.0     50516.5797 7934060.27 256274.11   51229.81   -57125.0  -57038.405   86.185   
   4200     17208.77   236.9206    0.019     231.9654    0.0188     0.0018      0.0     51465.7302 7934297.9231 256065.53   51163.75   -57113.0  -57026.585   86.185   
   4300     17600.13   236.9095    0.019     231.9553    0.0188     0.0018      0.0     53160.4748 7934130.7029 255683.28   51152.44   -57095.0  -57008.443   86.185   
   4400     17994.11   236.9088    0.019     231.945     0.0188     0.0017      0.0     50422.9691 7934266.3315 255699.16   51163.94   -57109.0  -57022.779   86.185   
   4500     18384.85   236.9065    0.019     231.9347    0.0188     0.0015      0.0     50873.4302 7934196.049 255582.65   51139.77   -57098.0  -57012.272   86.185   
   4600     18779.74   236.9034    0.019     231.9245    0.0188     0.0018      0.0     52073.9799 7934179.7487 256290.05   51299.71   -57119.0  -57032.788   86.185   
   4700     19172.25   236.8994    0.019     231.9141    0.0188     0.0016      0.0     52138.6239 7934382.834 256094.72   51202.22   -57137.0  -57050.317   86.185   
   4800     19564.15   236.893     0.019     231.9038    0.0188     0.0018      0.0     51539.0492 7934196.58 256627.22   51136.54   -57119.0  -57032.378   86.185   
   4900     19955.98   236.8878    0.019     231.8936    0.0188     0.0016      0.0     50500.8344 7934136.6926 256341.24   51166.36   -57116.0  -57030.03    86.185   
   5000     20348.76   236.8789    0.019     231.8833    0.0188     0.0017      0.0     51856.0959 7934066.2292 256078.98   51249.38   -57123.0  -57036.336   86.186   
   5100     20742.21   236.8759    0.019     231.873     0.0188     0.0018      0.0     52482.7595 7934190.9155 256232.36   51462.9    -57119.0  -57033.206   86.185   
   5200     21134.17   236.8799    0.019     231.8627    0.0188     0.0017      0.0     51321.0693 7934131.8879 255996.48   51025.07   -57108.0  -57021.973   86.185   
   5300     21523.02   236.8734    0.019     231.8524    0.0188     0.0015      0.0     51440.1616 7934251.7437 256082.21   51336.22   -57118.0  -57032.016   86.185   
   5400     21915.3    236.8625    0.019     231.842     0.0188     0.0018      0.0     52215.2655 7934097.7579  255784.9   51338.69   -57122.0  -57036.203   86.185   
   5500     22308.79   236.8668    0.019     231.8317    0.0188     0.0017      0.0     52741.6357 7934189.773 256600.95   51256.28   -57113.0  -57026.387   86.185   
   5600     22701.79   236.8695    0.019     231.8214    0.0188     0.0016      0.0     51528.0752 7934233.2676 255681.86   51128.48   -57110.0  -57023.734   86.185   
   5700     23090.13   236.8605    0.019     231.8111    0.0188     0.0016      0.0     51614.8352 7934172.2968 256052.55   51046.82   -57107.0  -57021.146   86.184   
   5800     23484.26   236.8566    0.019     231.8008    0.0188     0.0018      0.0     51680.8369 7934293.8653 255990.87   51262.85   -57132.0  -57045.711   86.184   
   5900     23876.16   236.855     0.019     231.7906    0.0188     0.0021      0.0     51662.5033 7934196.0899 255830.91   51173.61   -57118.0  -57032.106   86.184   
   6000     24270.7    236.8591    0.019     231.7802    0.0188     0.0018      0.0     52140.3872 7934169.362 255838.73   51248.66   -57096.0  -57009.898   86.185   
   6100     24660.84   236.8558    0.019     231.7698    0.0188     0.0022      0.0     52371.9633 7934089.2931 256605.31   50934.63   -57099.0  -57012.948   86.185   
   6200     25051.76   236.8488    0.019     231.7595    0.0188     0.0022      0.0     51308.5181 7934221.8771 256409.98   51118.42   -57100.0  -57013.687   86.185   
   6300     25442.08   236.8521    0.019     231.7491    0.0188     0.0017      0.0     52608.5437 7934213.0674 256550.47   51290.46   -57084.0  -56997.57    86.185   
   6400     25834.47   236.8432    0.019     231.7387    0.0188     0.0018      0.0     52142.5293 7934252.615 255712.36   50981.57   -57086.0  -56999.867   86.185   
   6500     26225.28   236.8318    0.019     231.7284    0.0188     0.0015      0.0     51587.7797 7934143.7323 255725.29   51175.75   -57116.0  -57029.65    86.185   
   6600     26622.17   236.8306    0.019     231.7179    0.0188     0.0017      0.0     53299.2829 7934044.7963 255880.27   51348.36   -57075.0  -56988.856   86.185   
   6700     27019.7    236.8214    0.019     231.7075    0.0188     0.0019      0.0     51589.9243 7933988.4441 255760.48   51189.03   -57113.0  -57027.133   86.185   
   6800     27417.36   236.8195    0.019     231.6971    0.0188     0.0016      0.0     51443.5591 7934083.7094 255966.73   51355.43   -57093.0  -57007.07    86.185   
   6900     27814.11   236.8162    0.019     231.6867    0.0188     0.0017      0.0     51075.3907 7934258.2003 256387.27   51203.66   -57105.0  -57018.382   86.185   
   7000     28214.68   236.8039    0.019     231.6763    0.0188     0.0017      0.0     51641.5845 7934160.711 255873.94   51130.74   -57086.0  -56999.977   86.184   
   7100     28610.38   236.7983    0.019     231.6659    0.0188     0.0017      0.0     51878.9719 7934157.5407 256101.08   50918.99   -57100.0  -57013.695   86.185   
   7200     29006.47   236.7912    0.019     231.6555    0.0188     0.0019      0.0     52615.7286 7934163.1028 255418.61   51191.48   -57104.0  -57017.408   86.185   
   7300     29402.56   236.7976    0.019     231.645     0.0188     0.0019      0.0     52272.4557 7934057.2969 256196.39   51205.54   -57114.0  -57027.462   86.185   
   7400     29800.53   236.7945    0.019     231.6345    0.0188     0.0016      0.0     51623.0505 7934150.5176 256191.67   51021.97   -57130.0  -57044.281   86.185   
   7500     30199.42   236.7925    0.019     231.624     0.0188     0.0017      0.0     51794.1897 7934175.351 256089.05   51070.47   -57118.0  -57031.385   86.185   
   7600     30598.86   236.7927    0.019     231.6136    0.0188     0.0018      0.0     51828.6568 7934058.5083  256443.5   51208.78   -57090.0  -57003.709   86.185   
   7700     30996.17   236.7888    0.019     231.6031    0.0188     0.002       0.0     52674.0038 7934196.2852  255879.4   51025.9    -57109.0  -57022.704   86.185   
   7800     31393.01   236.7812    0.019     231.5926    0.0188     0.0016      0.0     50820.1384 7934148.2399 256247.67   51027.49   -57127.0  -57040.41    86.185   
   7900     31790.31   236.7718    0.019     231.5821    0.0188     0.0018      0.0     52736.6141 7934194.0403  255648.6   51038.49   -57100.0  -57014.023   86.185   
   8000     32187.16    236.76     0.019     231.5716    0.0188     0.0019      0.0     52001.1959 7934135.1641 255897.45   51025.66   -57123.0  -57037.173   86.185   
   8100     32583.39   236.7614    0.019     231.5611    0.0188     0.0017      0.0     52685.1952 7934178.8383 256053.76   51060.81   -57106.0  -57019.466   86.185   
   8200     32983.73   236.7592    0.019     231.5506    0.0188     0.0018      0.0     51813.992  7934134.2217 256058.31   51221.01   -57138.0  -57051.459   86.186   
   8300     33381.49   236.7534    0.019      231.54     0.0188     0.0017      0.0     52472.3821 7934022.2884 256170.96   51215.0    -57115.0  -57028.977   86.186   
   8400     33780.53   236.7538    0.019     231.5296    0.0188     0.0017      0.0     52460.3837 7934252.8007 256092.81   51166.74   -57110.0  -57023.56    86.186   
   8500     34177.41   236.7508    0.019     231.519     0.0188     0.0016      0.0     51915.6805 7934055.0977 255986.81   51321.71   -57098.0  -57012.116   86.186   
   8600     34571.31   236.7475    0.019     231.5084    0.0188     0.0017      0.0     51964.2084 7934194.583 255697.55   51117.12   -57102.0  -57016.215   86.185   
   8700     34962.77   236.7489    0.019     231.4978    0.0188     0.0019      0.0     52753.6687 7934264.2205 255740.54   51113.19   -57113.0  -57027.179   86.186   
   8800     35358.15   236.7433    0.019     231.4872    0.0188     0.0018      0.0     51820.4616 7934130.8551  255927.6   50901.77   -57104.0  -57017.855   86.186   
   8900     35754.64   236.7449    0.019     231.4766    0.0188     0.0022      0.0     52466.5647 7934177.6593 256272.34   51276.2    -57087.0  -57000.924   86.185   
   9000     36151.26   236.7337    0.019     231.466     0.0188     0.0016      0.0      52587.88  7934220.2461 255849.48   51197.53   -57080.0  -56994.058   86.185   
   9100     36549.7    236.725     0.019     231.4555    0.0188     0.0022      0.0     52073.9718 7934194.8713 255985.82   51169.72   -57116.0  -57029.622   86.186   
   9200     36945.89   236.7205    0.019     231.4448    0.0188     0.0019      0.0     52398.0609 7934165.0119 255892.34   51201.87   -57121.0  -57035.278   86.185   
   9300     37343.94   236.7136    0.019     231.4341    0.0187     0.0017      0.0     52997.0789 7934150.8711 255967.34   50973.43   -57108.0  -57021.411   86.185   
   9400     37741.65   236.7131    0.019     231.4234    0.0187     0.0019      0.0     52978.9724 7934208.6689 256108.44   51363.18   -57098.0  -57012.298   86.185   
   9500     38138.76   236.7165    0.019     231.4128    0.0187     0.0016      0.0     52327.0959 7934241.7978 256130.53   51435.09   -57111.0  -57024.603   86.185   
   9600     38536.06   236.7086    0.019     231.402     0.0187     0.0016      0.0     53611.4085 7934179.888 256079.58   50842.31   -57104.0  -57017.995   86.185   
   9700     38933.52   236.7092    0.019     231.3914    0.0187     0.0017      0.0     52498.5978 7934179.7385 255753.61   51258.89   -57116.0  -57029.734   86.185   
   9800     39330.46   236.7103    0.019     231.3807    0.0187     0.0017      0.0     54292.0584 7934300.3461  255747.8   51123.53   -57117.0  -57031.211   86.185   
   9900     39722.38   236.7073    0.019     231.3701    0.0187     0.0018      0.0     53094.0271 7934117.2373 255984.16   51200.04   -57111.0  -57025.084   86.185   
  10000     40115.7    236.6985    0.019     231.3594    0.0187     0.0019      0.0      52479.02  7934113.0519 255923.43   51303.72   -57100.0  -57014.232   86.185   
  10100     40512.02   236.6972    0.019     231.3485    0.0187     0.0018      0.0     53237.281  7934254.5625 256259.98   51070.44   -57101.0  -57014.379   86.185   
  10200     40908.45   236.689     0.019     231.3378    0.0187     0.0017      0.0     52864.2637 7934118.7673 256418.26   51152.19   -57107.0  -57020.36    86.185   
  10300     41304.83   236.6931    0.019     231.3271    0.0187     0.0018      0.0     52883.816  7934314.3968 256344.98   51085.57   -57114.0  -57027.333   86.186   
  10400     41702.87   236.6889    0.019     231.3162    0.0187     0.0016      0.0     51784.8934 7934198.195 256115.64   50939.14   -57115.0  -57028.462   86.186   
  10500     42100.59   236.6788    0.019     231.3054    0.0187     0.0017      0.0     52987.2214 7934269.3996 256005.15   51096.77   -57093.0  -57006.779   86.185   
  10600     42496.02   236.6761    0.019     231.2946    0.0187     0.0018      0.0     53278.8029 7934231.1008 256199.34   51185.77   -57112.0  -57025.707   86.186   
  10700     42892.92   236.6667    0.019     231.2838    0.0187     0.0019      0.0     53527.0232 7934119.893 256224.56   50947.56   -57105.0  -57018.636   86.186   
  10800     43288.82   236.6639    0.019     231.273     0.0187     0.0017      0.0     53119.3967 7934199.5562 255689.37   51116.3    -57136.0  -57049.426   86.186   
  10900     43686.88   236.6616    0.019     231.2622    0.0187     0.0017      0.0     53613.9792 7934131.8046 255830.11   50954.36   -57080.0  -56993.362   86.186   
  11000     44081.86   236.666     0.019     231.2514    0.0187     0.0016      0.0     53420.4821 7934159.0293 255831.89   51022.97   -57110.0  -57024.249   86.186   
  11100     44481.55   236.6576    0.019     231.2404    0.0187     0.0017      0.0     53033.9193 7934272.7974  255979.9   51100.84   -57093.0  -57007.111   86.185   
  11200     44877.87   236.6535    0.019     231.2295    0.0187     0.0019      0.0     54166.4847 7934125.3527 255826.33   51101.08   -57106.0  -57019.589   86.185   
  11300     45276.08   236.6489    0.019     231.2186    0.0187     0.0017      0.0     52022.9646 7934172.5843 256108.47   51108.05   -57126.0  -57039.414   86.185   
  11400     45672.93   236.6475    0.019     231.2077    0.0187     0.0017      0.0     52831.9719 7934172.0656  256094.6   51009.48   -57133.0  -57047.163   86.185   
  11500     46068.98   236.6416    0.019     231.1968    0.0187     0.0018      0.0     53657.3385 7934174.0394 256410.68   51173.39   -57111.0  -57024.972   86.185   
  11600     46466.07   236.6403    0.019     231.1858    0.0187     0.0016      0.0     53430.1383 7934124.7723 256173.67   51092.23   -57132.0  -57045.707   86.185   
  11700     46865.89   236.6303    0.019     231.1748    0.0187     0.0017      0.0     52560.6722 7933978.3014 256081.69   51146.12   -57107.0  -57021.194   86.185   
  11800     47261.95   236.6207    0.019     231.1638    0.0187     0.0022      0.0     53008.3094 7934202.7974 256155.19   51143.5    -57130.0  -57043.687   86.185   
  11900     47659.54   236.6232    0.019     231.1529    0.0187     0.0018      0.0     53798.4611 7934128.2306 255351.61   51000.24   -57122.0  -57035.589   86.186   
  12000     48057.31   236.6164    0.019     231.1418    0.0187     0.0016      0.0     53400.1695 7934249.2708 256137.86   51196.94   -57115.0  -57028.904   86.186   
[7.34093762 7.66922985 8.17003868 8.42358756 7.71608278 8.04529886
 7.81274559 8.72232089 7.97680823 7.65342933 7.57338595 8.21083225
 8.25313513 7.80883692 8.04264961 8.06850337 8.27596871 8.26294624
 7.71286757 7.9708348 ]
[7.7579838  8.11991463 8.14174463 7.58718157 8.21541423 7.68626406
 7.60426797 7.92957389 7.89470372 8.22300339 7.93898001 8.34439995
 7.45664685 7.78496064 7.46570963 8.61926579 7.85906571 8.00511891
 8.48845727 7.45136758]
[6.90063558 7.53149034 7.15434637 7.33930931 7.39945752 6.69281226
 6.88980232 6.98049579 7.52943128 7.01407275 7.62831621 7.16440755
 6.34211348 6.82546018 6.97083457 7.78073179 7.36385587 7.38974833
 7.0787162  7.08637109]
