Generating synthetic real valued data ... 
Generating synthetic  real valued data took:  20.309064388275146
Evaluation for true params: 
 test_rsme | train_rsme | rel-te-err | rel-tr-err |  test_nll  |  train_nll |
    0.0          0.0          0.0          0.0       287494.79    1149836.49 
Using  0.05 of training data
Factorizing with max_iteration = 12000  fixing covariance?:  False
Tensor dimensions:  [50, 50, 50]
Optimization metrics: 
Using Ada Grad
Mean update scheme:  S
Covariance update :  N
Using diagonal covariance?:  False
Random start? True
k1 samples =  32  k2 samples =  128
eta =  1.0  cov eta =  1.0  sigma eta =  1
iteration |   time   |test_rsme |rel-te-err|train_rsme|rel-tr-err|   d_mean  |   d_cov  |avg_grad_m|avg_grad_c| test_nll | train_nll |    VLB   |  E-term  |    KL     |   dw   |
    0         3.67    9980.4386    0.9978   9977.7663    0.9978     3.1623     0.4025   92567.4016 4.4700169197475744e+17 287823.14   57564.63   -57582.0  -57564.627   17.138      0.0    
    5        147.17   9975.6153    0.9974   9972.9164    0.9974     3.1623     0.4025   604095.9301 3.59141896112675e+18 287823.14   57564.63   -57583.0  -57564.627   18.231      0.0    
    10       290.79    9970.36     0.9968   9967.6157    0.9968     3.1623     0.4025   1163213.1231 7.285165124798094e+18 287823.14   57564.63   -57584.0  -57564.627   19.293      0.0    
    20       455.59   9957.4125    0.9955    9954.657    0.9955     3.1623     0.4025   2528512.5358 1.8679693272161907e+19 287823.14   57564.63   -57586.0  -57564.627   21.077      0.0    
    50       696.9    9898.7703    0.9896   9896.1435    0.9896     3.1623     0.4025   8584743.121 8.904642830947733e+19 287823.14   57564.63   -57614.0  -57564.627   49.469      0.0    
   100      1021.01   9725.2663    0.972     9722.713    0.972      3.0676      0.0     18916354.5129 3.841895425570981e+20 287823.14   57564.63   -57622.0  -57564.627   57.226      0.0    
   200      1533.48   9025.5607    0.901    9023.2339    0.901      2.8059      0.0     46747482.9685 2.0054002009223526e+21 287823.14   57564.63   -57632.0  -57564.627   67.204      0.0    
   300      2047.35   7813.4904    0.7779   7811.4923    0.7779     2.5295      0.0     75052873.3903 4.068615706218129e+21 287823.14   57564.63   -57638.0  -57564.627   73.457      0.0    
   400      2560.93   6160.5502    0.6097   6158.9803    0.6097     2.2388      0.0     91946685.6396 4.159992850733256e+21 287823.14   57564.63   -57642.0  -57564.627   77.739      0.0    
   500      3075.55   4299.6099    0.4197   4298.5515    0.4197     1.9008      0.0     89027206.673 2.2210923202397804e+21 287823.14   57564.63   -57645.0  -57564.627   80.726      0.0    
   600      3589.61   2612.4603    0.2459   2611.8902    0.2458     1.5049      0.0     67799884.2698 6.224512050608814e+20 287823.14   57564.63   -57647.0  -57564.627   82.724      0.0    
   700      4100.12   1440.4421    0.1234   1439.9976    0.1234     1.095       0.0     40894027.2367 1.0806665020259354e+20 285628.25   57112.96   -57331.0  -57246.997   83.96       0.0    
   800      4607.64    817.8308    0.0634    816.8191    0.0635     0.7564      0.0     20746969.433 1.72596738007352e+19 277111.29   55445.64   -56269.0  -56184.644   84.687      0.0    
   900      5118.76    538.2386    0.0411    536.2823    0.0411     0.5252      0.0     10178540.9843 3.6038950800119905e+18 270311.92   54010.57   -55319.0  -55234.088   85.122      0.0    
   1000     5631.76    409.2875    0.0317    406.5546    0.0317     0.3781      0.0     5640327.3273 1.1088010865357558e+18  264426.2   53089.93   -54621.0  -54535.331    85.4       0.0    
   1100     6143.22    340.1758    0.0268    336.9684    0.0266     0.2821      0.0     3621019.2619 4.6934171452082656e+17 260874.56   52007.52   -54107.0  -54021.822   85.591      0.0    
   1200     6654.13    299.1964    0.0237    295.6835    0.0236     0.2168      0.0     2546417.801 2.530626494983877e+17 257476.06   51413.26   -53645.0  -53559.595   85.729      0.0    
   1300     7166.05    274.2636    0.0219    270.5302    0.0217     0.1694      0.0     1860226.5068 1.6328876080453603e+17  254801.3   50988.57   -53448.0  -53362.356   85.832      0.0    
   1400     7676.54    259.1887    0.0207    255.2718    0.0206     0.1347      0.0     1379542.9651 1.219820808380464e+17 252746.55   50624.52   -53017.0  -52930.91    85.909      0.0    
   1500     8187.49    250.1715     0.02     246.0982    0.0198     0.1061      0.0     1033998.1016 1.0103091601584018e+17 251437.26   50165.84   -52757.0  -52670.621   85.97       0.0    
   1600     8697.84    244.8158    0.0196    240.6058    0.0194     0.0845      0.0     773364.0042 8.970618198802131e+16 250401.87   50051.55   -52778.0  -52691.668   86.016      0.0    
   1700     9207.86    241.6311    0.0194    237.3031    0.0192     0.068       0.0     589425.4538 8.3492409260109e+16 249904.77   49868.78   -52677.0  -52590.48    86.052      0.0    
   1800     9719.68    239.7453    0.0192    235.3179    0.019      0.0545      0.0     451116.1184 7.982545379491262e+16 249712.69   49789.66   -52564.0  -52478.269   86.081      0.0    
   1900     10230.93   238.6357    0.0191    234.1131    0.0189     0.0439      0.0     347905.7756 7.751895160149653e+16 249372.59   49936.35   -52559.0  -52473.326   86.102      0.0    
   2000     10741.79   237.9687    0.0191    233.3748    0.0189     0.0354      0.0     274401.8627 7.610410002782507e+16 249635.69   49766.49   -52637.0  -52551.193   86.12       0.0    
   2100     11253.73   237.5755    0.0191    232.9187    0.0188     0.029       0.0     218306.3635 7.538964124663058e+16  249467.7   49944.79   -52643.0  -52556.632   86.133      0.0    
   2200     11764.84   237.3302    0.019     232.6345    0.0188     0.0233      0.0     175062.1335 7.48595162322469e+16 249544.68   49818.76   -52456.0  -52369.939   86.144      0.0    
   2300     12275.04   237.1862    0.019     232.453     0.0188     0.0194      0.0     142005.2995 7.444413612085006e+16 249455.59   49777.99   -52671.0  -52584.834   86.152      0.0    
   2400     12785.76   237.0987    0.019     232.3365    0.0188     0.0144      0.0     115351.5789 7.435822089556683e+16 248863.49   49809.31   -52628.0  -52541.528   86.159      0.0    
   2500     13295.57   237.0483    0.019     232.2587    0.0188     0.0127      0.0     96097.9452 7.386069638098488e+16 249787.73   49833.41   -52438.0  -52351.873   86.165      0.0    
   2600     13805.85   237.0169    0.019     232.2049    0.0188     0.0098      0.0     86023.0693 7.372479201395205e+16 249375.41   49728.68   -52594.0  -52508.179   86.169      0.0    
   2700     14318.61   236.9937    0.019     232.1671    0.0188     0.0081      0.0     77199.7768 7.404871423130442e+16 249376.03   49939.59   -52620.0  -52533.856   86.173      0.0    
   2800     14830.45   236.9833    0.019     232.1397    0.0188     0.0072      0.0     69243.1177 7.379069667031416e+16  249208.0   50043.66   -52653.0  -52567.314   86.175      0.0    
   2900     15342.24   236.9724    0.019     232.1185    0.0188     0.0053      0.0     65151.8969 7.368420646780366e+16 249418.83   49785.64   -52441.0  -52355.167   86.177      0.0    
   3000     15854.55   236.9692    0.019     232.1011    0.0188     0.0044      0.0     59898.9002 7.373856576152786e+16 249159.35   50169.84   -52842.0  -52756.295   86.178      0.0    
   3100     16364.47   236.9629    0.019     232.0861    0.0188     0.0041      0.0     58305.646  7.371929946792187e+16 249158.52   49847.47   -52913.0  -52826.78    86.18       0.0    
   3200     16875.89   236.9606    0.019     232.0733    0.0188     0.0028      0.0     55004.5831 7.358322766178082e+16 249462.57   50124.64   -52634.0  -52547.576   86.181      0.0    
   3300     17387.71   236.9595    0.019     232.0609    0.0188     0.0021      0.0     53990.5032 7.356333736381315e+16 249853.12   49946.65   -52575.0  -52488.446   86.181      0.0    
   3400     17899.1    236.9556    0.019     232.0496    0.0188     0.0015      0.0     52098.6002 7.341181771047544e+16 249715.45   49783.8    -52676.0  -52590.169   86.182      0.0    
   3500     18411.11   236.9556    0.019     232.0384    0.0188     0.0019      0.0     52320.0653 7.360198052303531e+16 249782.62   49811.92   -52646.0  -52560.136   86.182      0.0    
   3600     18922.6    236.9498    0.019     232.0278    0.0188     0.0017      0.0     51821.3679 7.370259032266509e+16 249226.53   49847.97   -52616.0  -52529.767   86.182      0.0    
   3700     19433.91   236.948     0.019     232.0171    0.0188     0.0016      0.0     51766.3772 7.35138821427708e+16 249651.71   49914.36   -52741.0  -52654.611   86.183      0.0    
   3800     19948.47   236.9395    0.019     232.0066    0.0188     0.0017      0.0     51696.1979 7.368846564067051e+16 249247.96   49898.0    -52490.0  -52403.951   86.184      0.0    
   3900     20461.32   236.9373    0.019     231.9962    0.0188     0.0019      0.0     52212.6614 7.352781540396658e+16 249500.56   49899.61   -52810.0  -52724.131   86.184      0.0    
   4000     20972.77   236.9299    0.019     231.9859    0.0188     0.0016      0.0     52345.827  7.368001709705621e+16 249616.98   49811.14   -52671.0  -52584.98    86.184      0.0    
   4100     21484.18   236.9285    0.019     231.9756    0.0188     0.0015      0.0     51784.5132 7.364394887894946e+16 249925.05   49744.06   -52642.0  -52555.692   86.184      0.0    
   4200     21992.81   236.919     0.019     231.9654    0.0188     0.0019      0.0     51057.5627 7.370640568928322e+16 249425.43   49962.14   -52435.0  -52348.763   86.184      0.0    
   4300     22504.71   236.911     0.019     231.955     0.0188     0.0018      0.0     51373.0376 7.368852768152779e+16 249576.01   50066.66   -52711.0  -52625.231   86.184      0.0    
   4400     23017.45   236.9117    0.019     231.9447    0.0188     0.0016      0.0     52275.2887 7.364275893519475e+16 250178.26   49889.29   -52636.0  -52549.57    86.185      0.0    
   4500     23526.46   236.9088    0.019     231.9345    0.0188     0.0016      0.0     50950.9653 7.340771609445208e+16 249668.11   49786.78   -52636.0  -52549.816   86.185      0.0    
   4600     24037.54   236.9108    0.019     231.9243    0.0188     0.0016      0.0     52215.389  7.331857459068787e+16 249501.51   49822.96   -52577.0  -52490.515   86.185      0.0    
   4700     24550.16   236.9098    0.019     231.9141    0.0188     0.0017      0.0     52354.6387 7.34239642291141e+16 249954.06   50044.72   -52799.0  -52712.904   86.185      0.0    
   4800     25063.82   236.9006    0.019     231.9038    0.0188     0.0018      0.0     51609.6297 7.346398516802856e+16 249893.36   49939.13   -52644.0  -52557.596   86.185      0.0    
   4900     25573.05   236.8906    0.019     231.8934    0.0188     0.0016      0.0     50429.2771 7.33974618557884e+16 249493.96   49900.22   -52467.0  -52381.035   86.185      0.0    
   5000     26084.92   236.8861    0.019     231.8831    0.0188     0.0017      0.0     51759.6765 7.318026746107179e+16 249711.52   49913.91   -52619.0  -52532.763   86.185      0.0    
   5100     26593.47   236.8816    0.019     231.8729    0.0188     0.0018      0.0     51553.5965 7.3275674022518e+16  249734.8   49852.88   -52940.0  -52853.395   86.184      0.0    
   5200     27103.21   236.8793    0.019     231.8626    0.0188     0.0017      0.0     51836.6036 7.320532663473112e+16 249489.93   49906.22   -52675.0  -52588.348   86.184      0.0    
   5300     27615.04   236.8703    0.019     231.8522    0.0188     0.0016      0.0     51111.7528 7.334740947490269e+16 249905.29   49850.3    -52512.0  -52425.817   86.185      0.0    
   5400     28124.18   236.8707    0.019     231.842     0.0188     0.0017      0.0     51812.727  7.328404985176373e+16 249309.38   50083.23   -52799.0  -52712.587   86.184      0.0    
   5500     28634.49   236.8636    0.019     231.8317    0.0188     0.0016      0.0     51113.4781 7.319850292809141e+16 249979.42   49853.45   -52614.0  -52527.716   86.184      0.0    
   5600     29145.2    236.8597    0.019     231.8214    0.0188     0.0016      0.0     51605.1111 7.32444936161172e+16  249244.1   49812.39   -52686.0  -52599.933   86.185      0.0    
   5700     29658.67   236.856     0.019     231.8111    0.0188     0.0018      0.0     52181.4088 7.333314656210517e+16 249588.62   49892.69   -52476.0  -52389.536   86.185      0.0    
   5800     30169.52   236.8581    0.019     231.8008    0.0188     0.0019      0.0     53029.1749 7.353917766173602e+16 249778.47   49707.67   -52655.0  -52569.273   86.184      0.0    
   5900     30679.79   236.8509    0.019     231.7904    0.0188     0.0016      0.0     52175.6339 7.327247323681395e+16 249150.41   49863.3    -52646.0  -52560.223   86.184      0.0    
   6000     31194.36   236.8504    0.019     231.7801    0.0188     0.0024      0.0     52150.0112 7.338572406692872e+16 249808.57   50015.17   -52636.0  -52549.878   86.185      0.0    
   6100     31706.21   236.8442    0.019     231.7698    0.0188     0.0015      0.0     51648.8669 7.349182785818962e+16 249762.43   49989.62   -52600.0  -52513.622   86.185      0.0    
   6200     32217.42   236.8532    0.019     231.7594    0.0188     0.0023      0.0     51529.0195 7.33132877016287e+16 249990.18   49883.56   -52405.0  -52319.04    86.184      0.0    
   6300     32731.47   236.8526    0.019     231.749     0.0188     0.0018      0.0     50988.3959 7.328195319288146e+16  249370.7   49779.21   -52517.0  -52430.419   86.184      0.0    
   6400     33241.25   236.8474    0.019     231.7386    0.0188     0.0018      0.0     51785.6809 7.338395813029147e+16 249654.73   49966.29   -52705.0  -52619.144   86.184      0.0    
   6500     33752.93   236.8439    0.019     231.7283    0.0188     0.0015      0.0     51014.4864 7.304861027390258e+16 249494.41   49837.74   -52755.0  -52668.581   86.184      0.0    
   6600     34264.02   236.8336    0.019     231.718     0.0188     0.0018      0.0     51276.1523 7.307663993488843e+16  249447.3   49835.6    -52674.0  -52587.965   86.184      0.0    
   6700     34774.11   236.8308    0.019     231.7076    0.0188     0.0016      0.0     51713.8306 7.33655398653683e+16 249417.46   50051.66   -52596.0  -52509.875   86.184      0.0    
   6800     35283.97   236.8313    0.019     231.6972    0.0188     0.0017      0.0     52196.4218 7.314766613011803e+16 249650.36   49889.82   -52593.0  -52506.356   86.184      0.0    
   6900     35794.25   236.8206    0.019     231.6868    0.0188     0.0016      0.0     51456.6266 7.339000735462038e+16  249497.5   49799.16   -52582.0  -52496.036   86.184      0.0    
   7000     36309.17   236.8153    0.019     231.6764    0.0188     0.0016      0.0     51914.1877 7.322139752013931e+16 249207.48   50079.28   -52562.0  -52475.506   86.184      0.0    
   7100     36823.28   236.8118    0.019     231.6659    0.0188     0.0018      0.0     52025.0869 7.351147632402931e+16 249688.56   49780.28   -52656.0  -52569.777   86.184      0.0    
   7200     37332.34   236.8068    0.019     231.6555    0.0188     0.0016      0.0     51087.6881 7.336786913908773e+16 249885.99   49853.42   -52730.0  -52644.044   86.184      0.0    
   7300     37842.71   236.7944    0.019     231.6451    0.0188     0.0018      0.0     51824.5922 7.310002828827563e+16  249355.3   49910.93   -52626.0  -52539.815   86.184      0.0    
   7400     38355.46   236.7926    0.019     231.6347    0.0188     0.0017      0.0     51928.157  7.30629047242932e+16  249284.2   49702.03   -52467.0  -52380.369   86.184      0.0    
   7500     38867.06   236.7894    0.019     231.6242    0.0188     0.0016      0.0     50986.4361 7.315312969221282e+16 249461.24   49877.94   -52780.0  -52693.947   86.184      0.0    
   7600     39378.81   236.7934    0.019     231.6138    0.0188     0.0017      0.0     52256.6565 7.31611615816754e+16 249699.53   50133.14   -52560.0  -52473.482   86.184      0.0    
   7700     39889.73   236.7915    0.019     231.6033    0.0188     0.0018      0.0     51801.2623 7.31404934470873e+16  249503.5   49791.28   -52401.0  -52314.942   86.184      0.0    
   7800     40400.55   236.7885    0.019     231.5929    0.0188     0.0019      0.0     52004.4085 7.307066692630859e+16 249770.84   49913.13   -52706.0  -52619.444   86.185      0.0    
   7900     40909.36   236.7812    0.019     231.5824    0.0188     0.0018      0.0     50959.687  7.30737762999277e+16 249549.32   49920.81   -52534.0  -52447.576   86.185      0.0    
   8000     41420.31   236.7804    0.019     231.5719    0.0188     0.0017      0.0     51746.6751 7.29712908359911e+16 249308.36   49735.77   -52406.0  -52319.657   86.185      0.0    
   8100     41930.24   236.7657    0.019     231.5614    0.0188     0.0017      0.0     52522.2496 7.280444437877549e+16 249763.78   49831.95   -52623.0  -52536.384   86.185      0.0    
   8200     42440.12   236.7655    0.019     231.5508    0.0188     0.0015      0.0     51863.3859 7.295967630028614e+16 249447.37   49807.87   -52662.0  -52576.085   86.185      0.0    
   8300     42951.39   236.7637    0.019     231.5403    0.0188     0.0017      0.0     51287.6788 7.320412727975845e+16 249228.61   49908.87   -52473.0  -52387.078   86.184      0.0    
   8400     43464.14   236.7616    0.019     231.5297    0.0188     0.0021      0.0     51488.7653 7.307487131369838e+16 249659.74   49978.47   -52677.0  -52591.168   86.185      0.0    
   8500     43973.92   236.7623    0.019     231.5192    0.0188     0.0017      0.0     52216.3039 7.289733643999221e+16 249594.78   49737.99   -52437.0  -52350.477   86.184      0.0    
   8600     44486.0    236.7523    0.019     231.5086    0.0188     0.0016      0.0     51994.1508 7.290616110677893e+16 249802.61   49747.7    -52611.0  -52524.726   86.185      0.0    
   8700     44997.35   236.7469    0.019     231.4981    0.0188     0.0017      0.0     51077.2133 7.291666969342194e+16  249694.0   49957.01   -52673.0  -52586.464   86.184      0.0    
   8800     45507.56   236.7486    0.019     231.4875    0.0188     0.0016      0.0     52111.0353 7.305280339568456e+16 249878.25   49656.05   -52628.0  -52542.294   86.184      0.0    
   8900     46018.23   236.7343    0.019     231.477     0.0188     0.0016      0.0     52459.7204 7.279598830372608e+16 249644.47   49986.77   -52838.0  -52752.219   86.184      0.0    
   9000     46533.88   236.7294    0.019     231.4664    0.0188     0.0017      0.0     53272.0346 7.304469275795458e+16 249571.74   49922.44   -52664.0  -52577.837   86.184      0.0    
   9100     47044.53   236.7232    0.019     231.4558    0.0188     0.0019      0.0     52116.1839 7.280412887378728e+16 249626.06   49804.04   -52752.0  -52666.151   86.184      0.0    
   9200     47554.05   236.7244    0.019     231.4452    0.0188     0.0018      0.0     52663.6316 7.29995679889799e+16 249488.18   49978.87   -52651.0  -52564.462   86.185      0.0    
   9300     48064.12   236.7162    0.019     231.4346    0.0187     0.0018      0.0     52707.1304 7.299242784822003e+16 249382.59   50009.63   -52512.0  -52426.227   86.185      0.0    
   9400     48576.62   236.7163    0.019     231.4239    0.0187     0.0016      0.0     52743.3014 7.277572978770534e+16 249973.06   49874.27   -52882.0  -52796.112   86.185      0.0    
   9500     49091.61   236.7165    0.019     231.4133    0.0187     0.0017      0.0     53323.0359 7.28971523830147e+16 249658.04   50032.1    -52638.0  -52551.755   86.185      0.0    
   9600     49603.04   236.7063    0.019     231.4026    0.0187     0.0019      0.0     52975.6112 7.301432397310653e+16 249533.98   49853.68   -52581.0  -52494.597   86.185      0.0    
   9700     50114.03   236.7007    0.019     231.3919    0.0187     0.0019      0.0     51768.9891 7.294972479085378e+16  249643.0   49959.61   -52523.0  -52436.823   86.185      0.0    
   9800     50621.2    236.7083    0.019     231.3812    0.0187     0.0019      0.0     52962.5738 7.292771927135328e+16 249482.61   49913.18   -52765.0  -52679.222   86.185      0.0    
   9900     51117.03   236.706     0.019     231.3704    0.0187     0.0018      0.0     52901.9102 7.274325144445205e+16 249435.91   50002.28   -52585.0  -52499.264   86.185      0.0    
  10000     51610.27   236.6993    0.019     231.3598    0.0187     0.0016      0.0     51536.5853 7.262519956021522e+16 249642.66   49811.26   -52639.0  -52552.84    86.185      0.0    
  10100     52108.06   236.6795    0.019     231.3491    0.0187     0.0016      0.0     53084.7177 7.293232232569797e+16 249240.57   50008.71   -52554.0  -52467.591   86.185      0.0    
  10200     52601.96   236.6798    0.019     231.3384    0.0187     0.0018      0.0     52175.816  7.264376830823992e+16 249185.23   49882.38   -52720.0  -52633.949   86.185      0.0    
  10300     53095.08   236.6824    0.019     231.3275    0.0187     0.0017      0.0     54553.3438 7.287849964575966e+16 249415.34   49873.5    -52563.0  -52477.081   86.185      0.0    
  10400     53594.75   236.6749    0.019     231.3168    0.0187     0.0017      0.0     52368.601  7.276811761713323e+16 249591.48   49637.22   -52502.0  -52416.019   86.185      0.0    
  10500     54093.45   236.6757    0.019     231.306     0.0187     0.0016      0.0     52416.6484 7.269658783776067e+16 249580.61   50017.47   -52711.0  -52625.166   86.185      0.0    
  10600     54590.76   236.6746    0.019     231.2952    0.0187     0.0017      0.0      52477.27  7.281560263650658e+16 249664.23   49894.08   -52543.0  -52456.825   86.185      0.0    
  10700     55091.82   236.6813    0.019     231.2844    0.0187     0.002       0.0     53257.9737 7.263235056622056e+16  249971.2   49953.56   -52641.0  -52554.346   86.185      0.0    
  10800     55587.21   236.6733    0.019     231.2735    0.0187     0.0016      0.0     53571.1726 7.279791494428066e+16 249604.74   49843.45   -52663.0  -52576.36    86.185      0.0    
  10900     56085.22   236.6725    0.019     231.2627    0.0187     0.0016      0.0     52552.7111 7.266598428911982e+16 249287.85   49880.84   -52922.0  -52835.396   86.185      0.0    
  11000     56581.34   236.6675    0.019     231.252     0.0187     0.0017      0.0     52988.2355 7.257445159433675e+16 249322.37   49931.67   -52723.0  -52636.537   86.185      0.0    
  11100     57081.83   236.6592    0.019     231.2411    0.0187     0.0017      0.0     53355.4685 7.272786140571979e+16 249865.85   49901.56   -52592.0  -52505.628   86.185      0.0    
  11200     57596.42   236.658     0.019     231.2303    0.0187     0.0017      0.0     53459.4141 7.263140211249016e+16 249442.18   49981.08   -52669.0  -52582.364   86.185      0.0    
  11300     58110.29   236.6499    0.019     231.2193    0.0187     0.0018      0.0     53165.2751 7.256147385968157e+16 249747.72   49971.44   -52571.0  -52484.352   86.185      0.0    
  11400     58625.75   236.648     0.019     231.2084    0.0187     0.0017      0.0     52377.2343 7.251672638928731e+16 249982.88   49593.46   -52577.0  -52490.817   86.184      0.0    
  11500     59139.89   236.6423    0.019     231.1975    0.0187     0.0021      0.0     52692.8335 7.235053375059598e+16 249382.66   49853.24   -52939.0  -52852.423   86.185      0.0    
  11600     59651.0    236.6353    0.019     231.1866    0.0187     0.0019      0.0     53267.5363 7.262490351029995e+16  248986.9   49923.18   -52725.0  -52638.808   86.185      0.0    
  11700     60163.87   236.6287    0.019     231.1757    0.0187     0.0018      0.0     53687.4753 7.255570552333784e+16 249320.42   49823.89   -52556.0  -52469.45    86.185      0.0    
  11800     60677.71   236.6189    0.019     231.1647    0.0187     0.0019      0.0     53124.332  7.248592621003251e+16 249032.23   49847.53   -52527.0  -52440.56    86.185      0.0    
  11900     61191.79   236.6209    0.019     231.1537    0.0187     0.0018      0.0     54162.518  7.23978372083093e+16 249296.87   49853.02   -52490.0  -52403.578   86.185      0.0    
  12000     61703.22   236.6221    0.019     231.1427    0.0187     0.0017      0.0     52971.5961 7.249392976595714e+16 249053.01   49903.98   -52745.0  -52658.467   86.185      0.0    
[7.34136468 7.67187821 8.17357931 8.42434664 7.71557886 8.04556266
 7.8129357  8.72068106 7.97769754 7.65371308 7.57498336 8.21189966
 8.25374018 7.80929137 8.04405557 8.06832496 8.27730131 8.26369092
 7.71342496 7.97004846]
[7.75768934 8.11939497 8.14263548 7.58559845 8.2141902  7.68675191
 7.60538677 7.92952896 7.89506902 8.22268688 7.93698629 8.34339821
 7.45545906 7.78497204 7.46525159 8.6182136  7.85849894 8.005192
 8.48708812 7.45219524]
[6.8998121  7.5319192  7.15320812 7.34151939 7.39957019 6.6911245
 6.89064951 6.98098236 7.52939708 7.01402098 7.62648664 7.16454586
 6.34149264 6.82500349 6.97039286 7.78195761 7.36349072 7.38911617
 7.07834517 7.08630069]
