Generating synthetic real valued data ... 
Generating synthetic  real valued data took:  21.882885932922363
Evaluation for true params: 
 test_rsme | train_rsme | rel-te-err | rel-tr-err |  test_nll  |  train_nll |
1204.1840809454 1202.4146785192 0.1004525332 0.0999811243  282742.83    1130385.63 
Using  0.05 of training data
Factorizing with max_iteration = 12000  fixing covariance?:  False
Tensor dimensions:  [50, 50, 50]
Optimization metrics: 
Using Ada Grad
Mean update scheme:  S
Covariance update :  N
Using diagonal covariance?:  False
Random start? True
k1 samples =  32  k2 samples =  128
eta =  1.0  cov eta =  1.0  sigma eta =  1
iteration |   time   |test_rsme |rel-te-err|train_rsme|rel-tr-err|   d_mean  |   d_cov  |avg_grad_m|avg_grad_c| test_nll | train_nll |    VLB   |  E-term  |    KL     |   dw   |
    0         3.74    10043.0537   0.9979   10069.9993   0.9979     3.1623     0.4025   90874.802  4.710935022862032e+17 287823.14   57564.63   -57581.0  -57564.627   16.837      0.0    
    5        143.85   10038.3944   0.9974   10065.3114   0.9974     3.1623     0.4025   589891.69  3.759570666134554e+18 287823.14   57564.63   -57583.0  -57564.627   18.031      0.0    
    10       284.48   10033.3015   0.9969   10060.1839   0.9969     3.1623     0.4025   1135662.8747 7.717183742307442e+18 287823.14   57564.63   -57584.0  -57564.627   19.067      0.0    
    20       446.54   10020.7267   0.9956   10047.5964   0.9956     3.1623     0.4025   2473277.4909 1.981349308332488e+19 287823.14   57564.63   -57585.0  -57564.627   20.812      0.0    
    50       685.36   9963.6028    0.9896   9990.5558    0.9897     3.1623     0.4025   8431108.3517 9.408812322386459e+19 287823.14   57564.63   -57614.0  -57564.627   49.112      0.0    
   100      1001.98   9793.5576    0.9719   9820.5317    0.972      3.0695      0.0     18711870.1017 4.115089475255646e+20 287823.14   57564.63   -57622.0  -57564.627   56.942      0.0    
   200      1510.98   9104.7898    0.9003   9131.8333    0.9006     2.8071      0.0     46535186.5651 2.196261013431525e+21 287823.14   57564.63   -57632.0  -57564.627   67.013      0.0    
   300      2017.02   7910.2761    0.7756   7937.3747    0.7763     2.533       0.0     74971357.3786 4.599230230360815e+21 287823.14   57564.63   -57638.0  -57564.627   73.317      0.0    
   400       2524.9   6285.4607    0.6049   6312.4313    0.6061     2.2405      0.0     92114254.5925 4.992222729410552e+21 287823.14   57564.63   -57642.0  -57564.627   77.635      0.0    
   500      3029.91   4473.7672    0.4118    4499.849    0.4135     1.9016      0.0     89482583.0845 3.026879993072279e+21 287757.85   57546.89   -57631.0  -57550.133   80.653      0.0    
   600      3538.04   2881.7324    0.2409   2904.2953    0.2425     1.5039      0.0     68420927.4934 1.1218224705216478e+21 286511.51   57357.74   -57498.0  -57415.681   82.683      0.0    
   700      4044.09   1879.0778    0.1458   1892.0355    0.1462     1.0905      0.0     41459821.2083 3.363699634903898e+20 283632.26   56661.7    -57070.0  -56986.146   83.956      0.0    
   800      4552.25   1458.2802    0.1152   1456.9853    0.1152     0.748       0.0     21099087.3066 1.2700217103182234e+20 281392.31   56418.33   -56897.0  -56811.898   84.717      0.0    
   900      5060.52   1324.7466    0.108    1311.8908    0.1071     0.5139      0.0     10480175.3708 7.659316374834697e+19 281027.94   56226.14   -56820.0  -56735.201   85.183      0.0    
   1000     5566.07   1280.1789    0.106    1260.1149    0.1043     0.3656      0.0     5827667.0127 6.251487143038087e+19 280464.27   56127.46   -56750.0  -56664.127   85.487      0.0    
   1100     6066.98   1261.4895    0.1051   1236.9775    0.1029     0.2708      0.0     3802858.3837 5.726264598382496e+19 280527.71   55957.37   -56659.0  -56573.428   85.699      0.0    
   1200     6567.91   1252.3537    0.1046   1224.9307    0.102      0.2056      0.0     2722197.3665 5.475960810882784e+19 280277.19   56033.99   -56577.0  -56491.634   85.853      0.0    
   1300     7069.53   1247.6819    0.1043   1218.2251    0.1015      0.16       0.0     2030812.964 5.345707240037037e+19 280674.71   55991.64   -56648.0  -56561.59    85.969      0.0    
   1400     7568.74   1245.3203    0.1041   1214.3848    0.1012     0.1251      0.0     1543273.1188 5.271923554772796e+19 280841.41   55982.88   -56626.0  -56540.335   86.058      0.0    
   1500     8067.13   1244.1967    0.104    1212.1411    0.101      0.0987      0.0     1183764.3123 5.2315739854688354e+19 280617.46   56025.9    -56701.0  -56615.335   86.126      0.0    
   1600     8569.35   1243.7168    0.104    1210.8143    0.1008     0.0786      0.0     917449.8226 5.2048066430908195e+19 280594.37   56043.04   -56730.0  -56643.935   86.179      0.0    
   1700     9073.86   1243.5817    0.104    1210.0131    0.1007     0.062       0.0     718483.6361 5.190788174225922e+19 280747.15   56007.99   -56720.0  -56633.921   86.22       0.0    
   1800     9578.01   1243.6133    0.1039   1209.5213    0.1007     0.0493      0.0     570898.5334 5.1857870362105545e+19  280761.6   56163.79   -56642.0  -56555.722   86.251      0.0    
   1900     10084.51  1243.7157    0.1039   1209.2095    0.1006     0.0396      0.0     469137.0232 5.180539639831297e+19  280518.9   56045.62   -56706.0  -56620.086   86.276      0.0    
   2000     10590.33  1243.8468    0.1039   1209.0081    0.1006     0.0318      0.0     386952.1066 5.179891994637711e+19 280778.37   56092.86   -56710.0  -56624.118   86.296      0.0    
   2100     11093.36  1243.9735    0.1039   1208.8706    0.1006     0.0258      0.0     331580.1472 5.179640606269903e+19 280693.37   56068.25   -56662.0  -56575.193   86.311      0.0    
   2200     11599.79  1244.0938    0.1039    1208.773    0.1006     0.0206      0.0     287748.8644 5.173115246263251e+19 280657.56   56155.26   -56713.0  -56626.378   86.323      0.0    
   2300     12104.3   1244.1945    0.1039   1208.6994    0.1006     0.0165      0.0     262608.5085 5.171056724029731e+19  280592.5   56146.15   -56681.0  -56594.925   86.333      0.0    
   2400     12611.03  1244.2837    0.1039   1208.6407    0.1006     0.0138      0.0     239895.4699 5.172685416226461e+19 280818.97   56067.27   -56686.0  -56599.178   86.34       0.0    
   2500     13117.42  1244.3503    0.1039   1208.5912    0.1006     0.0111      0.0     227344.4733 5.17291287970097e+19 280786.27   56147.89   -56687.0  -56600.606   86.346      0.0    
   2600     13621.02  1244.4113    0.1039   1208.5474    0.1006     0.0084      0.0     216858.1205 5.172552254707654e+19 280595.47   56144.27   -56759.0  -56672.864   86.35       0.0    
   2700     14127.9   1244.4584    0.1039   1208.5071    0.1006     0.0071      0.0     209398.037 5.1673864672703e+19 280614.24   56140.72   -56688.0  -56601.61    86.354      0.0    
   2800     14633.16  1244.4972    0.1039   1208.4688    0.1005     0.0055      0.0     206347.1676 5.1705606195541836e+19 280561.86   56248.47   -56722.0  -56635.758   86.358      0.0    
   2900     15131.21  1244.5343    0.1039   1208.4317    0.1005     0.0056      0.0     202678.7382 5.168208105834922e+19 280795.97   56145.19   -56805.0  -56718.545   86.359      0.0    
   3000     15627.28  1244.5652    0.104    1208.3953    0.1005     0.0057      0.0     201435.417 5.167754830009441e+19 280788.81   56084.14   -56775.0  -56688.624   86.361      0.0    
   3100     16126.82  1244.5775    0.104    1208.3593    0.1005     0.0058      0.0     200031.1573 5.167827791409643e+19  280679.1   56088.72   -56661.0  -56574.348   86.363      0.0    
   3200     16625.7   1244.5979    0.104    1208.3236    0.1005     0.0057      0.0     199698.8602 5.168436049152635e+19 280637.37   56190.84   -56692.0  -56605.405   86.364      0.0    
   3300     17124.3    1244.606    0.104    1208.2878    0.1005     0.0057      0.0     199592.586 5.16715708103326e+19 280608.37   56109.33   -56728.0  -56642.128   86.365      0.0    
   3400     17619.61  1244.6141    0.104     1208.252    0.1005     0.0057      0.0     199440.8596 5.167292563434249e+19 280713.58   56162.17   -56717.0  -56630.985   86.366      0.0    
   3500     18119.77  1244.6159    0.104    1208.2161    0.1005     0.0058      0.0     199905.1471 5.166281831139622e+19 280760.23   56140.76   -56640.0  -56553.894   86.366      0.0    
   3600     18618.56  1244.6211    0.104    1208.1801    0.1005     0.0058      0.0     200063.3972 5.164073588076724e+19 280537.35   56157.46   -56787.0  -56700.324   86.367      0.0    
   3700     19117.76  1244.6321    0.104    1208.1439    0.1005     0.0058      0.0     200523.4327 5.164978556308754e+19 280594.78   56101.44   -56742.0  -56655.146   86.367      0.0    
   3800     19615.02  1244.6356    0.104    1208.1075    0.1005     0.0059      0.0     201572.9294 5.163837457531271e+19 280612.09   56077.5    -56736.0  -56649.935   86.368      0.0    
   3900     20113.65  1244.6349    0.104    1208.0709    0.1005     0.006       0.0     201712.9744 5.1668423503226905e+19 280707.94   56088.41   -56674.0  -56587.643   86.368      0.0    
   4000     20613.05  1244.6383    0.104     1208.034    0.1005     0.0059      0.0     202356.1484 5.163193221496609e+19 280472.37   56074.32   -56777.0  -56690.254   86.368      0.0    
   4100     21109.67  1244.6437    0.104    1207.9969    0.1005     0.006       0.0     202579.687 5.161319447265051e+19 280663.08   56178.25   -56641.0  -56555.012   86.368      0.0    
   4200     21607.73  1244.6431    0.104    1207.9596    0.1005     0.0062      0.0     203801.9664 5.162216059841456e+19 280512.27   56190.8    -56720.0  -56633.858   86.368      0.0    
   4300     22105.15  1244.6386    0.104     1207.922    0.1005     0.0061      0.0     203962.544 5.1617686819587826e+19 280638.06   56150.64   -56787.0  -56700.189   86.368      0.0    
   4400     22600.72  1244.6381    0.104    1207.8841    0.1005     0.0061      0.0     204799.6167 5.15853300222726e+19 280563.48   56053.18   -56779.0  -56692.975   86.368      0.0    
   4500     23096.48  1244.6269    0.104     1207.846    0.1005     0.0062      0.0     205865.022 5.158833529100399e+19  280568.4   56168.15   -56731.0  -56644.166   86.368      0.0    
   4600     23595.47  1244.6301    0.104    1207.8076    0.1005     0.0062      0.0     206310.5263 5.159087152364978e+19 280616.19   56097.13   -56741.0  -56655.083   86.368      0.0    
   4700     24095.63  1244.6393    0.104    1207.7689    0.1005     0.0063      0.0     207308.2615 5.159610845673403e+19 280671.85   56038.46   -56691.0  -56604.381   86.368      0.0    
   4800     24591.16  1244.6368    0.104     1207.73     0.1005     0.0062      0.0     207612.9994 5.157738297152969e+19 280576.37   56074.51   -56682.0  -56595.138   86.368      0.0    
   4900     25090.08  1244.6349    0.104    1207.6906    0.1005     0.0063      0.0     208720.7344 5.156584844446477e+19 280629.73   56111.2    -56741.0  -56654.552   86.368      0.0    
   5000     25585.69   1244.639    0.104     1207.651    0.1005     0.0064      0.0     209184.8808 5.159368608940311e+19 280546.47   56163.98   -56800.0  -56713.692   86.368      0.0    
   5100     26088.32  1244.6404    0.104     1207.611    0.1005     0.0064      0.0     210205.5413 5.155318537619973e+19 280550.22   56055.64   -56703.0  -56616.185   86.368      0.0    
   5200     26592.73  1244.6369    0.104    1207.5706    0.1005     0.0065      0.0     211622.7164 5.155025261223658e+19 280657.77   56096.91   -56759.0  -56672.894   86.368      0.0    
   5300     27099.32  1244.6355    0.104     1207.53     0.1005     0.0064      0.0     212383.1919 5.152683418079756e+19 280606.85   56161.56   -56701.0  -56614.676   86.368      0.0    
   5400     27603.34  1244.6362    0.104     1207.489    0.1005     0.0065      0.0     213022.7742 5.153854585919482e+19 280465.95   56130.88   -56641.0  -56554.392   86.368      0.0    
   5500     28110.0   1244.6347    0.104    1207.4477    0.1005     0.0065      0.0     213626.521 5.1543577180541985e+19 280652.03   56076.12   -56749.0  -56662.879   86.368      0.0    
   5600     28616.79  1244.6363    0.104     1207.406    0.1005     0.0066      0.0     214436.804 5.1518675962033996e+19 280535.06   56125.11   -56636.0  -56549.918   86.368      0.0    
   5700     29121.15  1244.6324    0.104    1207.3639    0.1005     0.0066      0.0     215676.0881 5.151472723438065e+19 280648.64   56131.51   -56689.0  -56602.367   86.368      0.0    
   5800     29625.39  1244.6343    0.104    1207.3215    0.1005     0.0067      0.0     216726.0004 5.151291271571436e+19 280703.57   56130.07   -56753.0  -56666.502   86.369      0.0    
   5900     30129.63  1244.6311    0.104    1207.2787    0.1004     0.0067      0.0     217242.7658 5.148220757054106e+19 280539.55   56123.61   -56737.0  -56650.538   86.369      0.0    
   6000     30634.94  1244.6348    0.104    1207.2355    0.1004     0.0067      0.0     218277.6248 5.1509412503062905e+19 280689.36   56096.06   -56768.0  -56681.59    86.369      0.0    
   6100     31141.31  1244.6403    0.104    1207.1919    0.1004     0.0068      0.0     219141.1227 5.147710654625481e+19 280456.66   56114.03   -56686.0  -56599.593   86.369      0.0    
   6200     31645.62  1244.6398    0.104    1207.1478    0.1004     0.0069      0.0     220772.0776 5.147108495663316e+19 280483.88   56104.56   -56778.0  -56691.939   86.368      0.0    
   6300     32150.87  1244.6368    0.104    1207.1033    0.1004     0.0069      0.0     221812.9452 5.147500700710552e+19  280629.6   56122.75   -56680.0  -56593.64    86.369      0.0    
   6400     32655.82  1244.6383    0.104    1207.0583    0.1004     0.007       0.0     222283.6018 5.14703286798544e+19 280655.46   56146.0    -56752.0  -56666.026   86.369      0.0    
   6500     33160.74   1244.641    0.104    1207.0129    0.1004     0.0069      0.0     223918.4572 5.146791646633736e+19 280739.99   56112.02   -56743.0  -56656.382   86.369      0.0    
   6600     33666.7   1244.6365    0.104     1206.967    0.1004     0.0071      0.0     225277.9939 5.144879375433416e+19 280455.94   56159.31   -56770.0  -56683.988   86.369      0.0    
   6700     34171.82  1244.6354    0.104    1206.9207    0.1004     0.0072      0.0     226073.8644 5.141527449143961e+19 280492.51   56115.25   -56755.0  -56668.975   86.369      0.0    
   6800     34678.05  1244.6336    0.104    1206.8739    0.1004     0.0071      0.0     226597.5549 5.142884196830377e+19 280510.85   56117.5    -56738.0  -56652.061   86.369      0.0    
   6900     35184.09  1244.6297    0.104    1206.8267    0.1004     0.0072      0.0     228185.6028 5.14433189280018e+19 280726.88   56106.12   -56690.0  -56603.645   86.369      0.0    
   7000     35687.91  1244.6345    0.104    1206.7788    0.1004     0.0072      0.0     229554.5677 5.144285533746443e+19  280665.3   56141.82   -56691.0  -56604.134   86.369      0.0    
   7100     36190.53   1244.631    0.104    1206.7306    0.1004     0.0073      0.0     230498.5985 5.140957754663847e+19 280800.41   56161.44   -56726.0  -56639.683   86.369      0.0    
   7200     36696.79  1244.6353    0.104    1206.6817    0.1004     0.0074      0.0     231315.0624 5.143299414317907e+19 280515.72   56148.0    -56737.0  -56650.501   86.37       0.0    
   7300     37194.15  1244.6399    0.104    1206.6325    0.1004     0.0074      0.0     232885.8957 5.140151648475899e+19 280726.68   56094.22   -56669.0  -56582.804   86.37       0.0    
   7400     37698.93  1244.6386    0.104    1206.5826    0.1004     0.0074      0.0     234233.6781 5.138129138972321e+19 280713.99   56160.98   -56717.0  -56630.454   86.37       0.0    
   7500     38204.55  1244.6317    0.104    1206.5322    0.1004     0.0074      0.0     235250.0031 5.138843535768241e+19 280700.63   56172.45   -56679.0  -56592.651   86.37       0.0    
   7600     38707.34  1244.6258    0.104    1206.4813    0.1004     0.0076      0.0     236749.9786 5.136334907495911e+19 280734.75   56091.58   -56703.0  -56616.524   86.37       0.0    
   7700     39214.52  1244.6317    0.104    1206.4297    0.1004     0.0077      0.0     237857.5351 5.1335635018810515e+19 280481.89   56053.23   -56676.0  -56589.145   86.369      0.0    
   7800     39720.32  1244.6303    0.104    1206.3777    0.1004     0.0076      0.0     238828.3953 5.1347002080473784e+19 280588.21   56162.79   -56734.0  -56647.493   86.369      0.0    
   7900     40227.58  1244.6313    0.104    1206.3251    0.1004     0.0077      0.0     240104.1324 5.1357118367259075e+19 280696.87   56077.13   -56679.0  -56593.076   86.369      0.0    
   8000     40736.76   1244.632    0.104    1206.2718    0.1004     0.0077      0.0     241772.4802 5.131187150820531e+19 280594.54   56112.65   -56753.0  -56666.64    86.369      0.0    
   8100     41242.09  1244.6276    0.104    1206.2179    0.1004     0.0078      0.0     242788.9468 5.133720632919071e+19 280680.77   56089.3    -56596.0  -56509.847   86.37       0.0    
   8200     41748.63  1244.6254    0.104    1206.1634    0.1004     0.0079      0.0     244600.0365 5.131340054244956e+19 280567.54   56116.54   -56737.0  -56650.738   86.37       0.0    
   8300     42254.36   1244.63     0.104    1206.1082    0.1004     0.0079      0.0     245623.4363 5.131397572928493e+19 280759.47   56081.38   -56706.0  -56619.999   86.37       0.0    
   8400     42760.78  1244.6291    0.104    1206.0524    0.1003     0.008       0.0     247132.058 5.129963006308715e+19 280371.48   56109.68   -56775.0  -56688.768   86.37       0.0    
   8500     43265.19  1244.6223    0.104    1205.9959    0.1003     0.008       0.0     248426.9436 5.125904161650993e+19 280633.96   56116.01   -56835.0  -56748.959   86.37       0.0    
   8600     43773.47   1244.625    0.104    1205.9388    0.1003     0.0081      0.0     249763.6687 5.1252733810508685e+19 280617.07   56097.53   -56720.0  -56633.346   86.371      0.0    
   8700     44279.89  1244.6214    0.104     1205.881    0.1003     0.0081      0.0     251453.5309 5.1265566987870675e+19 280593.73   56077.36   -56726.0  -56639.632   86.371      0.0    
   8800     44785.63  1244.6257    0.104    1205.8225    0.1003     0.0082      0.0     252340.6221 5.126802281807426e+19 280573.36   56046.91   -56697.0  -56610.258   86.37       0.0    
   8900     45293.52  1244.6324    0.104    1205.7634    0.1003     0.0082      0.0     253922.2764 5.123400096038287e+19 280627.52   56082.75   -56818.0  -56731.528   86.371      0.0    
   9000     45798.54  1244.6297    0.104    1205.7035    0.1003     0.0083      0.0     256040.7974 5.122780862861233e+19 280519.33   56113.98   -56612.0  -56525.884   86.371      0.0    
   9100     46307.57  1244.6218    0.104    1205.6428    0.1003     0.0083      0.0     257286.4098 5.124005162204725e+19 280727.69   56200.41   -56710.0  -56623.379   86.371      0.0    
   9200     46810.92  1244.6241    0.104    1205.5814    0.1003     0.0084      0.0     259063.2306 5.124746731087364e+19 280434.54   56118.73   -56697.0  -56610.832   86.371      0.0    
   9300     47311.4   1244.6265    0.104    1205.5192    0.1003     0.0085      0.0     260354.3987 5.12174539416021e+19 280687.98   56138.3    -56670.0  -56583.447   86.37       0.0    
   9400     47811.45  1244.6254    0.104    1205.4563    0.1003     0.0086      0.0     261686.0631 5.121583159944845e+19 280705.52   56082.56   -56670.0  -56583.92    86.37       0.0    
   9500     48311.04  1244.6212    0.104    1205.3926    0.1003     0.0086      0.0     263801.0495 5.1187660527964365e+19 280661.64   56075.14   -56704.0  -56617.224   86.37       0.0    
   9600     48811.66  1244.6207    0.104     1205.328    0.1003     0.0087      0.0     265250.1474 5.122632468852514e+19 280639.43   56122.69   -56763.0  -56676.718   86.37       0.0    
   9700     49310.68  1244.6251    0.104    1205.2627    0.1003     0.0087      0.0     266555.1717 5.118736654641643e+19 280552.26   56190.97   -56702.0  -56615.378   86.371      0.0    
   9800     49803.75  1244.6293    0.104    1205.1965    0.1003     0.0088      0.0     268608.2888 5.118493378205778e+19 280740.27   56187.11   -56648.0  -56561.516   86.371      0.0    
   9900     50293.42  1244.6264    0.104    1205.1296    0.1003     0.0088      0.0     270007.6436 5.11288208673138e+19 280515.18   56116.57   -56775.0  -56688.997   86.37       0.0    
  10000     50782.25  1244.6255    0.104    1205.0617    0.1003     0.0089      0.0     271562.1975 5.113208460091106e+19 280601.07   56113.15   -56751.0  -56664.905   86.37       0.0    
  10100     51274.16  1244.6208    0.104    1204.9931    0.1003     0.009       0.0     273172.219 5.1120964257592795e+19 280601.84   56089.61   -56679.0  -56593.003   86.37       0.0    
  10200     51766.95  1244.6183    0.104    1204.9235    0.1003     0.0091      0.0     275026.9062 5.1114349944644076e+19  280433.5   56145.74   -56768.0  -56681.272   86.371      0.0    
  10300     52259.27  1244.6224    0.104     1204.853    0.1002     0.0091      0.0     276346.5041 5.109976291152001e+19 280834.11   56119.6    -56718.0  -56631.333   86.371      0.0    
  10400     52749.86  1244.6261    0.104    1204.7816    0.1002     0.0092      0.0     278761.655 5.110123878388793e+19 280493.32   56085.46   -56706.0  -56619.804   86.372      0.0    
  10500     53236.26  1244.6279    0.104    1204.7093    0.1002     0.0093      0.0     280088.0326 5.107995465044223e+19 280473.53   56009.99   -56726.0  -56639.496   86.372      0.0    
  10600     53724.73  1244.6234    0.104     1204.636    0.1002     0.0093      0.0     282042.6699 5.107148828918418e+19  280636.8   56145.1    -56686.0  -56599.662   86.372      0.0    
  10700     54213.57   1244.632    0.104    1204.5618    0.1002     0.0095      0.0     283721.3215 5.105700126534906e+19 280607.72   56184.95   -56650.0  -56563.476   86.372      0.0    
  10800     54701.85  1244.6234    0.104    1204.4866    0.1002     0.0094      0.0     285912.0726 5.104497071873855e+19 280418.78   56132.7    -56759.0  -56672.651   86.372      0.0    
  10900     55182.0   1244.6184    0.104    1204.4104    0.1002     0.0095      0.0     287811.8355 5.1024800085157536e+19 280568.54   56156.43   -56636.0  -56549.761   86.372      0.0    
  11000     55657.76  1244.6152    0.104    1204.3333    0.1002     0.0096      0.0     289359.8798 5.1008859118894875e+19 280624.12   56217.39   -56805.0  -56718.174   86.371      0.0    
  11100     56134.5   1244.6229    0.104    1204.2551    0.1002     0.0096      0.0     291278.7462 5.1013792328006e+19 280530.16   56181.67   -56779.0  -56692.23    86.372      0.0    
  11200     56611.48  1244.6213    0.104    1204.1759    0.1002     0.0097      0.0     293094.6219 5.097847194359488e+19 280724.47   56123.42   -56734.0  -56648.054   86.372      0.0    
  11300     57090.36  1244.6218    0.104    1204.0956    0.1002     0.0099      0.0     294981.3487 5.094840217478032e+19 280649.61   56126.8    -56760.0  -56673.462   86.372      0.0    
  11400     57576.96  1244.6271    0.104    1204.0142    0.1002      0.01       0.0     296615.7779 5.094449021214284e+19  280709.4   56040.72   -56719.0  -56632.939   86.373      0.0    
  11500     58086.38  1244.6277    0.104    1203.9319    0.1002     0.0098      0.0     298156.0296 5.0926783099364835e+19 280575.18   56078.86   -56690.0  -56603.58    86.373      0.0    
  11600     58594.39  1244.6249    0.104    1203.8483    0.1002      0.01       0.0     300636.2855 5.096300281629059e+19 280774.41   56103.33   -56797.0  -56710.328   86.373      0.0    
  11700     59102.01  1244.6279    0.104    1203.7636    0.1002     0.0101      0.0     302640.4582 5.094392839382109e+19 280642.42   56116.52   -56722.0  -56635.572   86.373      0.0    
  11800     59611.09  1244.6188    0.104    1203.6778    0.1002     0.0102      0.0     304653.5335 5.090102596484795e+19 280432.28   56109.3    -56649.0  -56562.35    86.373      0.0    
  11900     60119.4   1244.6241    0.104    1203.5908    0.1001     0.0103      0.0     306867.3759 5.088415845279131e+19 280508.75   56121.4    -56762.0  -56675.879   86.373      0.0    
  12000     60626.09  1244.6236    0.104    1203.5027    0.1001     0.0102      0.0     308212.7396 5.087337468708336e+19  280747.0   56166.58   -56730.0  -56643.227   86.373      0.0    
[8.03199576 7.25936504 7.20380427 7.3346653  7.82224598 7.96594967
 7.79892278 8.16274183 8.00408059 7.88689935 8.8787946  9.09396702
 7.84546946 7.30002339 7.87549612 8.32308748 7.59797712 8.04268717
 7.67471765 8.00375654]
[7.88435674 7.13039381 8.42670263 8.35954498 7.67589974 7.98444779
 8.01455693 7.77454089 8.14351771 7.69333209 8.05132422 7.97320386
 7.64903277 7.90017323 8.24647874 7.75023599 8.45665605 8.31444738
 8.03811203 7.76163984]
[6.89868972 8.10131766 7.56809902 6.78209712 7.40638051 6.59756304
 7.97879431 7.12448574 7.47559268 7.36560385 6.94430667 6.90308763
 7.2938528  7.59607675 7.20885587 6.94034581 7.12008424 6.59623759
 6.77433862 6.70819258]
