Generating synthetic real valued data ... 
Generating synthetic  real valued data took:  21.429286241531372
Evaluation for true params: 
 test_rsme | train_rsme | rel-te-err | rel-tr-err |  test_nll  |  train_nll |
1204.1840809454 1202.4146785192 0.1004525332 0.0999811243  287434.61    1149937.97 
Using  0.05 of training data
Factorizing with max_iteration = 12000  fixing covariance?:  False
Tensor dimensions:  [50, 50, 50]
Optimization metrics: 
Using Ada Grad
Mean update scheme:  S
Covariance update :  N
Using diagonal covariance?:  False
Random start? True
k1 samples =  32  k2 samples =  128
eta =  1.0  cov eta =  1.0  sigma eta =  1
iteration |   time   |test_rsme |rel-te-err|train_rsme|rel-tr-err|   d_mean  |   d_cov  |avg_grad_m|avg_grad_c| test_nll | train_nll |    VLB   |  E-term  |    KL     
    0         2.52    10043.0537   0.9979   10069.9993   0.9979     3.1623     0.3491   91008.4853  41.8655   287823.14   57564.63   -57581.0  -57564.627   16.839   
    5        132.53   10038.3944   0.9974   10065.3114   0.9974     3.1623     0.3604   589677.0563  308.7956  287823.14   57564.63   -57583.0  -57564.627   18.04    
    10       265.16   10033.3015   0.9969   10060.1839   0.9969     3.1623     0.3716   1135339.9709  660.7877  287823.14   57564.63   -57584.0  -57564.627   19.081   
    20       419.87   10020.7267   0.9956   10047.5964   0.9956     3.1623     0.378    2473508.4981 1713.5825  287823.14   57564.63   -57585.0  -57564.627   20.831   
    50       638.81   9963.6029    0.9896    9990.556    0.9897     3.1623     0.3847   8432291.9286 8550.5219  287823.14   57564.63   -57609.0  -57564.627   43.976   
   100       935.4     9793.562    0.9719   9820.5359    0.972      3.0702     0.026    18711017.294 39030.805  287823.14   57564.63   -57619.0  -57564.627    54.2    
   200      1358.34   9104.7973    0.9003   9131.8396    0.9006     2.807      0.0186   46536084.4824 257547.8839 287823.14   57564.63   -57631.0  -57564.627   66.171   
   300      1763.87   7910.2951    0.7756   7937.3912    0.7763     2.5326     0.0088   74970656.627 837270.2449 287823.14   57564.63   -57638.0  -57564.627   73.184   
   400      2164.39   6285.4839    0.6049   6312.4512    0.6061     2.2404     0.0041   92115902.0637 1893158.2849 287823.14   57564.63   -57642.0  -57564.627   77.635   
   500      2561.29   4473.7678    0.4118   4499.8463    0.4135     1.9016     0.0019   89486347.58 3374744.5591 287737.04   57550.71   -57644.0  -57563.333   80.652   
   600      2957.53   2881.6933    0.2409   2904.2551    0.2425     1.5037     0.0012   68425437.4985 4993288.9658 286633.56   57367.94   -57631.0  -57548.059   82.683   
   700      3353.61   1879.0003    0.1458   1891.9517    0.1462     1.0906     0.0008   41465483.968 6328815.1033 284347.27   56818.97   -57590.0  -57505.763   83.956   
   800      3750.36   1458.2094    0.1152   1456.9129    0.1152     0.7473      0.0     21101738.311 7162876.4369 282602.78   56624.21   -57572.0  -57487.372   84.717   
   900       4144.6   1324.7237    0.108    1311.8585    0.1071     0.5141      0.0     10478384.6952 7588315.6646 281949.03   56459.27   -57558.0  -57473.028   85.183   
   1000     4541.39   1280.1647    0.106    1260.0911    0.1043     0.3658      0.0     5835179.7624 7783965.8368 281685.72   56384.2    -57548.0  -57462.013   85.488   
   1100      4937.8   1261.4849    0.1051   1236.9658    0.1029     0.2706      0.0     3804119.9083 7871766.3004 281605.46   56211.26   -57532.0  -57446.62    85.699   
   1200     5335.16   1252.3577    0.1046   1224.9344    0.102      0.2058      0.0     2719895.4095 7911524.6672 281421.15   56277.23   -57537.0  -57450.832   85.853   
   1300     5732.01   1247.6778    0.1043   1218.2224    0.1015     0.1597      0.0     2030341.5375 7930564.1205 281655.98   56281.56   -57541.0  -57454.851   85.969   
   1400     6127.28   1245.3218    0.1041   1214.3849    0.1012     0.1253      0.0     1541342.8686 7940278.6668 282051.61   56316.68   -57534.0  -57448.067   86.058   
   1500     6524.01   1244.1965    0.104    1212.1365    0.101      0.0992      0.0     1189983.0274 7945939.0189 282016.93   56352.33   -57538.0  -57451.91    86.126   
   1600     6919.03   1243.7208    0.104    1210.8127    0.1008     0.0781      0.0     915660.6086 7949120.0908 282075.71   56356.87   -57563.0  -57477.251   86.179   
   1700     7314.39   1243.5875    0.104    1210.0127    0.1007     0.062       0.0     716992.9924 7951134.6927 282034.89   56285.11   -57551.0  -57465.078   86.221   
   1800      7709.2   1243.6206    0.1039   1209.5197    0.1007     0.0499      0.0     574862.99  7952663.9519 281751.36   56307.1    -57550.0  -57463.661   86.253   
   1900     8106.58   1243.7229    0.1039   1209.2085    0.1006     0.0403      0.0     466662.6178 7953580.9023 281897.58   56370.08   -57543.0  -57456.882   86.278   
   2000     8504.72   1243.8481    0.1039   1209.0063    0.1006     0.0315      0.0     385045.4972 7954503.8531 281843.64   56415.5    -57551.0  -57464.526   86.297   
   2100     8902.73   1243.9743    0.1039   1208.8698    0.1006     0.0251      0.0     329607.4372 7955072.5691 281927.12   56391.43   -57549.0  -57462.434   86.312   
   2200     9299.17   1244.0838    0.1039   1208.7727    0.1006     0.0197      0.0     290162.3644 7955407.5985 281988.13   56325.81   -57554.0  -57467.557   86.324   
   2300     9695.86   1244.1941    0.1039   1208.6988    0.1006     0.017       0.0     265300.4172 7955482.6161 282106.56   56302.51   -57547.0  -57460.277   86.333   
   2400     10091.55  1244.2718    0.1039   1208.6404    0.1006     0.0133      0.0     239580.8897 7956015.7764 281698.61   56433.31   -57552.0  -57465.909   86.341   
   2500     10485.82  1244.3495    0.1039   1208.5908    0.1006     0.0106      0.0     227308.1518 7956108.0685 281909.69   56313.87   -57553.0  -57466.318   86.347   
   2600     10881.17  1244.4114    0.1039   1208.5471    0.1006     0.0088      0.0     218227.5945 7956408.0726 281918.11   56384.34   -57544.0  -57457.81    86.352   
   2700     11280.62  1244.4603    0.1039   1208.5067    0.1006     0.007       0.0     210867.1839 7956452.2736 281820.89   56342.98   -57569.0  -57482.487   86.355   
   2800     11676.39  1244.4977    0.1039   1208.4683    0.1006     0.0058      0.0     206793.5395 7956379.9268 281631.16   56379.64   -57548.0  -57462.031   86.358   
   2900     12072.42  1244.5332    0.104    1208.4312    0.1005     0.0056      0.0     203194.3107 7956600.9488 281900.61   56330.08   -57546.0  -57459.558   86.36    
   3000     12469.88  1244.5584    0.104    1208.3948    0.1005     0.0056      0.0     201442.9935 7956732.8422 281834.91   56336.19   -57551.0  -57464.664   86.362   
   3100     12870.28  1244.5807    0.104    1208.3589    0.1005     0.0057      0.0     199870.0018 7956623.3426 281757.39   56295.47   -57561.0  -57474.504   86.363   
   3200     13265.98   1244.594    0.104    1208.3231    0.1005     0.0057      0.0     200241.6967 7956684.4591 281858.66   56436.74   -57548.0  -57462.098   86.364   
   3300     13665.82  1244.6093    0.104    1208.2874    0.1005     0.0057      0.0     199080.9351 7956593.2175 281617.05   56409.41   -57548.0  -57461.249   86.365   
   3400     14066.5   1244.6187    0.104    1208.2516    0.1005     0.0058      0.0     199413.266 7956748.7672 282038.78   56392.95   -57549.0  -57462.285   86.366   
   3500     14464.13  1244.6318    0.104    1208.2157    0.1005     0.0058      0.0     199752.5953 7956659.1767 281860.28   56388.8    -57555.0  -57468.228   86.367   
   3600     14859.77  1244.6328    0.104    1208.1796    0.1005     0.0058      0.0     200442.3369 7956718.6199 281964.76   56355.84   -57562.0  -57475.382   86.367   
   3700     15254.26  1244.6356    0.104    1208.1434    0.1005     0.0059      0.0     200593.401 7956856.1544 281993.99   56392.46   -57561.0  -57474.245   86.368   
   3800     15645.95  1244.6389    0.104     1208.107    0.1005     0.0058      0.0     200909.962 7956766.1977 281825.68   56366.83   -57549.0  -57462.616   86.368   
   3900     16043.93  1244.6455    0.104    1208.0703    0.1005     0.006       0.0     201529.4212 7956835.0174 282016.17   56390.79   -57550.0  -57463.19    86.369   
   4000     16438.93  1244.6436    0.104    1208.0334    0.1005     0.006       0.0     202427.9255 7956708.2888  281840.8   56340.04   -57554.0  -57468.033   86.369   
   4100     16835.8   1244.6493    0.104    1207.9963    0.1005     0.006       0.0     202534.0688 7956721.6755 281791.44   56366.01   -57552.0  -57465.815   86.369   
   4200     17235.03   1244.645    0.104     1207.959    0.1005     0.0061      0.0     203292.2506 7956727.6578 281814.13   56368.31   -57573.0  -57486.353   86.369   
   4300     17627.19  1244.6511    0.104    1207.9213    0.1005     0.0061      0.0     204499.757 7956778.3561 281768.87   56430.98   -57550.0  -57464.038   86.369   
   4400     18024.71  1244.6513    0.104    1207.8835    0.1005     0.0061      0.0     204838.4934 7956781.8473  281709.3   56344.79   -57549.0  -57462.664   86.369   
   4500     18421.82  1244.6508    0.104    1207.8453    0.1005     0.0062      0.0     205463.5207 7956764.5082 281793.51   56256.46   -57561.0  -57474.735   86.369   
   4600     18819.63  1244.6498    0.104    1207.8068    0.1005     0.0061      0.0     206263.2368 7956754.0861 281896.72   56389.17   -57563.0  -57476.749   86.369   
   4700     19215.47  1244.6558    0.104     1207.768    0.1005     0.0062      0.0     207634.0077 7956662.5344  281847.0   56253.78   -57545.0  -57458.565   86.369   
   4800     19613.35   1244.662    0.104     1207.729    0.1005     0.0064      0.0     208050.8047 7956765.0056 281545.06   56386.49   -57547.0  -57460.307   86.369   
   4900     20009.39  1244.6613    0.104    1207.6896    0.1005     0.0063      0.0     208525.5787 7956797.4284 281961.91   56348.67   -57557.0  -57471.082   86.369   
   5000     20404.87  1244.6567    0.104     1207.65     0.1005     0.0063      0.0     209560.8707 7956670.2704 281698.75   56253.04   -57549.0  -57463.015   86.369   
   5100     20800.06  1244.6532    0.104     1207.61     0.1005     0.0064      0.0     210700.1284 7956928.1542 282057.38   56345.56   -57558.0  -57471.936   86.369   
   5200     21195.35  1244.6597    0.104    1207.5696    0.1005     0.0065      0.0     211196.8221 7956712.9739  282059.1   56433.75   -57548.0  -57461.986   86.369   
   5300     21590.49  1244.6571    0.104     1207.529    0.1005     0.0064      0.0     211756.2702 7956809.4941  282087.2   56266.95   -57565.0  -57478.643   86.369   
   5400     21986.41  1244.6557    0.104     1207.488    0.1005     0.0064      0.0     212781.2792 7956729.9772 281890.32   56437.23   -57547.0  -57460.149   86.369   
   5500     22383.04  1244.6532    0.104    1207.4466    0.1005     0.0066      0.0     214085.5231 7956797.0956 281726.67   56415.1    -57561.0  -57475.068   86.369   
   5600     22779.56  1244.6459    0.104    1207.4048    0.1005     0.0066      0.0     214712.112 7956817.7717  281718.1   56441.24   -57550.0  -57464.028   86.37    
   5700     23176.83  1244.6325    0.104    1207.3627    0.1005     0.0066      0.0     215496.567 7956928.9865 281792.73   56407.58   -57566.0  -57479.656   86.37    
   5800     23573.93  1244.6347    0.104    1207.3202    0.1005     0.0067      0.0     216889.349 7956908.1535 281804.71   56412.99   -57556.0  -57469.363   86.369   
   5900     23968.26  1244.6376    0.104    1207.2772    0.1004     0.0067      0.0     218202.1303 7956718.2725 281855.23   56467.29   -57554.0  -57467.792   86.369   
   6000     24362.72  1244.6311    0.104    1207.2339    0.1004     0.0068      0.0     218703.3356 7956762.5864 281949.36   56403.1    -57555.0  -57468.299   86.369   
   6100     24757.2   1244.6411    0.104    1207.1902    0.1004     0.0068      0.0     219835.1485 7956719.7827 281879.24   56475.6    -57552.0  -57465.946   86.37    
   6200     25153.08  1244.6394    0.104    1207.1461    0.1004     0.0069      0.0     220609.1732 7956845.0692 281807.53   56383.49   -57558.0  -57471.689   86.369   
   6300     25547.48  1244.6352    0.104    1207.1016    0.1004     0.0069      0.0     221270.7402 7956950.9028 281952.09   56465.2    -57559.0  -57472.558   86.369   
   6400     25945.3   1244.6347    0.104    1207.0566    0.1004     0.0069      0.0     222930.1988 7956678.9073  281643.8   56424.32   -57548.0  -57462.002   86.369   
   6500     26341.92  1244.6413    0.104    1207.0112    0.1004     0.007       0.0     223459.842 7956739.3442 281853.09   56301.72   -57559.0   -57472.3    86.369   
   6600     26736.1   1244.6381    0.104    1206.9652    0.1004     0.0071      0.0     225121.5945 7956759.9465 281794.62   56304.99   -57566.0  -57479.833   86.369   
   6700     27129.84  1244.6399    0.104    1206.9189    0.1004     0.0071      0.0     226555.0495 7956814.2388 281801.82   56389.47   -57548.0  -57461.324   86.369   
   6800     27524.16  1244.6378    0.104     1206.872    0.1004     0.0071      0.0     227614.7332 7957039.5154 281945.72   56237.34   -57544.0  -57457.835   86.37    
   6900     27921.95  1244.6407    0.104    1206.8246    0.1004     0.0073      0.0     228690.6968 7956817.189 281852.58   56377.64   -57562.0  -57475.154   86.369   
   7000     28318.18  1244.6405    0.104    1206.7768    0.1004     0.0073      0.0     229694.0921 7956983.5575 281880.89   56400.26   -57550.0  -57463.719   86.369   
   7100     28716.02  1244.6366    0.104    1206.7285    0.1004     0.0073      0.0     230145.9883 7956803.2915 281805.36   56280.08   -57560.0  -57473.139   86.369   
   7200     29111.81  1244.6346    0.104    1206.6796    0.1004     0.0074      0.0     231855.8832 7956940.6517  282049.5   56461.18   -57545.0  -57458.34    86.369   
   7300     29509.3    1244.641    0.104    1206.6303    0.1004     0.0073      0.0     232993.4597 7956748.7541 281963.65   56290.06   -57556.0  -57470.018   86.369   
   7400     29905.29  1244.6365    0.104    1206.5803    0.1004     0.0074      0.0     234118.4943 7956709.6243 281971.33   56237.65   -57556.0  -57469.606   86.369   
   7500     30303.84  1244.6375    0.104    1206.5299    0.1004     0.0075      0.0     235094.4317 7957091.8595 281787.91   56399.62   -57548.0  -57461.165   86.369   
   7600     30698.36  1244.6315    0.104     1206.479    0.1004     0.0075      0.0     236486.8234 7956942.6548 281868.75   56398.54   -57558.0  -57471.831   86.37    
   7700     31093.18  1244.6297    0.104    1206.4274    0.1004     0.0076      0.0     237684.6746 7956982.4251 282088.59   56353.15   -57546.0  -57459.178   86.37    
   7800     31488.04  1244.6333    0.104    1206.3752    0.1004     0.0077      0.0     239675.5733 7956733.4768  282018.1   56267.45   -57561.0  -57474.93    86.37    
   7900     31881.57  1244.6314    0.104    1206.3224    0.1004     0.0077      0.0     240888.6851 7956765.9331 281958.08   56424.17   -57557.0  -57470.83    86.37    
   8000     32276.54  1244.6353    0.104    1206.2691    0.1004     0.0077      0.0     241360.6023 7956817.1899 281998.86   56353.45   -57545.0  -57458.503   86.37    
   8100     32670.32  1244.6337    0.104    1206.2152    0.1004     0.0078      0.0     243422.4325 7956777.9589 281877.95   56347.9    -57551.0  -57464.731   86.37    
   8200     33064.7   1244.6313    0.104    1206.1606    0.1004     0.0078      0.0     244529.2202 7956772.4205 281801.23   56390.08   -57548.0  -57461.738   86.37    
   8300     33457.2   1244.6301    0.104    1206.1054    0.1004     0.0079      0.0     245636.9366 7956889.315  281783.2   56555.4    -57556.0  -57469.492   86.37    
   8400     33851.42  1244.6308    0.104    1206.0495    0.1003     0.0079      0.0     247499.6695 7956823.7391 281725.16   56401.92   -57558.0  -57471.647   86.37    
   8500     34246.38   1244.627    0.104     1205.993    0.1003     0.008       0.0     248970.0177 7956796.3562 281852.66   56355.99   -57562.0  -57475.169   86.37    
   8600     34640.53  1244.6296    0.104    1205.9359    0.1003     0.0081      0.0     250286.059 7956906.8934 281842.01   56417.13   -57561.0  -57475.12    86.371   
   8700     35038.92  1244.6349    0.104    1205.8779    0.1003     0.0082      0.0     251210.8673 7956879.7412 281721.81   56381.89   -57556.0  -57469.67    86.371   
   8800     35435.59  1244.6336    0.104    1205.8194    0.1003     0.0082      0.0     252949.2815 7957101.111 281613.12   56323.18   -57544.0  -57458.107   86.371   
   8900     35831.96  1244.6332    0.104    1205.7601    0.1003     0.0083      0.0     254629.1145 7956833.0522 281886.14   56408.07   -57545.0  -57458.285   86.371   
   9000     36228.25   1244.634    0.104    1205.7001    0.1003     0.0083      0.0     256305.0917 7956960.5462 281737.43   56305.58   -57546.0  -57459.973   86.371   
   9100     36628.67  1244.6374    0.104    1205.6394    0.1003     0.0084      0.0     257041.6784 7956930.6247 281678.03   56364.1    -57547.0  -57460.515   86.371   
   9200     37023.17  1244.6272    0.104    1205.5779    0.1003     0.0084      0.0     259125.7226 7956996.347 281859.05   56304.46   -57534.0  -57447.599   86.371   
   9300     37417.68  1244.6342    0.104    1205.5157    0.1003     0.0085      0.0     260523.9236 7956975.8147 281959.51   56377.58   -57552.0  -57465.743   86.371   
   9400     37809.97  1244.6396    0.104    1205.4526    0.1003     0.0086      0.0     262388.5308 7956916.7685 281856.36   56417.23   -57561.0  -57474.481   86.372   
   9500     38204.26  1244.6351    0.104    1205.3888    0.1003     0.0087      0.0     263836.6168 7956815.4326 281867.36   56476.28   -57543.0  -57457.033   86.371   
   9600     38601.76  1244.6354    0.104    1205.3242    0.1003     0.0087      0.0     265511.1116 7957025.2803 281693.81   56343.72   -57555.0  -57468.878   86.372   
   9700     38993.64  1244.6372    0.104    1205.2588    0.1003     0.0087      0.0     267335.2592 7957004.7114 281823.07   56344.77   -57556.0  -57469.395   86.371   
   9800     39387.23  1244.6376    0.104    1205.1925    0.1003     0.0088      0.0     268808.3748 7956983.3642 281899.19   56302.18   -57560.0  -57473.334   86.372   
   9900     39783.12  1244.6357    0.104    1205.1255    0.1003     0.0088      0.0     269874.2167 7956931.5853  281895.5   56383.87   -57558.0  -57471.569   86.372   
  10000     40181.81  1244.6331    0.104    1205.0576    0.1003     0.0089      0.0     271942.5808 7957072.2337 281929.11   56332.1    -57557.0  -57470.267   86.372   
  10100     40579.7   1244.6231    0.104    1204.9887    0.1003     0.009       0.0     273408.1387 7956962.8814 281698.84   56395.88   -57552.0  -57465.674   86.372   
  10200     40974.8   1244.6186    0.104    1204.9191    0.1003     0.0091      0.0     275300.9585 7957050.058 281769.49   56322.8    -57563.0  -57476.602   86.371   
  10300     41372.05  1244.6135    0.104    1204.8484    0.1002     0.0091      0.0     276864.8212 7957044.0817 281900.78   56430.33   -57554.0  -57467.875   86.371   
  10400     41768.04  1244.6135    0.104     1204.777    0.1002     0.0092      0.0     278899.6884 7957067.9766 281669.88   56391.72   -57565.0  -57478.809   86.371   
  10500     42163.12   1244.628    0.104    1204.7045    0.1002     0.0092      0.0     280428.0858 7956932.5631 281831.69   56333.25   -57549.0  -57462.451   86.371   
  10600     42558.34  1244.6259    0.104    1204.6312    0.1002     0.0093      0.0     282406.732 7956971.269 281809.39   56414.86   -57558.0  -57471.453   86.371   
  10700     42951.01  1244.6327    0.104    1204.5569    0.1002     0.0094      0.0     284041.2694 7957000.687 281804.41   56361.72   -57545.0  -57458.747   86.372   
  10800     43346.73  1244.6334    0.104    1204.4815    0.1002     0.0095      0.0     286425.6017 7957017.7318 281740.46   56360.65   -57546.0  -57459.281   86.373   
  10900     43742.33  1244.6386    0.104    1204.4052    0.1002     0.0095      0.0      288036.5  7957070.6923 281679.51   56362.03   -57549.0  -57462.441   86.373   
  11000     44135.38  1244.6339    0.104    1204.3279    0.1002     0.0097      0.0     289635.4309 7956913.9963 281925.16   56464.4    -57546.0  -57459.255   86.373   
  11100     44530.45   1244.636    0.104    1204.2495    0.1002     0.0097      0.0     291635.5334 7957015.8576 281647.41   56323.64   -57549.0  -57462.502   86.373   
  11200     44921.74  1244.6368    0.104    1204.1702    0.1002     0.0097      0.0     293007.6406 7956996.2485 281783.89   56295.22   -57553.0  -57466.452   86.373   
  11300     45320.44  1244.6341    0.104    1204.0897    0.1002     0.0098      0.0     295281.7168 7957053.1971 281812.34   56312.33   -57554.0  -57467.653   86.373   
  11400     45715.82  1244.6285    0.104    1204.0082    0.1002     0.0099      0.0     297175.4862 7957060.3395 281617.41   56373.86   -57550.0  -57464.018   86.373   
  11500     46112.41  1244.6306    0.104    1203.9257    0.1002     0.0099      0.0     299126.8766 7957184.1471 281864.86   56479.79   -57550.0  -57463.981   86.372   
  11600     46508.01  1244.6287    0.104     1203.842    0.1002     0.0101      0.0     300893.4748 7956983.9459 281849.32   56362.62   -57557.0  -57470.875   86.373   
  11700     46902.28  1244.6267    0.104    1203.7572    0.1002      0.01       0.0     302718.4931 7957090.9767 281801.28   56343.76   -57558.0  -57471.211   86.373   
  11800     47295.92  1244.6219    0.104    1203.6713    0.1002     0.0101      0.0     305129.4254 7957061.18 281668.27   56426.11   -57564.0  -57477.923   86.373   
  11900     47691.4   1244.6223    0.104    1203.5841    0.1001     0.0102      0.0     306788.6542 7956983.0902 281741.23   56450.31   -57552.0  -57465.974   86.373   
  12000     48087.74  1244.6272    0.104    1203.4958    0.1001     0.0102      0.0     309074.2548 7957115.539 281844.75   56401.14   -57544.0  -57457.902   86.373   
[8.03106552 7.25880028 7.20412953 7.33403257 7.82457272 7.96438907
 7.79750703 8.16452235 8.00293654 7.88571873 8.87952844 9.09281152
 7.84410005 7.30071087 7.87389482 8.32326896 7.59836383 8.04291362
 7.67315331 8.00392643]
[7.88258594 7.12843343 8.42607837 8.35967469 7.67675267 7.98294479
 8.0149835  7.77460919 8.14562348 7.69224326 8.05317758 7.97581333
 7.64787782 7.90074338 8.24639036 7.75201905 8.4581848  8.31233698
 8.03578238 7.76084483]
[6.89797934 8.10149752 7.5677097  6.78409477 7.40555889 6.59648309
 7.98103204 7.12275544 7.47753156 7.36851325 6.94513906 6.90241747
 7.29471731 7.59666347 7.20964598 6.93975546 7.12123254 6.59878786
 6.77494274 6.70803686]
