Factorizing with max_iteration = 20000  fixing covariance?:  False
Tensor dimension: [104, 104, 26]
Mean update: S
Cov update: N
Using diagonal covariance: True
k1 samples =  64  k2 samples =  128
eta =  1.0  cov eta =  1.0  sigma eta =  1
iteration |   time   |  test_err  |  test_mae  |  trainerr  |  trainmae |
    0         3.31      0.9609     0.9803     0.9617     0.9807  
    5       2546.19     0.961      0.9804     0.9617     0.9808  
    10      4987.94     0.9609     0.9803     0.9617     0.9807  
    20      7593.65     0.9609     0.9803     0.9617     0.9807  
    50      10241.59    0.9609     0.9803     0.9617     0.9807  
   100      12981.91    0.9609     0.9803     0.9617     0.9807  
   200      15834.24    0.9609     0.9803     0.9617     0.9807  
   500      19334.98    0.9609     0.9803     0.9617     0.9807  
   1000     23023.79    0.9609     0.9803     0.9617     0.9807  
   1500     26574.03    0.9609     0.9803     0.9617     0.9807  
   2000     32068.08    0.9609     0.9803     0.9617     0.9807  
   2500     35976.26    0.9609     0.9803     0.9617     0.9807  
   3000     39743.23    0.9609     0.9803     0.9617     0.9807  
   3500     43539.51    0.9609     0.9803     0.9617     0.9807  
   4000     47333.39    0.9609     0.9803     0.9617     0.9807  
   4500     51346.16    0.9609     0.9803     0.9617     0.9807  
   5000     55199.86    0.9609     0.9803     0.9617     0.9807  
   5500     59287.37    0.9609     0.9803     0.9617     0.9807  
   6000     68050.17    0.9609     0.9803     0.9617     0.9807  
   6500     79217.11    0.9609     0.9803     0.9617     0.9807  
   7000     86166.39    0.9609     0.9803     0.9617     0.9807  
   7500     92484.07    0.9609     0.9803     0.9617     0.9807  
   8000     95675.96    0.9609     0.9803     0.9617     0.9807  
   8500     98879.65    0.9609     0.9803     0.9617     0.9807  
   9000    104334.74    0.9609     0.9803     0.9617     0.9807  
   9500     109110.4    0.9609     0.9803     0.9617     0.9807  
  10000    112303.23    0.9609     0.9803     0.9617     0.9807  
  10500     115701.1    0.9609     0.9803     0.9617     0.9807  
  11000    123211.49    0.9609     0.9803     0.9617     0.9807  
  11500    127620.11    0.9609     0.9803     0.9617     0.9807  
  12000     131805.8    0.9609     0.9803     0.9617     0.9807  
  12500    135995.49    0.9609     0.9803     0.9617     0.9807  
  13000    140061.92    0.9609     0.9803     0.9617     0.9807  
