Factorizing with max_iteration = 20000  fixing covariance?:  False
Tensor dimension: [14, 14, 56]
Mean update: S
Cov update: N
Using diagonal covariance: True
k1 samples =  64  k2 samples =  128
eta =  1.0  cov eta =  1.0  sigma eta =  1
iteration |   time   |  test_err  |  test_mae  |  trainerr  |  trainmae |
    0        21.07      0.9427     1.9419     0.9411     1.9402  
    5        127.04     0.8493     1.8432     0.8499     1.8438  
    10       232.22     0.7556     1.7385     0.7565     1.7396  
    20       443.21     0.4618     1.3591     0.463      1.361   
    50      1067.14     0.0509     0.4511     0.0521     0.4566  
   100      2104.54     0.0186     0.2726     0.0192     0.2774  
   200      4180.48     0.018      0.2683     0.0185     0.2719  
   500      10043.96    0.0176     0.2657     0.0182     0.2696  
   1000     18384.54    0.0176     0.2653     0.0182     0.2701  
   1500     26672.54    0.0174     0.264      0.0181     0.2691  
   2000     34964.3     0.0174     0.2637     0.018      0.2682  
   2500     43758.93    0.0176     0.2657     0.0181     0.2688  
   3000     53828.5     0.0173     0.2633     0.018      0.2683  
   3500     62985.6     0.0175     0.2643     0.0181     0.2687  
   4000     71463.48    0.0175     0.2643     0.0179     0.2679  
   4500     81082.46    0.0173     0.2633     0.0179     0.2678  
   5000     91038.69    0.0174     0.2637     0.018      0.268   
   5500    100882.43    0.0173     0.2633     0.018      0.268   
   6000    109906.54    0.0173     0.2633     0.0179     0.2679  
   6500    118348.59    0.0174     0.264      0.0179     0.2678  
   7000    126656.95    0.0174     0.2637     0.018      0.2682  
   7500    134965.88    0.0177     0.2663     0.018      0.2682  
   8000    144567.24    0.0174     0.264      0.018      0.2682  
   8500    156295.55    0.0173     0.2633     0.0179     0.2678  
   9000    168118.29    0.0173     0.2633     0.0179     0.2678  
   9500    179901.74    0.0176     0.2653     0.0179     0.2678  
  10000    191656.95    0.0173     0.2633     0.0179     0.2679  
  10500    203407.69    0.0174     0.264      0.018      0.2682  
  11000    215268.45    0.0177     0.2663     0.018      0.2681  
  11500    227019.12    0.0173     0.2633     0.0179     0.2678  
  12000    238795.06    0.0174     0.264      0.0179     0.2678  
  12500    250597.19    0.0174     0.2637     0.0179     0.2679  
  13000    262340.65    0.0174     0.264      0.0179     0.2678  
  13500    274018.96    0.0176     0.2653     0.0179     0.2677  
  14000     285799.7    0.0176     0.2653     0.018      0.2681  
  14500     297651.6    0.0174     0.2637     0.0179     0.2678  
  15000    309432.95    0.0175     0.2647     0.0179     0.2677  
  15500    321475.23    0.0174     0.264      0.0179     0.2677  
  16000     333151.3    0.0177     0.2663     0.018      0.2682  
  16500    344859.44    0.0177     0.266      0.0179     0.2678  
