Factorizing with max_iteration = 20000  fixing covariance?:  False
Tensor dimension: [14, 14, 56]
Mean update: S
Cov update: N
Using diagonal covariance: True
k1 samples =  64  k2 samples =  128
eta =  1.0  cov eta =  1.0  sigma eta =  1
iteration |   time   |  test_err  |  test_mae  |  trainerr  |  trainmae |
    0         18.5      0.9617     1.9613     0.9612     1.9609  
    5       8266.59     0.8305     1.8227     0.8337     1.8262  
    10      14807.64    0.7442     1.7254     0.7478     1.7295  
    20      21226.27    0.4397     1.3262     0.4425     1.3305  
    50      27997.65    0.0462     0.4298     0.045      0.4243  
   100      35122.23    0.0182     0.2696     0.018      0.2686  
   200      43646.09    0.0181     0.2693     0.0179     0.2677  
   500      57925.16    0.0179     0.2677     0.0178     0.2672  
   1000     73594.12    0.0179     0.2677     0.0178     0.2672  
   1500     91763.28    0.0179     0.2677     0.0178     0.2672  
   2000    108983.15    0.0179     0.2677     0.0178     0.2672  
   2500     124096.8    0.0179     0.2677     0.0178     0.2672  
   3000    139081.53    0.0179     0.2677     0.0178     0.2672  
   3500    160177.34    0.0179     0.2677     0.0178     0.2672  
   4000    181814.26    0.0179     0.2677     0.0178     0.2672  
