Generating synthetic count valued data ... 
Generating synthetic  count valued data took:  27.676994562149048
max_count =  54  min count =  0
Evaluation for true params: 
 test_rsme | train_rsme | rel-te-err | rel-tr-err |  test_nll  |  train_nll |
2.6301710971 2.6244751856   1.51412      1.50653     162537.62    646164.89  
Using  0.05 of training data
Factorizing with max_iteration = 12000  fixing covariance?:  False
Tensor dimensions:  [50, 50, 50]
Optimization metrics: 
Using Ada Grad
Mean update scheme:  S
Covariance update :  N
Using diagonal covariance?:  True
Random start? True
k1 samples =  32  k2 samples =  128
eta =  1.0  cov eta =  1.0  sigma eta =  1
iteration |   time   |test_rsme |rel-te-err|train_rsme|rel-tr-err|   d_mean  |   d_cov  |avg_grad_m|avg_grad_c| test_nll | train_nll |    VLB   |  E-term  |    KL     |   dw   |
    0         1.61     10.3665     6.6499    10.4445     6.651      3.1623     0.0077     0.7796     0.4421   160203.93   31679.75   -83920.0  -83868.817   51.191     0.0255  
    5        93.94     10.3692     6.6515    10.4373     6.6472     3.1623     0.0077     5.1367     5.1685   159833.98   31598.03   -83269.0  -83223.54    45.13      0.0019  
    10       186.1     10.3692     6.6527    10.4145     6.633      3.1623     0.0077    10.7086    10.4114   157658.29   30872.44   -82297.0  -82257.69    39.589     0.0012  
    20       286.54    10.3442     6.6479    10.2889     6.5558     3.1623     0.0077    28.5055    26.8982   154463.03   29780.44   -79169.0  -79136.866   32.317     0.0009  
    50       422.38     9.7499     6.2918     9.2293     5.8676     3.1623     0.0032    164.1767   117.8126  127521.76   22745.21   -52909.0  -52887.427   21.273     0.0003  
   100       591.14     6.0908     3.7184     4.972      3.1378     3.0924     0.003     242.9116   166.1918   60340.93   10579.49   -14745.0  -14721.776   22.753     0.0004  
   200       841.47     5.047      3.0078     3.5468     2.1928     2.5635     0.0041    36.2426    59.3842    52548.62   8945.21    -11441.0  -11418.832   22.418      0.0    
   300       1090.8     4.5249     2.6971     3.1037     1.8912     1.4611     0.0037    19.0956    58.0637    49360.24   8410.34    -10430.0  -10407.847   22.145      0.0    
   400      1343.63     4.3403     2.6046     2.9371     1.776      1.2442     0.0035     15.447    57.9426    48467.74   8219.43    -10026.0  -10003.668   21.884      0.0    
   500      1595.65     4.241      2.547      2.8215     1.6962     0.9994     0.0034    12.8816    57.5607    47890.74   8082.83    -9718.0   -9696.688    21.548      0.0    
   600      1847.88     4.1649      2.51      2.7381     1.6364     0.8998     0.0034    11.2954    57.2751    47557.1    7990.23    -9558.0    -9536.47    21.207      0.0    
   700      2099.51     4.1113     2.4852     2.6851     1.5962     0.8686     0.0033    10.4535    57.3379    47304.79   7933.71    -9446.0    -9424.73    21.002      0.0    
   800       2353.4     4.0781     2.4665     2.6489     1.575      0.9883     0.0032     9.8858    57.2299    47122.74   7885.74    -9322.0   -9301.487    20.828      0.0    
   900      2605.58     4.0523     2.4528     2.5705     1.5146     1.0648     0.0031     9.3046    57.2058    46922.83   7832.09    -9252.0   -9230.937    20.72       0.0    
   1000     2859.44     4.0124     2.4307     2.5316     1.498      0.852      0.0031     8.312     57.0442    46754.77   7788.53    -9207.0   -9186.394    20.479      0.0    
   1100     3113.01     3.9913     2.4239     2.4871     1.4708     0.7891     0.003      7.8742    57.0494    46685.85    7753.7    -9125.0   -9104.834    20.27       0.0    
   1200     3363.99     3.9683     2.4017     2.4608     1.4474     0.7456     0.003      7.337     56.9755    46588.04   7715.38    -9044.0   -9023.737    20.116      0.0    
   1300     3614.65     3.9674     2.4018     2.4433     1.4294     0.6075     0.0029     7.1766    56.5195    46607.01   7713.03    -9008.0   -8988.167    19.932      0.0    
   1400     3865.52     3.9498     2.3946     2.4156     1.4132     0.6918     0.0029     6.7941    56.8453    46462.41   7674.71    -8968.0   -8947.865    19.782      0.0    
   1500     4116.23     3.9274     2.3835     2.3829     1.4036     0.5386     0.0029     6.5763    56.6867    46429.06   7660.14    -8942.0   -8922.457    19.704      0.0    
   1600     4368.09     3.9373     2.3842     2.3697     1.3956     0.6735     0.0029     6.5131    56.6263    46389.44   7646.74    -8922.0   -8902.804    19.63       0.0    
   1700     4619.81     3.9084     2.3622     2.3544     1.3778      0.75      0.0029     6.5723    56.7401    46382.7     7616.7    -8900.0   -8880.818    19.483      0.0    
   1800     4871.08     3.9071     2.3642     2.3066     1.3518     0.913      0.003      7.0185    56.3551    46363.4    7623.07    -8895.0   -8876.102    19.391      0.0    
   1900     5122.04     3.8947     2.3539     2.3159     1.3632     0.8733     0.0028     6.7501    56.2426    46327.33    7611.3    -8853.0   -8834.169    19.329      0.0    
   2000     5374.02     3.9004     2.3594     2.2984     1.3474     0.6923     0.0028     6.8947     56.193    46287.12   7600.69    -8848.0    -8828.78    19.184      0.0    
   2100     5627.03     3.8867     2.3598     2.2818     1.351      0.7202     0.0027     6.9464    56.2877    46155.82    7601.4    -8826.0    -8807.07    19.105      0.0    
   2200     5879.66     3.8876     2.3557     2.2734     1.344      0.6934     0.0026     7.0082    56.2045    46185.64   7592.19    -8778.0   -8758.712    19.098      0.0    
   2300     6131.04     3.8814     2.3552     2.2911     1.3524     0.7554     0.0025     6.6539    56.2778    46209.57   7577.74    -8819.0   -8800.505    18.992      0.0    
   2400     6385.76     3.8841     2.3536     2.2538     1.326      0.7905     0.0024     6.5737    56.6107    46108.17   7578.68    -8798.0   -8779.427    18.944      0.0    
   2500     6638.66     3.8796     2.3537     2.2619     1.3346     0.8362     0.0024     6.4329    56.3841    46171.88   7569.07    -8768.0   -8748.701    18.901      0.0    
   2600     6890.16     3.8648     2.345      2.2484     1.331      0.6132     0.0024     5.8268    56.3762    46114.77   7553.54    -8756.0   -8737.167    18.886      0.0    
   2700     7142.39     3.8654     2.3466     2.2285     1.3104     0.5606     0.0024     5.7718    56.2538    46097.91   7558.52    -8716.0   -8696.951    18.878      0.0    
   2800     7395.71     3.8675     2.3504     2.2274     1.3248     0.518      0.0023     6.1689     56.297    46073.16   7567.33    -8738.0   -8719.176    18.87       0.0    
   2900     7649.49     3.8678     2.3507     2.2263     1.3178     0.855      0.0023     6.4118    56.1912    46116.68   7552.14    -8749.0    -8729.78    18.74       0.0    
   3000     7903.23     3.8667     2.3449     2.2026     1.299      0.6873     0.0024     6.2259    56.3494    46081.35   7537.97    -8722.0    -8703.12    18.765      0.0    
   3100     8157.05     3.8652     2.3429     2.2084     1.3108     0.6031     0.0025     6.233     56.0715    46024.88   7543.18    -8721.0   -8702.337    18.781      0.0    
   3200     8407.52     3.8549     2.3408     2.1975     1.3082     0.5392     0.0024     6.0244    56.1802    46058.82   7530.07    -8706.0   -8686.996    18.728      0.0    
   3300     8658.41     3.8695     2.3517     2.1778     1.2966     0.5605     0.0024     5.7498    56.1735    46044.32   7533.41    -8683.0   -8664.054    18.804      0.0    
   3400     8907.68     3.8518     2.3468     2.192      1.3012     0.5599     0.0023     5.6576    56.1898    46061.08   7532.88    -8700.0   -8680.926    18.774      0.0    
   3500     9155.65     3.8531     2.3458     2.1863     1.297      0.5565     0.0022     5.4157    56.4314    46075.72   7532.46    -8684.0   -8665.569    18.775      0.0    
   3600     9406.15     3.8541     2.3459     2.1581     1.2782     0.616      0.0021     5.5894    56.2143    46089.66    7530.5    -8658.0   -8638.755    18.76       0.0    
   3700     9654.31     3.8493     2.3464     2.1704     1.2838     0.5028     0.002      5.4717    56.3508    46049.8    7514.15    -8646.0   -8627.633    18.605      0.0    
   3800     9904.23     3.8618     2.347      2.1574     1.2782     0.6123     0.002      5.7098    56.2302    46076.1    7516.84    -8658.0   -8639.066     18.7       0.0    
   3900     10152.65    3.848      2.3417     2.1564     1.2828     0.6412     0.002      5.8145    56.3455    46035.27   7522.13    -8641.0   -8621.922    18.592      0.0    
   4000     10401.72    3.8513     2.3382     2.1422     1.262      0.4747     0.002      5.5572    56.3021    46009.35   7494.53    -8643.0   -8624.469    18.66       0.0    
   4100     10650.76    3.854      2.346      2.1296      1.26      0.522      0.002      5.4222    56.2602    46040.02   7506.48    -8626.0   -8606.978    18.696      0.0    
   4200     10900.5     3.8467     2.3413     2.1118     1.2488     0.5121     0.002      5.1525    56.3385    46002.38    7503.6    -8656.0   -8637.851    18.565      0.0    
   4300     11148.84    3.8429      2.34      2.1302     1.2594     0.4324     0.002       4.74     56.2881    45951.52    7505.5    -8617.0   -8598.965    18.531      0.0    
   4400     11398.23    3.8473     2.3382     2.1321     1.2594     0.4417     0.002      5.0028    56.3708    45972.76   7492.45    -8649.0   -8630.723    18.495      0.0    
   4500     11647.71    3.8472     2.3465     2.1426     1.2768     0.4101     0.0019     4.7687     56.435    45923.61   7508.07    -8625.0   -8606.851    18.43       0.0    
   4600     11896.5     3.8441     2.341      2.1161     1.2488     0.4271     0.0019     4.7541    56.5926    45911.61   7498.29    -8618.0   -8599.136    18.478      0.0    
   4700     12146.12    3.8521     2.3438     2.1217     1.2562     0.4193     0.0019     4.7168    56.4248    45980.63   7496.95    -8616.0    -8597.67    18.49       0.0    
   4800     12395.26    3.8537     2.3451     2.1061     1.244      0.4957     0.0019     5.1843    56.5598    46008.2     7497.0    -8592.0   -8573.135    18.418      0.0    
   4900     12647.6     3.8508     2.3416     2.099      1.242      0.5105     0.0019     5.1805    56.6294    46023.01   7495.57    -8590.0   -8571.231    18.515      0.0    
   5000     12896.45    3.8476     2.3452     2.1122     1.253      0.5044     0.0019     5.2531    56.4812    46018.64   7494.31    -8615.0   -8596.403    18.533      0.0    
   5100     13147.75    3.8549     2.3461     2.1041     1.2514     0.5629     0.002      5.2314    56.3644    46030.15   7493.51    -8611.0   -8592.229    18.558      0.0    
   5200     13396.6     3.8414     2.344      2.093       1.25      0.5577     0.0019     5.2703    56.4575    45984.73   7493.84    -8587.0   -8568.911    18.556      0.0    
   5300     13646.94    3.8458     2.3429     2.0979     1.2352     0.4756     0.0018     4.8985    56.4107    45976.59   7490.25    -8609.0   -8590.535    18.573      0.0    
   5400     13896.41    3.8456     2.3421     2.0883     1.2348     0.3536     0.0018     4.7171    56.5572    45962.04   7490.96    -8620.0   -8601.365    18.612      0.0    
   5500     14144.04    3.8408     2.3469     2.1022     1.2558     0.4224     0.0018     4.6691    56.8457    45966.02    7494.4    -8601.0   -8582.332    18.491      0.0    
   5600     14394.2     3.8495     2.3473     2.0832      1.24      0.4625     0.0017     4.4691    56.6927    45972.96   7490.17    -8595.0   -8576.908    18.532      0.0    
   5700     14644.69    3.8427     2.3468     2.0866     1.2358     0.3615     0.0018     4.5067    56.5068    45963.95   7479.51    -8583.0   -8564.502    18.505      0.0    
   5800     14893.33    3.8439     2.3441     2.1062     1.2448     0.4171     0.0017     4.4906    56.6963    45982.07   7469.27    -8588.0    -8569.89    18.513      0.0    
   5900     15143.99    3.8446     2.3428     2.0715     1.2286     0.4308     0.0018     4.3852    56.3801    45974.51   7483.81    -8561.0   -8542.802    18.496      0.0    
   6000     15392.22    3.8372     2.3378     2.0779     1.2194     0.5138     0.0019     4.4008    56.3823    45958.51   7475.44    -8572.0   -8553.685    18.472      0.0    
   6100     15642.17    3.8534     2.3479     2.0605     1.2136     0.6454     0.0018     4.6759    56.3702    45965.35   7471.89    -8604.0   -8585.438    18.444      0.0    
   6200     15890.55    3.8413     2.3366     2.0765     1.2274     0.5911     0.0018     5.0327    56.3266    45982.27   7471.09    -8588.0   -8569.623    18.468      0.0    
   6300     16138.67    3.8425      2.34      2.074      1.2366     0.553      0.0018     4.9532    56.4719    45963.79   7474.29    -8571.0   -8553.074    18.373      0.0    
   6400     16388.44    3.8376     2.334      2.0781     1.2324     0.4835     0.0017     5.2434    56.4861    46029.06   7474.09    -8578.0   -8559.464    18.384      0.0    
   6500     16639.39    3.8469     2.3401     2.0938     1.2326     0.4791     0.0017     5.2013    56.4687    46036.8    7475.62    -8575.0   -8557.155    18.297      0.0    
   6600     16887.32    3.8447     2.3402     2.0893     1.2356     0.6065     0.0017     5.4239    56.6308    45990.84   7484.33    -8586.0   -8568.052    18.354      0.0    
   6700     17137.61    3.8478     2.3385     2.0778     1.2268     0.575      0.0016     5.3116    56.7869    45914.83   7474.81    -8576.0   -8557.652    18.331      0.0    
   6800     17387.38    3.8404     2.3352     2.0582     1.2198     0.6019     0.0017     5.1809    56.6092    45895.31   7473.03    -8561.0   -8542.484    18.315      0.0    
   6900     17637.62    3.8444     2.3424     2.055      1.2192     0.6249     0.0016     5.5034     56.651    45957.51   7470.26    -8597.0   -8578.869    18.461      0.0    
   7000     17885.62    3.8485     2.3419     2.0773     1.2244     0.6362     0.0016     5.4407    56.5687    45996.47   7471.46    -8577.0   -8558.797    18.438      0.0    
   7100     18136.47    3.8515     2.3433     2.0571     1.214      0.5361     0.0016     5.6792    56.6415    45961.64   7469.49    -8560.0   -8541.064    18.537      0.0    
   7200     18384.97    3.8484     2.3408     2.0526     1.2112     0.4569     0.0016     5.6074    56.3628    45922.06   7466.47    -8561.0    -8542.41    18.503      0.0    
   7300     18633.55    3.8468     2.3418     2.0484     1.2028     0.4721     0.0016     5.5307    56.4975    45932.65   7456.55    -8580.0    -8561.7     18.432      0.0    
   7400     18883.02    3.8436     2.3374     2.0443     1.2006     0.4837     0.0016     5.197     56.5988    45900.7    7465.72    -8556.0   -8537.389    18.407      0.0    
   7500     19132.76    3.8408     2.338      2.0427     1.2072     0.4466     0.0015     4.7826    56.5643    45923.82   7457.06    -8543.0   -8524.253    18.414      0.0    
   7600     19380.86    3.8394     2.338      2.0489     1.2178     0.409      0.0015     4.6827     56.632    45896.35   7457.41    -8548.0   -8529.051    18.478      0.0    
   7700     19630.02    3.8325     2.3309     2.0521     1.217      0.4404     0.0016     4.7637    56.4959    45886.57   7464.61    -8546.0   -8527.977    18.393      0.0    
   7800     19879.1     3.8499     2.3483     2.0665     1.2234     0.3748     0.0016     4.6511    56.6823    45988.94   7457.62    -8554.0   -8535.279    18.336      0.0    
   7900     20130.38    3.8386     2.3389     2.0548     1.2204     0.422      0.0016     4.625     56.6909    45954.43   7465.24    -8540.0   -8521.229    18.384      0.0    
   8000     20380.46    3.8407     2.3437     2.0403     1.2178     0.3972     0.0016     4.2439    56.7812    45955.39   7459.37    -8548.0   -8529.385    18.42       0.0    
   8100     20629.69    3.8334     2.3355     2.0529     1.2208     0.5369     0.0016     4.4937    56.6793    45917.15    7467.5    -8546.0   -8527.713    18.489      0.0    
   8200     20876.58    3.8357     2.3362     2.0356     1.2006     0.3931     0.0015     4.1865     56.572    45915.7     7459.4    -8541.0   -8522.408    18.45       0.0    
   8300     21126.92    3.8332     2.3332     2.0464     1.2206     0.3323     0.0015     4.1914    56.6104    45885.57   7459.55    -8542.0    -8523.99    18.412      0.0    
   8400     21377.83    3.8324     2.333      2.0283     1.1984     0.3111     0.0015     4.0141     56.531    45858.69   7465.85    -8532.0   -8513.263    18.552      0.0    
   8500     21629.51    3.8374      2.34      2.0289     1.1928     0.2807     0.0015     4.0111    56.3619    45931.45   7445.77    -8535.0   -8516.321    18.634      0.0    
   8600     21878.96    3.8378     2.3339     2.0165     1.1934     0.4001     0.0016     4.3764    56.0968    45937.96   7450.58    -8534.0   -8515.052    18.562      0.0    
   8700     22127.71    3.8435     2.3322     2.0296     1.1988     0.423      0.0016     4.2611     56.276    45941.58    7447.4    -8505.0   -8485.996    18.524      0.0    
   8800     22376.98    3.8336     2.3327     2.0392     1.2086     0.4306     0.0015     4.1093    56.3801    45902.76   7453.93    -8532.0   -8513.924    18.501      0.0    
   8900     22627.99    3.8482     2.344      2.0255     1.195      0.4183     0.0015     4.297     56.3612    45942.53   7447.21    -8520.0   -8501.812    18.489      0.0    
   9000     22877.01    3.8417     2.3405     2.0231     1.1934     0.3291     0.0015     3.9585    56.2743    45943.43   7447.89    -8542.0   -8523.996    18.494      0.0    
   9100     23127.41    3.8334     2.3311     2.0411     1.2054     0.2826     0.0015     4.0834    56.3168    45965.08   7460.05    -8523.0   -8504.109    18.393      0.0    
   9200     23375.18    3.828      2.3298     2.0324     1.1972     0.2729     0.0015     3.7889    56.5719    45918.13   7454.42    -8513.0   -8494.946    18.262      0.0    
   9300     23625.12    3.8356     2.337      2.0377     1.2064     0.3497     0.0014     4.1003    56.3552    45873.47   7454.04    -8550.0   -8532.054    18.362      0.0    
   9400     23876.33    3.837      2.3432     2.0449     1.2114     0.3463     0.0014      3.94      56.66     45919.83    7439.5    -8532.0   -8513.177    18.416      0.0    
   9500     24127.69    3.839      2.3354     2.0246     1.1994     0.3722     0.0014     3.9271    56.6232    45940.06   7445.11    -8511.0   -8492.869    18.417      0.0    
   9600     24378.59    3.8471     2.3386     2.0299     1.1906     0.4053     0.0014     3.9661    56.3906    45980.11   7455.53    -8518.0    -8499.82    18.54       0.0    
   9700     24631.92    3.8332     2.3316     2.0155      1.19      0.3777     0.0014     3.9709    56.4147    45876.63   7456.16    -8496.0   -8477.942    18.365      0.0    
   9800     24883.37    3.8336     2.329      2.0046     1.1794     0.2987     0.0015     3.7352    56.2391    45929.84    7443.4    -8514.0   -8495.383    18.397      0.0    
   9900     25136.6     3.8437     2.3384     2.0227     1.1912     0.3803     0.0015     3.9396    56.2742    45977.23    7441.2    -8521.0   -8503.014    18.386      0.0    
  10000     25388.0     3.8321     2.3372     2.0179     1.1966     0.4215     0.0014     4.2581    56.3434    45904.25   7454.37    -8517.0   -8499.076    18.343      0.0    
  10100     25639.84    3.8378     2.334      2.0387     1.2018     0.4487     0.0014     4.3458    56.3984    45915.66   7443.41    -8519.0   -8501.168    18.324      0.0    
  10200     25892.14    3.8367     2.3321     2.0122     1.1862     0.2863     0.0014     4.4007    56.1739    45918.75   7451.94    -8515.0   -8496.787    18.36       0.0    
  10300     26146.04    3.8463     2.3366     2.0392     1.2004     0.439      0.0013     4.4245    56.2361    45950.91   7430.93    -8527.0   -8508.922    18.332      0.0    
  10400     26396.88    3.8397     2.3353     2.0258     1.1976     0.4789     0.0014     4.5514    56.3232    45927.47   7446.81    -8531.0   -8512.882    18.331      0.0    
  10500     26647.89    3.8386     2.3398     2.0087     1.1876     0.4229     0.0014     4.8102    56.3494    45946.63    7454.6    -8513.0   -8495.013    18.394      0.0    
  10600     26899.65    3.8441     2.341      2.0146     1.1902     0.3688     0.0014     4.4885     56.482    45931.07   7452.58    -8522.0   -8503.783    18.442      0.0    
  10700     27151.19    3.8392     2.3364     2.0106     1.187      0.4163     0.0015     4.5013    56.4133    45882.21   7447.25    -8522.0   -8503.687    18.424      0.0    
  10800     27404.38    3.8396     2.334      2.0068     1.1856     0.302      0.0014     4.3588    56.3449    45902.41    7448.3    -8493.0   -8474.337    18.385      0.0    
  10900     27655.67    3.8373     2.3314     2.0109     1.1846     0.4016     0.0014     4.3898    56.2973    45861.69    7446.4    -8519.0   -8501.076    18.349      0.0    
  11000     27905.9     3.8379     2.334      2.0188     1.1868     0.3599     0.0012     4.0228    56.3008    45877.65   7439.62    -8513.0   -8494.605    18.329      0.0    
  11100     28157.65    3.841      2.336      2.0045     1.1854     0.3746     0.0013     4.0503    56.5815    45904.1    7442.34    -8490.0   -8471.491    18.499      0.0    
  11200     28409.27    3.8355     2.3343     2.0267      1.2       0.3823     0.0013     4.1285     56.626    45862.08   7448.55    -8510.0   -8491.844    18.391      0.0    
  11300     28660.4     3.8389     2.338      2.0272     1.202      0.272      0.0013     3.7352    56.5578    45895.88   7455.22    -8527.0   -8508.624    18.274      0.0    
  11400     28912.64    3.8461     2.3413     2.0209     1.1926     0.392      0.0013     3.8127    56.6558    45867.87   7441.28    -8492.0   -8473.673    18.315      0.0    
  11500     29162.87    3.8319     2.3347     2.0213     1.1976     0.2912     0.0013     4.1572    56.5714    45832.16   7440.91    -8522.0    -8503.29    18.415      0.0    
  11600     29412.58     3.84      2.3347     2.0188     1.1944     0.2907     0.0012     4.108     56.4968    45866.4     7440.5    -8504.0   -8485.837    18.507      0.0    
  11700     29665.57    3.8288     2.3266     2.0264     1.1976     0.4279     0.0013     4.1166    56.3542    45830.15   7448.69    -8532.0   -8513.547    18.368      0.0    
  11800     29916.17    3.8299     2.3249     2.0078     1.1768     0.3782     0.0013     4.3572    56.2429    45778.28   7446.59    -8500.0    -8481.71    18.439      0.0    
  11900     30168.3     3.8315     2.3303     2.0392     1.1936     0.4073     0.0012     4.8862    56.3572    45803.42   7444.02    -8514.0   -8495.523    18.368      0.0    
  12000     30422.83    3.8336     2.3326     2.0144     1.1846     0.3746     0.0013     4.8189    56.3255    45871.92   7447.48    -8505.0   -8486.722    18.201      0.0    
