Generating synthetic count valued data ... 
Generating synthetic  count valued data took:  24.651469945907593
max_count =  52  min count =  0
Evaluation for true params: 
 test_rsme | train_rsme | rel-te-err | rel-tr-err |  test_nll  |  train_nll |
2.6464995749 2.6289161265   1.51876      1.50536     163417.29    651123.47  
Using  0.05 of training data
Factorizing with max_iteration = 12000  fixing covariance?:  False
Tensor dimensions:  [50, 50, 50]
Optimization metrics: 
Using Ada Grad
Mean update scheme:  S
Covariance update :  N
Using diagonal covariance?:  True
Random start? True
k1 samples =  32  k2 samples =  128
eta =  1.0  cov eta =  1.0  sigma eta =  1
iteration |   time   |test_rsme |rel-te-err|train_rsme|rel-tr-err|   d_mean  |   d_cov  |avg_grad_m|avg_grad_c| test_nll | train_nll |    VLB   |  E-term  |    KL     |   dw   |
    0         1.66     10.4198     6.6658    10.3759     6.6264     3.1623     0.0075     0.5373     0.4504   159388.67   31794.3    -83606.0  -83546.326   59.467     0.0277  
    5        116.02    10.4215     6.6664    10.3686     6.6218     3.1623     0.0075     4.9761     5.1838   159503.93   31645.86   -82663.0  -82611.576   51.922     0.0015  
    10       229.53    10.4224     6.6667    10.3489     6.6092     3.1623     0.0075     9.7118    10.4008   157388.77   31024.81   -81986.0  -81940.907   44.72      0.0014  
    20       353.28    10.4065     6.6604     10.235     6.5376     3.1623     0.0075    26.4108    26.3955   154109.52   30022.54   -79077.0  -79040.881   36.196     0.0009  
    50       499.85     9.9847     6.3758     9.3106     5.9142     3.1623     0.0033    141.1982   116.8058  132004.54   23326.12   -57299.0  -57274.707   23.903     0.0001  
   100       667.58     6.9975     4.1555     5.3311     3.278      3.1199     0.0029    258.3067   195.6375   67987.73   10929.0    -16264.0  -16242.128   22.256     0.0004  
   200       905.32     5.5504     3.253      3.4859     2.138      2.4133     0.0037    33.7438    65.1477    54958.63   8859.44    -11389.0  -11367.451   21.262     0.0001  
   300      1161.24     4.986      2.9492     3.0963     1.9052     1.8285     0.0035    22.5483    63.7347    51549.15   8450.99    -10521.0  -10500.152   20.845      0.0    
   400      1423.14     4.7094     2.7876     2.8581     1.739      1.5119     0.0035    18.1531    62.0774    49989.56   8171.99    -10015.0  -9994.578    20.595      0.0    
   500      1668.57     4.5348     2.6893     2.7276     1.6528     1.047      0.0035    15.8791    60.9652    49206.64   8041.77    -9765.0   -9744.428    20.491      0.0    
   600      1916.75     4.399      2.6198     2.6389     1.5882     1.0719     0.0034    13.6808    60.6396    48460.21   7937.04    -9531.0   -9510.618    20.408      0.0    
   700      2167.17     4.2883     2.5619     2.5704      1.54      0.7549     0.0035    11.3504    60.2643    47971.51   7865.68    -9340.0    -9319.08    20.443      0.0    
   800      2412.65     4.2271     2.5314     2.5363     1.5212     0.8032     0.0034    10.3446    59.8636    47696.55   7818.41    -9241.0   -9220.994    20.406      0.0    
   900      2659.53     4.158      2.4979     2.4925     1.496      0.8363     0.0033     9.8066    59.7516    47371.5    7790.86    -9149.0   -9128.638    20.411      0.0    
   1000     2903.03     4.1125     2.4728     2.4791     1.4832     0.648      0.0033     8.5136    59.7811    47097.02   7734.08    -9111.0   -9090.235    20.377      0.0    
   1100     3139.32     4.0813     2.452      2.4362     1.442      0.6072     0.0033     7.7613    59.2422    46886.96   7718.96    -9033.0   -9012.513    20.587      0.0    
   1200     3375.29     4.0376     2.4324     2.409      1.4326     0.5677     0.0032     7.0465    59.1452    46829.06   7690.81    -9001.0   -8980.262    20.431      0.0    
   1300     3610.37     4.0271     2.4293     2.3978     1.4244     0.5893     0.0032     6.7694    58.8292    46741.36    7674.1    -8951.0   -8930.521    20.427      0.0    
   1400     3842.34     3.9894     2.4083     2.3785     1.4138     0.6597     0.0032     6.9593    58.9705    46591.19    7648.0    -8949.0   -8928.378    20.59       0.0    
   1500     4072.83     3.9647     2.3982     2.3632     1.4054     0.666      0.0032     6.7019    58.6809    46465.53    7655.1    -8906.0    -8885.77    20.421      0.0    
   1600     4306.76     3.9533     2.385      2.3346     1.3836     0.7227     0.0031     6.7046    58.3659    46451.27    7636.2    -8871.0   -8850.523    20.506      0.0    
   1700     4548.43     3.9371     2.3775      2.31      1.368      0.7633     0.0031     7.0536    58.4301    46375.55   7617.61    -8865.0   -8844.347    20.693      0.0    
   1800     4794.59     3.9234     2.3716     2.3206     1.3656     0.6375     0.0031     7.078     58.1092    46318.98   7607.61    -8849.0   -8828.061    20.567      0.0    
   1900     5043.45     3.911      2.3663     2.3204     1.3636     0.7397     0.0031     7.1569    57.7467    46246.56   7600.85    -8847.0   -8826.184    20.646      0.0    
   2000     5284.28     3.8913     2.3587     2.299      1.3624     0.7615     0.003      6.9849    57.7453    46152.82   7590.03    -8825.0   -8804.159    20.594      0.0    
   2100     5528.14     3.891      2.3554     2.2728     1.3548     0.6853     0.003      7.0026    57.5852    46185.78   7577.72    -8847.0   -8826.329    20.421      0.0    
   2200     5775.24     3.889      2.3564      2.28      1.3366     0.7381     0.003      7.6129    57.4503    46107.89   7584.62    -8809.0   -8788.052    20.512      0.0    
   2300      6028.8     3.877      2.3442     2.2592     1.3326     0.7392     0.0031     7.2468    57.5189    45989.73   7569.96    -8784.0   -8763.605    20.543      0.0    
   2400     6272.86     3.874      2.3459     2.2588     1.3418     0.7292     0.0029     7.7458    57.2407    45977.83   7571.06    -8781.0   -8761.014    20.412      0.0    
   2500     6519.09     3.8698     2.3445     2.2408     1.3266     0.8242     0.003      6.866     57.0286    45901.24   7557.08    -8781.0   -8760.252    20.365      0.0    
   2600     6772.53     3.8709     2.3419     2.2433     1.3224     0.7375     0.003      6.3765     57.151    45901.37   7556.17    -8734.0    -8713.93    20.318      0.0    
   2700     7012.16     3.8579     2.335      2.2225     1.3142     0.5324     0.0029     6.0953    56.8955    45826.09   7548.81    -8711.0   -8690.404    20.241      0.0    
   2800     7257.55     3.8572     2.3353     2.2186     1.3016     0.5308     0.0029     5.8901    56.9002    45803.67   7549.08    -8710.0   -8689.814    20.152      0.0    
   2900     7500.65     3.847      2.3335     2.236      1.3212     0.5658     0.0029     6.5149    56.7392    45874.28   7543.56    -8712.0   -8692.086    19.883      0.0    
   3000     7742.54     3.8474     2.3356     2.2259     1.318      0.7301     0.0028     7.1822    56.6516    45771.07   7555.31    -8747.0   -8727.336    20.039      0.0    
   3100     7981.59     3.8464     2.3303     2.2081     1.315      0.796      0.0028     7.7082    56.2928    45855.34    7546.9    -8707.0   -8687.348    19.99       0.0    
   3200     8224.48     3.8534     2.3336     2.2086     1.3138     0.8519     0.0029     7.2181    56.0132    45827.32   7530.19    -8696.0   -8675.901    19.978      0.0    
   3300     8466.36     3.8595     2.3338     2.1775     1.2966     0.7426     0.0028     6.7748    56.1899    45776.36   7524.31    -8680.0   -8660.342    19.923      0.0    
   3400     8704.75     3.849      2.3298     2.1909     1.2938     0.6378     0.0029     6.4947    56.1808    45678.38   7523.22    -8665.0   -8645.438    19.866      0.0    
   3500     8945.16     3.825      2.3077     2.1698     1.2788     0.5705     0.0027     6.2048    56.2212    45618.03   7507.16    -8667.0   -8646.923    19.754      0.0    
   3600     9181.75      3.82      2.3085     2.173      1.278      0.583      0.0027     6.2184    56.0662    45574.52   7509.65    -8663.0   -8643.143    19.743      0.0    
   3700     9419.42     3.8315     2.3112     2.1864     1.2806     0.7493     0.0027     6.4506    56.1466    45627.3    7512.79    -8640.0   -8620.783    19.617      0.0    
   3800      9663.2     3.821      2.3052     2.165      1.2666     0.5886     0.0028     6.5649    56.2075    45539.69   7498.94    -8655.0   -8635.729    19.723      0.0    
   3900     9900.47     3.8247     2.307      2.1672     1.2736     0.7592     0.0027     6.9871    56.0548    45535.07   7508.17    -8643.0   -8623.419    19.647      0.0    
   4000     10138.36    3.8184     2.3014     2.1794     1.2728     0.7222     0.0027     7.4185    55.8477    45615.32   7506.29    -8656.0    -8636.07    19.649      0.0    
   4100     10383.06    3.8218     2.3018     2.1617     1.2638     0.6736     0.0026     7.0349    55.7801    45490.16   7497.69    -8646.0   -8626.912    19.516      0.0    
   4200     10625.8     3.8213     2.3019     2.1535     1.2586     0.6506     0.0027     6.6078    55.7255    45480.65   7494.79    -8644.0   -8624.725    19.571      0.0    
   4300     10860.32    3.8122     2.3034     2.1572     1.2642     0.4804     0.0026     5.7945    55.9299    45433.77    7494.3    -8638.0   -8618.578    19.532      0.0    
   4400     11092.94    3.8082     2.2958     2.1531     1.2666     0.4803     0.0027     6.0389    55.9425    45404.65   7489.42    -8606.0   -8586.756    19.519      0.0    
   4500     11328.41    3.8006     2.2917     2.1462     1.2614     0.5368     0.0026     6.1639    55.8976    45364.74   7486.04    -8612.0   -8592.809    19.421      0.0    
   4600     11572.24    3.818      2.2996     2.1411     1.2552     0.6979     0.0026     6.5597    55.9171    45394.99   7490.72    -8618.0   -8598.472    19.439      0.0    
   4700     11816.97    3.8063     2.2926     2.1255     1.2394     0.8032     0.0026     7.1273    55.8482    45436.68   7484.93    -8610.0   -8591.145    19.35       0.0    
   4800     12065.37    3.8231     2.3047     2.143      1.2502     0.9667     0.0026     7.6269    55.8367    45482.04   7480.19    -8638.0   -8618.523    19.385      0.0    
   4900     12310.53    3.8156     2.2971     2.1385     1.2484     0.8471     0.0025     7.1825    55.7373    45476.46   7474.72    -8620.0   -8600.394    19.232      0.0    
   5000     12558.66    3.805      2.2908     2.1366     1.2508     0.8247     0.0025     7.0142     55.66     45442.37   7476.19    -8610.0   -8590.357    19.274      0.0    
   5100     12798.59    3.7951     2.2862     2.104      1.226      0.7441     0.0025     6.4706     55.737    45384.58   7474.95    -8587.0    -8567.58    19.315      0.0    
   5200     13041.08    3.813      2.2966     2.1134     1.2368     0.6435     0.0025     6.2697    55.7427    45415.42   7467.93    -8572.0   -8553.093    19.158      0.0    
   5300     13283.67    3.8075     2.2934     2.1102     1.2324     0.5601     0.0024     5.8648    55.7394    45434.69   7463.29    -8591.0   -8571.962    19.123      0.0    
   5400     13528.44    3.8174     2.3051     2.1133     1.2396     0.6171     0.0025     6.3652    55.8809    45427.41   7479.34    -8581.0   -8562.087    19.121      0.0    
   5500     13773.93    3.802      2.2935     2.1303     1.2518     0.6102     0.0024     6.3043    55.7495    45412.94   7479.31    -8582.0   -8563.459    19.015      0.0    
   5600     14017.07    3.8051     2.2964     2.1233     1.2474     0.5626     0.0023     6.805     55.7409    45440.57   7468.36    -8561.0   -8541.726    19.014      0.0    
   5700     14264.5     3.8047     2.2962     2.103      1.2336     0.6566     0.0024     6.6768    55.4996    45411.29   7462.27    -8590.0   -8571.444    19.027      0.0    
   5800     14506.03    3.8152     2.2997     2.1028     1.229      0.612      0.0024     6.9597    55.6242    45406.11    7471.8    -8579.0   -8559.887    18.93       0.0    
   5900     14748.26    3.8093     2.2985     2.1076     1.2344     0.7603     0.0023     7.4394    55.5877    45421.76   7474.81    -8584.0   -8564.573    18.932      0.0    
   6000     14985.35    3.8076     2.2972     2.1184     1.2508     0.6854     0.0023     7.1479    55.5868    45398.77   7469.71    -8559.0   -8540.564    18.935      0.0    
   6100     15222.05    3.8017     2.2943     2.0868     1.2258     0.5475     0.0023     6.3583    55.4628    45337.02    7444.5    -8572.0   -8553.007    18.78       0.0    
   6200     15460.13     3.8       2.294      2.0949     1.2312     0.5419     0.0022     6.4876    55.6062    45335.85   7467.91    -8589.0    -8570.55    18.872      0.0    
   6300     15703.78    3.7915     2.2867     2.0786      1.21      0.6371     0.0021     6.2906    55.4943    45308.53   7453.65    -8556.0   -8537.423    18.749      0.0    
   6400     15939.84    3.8061     2.2966     2.0909     1.2258     0.587      0.0023     6.1192    55.4533    45346.7    7454.48    -8554.0   -8535.092    18.797      0.0    
   6500     16175.67    3.8013     2.2946     2.084      1.219      0.603      0.0023     5.9523    55.4312    45336.59   7453.04    -8549.0   -8529.756    18.849      0.0    
   6600     16410.64    3.8061     2.2923     2.0857     1.2264     0.5278     0.0023     6.4345    55.4867    45325.43   7446.97    -8535.0   -8516.568    18.833      0.0    
   6700     16646.22    3.8118     2.2958     2.0924     1.2228     0.5443     0.0023     6.9298    55.3349    45352.18   7453.02    -8574.0   -8555.064    18.752      0.0    
   6800     16885.32    3.8098     2.2994     2.0833     1.2194     0.5922     0.0022     7.1313    55.2353    45382.04   7452.44    -8567.0   -8548.034    18.796      0.0    
   6900     17124.69    3.8113     2.2953     2.0883     1.2322     0.5724     0.0021     6.996     55.2849    45345.79   7454.06    -8522.0   -8503.516    18.804      0.0    
   7000     17360.95    3.813      2.3046     2.0717     1.2176     0.5485     0.0021     6.9522    55.3546    45432.17   7452.73    -8553.0   -8533.951    18.712      0.0    
   7100     17594.92    3.8233     2.3082     2.0754     1.222      0.6059     0.0021     7.0421    55.4247    45410.68   7460.83    -8544.0   -8524.929    18.727      0.0    
   7200     17829.28    3.8163     2.302      2.0807     1.2202     0.7181     0.0022     6.8736    55.3652    45384.55   7451.65    -8520.0   -8501.174    18.751      0.0    
   7300     18068.34    3.8135     2.2989     2.0832     1.2102     0.5591     0.0021     6.8447    55.0517    45354.09    7447.5    -8530.0   -8511.285    18.781      0.0    
   7400     18308.06    3.8067     2.2986     2.0757     1.2176     0.615      0.002      6.9045     55.055    45381.94   7457.64    -8566.0   -8547.382    18.723      0.0    
   7500     18544.4     3.7935     2.2944     2.0598     1.2106     0.5856     0.0021     6.4211    55.4836    45322.79   7455.93    -8553.0   -8534.197    18.758      0.0    
   7600     18780.84    3.7981     2.292      2.0529     1.2022     0.4196     0.002      5.5588    55.0803    45269.27   7442.24    -8496.0   -8477.335    18.708      0.0    
   7700     19017.89    3.7929     2.2883     2.0509     1.1922     0.4601     0.0021     5.2587    55.1002    45212.99   7442.46    -8498.0   -8479.337    18.691      0.0    
   7800     19258.38    3.7846     2.2825     2.0498     1.194      0.4997     0.0021     5.0711    55.1182    45185.39   7438.45    -8504.0    -8484.86    18.708      0.0    
   7900     19498.36    3.8038     2.2912     2.0334     1.1906     0.4567     0.002      4.9262     55.095    45250.66   7434.83    -8477.0   -8458.402    18.789      0.0    
   8000     19737.99    3.7954     2.2876     2.0481     1.1898     0.5748     0.002      5.197     54.8409    45199.83    7433.5    -8494.0   -8475.424    18.795      0.0    
   8100     19977.87    3.784      2.2832     2.0391     1.1918     0.5008     0.0019     4.8337    55.0207    45216.86    7426.7    -8502.0   -8483.355    18.793      0.0    
   8200     20214.31    3.7959     2.2849     2.0389     1.1832     0.4997     0.002      4.6316    55.1518    45200.4    7428.72    -8489.0   -8470.457    18.733      0.0    
   8300     20450.72    3.7963     2.2892     2.0489     1.1924     0.605      0.0019     4.7247    55.1338    45141.43   7432.77    -8476.0   -8456.901    18.621      0.0    
   8400     20692.23    3.7803     2.2766     2.0508     1.201      0.4951     0.0018     4.9593    55.2114    45144.84   7426.84    -8494.0   -8475.733    18.698      0.0    
   8500     20926.99    3.782      2.2778     2.0419     1.1826     0.5647     0.0019     4.8988    55.2482    45114.98   7426.14    -8488.0   -8469.814    18.609      0.0    
   8600     21161.45    3.7846     2.2791     2.0468     1.1914     0.4327     0.002      4.8025    55.1079    45127.59   7420.87    -8491.0   -8472.189    18.625      0.0    
   8700     21399.18    3.7846     2.2808     2.0494     1.1992     0.4389     0.002      4.892     55.2508    45192.12   7417.91    -8489.0   -8470.406    18.634      0.0    
   8800     21634.96    3.7849     2.2843     2.0427     1.195      0.5615     0.0018     5.2156    55.1698    45136.52   7425.28    -8488.0   -8469.731    18.639      0.0    
   8900     21872.04    3.7829     2.2811     2.0148     1.1824     0.5124     0.0018     5.5921     55.413    45144.31   7418.13    -8493.0   -8474.015    18.654      0.0    
   9000     22103.58    3.7872     2.2816     2.0312     1.1878     0.4979     0.0019     5.8108     54.925    45153.68   7425.61    -8491.0    -8472.82    18.609      0.0    
   9100     22347.58    3.7957     2.2915     2.0313     1.1888     0.504      0.002      5.5234    55.1608    45194.87   7418.09    -8508.0   -8489.351    18.569      0.0    
   9200     22585.77    3.7903     2.2882     2.0164     1.1818     0.4307     0.002      5.3536    55.4672    45197.36   7425.89    -8490.0   -8470.912    18.601      0.0    
   9300     22824.04    3.7954     2.2916     2.0113     1.178      0.4088     0.002      5.0028    55.3365    45133.59   7421.67    -8495.0   -8476.591    18.563      0.0    
   9400     23055.53    3.7936     2.2886     2.0211     1.1866     0.378      0.0019     5.0292     55.484    45170.67   7416.62    -8479.0   -8460.342    18.64       0.0    
   9500     23285.11    3.7885     2.2852     2.0338     1.1874     0.4735     0.0018     5.0694    55.2254    45166.5    7420.38    -8467.0   -8448.456    18.672      0.0    
   9600     23515.21    3.796      2.285      2.0144     1.1714     0.4302     0.0018     5.1299    55.1222    45138.36   7419.76    -8465.0   -8446.156    18.565      0.0    
   9700     23751.73    3.7869     2.2834     2.0178     1.1856     0.4624     0.0018     4.9239    55.2112    45103.78    7418.9    -8463.0   -8444.731    18.675      0.0    
   9800     23987.85    3.7696     2.2737     2.0138     1.1754     0.3518     0.0018     4.6067    55.2713    45118.62   7401.72    -8462.0   -8443.425    18.629      0.0    
   9900     24222.24    3.7937     2.2896     1.9932     1.1694     0.3752     0.0018     4.4356    55.0676    45127.02   7405.37    -8454.0   -8435.022    18.646      0.0    
  10000     24458.3     3.788      2.2884     2.0229     1.1926     0.4382     0.0017     4.6344    55.0481    45166.72   7406.06    -8454.0    -8434.95    18.609      0.0    
  10100     24696.92    3.7832     2.2811     2.0306     1.1902     0.4728     0.0017     4.8422    55.1329    45167.46   7408.81    -8467.0   -8448.508    18.627      0.0    
  10200     24934.62    3.7886     2.2846     2.0204     1.1888     0.3234     0.0016     4.853     55.0991    45136.12   7412.08    -8446.0   -8426.917    18.631      0.0    
  10300     25172.27    3.7864     2.2798     1.9992     1.1768     0.4459     0.0017     5.1518    55.2436    45126.79   7410.21    -8453.0   -8434.434     18.6       0.0    
  10400     25413.5     3.7952     2.2878     2.0018     1.1786     0.5773     0.0017     5.6561    54.9059    45167.3    7410.95    -8466.0   -8447.418    18.477      0.0    
  10500     25656.56    3.7956     2.2894     2.0058     1.1888     0.6004     0.0016     5.9203    55.3738    45221.95   7413.43    -8467.0   -8448.246    18.545      0.0    
  10600     25895.63    3.7948     2.2927     1.9908     1.1672     0.5089     0.0016     5.9577    55.3072    45213.81   7415.64    -8432.0   -8413.886    18.575      0.0    
  10700     26135.32    3.7896     2.2838     2.0041     1.1678     0.4539     0.0016     6.0534    55.2647    45182.35   7411.96    -8457.0   -8438.379    18.55       0.0    
  10800     26374.97     3.8       2.2858     1.9918     1.1592     0.4427     0.0016     5.6627    55.1354    45137.73   7393.73    -8465.0    -8446.55    18.475      0.0    
  10900     26606.69    3.7923     2.281      1.9982     1.1644     0.4382     0.0016     5.469      55.135    45108.84   7401.87    -8454.0    -8435.29    18.493      0.0    
  11000     26841.47    3.7948     2.2853     1.9782     1.1638     0.3124     0.0017     4.9164     55.095    45153.5    7396.59    -8449.0   -8430.361    18.514      0.0    
  11100     27076.6     3.7806     2.278      1.9821     1.1602     0.4278     0.0016     5.0546    55.2373    45123.93   7402.37    -8416.0   -8397.676    18.415      0.0    
  11200     27315.99    3.7884     2.2801     1.9833     1.1566     0.3315     0.0016     5.0347     55.007    45155.02   7393.76    -8445.0   -8426.529    18.423      0.0    
  11300     27558.34    3.7855     2.2799     1.9835     1.155      0.5038     0.0016     5.1781    54.9677    45125.42   7402.62    -8448.0    -8429.39    18.424      0.0    
  11400     27794.94    3.7871     2.2829     1.9776     1.1548     0.5126     0.0016     5.234     55.0345    45151.97   7402.15    -8457.0   -8438.463    18.421      0.0    
  11500     28031.96    3.7873     2.2848     1.9685     1.1516      0.42      0.0015     5.1066    55.0378    45140.64   7394.87    -8431.0   -8412.153    18.421      0.0    
  11600     28271.08    3.7951     2.2886     1.9686     1.1532     0.4059     0.0016     4.8731    55.0407    45144.56   7392.17    -8434.0   -8415.738    18.472      0.0    
  11700     28503.59    3.7883     2.2844     1.9867     1.1592     0.4721     0.0016     5.1595    55.3988    45171.52   7392.82    -8445.0    -8426.37    18.587      0.0    
  11800     28736.14    3.7822     2.2812     1.9772     1.1518     0.4746     0.0016     5.0601    55.3439    45167.18   7381.51    -8446.0    -8427.46    18.626      0.0    
  11900     28966.93    3.7849     2.2812     1.9535     1.146      0.5155     0.0016     5.3083    55.0563    45156.76   7387.66    -8442.0    -8423.19    18.535      0.0    
  12000     29202.95    3.7917     2.2866     1.9753     1.1568     0.4182     0.0015     5.3967    55.1012    45184.47   7395.02    -8427.0   -8408.955    18.542      0.0    
