Generating synthetic count valued data ... 
Generating synthetic  count valued data took:  27.58322048187256
max_count =  54  min count =  0
Evaluation for true params: 
 test_rsme | train_rsme | rel-te-err | rel-tr-err |  test_nll  |  train_nll |
2.6301710971 2.6244751856   1.51412      1.50653     163533.98    650175.67  
Using  0.05 of training data
Factorizing with max_iteration = 12000  fixing covariance?:  False
Tensor dimensions:  [50, 50, 50]
Optimization metrics: 
Using Ada Grad
Mean update scheme:  S
Covariance update :  N
Using diagonal covariance?:  True
Random start? True
k1 samples =  32  k2 samples =  128
eta =  1.0  cov eta =  1.0  sigma eta =  1
iteration |   time   |test_rsme |rel-te-err|train_rsme|rel-tr-err|   d_mean  |   d_cov  |avg_grad_m|avg_grad_c| test_nll | train_nll |    VLB   |  E-term  |    KL     
    0         1.21     10.3682     6.6507    10.4451     6.6496     3.1623     0.0064     0.8216     0.5057    194776.0   38729.79   -80911.0  -80859.09    51.428   
    5        73.03     10.3772     6.6537    10.4379     6.6458     3.1623     0.0064     5.5594     5.6864   192761.81   38174.13   -80243.0  -80199.46    43.621   
    10       145.62    10.3865     6.661     10.4165     6.6258     3.1623     0.0064    11.5531    11.5096   189360.62   37224.17   -79121.0  -79083.414   37.595   
    20       224.11    10.3738     6.658     10.2944     6.5486     3.1623     0.0064    30.7191    30.5143   181336.78   35073.85   -75895.0  -75864.065   31.094   
    50       328.98     9.824      6.3169     9.1788     5.8168     3.1623     0.0029    173.8403   136.9787  141325.39   24518.25   -49853.0  -49826.352   26.78    
   100       460.06     6.8537     4.2011     5.1694     3.2494     3.0666     0.0028    241.6521   188.9873   69530.45   10933.8    -15122.0  -15095.974   25.943   
   200       654.74     5.5549     3.2883     3.384      2.091      2.4479     0.0037    33.3008    69.8766    57268.91   8752.27    -10992.0  -10965.595   25.986   
   300       849.52     5.1904     3.0995     3.0843     1.8982     1.7427     0.0033    22.8554    72.4952    54909.24   8392.26    -10292.0  -10266.227   26.114   
   400      1044.49     4.9302     2.9579     2.8343     1.7176     1.1947     0.0033    18.3751    73.9871    53398.88   8096.86    -9739.0   -9712.639    26.167   
   500      1239.99     4.8202     2.9126     2.7164     1.6318     1.1862     0.0031    16.2592    75.2596    52894.29    7951.1    -9453.0   -9426.522    26.458   
   600       1435.5     4.734      2.8636     2.6511     1.5914     1.019      0.0032    13.6594    77.3105    52467.58   7872.01    -9284.0   -9257.725    26.328   
   700      1630.54     4.6812     2.8443     2.5667      1.53      0.8226     0.0031    11.5483    78.7003    52153.02   7803.98    -9150.0   -9123.823    25.988   
   800      1826.26     4.6615     2.8394     2.5297     1.5132     0.7838     0.003      9.8462    80.4395    52128.11   7758.22    -9073.0   -9047.169    25.689   
   900      2022.51     4.6365     2.8284     2.4669     1.4694     0.567      0.0031     8.5164    81.5862    52175.0     7708.2    -9058.0   -9032.208    25.539   
   1000     2218.08     4.6367     2.8345     2.4119     1.4326     0.5891     0.003      8.3616     82.405    52311.99   7687.29    -9040.0   -9014.385    25.211   
   1100     2413.68     4.6359     2.8326     2.3853     1.4242     0.5861     0.003      8.5048     83.444    52427.73   7665.73    -8979.0   -8953.964    24.95    
   1200     2609.48     4.6224     2.8283     2.3532     1.401      0.6719     0.003      9.1356    83.8483    52508.51   7650.76    -8955.0   -8930.225    24.817   
   1300     2805.54     4.6424     2.8379     2.3314     1.3952     0.8124     0.003      9.433     85.3228    52550.32   7646.45    -8943.0   -8918.789    24.601   
   1400     3001.39     4.6291     2.8358     2.3155     1.3758     0.8294     0.003      8.8321    86.0163    52624.83   7612.57    -8885.0   -8860.359    24.519   
   1500     3196.88     4.6229     2.8286     2.2823     1.3606     0.8702     0.0029     8.9919    86.8784    52701.64   7607.01    -8925.0   -8900.636    24.072   
   1600     3392.47     4.6287     2.8292     2.2498     1.3358     0.7597     0.0029     8.6696    87.1416    52633.78   7586.44    -8878.0    -8854.27    23.879   
   1700     3587.73     4.6437     2.8424     2.2595     1.3412     0.5722     0.0028     8.1573    87.7119    52724.97   7580.44    -8898.0   -8874.041    23.85    
   1800     3783.72     4.6544     2.8503     2.2442     1.3364     0.7827     0.0028     8.7289     88.786    52851.13   7586.33    -8869.0   -8845.541    23.619   
   1900      3980.0     4.6539     2.8494     2.2273     1.3106     0.825      0.0028     8.6857    89.2799    52948.79   7573.78    -8893.0   -8869.362    23.537   
   2000     4175.86     4.669      2.8624     2.1989     1.3128     0.6907     0.0028     8.3268    89.8634    52993.89   7571.33    -8876.0   -8852.891    23.31    
   2100     4371.11     4.6816     2.8694     2.1968     1.3094     0.6386     0.0028     7.9058     90.69     53000.68   7554.21    -8898.0   -8874.477    23.151   
   2200     4567.16     4.6984     2.8861     2.2087     1.3378     0.5148     0.0028     8.3688    91.2981    53124.69   7568.33    -8858.0   -8835.167    22.952   
   2300     4763.53     4.7111     2.8897     2.1613     1.3066     0.5358     0.0028     8.367     92.0064    53297.92   7564.41    -8891.0   -8868.115    23.086   
   2400     4959.71     4.715      2.8932     2.1571     1.3072     0.539      0.0028     7.9844     92.581    53127.73   7550.93    -8853.0    -8830.46    22.852   
   2500     5155.51     4.7335     2.9128     2.1513     1.3078     0.5885     0.0027     8.1548    92.8188    53136.19   7564.81    -8845.0   -8822.002    22.859   
   2600     5352.23     4.7404     2.9159     2.1364     1.2986     0.6145     0.0029     8.2763    93.1366    53241.89   7559.41    -8872.0   -8849.074    22.828   
   2700     5548.71     4.7453     2.917      2.1457     1.3078     0.5205     0.0028     8.2463    93.6148    53362.04    7543.3    -8884.0   -8861.679    22.747   
   2800     5745.06     4.7544     2.9229     2.1439     1.3076     0.5411     0.0028     8.443     94.3103    53256.98   7559.86    -8855.0   -8832.675    22.819   
   2900     5941.41     4.7674     2.9332     2.0993     1.2796     0.5178     0.0027     8.276     94.5606    53644.76   7551.28    -8881.0    -8858.35    22.769   
   3000     6137.62     4.7838     2.949      2.1159     1.2802     0.6157     0.0027     8.4886    95.5505    53565.18   7544.11    -8899.0   -8876.258    22.668   
   3100     6332.95     4.7972     2.9566     2.166      1.3328     0.635      0.0026     9.5451     96.287    53615.54   7567.66    -8863.0   -8839.949    22.565   
   3200     6527.58     4.7937     2.9494     2.1011     1.275       0.61      0.0027    10.2498    96.3751    53744.14   7556.33    -8891.0   -8868.909    22.473   
   3300     6721.88     4.7948     2.9518     2.113      1.2874     0.7453     0.0026    10.1112    96.3933    53608.83   7551.46    -8899.0   -8876.369    22.494   
   3400     6917.32     4.8091     2.9598     2.105      1.2792     0.5677     0.0026     8.9195    97.1911    53727.1    7539.19    -8851.0   -8828.653    22.512   
   3500     7111.53     4.7893     2.9456     2.0653     1.257      0.6415     0.0026     8.6392    97.0469    53751.02   7525.19    -8859.0   -8836.267    22.616   
   3600     7306.85     4.8169     2.9653     2.0703     1.2594     0.6349     0.0027     8.7184    97.9359    53901.11   7529.78    -8856.0   -8833.562    22.672   
   3700     7502.32     4.8134     2.9616     2.0546     1.2548     0.5753     0.0027     9.6052    98.6988    53836.73   7525.83    -8885.0   -8862.196    22.702   
   3800     7696.83     4.8315     2.9762     2.0354     1.2488     0.5897     0.0026     8.7584     98.323    54061.81   7532.18    -8869.0   -8846.491    22.615   
   3900     7891.88     4.827      2.9726     2.0257     1.2378     0.5675     0.0027     9.5009    98.0421    53878.21    7530.7    -8888.0   -8865.502    22.577   
   4000     8087.95     4.8405     2.9734     2.0317     1.2322     0.5057     0.0026     8.8501    98.7956    53976.51   7517.54    -8836.0   -8812.766    22.746   
   4100     8282.62     4.8323     2.9695     2.023      1.237      0.4613     0.0027     7.8839    98.1702    53960.3    7507.64    -8836.0   -8813.422    22.662   
   4200     8475.61     4.8478     2.9794     2.022      1.2362     0.5876     0.0026     9.0362    98.5673    54007.1    7506.92    -8860.0   -8837.444    22.555   
   4300     8670.18     4.8586     2.9863     1.9941     1.2222     0.581      0.0026     9.3382    99.7411    54181.62    7524.0    -8899.0   -8876.799    22.677   
   4400     8863.37     4.8526     2.9797     1.9872     1.2058     0.6203     0.0026     9.179     99.2063    54121.34   7508.84    -8867.0   -8844.806    22.494   
   4500     9057.22     4.8721     2.9865     1.9774     1.2004     0.5896     0.0025     9.6196    99.8516    54234.87   7516.98    -8871.0   -8848.328    22.444   
   4600     9250.95     4.8908     3.0048     1.9913     1.2198     0.6508     0.0024     9.2255    100.3315   54217.48   7527.54    -8911.0   -8888.586    22.463   
   4700     9445.29     4.8979     3.0062     1.9558     1.2086     0.4296     0.0026     8.5225    99.9089    54412.4     7498.3    -8875.0   -8852.685    22.583   
   4800      9638.5     4.909      3.014      2.0025     1.2358     0.6041     0.0025     8.3172    100.8434   54339.03   7522.57    -8880.0   -8857.342    22.531   
   4900     9832.72      4.94      3.0346     2.0301     1.2518      0.7       0.0025    10.0679    101.2574   54576.91   7542.75    -8920.0   -8898.038    22.458   
   5000     10026.7     4.9073     3.011      1.9934     1.225      0.5647     0.0025    10.2097    100.8015   54331.5    7520.48    -8892.0   -8868.967    22.616   
   5100     10219.88    4.9119     3.0193     2.0049     1.2408     0.7577     0.0026     9.8306    100.8851   54345.84   7525.97    -8892.0   -8869.742    22.559   
   5200     10414.42     4.91      3.0157     1.9846     1.2346     0.7649     0.0027     9.5908    101.2633   54214.2    7509.05    -8855.0   -8832.647    22.458   
   5300     10608.79    4.9107     3.0118     1.9456     1.1966     0.7554     0.0027     9.7261    100.3784   54299.38   7505.75    -8879.0   -8856.871    22.444   
   5400     10802.89    4.9096     3.0137     1.9632     1.2106     0.7093     0.0025     8.9631    100.8024   54330.97   7498.22    -8863.0   -8839.994    22.568   
   5500     10996.71    4.9318     3.0228     1.9742     1.2246     0.6073     0.0023     9.1555    101.9755   54296.15   7510.08    -8850.0   -8827.475    22.643   
   5600     11190.08    4.9341     3.0257     1.9661     1.219      0.6881     0.0025     8.992     102.2407   54477.21   7516.79    -8827.0   -8804.773    22.647   
   5700     11383.77    4.9154     3.0136     1.9399     1.1896     0.6823     0.0025     9.0753    102.1639   54429.69   7505.49    -8921.0   -8898.299    22.581   
   5800     11577.29    4.9127     3.0147     1.9497     1.1938     0.4978     0.0024     9.1299    101.9109   54526.04   7507.74    -8833.0   -8810.929    22.542   
   5900     11771.55    4.9036     3.0036     1.919      1.182      0.5263     0.0025     8.3098    101.4125   54554.88   7490.28    -8859.0   -8836.888    22.482   
   6000     11964.79    4.9256     3.0192     1.9183     1.1698     0.5668     0.0023     8.0584    102.2877   54463.89   7502.07    -8864.0   -8841.763    22.491   
   6100     12159.73    4.9376     3.0225     1.9206     1.1804     0.4851     0.0023     8.5545    101.9003   54414.36   7492.39    -8831.0   -8808.467    22.577   
   6200     12353.9     4.9497     3.0311     1.9242     1.1916     0.5288     0.0023     8.211     101.9385   54414.54   7491.95    -8852.0   -8829.933    22.456   
   6300     12548.32    4.9471     3.0331     1.9234     1.1898     0.4352     0.0024     8.0839    102.1687   54300.19   7498.98    -8848.0   -8825.112    22.591   
   6400     12742.24    4.9391     3.0226     1.9438     1.1996     0.4865     0.0022     8.4983    102.6817   54360.11   7498.27    -8859.0   -8836.239    22.573   
   6500     12936.08    4.9405     3.0291     1.9052     1.1862     0.4829     0.0024     8.5728    102.1967   54467.67    7496.3    -8828.0   -8805.354    22.607   
   6600     13131.14    4.9507     3.0364     1.9179     1.183      0.5855     0.0024     8.6123    102.6491   54537.36   7492.67    -8869.0   -8846.757    22.521   
   6700     13325.65    4.9476     3.0287     1.9113     1.1696     0.6617     0.0024     8.9175    102.5859   54638.61   7487.35    -8832.0   -8809.664    22.533   
   6800     13519.92    4.9572     3.038      1.9253     1.1928     0.5841     0.0023     9.3157    103.1388   54735.08   7490.35    -8853.0   -8829.989    22.602   
   6900     13713.95    4.938      3.0221     1.9186     1.1882     0.5488     0.0025    10.0052    103.5619   54810.51   7490.92    -8895.0   -8872.751    22.603   
   7000     13907.56    4.9382     3.0248     1.879      1.1544     0.4616     0.0023     9.377     103.1246   54549.6    7477.24    -8837.0   -8814.833    22.648   
   7100     14101.99    4.9615     3.0339     1.9172     1.1692     0.459      0.0022     9.9706    103.0386   54719.86   7510.35    -8841.0   -8817.972    22.644   
   7200     14297.06    4.9846     3.0548     1.9237     1.1972     0.549      0.0022     9.921     103.8213   54826.77   7507.34    -8882.0   -8859.098    22.707   
   7300     14491.26    4.9706     3.045      1.8953     1.1666     0.4653     0.0023     9.3235    104.1093   54667.54   7489.05    -8856.0   -8832.844    22.756   
   7400     14684.8     4.9968     3.0635     1.9047     1.1874     0.5147     0.0024     9.7286    103.7664   54830.82   7495.95    -8855.0   -8832.123    22.815   
   7500     14878.27    4.996      3.0566     1.9125     1.1804     0.454      0.0021     9.6925    104.7221   54767.31   7503.18    -8827.0   -8803.914    22.743   
   7600     15071.67    4.9842     3.0482     1.8887     1.1578     0.4079     0.0023     8.9396    104.8448   54799.38   7488.66    -8852.0   -8828.987    22.749   
   7700     15265.3     4.9868     3.0486     1.8713     1.1476     0.4114     0.0023     8.4315    103.9185   54710.18   7485.56    -8849.0   -8826.424    22.657   
   7800     15459.04    4.9911     3.0539     1.8968     1.1812     0.4484     0.0022     8.9291    104.974    54746.63   7491.61    -8821.0    -8798.19    22.634   
   7900     15652.72    4.9975     3.0564     1.8766     1.1688     0.494      0.0023     9.6107    104.4334   54662.64   7501.72    -8824.0   -8801.014    22.649   
   8000     15846.39    4.9821     3.0462     1.8919     1.1746     0.4348     0.0023     8.4536    104.5023   54832.46   7498.12    -8865.0   -8842.338    22.665   
   8100     16039.9     5.0088     3.066      1.8968     1.1748     0.6383     0.0024     8.3627    105.2542   54810.89   7491.21    -8862.0   -8839.802    22.668   
   8200     16233.81    4.9969     3.0563     1.8889     1.1672     0.4814     0.0022     8.5438    105.4173   54741.52    7486.4    -8826.0   -8803.812    22.583   
   8300     16428.04    5.005      3.0625     1.8907     1.1736     0.4949     0.0023     8.213     105.7278   54732.59   7495.66    -8846.0   -8823.259    22.673   
   8400     16623.15    5.016      3.0719     1.9017     1.178      0.4903     0.0022     8.5449    106.2074   54726.0    7508.22    -8833.0   -8810.468    22.665   
   8500     16817.46    4.9964     3.0579     1.8589     1.1586     0.4661     0.0023     8.8464    105.1543   54730.96   7490.21    -8839.0   -8816.744    22.694   
   8600     17012.32    4.9988     3.0538     1.8776     1.1678     0.4898     0.0022     9.3664    105.3164   54937.18   7486.97    -8853.0   -8829.965    22.754   
   8700     17206.8     5.0083     3.0581     1.9048     1.1828     0.5157     0.0021     9.7921    105.9612   54901.86   7491.38    -8869.0   -8846.423    22.798   
   8800     17401.27    5.0245     3.0715     1.9178     1.1884     0.4578     0.0021     8.9153    106.6193   54784.69   7499.75    -8853.0   -8829.942    22.809   
   8900     17595.9     5.0062      3.06      1.8824     1.165      0.3291     0.0022     7.935     106.8206   54828.61   7477.76    -8845.0   -8822.415    22.79    
   9000     17790.32    5.0123     3.0608     1.8723     1.1586     0.4725     0.0022     8.6205    106.1772   54844.12   7478.75    -8844.0    -8821.13    22.854   
   9100     17984.63    5.0196     3.0696     1.8527     1.156      0.5349     0.0021     8.3157    106.0383   54780.25   7490.69    -8854.0   -8831.329    22.862   
   9200     18177.63    5.0302     3.0744     1.8667     1.1644     0.4688     0.0021     7.6524    106.7271   54942.81   7489.35    -8843.0   -8820.173    22.928   
   9300     18371.86    5.0208     3.0672     1.8712     1.1614     0.4119     0.0021     8.5947    106.0036   54923.61   7476.29    -8809.0   -8786.001    22.822   
   9400     18566.39    5.0277     3.069      1.8596     1.1582     0.565      0.0022     9.3541    106.4396   54996.81   7483.56    -8839.0   -8816.368    22.855   
   9500     18760.71    5.0301     3.0723     1.8598     1.1622     0.5393     0.0021    10.0256    105.9697   55123.3    7495.32    -8860.0    -8836.72    22.923   
   9600     18953.17    5.0143     3.063      1.8621     1.1534     0.4911     0.0021     9.7565    106.428    54861.56   7494.76    -8872.0   -8849.057    22.914   
   9700     19146.98    5.0073     3.0552     1.8222     1.1168     0.3891     0.0021     9.3363    106.3703   54839.78   7476.94    -8805.0   -8782.169    22.912   
   9800     19340.73    5.0252     3.0668     1.8538     1.146      0.438      0.002      9.5677    106.6352   54850.36   7492.83    -8815.0   -8792.288    22.996   
   9900     19534.52    5.0385     3.0748     1.8748     1.1686     0.4094     0.0022     8.346     107.5102   55021.48   7488.84    -8845.0   -8821.938    23.003   
  10000     19728.74    5.0288     3.075      1.8762      1.17      0.4507     0.002      8.5612    107.5689   54818.31   7497.12    -8844.0    -8821.55    22.93    
  10100     19923.04    5.0507     3.0887     1.8893     1.1844     0.5235     0.0019     9.1614    108.4362   54921.27   7498.38    -8834.0   -8811.418    22.954   
  10200     20117.74    5.0482     3.0802     1.8578     1.153      0.6526     0.0021    10.1813    107.7786   54950.73   7499.27    -8872.0   -8848.651    22.977   
  10300     20311.56    5.0455     3.0816     1.879      1.1754     0.6409     0.002      9.8309    107.9387   55074.75    7498.2    -8836.0   -8812.975    22.968   
  10400     20505.27    5.0451     3.0818     1.8804     1.176      0.5029     0.0021     9.4428     108.63    54963.95   7491.34    -8865.0   -8841.688    22.924   
  10500     20699.03    5.0611     3.0908     1.9194     1.2082     0.4989     0.0021     9.846     109.1251   55092.93   7502.97    -8880.0   -8856.829    22.918   
  10600     20892.5     5.0354     3.0682     1.8478     1.1436     0.5397     0.002     10.5878    107.8697   55105.17   7483.67    -8839.0   -8816.327    22.927   
  10700     21085.99    5.0316     3.0692     1.8788     1.1698     0.5517     0.0021    10.2816    107.8316   55110.74   7502.84    -8872.0   -8849.312    22.903   
  10800     21279.05    5.0388     3.0767     1.8965     1.189      0.683      0.002     10.1369    107.9584   55111.36   7500.01    -8852.0   -8828.682    22.885   
  10900     21473.05    5.0432     3.0787     1.8717     1.1622     0.5478     0.0018    10.9442    108.0449   54996.06   7496.56    -8832.0   -8808.926    22.898   
  11000     21667.8     5.0429     3.0786     1.8303     1.134      0.5308     0.0021    10.3282    108.1395   55089.81   7483.91    -8845.0    -8822.31    22.971   
  11100     21862.18    5.0313     3.0709     1.8344     1.1408     0.5487     0.002     10.0179    107.4755   54956.83   7470.82    -8799.0   -8776.173    22.99    
  11200     22055.94    5.0226     3.0657     1.8213     1.1256     0.3653     0.0021     9.5603    107.9415   55145.44    7477.9    -8817.0   -8794.053    23.005   
  11300     22250.15    5.0394     3.0739     1.8483     1.1402     0.5907     0.0021     9.9048    107.3598   54851.88   7478.62    -8838.0   -8815.164    22.983   
  11400     22445.16    5.0401     3.0764     1.8311     1.1434     0.4384     0.002      9.4485    108.1126   55032.84   7470.59    -8784.0   -8760.916    22.98    
  11500     22639.95    5.0487     3.0819     1.8569     1.1584     0.3901     0.0022     9.5958    108.7572   55117.84   7473.13    -8833.0   -8809.754    22.962   
  11600     22834.5     5.0449     3.0758     1.8391     1.1384     0.4852     0.0019     9.5793    109.0241   55133.07   7474.01    -8815.0   -8791.989    22.953   
  11700     23028.08    5.0249     3.065      1.7999     1.1106     0.4166     0.0021     9.2158    108.1517   55027.37   7462.48    -8811.0   -8788.135    22.918   
  11800     23220.96    5.0498     3.077      1.8125     1.1198     0.3784     0.0021     8.2353    108.4037   55008.51   7465.87    -8815.0   -8791.723    23.007   
  11900     23414.34    5.0503     3.0778     1.837      1.1502     0.3662     0.002      9.112     108.5992   55138.26   7478.86    -8784.0   -8761.568    22.906   
  12000     23608.97    5.0519     3.0804     1.8345     1.1394     0.3861     0.0021     8.5864    108.9238   55299.9    7464.51    -8802.0   -8778.976    22.942   
