Factorizing with max_iteration = 20000  fixing covariance?:  False
Tensor dimension: [135, 135, 49]
Mean update: S
Cov update: N
Using diagonal covariance: True
k1 samples =  64  k2 samples =  128
eta =  1.0  cov eta =  1.0  sigma eta =  1
iteration |   time   |  test_err  |  test_mae  |  trainerr  |  trainmae |
    0         0.66      0.0281     0.3354     0.0343     0.3702  
    5        10.63      0.0207     0.2879     0.0278     0.3333  
    10       21.55       0.02      0.2827     0.0257     0.3208  
    20       33.48      0.0155     0.2494     0.0189     0.2748  
    50       56.95      0.0022     0.0943     0.0024     0.0981  
   100        88.3       0.0        0.0        0.0        0.0    
   200       141.6       0.0        0.0        0.0        0.0    
   500       289.01      0.0        0.0        0.0        0.0    
   1000      526.38      0.0        0.0        0.0        0.0    
   1500      765.39      0.0        0.0        0.0        0.0    
   2000     1005.98      0.0        0.0        0.0        0.0    
   2500     1242.19      0.0        0.0        0.0        0.0    
   3000     1482.14      0.0        0.0        0.0        0.0    
   3500     1719.67      0.0        0.0        0.0        0.0    
   4000     1956.68      0.0        0.0        0.0        0.0    
   4500     2197.48      0.0        0.0        0.0        0.0    
   5000     2434.97      0.0        0.0        0.0        0.0    
   5500     2675.07      0.0        0.0        0.0        0.0    
   6000     2912.49      0.0        0.0        0.0        0.0    
   6500     3153.95      0.0        0.0        0.0        0.0    
   7000     3397.85      0.0        0.0        0.0        0.0    
   7500     3637.81      0.0        0.0        0.0        0.0    
   8000     3880.31      0.0        0.0        0.0        0.0    
   8500     4122.12      0.0        0.0        0.0        0.0    
   9000      4369.0      0.0        0.0        0.0        0.0    
   9500     4618.14      0.0        0.0        0.0        0.0    
  10000      4872.3      0.0        0.0        0.0        0.0    
  10500     5118.64      0.0        0.0        0.0        0.0    
  11000     5359.73      0.0        0.0        0.0        0.0    
  11500     5603.44      0.0        0.0        0.0        0.0    
  12000     5847.72      0.0        0.0        0.0        0.0    
  12500     6086.75      0.0        0.0        0.0        0.0    
  13000     6326.33      0.0        0.0        0.0        0.0    
  13500     6560.25      0.0        0.0        0.0        0.0    
  14000     6794.93      0.0        0.0        0.0        0.0    
  14500     7025.69      0.0        0.0        0.0        0.0    
  15000      7254.8      0.0        0.0        0.0        0.0    
  15500     7484.21      0.0        0.0        0.0        0.0    
  16000      7708.8      0.0        0.0        0.0        0.0    
  16500     7936.76      0.0        0.0        0.0        0.0    
  17000     8161.84      0.0        0.0        0.0        0.0    
  17500     8384.38      0.0        0.0        0.0        0.0    
  18000     8608.67      0.0        0.0        0.0        0.0    
  18500     8831.24      0.0        0.0        0.0        0.0    
  19000     9055.07      0.0        0.0        0.0        0.0    
  19500     9276.07      0.0        0.0        0.0        0.0    
  20000     9497.15      0.0        0.0        0.0        0.0    
