Generating synthetic real valued data ... 
Generating synthetic  real valued data took:  67.72808170318604
Evaluation for true params: 
 test_rsme | train_rsme | rel-te-err | rel-tr-err |  test_nll  |  train_nll |
1200.4125046145 1201.4395476391 0.0990434229 0.0989895704  2299230.96   9195594.44 
Using  0.05 of training data
Factorizing with max_iteration = 12000  fixing covariance?:  False
Tensor dimensions:  [100, 100, 100]
Optimization metrics: 
Using Ada Grad
Mean update scheme:  S
Covariance update :  N
Using diagonal covariance?:  False
Random start? True
k1 samples =  32  k2 samples =  128
eta =  1.0  cov eta =  1.0  sigma eta =  1
iteration |   time   |test_rsme |rel-te-err|train_rsme|rel-tr-err|   d_mean  |   d_cov  |avg_grad_m|avg_grad_c| test_nll | train_nll |    VLB   |  E-term  |    KL     
    0         0.72    10164.2098   0.9989   10161.3805   0.9989     2.2361     0.2846   129912.6977  43.2101   2302585.09 460517.02  -460525.0  -460517.019   8.065    
    5        350.97   10163.092    0.9988   10160.2573   0.9988     2.2361     0.2846   814100.9813  288.4661  2302585.09 460517.02  -460525.0  -460517.019   8.387    
    10       700.31   10161.9038   0.9987   10159.0692   0.9987     2.2361     0.2846   1533377.3777  576.3367  2302585.09 460517.02  -460526.0  -460517.019   8.698    
    20      1049.33   10159.2474   0.9984   10156.4383   0.9984     2.2361     0.2846   3130662.2642 1292.2988  2302585.09 460517.02  -460526.0  -460517.019   9.265    
    50       1415.4   10149.2369   0.9974   10146.2908   0.9974     2.2361     0.2846   9262016.4306 4954.8854  2302585.09 460517.02  -460528.0  -460517.019   10.633   
   100      1798.35   10124.2252   0.9948   10121.3735   0.9948     2.2361     0.2846   24193970.4527 17391.5762 2302585.09 460517.02  -460542.0  -460517.019   24.572   
   200      2227.84   10038.7769   0.9861   10035.8929   0.986      2.1745      0.0     54007933.5398 78786.885  2302585.09 460517.02  -460546.0  -460517.019   28.559   
   300      2657.41   9896.8479    0.9715   9893.9291    0.9714     2.0891      0.0     92774459.2469 229696.1191 2302585.09 460517.02  -460548.0  -460517.019   31.422   
   400      3087.17   9691.3114    0.9503   9688.3511    0.9503     2.0011      0.0     138288902.8151 519859.0699 2302585.09 460517.02  -460551.0  -460517.019   33.618   
   500      3521.27   9418.3859    0.9222   9415.3772    0.9222     1.9126      0.0     187729417.0115 997964.8183 2302585.09 460517.02  -460552.0  -460517.019   35.367   
   600      3953.89   9076.8262    0.8871   9073.7607    0.887      1.8306      0.0     238813943.2614 1708894.8998 2302585.09 460517.02  -460554.0  -460517.019   36.806   
   700      4383.21   8668.6275    0.845     8665.515    0.8449     1.7501      0.0     287711460.778 2689507.8882 2302585.09 460517.02  -460555.0  -460517.019   38.006   
   800      4813.14   8197.5332    0.7963   8194.3777    0.7962     1.6697      0.0     332646554.1164 3966402.7741 2302585.09 460517.02  -460556.0  -460517.019   39.041   
   900      5243.85   7670.6704    0.7418   7667.4773    0.7417     1.5834      0.0     369901234.9372 5554955.1378 2302585.09 460517.02  -460557.0  -460517.019   39.938   
   1000     5677.07   7095.6616    0.6822   7092.4459    0.6821     1.5036      0.0     399506469.9076 7461458.2379 2302585.09 460517.02  -460558.0  -460517.019   40.707   
   1100     6108.24   6485.2196    0.6187   6482.0057    0.6185     1.4103      0.0     417025418.577 9657781.5515 2302585.07 460509.79  -460558.0  -460516.676   41.381   
   1200     6537.05   5852.4061    0.5525   5849.1968    0.5523     1.3241      0.0     423485769.0417 12113938.9421 2302551.94 460510.24  -460558.0  -460516.489   41.962   
   1300     6965.77   5213.9362    0.4854   5210.7822    0.4852     1.247       0.0     417175151.7178 14793090.7095 2302460.18 460489.19  -460556.0  -460513.788   42.48    
   1400     7395.48   4585.9299    0.4189   4582.8295    0.4187     1.1393      0.0     400636497.3796 17600658.2794 2301999.35 460375.41  -460545.0  -460502.38   42.92    
   1500     7823.16   3988.7423    0.3554   3985.7748    0.3552     1.0483      0.0     372441500.1975 20459765.337 2300879.57 460210.41  -460536.0  -460492.884   43.297   
   1600     8251.93   3437.3623    0.2969   3434.4574    0.2966     0.9755      0.0     338288295.498 23284136.7266 2298610.71 459672.82  -460486.0  -460442.216   43.627   
   1700     8677.35   2949.2568    0.2459   2946.5235    0.2457     0.8734      0.0     297278976.353 25955445.4367 2294261.73 458962.42  -460427.0  -460382.69   43.897   
   1800     9103.54   2530.3515    0.2038   2527.7087    0.2035     0.7868      0.0     257233260.6201 28437176.8758 2287517.15 457782.65  -460301.0  -460256.907   44.134   
   1900     9531.23   2186.8982    0.1714    2184.264    0.1709     0.7002      0.0     217024907.4153 30672738.3715 2281025.14 456225.23  -460213.0  -460168.258   44.321   
   2000     9964.03   1919.3826    0.148     1916.769    0.1476     0.6143      0.0     177969693.3129 32597173.2215 2273475.68 454773.84  -460097.0  -460052.499   44.478   
   2100     10394.47  1719.6667    0.1322    1716.823    0.1317     0.5332      0.0     143846129.0361 34244347.1342 2268394.86 453419.94  -459992.0  -459947.45   44.608   
   2200     10822.56  1575.5575    0.1218   1572.5601    0.1213     0.4663      0.0     115035407.5477 35560726.727 2264634.19  452921.2  -459941.0  -459896.387   44.716   
   2300     11256.42   1474.849    0.1151   1471.5746    0.1146     0.444       0.0     91261381.904 36641617.0314 2260360.29 451932.34  -459832.0  -459787.308   44.802   
   2400     11686.77   1405.746    0.1109   1401.9684    0.1103     0.3884      0.0     72071081.0547 37484648.1367 2257538.8   451576.3  -459812.0  -459767.474   44.858   
   2500     12122.07  1358.8889    0.1083   1354.6093    0.1077     0.3326      0.0     56872361.6781 38162767.6285 2255257.31 450828.52  -459741.0  -459695.839   44.92    
   2600     12551.91  1325.2033    0.1066   1320.5192    0.1059     0.2929      0.0     47606622.1975 38715145.6362 2255057.98  450816.5  -459778.0  -459733.166   44.964   
   2700     12987.44  1302.3376    0.1055    1297.239    0.1047     0.2323      0.0     38463568.7518 39115753.6748 2253304.84 450522.89  -459761.0  -459716.495   44.995   
   2800     13427.08  1286.2918    0.1047   1280.8146    0.1039     0.2069      0.0     31271328.1669 39426266.6496 2253362.52 450280.28  -459733.0  -459688.158   45.034   
   2900     13858.82   1274.569    0.1041   1268.5098    0.1033     0.2084      0.0     26919678.6688 39633981.4345 2252258.73 450245.38  -459690.0  -459645.159   45.048   
   3000     14290.56  1265.3945    0.1037   1258.9603    0.1028     0.178       0.0     23700628.6878 39855124.051 2252846.14 449760.58  -459700.0  -459654.91   45.06    
   3100     14723.49  1258.0121    0.1033   1251.4211    0.1024     0.2077      0.0     21156855.1385 40002837.6032 2252679.45  450046.8  -459669.0  -459624.154   45.08    
   3200     15158.06  1252.2726    0.103    1245.4002    0.1021     0.1606      0.0     19719177.9628 40109183.2773 2252240.12 450164.58  -459715.0  -459670.085   45.09    
   3300     15588.47  1247.8478    0.1028     1240.7     0.1018     0.1767      0.0     18003627.7144 40191225.1401 2252438.33 449741.38  -459688.0  -459642.7    45.092   
   3400     16019.96  1244.4763    0.1026   1237.1358    0.1016     0.1423      0.0     15910127.8889 40214273.3237 2250969.16 450034.38  -459698.0  -459652.426   45.091   
   3500     16448.63   1241.603    0.1024   1234.0458    0.1014     0.119       0.0     15684963.7892 40259236.7643 2251048.22 450063.48  -459733.0  -459687.474    45.1    
   3600     16878.32  1239.3281    0.1022   1231.4283    0.1012     0.1452      0.0     14505748.0786 40340464.1362 2250555.45  449798.1  -459727.0  -459681.812   45.121   
   3700     17309.14  1237.4808    0.1022   1229.2518    0.1011     0.131       0.0     14213340.0459 40381336.36 2250204.34 450173.51  -459719.0  -459673.964   45.118   
   3800     17744.19  1235.8358    0.1021   1227.5465    0.101      0.1015      0.0     13395306.9844 40429086.3373 2250815.61 450004.34  -459746.0  -459701.168   45.118   
   3900     18177.15  1234.3649    0.1019   1226.0919    0.1009     0.0944      0.0     12225268.4977 40464620.1394 2251074.48 449868.12  -459702.0  -459656.922   45.122   
   4000     18611.08  1233.3817    0.1019   1224.9027    0.1008     0.1015      0.0     11316755.986 40448266.885 2250999.59  449980.6  -459696.0  -459651.156   45.119   
   4100     19043.34  1232.4754    0.1018   1223.9039    0.1007     0.147       0.0     11815000.5578 40487191.8924 2250770.74 450149.11  -459676.0  -459630.832   45.123   
   4200     19472.26  1231.8114    0.1018   1223.1191    0.1006     0.0972      0.0     11147365.2362 40465877.9531 2250780.24  450008.8  -459660.0  -459614.541   45.12    
   4300     19901.76  1231.2453    0.1017   1222.3876    0.1006     0.1248      0.0     10820978.6656 40508211.5484 2251047.27 449796.83  -459717.0  -459671.761   45.132   
   4400     20330.37  1230.7793    0.1016   1221.8035    0.1005     0.1211      0.0     11134321.8748 40466169.4566 2252013.7  449725.17  -459704.0  -459658.519   45.147   
   4500     20757.84  1230.4699    0.1016   1221.2909    0.1004     0.1054      0.0     10304890.2092 40511139.404 2251260.6  450055.14  -459698.0  -459652.962   45.148   
   4600     21184.47  1230.0362    0.1016   1220.9127    0.1004     0.0866      0.0     10522051.3882 40500772.6721 2251195.0   450238.7  -459704.0  -459658.493   45.146   
   4700     21612.96  1229.9051    0.1016   1220.7193    0.1004     0.0897      0.0     9922154.3194 40498098.8629 2251005.52 449789.69  -459708.0  -459662.694   45.15    
   4800     22038.08  1229.7298    0.1016   1220.5086    0.1004     0.1005      0.0     9345486.6776 40508119.01 2250255.0   450015.7  -459728.0  -459683.225   45.138   
   4900     22460.89  1229.5984    0.1015   1220.3428    0.1003     0.1112      0.0     9569906.7143 40527069.648 2251088.72 449932.85  -459663.0  -459617.898   45.125   
   5000     22885.33   1229.562    0.1015   1220.1554    0.1003     0.0798      0.0     9286748.7443 40505465.0721 2250678.75 449867.67  -459690.0  -459644.714   45.129   
   5100     23311.06  1229.4705    0.1015   1219.9823    0.1003     0.1599      0.0     9847797.8127 40482459.9186 2251233.22 449883.38  -459697.0  -459651.592   45.135   
   5200     23734.16  1229.3628    0.1015   1219.8185    0.1003     0.0885      0.0     9846059.0603 40516485.839 2251244.73 449936.26  -459665.0  -459619.93   45.115   
   5300     24157.63  1229.2556    0.1015   1219.7468    0.1003     0.0904      0.0     8381640.2282 40534004.5774 2249917.5  449897.33  -459713.0  -459667.562   45.115   
   5400     24579.94  1229.1134    0.1015    1219.644    0.1003     0.1201      0.0     9803322.6629 40528888.1147 2250244.43 450011.28  -459710.0  -459664.777   45.128   
   5500     25004.38  1228.9792    0.1015   1219.5734    0.1003     0.0852      0.0     9784947.758 40539197.0022 2250143.91 449821.37  -459711.0  -459666.329   45.106   
   5600     25427.97  1228.9208    0.1014   1219.5099    0.1003     0.0998      0.0     9290533.9104 40545251.5424 2250108.53 449630.79  -459679.0  -459633.684   45.103   
   5700     25855.51  1228.8899    0.1014   1219.4246    0.1003     0.079       0.0     9602826.0853 40517914.9202 2250616.93 449533.13  -459725.0  -459679.46   45.115   
   5800     26290.28  1228.8296    0.1014   1219.3716    0.1002     0.0983      0.0     8561318.9459 40508640.6423 2250529.91 449901.91  -459716.0  -459670.47   45.121   
   5900     26719.03  1228.7929    0.1014    1219.311    0.1002     0.0841      0.0     9154164.8191 40481792.1741 2250154.72 449719.57  -459692.0  -459646.473   45.135   
   6000     27147.72  1228.6066    0.1014   1219.3131    0.1002     0.0757      0.0     9309623.1396 40489113.4348 2250502.08 449401.99  -459667.0  -459621.453   45.124   
   6100     27575.32   1228.666    0.1014   1219.3206    0.1002     0.0766      0.0     9466862.8079 40538028.1992 2250191.04 449891.12  -459667.0  -459622.003   45.138   
   6200     28005.95  1228.5661    0.1014    1219.276    0.1002     0.0988      0.0     9404337.5294 40548366.0903 2249782.23 449675.89  -459701.0  -459655.551   45.13    
   6300     28433.33  1228.6537    0.1014   1219.2323    0.1002     0.0794      0.0     8548629.6413 40489838.9531 2250673.76 449888.19  -459688.0  -459642.623   45.137   
   6400     28862.02  1228.7048    0.1014   1219.2421    0.1002     0.1013      0.0     9171419.4811 40520207.1871 2250067.36  449671.2  -459719.0  -459674.036   45.135   
   6500     29289.41  1228.6573    0.1014   1219.2159    0.1002     0.0872      0.0     9921909.9728 40578060.0033 2250083.85 449850.33  -459700.0  -459655.361   45.136   
   6600     29716.81  1228.6209    0.1014   1219.2214    0.1002     0.0922      0.0     8746499.7208 40515775.2816 2250516.3  449675.41  -459672.0  -459627.271   45.127   
   6700     30141.89  1228.7646    0.1014   1219.2002    0.1001     0.0777      0.0     9919161.0462 40562670.9588 2250459.23 449991.45  -459717.0  -459671.985   45.13    
   6800     30565.12  1228.8526    0.1013   1219.2261    0.1001     0.083       0.0     9659629.8007 40533845.8517 2251362.98 449706.96  -459687.0  -459642.04   45.127   
   6900     30988.55  1228.8305    0.1013   1219.2482    0.1001     0.0706      0.0     8666350.7627 40516898.1053 2251112.9  449820.93  -459666.0  -459620.746   45.124   
   7000     31412.38   1228.928    0.1013   1219.2467    0.1001     0.0921      0.0     9257552.0484 40499132.2485 2250577.8  449956.91  -459675.0  -459629.589   45.122   
   7100     31836.56  1229.0456    0.1014   1219.2577    0.1001     0.0788      0.0     9159758.5678 40503376.0523 2251147.34 449957.98  -459682.0  -459636.917   45.128   
   7200     32260.77  1228.9103    0.1014   1219.2033    0.1002     0.0802      0.0     9197234.6664 40548597.7975 2250384.4  449870.68  -459707.0  -459661.789   45.126   
   7300     32683.6   1228.9285    0.1014   1219.2003    0.1002     0.0722      0.0     9365375.1899 40494102.139 2250824.06 449916.95  -459681.0  -459635.735   45.124   
   7400     33108.8   1228.9657    0.1014   1219.2108    0.1001     0.0794      0.0     9356754.8392 40496613.621 2251236.78 449894.04  -459688.0  -459642.997   45.127   
   7500     33532.61  1228.8923    0.1014   1219.1345    0.1001     0.0797      0.0     9997259.1317 40483136.6431 2250637.06 449777.45  -459715.0  -459670.216   45.124   
   7600     33956.33  1228.8028    0.1013   1219.1711    0.1001     0.0751      0.0     9424547.9393 40520087.0736 2250127.54 449881.98  -459669.0  -459623.477   45.124   
   7700     34384.32  1228.8363    0.1013   1219.1634    0.1001     0.0827      0.0     9067052.516 40538077.4774 2250949.2  449825.12  -459708.0  -459662.446   45.128   
   7800     34807.1   1228.8726    0.1013   1219.1772    0.1001     0.0819      0.0     9077850.466 40533677.9295 2249949.91 449972.61  -459704.0  -459658.892   45.123   
   7900     35232.95  1228.7578    0.1013    1219.176    0.1001     0.0987      0.0     9483686.52 40498883.9267 2250517.39 450021.49  -459707.0  -459661.774   45.127   
   8000     35658.02  1228.7731    0.1013   1219.1681    0.1001     0.0871      0.0     9452954.7601 40514055.7029 2250750.25  450087.6  -459711.0  -459665.809   45.127   
   8100     36081.01  1228.6872    0.1013    1219.174    0.1001     0.1062      0.0     9626313.7175 40526918.706 2250615.63 449849.86  -459689.0  -459644.273   45.12    
   8200     36505.29  1228.5598    0.1013   1219.1545    0.1001     0.0943      0.0     9379843.1189 40543571.8783 2250182.61 449668.35  -459731.0  -459686.383   45.11    
   8300     36929.51  1228.4912    0.1014   1219.1678    0.1002     0.105       0.0     8902512.1672 40474013.6998 2250837.14 449746.61  -459695.0  -459649.905   45.112   
   8400     37354.04  1228.4674    0.1014   1219.1596    0.1002     0.1017      0.0     9296043.8566 40558916.081 2250642.96 449934.04  -459702.0  -459656.856   45.115   
   8500     37777.16  1228.4605    0.1014   1219.1944    0.1002     0.0849      0.0     9020306.121 40563051.8325 2250452.5  450121.16  -459734.0  -459688.718   45.139   
   8600     38200.79  1228.4098    0.1014   1219.1792    0.1002     0.0748      0.0     8919040.1829 40589090.6345 2250488.86 449893.84  -459697.0  -459652.148   45.139   
