Generating synthetic real valued data ... 
Generating synthetic  real valued data took:  65.72841763496399
Evaluation for true params: 
 test_rsme | train_rsme | rel-te-err | rel-tr-err |  test_nll  |  train_nll |
1200.4125046145 1201.4395476391 0.0990434229 0.0989895704  2253736.84   9018309.42 
Using  0.05 of training data
Factorizing with max_iteration = 12000  fixing covariance?:  False
Tensor dimensions:  [100, 100, 100]
Optimization metrics: 
Using Ada Grad
Mean update scheme:  S
Covariance update :  N
Using diagonal covariance?:  False
Random start? True
k1 samples =  32  k2 samples =  128
eta =  1.0  cov eta =  1.0  sigma eta =  1
iteration |   time   |test_rsme |rel-te-err|train_rsme|rel-tr-err|   d_mean  |   d_cov  |avg_grad_m|avg_grad_c| test_nll | train_nll |    VLB   |  E-term  |    KL     |   dw   |
    0         0.86    10164.2098   0.9989   10161.3805   0.9989     2.2361     0.2846   131745.2366  44.4572   2302585.09 460517.02  -460525.0  -460517.019   8.065      0.0042  
    5        418.73   10163.092    0.9988   10160.2573   0.9988     2.2361     0.2846   814540.775  293.3914  2302585.09 460517.02  -460525.0  -460517.019   8.387      0.0006  
    10       827.97   10161.9038   0.9987   10159.0692   0.9987     2.2361     0.2846   1542675.4677  588.4077  2302585.09 460517.02  -460526.0  -460517.019   8.698      0.0002  
    20      1243.29   10159.2474   0.9984   10156.4383   0.9984     2.2361     0.2846   3138735.9187 1308.9778  2302585.09 460517.02  -460526.0  -460517.019   9.265      0.0002  
    50      1673.25   10149.2369   0.9974   10146.2908   0.9974     2.2361     0.2846   9266904.9863 4963.2784  2302585.09 460517.02  -460528.0  -460517.019   10.633      0.0    
   100      2134.74   10124.2256   0.9948   10121.374    0.9948     2.2361     0.2846   24240349.7688 17431.4466 2302585.09 460517.02  -460542.0  -460517.019   24.572      0.0    
   200      2652.98   10038.7903   0.9861   10035.9091   0.986      2.1733      0.0     54029047.2696 78878.281  2302585.09 460517.02  -460546.0  -460517.019   28.556      0.0    
   300      3174.55   9896.8465    0.9715    9893.929    0.9714     2.0929      0.0     92926480.1971 230375.8243 2302585.09 460517.02  -460548.0  -460517.019   31.429      0.0    
   400      3702.82   9691.3537    0.9503    9688.396    0.9503     2.0072      0.0     138353131.1455 520358.3572 2302585.09 460517.02  -460551.0  -460517.019   33.623      0.0    
   500      4244.41   9418.4612    0.9222   9415.4577    0.9222     1.9153      0.0     187829394.1775 997907.6164 2302585.09 460517.02  -460552.0  -460517.019   35.367      0.0    
   600      4760.42   9077.3355    0.8871    9074.282    0.887      1.8352      0.0     238276506.1301 1708500.4813 2302585.09 460517.02  -460554.0  -460517.019   36.804      0.0    
   700      5304.03    8669.07     0.845    8665.9736    0.8449     1.7472      0.0     287819251.9827 2686825.4907 2302585.09 460517.02  -460555.0  -460517.019   38.011      0.0    
   800      5814.01   8197.9386    0.7964   8194.7979    0.7963     1.6744      0.0     332704620.915 3967828.7691 2302585.09 460517.02  -460556.0  -460517.019   39.044      0.0    
   900      6336.27   7671.2538    0.7419   7668.0697    0.7418     1.5841      0.0     369722714.8383 5555291.3414 2302585.09 460517.02  -460557.0  -460517.019   39.933      0.0    
   1000     6844.01   7096.4057    0.6823   7093.1849    0.6821     1.5043      0.0     399368032.938 7465325.0397 2302585.09 460517.02  -460558.0  -460517.019   40.701      0.0    
   1100      7342.4   6485.9994    0.6188   6482.7965    0.6186     1.4083      0.0     416977134.7044 9661513.5175 2302584.12 460510.36  -460557.0  -460516.072   41.382      0.0    
   1200     7860.52   5853.6537    0.5527   5850.4861    0.5525     1.3231      0.0     423001315.0556 12107014.0273 2302551.68 460510.28  -460558.0  -460515.669   41.968      0.0    
   1300      8367.7   5215.9528    0.4856   5212.8016    0.4854     1.2461      0.0     416505965.1675 14785687.3787 2302446.04  460502.1  -460556.0  -460513.655   42.485      0.0    
   1400      8882.9   4588.1637    0.4192   4585.1244    0.419      1.1446      0.0     400316390.3565 17588497.4674 2302017.93 460370.15  -460547.0  -460504.192   42.934      0.0    
   1500     9386.91   3989.9087    0.3555   3986.8776    0.3553     1.055       0.0     373205845.1744 20448204.9445 2300758.39 460207.55  -460535.0  -460491.423   43.318      0.0    
   1600      9912.0   3438.0625    0.2969   3435.1464    0.2967     0.9499      0.0     338560100.1439 23257690.8253 2298161.17 459673.19  -460494.0  -460450.512   43.648      0.0    
   1700     10424.59  2947.6048    0.2457   2944.7929    0.2455     0.8527      0.0     298878581.984 25960783.0993 2293572.27 458756.63  -460398.0  -460354.158   43.928      0.0    
   1800     10932.88   2528.442    0.2036   2525.8338    0.2033     0.7796      0.0     257542776.4239 28450465.1321 2285977.26 457546.79  -460311.0  -460266.749   44.157      0.0    
   1900     11460.64   2186.459    0.1713   2183.9372    0.1709     0.6908      0.0     215983694.01 30667579.1834 2279079.94 455709.76  -460183.0  -460138.903   44.348      0.0    
   2000     11989.75   1918.794    0.1479    1916.348    0.1475     0.5963      0.0     178268548.7044 32601081.5012 2270632.97 454320.31  -460103.0  -460058.232   44.504      0.0    
   2100     12502.95  1718.6545    0.1321   1716.1893    0.1316     0.5245      0.0     144137727.8514 34243544.2876 2265551.72 452862.58  -459988.0  -459943.244   44.62       0.0    
   2200     13031.73  1574.9848    0.1217   1572.3799    0.1212     0.4647      0.0     115065443.756 35570894.4134 2260938.93 452431.52  -459955.0  -459910.261   44.719      0.0    
   2300     13559.39  1474.3285    0.1151   1471.3649    0.1145     0.4043      0.0     91479651.0078 36649010.1789 2256592.15 451194.96  -459841.0  -459795.877   44.808      0.0    
   2400     14058.88  1405.2428    0.1109   1401.8709    0.1103     0.3715      0.0     72440617.6769 37521410.9274 2253428.77 450448.83  -459780.0  -459734.788   44.861      0.0    
   2500     14598.57  1357.8294    0.1083   1354.0995    0.1077     0.2973      0.0     58045542.3906 38172706.9341 2251759.01 450192.14  -459821.0  -459775.611   44.907      0.0    
   2600     15126.43  1326.0306    0.1066   1321.7998    0.106      0.292       0.0     45213236.9648 38717415.8428 2249905.99 450169.62  -459758.0  -459713.021   44.93       0.0    
   2700     15638.85   1302.889    0.1055   1298.2302    0.1048     0.2632      0.0     37995369.7339 39116325.6886 2249780.82 449622.45  -459756.0  -459711.458   44.964      0.0    
   2800     16163.95  1286.2027    0.1046   1281.0611    0.1039     0.2481      0.0     32179615.0562 39405026.7095 2249180.09 449636.02  -459758.0  -459712.729   44.994      0.0    
   2900     16687.91  1273.6323    0.104    1268.2238    0.1032     0.2313      0.0     27751732.1882 39668237.5383 2248462.09 449342.28  -459697.0  -459651.855   45.016      0.0    
   3000     17202.53  1264.4022    0.1036   1258.7706    0.1028     0.1711      0.0     23563441.5264 39805743.3115 2247944.92 449170.84  -459672.0  -459626.911   45.037      0.0    
   3100     17712.92  1257.3036    0.1033   1251.3143    0.1024     0.1759      0.0     21574623.7551 39990885.7758 2248198.23 448601.18  -459725.0  -459679.889   45.055      0.0    
   3200     18235.98  1251.7092    0.1029   1245.4563    0.1021     0.1886      0.0     19134466.0622 40117607.2652 2247882.17  449019.2  -459686.0  -459640.493   45.068      0.0    
   3300     18762.37  1247.4808    0.1027    1240.934    0.1018     0.1424      0.0     16660210.9303 40187101.6237 2247807.3  449320.38  -459730.0  -459684.652   45.081      0.0    
   3400     19288.66  1243.8457    0.1025    1237.036    0.1015     0.1855      0.0     16006270.427 40218799.4568 2247391.81 449046.19  -459677.0  -459631.844   45.086      0.0    
   3500     19812.37  1240.9266    0.1023    1233.842    0.1013     0.124       0.0     15565999.8788 40269463.8807 2246190.14 448852.46  -459745.0  -459700.342   45.094      0.0    
   3600     20329.51  1238.5722    0.1022   1231.3111    0.1012     0.1494      0.0     14229112.0266 40301257.489 2246372.24 448948.62  -459691.0  -459646.342   45.098      0.0    
   3700     20860.13  1236.7997    0.102    1229.3561    0.101      0.1265      0.0     12825057.1768 40353504.4074 2246242.42 449109.31  -459699.0  -459654.07   45.106      0.0    
   3800     21383.88  1235.5014    0.102    1227.7487    0.1009     0.1343      0.0     11816978.4588 40370799.9429 2246833.37 448824.31  -459754.0  -459708.556   45.118      0.0    
   3900     21896.05  1234.4267    0.1019    1226.385    0.1008     0.1017      0.0     12711551.9702 40431854.7633 2246599.17 449092.26  -459731.0  -459686.187   45.118      0.0    
   4000     22402.05  1233.2677    0.1018   1225.1033    0.1007     0.1093      0.0     12005330.0725 40434986.0139 2247180.48 448800.29  -459724.0  -459678.429   45.116      0.0    
   4100     22904.55  1232.4855    0.1018   1224.1082    0.1007     0.1025      0.0     11905356.6015 40417455.1333 2246088.97 448936.97  -459711.0  -459665.824   45.108      0.0    
   4200     23407.75  1231.8595    0.1017   1223.4093    0.1006     0.1306      0.0     10760205.2477 40432348.8808 2246823.75 448599.39  -459689.0  -459644.349   45.116      0.0    
   4300     23916.27  1231.2718    0.1017   1222.7176    0.1006     0.0913      0.0     9909668.9919 40466736.2833 2246537.57 448803.76  -459689.0  -459643.538   45.118      0.0    
   4400     24429.52   1230.745    0.1016   1222.2522    0.1005     0.0749      0.0     10418766.884 40501195.5129 2246448.65 448717.83  -459697.0  -459652.19   45.12       0.0    
   4500     24941.37  1230.4202    0.1016   1221.8157    0.1005     0.0838      0.0     10272081.3502 40463322.2335 2246703.83 448775.94  -459733.0  -459687.583   45.123      0.0    
   4600     25439.35  1229.9932    0.1016    1221.444    0.1005     0.1129      0.0     10339856.354 40464478.5858 2246506.94 449022.27  -459714.0  -459668.673   45.13       0.0    
   4700     25952.91  1229.6961    0.1015   1221.0033    0.1004     0.1255      0.0     10808255.919 40498787.3891 2246019.67 449046.57  -459645.0  -459599.385   45.122      0.0    
   4800     26471.41  1229.5497    0.1015    1220.739    0.1004     0.1232      0.0     9885318.4663 40491976.1071 2246769.01 448615.89  -459696.0  -459651.052   45.124      0.0    
   4900     26994.41  1229.3327    0.1015   1220.5213    0.1004     0.0869      0.0     9167690.7659 40493576.9476 2246624.73 448957.85  -459680.0  -459635.088   45.127      0.0    
   5000     27507.02  1229.1967    0.1015   1220.3135    0.1003     0.0813      0.0     9615055.6088 40515821.4115 2246235.04 448954.98  -459735.0  -459689.959   45.128      0.0    
   5100     28016.89  1229.0076    0.1014   1220.0866    0.1003     0.0896      0.0     9347051.4532 40535319.7751 2246161.94  448854.2  -459668.0  -459622.458   45.141      0.0    
   5200     28544.3   1228.9064    0.1014   1219.8937    0.1003     0.0883      0.0     9506223.9721 40480684.9381 2246300.16 448992.03  -459700.0  -459655.174   45.136      0.0    
   5300     29056.3   1228.8627    0.1014   1219.8031    0.1003     0.0816      0.0     9180556.9022 40494685.0944 2245857.51 449136.69  -459723.0  -459677.386   45.121      0.0    
   5400     29562.41  1228.9234    0.1014   1219.7437    0.1003     0.1374      0.0     9672323.651 40506359.4909 2245916.08 448956.01  -459708.0  -459662.396   45.128      0.0    
   5500     30069.39  1228.8777    0.1014    1219.677    0.1003     0.0873      0.0     9447023.5554 40492512.6189 2246893.57 449002.36  -459727.0  -459681.578   45.13       0.0    
   5600     30579.39  1228.9275    0.1014   1219.6285    0.1003     0.0828      0.0     9066905.8316 40527446.9241 2245950.53 448782.57  -459736.0  -459690.827   45.132      0.0    
   5700     31096.23  1228.8391    0.1014   1219.5066    0.1002     0.1235      0.0     9872954.2663 40507200.9297 2246235.66 448968.19  -459741.0  -459695.504   45.128      0.0    
   5800     31612.82  1228.7789    0.1014    1219.428    0.1002     0.0892      0.0     9182610.1359 40482388.559 2245923.05 448801.54  -459713.0  -459667.957   45.13       0.0    
   5900     32127.61  1228.8448    0.1014   1219.3921    0.1002     0.0905      0.0     9128999.3152 40534405.0285 2245785.61 449244.86  -459681.0  -459635.954   45.132      0.0    
   6000     32643.98   1228.807    0.1014   1219.4124    0.1002     0.0906      0.0     9499582.0797 40499808.1591 2245922.97 449081.26  -459704.0  -459659.252   45.132      0.0    
   6100     33158.89  1228.7232    0.1014   1219.3635    0.1002     0.0859      0.0     9110272.273 40491181.3803 2246221.05 448661.52  -459720.0  -459675.012   45.142      0.0    
   6200     33674.88  1228.7329    0.1014    1219.325    0.1002     0.0794      0.0     9254082.0571 40509085.9722 2245978.94 448940.29  -459675.0  -459629.501   45.139      0.0    
   6300     34190.6   1228.7889    0.1014   1219.3165    0.1002     0.0866      0.0     9186371.4908 40537902.0962 2245841.32 448953.79  -459713.0  -459667.74   45.151      0.0    
   6400     34706.02  1228.7626    0.1014   1219.3191    0.1002     0.0863      0.0     9112134.6871 40529991.3803 2245132.93 449193.79  -459712.0  -459667.017   45.153      0.0    
   6500     35220.56  1228.6643    0.1014   1219.2703    0.1002     0.0837      0.0     9244960.6035 40557522.2678 2245783.35 449256.72  -459705.0  -459659.673   45.16       0.0    
   6600     35729.34  1228.5132    0.1014   1219.2369    0.1002     0.0924      0.0     8603793.3668 40516376.72 2245804.68 448593.91  -459732.0  -459686.632   45.159      0.0    
   6700     36241.32  1228.5845    0.1014   1219.2772    0.1002     0.0698      0.0     8296772.0837 40522353.3629 2246144.91 448843.43  -459708.0  -459662.677   45.149      0.0    
   6800     36748.89  1228.6648    0.1014   1219.1916    0.1002     0.0888      0.0     9849470.0254 40541037.04 2245004.69 448719.69  -459710.0  -459664.386   45.15       0.0    
   6900     37258.85  1228.5224    0.1014   1219.2049    0.1002     0.092       0.0     9165520.9165 40503658.4975 2246251.7  448679.13  -459700.0  -459654.67   45.152      0.0    
   7000     37767.5   1228.6651    0.1014   1219.2108    0.1002     0.082       0.0     9499406.3205 40502521.2621 2246048.19 448663.86  -459665.0  -459619.8    45.144      0.0    
   7100     38268.6   1228.6944    0.1014   1219.2277    0.1002     0.106       0.0     9306007.6858 40553848.4543 2245806.55 449151.39  -459654.0  -459608.895   45.15       0.0    
