Generating synthetic real valued data ... 
Generating synthetic  real valued data took:  50.43780875205994
Evaluation for true params: 
 test_rsme | train_rsme | rel-te-err | rel-tr-err |  test_nll  |  train_nll |
    0.0          0.0          0.0          0.0       2296746.91   9186708.77 
Using  0.05 of training data
Factorizing with max_iteration = 12000  fixing covariance?:  False
Tensor dimensions:  [100, 100, 100]
Optimization metrics: 
Using Ada Grad
Mean update scheme:  S
Covariance update :  N
Using diagonal covariance?:  False
Random start? True
k1 samples =  32  k2 samples =  128
eta =  1.0  cov eta =  1.0  sigma eta =  1
iteration |   time   |test_rsme |rel-te-err|train_rsme|rel-tr-err|   d_mean  |   d_cov  |avg_grad_m|avg_grad_c| test_nll | train_nll |    VLB   |  E-term  |    KL     |   dw   |
    0         1.14    10095.9921   0.999    10092.5744   0.999      2.2361     0.2846   129077.2861  42.5012   2302585.09 460517.02  -460525.0  -460517.019   8.389      0.0051  
    5        386.08   10094.8892   0.9989   10091.4656   0.9989     2.2361     0.2846   802280.2645  283.3466  2302585.09 460517.02  -460526.0  -460517.019   8.691      0.0004  
    10       760.1    10093.7147   0.9988   10090.2957   0.9988     2.2361     0.2846   1505043.0816  561.0056  2302585.09 460517.02  -460526.0  -460517.019   8.974      0.0002  
    20      1135.65   10091.0883   0.9985   10087.703    0.9985     2.2361     0.2846   3076338.0098 1260.1172  2302585.09 460517.02  -460527.0  -460517.019   9.495      0.0002  
    50       1528.3   10081.1747   0.9975   10077.6529   0.9975     2.2361     0.2846   9111660.01 4792.0378  2302585.09 460517.02  -460528.0  -460517.019   10.815      0.0    
   100      1934.56   10056.3204   0.995    10052.9226   0.995      2.2361     0.2846   23872445.3748 16861.7739 2302585.09 460517.02  -460542.0  -460517.019    24.5       0.0    
   200      2404.92   9971.0805    0.9865   9967.7099    0.9865     2.177       0.0     53463003.5796 77102.4039 2302585.09 460517.02  -460545.0  -460517.019   28.429      0.0    
   300      2886.32   9829.0677    0.9722    9825.731    0.9722      2.09       0.0     92103218.9276 226165.4278 2302585.09 460517.02  -460548.0  -460517.019   31.298      0.0    
   400      3363.44   9623.0003    0.9515   9619.7008    0.9515     1.9989      0.0     137537367.0195 513966.322 2302585.09 460517.02  -460551.0  -460517.019   33.496      0.0    
   500      3838.18    9348.964    0.924    9345.7115    0.924      1.916       0.0     186896827.3236 985901.4964 2302585.09 460517.02  -460552.0  -460517.019   35.252      0.0    
   600      4314.78   9005.7238    0.8895   9002.5238    0.8895     1.8303      0.0     237649820.5347 1692968.645 2302585.09 460517.02  -460554.0  -460517.019   36.698      0.0    
   700       4794.2   8594.6384    0.8482   8591.5131    0.8482     1.7403      0.0     286891573.0786 2667103.239 2302585.09 460517.02  -460555.0  -460517.019   37.912      0.0    
   800      5274.34   8119.6248    0.8004   8116.5618    0.8004     1.6637      0.0     331746654.5182 3938247.3631 2302585.09 460517.02  -460556.0  -460517.019   38.949      0.0    
   900      5755.14    7586.784    0.7468   7583.7997    0.7468     1.5734      0.0     369821916.5907 5526863.82 2302585.09 460517.02  -460557.0  -460517.019   39.846      0.0    
   1000     6227.52   7004.6571    0.6882   7001.7627    0.6881     1.497       0.0     398884023.0304 7430014.1704 2302585.09 460517.02  -460558.0  -460517.019   40.622      0.0    
   1100     6699.77   6384.3988    0.6258   6381.6115    0.6256     1.4113      0.0     417008095.4728 9619300.8623 2302585.09 460517.02  -460558.0  -460517.019   41.302      0.0    
   1200     7176.44   5739.0111    0.5606    5736.33     0.5605      1.32       0.0     423535365.8153 12081573.0861 2302585.09 460517.02  -460559.0  -460517.019   41.896      0.0    
   1300     7653.49    5083.829    0.4945   5081.2863    0.4943     1.2273      0.0     417883081.9824 14739473.0478 2302585.09 460517.02  -460559.0  -460517.019   42.411      0.0    
   1400     8133.53   4435.2177    0.4288   4432.8442    0.4286     1.1448      0.0     400961634.0178 17544098.7089 2302585.09 460517.02  -460560.0  -460517.019   42.858      0.0    
   1500     8610.69   3810.4952    0.3654   3808.3649    0.3652     1.0455      0.0     373850124.0137 20414692.4626 2302585.09 460517.02  -460560.0  -460517.019   43.245      0.0    
   1600     9086.33   3226.1079    0.3059   3224.2112    0.3056     0.9581      0.0     338880118.7264 23231503.7383 2302585.09 460517.02  -460561.0  -460517.019   43.573      0.0    
   1700     9565.01   2694.7244    0.2515   2693.1211    0.2512     0.8519      0.0     299486686.0674 25929247.6058 2302499.99 460492.16  -460560.0  -460516.393   43.853      0.0    
   1800     10047.24   2226.198    0.2033   2224.9148    0.203      0.7719      0.0     257937494.8447 28423025.0446 2301529.24 460269.97  -460543.0  -460498.542   44.087      0.0    
   1900     10522.22  1826.2554    0.162    1825.2898    0.1618     0.6821      0.0     216472585.3926 30626744.9769 2297029.16 459461.92  -460484.0  -460439.908   44.278      0.0    
   2000     10991.88  1494.0542    0.1279   1493.4065    0.1278     0.5932      0.0     178278734.3161 32583302.0569 2286350.28 457277.21  -460317.0  -460272.831   44.434      0.0    
   2100     11463.9   1224.7718    0.101    1224.4466    0.101      0.5168      0.0     144526284.8923 34199425.4072 2269082.54 453971.97  -460058.0  -460013.615   44.561      0.0    
   2200     11940.35   1012.466    0.0808   1012.3734    0.0807     0.4471      0.0     115071645.9743 35552881.2078 2249054.81 449877.86  -459714.0  -459669.768   44.661      0.0    
   2300     12410.12   846.7987    0.066     846.9297    0.0659     0.4079      0.0     91533746.4617 36640853.8562 2227554.46 445559.91  -459428.0  -459383.045   44.741      0.0    
   2400     12880.66   719.8016    0.0553    720.0904    0.0552     0.3593      0.0     72312155.1773 37527069.4792 2207772.24 441869.34  -459197.0  -459151.936   44.804      0.0    
   2500     13347.5    622.4837    0.0475    622.9024    0.0474     0.2979      0.0     57662262.678 38209095.518 2189292.41 437574.51  -458847.0  -458802.176   44.853      0.0    
   2600     13812.34   548.2999    0.0419    548.7488    0.0418     0.2737      0.0     46039041.9149 38710332.4603 2173217.71  433658.0  -458574.0  -458528.647   44.893      0.0    
   2700     14281.67   491.5963    0.0377    492.0363    0.0376     0.2348      0.0     36934477.1355 39102396.8848 2158339.12 431363.56  -458371.0  -458325.733   44.928      0.0    
   2800     14751.25   446.9011    0.0345    447.3394    0.0344     0.2089      0.0     30238338.1848 39435936.3153 2145554.06 428890.92  -458248.0  -458203.431   44.953      0.0    
   2900     15224.74   411.3597    0.0319    411.7142    0.0318     0.1847      0.0     25065255.1758 39663259.8832 2132935.27 426581.71  -458028.0  -457983.174   44.975      0.0    
   3000     15696.32   382.4213    0.0298    382.7187    0.0297     0.1673      0.0     21491512.1931 39868203.288 2120870.7  423673.05  -457846.0  -457801.363   44.993      0.0    
   3100     16165.23   358.9431    0.0281    359.1209    0.028      0.1585      0.0     18194595.5178 39995193.1753 2109766.77  422028.4  -457656.0  -457610.742   45.006      0.0    
   3200     16636.5    339.1537    0.0266    339.1832    0.0266     0.1371      0.0     16481537.6886 40145377.4122 2098616.35  419177.0  -457520.0  -457475.138   45.018      0.0    
   3300     17106.22   322.7598    0.0254    322.6885    0.0254     0.1307      0.0     14303207.2712 40214142.0786 2090256.52 417999.05  -457313.0  -457267.764   45.03       0.0    
   3400     17577.94   308.9748    0.0244    308.8107    0.0243     0.118       0.0     12744843.1807 40220164.0891 2079944.69 416028.59  -457245.0  -457199.798   45.04       0.0    
   3500     18042.39   297.3824    0.0235    297.1289    0.0235     0.1076      0.0     11552750.0105 40302667.0509 2072614.62 414498.47  -457054.0  -457009.051   45.047      0.0    
   3600     18500.29   287.2859    0.0227    286.9571    0.0227     0.0926      0.0     10666033.5467 40380453.5034 2062586.87 413104.85  -457046.0  -457000.865   45.054      0.0    
   3700     18969.92   279.1352    0.0221    278.7286    0.0221     0.0897      0.0     9095426.8213 40369986.3497 2056167.19 411775.44  -456904.0  -456858.536   45.058      0.0    
   3800     19441.74   272.1567    0.0216    271.7138    0.0215     0.0778      0.0     8498792.2039 40384813.5573 2049602.05 410481.52  -456786.0  -456740.702   45.06       0.0    
   3900     19915.89   266.2208    0.0211    265.6925    0.0211     0.0789      0.0     7979367.1861 40414171.8375 2044928.12  409652.0  -456755.0  -456710.214   45.063      0.0    
   4000     20399.81   261.217     0.0207    260.6716    0.0207     0.0685      0.0     7193462.1743 40428733.5317 2039892.58 408388.96  -456635.0  -456589.692   45.069      0.0    
   4100     20883.94   257.1695    0.0204    256.5816    0.0204     0.0597      0.0     6300138.8765 40418860.4697 2037107.68 406966.89  -456607.0  -456561.853   45.071      0.0    
   4200     21359.94   253.6946    0.0201    253.0709    0.0201     0.0613      0.0     5821561.0426 40474921.7767 2032941.67 406527.41  -456490.0  -456445.094   45.074      0.0    
   4300     21841.9    250.7613    0.0199    250.0934    0.0199     0.0544      0.0     5496214.2443 40469645.5712 2030845.28 405298.08  -456545.0  -456499.71   45.075      0.0    
   4400     22327.34   248.3295    0.0197    247.5983    0.0197     0.0519      0.0     5088465.4117 40496575.9955 2028103.28 405564.48  -456501.0  -456455.965   45.077      0.0    
   4500     22808.96   246.3142    0.0196    245.5372    0.0195     0.0466      0.0     4545937.9632 40496636.5955 2025940.39 404521.26  -456377.0  -456331.883   45.079      0.0    
   4600     23290.81   244.5809    0.0194    243.7765    0.0194     0.0451      0.0     4313603.0107 40497673.682 2024973.08 404588.12  -456440.0  -456394.908   45.08       0.0    
   4700     23776.62   243.1481    0.0193    242.3237    0.0193     0.0382      0.0     4078614.8107 40469102.8456 2021970.91 404934.11  -456375.0  -456330.306   45.083      0.0    
   4800     24260.24   242.0474    0.0193    241.1966    0.0192     0.0351      0.0     3534251.4146 40513536.673 2023149.61 404131.94  -456303.0  -456258.402   45.085      0.0    
   4900     24744.03   241.1054    0.0192    240.1941    0.0191     0.0338      0.0     3582594.5803 40463172.4243 2020456.48 403557.55  -456329.0  -456283.616   45.083      0.0    
   5000     25226.01   240.2799    0.0191    239.3586    0.019      0.0322      0.0     3202015.9399 40515763.5596 2020788.58 404164.43  -456340.0  -456294.753   45.082      0.0    
   5100     25711.43   239.644     0.0191    238.676     0.019      0.0316      0.0     2995147.2647 40541039.1676 2017966.41 403076.04  -456299.0  -456254.009   45.083      0.0    
   5200     26194.59   239.0779    0.019     238.0746    0.019      0.0251      0.0     2983373.5172 40527135.3271 2019448.26 403627.02  -456297.0  -456252.312   45.085      0.0    
   5300     26683.12   238.5755    0.019     237.5451    0.0189     0.0264      0.0     2903039.1814 40496092.7645 2018038.03 403332.66  -456309.0  -456264.071   45.084      0.0    
   5400     27170.2    238.2262    0.019     237.1549    0.0189     0.0226      0.0     2470000.9683 40536505.8186 2017338.16 402834.69  -456242.0  -456197.136   45.084      0.0    
   5500     27642.14   237.8708    0.0189    236.7768    0.0189     0.0263      0.0     2600297.1981 40534979.5563 2017385.02 403360.89  -456229.0  -456183.537   45.085      0.0    
   5600     28118.26   237.5773    0.0189    236.4524    0.0188     0.0252      0.0     2432202.0805 40517592.6393 2018145.44 403088.41  -456259.0  -456213.734   45.085      0.0    
   5700     28603.74   237.3638    0.0189    236.2338    0.0188     0.021       0.0     2093686.8941 40535643.703 2016720.93 402551.73  -456256.0  -456210.927   45.084      0.0    
   5800     29090.5    237.1659    0.0189    236.0268    0.0188     0.0183      0.0     2259110.3754 40505156.567 2016067.82 403707.17  -456262.0  -456217.166   45.086      0.0    
   5900     29577.78   236.988     0.0189    235.843     0.0188     0.0229      0.0     2249596.3439 40531526.98 2016341.03 402822.79  -456161.0  -456115.695   45.087      0.0    
   6000     30054.28   236.8468    0.0189    235.6946    0.0188     0.0222      0.0     2045858.9537 40552744.7999 2015720.72 402970.11  -456262.0  -456217.298   45.085      0.0    
   6100     30525.67   236.7572    0.0189    235.5895    0.0188     0.0187      0.0     1979902.9412 40548941.3871 2016609.68 403100.77  -456271.0  -456225.828   45.087      0.0    
   6200     30996.11   236.6579    0.0188    235.5004    0.0188     0.0156      0.0     1922189.1757 40528426.7702 2016681.27  402472.7  -456230.0  -456184.712   45.087      0.0    
   6300     31468.07   236.5669    0.0188    235.4153    0.0188     0.0154      0.0     1979361.7814 40503901.4622 2015829.53 403002.15  -456212.0  -456166.895   45.087      0.0    
   6400     31939.03   236.5304    0.0188    235.3613    0.0187     0.0172      0.0     1931688.3386 40568905.0811 2015894.01 402844.34  -456280.0  -456234.74   45.086      0.0    
   6500     32408.07   236.5156    0.0188    235.2959    0.0187     0.0177      0.0     1974156.199 40575009.1066 2015457.76 402667.94  -456283.0  -456237.896   45.086      0.0    
   6600     32881.51   236.4838    0.0188    235.2394    0.0187     0.0206      0.0     1925286.044 40591332.1222 2016031.83  402959.3  -456239.0  -456193.682   45.087      0.0    
   6700     33353.6    236.4249    0.0188    235.1903    0.0187     0.0151      0.0     1846326.9222 40522373.9245 2017167.49 402542.42  -456275.0  -456229.858   45.088      0.0    
   6800     33829.47   236.4254    0.0188    235.1623    0.0187     0.0178      0.0     1826018.7071 40503100.8204 2016576.19 403383.58  -456205.0  -456159.816   45.087      0.0    
   6900     34312.72   236.4124    0.0188     235.13     0.0187     0.0143      0.0     1893956.6176 40542471.2542 2015149.37 402935.97  -456276.0  -456230.98   45.087      0.0    
   7000     34798.22   236.3874    0.0188    235.0988    0.0187     0.016       0.0     2016514.5556 40535862.3347 2015805.93 402551.92  -456219.0  -456173.589   45.087      0.0    
   7100     35282.82   236.3989    0.0188    235.076     0.0187     0.0189      0.0     2015842.9682 40542292.7232 2014897.29 402987.23  -456193.0  -456147.493   45.084      0.0    
   7200     35768.69   236.3878    0.0188    235.0568    0.0187     0.0145      0.0     1859907.467 40496583.0661 2015888.75 403078.38  -456140.0  -456094.426   45.085      0.0    
   7300     36254.82   236.369     0.0188    235.0372    0.0187     0.0188      0.0     1955985.1579 40504776.4882 2014730.18 402774.01  -456211.0  -456165.779   45.086      0.0    
   7400     36732.56   236.3512    0.0188    235.0214    0.0187     0.0216      0.0     1948659.2907 40510849.4333 2015098.77  402699.2  -456220.0  -456174.659   45.085      0.0    
   7500     37200.77   236.3416    0.0188    235.0042    0.0187     0.0233      0.0     1884875.3165 40539151.2356 2015962.54 403083.98  -456195.0  -456149.478   45.083      0.0    
   7600     37668.82   236.345     0.0188    235.0026    0.0187     0.0156      0.0     1729666.459 40525668.4146 2016187.54 402917.54  -456277.0  -456231.551   45.083      0.0    
   7700     38139.09   236.3212    0.0188    234.9854    0.0187     0.0179      0.0     1807370.9055 40497955.6618 2017002.81 402432.08  -456198.0  -456153.229   45.083      0.0    
