Generating synthetic real valued data ... 
Generating synthetic  real valued data took:  50.42751932144165
Evaluation for true params: 
 test_rsme | train_rsme | rel-te-err | rel-tr-err |  test_nll  |  train_nll |
    0.0          0.0          0.0          0.0       2296746.91   9186708.77 
Using  0.05 of training data
Factorizing with max_iteration = 12000  fixing covariance?:  False
Tensor dimensions:  [100, 100, 100]
Optimization metrics: 
Using Ada Grad
Mean update scheme:  S
Covariance update :  N
Using diagonal covariance?:  False
Random start? True
k1 samples =  32  k2 samples =  128
eta =  1.0  cov eta =  1.0  sigma eta =  1
iteration |   time   |test_rsme |rel-te-err|train_rsme|rel-tr-err|   d_mean  |   d_cov  |avg_grad_m|avg_grad_c| test_nll | train_nll |    VLB   |  E-term  |    KL     |   dw   |
    0         2.0     10095.9921   0.999    10092.5744   0.999      2.2361     0.2846   129078.3413 4.66786907004501e+17 2302585.09 460517.02  -460525.0  -460517.019   8.389       0.0    
    5        393.27   10094.8892   0.9989   10091.4656   0.9989     2.2361     0.2846   802285.8311 3.064357809690028e+18 2302585.09 460517.02  -460526.0  -460517.019   8.691       0.0    
    10       787.28   10093.7147   0.9988   10090.2957   0.9988     2.2361     0.2846   1505091.4932 5.968443890558844e+18 2302585.09 460517.02  -460526.0  -460517.019   8.974       0.0    
    20      1189.11   10091.0883   0.9985   10087.703    0.9985     2.2361     0.2846   3076558.5063 1.3782039779340855e+19 2302585.09 460517.02  -460527.0  -460517.019   9.495       0.0    
    50      1629.38   10081.1747   0.9975   10077.6529   0.9975     2.2361     0.2846   9112815.0985 5.138255706272131e+19 2302585.09 460517.02  -460528.0  -460517.019   10.815      0.0    
   100      2119.74   10056.3204   0.995    10052.9226   0.995      2.2361     0.2846   23874556.9108 1.7989166747907624e+20 2302585.09 460517.02  -460542.0  -460517.019    24.5       0.0    
   200       2719.1   9971.0816    0.9865   9967.7111    0.9865     2.177       0.0     53461517.53 8.044031858800439e+20 2302585.09 460517.02  -460545.0  -460517.019   28.429      0.0    
   300      3331.33    9829.069    0.9722   9825.7323    0.9722     2.0901      0.0     92104230.0434 2.25549393956606e+21 2302585.09 460517.02  -460548.0  -460517.019   31.298      0.0    
   400      3918.38   9623.0022    0.9515   9619.7028    0.9515     1.9992      0.0     137538157.2507 4.790258875595782e+21 2302585.09 460517.02  -460551.0  -460517.019   33.496      0.0    
   500      4501.92   9348.9683    0.924    9345.7159    0.924      1.9158      0.0     186894437.1755 8.388010628189251e+21 2302585.09 460517.02  -460552.0  -460517.019   35.252      0.0    
   600      5078.51   9005.7301    0.8895   9002.5303    0.8895     1.8302      0.0     237647688.5159 1.2679635083306543e+22 2302585.09 460517.02  -460554.0  -460517.019   36.698      0.0    
   700      5662.49   8594.6452    0.8482   8591.5199    0.8482     1.7403      0.0     286891446.2921 1.7057413234193062e+22 2302585.09 460517.02  -460555.0  -460517.019   37.912      0.0    
   800      6252.55   8119.6332    0.8005   8116.5701    0.8004     1.6637      0.0     331745120.3288 2.067879203049495e+22 2302585.09 460517.02  -460556.0  -460517.019   38.949      0.0    
   900      6842.58   7586.7935    0.7469    7583.809    0.7468     1.5734      0.0     369820708.5498 2.2864191339642782e+22 2302585.09 460517.02  -460557.0  -460517.019   39.846      0.0    
   1000     7422.32   7004.6678    0.6883   7001.7732    0.6881     1.4969      0.0     398882727.3757 2.3224879828133004e+22 2302585.09 460517.02  -460558.0  -460517.019   40.623      0.0    
   1100     8012.52   6384.4088    0.6258   6381.6213    0.6256     1.4114      0.0     417008502.789 2.171544332232024e+22 2302585.09 460517.02  -460558.0  -460517.019   41.302      0.0    
   1200     8598.63   5739.0237    0.5606   5736.3423    0.5605      1.32       0.0     423532989.6219 1.8710955891283714e+22 2302585.09 460517.02  -460559.0  -460517.019   41.896      0.0    
   1300     9175.89   5083.8415    0.4945   5081.2987    0.4943     1.2273      0.0     417882680.6272 1.491679868641597e+22 2302585.09 460517.02  -460559.0  -460517.019   42.411      0.0    
   1400     9740.54    4435.229    0.4288   4432.8553    0.4286     1.1448      0.0     400962299.0136 1.100805551086709e+22 2302585.09 460517.02  -460560.0  -460517.019   42.858      0.0    
   1500     10306.57  3810.5048    0.3654   3808.3742    0.3652     1.0454      0.0     373851165.1254 7.52232591654296e+21 2302585.09 460517.02  -460560.0  -460517.019   43.245      0.0    
   1600     10884.51  3226.1217    0.3059   3224.2249    0.3056     0.9582      0.0     338876877.6122 4.771980848595808e+21 2302585.09 460517.02  -460561.0  -460517.019   43.573      0.0    
   1700     11455.3   2694.7387    0.2515    2693.135    0.2512     0.8517      0.0     299486351.717 2.870562812203446e+21 2302476.01 460494.29  -460546.0  -460502.604   43.853      0.0    
   1800     12031.85  2226.2074    0.2033   2224.9244    0.203      0.7717      0.0     257940110.9682 1.6315056823587231e+21 2301321.9  460193.61  -460364.0  -460320.392   44.087      0.0    
   1900     12599.88  1826.2518    0.162    1825.2872    0.1618     0.6822      0.0     216479292.9159 8.927487911061756e+20 2296495.99 459308.37  -459759.0  -459714.583   44.278      0.0    
   2000     13178.61  1494.0757    0.1279   1493.4281    0.1278     0.5931      0.0     178264491.5053 4.735357766314473e+20 2284596.15 456805.09  -458114.0  -458069.916   44.434      0.0    
   2100     13751.74  1224.7813    0.101    1224.4582    0.101      0.5166      0.0     144530870.2704 2.5502408720410342e+20 2265237.29 453260.27  -455922.0  -455877.352   44.561      0.0    
   2200     14324.82  1012.4672    0.0808   1012.3768    0.0807     0.4474      0.0     115074996.2455 1.3800901199254616e+20 2242466.36 448666.18  -452846.0  -452801.024   44.661      0.0    
   2300     14904.99   846.8139    0.066     846.9464    0.0659     0.4077      0.0     91522581.6077 7.697376251900592e+19 2218879.49  443634.0  -449635.0  -449590.486   44.741      0.0    
   2400     15481.01   719.8025    0.0553    720.0925    0.0552     0.3591      0.0     72318940.437 4.406801201058166e+19 2197823.13 439554.83  -446800.0  -446755.648   44.804      0.0    
   2500     16061.14   622.4807    0.0475    622.8996    0.0474     0.2975      0.0     57663302.0945 2.6453102708739838e+19 2176313.54 434748.41  -444380.0  -444335.151   44.853      0.0    
   2600     16639.88   548.296     0.0419    548.7444    0.0418     0.2736      0.0     46041450.8563 1.6108218284819941e+19 2158755.94 431319.14  -442272.0  -442227.365   44.893      0.0    
   2700     17207.12   491.6117    0.0377    492.051     0.0376     0.2349      0.0     36921468.8894 1.0342547219359955e+19 2142031.91 427800.91  -439690.0  -439645.322   44.928      0.0    
   2800     17779.49   446.9046    0.0345    447.3436    0.0344     0.209       0.0     30237499.8118 6.895742293554664e+18 2126789.68 425209.69  -437977.0  -437931.795   44.953      0.0    
   2900     18363.57    411.36     0.0319    411.7154    0.0318     0.1848      0.0     25068195.0902 4.954558277561841e+18 2113505.83 422246.23  -435884.0  -435838.706   44.975      0.0    
   3000     18935.16   382.4136    0.0298    382.7101    0.0297     0.1677      0.0     21492753.3374 3.7026579904916803e+18 2099493.3   419853.1  -433811.0  -433765.96   44.993      0.0    
   3100     19514.98   358.9318    0.0281    359.1099    0.028      0.1585      0.0     18188828.8752 2.800536696586692e+18 2087427.14 416942.39  -432632.0  -432587.383   45.006      0.0    
   3200     20096.66   339.1469    0.0266    339.1764    0.0266     0.137       0.0     16475765.3667 2.198351917275011e+18 2075168.74  415316.1  -431092.0  -431047.422   45.018      0.0    
   3300     20673.37   322.7524    0.0254    322.681     0.0254     0.1301      0.0     14304204.2565 1.7007376870638397e+18 2062536.26 413054.92  -430027.0  -429981.681   45.03       0.0    
   3400     21247.91   308.9691    0.0244    308.8049    0.0243     0.1182      0.0     12746355.5109 1.3979475818156675e+18 2054230.11 410971.73  -428301.0  -428256.054   45.04       0.0    
   3500     21818.67   297.3888    0.0235    297.1355    0.0235     0.1078      0.0     11533990.5365 1.1849017913195366e+18 2043303.27 408994.91  -427423.0  -427378.223   45.047      0.0    
   3600     22387.0    287.2927    0.0227    286.9635    0.0227     0.0929      0.0     10659044.8942 1.058354766104829e+18 2032911.54 407427.23  -425716.0  -425671.187   45.054      0.0    
   3700     22957.15   279.1454    0.0221    278.7381    0.0221     0.0895      0.0     9092386.5638 9.108005179076827e+17 2026340.8  406142.26  -425413.0  -425368.346   45.059      0.0    
   3800     23526.55   272.1641    0.0216    271.7205    0.0215     0.0782      0.0     8497574.1646 8.244339284136355e+17 2020801.98 403888.53  -425114.0  -425068.965   45.06       0.0    
   3900     24096.93   266.2189    0.0211    265.6915    0.0211     0.0789      0.0     7977834.7623 7.435587819566552e+17 2015444.52 403243.38  -423960.0  -423914.863   45.063      0.0    
   4000     24659.97   261.2148    0.0207    260.6703    0.0207     0.0684      0.0     7189439.5408 6.771641420477075e+17 2010127.75 401763.26  -422819.0  -422774.256   45.069      0.0    
   4100     25224.34   257.1661    0.0204    256.5795    0.0204     0.0598      0.0     6298808.8477 6.19820472362205e+17 2005481.25 400813.16  -422379.0  -422334.365   45.071      0.0    
   4200     25796.29   253.6984    0.0201    253.0743    0.0201     0.0614      0.0     5809004.3895 5.775639250555419e+17 2002122.8  400209.74  -421399.0  -421353.962   45.074      0.0    
   4300     26366.74   250.763     0.0199    250.0949    0.0199     0.0547      0.0     5500389.1949 5.593635460606464e+17 1997559.62 399543.17  -421944.0  -421899.078   45.075      0.0    
   4400     26931.91   248.331     0.0197    247.6018    0.0197     0.0519      0.0     5078575.1031 5.3548256952050944e+17 1997067.6  399177.83  -420658.0  -420613.194   45.077      0.0    
   4500     27496.41   246.3161    0.0196    245.5419    0.0195     0.0462      0.0     4542762.8376 5.15241406070175e+17 1994516.49  399200.1  -420469.0  -420424.391   45.079      0.0    
   4600     28069.2    244.5814    0.0194    243.7813    0.0194     0.0452      0.0     4313797.1994 5.018151128918028e+17 1991645.79 397950.22  -420211.0  -420165.702   45.08       0.0    
   4700     28631.21   243.1485    0.0193    242.3272    0.0193     0.0388      0.0     4069257.8501 4.803529611892529e+17 1991269.41 397372.22  -420289.0  -420243.572   45.083      0.0    
   4800     29197.97   242.046     0.0193    241.1993    0.0192     0.0353      0.0     3535293.3298 4.7678991959655814e+17 1988640.56 397606.81  -420466.0  -420421.038   45.085      0.0    
   4900     29766.54   241.1014    0.0192    240.1939    0.0191     0.0339      0.0     3578654.913 4.623778649494617e+17 1987848.12 397557.79  -419978.0  -419933.176   45.083      0.0    
   5000     30335.5    240.2782    0.0191    239.3598    0.019      0.0322      0.0     3195524.6765 4.626508859165555e+17 1985767.94 397266.37  -418954.0  -418908.875   45.082      0.0    
   5100     30899.68   239.6431    0.0191    238.6782    0.019      0.0311      0.0     2997914.4622 4.583890391896858e+17 1986569.2  396644.17  -419610.0  -419564.464   45.083      0.0    
   5200     31469.68   239.0779    0.019     238.0772    0.019      0.0254      0.0     2977836.1017 4.4821266675811706e+17 1985220.64 396484.71  -419804.0  -419759.133   45.085      0.0    
   5300     32033.89   238.5777    0.019     237.5493    0.0189     0.0267      0.0     2896809.6938 4.250306854837768e+17 1985198.19 396105.21  -420308.0  -420262.532   45.084      0.0    
   5400     32598.67   238.2287    0.019     237.1582    0.0189     0.0223      0.0     2477243.6482 4.3204759104286035e+17 1984807.58 396441.35  -419239.0  -419193.871   45.084      0.0    
   5500     33170.94   237.8746    0.0189    236.7808    0.0189     0.026       0.0     2601463.2564 4.392973579532399e+17 1982424.29 396275.03  -419888.0  -419843.306   45.085      0.0    
   5600     33740.99   237.579     0.0189    236.454     0.0188     0.0243      0.0     2439591.0676 4.3146344852457926e+17 1982865.49  395948.4  -418854.0  -418809.247   45.084      0.0    
   5700     34303.62   237.3647    0.0189    236.2349    0.0188     0.0211      0.0     2099131.2184 4.4139424731966e+17 1982977.66 396219.72  -419146.0  -419100.635   45.084      0.0    
   5800     34866.53   237.167     0.0189    236.0278    0.0188     0.0181      0.0     2255995.5473 4.403436990930567e+17 1982700.93 396790.11  -419482.0  -419436.529   45.086      0.0    
   5900     35429.26   236.9899    0.0189    235.8454    0.0188     0.0222      0.0     2245622.3777 4.3070294571192544e+17 1982564.5  396917.96  -419301.0  -419256.39   45.087      0.0    
   6000     35992.37   236.8505    0.0189    235.6977    0.0188     0.0227      0.0     2052614.5323 4.3068004569641965e+17 1983457.73 396503.34  -418562.0  -418516.517   45.085      0.0    
   6100     36561.7    236.7611    0.0189    235.5912    0.0188     0.0185      0.0     1994001.1409 4.41355273123017e+17 1982600.88 396096.01  -419336.0  -419291.101   45.087      0.0    
   6200     37127.08   236.6621    0.0188    235.5012    0.0188     0.0156      0.0     1913089.5741 4.279902588523087e+17 1982952.98 396538.25  -419013.0  -418967.986   45.087      0.0    
   6300     37691.86   236.5693    0.0188    235.4158    0.0188     0.0153      0.0     1962783.7825 4.29760730711339e+17 1981775.52 396207.86  -419370.0  -419325.293   45.087      0.0    
   6400     38250.04   236.5314    0.0188    235.3621    0.0187     0.0171      0.0     1946671.9841 4.311327210467759e+17 1981919.88 395666.74  -419615.0  -419570.356   45.086      0.0    
