Generating synthetic count valued data ... 
Generating synthetic  count valued data took:  28.345154285430908
max_count =  55  min count =  0
Evaluation for true params: 
 test_rsme | train_rsme | rel-te-err | rel-tr-err |  test_nll  |  train_nll |
2.6157905115 2.6387724419   1.50604       1.5161     159676.27    635690.02  
Using  0.05 of training data
Factorizing with max_iteration = 12000  fixing covariance?:  False
Tensor dimensions:  [50, 50, 50]
Optimization metrics: 
Using Ada Grad
Mean update scheme:  S
Covariance update :  N
Using diagonal covariance?:  True
Random start? True
k1 samples =  32  k2 samples =  128
eta =  1.0  cov eta =  1.0  sigma eta =  1
iteration |   time   |test_rsme |rel-te-err|train_rsme|rel-tr-err|   d_mean  |   d_cov  |avg_grad_m|avg_grad_c| test_nll | train_nll |    VLB   |  E-term  |    KL     |   dw   |
    0         2.33     10.3726     6.6548    10.2058     6.5534     3.1623     0.0084     0.5723     0.4296   159098.05   31579.43   -82142.0  -82084.517   57.197     0.0204  
    5        105.23    10.3731     6.6548    10.1955     6.548      3.1623     0.0084     4.9567     5.1626   159579.27   31539.86   -81339.0  -81291.014   48.341     0.0013  
    10       209.89    10.3704     6.6546    10.1761     6.5268     3.1623     0.0084    10.5834     10.455   157011.38   30849.02   -80504.0  -80462.073   41.607     0.0013  
    20       331.82     10.327     6.6335    10.0294     6.4342     3.1623     0.0084     29.194    26.8054   153439.62   29602.08   -76952.0  -76918.739   33.59      0.0007  
    50       513.89     9.6602     6.1414     8.8157     5.577      3.1623     0.0031    183.6287    120.14   123093.42   21514.7    -47980.0  -47952.973   26.626     0.0001  
   100       770.53     6.1811     3.733      4.9023     3.035      3.1409     0.0034    227.7785   161.3476   60758.63   10521.11   -14824.0  -14799.503   24.278     0.0004  
   200      1126.41     5.0868     3.0038     3.4271     2.0904     2.4857     0.0046    37.4522    59.7538    52281.08   8757.16    -11107.0  -11082.385   24.713      0.0    
   300      1524.05     4.5591     2.7188     2.9915     1.8164     2.4712     0.0045     18.328    59.1084    49524.85   8308.05    -10258.0  -10233.545   24.758      0.0    
   400      1936.91     4.4194     2.6642      2.88      1.7474     1.2987     0.0044    15.5032    58.0953    48907.63   8183.29    -9949.0   -9924.699    24.67       0.0    
   500       2349.5     4.283      2.5886     2.7883     1.6776     0.9673     0.0044     12.735    57.9548    48251.57   8059.46    -9656.0   -9631.943    24.378      0.0    
   600      2758.95     4.1961     2.5454     2.7213     1.6306     0.8007     0.0043    10.8007    57.9473    47831.91   7979.99    -9550.0   -9525.614    23.909      0.0    
   700      3172.25     4.1492     2.5237     2.6693     1.5916     0.7729     0.0043     9.1637    58.0404    47625.23    7925.6    -9397.0   -9373.559    23.804      0.0    
   800      3565.69     4.1141     2.5141     2.6358     1.5722     0.687      0.0042     8.6903    58.2486    47479.49   7902.73    -9333.0   -9309.182    23.621      0.0    
   900      3931.19     4.0824     2.5043     2.6186     1.5674     1.0225     0.0042     8.238     58.6368    47386.44   7889.19    -9290.0   -9267.244    23.096      0.0    
   1000     4283.08     4.0722     2.4966     2.589      1.5532     1.4293     0.0042     8.651     58.7856    47267.82   7873.72    -9264.0   -9241.457    22.931      0.0    
   1100      4659.5     4.0341     2.4679     2.5462     1.514      0.8525     0.0041     7.7642    58.6406    47105.94   7823.93    -9201.0   -9177.934    22.792      0.0    
   1200     5048.58     4.0115     2.4537     2.5207     1.502      0.872      0.004      7.2651    58.4329    46911.74   7802.78    -9139.0   -9116.772    22.46       0.0    
   1300     5388.33     3.9926     2.4389     2.4879     1.4748     1.0224     0.004      7.3114    58.2692    46859.51   7763.39    -9123.0   -9100.201    22.332      0.0    
   1400     5728.32     3.9817     2.4339     2.4599     1.4608     0.9059     0.0039     6.8599    58.2074    46782.28   7742.36    -9072.0   -9050.051    22.179      0.0    
   1500     6093.39     3.9741     2.4318     2.4472     1.4486     0.9138     0.0038     6.6312    58.1568    46794.62   7729.72    -9043.0   -9021.185    22.06       0.0    
   1600     6430.48     3.9788     2.432      2.4132     1.4382     1.0639     0.0037     6.7996    58.1638    46723.54   7722.88    -9044.0   -9021.877    21.896      0.0    
   1700     6767.77     3.958      2.4186     2.4247     1.4408     0.9676     0.0036     6.923     58.0994    46586.2    7711.75    -8996.0   -8974.702    21.739      0.0    
   1800     7115.34     3.9449     2.4146     2.4068     1.4394     0.8245     0.0036     7.1312    58.2097    46528.1    7711.78    -8992.0   -8970.435    21.53       0.0    
   1900     7455.25     3.9529     2.4191     2.3782     1.418      0.7388     0.0036     6.8411    58.2219    46619.06   7687.24    -8989.0   -8967.291    21.393      0.0    
   2000     7818.22     3.9415     2.4139     2.3733     1.4128     0.6782     0.0036     6.7728    58.0109    46547.05   7686.61    -8951.0   -8929.236    21.277      0.0    
   2100     8166.27     3.9323     2.4074     2.3634     1.4066     0.6619     0.0037     6.6101    58.0365    46459.12   7665.24    -8928.0   -8907.075     21.0       0.0    
   2200      8516.4     3.9374     2.4092     2.3497     1.3918     0.6392     0.0035     6.0949     58.061    46450.01   7650.23    -8881.0   -8860.327    20.964      0.0    
   2300     8868.19     3.9287     2.4015     2.326      1.3792     0.497      0.0034     5.7133    58.1158    46399.86    7647.5    -8899.0   -8878.326    20.955      0.0    
   2400     9220.02     3.9223     2.3973     2.3271     1.3788     0.7302     0.0032     6.2722    57.9039    46391.26   7641.57    -8893.0   -8872.288    20.796      0.0    
   2500     9575.79      3.94      2.4095     2.3305     1.381      0.7937     0.0033     6.6665    57.9098    46436.07    7647.9    -8845.0   -8823.959    20.675      0.0    
   2600      9976.8     3.9291     2.4058     2.3055     1.3738     0.6005     0.0033     6.5571    57.9976    46354.96   7647.25    -8852.0   -8831.539    20.498      0.0    
   2700     10325.69    3.9282     2.4083     2.2914     1.3676     0.6021     0.0032     6.3753    57.9905    46362.85   7635.17    -8854.0   -8833.922    20.515      0.0    
   2800     10701.73    3.9101     2.4021     2.2963     1.3764     0.5704     0.0031     6.3806    57.9998    46350.33   7628.95    -8833.0   -8812.448    20.204      0.0    
   2900     11034.0     3.9089     2.3934     2.2872     1.3648     0.5951     0.0031     6.312     57.9186    46273.85   7617.17    -8812.0   -8791.539    20.177      0.0    
   3000     11396.29    3.911      2.4009     2.2881     1.3702     0.7238     0.003      6.8433    57.9638    46365.51   7638.27    -8839.0   -8819.121    19.992      0.0    
   3100     11717.71    3.9181     2.4071     2.287      1.379      1.0151     0.003      7.7704    58.0563    46403.56   7637.74    -8844.0   -8823.817    19.91       0.0    
   3200     12050.82    3.9156     2.4036     2.2691     1.355      0.7352     0.0031     7.7318    58.1209    46347.73   7623.67    -8823.0   -8803.133    19.811      0.0    
   3300     12392.46    3.9022     2.3903     2.2477     1.3396     0.5946     0.0029     6.5316    57.9504    46204.69   7588.65    -8780.0   -8760.481    19.689      0.0    
   3400     12742.94    3.8919     2.3831     2.214      1.3158     0.5244     0.0028     6.1203    57.7494    46205.76   7588.06    -8759.0   -8739.902    19.546      0.0    
   3500     13121.37    3.8874     2.3768     2.2205     1.3196     0.5873     0.0028     5.6835    57.6922    46163.64   7582.86    -8753.0   -8733.857    19.372      0.0    
   3600     13508.72    3.8906     2.3732     2.2199     1.3124     0.6529     0.0028     6.1233     57.834    46191.25   7586.14    -8766.0    -8746.78    19.284      0.0    
   3700     13910.68    3.881      2.3691     2.2131     1.3062     0.6209     0.0028     5.9904    57.8524    46130.23   7572.93    -8740.0    -8720.92    19.244      0.0    
   3800     14299.68    3.8832     2.373      2.2101     1.3074     0.5723     0.0028     6.0789    57.8022    46139.63   7581.09    -8740.0   -8721.172    19.089      0.0    
   3900     14656.32    3.8885     2.374      2.2052     1.3062     0.6695     0.0028     5.8326    57.7323    46197.33    7567.2    -8733.0    -8714.24    19.033      0.0    
   4000     15018.5     3.888      2.3751     2.2068     1.304       0.73      0.0027     6.0737     57.641    46193.28   7564.15    -8737.0   -8717.701    18.917      0.0    
   4100     15375.45    3.878      2.3678     2.1854     1.2982     0.7346     0.0027     5.7004    57.6433    46076.45   7564.54    -8715.0   -8695.954    18.898      0.0    
   4200     15738.48    3.8915     2.3826     2.1772     1.2792      0.72      0.0026     5.8261    57.4161    46165.27   7561.78    -8703.0   -8683.865    18.772      0.0    
   4300     16114.45    3.8929     2.3824     2.186      1.2904     0.673      0.0026     5.6347    57.5674    46144.61   7555.32    -8715.0   -8696.602    18.761      0.0    
   4400     16461.53    3.8628     2.358      2.1671     1.2784     0.5389     0.0025     5.4426    57.4943    46037.6    7543.49    -8693.0   -8674.028    18.728      0.0    
   4500     16839.04    3.8711     2.3667     2.1464     1.2692     0.549      0.0026     5.653     57.5563    46032.66   7549.99    -8712.0   -8693.281    18.727      0.0    
   4600     17198.3     3.8673     2.3621     2.171      1.2868     0.5116     0.0027     5.9601    57.5506    46054.38   7548.86    -8704.0   -8685.301    18.624      0.0    
   4700     17548.63     3.87      2.3658     2.1523     1.2634     0.7898     0.0026     6.5989    57.5841    46062.17   7548.17    -8719.0   -8700.956    18.522      0.0    
   4800     17951.78    3.8711     2.3606     2.1822     1.285      0.7775     0.0025     7.3756    57.5004    46066.63   7554.25    -8733.0   -8714.696    18.494      0.0    
   4900     18363.74    3.8839      2.37      2.1784     1.2844     0.7404     0.0025     7.5002    57.6101    46088.58   7552.21    -8735.0   -8716.998    18.407      0.0    
   5000     18775.03    3.8627     2.3561     2.1583     1.2662     0.7143     0.0025     7.2047    57.3939    46005.74   7543.53    -8689.0    -8670.2     18.356      0.0    
   5100     19164.67    3.8702     2.3605     2.1596     1.2678     0.772      0.0024     7.4541    57.4109    46031.59   7548.09    -8712.0   -8693.991    18.308      0.0    
   5200     19529.65    3.8662     2.3614     2.149      1.2716     0.7244     0.0025     6.9435    57.2904    45973.3    7543.41    -8690.0    -8671.85    18.368      0.0    
   5300     19927.1     3.8665     2.3654     2.1551     1.2768     0.6335     0.0024     6.8728     57.566    46017.3    7545.75    -8691.0   -8672.642     18.4       0.0    
   5400     20296.66    3.8608     2.3596     2.1253     1.2472     0.5469     0.0024     6.1194    57.4019    45945.26   7533.75    -8657.0   -8638.535    18.256      0.0    
   5500     20640.53    3.8449     2.3484     2.1233      1.25      0.5076     0.0024     5.8834    57.3833    45920.42   7527.79    -8651.0   -8633.037    18.238      0.0    
   5600     21009.21    3.8508     2.3534     2.1217     1.2618     0.5849     0.0024     5.8021    57.3443    45941.32    7529.4    -8678.0   -8660.107    18.192      0.0    
   5700     21370.24    3.8545     2.3559     2.1225     1.2488     0.5113     0.0024     6.1512    57.4633    45951.71   7527.16    -8657.0   -8638.796    18.141      0.0    
   5800     21736.95    3.853      2.356      2.1284     1.256      0.5892     0.0023     6.1789    57.1791    45872.83   7529.35    -8690.0   -8671.622    18.122      0.0    
   5900     22083.31    3.8571     2.3537     2.1196     1.2504     0.4587     0.0023     5.6574    57.0992    45882.17   7515.31    -8649.0   -8630.866    18.16       0.0    
   6000     22438.96    3.8514     2.3565     2.1305     1.261      0.5273     0.0024     6.045     57.2613    45876.72   7522.11    -8658.0   -8639.599    18.124      0.0    
   6100     22796.27    3.8639     2.3653     2.1195      1.26      0.6476     0.0023      5.91     57.2383    45872.9    7522.91    -8661.0   -8642.887    18.066      0.0    
   6200     23130.42    3.8534     2.359      2.1185     1.2532     0.6132     0.0022     5.6732    56.9884    45949.45   7518.06    -8643.0   -8624.697    18.115      0.0    
   6300     23511.35    3.8593     2.364      2.1075     1.2478     0.6312     0.0022     5.4354    57.0991    45957.57   7519.57    -8643.0   -8625.335    18.128      0.0    
   6400     23899.21    3.8524     2.3591     2.1046     1.2386     0.4875     0.0022     5.4299    57.1569    45895.8    7521.24    -8650.0   -8631.748    18.03       0.0    
   6500     24313.31    3.8425     2.3522     2.0987     1.2332     0.415      0.0023     5.0369    57.1479    45851.37   7501.79    -8621.0   -8602.809    18.035      0.0    
   6600     24721.84    3.8512     2.3578     2.089      1.2356     0.5524     0.0022     5.2347    57.2364    45833.88   7522.06    -8621.0   -8602.747    18.021      0.0    
   6700     25130.52    3.8462     2.3556     2.1178     1.2568      0.5       0.0022     4.966     57.2293    45848.02   7518.64    -8599.0   -8581.027    17.945      0.0    
   6800     25503.54    3.8443     2.3564     2.0895     1.2348     0.4931     0.0022     5.2331    57.1427    45814.92   7508.62    -8638.0   -8619.487    18.019      0.0    
   6900     25914.52    3.855      2.3619     2.0901     1.2346     0.5898     0.002      5.1739    57.1166    45866.84    7510.8    -8621.0   -8602.633    18.013      0.0    
   7000     26320.91    3.8585     2.3644     2.1211     1.2516     0.4764     0.0021     4.7835     57.126    45834.32   7509.64    -8629.0   -8610.646    17.991      0.0    
   7100     26731.72    3.8573     2.364      2.095      1.2348     0.5577     0.0022     5.0213     57.014    45849.22   7516.68    -8646.0    -8627.93    17.989      0.0    
   7200     27136.41    3.8356     2.3483     2.0864     1.2304     0.5213     0.0021     5.2129    56.8429    45743.45   7504.78    -8610.0   -8592.304    18.03       0.0    
   7300     27534.39    3.8273     2.3433      2.08      1.2218     0.5176     0.0021     5.1765    56.8455    45774.67   7499.27    -8580.0   -8561.993    17.943      0.0    
   7400     27932.41    3.8411     2.3528     2.091      1.2376     0.6244     0.0021     5.2598    56.8636    45743.94   7497.75    -8617.0   -8598.721    18.035      0.0    
   7500     28331.06    3.8441     2.3542     2.1099     1.2442     0.6262     0.0021     5.0018    56.9648    45758.68   7501.94    -8617.0   -8598.926    18.083      0.0    
   7600     28735.72    3.8553     2.3586     2.0686     1.2226     0.6002     0.002      5.4792    57.0265    45837.95   7500.17    -8591.0   -8573.139    18.026      0.0    
   7700     29143.55    3.8449     2.3571     2.082      1.2278     0.6136     0.0023     5.5941    57.0201    45786.42   7499.54    -8623.0   -8605.508    17.96       0.0    
   7800     29497.92    3.8587     2.3632     2.0965     1.2394     0.6146     0.0022     5.9775    57.1871    45841.6     7511.2    -8619.0   -8601.026    18.082      0.0    
   7900     29857.86    3.8591     2.3638     2.0735     1.2228     0.4579     0.0022     5.6988    57.0671    45816.07   7505.37    -8591.0   -8573.231    17.967      0.0    
   8000     30225.28    3.8501     2.359       2.08      1.2314     0.6177     0.0021     5.616     57.0862    45789.84   7506.34    -8613.0    -8595.25    18.036      0.0    
   8100     30551.05    3.8409     2.3503     2.0725     1.2172     0.4339     0.0021     4.9034    56.9848    45748.34   7492.74    -8602.0   -8583.756    18.021      0.0    
   8200     30879.05    3.8465     2.3492     2.0722     1.2102     0.529      0.0021     5.2254    56.7551    45806.08   7494.64    -8599.0   -8580.582    18.009      0.0    
   8300     31277.66    3.8443     2.3522     2.072      1.2204     0.4667     0.0021     5.3212    56.9199    45767.7    7497.08    -8584.0   -8565.873    17.974      0.0    
   8400     31678.45    3.8454     2.3499     2.0801     1.2116     0.4583     0.0022     5.4735    56.7913    45786.65   7501.35    -8586.0   -8568.283    17.958      0.0    
   8500     32035.1     3.8452     2.3576     2.063      1.2126     0.4565     0.002      5.3011    56.8795    45707.01   7492.19    -8598.0   -8579.852    17.928      0.0    
   8600     32392.58    3.8407     2.3514     2.0898     1.2206     0.4947     0.0019     5.1008    57.0023    45777.03   7494.77    -8569.0   -8551.061    17.932      0.0    
   8700     32769.98    3.8347     2.3464     2.052      1.2064     0.4541     0.002      4.9071    56.7978    45718.87   7486.48    -8587.0   -8569.284    18.008      0.0    
   8800     33109.8     3.8358     2.3454     2.0821     1.2238     0.4296     0.002      4.8685     56.709    45668.51   7484.09    -8578.0   -8560.368    17.946      0.0    
   8900     33510.06    3.8315     2.3396     2.0614     1.2006     0.4214     0.002      4.7169    56.8872    45638.99   7487.45    -8581.0   -8562.668    17.929      0.0    
   9000     33908.83    3.8373     2.3414     2.0614     1.211      0.3753     0.002      4.6394    56.8741    45687.51   7470.01    -8571.0   -8553.151    17.887      0.0    
   9100     34306.42    3.8301     2.3416     2.0443     1.1972     0.4428     0.0019     4.4803    56.7725    45629.35   7481.26    -8555.0   -8537.226    17.862      0.0    
   9200     34703.03    3.811      2.3317     2.0682     1.2136     0.4587     0.0019     4.6474    57.0832    45596.63   7475.29    -8557.0   -8538.756    17.821      0.0    
   9300     35055.63    3.8279     2.337      2.0491     1.2062     0.4509     0.002      4.5703    56.9101    45664.25   7479.92    -8557.0   -8538.745    17.849      0.0    
   9400     35384.43    3.8269     2.3401     2.0481     1.2032     0.3968     0.002      4.8319    56.8357    45676.9    7482.62    -8570.0   -8552.634    17.862      0.0    
   9500     35714.78    3.8224     2.338      2.0591     1.2108     0.3941     0.002      4.7419    56.9559    45630.54   7482.07    -8565.0   -8546.693    17.95       0.0    
   9600     36035.67    3.8261     2.3397     2.053      1.2074     0.4334     0.0018     5.306     56.7753    45691.64    7472.8    -8573.0   -8555.154    17.926      0.0    
   9700     36350.11    3.8362     2.3435     2.0591     1.212      0.4262     0.0019     5.4742    56.5717    45754.73   7479.24    -8569.0   -8551.088    17.903      0.0    
   9800     36664.44    3.8313     2.3428      2.07      1.2214     0.3817     0.0018     4.802     56.8251    45698.42   7481.06    -8576.0   -8558.245    17.823      0.0    
   9900     36978.59    3.8365     2.3484     2.0438     1.1994     0.431      0.0019     4.7901    56.7515    45675.75   7468.54    -8559.0   -8541.369    17.779      0.0    
  10000     37292.51    3.8387     2.348      2.0448     1.199      0.375      0.0019     4.8609    56.8453    45706.81   7478.72    -8557.0    -8539.17    17.876      0.0    
  10100     37604.82    3.8239     2.339      2.0522     1.2098     0.3217     0.0019     4.565     56.8107    45602.9    7475.87    -8548.0   -8529.813    17.883      0.0    
  10200     37917.28    3.8264     2.3412     2.0477     1.206      0.3606     0.0018     4.4694    56.7426    45672.65   7478.84    -8557.0   -8539.476    17.932      0.0    
  10300     38227.19    3.829      2.3404     2.061      1.215      0.3457     0.0017     4.7376    57.0208    45607.83   7472.13    -8566.0   -8548.415    17.86       0.0    
  10400     38530.81    3.8238     2.3434     2.0615      1.21      0.3848     0.0017     4.8958    57.0459    45645.43   7476.55    -8565.0   -8546.919    17.89       0.0    
  10500     38895.12    3.8173     2.3355     2.0551     1.2126     0.4407     0.0017     5.1415    56.9935    45687.87   7481.56    -8553.0   -8534.673    17.915      0.0    
  10600     39266.13    3.8241     2.3356     2.0374     1.1904     0.4493     0.0017     5.395     57.0422    45604.83   7477.51    -8578.0   -8559.552    17.951      0.0    
  10700     39604.29    3.8209     2.3373     2.0644     1.204      0.4566     0.0019     5.0014    56.8216    45630.76   7474.82    -8547.0   -8528.695    17.941      0.0    
  10800     39957.02    3.8216     2.3405     2.0463     1.2024     0.5332     0.0019     4.7691    56.6836    45610.19   7481.49    -8539.0   -8521.256    17.922      0.0    
  10900     40355.77    3.816      2.3325     2.0558     1.203      0.4443     0.0018     4.708     56.8775    45586.59   7469.47    -8543.0   -8525.572    17.918      0.0    
  11000     40759.45    3.8159     2.3304     2.0339     1.1914     0.4241     0.0019     4.4428     56.686    45592.98    7462.6    -8528.0   -8509.758    17.909      0.0    
  11100     41162.7     3.8175     2.3295     2.0231     1.1918     0.3614     0.0019     3.9999    56.9178    45592.77   7469.44    -8529.0    -8510.62    17.971      0.0    
  11200     41486.91    3.8164     2.3335     2.0361     1.195      0.3202     0.0019     4.1276    56.8391    45582.2     7477.9    -8553.0   -8534.686    17.872      0.0    
  11300     41862.68    3.813      2.3336     2.0462     1.1992     0.3383     0.0018     4.4025    56.6426    45541.66   7468.81    -8546.0   -8527.817    17.887      0.0    
  11400     42190.15    3.8149     2.3363     2.0346     1.1956     0.3536     0.0018     4.6178     56.733    45590.11    7465.4    -8544.0   -8526.214    17.92       0.0    
  11500     42513.09    3.8151     2.3373     2.058      1.206      0.4088     0.0019     4.834     56.8985    45583.2    7478.98    -8534.0   -8516.032    17.876      0.0    
  11600     42887.3     3.8181     2.3392     2.0615     1.2198     0.429      0.0017     5.0724    56.7718    45560.51    7472.9    -8555.0   -8536.836    17.891      0.0    
  11700     43219.78    3.8043     2.3323     2.0283     1.1994     0.3784     0.0016     5.1057     56.696    45605.26   7476.94    -8530.0   -8512.536    17.923      0.0    
  11800     43544.22    3.8061     2.3344     2.0316     1.1936     0.437      0.0016     4.8343    56.6407    45515.51   7467.73    -8556.0   -8537.633    17.915      0.0    
  11900     43918.52    3.8171     2.3352     2.0491     1.1994     0.3982     0.0016     4.601     56.8792    45574.32    7460.8    -8536.0   -8517.887    17.971      0.0    
  12000     44309.52    3.8134     2.3401     2.0382     1.207      0.3824     0.0016     4.7359     56.729    45510.22   7476.61    -8553.0   -8535.443    17.923      0.0    
[ 0.88205896 -0.08937583 -0.21979731  1.17236545  0.97497579  0.01786826
 -0.24980494 -0.36154194 -0.40766435 -0.03662269  0.76486578  1.03962602
  0.88602962 -0.15565495  0.60596784 -0.09493402  1.90542787  0.24631575
 -0.8453828   0.855343  ]
[-0.02781935  1.12449324  0.81390038  1.90676162  1.07415532  1.56284663
  0.16272168  0.17205943  1.86399298  0.37941285 -0.68422058 -0.19164406
  1.09849751  0.72566926  1.57042679  0.7321976   0.36159667  1.72085244
  0.82265203  0.57209582]
[ 1.20173204  1.11907438  0.4340232   0.0857544   1.37371677  0.50139011
  0.60790017  0.14044306  1.58654005  0.53664591  0.97593925  1.8673561
  0.89993406  1.01976613  0.94839808  0.30465074 -1.73750532 -0.76193638
  1.64724843  1.74574056]
