Generating synthetic count valued data ... 
Generating synthetic  count valued data took:  23.842355728149414
max_count =  54  min count =  0
Evaluation for true params: 
 test_rsme | train_rsme | rel-te-err | rel-tr-err |  test_nll  |  train_nll |
2.6301710971 2.6244751856   1.51412      1.50653     162537.62    646164.89  
Using  0.05 of training data
Factorizing with max_iteration = 12000  fixing covariance?:  False
Tensor dimensions:  [50, 50, 50]
Optimization metrics: 
Using Ada Grad
Mean update scheme:  S
Covariance update :  N
Using diagonal covariance?:  True
Random start? True
k1 samples =  32  k2 samples =  128
eta =  1.0  cov eta =  1.0  sigma eta =  1
iteration |   time   |test_rsme |rel-te-err|train_rsme|rel-tr-err|   d_mean  |   d_cov  |avg_grad_m|avg_grad_c| test_nll | train_nll |    VLB   |  E-term  |    KL     |   dw   |
    0         3.55     10.3654     6.6491    10.4416     6.6504     3.1623     0.0031     0.6067   5300.6667  118582.26   23720.9    -28883.0  -28832.03    51.196     0.0016  
    5        108.6     10.3584     6.6488    10.4285     6.6482     3.1623     0.0041     4.1232   41057.0602 117924.04   23579.1    -28730.0  -28685.073   45.298     0.0001  
    10       213.25    10.3441     6.6453    10.3918     6.6288     3.1623     0.0059     8.0635   68550.4473 117481.97   23332.34   -28527.0  -28487.106   39.916      0.0    
    20       336.58    10.2577     6.6314    10.2386     6.5784     3.1623     0.0181     22.017   356316.6231 116219.21   22885.88   -27759.0  -27726.089   32.627      0.0    
    50       530.35     9.307      6.1056     8.9598     5.8752     3.1623     0.6857    127.9327  2788504.8605  97530.41   18498.92   -21582.0  -21563.563   18.054      0.0    
   100       794.43     5.855      3.6686     5.4333     3.4266     3.1318     0.1534    112.0555  4417980299.656  58940.24   11290.51   -12390.0  -12369.647   19.856     0.0001  
   200       1230.2     4.4966     2.6831     3.5001     2.1524     3.0281     0.0238    27.5533   56088762097.1168  48934.54   8850.12    -10057.0  -10038.047   18.567      0.0    
   300      1665.95     4.0962     2.473      3.1208     1.9338     2.0549     0.0186    13.6165   1184500.7218  47114.49   8545.68    -9779.0   -9760.408    18.225      0.0    
   400      2102.45     3.9639     2.3984     2.9725     1.8236     1.4146     0.0172    11.2804   2343922.5834  46375.44   8346.84    -9575.0   -9556.824    17.901      0.0    
   500      2537.72     3.9026     2.3671     2.8529     1.7356     1.1295     0.0155     9.5104   1414706.7763  46090.49   8237.76    -9487.0   -9469.643    17.703      0.0    
   600      2972.99     3.8522     2.3412     2.7605     1.6724     0.8996     0.0145     8.0133   263895.3952  45775.45   8147.66    -9405.0   -9387.662    17.741      0.0    
   700      3408.71     3.8254     2.3307     2.7185     1.646      0.8226     0.0136     7.2897   3329552.4814  45683.42   8086.75    -9360.0   -9341.847    17.739      0.0    
   800       3844.0     3.8213     2.3327     2.6872     1.6238     0.9406     0.0128     7.0269   1058238.2148  45608.62   8053.47    -9330.0    -9311.71    17.811      0.0    
   900      4278.55     3.8023     2.3173     2.6352     1.5882     0.8614     0.0126     6.5816   1863516.2659  45515.51   8017.98    -9283.0   -9265.276    18.017      0.0    
   1000     4713.73     3.7901     2.318      2.5941     1.5636     0.7369     0.0119     5.8899   464331.3184  45444.44   7970.58    -9264.0   -9246.045    17.974      0.0    
   1100     5148.15     3.7807     2.3108     2.5526     1.5372     0.7017     0.0113     5.4991   961944.9565  45365.38   7956.41    -9230.0   -9212.249    18.12       0.0    
   1200     5582.39     3.775      2.3045     2.4897     1.5026     0.6888     0.0109     5.4502   1333126.2674  45300.32   7921.28    -9202.0   -9184.473    17.954      0.0    
   1300     6017.06     3.7659     2.2972     2.4872     1.4852     0.7179     0.0104     5.3879   1778354.3813  45247.38   7906.99    -9186.0   -9168.336    18.003      0.0    
   1400     6452.47     3.7569     2.2908     2.4632     1.475      0.7047     0.0103     5.278    975212.5448  45249.73   7889.13    -9168.0   -9149.584    18.168      0.0    
   1500     6888.12     3.7629     2.297      2.4463     1.467      0.7337     0.0103     5.6342   658077.237  45247.85   7875.74    -9158.0   -9140.277    18.18       0.0    
   1600     7323.88     3.7731     2.3003     2.4271     1.4488     0.8403     0.0098     5.7805   1980594.7496  45271.31    7864.8    -9146.0    -9127.99    18.36       0.0    
   1700     7758.34     3.7679     2.2954     2.4064     1.443      0.9005     0.0095     5.8997   1145046.7299  45279.94   7858.09    -9144.0   -9125.147    18.399      0.0    
   1800     8193.74     3.7696     2.2975     2.3957     1.4356     0.9005     0.0096     5.963    300158.4747  45271.52   7856.05    -9134.0   -9115.923    18.461      0.0    
   1900      8628.7     3.7798     2.3006     2.3903     1.4238     1.1848     0.0091     6.1339   3021737.1783  45313.4    7845.61    -9123.0   -9105.041    18.314      0.0    
   2000     9063.83     3.7733     2.3011     2.363      1.4064     1.0256     0.009      6.196    305935.9449  45269.46   7838.34    -9123.0    -9104.97    18.305      0.0    
   2100     9498.18     3.7546     2.2913     2.3483     1.4062     0.8794     0.0088     5.8107   1205956.5861  45143.59   7817.86    -9109.0   -9090.818    18.302      0.0    
   2200     9932.76     3.7486     2.2865     2.3451     1.3966     0.8325     0.0088     5.1563   686174.0103  45119.11   7811.03    -9091.0   -9072.826    18.359      0.0    
   2300     10367.38    3.731      2.2791     2.3222     1.3832     0.707      0.0084     4.9081   1266723.963  45098.19   7801.89    -9089.0   -9070.904    18.387      0.0    
   2400     10802.11    3.7385     2.2842     2.2957     1.364      0.6098     0.0085     4.6576   1359896.1189  45072.07    7786.3    -9084.0   -9065.986    18.374      0.0    
   2500     11237.28    3.7378     2.2814     2.2977     1.3798      0.69      0.0083     4.6774   696080.3322  45129.7     7785.1    -9076.0   -9057.247    18.441      0.0    
   2600     11671.73    3.735      2.2801     2.2892     1.3648     0.6804     0.0082     4.7401   1107009.2131  45107.39   7772.92    -9068.0   -9049.424    18.528      0.0    
   2700     12106.44    3.7354     2.2785     2.2563     1.3442     0.5953     0.0079     4.6308   2152276.2024  45116.43   7767.42    -9062.0   -9043.532    18.441      0.0    
   2800     12542.17    3.7499     2.2888     2.2578     1.348      0.6443     0.008      4.7399   860760.5361  45134.03   7772.88    -9057.0    -9039.02    18.391      0.0    
   2900     12976.72    3.7606     2.2942     2.2499     1.3454     0.578      0.0076     4.659    736754.6302  45150.97   7764.59    -9055.0    -9036.24    18.453      0.0    
   3000     13411.2     3.7468     2.2864     2.238      1.333      0.7221     0.0079     4.6409   1626700.0493  45116.0    7761.15    -9052.0    -9033.54    18.404      0.0    
   3100     13845.22    3.763      2.2948     2.2541     1.3486     0.7847     0.0078     4.8747   648442.5386  45141.67   7757.73    -9041.0   -9022.823    18.518      0.0    
   3200     14280.33    3.7504     2.289      2.223      1.3254     0.6512     0.0077     4.665    466326.1689  45157.85   7749.28    -9036.0   -9017.938    18.485      0.0    
   3300     14715.75    3.7488     2.288      2.203      1.3148     0.5537     0.0075     4.3513   136843.6481  45137.74   7739.52    -9043.0   -9024.243    18.493      0.0    
   3400     15150.59    3.7542     2.2926     2.2073      1.32      0.5618     0.0074     4.1598   389321.782  45135.85   7740.32    -9017.0   -8998.732    18.489      0.0    
   3500     15585.08    3.754      2.2911     2.2117     1.3226     0.4937     0.0075     4.1931   930261.7812  45137.49    7733.3    -9011.0   -8992.657    18.495      0.0    
   3600     16019.97    3.7432     2.2822     2.1849     1.298      0.5544     0.0076     3.9946   808238.8338  45131.43   7731.05    -9021.0   -9002.624    18.51       0.0    
   3700     16455.48    3.7526     2.2865     2.1937     1.3126     0.6423     0.0073     4.0609   1626874.277  45122.2    7726.41    -9013.0   -8994.943    18.336      0.0    
   3800     16891.36    3.743      2.2818     2.1718     1.2942     0.632      0.0074     3.7593   1314401.357  45080.13   7718.31    -9010.0   -8991.362    18.594      0.0    
   3900     17326.18    3.7388     2.2774     2.1724     1.2888     0.5516     0.007      3.6536   917343.8545  45091.93   7705.82    -9011.0   -8992.524    18.417      0.0    
   4000     17761.13    3.7404     2.2747     2.1614     1.2832     0.5375     0.0075     3.5183   1415763.93  45058.74   7713.32    -8995.0   -8976.682    18.56       0.0    
   4100     18196.03    3.7388     2.2801     2.1679     1.2908     0.4906     0.0074     3.6752   1115462.3356  45065.2    7709.11    -8999.0   -8980.277    18.546      0.0    
   4200     18633.29    3.7403     2.2803     2.1266     1.2656     0.5369     0.0069     3.7792   1299081.0997  45092.66   7713.88    -9003.0   -8984.345    18.598      0.0    
   4300     19068.42    3.7453     2.2798     2.1293     1.2664     0.6936     0.0066     3.8295   455672.7823  45079.86   7707.32    -8989.0   -8969.955    18.547      0.0    
   4400     19503.2     3.7469     2.2792     2.1385     1.277      0.7735     0.0071     4.0619   414473.7454  45073.74   7708.67    -8998.0   -8979.318    18.493      0.0    
   4500     19938.33    3.7544     2.2916     2.1492     1.2866     0.8112     0.0067     4.4013   2371336.6699  45108.24   7703.61    -9004.0   -8985.178    18.429      0.0    
   4600     20378.66    3.7542     2.2833      2.13      1.2622     0.6471     0.0069     4.3975   503733.2597  45132.57   7699.39    -8989.0   -8970.653    18.651      0.0    
   4700     20812.76    3.7531     2.2822     2.135      1.271      0.4663     0.0068     4.1359   712884.5558  45093.63   7699.96    -8978.0   -8959.307    18.395      0.0    
   4800     21247.44    3.7498     2.2818     2.1332     1.2734     0.5539     0.0069     4.1933   334151.2398  45122.05   7701.26    -8985.0   -8966.834    18.438      0.0    
   4900     21682.62    3.7404     2.2742     2.115      1.2478     0.4695     0.0068     3.9155   569014.8858  45111.07   7687.07    -8978.0   -8959.742    18.503      0.0    
   5000     22117.14    3.7306     2.2665     2.1293     1.2604     0.4412     0.0065     3.8711   919145.147  45110.99   7688.51    -8966.0   -8947.848    18.475      0.0    
   5100     22551.86    3.7406     2.278      2.1111     1.255      0.4675     0.0064     3.6263   50911.6213  45124.23   7693.38    -8979.0   -8960.378    18.55       0.0    
   5200     22986.47    3.7442     2.2718     2.0991     1.2366     0.4566     0.0066     3.7899   755067.6255  45105.58   7688.78    -8975.0   -8956.983    18.464      0.0    
   5300     23420.92    3.7521     2.2834     2.1019     1.2462     0.4722     0.0063     3.8357   639344.829  45113.92   7683.92    -8982.0    -8963.96    18.451      0.0    
   5400     23856.47    3.7424     2.2751     2.0913     1.247      0.4282     0.0065     3.3773   460214.3977  45054.79    7682.5    -8965.0   -8946.362    18.481      0.0    
   5500     24290.8     3.7465     2.276      2.1049     1.2456     0.4033     0.0064     3.1931   1061255.5206  45032.11   7679.02    -8967.0   -8948.245    18.53       0.0    
   5600     24725.23    3.738      2.276      2.0861     1.2404     0.3809     0.0066     2.9293   305038.027  44987.87   7667.82    -8956.0   -8937.452    18.523      0.0    
   5700     25158.15    3.744      2.2704     2.0909     1.2382     0.3102     0.0063     2.8868   867853.3739  45053.42   7673.83    -8960.0   -8941.546    18.463      0.0    
   5800     25591.36    3.7421     2.274      2.0851     1.2418     0.3577     0.0063     2.922    1882852.3886  45030.54   7669.84    -8946.0   -8927.709    18.602      0.0    
   5900     26025.99    3.7369     2.2712     2.0829     1.2336     0.5415     0.0065     3.0732   2640192.9007  45001.71   7675.19    -8957.0   -8938.848    18.531      0.0    
   6000     26459.22    3.7427     2.2706     2.0854     1.2296     0.518      0.0063     3.2982   88451.8391  45013.29    7669.2    -8963.0    -8944.78    18.536      0.0    
   6100     26894.13    3.7413     2.2681     2.0702     1.2232     0.3932     0.0061     3.4164   460176.2845  45001.11    7675.6    -8951.0   -8932.114    18.614      0.0    
   6200     27329.28    3.7586     2.2818     2.0752     1.235      0.3315     0.0062     3.2882   1106280.5966  45030.26   7662.95    -8968.0   -8949.002    18.593      0.0    
   6300     27762.89    3.7455     2.2716     2.0636     1.234      0.4147     0.0061     3.1213   204980.6983  45010.36   7671.05    -8951.0   -8932.805    18.498      0.0    
   6400     28197.92    3.7301     2.2662     2.0621      1.22      0.4247     0.0062     3.086    1333189.0972  44979.22   7664.05    -8945.0   -8925.954    18.619      0.0    
   6500     28629.77    3.7386     2.2717     2.0636     1.2284     0.5067     0.0063     3.0818   3130923.4824  45010.54   7653.88    -8956.0   -8937.256    18.49       0.0    
   6600     29061.76    3.7368     2.2664     2.0488     1.2174     0.5581     0.0065     2.8186   674505.4624  44967.78   7656.65    -8951.0   -8932.034    18.493      0.0    
   6700     29494.24    3.7401     2.2701     2.049      1.2286     0.4075     0.0067      2.68    1986132.2734  44969.04   7660.64    -8946.0   -8927.043    18.537      0.0    
   6800     29927.13    3.7363     2.2678     2.0343     1.2152     0.3411     0.0063     2.8819   364801.468  44978.23   7657.96    -8941.0   -8922.923    18.434      0.0    
   6900     30358.98    3.7314     2.262      2.0442     1.2198     0.3203     0.0059     2.8379   48798.1288  45001.16   7663.62    -8945.0   -8926.812    18.503      0.0    
   7000     30792.02    3.7388     2.2639     2.0619     1.2234     0.3817     0.0059     2.7556   554161.4607  44975.26   7654.45    -8932.0   -8913.552    18.48       0.0    
   7100     31223.28    3.7441     2.2734     2.043      1.2122     0.4082     0.0062     2.9547   1173322.4323  45059.53   7654.54    -8934.0    -8914.93    18.605      0.0    
   7200     31656.01    3.743      2.2724     2.0306     1.2074     0.495      0.006      2.906    921827.9749  45000.67   7644.72    -8938.0   -8919.836    18.561      0.0    
   7300     32088.41    3.7516     2.273      2.0371     1.2194     0.4542     0.006      3.1265   2275055.2994  45007.78   7656.93    -8942.0   -8923.604    18.47       0.0    
   7400     32520.6     3.7449     2.2704     2.0233     1.2044     0.5488     0.0063     3.0062   830776.9453  45034.51    7652.2    -8937.0    -8918.5     18.464      0.0    
   7500     32953.06    3.7434     2.2723     2.0382     1.2142     0.3976     0.0062     2.8209   2103560.3437  45024.82   7650.55    -8935.0   -8916.596    18.537      0.0    
   7600     33387.76    3.7399     2.2713     2.029      1.2134     0.3948     0.0065     2.9053   1397749.7587  44986.63   7653.25    -8945.0   -8926.874    18.556      0.0    
   7700     33819.82    3.7409     2.2735     2.0125     1.2038     0.4182     0.0058     2.8199   2381365.5908  45006.49   7654.54    -8937.0   -8918.858    18.489      0.0    
   7800     34253.15    3.746      2.2733     2.0177     1.2072     0.3096     0.006      2.5924   377445.0213  45007.69   7655.31    -8948.0    -8929.24    18.516      0.0    
   7900     34685.61    3.7447     2.2765     2.023      1.2128     0.3297     0.0062     2.8549   1611701.0288  45059.78    7658.3    -8933.0   -8914.409    18.524      0.0    
   8000     35116.71    3.7516     2.2786     2.0133     1.2022     0.3815     0.0061     2.9308   715405.4159  45052.71   7655.86    -8944.0   -8925.116     18.5       0.0    
   8100     35550.4     3.7427     2.275      2.0112     1.2082     0.4252     0.0058     2.9878   670018.6334  45054.61   7653.88    -8938.0   -8919.696    18.543      0.0    
   8200     35982.29    3.7539      2.28      2.0222     1.2076     0.3443     0.0059     2.755    172834.8673  45058.97   7646.26    -8940.0   -8921.569    18.387      0.0    
   8300     36411.65    3.7462     2.2795     2.032      1.2196     0.3081     0.0061     2.5984   386758.2974  45030.6    7641.39    -8937.0   -8918.283    18.437      0.0    
   8400     36843.63    3.7561     2.2848     2.0091     1.2024     0.3354     0.0061     2.711    1626731.3035  45061.93   7642.51    -8938.0   -8919.049    18.517      0.0    
   8500     37274.66    3.7578     2.2855     2.0155     1.2068     0.3472     0.0058     2.8074   1395444.6887  45061.21   7647.83    -8936.0   -8917.927     18.5       0.0    
   8600     37701.23    3.7609     2.2903     2.0253     1.2192     0.3296     0.0056     2.9947   495384.4291  45070.67   7651.56    -8943.0   -8924.596    18.549      0.0    
   8700     38130.3     3.7574     2.2868     2.0088     1.2086     0.3132     0.0062     2.9615   2206531.5653  45005.77   7646.45    -8946.0    -8927.21    18.44       0.0    
   8800     38560.42    3.7443     2.278      2.0192     1.2046     0.3823     0.0056     2.9694   837974.6475  45045.44   7646.31    -8941.0   -8922.439    18.493      0.0    
   8900     38989.01    3.7573     2.279      2.0044     1.1926     0.3174     0.0058     2.7255   3262496.6304  45003.66   7640.01    -8928.0   -8909.157    18.498      0.0    
   9000     39418.27    3.7472     2.277      1.9954     1.1858     0.3049     0.0056     2.8393   1544003.4388  45000.75   7641.45    -8929.0   -8910.539    18.577      0.0    
   9100     39849.4     3.7533     2.2773     2.0141     1.1984     0.2773     0.0062     2.8313   2113056.3922  45034.02   7646.54    -8934.0   -8914.932    18.587      0.0    
   9200     40277.25    3.743      2.2738     1.9997     1.188      0.3168     0.0058     2.7213   824078.5208  45021.8    7647.29    -8921.0   -8902.359    18.605      0.0    
   9300     40705.06    3.7413     2.2714     2.0028     1.1912     0.2723     0.0057     2.7327   80933.2723  44992.04   7644.09    -8931.0   -8912.663    18.504      0.0    
   9400     41131.67    3.7493     2.2808     2.007      1.2006     0.3901     0.0061     2.7085   1670940.5481  45039.76   7642.13    -8929.0   -8910.972    18.505      0.0    
   9500     41559.17    3.7517     2.2792     1.9994     1.1966     0.2983     0.0057     2.6442   457157.7886  45042.11   7641.83    -8933.0   -8914.519    18.596      0.0    
   9600     41989.72    3.7522     2.2824     2.0034     1.1936     0.3515     0.006      2.5668   135661.0894  45037.9    7634.75    -8925.0   -8906.773    18.619      0.0    
   9700     42416.86    3.7514     2.282      2.0063     1.1974     0.2178     0.0059     2.5827   741662.1138  44992.9    7646.64    -8934.0   -8915.694    18.649      0.0    
   9800     42842.28    3.7434     2.2717     1.9808     1.1804     0.3331     0.0055     2.7023   148344.3737  44967.09   7641.41    -8919.0   -8900.665    18.462      0.0    
   9900     43269.77    3.7511     2.2762     2.0035     1.189      0.2949     0.0055     2.8246   669986.1198  44989.73   7628.37    -8924.0   -8905.273    18.63       0.0    
  10000     43695.13    3.7525     2.2759     1.9964     1.1886     0.3097     0.0059     2.9715   1042263.668  45016.89   7636.49    -8917.0   -8898.774    18.521      0.0    
  10100     44125.86    3.7575     2.2837     1.9972     1.1878     0.2525     0.0062     2.736    776437.3031  45006.93   7634.05    -8920.0   -8901.321    18.581      0.0    
  10200     44552.25    3.754      2.2798     1.9841     1.1828     0.3482     0.006      2.7189   1919590.5768  44993.42   7634.54    -8929.0    -8910.18    18.531      0.0    
  10300     44976.37    3.7517     2.2751     2.0027     1.184      0.2785     0.0059     2.6744   483088.4677  44989.65    7628.8    -8922.0   -8903.461    18.522      0.0    
  10400     45404.57    3.7426     2.2752     1.993      1.1894     0.2668     0.0059     2.6993   551986.1424  45000.56   7630.71    -8919.0   -8900.392    18.532      0.0    
  10500     45833.77    3.7537     2.2814     1.9856     1.1868     0.3069     0.0063     2.7624   881546.3832  45048.13   7641.98    -8927.0   -8908.199    18.498      0.0    
  10600     46260.04    3.7479     2.2758     1.9655     1.1712     0.307      0.006      2.4917   1283049.3936  44997.26   7633.03    -8926.0   -8907.876    18.545      0.0    
  10700     46685.23    3.7561     2.2816     1.9905     1.1892     0.4065     0.0057     2.6661   272294.8413  45036.52   7630.52    -8911.0   -8892.642    18.533      0.0    
  10800     47112.31    3.7621     2.2837     1.9817     1.182      0.3552     0.0054     2.9031   480667.6628  44999.88   7642.06    -8918.0   -8899.746    18.505      0.0    
  10900     47543.42    3.7589     2.2812     1.9815     1.1808     0.3366     0.0054     2.7913   704069.0473  44999.92   7627.61    -8921.0   -8902.905    18.549      0.0    
  11000     47972.13    3.7498     2.2775     1.9874     1.1866     0.2892     0.0057     2.645    849295.1742  45029.17   7631.37    -8917.0   -8898.526    18.62       0.0    
  11100     48399.59    3.7495     2.2787     1.9735     1.1808     0.3215     0.0055     2.4621   1497667.9718  44998.96   7636.03    -8913.0   -8894.386    18.685      0.0    
  11200     48826.61    3.7533     2.2794     1.9908     1.1908     0.238      0.0058     2.4519   312402.7737  44974.2    7638.76    -8917.0   -8898.136    18.621      0.0    
  11300     49254.0     3.7445     2.2722     1.9839     1.1788     0.2696     0.0062     2.5017   2060180.0107  44993.34   7623.24    -8918.0   -8899.481    18.678      0.0    
  11400     49682.91    3.7573     2.2837     1.9719     1.1792     0.2765     0.006       2.56    1168713.526  45008.69   7633.38    -8919.0   -8900.076    18.437      0.0    
  11500     50108.67    3.7485     2.277      1.9941     1.1944     0.346      0.0061     2.6577   579664.1356  45019.45   7631.67    -8918.0   -8899.619    18.547      0.0    
  11600     50536.88    3.7526     2.2809     1.9932     1.1852     0.3056     0.0053     2.6509   1771445.9799  45007.98   7631.82    -8916.0   -8897.524    18.625      0.0    
  11700     50963.86    3.7474     2.272      1.9817     1.182      0.2621     0.0056     2.8364   439634.3954  44974.53   7629.76    -8924.0   -8905.132    18.531      0.0    
  11800     51392.54    3.7457     2.2707     1.958      1.1658     0.3293     0.0058     2.8621   53666.2623  44981.51    7635.5    -8912.0   -8893.194    18.418      0.0    
  11900     51820.58    3.751      2.2716     1.9728     1.1678     0.233      0.0062     2.8445   830843.6172  44996.48   7618.89    -8916.0    -8897.09    18.518      0.0    
  12000     52250.97    3.7547     2.2783     1.9821     1.1774     0.3769     0.0052     2.7136   269096.5264  45026.79   7630.65    -8918.0   -8899.931    18.379      0.0    
[ 0.62958501 -0.46206516  0.64491667  0.40077124  0.85801573  0.87306147
  1.15846089 -0.04256735  0.10192658  0.75342254 -0.9105275   0.21346013
  0.88018511  0.29759869  0.37148698 -0.6813368  -0.27350425 -0.22774494
 -0.12736606  0.24284886]
[ 1.68266425  1.5859205   1.13475115  0.42905913  0.95528484  1.32254826
  1.41538234  1.68998495  0.80870218  1.40741996  1.40373528  1.36009951
  0.03845658  0.82769804  0.6054147   1.07491396  0.77883885 -0.45027312
  0.18604507  0.00509026]
[ 0.84861174 -0.08762009  0.38836615  1.0047167   0.66822501  0.5246221
  0.41638454  1.84392409  0.81166596  1.29072687  0.68734211  0.23243135
  1.02497965  0.92769655  1.27993597  1.05093692  1.67889734 -0.32931514
  1.19890727  1.95398306]
