Generating synthetic count valued data ... 
Generating synthetic  count valued data took:  10.957341194152832
max_count =  24  min count =  0
Using  0.2  of training data 
Tensor dimensions:  [50, 50, 50]
Optimization metrics: 
Using Ada Grad
Mean update scheme:  S
Covariance update :  N
k1 samples =  64  k2 samples =  64
eta =  1  cov eta =  1  sigma eta =  1
iteration |   time   |test_rsme |train_rsme|  d_mean  |   d_cov  | test_nll | train_nll     dw   
   100       109.16     3.9596     3.9819     0.2842     0.226     57909.63   46727.95    0.0001  
   200       360.1      4.001      4.0268     0.2301     0.1538    56414.53   45526.1     0.0001  
   300       610.74     4.0296     4.0596     0.2057     0.1197    55389.83   44701.99    0.0001  
   400       861.34     4.0546     4.0838     0.1667     0.0934    54633.57   44092.55    0.0001  
   500      1111.87     4.0772     4.1061     0.1516     0.0768    54046.62   43618.25     0.0    
   600      1362.49     4.0912     4.1208     0.1409     0.0672    53575.76   43237.39     0.0    
   700      1614.44     4.1042     4.1365     0.1418     0.0578    53189.6    42924.42     0.0    
   800      1865.19     4.1193     4.1478     0.1249     0.0512    52869.56   42665.33     0.0    
   900      2113.91     4.1267     4.1582     0.1305     0.0467    52602.76   42449.02     0.0    
   1000      2361.9     4.1337     4.1633     0.1195     0.0413    52373.41   42263.24     0.0    
   1100     2609.94     4.1313      4.16      0.1378     0.0379    52164.33   42094.04     0.0    
   1200     2858.57     4.1153     4.1464     0.1315     0.035     51941.47   41914.64     0.0    
   1300     3107.51     4.0737     4.1053     0.1361     0.0311    51678.4    41703.66     0.0    
   1400     3356.88     4.003      4.0314     0.1479     0.0301    51340.19   41433.38     0.0    
   1500     3607.52     3.883      3.9073     0.1588     0.0287    50924.62   41101.2      0.0    
   1600     3856.83     3.6999     3.7273     0.1608     0.0264    50468.48   40735.59     0.0    
   1700     4105.71     3.4511     3.4783     0.1586     0.0248    50029.41   40380.62     0.0    
   1800     4354.35     3.1508     3.1717     0.1602     0.0236    49615.15   40044.69     0.0    
   1900     4603.26     2.8145     2.8451     0.158      0.0224    49278.51   39782.71     0.0    
   2000     4851.98     2.5249     2.5451     0.1625     0.0211    49179.55   39723.9      0.0    
   2100      5100.9     2.3685     2.4025     0.1582     0.0191    49581.23   40059.14     0.0    
   2200     5352.87     2.4704     2.5045     0.1586     0.0179    50475.62   40781.77     0.0    
   2300     5602.26      2.84      2.8737     0.152      0.0167    51711.97   41783.4      0.0    
   2400     5851.67     3.4384     3.4754     0.1471     0.0158    53175.88   42975.96     0.0    
   2500     6101.28     4.2115     4.2346     0.175      0.0154    54634.19   44176.06     0.0    
   2600     6350.99     5.0321     5.0797     0.1347     0.0142    55768.53   45111.39     0.0    
   2700     6600.98     5.9246     5.9621     0.1354     0.0141    56434.67   45639.07     0.0    
   2800     6851.28     6.8154     6.8616     0.1573     0.0139    56672.45   45818.72     0.0    
   2900     7104.08     7.7986     7.8564     0.1353     0.013     56684.23   45811.76     0.0    
   3000     7354.53     8.7256     8.8001     0.1259     0.0126    56269.6    45474.91     0.0    
   3100     7604.54     9.6617     9.7368     0.205      0.0124    56127.04   45359.96     0.0    
   3200     7854.33    10.6242    10.7165     0.1292     0.0119    56339.02   45518.53     0.0    
   3300     8105.57    11.6196    11.7226     0.1855     0.0121    56977.29   46043.28     0.0    
   3400     8355.97    12.5243    12.6237     0.1985     0.0118    58245.4    47072.09     0.0    
   3500      8606.5    13.4061    13.5123     0.1161     0.0106    59673.79   48251.97     0.0    
   3600      8858.5    14.3086    14.4448     0.1958     0.0103    62026.66   50207.35     0.0    
   3700      9108.3    15.2143    15.3703     0.1523     0.0104    64865.1    52531.87     0.0    
   3800     9356.94    16.0579    16.1834     0.133      0.0101    67814.84   54958.88     0.0    
   3900     9605.23    16.8974    17.0277     0.1658      0.01     70436.34   57112.38     0.0    
   4000     9853.51    17.6997    17.8345     0.1437     0.0098    72393.4    58691.65     0.0    
Using  0.4  of training data 
Tensor dimensions:  [50, 50, 50]
Optimization metrics: 
Using Ada Grad
Mean update scheme:  S
Covariance update :  N
k1 samples =  64  k2 samples =  64
eta =  1  cov eta =  1  sigma eta =  1
iteration |   time   |test_rsme |train_rsme|  d_mean  |   d_cov  | test_nll | train_nll     dw   
   100       108.61      3.92      3.929      0.2794     0.0879    59757.39   96537.72     0.0    
   200       420.0      3.9366     3.9444     0.226      0.0832    59066.55   95415.58     0.0    
   300       732.72     3.9518     3.962      0.2055     0.0763    58444.85   94407.4      0.0    
   400      1043.89     3.9661     3.9771     0.1788     0.0701    57883.74   93497.05     0.0    
   500      1355.78     3.9807      3.99      0.1685     0.0639    57376.21   92674.54     0.0    
   600      1667.44     3.9948     4.0056     0.1565     0.0567    56915.04   91927.03     0.0    
   700      1979.97     4.0058     4.0185     0.135      0.0566    56490.65   91239.47     0.0    
   800      2292.17     4.0185     4.0276     0.1471     0.0563    56103.28   90611.59     0.0    
   900      2606.46     4.0284     4.0399     0.1318     0.0479    55745.49   90031.14     0.0    
   1000     2918.61     4.0377     4.0529     0.1336     0.0434    55415.23   89495.36     0.0    
   1100     3231.02     4.0496     4.0655     0.1106     0.0422    55111.46   89002.16     0.0    
   1200     3542.96     4.0579     4.0717     0.1243     0.0373    54829.24   88543.9      0.0    
   1300     3854.27     4.0645     4.0782     0.1127     0.0397    54567.78   88119.08     0.0    
   1400     4164.62     4.0772     4.0909     0.105      0.0377    54322.46   87720.01     0.0    
   1500     4476.25     4.0842     4.0963     0.0981     0.0344    54095.38   87350.53     0.0    
   1600     4787.54     4.0892     4.1069     0.0973     0.0334    53883.25   87005.49     0.0    
   1700      5097.5     4.0986     4.1117     0.0981     0.0305    53686.02   86684.46     0.0    
   1800     5402.23     4.1063     4.1211     0.0926     0.0292    53499.76   86381.23     0.0    
   1900     5702.84     4.1119     4.128      0.0815     0.0276    53326.54   86099.01     0.0    
   2000     5995.86     4.1184     4.1336     0.0914     0.0261    53164.38   85834.74     0.0    
   2100     6287.41     4.1251     4.1407     0.0792     0.0263    53012.29   85586.87     0.0    
   2200     6581.51     4.1277     4.1462     0.0807     0.0248    52869.83   85354.61     0.0    
   2300      6876.1     4.1337     4.1495     0.0765     0.0236    52736.26   85136.8      0.0    
   2400     7170.94     4.1419     4.156      0.0852     0.0228    52611.36   84933.16     0.0    
   2500     7464.68     4.1438     4.1624     0.076      0.0224    52494.86   84743.25     0.0    
   2600     7757.68     4.1489     4.1646     0.0761     0.0225    52386.08   84565.73     0.0    
   2700     8050.84     4.1538     4.1705     0.0699     0.0198    52284.95   84400.77     0.0    
   2800     8335.37     4.1552     4.1742     0.0692     0.0182    52190.33   84246.55     0.0    
   2900      8620.1     4.1564     4.1756     0.0801     0.0187    52097.87   84095.97     0.0    
   3000     8898.88     4.1605     4.1757     0.0757     0.0179    52003.5    83942.48     0.0    
   3100      9173.9     4.1543     4.1701     0.0878     0.0173    51890.69   83760.08     0.0    
   3200     9443.32     4.1383     4.1533     0.0855     0.017     51737.82   83513.88     0.0    
   3300     9715.02     4.1132     4.1259     0.0822     0.0167    51534.85   83188.19     0.0    
   3400     9984.94     4.0716     4.0871     0.0791     0.0162    51274.38   82771.22     0.0    
   3500     10255.17    4.0238     4.0361     0.0843     0.0169    50961.96   82271.71     0.0    
   3600     10525.14     3.96      3.9741     0.0757     0.0155    50594.97   81685.43     0.0    
   3700     10798.34    3.8861     3.9009     0.0727     0.015     50185.19   81031.3      0.0    
   3800     11070.51    3.801      3.8139     0.0725     0.0138    49725.59   80297.68     0.0    
   3900     11346.79    3.7011     3.7121     0.0861     0.0137    49233.92   79511.31     0.0    
   4000     11619.23    3.5937     3.6019     0.0839     0.0136    48709.97   78673.17     0.0    
Using  0.6  of training data 
Tensor dimensions:  [50, 50, 50]
Optimization metrics: 
Using Ada Grad
Mean update scheme:  S
Covariance update :  N
k1 samples =  64  k2 samples =  64
eta =  1  cov eta =  1  sigma eta =  1
iteration |   time   |test_rsme |train_rsme|  d_mean  |   d_cov  | test_nll | train_nll     dw   
   100       93.83      3.9205     3.9219     0.2891     0.0665    59985.49  144786.43     0.0    
   200       417.89     3.9273     3.9354     0.2244     0.0593    59468.91  143534.92     0.0    
   300       742.07     3.9464     3.9468     0.2084     0.0577    58980.21   142352.0     0.0    
   400      1065.58     3.9514     3.9588     0.1753     0.0525    58522.08  141244.74     0.0    
   500      1390.32     3.9651     3.9699     0.162      0.0514    58090.31  140201.01     0.0    
   600      1714.79     3.9709     3.9805     0.1609     0.0505    57686.02  139223.93     0.0    
   700      2038.48     3.9845     3.9911     0.1589     0.0453    57303.14  138299.46     0.0    
   800      2361.96     3.9948     4.0009     0.1357     0.0451    56946.32  137437.11     0.0    
   900      2685.21     4.0062     4.0121     0.1358     0.0427    56604.25  136611.35     0.0    
   1000     3008.84     4.0142     4.0208     0.1137     0.0417    56284.95  135840.03     0.0    
   1100     3334.86     4.0195     4.0317     0.1171     0.0404    55981.86   135107.8     0.0    
   1200     3658.54     4.0392      4.04      0.1215     0.0383    55698.52  134423.49     0.0    
   1300     3981.86     4.0409     4.048      0.1057     0.0373    55431.71  133778.57     0.0    
   1400     4305.64     4.0501     4.0583     0.1044     0.0348    55176.99  133162.62     0.0    
   1500     4629.36     4.0577     4.065      0.1001     0.0332    54936.47   132581.1     0.0    
   1600     4952.96     4.0681     4.0713     0.1061     0.0326    54708.19  132028.58     0.0    
   1700      5277.6     4.0766     4.0794     0.0941     0.0295    54494.75  131511.75     0.0    
   1800     5601.43     4.0825     4.0888     0.099      0.0326    54292.24   131021.8     0.0    
   1900      5924.9     4.0895     4.0949     0.0837     0.0286    54099.09  130554.23     0.0    
   2000     6249.23     4.0945     4.1018     0.0872     0.0277    53916.63  130112.19     0.0    
   2100     6572.64     4.098      4.1091     0.082      0.0274    53743.47  129692.26     0.0    
   2200     6897.83     4.1048     4.1134     0.0842     0.0257    53579.27  129294.36     0.0    
   2300     7221.18     4.1091     4.1196     0.0779     0.0243    53423.14  128915.97     0.0    
   2400     7544.87     4.1183     4.1264     0.0755     0.024     53275.09  128557.04     0.0    
   2500     7868.23     4.121      4.131      0.0797     0.0227    53134.97  128216.94     0.0    
   2600     8191.74     4.1303     4.1368     0.0721     0.0215    53001.49  127892.96     0.0    
   2700     8515.36     4.1357     4.1418     0.0735     0.0216    52874.85  127585.69     0.0    
   2800     8843.38     4.1376     4.1465     0.0718     0.0203    52755.51  127295.79     0.0    
   2900      9174.0     4.1443     4.1517     0.0698     0.0201    52641.64   127019.4     0.0    
   3000      9504.9     4.1479     4.1561     0.0705     0.0192    52534.3   126758.75     0.0    
   3100     9836.53     4.1521     4.1595     0.061      0.0193    52432.34  126511.08     0.0    
   3200     10167.17    4.1568     4.1645     0.0662     0.0177    52337.22  126280.23     0.0    
   3300     10499.27    4.1617     4.1687     0.0695     0.0181    52246.61  126060.14     0.0    
   3400     10823.8     4.162      4.1722     0.0694     0.0189    52161.1   125852.29     0.0    
   3500     11162.76    4.1679     4.1761     0.0594     0.016     52080.96  125657.63     0.0    
   3600     11561.86    4.1713     4.1784     0.0646     0.0165    52005.46  125474.04     0.0    
   3700     11894.01    4.1749     4.183      0.0646     0.0166    51933.63   125299.4     0.0    
   3800     12219.03    4.1765     4.1874     0.0557     0.0154    51866.64  125136.53     0.0    
   3900     12547.45    4.1806     4.1894     0.0553     0.0151    51803.31   124982.4     0.0    
   4000     12874.09    4.1861     4.1917     0.0522     0.0155    51744.27  124838.75     0.0    
Using  0.8  of training data 
Tensor dimensions:  [50, 50, 50]
Optimization metrics: 
Using Ada Grad
Mean update scheme:  S
Covariance update :  N
k1 samples =  64  k2 samples =  64
eta =  1  cov eta =  1  sigma eta =  1
iteration |   time   |test_rsme |train_rsme|  d_mean  |   d_cov  | test_nll | train_nll     dw   
   100       96.32      3.9144     3.9192     0.278      0.0517    60078.5   193532.61     0.0    
   200       483.74     3.9258     3.9303     0.2211     0.0522    59636.64  192107.47     0.0    
   300       873.04     3.942      3.9379     0.1948     0.0482    59216.55  190753.17     0.0    
   400      1257.59     3.9506     3.9497     0.1857     0.0468    58816.11   189462.4     0.0    
   500      1637.17     3.9549     3.9592     0.1757     0.0445    58431.61  188223.27     0.0    
   600       2016.9     3.9649     3.9696     0.1652     0.0435    58064.14  187038.67     0.0    
   700      2403.62     3.9736     3.9803     0.1422     0.0413    57713.01  185906.51     0.0    
   800      2794.69     3.9833     3.9888     0.1429     0.039     57382.26  184840.68     0.0    
   900      3185.38     3.9935     3.9982     0.1267     0.0382    57066.07  183821.51     0.0    
   1000     3575.31     4.0014     4.0068     0.1268     0.0374    56764.6   182849.62     0.0    
   1100      3965.5     4.0118     4.0157     0.1189     0.0355    56479.52  181930.25     0.0    
   1200     4355.75     4.0212     4.0258     0.1075     0.0326    56208.28  181055.43     0.0    
   1300     4744.09     4.0269     4.0318     0.1145     0.035     55949.07   180219.4     0.0    
   1400     5134.26     4.035      4.0404     0.1018     0.0314    55702.21  179422.32     0.0    
   1500     5524.93     4.0426     4.0506     0.0977     0.0318    55466.11  178660.15     0.0    
   1600     5915.69     4.0509     4.0544     0.0951     0.0298    55240.46  177931.31     0.0    
   1700     6307.14     4.0613     4.0629     0.0975     0.0294    55024.57  177233.79     0.0    
   1800     6694.61     4.0675     4.071      0.0968     0.0279    54818.76  176568.71     0.0    
   1900     7077.71     4.0732     4.0766     0.0899     0.028     54622.17  175933.43     0.0    
   2000     7456.62     4.0802     4.0833     0.0886     0.0269    54434.23  175325.48     0.0    
   2100     7841.68     4.0846     4.0909     0.0955     0.0258    54254.33  174743.68     0.0    
   2200     8224.89     4.0884     4.095      0.0854     0.024     54082.0   174186.46     0.0    
   2300     8602.82     4.0973     4.1004     0.0794     0.0236    53918.19   173656.2     0.0    
   2400     8981.23     4.0996     4.1088     0.0856     0.0242    53761.04  173147.43     0.0    
   2500     9363.09     4.1068     4.1139     0.0748     0.0226    53611.61  172663.26     0.0    
   2600     9740.99     4.1147     4.119      0.0729     0.022     53468.85  172200.99     0.0    
   2700     10121.52    4.1179     4.1253     0.081      0.0224    53331.87  171757.39     0.0    
   2800     10498.44    4.1212     4.1298     0.0747     0.0209    53201.98  171336.09     0.0    
   2900     10878.47    4.128      4.1353     0.0742     0.0197    53077.77  170933.38     0.0    
   3000     11263.65    4.1341      4.14      0.0727     0.0194    52958.69  170547.39     0.0    
   3100     11641.44    4.1387     4.145      0.0754     0.0193    52844.93  170178.55     0.0    
   3200     12020.32    4.1418     4.1495     0.0717     0.0198    52737.15   169828.9     0.0    
   3300     12398.66    4.1451     4.1524     0.0716     0.0177    52633.73  169493.35     0.0    
   3400     12777.95    4.1484     4.1563     0.0666     0.0176    52535.36  169173.96     0.0    
   3500     13158.38    4.1561     4.1606     0.0719     0.0166    52441.78  168870.32     0.0    
   3600     13540.7     4.1566     4.1644     0.0651     0.0174    52352.47  168580.45     0.0    
   3700     13932.97    4.1586     4.1684     0.0616     0.0169    52267.97  168306.06     0.0    
   3800     14325.73    4.1685     4.1714     0.0551     0.0152    52187.63  168045.06     0.0    
   3900     14717.22    4.1687     4.1757     0.0687     0.0158    52110.23  167793.62     0.0    
   4000     15109.44    4.1712     4.179      0.0565     0.016     52037.71  167557.76     0.0    
Using  1  of training data 
Tensor dimensions:  [50, 50, 50]
Optimization metrics: 
Using Ada Grad
Mean update scheme:  S
Covariance update :  N
k1 samples =  64  k2 samples =  64
eta =  1  cov eta =  1  sigma eta =  1
iteration |   time   |test_rsme |train_rsme|  d_mean  |   d_cov  | test_nll | train_nll     dw   
   100       94.19      3.9182     3.9272     0.2797     0.0458    60137.02  242267.29    0.0001  
   200       528.45     3.9219     3.9385     0.238      0.0415    59746.01  240692.21    0.0001  
   300       969.62     3.9376     3.9491     0.2007     0.0426    59368.05  239169.12     0.0    
   400      1400.72     3.9415     3.9563     0.1827     0.0417    59004.76  237704.94     0.0    
   500      1835.61     3.9539     3.9618     0.1599     0.0391    58655.04  236296.24     0.0    
   600      2267.18      3.96      3.9737     0.1596     0.0416    58319.87   234946.4     0.0    
   700       2699.5     3.9713     3.9834     0.1501     0.0397    57998.78   233654.9     0.0    
   800      3131.63     3.9767     3.9916     0.1236     0.0351    57693.15  232424.57     0.0    
   900      3563.94     3.9887     3.9967     0.1235     0.0369    57398.48  231238.49     0.0    
   1000     4013.92     3.9936     4.0074     0.1296     0.033     57116.7   230104.89     0.0    
   1100     4462.62     4.0041     4.0163     0.1118     0.0323    56846.2    229014.6     0.0    
   1200      4913.5     4.0083     4.0236     0.119      0.0333    56585.39  227962.97     0.0    
   1300     5366.22     4.0212     4.0309     0.1086     0.0314    56337.05  226962.04     0.0    
   1400     5816.86     4.0227     4.0397     0.1017     0.0322    56097.13  225994.32     0.0    
   1500      6272.1     4.0305     4.0458     0.1166     0.0303    55867.87  225070.07     0.0    
   1600     6727.29     4.0365     4.052      0.1001     0.0293    55648.68  224185.07     0.0    
   1700     7179.26     4.0454     4.0598     0.0949     0.0293    55436.79  223329.89     0.0    
   1800     7628.52     4.0508     4.0669     0.0997     0.0273    55234.31  222511.98     0.0    
   1900     8060.46     4.0591     4.0731     0.0949     0.0262    55039.32  221724.63     0.0    
   2000      8492.2     4.0665     4.0791     0.0987     0.026     54852.16  220967.89     0.0    
   2100     8924.77     4.0725     4.0873     0.0836     0.0244    54674.93  220251.36     0.0    
   2200     9354.92     4.0771     4.0929     0.0836     0.025     54500.96  219547.97     0.0    
   2300     9786.26     4.0853     4.0988     0.082      0.023     54335.88  218879.28     0.0    
   2400     10225.57    4.0889     4.1037     0.0835     0.0227    54177.17  218236.98     0.0    
   2500     10683.22    4.0949     4.1089     0.0855     0.0221    54024.87  217620.78     0.0    
   2600     11132.79    4.0973     4.1176     0.0893     0.0217    53879.23  217031.37     0.0    
   2700     11581.68    4.1031     4.1206     0.0784     0.0214    53738.42  216460.57     0.0    
   2800     12045.62    4.1083     4.1262     0.0724     0.0216    53602.3   215909.17     0.0    
   2900     12516.31    4.1155     4.1305     0.0725     0.0204    53472.5   215382.91     0.0    
   3000     12981.4     4.1182     4.1339     0.0763     0.0203    53347.07  214874.56     0.0    
   3100     13448.57    4.1245     4.1399     0.0715     0.0202    53226.53   214386.0     0.0    
   3200     13915.75    4.1285     4.1437     0.0681     0.0186    53111.81   213921.0     0.0    
   3300     14381.93    4.1326     4.1494     0.0732     0.0178    53002.23  213476.77     0.0    
   3400     14849.72    4.1369     4.1529     0.0681     0.0176    52895.84   213045.4     0.0    
   3500     15315.18    4.1418     4.1572     0.0657     0.0173    52794.11   212633.1     0.0    
   3600     15782.04    4.146      4.1599     0.058      0.0168    52696.65  212238.04     0.0    
   3700     16248.09    4.1463     4.1647     0.067      0.0169    52603.51  211860.36     0.0    
   3800     16716.3     4.1509     4.1688     0.0619     0.0166    52514.18  211498.34     0.0    
   3900     17180.94    4.159      4.1724     0.0602     0.0163    52428.55  211150.99     0.0    
   4000     17633.42    4.1612     4.1751     0.0567     0.0155    52346.75  210819.46     0.0    
