Generating synthetic count valued data ... 
Generating synthetic  count valued data took:  10.48697018623352
max_count =  24  min count =  0
Using  0.2  of training data 
Tensor dimensions:  [50, 50, 50]
Optimization metrics: 
Using Ada Grad
Mean update scheme:  S
Covariance update :  N
k1 samples =  64  k2 samples =  64
eta =  1  cov eta =  0.001  sigma eta =  1
iteration |   time   |test_rsme |train_rsme|  d_mean  |   d_cov  | test_nll | train_nll     dw   
   100       459.53     3.976      3.9976     0.2821     0.3429    58024.14   46818.86     0.0    
   200      1039.62     4.0259     4.0521     0.2209     0.3045    56809.04   45838.2      0.0    
   300      1621.78     4.0573     4.0853     0.1836     0.304     56031.74   45215.26     0.0    
   400      2203.04     4.0808     4.109      0.1717     0.307     55529.15   44808.26     0.0    
   500      2770.85     4.1012     4.1282     0.1433     0.3218    55122.55   44478.38     0.0    
   600      3355.06     4.1227     4.1475     0.1428     0.3437    54804.02   44219.91     0.0    
   700      3941.11     4.1395     4.171      0.1329     0.3789    54545.78   44010.25     0.0    
   800      4529.07     4.159      4.1849     0.1173     0.4142    54323.38   43829.24     0.0    
   900      5112.05     4.1744     4.2016     0.1062     0.4585    54139.99   43679.72     0.0    
   1000     5699.99     4.1957     4.2241     0.1177     0.5019    53984.96   43552.25     0.0    
   1100     6285.21     4.2114     4.2366     0.1071     0.5347    53850.9    43442.5      0.0    
   1200     6868.41     4.2287     4.2533     0.1017     0.6434    53732.86   43345.36     0.0    
   1300     7445.56     4.2473     4.273      0.0985     0.6927    53635.02   43264.73     0.0    
   1400     8024.64     4.2703     4.2935     0.1025     0.8534    53546.6    43191.28     0.0    
   1500     8602.34     4.2932     4.3175     0.1031     0.9879    53471.05   43127.47     0.0    
   1600     9168.13     4.3169     4.3409     0.1016     1.1716    53411.38   43076.58     0.0    
   1700     9674.18     4.3468     4.3702     0.0911     1.3709    53355.92   43028.59     0.0    
   1800     10168.37    4.3788     4.402      0.0878     1.8502    53321.23   42997.11     0.0    
   1900     10662.25    4.4137     4.4373     0.0837     2.0987    53300.65   42977.05     0.0    
   2000     11156.05    4.4609     4.4853     0.0837     2.9611    53293.22   42966.48     0.0    
   2100     11649.68    4.519      4.5353     0.0965     3.6258    53300.35   42967.22     0.0    
   2200     12144.35    4.5826     4.6001     0.0885     5.1587    53327.53   42982.87     0.0    
   2300     12712.07    4.6674     4.6825     0.0832     9.0715    53383.86   43020.06     0.0    
   2400     13283.66    4.7752     4.7833     0.0832    13.9991      nan        nan        0.0    
   2500     13854.28    4.9143     4.9375     0.0825     25.23       nan        nan        0.0    
   2600     14417.54    5.1456     5.1623     0.1048    138.1569     nan        nan        0.0    
   2700     14951.7     5.6114     5.5916     0.1065   4177.9822     nan        nan        0.0    
   2800     15488.54    7.2404     7.2409     0.1184   8990.4962     nan        nan        0.0    
   2900     15996.7      inf        inf       0.1541   21068.5775    nan        nan        0.0    
