Generating synthetic binary valued data ... 
Generating synthetic  binary valued data took:  100.69095468521118
Evaluation for true params: 
 test_rsme | train_rsme | rel-te-err | rel-tr-err |  test_nll  |  train_nll |
0.7942417768 0.7951603612   0.157705     0.15807      139888.4    559780.31  
Using  0.05 of training data
Factorizing with max_iteration = 12000  fixing covariance?:  False
Tensor dimensions:  [100, 100, 100]
Optimization metrics: 
Using Ada Grad
Mean update scheme:  S
Covariance update :  N
Using diagonal covariance?:  False
Random start? True
k1 samples =  32  k2 samples =  128
eta =  1.0  cov eta =  1.0  sigma eta =  1
iteration |   time   |test_rsme |rel-te-err|train_rsme|rel-tr-err|   d_mean  |   d_cov  |avg_grad_m|avg_grad_c| test_nll | train_nll |    VLB   |  E-term  |    KL     |   dw   |
    0         1.91      1.4127     0.4989     1.4138     0.4997     2.2361     0.5452     0.0729     0.1345   138837.35   27760.73   -34029.0  -34005.261   24.137     0.029   
    5        493.57     1.4169     0.5019     1.4117     0.4982     2.2361     0.5452     0.9453     1.4698   139005.58   27794.75   -34009.0  -33986.305    22.7      0.0006  
    10       988.79     1.4157     0.5011     1.4142      0.5       2.2361     0.5452     1.8047     2.8435   139122.89   27790.64   -34102.0  -34080.417   21.324     0.0002  
    20       1497.5     1.4178     0.5026     1.409      0.4963     2.2361     0.5452     3.6094     5.7715   139609.03   27843.5    -34371.0  -34352.257   18.94      0.0002  
    50      2062.14     1.3979     0.4886     1.3825     0.4778     2.2361     0.5452    10.1804    17.1699   140023.72   27775.78   -34887.0  -34871.684   15.279      0.0    
   100      2716.56     1.116      0.3114     1.1058     0.3057     2.2361     0.5634    40.4696    51.8692   123761.18   24418.08   -31490.0  -31477.175   12.645     0.0002  
   200      3545.32     1.0188     0.2595     0.994      0.247      2.2345     0.1575    47.9628    63.7236   108607.46   20985.23   -26729.0  -26720.176   8.771       0.0    
   300      4371.68     0.9358     0.2189     0.9205     0.2118     2.1753     0.0794    46.1407    76.6884    102450.7   19717.9    -25159.0  -25146.93    12.54       0.0    
   400      5197.75     0.9193     0.2113     0.8968     0.201      2.1357     0.0653    36.0582    58.7765    93039.88   17624.79   -22405.0  -22396.118   8.592       0.0    
   500      6019.95     0.919      0.2111     0.9031     0.2039     2.0814     0.0678     28.87     67.1084    92315.22   17581.79   -22389.0  -22379.848   9.316       0.0    
   600      6842.24     0.9066     0.2055     0.8844     0.1956     2.0945     0.0582    27.3303    64.5398    90596.65   17008.47   -21725.0  -21715.006   10.266      0.0    
   700      7663.13     0.9122     0.208      0.8845     0.1956     1.7823     0.0475    25.0682    63.4653    90691.04   16924.74   -21635.0  -21624.901   9.903       0.0    
   800      8484.61     0.9092     0.2067     0.8796     0.1934     1.9025     0.0442    25.1634    65.7331    89567.34   16712.72   -21435.0  -21427.055   8.112       0.0    
   900      9307.28     0.9153     0.2095     0.8819     0.1945     1.7944     0.0413    24.1403    64.4003    89553.48   16561.2    -21295.0  -21286.285   9.118       0.0    
   1000     10128.83    0.904      0.2043     0.8708     0.1896     1.6971     0.0341    23.8043    66.5703    88939.97   16422.92   -21142.0  -21132.586   9.086       0.0    
   1100     10950.2     0.9056     0.205      0.8645     0.1868     1.5824     0.0324    23.6776    65.7107    89301.0    16222.92   -20926.0  -20916.623   8.943       0.0    
   1200     11771.72    0.9018     0.2033     0.8615     0.1855     1.3547     0.0299    23.5853    68.6975    88570.7    16119.49   -20846.0  -20838.176   8.015       0.0    
   1300     12593.15    0.9076     0.206      0.856      0.1832     1.4116     0.028     22.8456    69.3287    88495.98   15987.36   -20692.0  -20683.143   8.959       0.0    
   1400     13414.85    0.8979     0.2015     0.854      0.1823     1.2374     0.0299    22.2608    70.0201    88037.27   15805.13   -20473.0  -20464.113   8.948       0.0    
   1500     14237.84    0.9098     0.2069     0.8475     0.1795     1.5321     0.0205    21.7047    69.4948    88472.45   15876.45   -20561.0  -20552.937   8.494       0.0    
   1600     15059.55    0.9031     0.2039     0.8516     0.1813     1.5565     0.0209    22.4988    71.8697    88684.29   15793.36   -20496.0  -20487.198   9.276       0.0    
   1700     15879.32    0.8997     0.2024     0.8484     0.1799     1.2197     0.0187    22.6797    71.5872    88518.99   15756.86   -20470.0  -20459.76    9.899       0.0    
   1800     16701.32    0.9074     0.2058     0.8487     0.1801     1.3205     0.0186    23.1663    72.1208    88499.82   15634.76   -20386.0  -20375.862   10.208      0.0    
   1900     17523.71    0.9044     0.2045     0.849      0.1802     1.4128     0.0247    22.8661    73.4337    88544.04   15571.04   -20276.0  -20265.955   9.571       0.0    
   2000     18344.06    0.9055     0.205      0.8464     0.1791     1.4046     0.0181    23.0081    76.4697    88604.93   15584.97   -20351.0  -20340.939   9.621       0.0    
   2100     19164.35    0.9089     0.2065     0.8415     0.177      1.4705     0.017     23.6333    76.0488    88672.7    15528.28   -20224.0  -20214.434   9.518       0.0    
   2200     19986.76    0.904      0.2043     0.8387     0.1759     1.4202     0.0154    23.4857    75.8313    88343.12   15386.19   -20066.0  -20056.379   10.001      0.0    
   2300     20807.95    0.906      0.2052     0.8374     0.1753     1.1199     0.0127    21.7134    77.8045    88285.4    15351.96   -20057.0  -20046.683    9.92       0.0    
   2400     21627.99    0.9077     0.206      0.8442     0.1782     1.0955     0.0173    22.9975     80.017    88599.18   15360.54   -20125.0  -20115.658   9.112       0.0    
   2500     22449.66    0.9009     0.2029     0.8385     0.1758     1.0031     0.0129    22.3982    78.6166    88404.43   15264.43   -19969.0  -19960.173   9.039       0.0    
   2600     23270.17    0.908      0.2061     0.8336     0.1737     0.9995     0.0135    22.0296    78.9832    88806.77   15247.76   -19946.0  -19936.421   9.349       0.0    
   2700     24091.98    0.9049     0.2047     0.8364     0.1749     1.0912     0.0177    22.0227    78.6592    88436.76   15232.92   -19961.0  -19951.453    9.22       0.0    
   2800     24912.78    0.9057     0.2051     0.8292     0.1719     1.1894     0.0118    22.0581     78.299    88758.87   15195.59   -19850.0  -19840.072   9.957       0.0    
   2900     25734.42    0.9039     0.2043     0.8343     0.174      1.2403     0.0109     23.474    80.4928    88859.99   15229.45   -19939.0  -19930.056   9.431       0.0    
   3000     26556.05    0.9037     0.2042     0.8316     0.1729     1.3446     0.0132    24.2365    80.2908    89035.88   15243.74   -19935.0  -19924.539   10.097      0.0    
   3100     27377.43    0.9012     0.203      0.8308     0.1726     0.9925     0.0117    23.5398    80.7468    88575.37   15117.87   -19805.0  -19795.228   9.379       0.0    
   3200     28200.28    0.9013     0.2031     0.8282     0.1715     0.9847     0.0107    21.4109     80.274    88335.19   15017.54   -19670.0  -19660.739   9.566       0.0    
   3300     29023.68    0.9077     0.206      0.8283     0.1715     0.8349     0.0097    22.4865    82.5089    88650.07   15113.76   -19803.0  -19792.997   10.08       0.0    
   3400     29846.14    0.9118     0.2079     0.8402     0.1765     1.1171     0.0108    24.5409    84.3123    89464.35   15216.49   -19953.0  -19943.41    9.515       0.0    
   3500     30668.4     0.9051     0.2048     0.8304     0.1724     1.4551     0.0091    24.6229    84.3122    89081.54   15070.61   -19748.0  -19737.915   9.934       0.0    
   3600     31491.8     0.9081     0.2062     0.8272     0.1711     0.9446     0.0109    23.7786    84.3878    89037.26   15034.15   -19778.0  -19767.611   10.033      0.0    
   3700     32313.08    0.9013     0.2031     0.8298     0.1722     0.9024     0.0088    23.0481    85.4384    88830.3    14995.82   -19700.0  -19690.85    9.404       0.0    
   3800     33134.47    0.9074     0.2059     0.8258     0.1705     1.0154     0.0095    23.0744     85.183    88928.92   14990.51   -19681.0  -19671.917   9.506       0.0    
   3900     33955.75    0.9032     0.2039     0.8282     0.1715     1.0538     0.0094    23.4818    85.4445    89084.71   14931.21   -19649.0  -19638.816   9.964       0.0    
   4000     34777.72    0.9058     0.2051     0.8249     0.1701     0.9132     0.0077    22.0429    85.0291    89140.18   14914.73   -19596.0  -19586.034   10.016      0.0    
   4100     35600.87    0.9048     0.2046     0.8199     0.1681     0.7683     0.0096    22.1898    85.8573    89075.31   14868.52   -19512.0  -19501.684   10.256      0.0    
   4200     36425.72    0.9017     0.2032     0.8224     0.1691     0.7909     0.0082    21.3176    85.3476    88869.26   14874.36   -19526.0  -19515.501   10.116      0.0    
   4300     37248.19    0.9031     0.2039     0.8232     0.1694     0.9281     0.0071    22.6199    84.3446    88924.12   14887.49   -19509.0  -19499.933   9.422       0.0    
   4400     38070.3     0.9037     0.2042     0.8238     0.1696     0.8681     0.0079    21.2974    85.2525    88793.35   14886.85   -19508.0  -19498.531   9.375       0.0    
   4500     38893.53    0.9036     0.2041     0.8232     0.1694     1.0455     0.0086    22.2609    85.8667    89059.26   14883.44   -19528.0  -19518.015   9.601       0.0    
   4600     39715.59    0.9063     0.2054     0.822      0.1689     0.9118     0.0065    22.2421    86.1273    89024.95   14841.12   -19495.0  -19485.139   9.907       0.0    
   4700     40538.18    0.9043     0.2045     0.8267     0.1708     0.8648     0.009     22.8427    88.3315    88992.65   14908.44   -19591.0  -19580.957   10.142      0.0    
   4800     41360.2     0.9043     0.2044     0.8224     0.1691     0.8626     0.0084    23.0698    89.3091    88726.27   14827.11   -19477.0  -19466.26    10.689      0.0    
   4900     42182.44    0.909      0.2066     0.8198     0.168      0.8118     0.0067     22.707    90.2822    88690.96   14815.93   -19457.0  -19445.932   11.084      0.0    
   5000     43004.17    0.9109     0.2074     0.8249     0.1701     1.0101     0.0096    23.2749    90.5333    89363.38   14856.83   -19482.0  -19471.545   10.325      0.0    
   5100     43827.21    0.9032     0.204      0.8188     0.1676     0.9156     0.0051    23.5702    87.9002    88715.54   14762.49   -19407.0  -19395.81    10.866      0.0    
   5200     44654.32    0.9041     0.2044     0.8172     0.1669     0.7027     0.0062    21.5005    87.1851    88772.87   14728.51   -19326.0  -19315.825   10.316      0.0    
   5300     45488.03    0.9054     0.2049     0.8196     0.1679     0.8154     0.0046    21.3852    88.5303    89044.06   14787.41   -19423.0  -19412.217   10.565      0.0    
   5400     46314.57    0.9068     0.2056     0.8227     0.1692     0.7205     0.0055     22.346    87.7614    89063.48   14777.07   -19408.0  -19397.432   10.545      0.0    
   5500     47137.41    0.902      0.2034     0.8225     0.1691     0.8274     0.0055    22.7499    87.6595    88962.71   14764.78   -19392.0  -19381.146   10.445      0.0    
   5600     47961.32    0.9039     0.2043     0.8188     0.1676     0.7739     0.0091    22.9631     86.319    88774.58   14720.12   -19302.0  -19291.37    10.536      0.0    
   5700     48784.86    0.9044     0.2045     0.8184     0.1674     0.6379     0.0069    22.3832    88.6614    88970.37   14751.91   -19370.0  -19359.088   10.603      0.0    
   5800     49612.79    0.9048     0.2047     0.8209     0.1684     0.8254     0.005     22.6073    89.7487    89068.55   14737.72   -19343.0  -19332.507    10.6       0.0    
   5900     50442.31    0.904      0.2043     0.8204     0.1683     0.8164     0.0049    22.1406    88.4501    88776.1    14729.97   -19326.0  -19315.548   10.642      0.0    
   6000     51272.44    0.9054     0.2049     0.8243     0.1698     0.9158     0.0091     23.021    88.6796    89471.57   14734.31   -19376.0  -19365.593   10.343      0.0    
   6100     52102.02    0.9085     0.2063     0.8247      0.17      0.6626     0.0073     23.123    89.1163    89295.67   14717.09   -19311.0  -19301.168   10.033      0.0    
   6200     52930.37    0.909      0.2066     0.8219     0.1689     0.8435     0.0054    24.3707    88.9226    89232.13   14788.52   -19407.0  -19396.282   10.426      0.0    
   6300     53760.24    0.9079     0.2061     0.8178     0.1672     0.8728     0.0054      22.4     88.8257    89207.4    14655.71   -19254.0  -19243.323   11.025      0.0    
   6400     54589.42    0.9079     0.2061     0.8176     0.1671     0.6872     0.0059    22.5295    89.8918    89260.15   14677.35   -19305.0  -19294.391   10.639      0.0    
   6500     55420.8     0.9072     0.2058     0.821      0.1685     0.6817     0.004     22.9227    90.5424    88916.85   14630.15   -19209.0  -19197.661   11.081      0.0    
   6600     56249.97    0.9031     0.2039     0.8224     0.1691     0.6579     0.005     22.2789    92.4576    89277.78   14670.96   -19256.0  -19245.75    10.659      0.0    
   6700     57075.83    0.9081     0.2061     0.8223     0.169      0.6774     0.0046    23.3928    91.1579    89449.61   14701.42   -19299.0  -19288.215   10.682      0.0    
   6800     57900.8     0.9066     0.2055     0.8177     0.1672     0.6685     0.0053    22.2099    92.0796    89093.22   14613.91   -19204.0  -19193.402   10.84       0.0    
   6900     58726.44    0.9045     0.2045     0.817      0.1669     0.965      0.0038     22.569     92.624    89593.72   14658.61   -19219.0  -19208.435   10.853      0.0    
   7000     59552.12    0.9084     0.2063     0.8143     0.1658     0.7313     0.0078    22.1167    91.0281    89320.86   14599.93   -19185.0  -19174.002   10.553      0.0    
   7100     60378.37    0.9071     0.2057     0.814      0.1656     0.7306     0.0052    22.4351    92.8636    89427.71   14614.67   -19189.0  -19178.074   11.41       0.0    
   7200     61203.8     0.9081     0.2062     0.8166     0.1667     0.9487     0.0044    23.0967    92.4467    89470.91   14631.77   -19253.0  -19241.878   11.498      0.0    
   7300     62029.21    0.9068     0.2056     0.818      0.1673     0.7643     0.011      23.444    92.6369    89377.66   14618.03   -19197.0  -19185.238   11.311      0.0    
   7400     62854.38    0.9071     0.2057     0.815      0.1661     0.8668     0.0043    22.7431    93.5797    89389.05   14589.34   -19176.0  -19164.746   11.043      0.0    
   7500     63684.53    0.9083     0.2063     0.819      0.1677     0.6141     0.0037    21.7141    93.1866    89300.34   14604.09   -19206.0  -19194.897   11.101      0.0    
   7600     64511.15    0.9113     0.2076     0.8165     0.1666     0.639      0.007     22.5609    94.0691    89641.22   14622.35   -19244.0  -19233.233   10.989      0.0    
   7700     65340.08    0.905      0.2047     0.8168     0.1668     0.8328     0.0059    22.8861    96.1102    89374.87   14553.5    -19143.0  -19132.357   11.116      0.0    
   7800     66167.86    0.9044     0.2045     0.8174     0.167      0.7035     0.0067    22.4603    93.8573    89220.34   14575.32   -19154.0  -19142.846   10.991      0.0    
   7900     66995.69    0.9069     0.2056     0.8156     0.1663     0.619      0.0051    22.6532    94.4696    89164.34   14544.61   -19107.0   -19095.8    11.078      0.0    
   8000     67824.75    0.9083     0.2062     0.8174     0.167      0.4986     0.0033    21.1216    96.1288    89237.46   14571.35   -19141.0  -19130.162   11.01       0.0    
   8100     68653.48    0.9072     0.2058     0.8232     0.1694     0.6547     0.0042    23.7723    96.7709    89762.26   14608.01   -19240.0  -19229.588   10.902      0.0    
   8200     69479.67    0.9056     0.205      0.8188     0.1676     0.9805     0.0052    23.4871    93.4746    89563.02   14608.2    -19216.0  -19205.587   10.894      0.0    
   8300     70303.69    0.9059     0.2052     0.8153     0.1662     0.8022     0.0042    23.8739    94.0365    89310.61   14568.15   -19145.0  -19134.189   10.531      0.0    
   8400     71128.79    0.9091     0.2066     0.8185     0.1675     0.6227     0.0045    22.2671    92.5075    89547.6    14549.36   -19132.0  -19121.707   10.555      0.0    
   8500     71955.47    0.9017     0.2033     0.8181     0.1673     0.6815     0.0041    22.8214    92.4143    89180.14   14562.4    -19104.0  -19093.073   10.685      0.0    
   8600     72780.96    0.9089     0.2065     0.8104     0.1642     0.7356     0.0035     22.455    92.3053    89381.8    14539.14   -19122.0  -19111.629   10.65       0.0    
   8700     73607.81    0.9071     0.2057     0.8149     0.166      0.5946     0.0033    22.4296    94.6326    89351.65   14514.29   -19097.0  -19086.445   10.478      0.0    
   8800     74433.87    0.9057     0.2051     0.8152     0.1661     0.6564     0.005     23.1102     94.368    89535.84   14545.28   -19119.0  -19108.224   10.959      0.0    
   8900     75261.46    0.9074     0.2058     0.8115     0.1646     0.7559     0.0046    22.5704    93.8245    89080.38   14467.73   -19014.0  -19002.789   11.579      0.0    
   9000     76088.31    0.9066     0.2055     0.8176     0.1671     0.6784     0.0038    21.6272    94.5477    89415.52   14535.97   -19106.0  -19094.679   11.238      0.0    
   9100     76914.69    0.9048     0.2047     0.8127     0.1651     0.6919     0.0035     22.173    94.3183    89491.55   14504.09   -19054.0  -19042.939   11.05       0.0    
   9200     77740.45    0.9068     0.2056     0.8121     0.1649     0.6561     0.0043    21.9655    93.1985    89425.97   14505.03   -19096.0  -19084.562   11.135      0.0    
   9300     78566.8     0.9081     0.2062     0.8161     0.1665     0.5429     0.0038    22.0569    93.7127    89594.42   14522.91   -19110.0  -19098.755   10.862      0.0    
   9400     79394.21    0.9077     0.206      0.816      0.1664     0.7109     0.0047    23.0001     94.919    89599.51   14529.47   -19091.0  -19080.063   10.911      0.0    
   9500     80218.7     0.9018     0.2033     0.8193     0.1678     0.6513     0.0027    23.2357    94.1565    89740.97   14503.57   -19087.0  -19076.118   10.482      0.0    
   9600     81044.53    0.9087     0.2064     0.8144     0.1658     0.6302     0.005     22.8074    92.4406    89801.48   14499.51   -19063.0  -19051.997   10.588      0.0    
   9700     81870.5     0.9079     0.2061     0.8153     0.1662     0.7975     0.0024    22.5395    95.2087    89597.32   14485.79   -19052.0  -19041.43    10.94       0.0    
   9800     82695.44    0.9052     0.2048     0.8136     0.1655     0.644      0.0039    22.6415    93.6362    89400.08   14452.46   -19028.0  -19016.705   11.014      0.0    
   9900     83521.68    0.9065     0.2054     0.8181     0.1673     0.6863     0.0028    22.3461     93.715    89439.57   14462.18   -19041.0   -19029.7    11.176      0.0    
  10000     84347.43    0.9048     0.2047     0.8172     0.1669     0.5594     0.0036     21.901    95.1326    89472.43   14455.37   -19014.0  -19003.216   11.263      0.0    
  10100     85173.52    0.9128     0.2083     0.816      0.1664     0.6203     0.0026    22.0333    94.2836    89647.24   14468.73   -19001.0  -18989.812   11.055      0.0    
