Generating synthetic binary valued data ... 
Generating synthetic  binary valued data took:  102.40058946609497
Evaluation for true params: 
 test_rsme | train_rsme | rel-te-err | rel-tr-err |  test_nll  |  train_nll |
0.7942417768 0.7951603612   0.157705     0.15807      139888.4    559780.31  
Using  0.05 of training data
Factorizing with max_iteration = 12000  fixing covariance?:  False
Tensor dimensions:  [100, 100, 100]
Optimization metrics: 
Using Ada Grad
Mean update scheme:  S
Covariance update :  N
Using diagonal covariance?:  False
Random start? True
k1 samples =  32  k2 samples =  128
eta =  1.0  cov eta =  1.0  sigma eta =  1
iteration |   time   |test_rsme |rel-te-err|train_rsme|rel-tr-err|   d_mean  |   d_cov  |avg_grad_m|avg_grad_c| test_nll | train_nll |    VLB   |  E-term  |    KL     |   dw   |
    0         2.06      1.4123     0.4986     1.4126     0.4988     2.2361     3.2861     0.0616     0.0302   138838.33   27758.81   -28712.0   -28688.5    23.329     0.3123  
    5        490.87     1.4161     0.5013     1.4105     0.4974     2.2361     3.2861     0.8612     0.723    138930.02   27782.96   -28703.0  -28681.763   21.461     0.0372  
    10       988.16     1.4153     0.5008     1.4148     0.5004     2.2361     3.2861     1.5822     1.3268   139035.74   27784.95   -28698.0  -28678.84    19.659     0.025   
    20      1503.45     1.4188     0.5033     1.4064     0.4945     2.2361     3.2861     3.0577     2.3094   139313.27   27814.33   -28696.0  -28678.62    16.889     0.0055  
    50      2077.09     1.4014     0.491      1.3948     0.4864     2.2361     409.53     7.7349     5.5477   138911.46   27690.37   -28649.0  -28637.366   11.678     0.0547  
   100      2728.07     1.2045     0.3627     1.1919     0.3552     2.2361     409.53    21.8154     24.437   131410.13   26157.25   -28315.0  -28290.746   23.881     0.1986  
   200      3496.93     1.0729     0.2878     1.0668     0.2845     2.2214   1060.2085   31.5749    49.5692   120419.88   23916.05   -27568.0  -27551.597   16.664      0.11   
   300      4281.34     0.9463     0.2239     0.9429     0.2223     2.1068   1060.1877   33.6709    20.4715    98645.17   19368.82   -25592.0  -25577.487   14.614     0.005   
   400      5095.55     0.935      0.2186     0.9263     0.2145     1.9747    250.0687   26.7848    17.4698    92886.19   18114.86   -25342.0  -25329.69    12.394     0.0027  
   500       5914.4     0.9095     0.2068     0.9035     0.2041     2.0027    133.7241   21.9999    14.9686    91884.97   17875.66   -25321.0  -25309.662   11.614     0.0005  
   600      6735.98     0.9221     0.2126     0.9092     0.2066     1.8744    460.5306   22.1968    24.9154    90250.45   17449.26   -25168.0  -25156.162   12.268     0.0024  
   700      7555.24     0.9146     0.2091     0.9027     0.2037     1.8506    531.7655   19.6698    13.7401    90109.35   17399.81   -25158.0  -25147.763   9.745      0.0003  
   800      8375.47     0.9053     0.2049     0.8883     0.1973     1.6636    36.6987    19.1607    13.0015    89103.87   17140.6    -25079.0  -25070.121   8.495      0.0013  
   900      9197.49     0.9062     0.2053     0.8858     0.1962     1.6521    26.1863     17.432    13.1972    88838.4    17049.65   -25067.0  -25057.347    9.28      0.0007  
   1000     10020.02    0.9017     0.2032     0.8884     0.1973     1.6467     26.643    17.4045    12.5962    88652.6    16989.53   -25075.0  -25066.807   7.777      0.0013  
   1100     10843.5     0.9042     0.2044     0.8798     0.1935     1.6151     3.4492    17.0964    13.5595    88814.24   16791.61   -25044.0  -25036.253   8.159      0.0006  
   1200     11664.09    0.8964     0.2009     0.8736     0.1908     1.7074     4.5173    16.6523    14.0205    87490.04   16519.2    -24867.0  -24859.826   7.204      0.0012  
   1300     12485.78    0.909      0.2066     0.8741     0.191      1.6605     2.3229    15.9282    12.9605    87710.81   16488.54   -24943.0  -24934.715   7.867      0.0006  
   1400     13308.31    0.8964     0.2009     0.8703     0.1894     1.5685     0.9585    16.0085    13.4519    87519.56   16371.58   -24832.0  -24824.378   7.804       0.0    
   1500     14131.3     0.9059     0.2052     0.8718      0.19      1.492      1.0215    15.8396    13.3788    88025.9    16488.5    -24954.0  -24947.128   7.357      0.0004  
   1600     14956.33     0.9       0.2025     0.8693     0.1889     1.4228    43.4775     16.27     13.3625    87765.7    16394.99   -24910.0  -24902.247    8.18      0.0001  
   1700     15781.2     0.897      0.2012     0.8659     0.1874     1.4305    45.6258    16.5232    13.9869    87545.64   16355.0    -24869.0  -24861.416   7.486      0.0008  
   1800     16604.9     0.903      0.2038     0.868      0.1884     1.3958     1.1548    15.7849    13.6518    87424.87   16287.22   -24919.0  -24911.186   7.661      0.0008  
   1900     17429.07    0.8965     0.2009     0.861      0.1853     1.2496     2.3138     15.237    13.0193    87157.47   16192.93   -24844.0  -24836.184   7.405      0.0005  
   2000     18254.41    0.8966     0.201      0.8637     0.1865     1.4143     4.0677    14.7995    13.3022    87064.06   16242.85   -24911.0  -24903.864   6.876      0.0003  
   2100     19079.94    0.8957     0.2006     0.8581     0.1841     1.0303      2.43     14.8431    12.8503    86743.82   16195.68   -24852.0  -24845.865   6.205      0.0001  
   2200     19904.77    0.8939     0.1998     0.8537     0.1822     1.0611     6.9178    14.2228    12.6001    86670.07   16163.21   -24866.0  -24859.607   6.642      0.0007  
   2300     20731.12    0.8957     0.2006     0.8566     0.1834     1.0767     8.5466    13.7114    12.4314    86623.88   16198.78   -24910.0  -24902.907   6.858      0.0006  
   2400     21558.22    0.9004     0.2027     0.8628     0.1861     1.0161    67.1495    14.8642    12.2125    87360.01   16407.83   -24972.0  -24966.302   5.938      0.0008  
   2500     22384.81    0.8909     0.1984     0.8609     0.1853     1.2439    69.0483    15.9156    12.2543    87461.31   16464.81   -25004.0  -24998.978   5.441      0.0001  
   2600     23210.83    0.8967     0.201      0.8621     0.1858     1.0006    23.6947    14.4691    12.8934    86816.98   16327.37   -24939.0  -24933.493   5.213      0.0003  
   2700     24038.66    0.893      0.1993     0.8617     0.1856     0.9376     39.37     13.2678    11.9518    86436.92   16289.94   -24914.0  -24908.646   4.947      0.0001  
   2800     24864.38    0.8907     0.1984     0.8601     0.185      1.174      6.6126     13.064    11.5377    86661.84   16274.0    -24923.0  -24917.455   5.549      0.0002  
   2900     25690.4     0.895      0.2002     0.8663     0.1876     1.1268    441.0809   14.7548    12.1711    86934.78   16406.38   -24956.0  -24951.859   4.292      0.0004  
   3000     26516.42    0.8919     0.1989     0.8691     0.1888     1.5396    444.026    20.6631    13.8979    87991.04   16731.7    -25118.0  -25114.098   4.385      0.0007  
   3100     27343.88    0.892      0.1989     0.8675     0.1881     1.0668    12.1975    14.2077    12.8774    86554.22   16409.83   -24953.0  -24949.304   3.959      0.0001  
   3200     28170.56    0.8881     0.1972     0.8666     0.1878     0.9052    96.1783    12.9363    12.3952    86591.69   16473.79   -24965.0  -24960.663    4.58      0.0005  
   3300     28996.82    0.8902     0.1981     0.8709     0.1896     0.912     100.8642   13.7275     13.95     86505.13   16492.15   -24997.0  -24992.53    4.902       0.0    
   3400     29822.82    0.8964     0.2009     0.8701     0.1892      0.85     13.3253    12.7057    11.5237    86565.22   16484.17   -24984.0  -24980.037   4.239      0.0003  
   3500     30649.18    0.8943      0.2       0.8668     0.1878     0.8984    29.7907    12.5712    11.2472    86476.66   16464.75   -24970.0  -24965.27    4.234      0.0003  
   3600     31475.06    0.8904     0.1982     0.8664     0.1876     0.8765    33.1604    12.4667    11.0906    86830.13   16576.21   -25044.0  -25039.418   4.698      0.0001  
   3700     32303.1     0.8894     0.1978     0.8668     0.1878     0.8742    27.2616    11.8652    10.9701    86682.99   16587.09   -25045.0  -25040.613   4.046      0.0002  
   3800     33131.88    0.8909     0.1984     0.8659     0.1874     0.7612    20.0722    11.8346    11.2455    86297.13   16508.42   -24983.0  -24978.354    4.35      0.0002  
   3900     33960.22    0.8882     0.1972     0.8676     0.1882     0.8476     20.736     12.349    10.7276    86459.92   16559.38   -25020.0  -25015.592   4.572      0.0006  
   4000     34787.63    0.8912     0.1986     0.8686     0.1886     0.8958    29.9766    11.5723    10.9753    86743.03   16629.38   -25040.0  -25035.516   4.012      0.0002  
   4100     35615.91    0.8908     0.1984     0.8726     0.1904     0.7596    34.5686    11.7455    10.9996    86874.04   16705.57   -25074.0  -25069.337   4.241       0.0    
   4200     36442.76    0.8891     0.1976     0.8736     0.1908     0.7586    34.7372     10.624    10.6401    86286.06   16576.06   -25000.0  -24995.802   4.057      0.0001  
   4300     37269.12    0.8884     0.1973     0.8753     0.1916     0.8455     6.4687    11.2641    10.0994    86754.58   16722.87   -25070.0  -25066.783   3.476      0.0003  
   4400     38095.64    0.8887     0.1974     0.8738     0.1909     0.7652    15.0818    10.9079    10.1338    86689.98   16763.09   -25078.0   -25073.7    3.832      0.0002  
   4500     38922.85    0.8903     0.1981     0.8773     0.1924     0.7534     28.245    10.4433    10.0554    86858.65   16816.2    -25113.0  -25109.133   4.013      0.0001  
   4600     39749.36    0.8885     0.1974     0.874      0.191      0.7291    16.1565    10.8397    10.2254    86805.5    16803.16   -25118.0  -25114.479   3.836      0.0001  
   4700     40574.83    0.8913     0.1986     0.8799     0.1936     0.8001    57.8196    11.6893    10.6756    87125.38   16910.72   -25159.0  -25155.215   3.714       0.0    
   4800     41402.18    0.8889     0.1975     0.8806     0.1938     0.7433    71.9378    11.4312    12.5934    87251.16   16988.17   -25174.0  -25170.512    3.86      0.0003  
   4900     42228.53    0.8895     0.1978     0.8762     0.1919     0.8807    34.6203    10.8131    10.9012    87128.87   16992.55   -25179.0  -25174.96    4.099      0.0001  
   5000     43054.75    0.893      0.1993     0.8815     0.1942     0.6521     63.832    10.7069     9.9435    87298.29   17027.32   -25188.0  -25184.672   3.227      0.0003  
   5100     43880.92    0.8886     0.1974     0.881      0.194      0.8101    73.4824    11.9332    12.2076    87501.75   17096.56   -25215.0  -25211.746   3.715      0.0003  
   5200     44711.67    0.8919     0.1989     0.8853     0.196      0.6222    35.5886    10.7018    10.6422    86943.85   16985.88   -25140.0  -25136.63     3.18      0.0001  
