Generating synthetic binary valued data ... 
Generating synthetic  binary valued data took:  125.75043487548828
Evaluation for true params: 
 test_rsme | train_rsme | rel-te-err | rel-tr-err |  test_nll  |  train_nll |
0.7404998312 0.7400439176   0.137085    0.13691625    139838.6    559384.48  
Using  0.05 of training data
Factorizing with max_iteration = 12000  fixing covariance?:  False
Tensor dimensions:  [100, 100, 100]
Optimization metrics: 
Using Ada Grad
Mean update scheme:  S
Covariance update :  N
Using diagonal covariance?:  False
Random start? True
k1 samples =  32  k2 samples =  128
eta =  1.0  cov eta =  1.0  sigma eta =  1
iteration |   time   |test_rsme |rel-te-err|train_rsme|rel-tr-err|   d_mean  |   d_cov  |avg_grad_m|avg_grad_c| test_nll | train_nll |    VLB   |  E-term  |    KL     
    0         0.75      1.4124     0.4987     1.4082     0.4958     2.2361     0.3953     0.0685     0.1545   138901.89   27770.84   -28154.0  -28127.064   26.606   
    5        285.21     1.4119     0.4984     1.4058     0.4941     2.2361     0.3953     0.9242     1.6039   139081.48   27810.0    -28286.0  -28261.947   24.394   
    10       576.16     1.4125     0.4988     1.406      0.4942     2.2361     0.3953     1.7347     3.1269   139388.69   27854.67   -28447.0  -28423.954   22.914   
    20       879.06     1.413      0.4991     1.4034     0.4924     2.2361     0.3953     3.2793     6.4579   140387.05   28016.95   -28864.0  -28843.105   20.462   
    50      1206.47     1.3946     0.4862     1.379      0.4754     2.2361     0.3953     9.4492     20.022   143400.68   28442.6    -30057.0  -30039.992   16.969   
   100      1582.62     1.1658     0.3398     1.1495     0.3303     2.2361     0.404     36.5394    59.7819   136462.38   26631.61   -28922.0  -28908.92    13.159   
   200      2040.26     0.9964     0.2482     0.9734     0.2369     2.2324     0.1522     51.768     76.281    103670.4   19935.8    -21190.0  -21177.013   12.519   
   300      2501.14     0.9001     0.2025     0.8838     0.1953     2.1462     0.0905    44.3955    89.0064    95974.42   18211.79   -19411.0  -19401.408   9.368    
   400      2958.58     0.9054     0.2049     0.8714     0.1898     2.0328     0.068     34.8956    73.5118    91167.71   16849.3    -17831.0  -17821.136   9.999    
   500      3420.39     0.8855     0.196      0.854      0.1824     2.0721     0.0534    30.9235    78.5338    88207.27   16253.87   -17287.0  -17276.662   10.613   
   600      3885.62     0.8876     0.197      0.8394     0.1762     1.8104     0.0542    27.5157    75.6402    87836.95   15796.45   -16898.0  -16888.195   9.886    
   700      4349.53     0.8806     0.1938     0.828      0.1714     1.6408     0.0415    25.7125    76.3446    86689.15   15349.2    -16476.0  -16466.154   10.189   
   800      4810.83     0.8824     0.1946     0.8207     0.1684     1.6527     0.0444    24.6064    81.9177    86273.09   15091.76   -16301.0  -16291.893   9.262    
   900      5271.52     0.8947     0.2001     0.8308     0.1726     1.5161     0.0377    24.7698    84.0394    87899.97   15093.81   -16349.0  -16338.991   9.967    
   1000      5729.6     0.8901     0.1981     0.829      0.1718     1.8855     0.0354     26.344    84.1826    88710.41   15102.6    -16434.0  -16423.895   9.998    
   1100     6187.85     0.8864     0.1964     0.8188     0.1676     1.7305     0.0329    26.1908    84.7488    87995.63   14812.66   -16150.0  -16140.862   9.319    
   1200     6648.25     0.8823     0.1946     0.8103     0.1642     1.4876     0.0306      25.2      84.211    88032.54   14597.75   -15902.0  -15891.722   10.02    
   1300     7101.83     0.8876     0.1969     0.8054     0.1621     1.4935     0.0269    24.5178     87.432    88432.29   14457.52   -15858.0  -15847.234   10.665   
   1400     7562.68     0.8923     0.1991     0.8073     0.1629     1.3169     0.0282    25.4816    90.7039    89424.77   14495.67   -15897.0  -15887.192   10.025   
   1500     8023.93     0.8913     0.1986     0.803      0.1612     1.3262     0.0257    26.5735    91.3181    89365.08   14400.85   -15796.0  -15785.901   9.806    
   1600     8485.96     0.8862     0.1964     0.7998     0.1599     1.225      0.0218    26.6654    91.6247    89934.04   14305.99   -15702.0  -15692.504   9.816    
   1700     8949.03     0.8974     0.2013     0.8037     0.1615     1.2902     0.0197    25.7054    91.3799    90077.11   14275.53   -15698.0  -15687.328   10.445   
   1800     9403.66     0.8827     0.1948     0.7993     0.1597     1.5226     0.0207    26.4729    95.1991    89862.19   14220.72   -15604.0  -15592.993   11.334   
   1900     9856.64     0.8882     0.1972     0.7901     0.1561     1.1347     0.0199    25.5539    92.2352    90027.67   14020.78   -15444.0  -15433.314   10.884   
   2000     10306.16    0.8979     0.2016     0.8029     0.1611     1.2383     0.019     25.6103    97.5345    90815.35   14075.76   -15552.0  -15540.685   10.847   
   2100     10760.89    0.8857     0.1961     0.7982     0.1593     1.4533     0.0207    26.3143    98.3941    90882.28   14089.51   -15536.0  -15524.543   10.972   
   2200     11215.59    0.8941     0.1998     0.7957     0.1583     1.2352     0.0181    26.1075    97.4869    91142.85   13967.08   -15405.0  -15393.748   10.946   
   2300     11669.25    0.8968     0.2011     0.7949     0.158      1.4079     0.0168    26.5975    99.5234    91108.99   13888.2    -15337.0  -15326.085   11.347   
   2400     12125.12    0.8883     0.1973     0.7856     0.1543     1.2836     0.0164    26.2367    100.4209   91846.61   13870.63   -15333.0  -15322.655   10.79    
   2500     12583.89    0.8954     0.2004     0.7885     0.1554     1.1917     0.0143    25.7158    101.1669   91982.25   13715.34   -15197.0  -15185.451   11.185   
   2600     13049.92    0.8933     0.1995     0.7857     0.1543     1.034      0.0135    25.7334    103.7379   91906.02   13720.45   -15180.0  -15168.443   11.793   
   2700     13517.22    0.8924     0.1991     0.7917     0.1567     1.351      0.0156    27.0733    105.6944   92546.81   13853.51   -15338.0  -15326.384   11.495   
   2800     13983.78    0.8918     0.1988     0.7885     0.1554     1.0418     0.0132    27.4387    103.4055   91757.6    13700.67   -15178.0  -15166.261   11.621   
   2900     14446.44    0.8971     0.2012     0.7885     0.1554     1.2476     0.0165    26.8116    104.9602   92426.68   13758.47   -15231.0  -15220.279   11.189   
   3000     14906.36    0.8988     0.202      0.7882     0.1553     1.1409     0.0156    27.0842    107.0453   92388.46   13771.07   -15240.0  -15228.823   11.375   
   3100     15370.2     0.8952     0.2004     0.789      0.1556     1.173      0.0153    27.7943    107.8236   92306.13   13778.96   -15279.0  -15267.389   11.205   
   3200     15837.72    0.8962     0.2008     0.7881     0.1553     1.1645     0.0139    27.2668    107.6373   92018.31   13695.14   -15158.0  -15147.125   10.935   
   3300     16302.18    0.8894     0.1978     0.7805     0.1523     1.0098     0.0119    26.7672    106.8641   91713.45   13552.76   -14977.0  -14965.934   10.927   
   3400     16760.21    0.8884     0.1973     0.7845     0.1539     0.9556     0.0164    26.0853    108.7905   92051.72   13579.04   -15028.0  -15017.222   11.275   
   3500     17222.97    0.8939     0.1998     0.7832     0.1533      1.14      0.0124    27.3159    108.8438   92600.49   13603.69   -15099.0  -15087.753   10.988   
   3600     17684.71    0.8956     0.2005     0.7801     0.1522     0.9432     0.0128    26.9246    110.7524   92509.99   13502.19   -14984.0  -14972.602   11.441   
   3700     18149.78    0.8915     0.1987     0.7848     0.154      1.0637     0.0124    26.3077    111.059    93413.54   13646.43   -15129.0  -15117.738   11.168   
   3800     18614.07    0.8869     0.1966     0.7809     0.1524     1.0199     0.012     27.4173    110.5561   92430.12   13439.15   -14891.0  -14878.576   11.924   
   3900     19082.5     0.8933     0.1995     0.7813     0.1526     1.0524     0.0101     26.48     109.9871   93350.1    13537.54   -15038.0  -15026.281   11.737   
   4000     19547.79    0.8899     0.198      0.7755     0.1504     1.0209     0.0117    25.7852    111.5703   92473.56   13408.84   -14820.0  -14807.63    11.894   
   4100     20013.12    0.8935     0.1996     0.778      0.1513     0.9145     0.0102    25.9097    110.1682   93269.19   13432.58   -14835.0  -14823.125   11.406   
   4200     20476.89    0.8954     0.2004     0.779      0.1517     1.1199     0.0108    27.4132    110.6831   93603.44   13492.12   -14957.0  -14945.233   11.324   
   4300     20943.18    0.8858     0.1961     0.774      0.1498     1.0273     0.0102    26.9089    108.0882   93348.42   13338.65   -14760.0  -14748.841   11.652   
   4400     21407.76    0.8975     0.2014     0.7755     0.1504     0.8692     0.0091    25.4877    106.4861   92684.67   13341.62   -14730.0  -14719.14    11.182   
   4500     21874.99    0.889      0.1976     0.7725     0.1492     0.8261     0.0093    25.9885    110.1947   92707.11   13320.29   -14728.0  -14716.227   11.565   
   4600     22342.12    0.8923     0.1991     0.7733     0.1495     0.9007     0.0088    24.8238    109.6263   93077.34   13314.85   -14732.0  -14720.843   11.496   
   4700     22809.13    0.8921     0.1989     0.7745      0.15      0.9261     0.0094    25.7635    111.0702   93361.57   13315.39   -14726.0  -14713.756   11.968   
   4800     23265.8     0.8929     0.1993     0.7767     0.1508     0.8008     0.0086    25.3491    113.6037   93423.97   13361.96   -14761.0  -14748.913   12.173   
   4900     23720.04    0.8943     0.1999     0.7731     0.1494     0.7774     0.0081     26.765    110.786    93664.12   13314.0    -14762.0  -14750.135   11.93    
   5000     24172.73    0.8948     0.2002     0.775      0.1502     0.7808     0.0094    26.6019    113.9804   93265.24   13311.02   -14744.0  -14731.625   11.89    
   5100     24632.68    0.893      0.1994     0.7695     0.148      0.9359     0.0095    25.8194    116.6576   93371.35   13266.62   -14717.0  -14704.811   12.284   
   5200     25091.19    0.8934     0.1996     0.7752     0.1502     0.9788     0.0091    26.3919    116.2219   94066.41   13315.31   -14798.0  -14785.336   12.365   
   5300     25551.16    0.8964     0.2009     0.7738     0.1497     0.8549     0.0077    27.1369    119.0799   93634.44   13268.72   -14725.0  -14711.826   12.875   
   5400     26014.07    0.8924     0.1991     0.7748     0.1501     0.8015      0.01     26.2772    119.1418   93965.42   13221.17   -14644.0  -14630.656   13.182   
   5500     26470.16    0.8942     0.1999     0.7729     0.1493     0.8149     0.0109    26.1346    120.3406   94157.15   13237.6    -14657.0  -14644.472   12.516   
   5600     26931.68    0.8925     0.1991     0.7711     0.1486     1.1809     0.0081    26.1584    121.5657   93686.87   13208.52   -14649.0  -14636.566   12.304   
   5700     27401.1     0.8924     0.1991     0.7683     0.1476     0.8565     0.0172    25.2573    122.8147   93715.5    13208.11   -14658.0  -14645.315   12.538   
   5800     27861.97    0.8908     0.1984     0.7716     0.1488     0.7691     0.0078    26.1401    123.7423   93447.08   13198.2    -14609.0  -14596.158   12.587   
   5900     28322.36    0.8881     0.1972     0.7694     0.148      0.7782     0.0078    25.9039    123.6702   93634.85   13154.18   -14586.0  -14573.186   12.365   
   6000     28789.44    0.895      0.2003     0.7749     0.1501     0.6987     0.0075     25.726    124.6394   94396.18   13239.82   -14695.0  -14682.555   12.732   
   6100     29256.2     0.8891     0.1976     0.7697     0.1481     0.8981     0.0095    26.8346    125.9981   94145.81   13173.33   -14633.0  -14620.837   12.39    
   6200     29717.64    0.8931     0.1994     0.773      0.1494     0.7782     0.0111    27.2365    123.8587   94030.3    13211.97   -14675.0  -14662.314   12.391   
   6300     30179.1     0.8997     0.2024     0.7728     0.1493     0.8485     0.0085    26.7261    127.5329   94399.03   13212.46   -14670.0  -14657.661   12.542   
   6400     30637.01    0.8922     0.199      0.7766     0.1508     0.8316     0.0071    28.4795    126.4247   94376.18   13231.06   -14674.0  -14661.489   12.73    
   6500     31094.79    0.8985     0.2018     0.7782     0.1514     1.0258     0.0071    29.3606    125.4602   94941.7    13256.83   -14737.0  -14724.386   12.613   
   6600     31551.92    0.8897     0.1979     0.7686     0.1477     0.9329     0.0078    27.6588    124.6803   94100.63   13135.2    -14548.0  -14535.607   12.402   
   6700     32004.8     0.8938     0.1997     0.7712     0.1487     0.6784     0.0068    26.1435    123.4812   94833.57   13140.22   -14575.0  -14562.756   12.202   
   6800     32462.36    0.8929     0.1993     0.771      0.1486     0.7788     0.006     27.1417    125.6859   94757.88   13132.7    -14556.0  -14543.553   12.378   
   6900     32924.1     0.8963     0.2008     0.7712     0.1487     0.695      0.0059     26.533    125.2892   94186.1    13142.62   -14579.0  -14567.007   12.279   
   7000     33384.17    0.8925     0.1992     0.7693     0.148      0.6899     0.0057    26.7192    127.8846   94505.4    13169.69   -14610.0  -14598.248   12.197   
   7100     33847.55    0.8938     0.1997     0.7682     0.1475     0.7968     0.006     27.4138    127.3686   94081.91   13092.08   -14544.0  -14531.43    12.494   
   7200     34325.58    0.8911     0.1985     0.7676     0.1473     0.8834     0.0053    27.0755    124.9487   94299.74   13129.35   -14568.0  -14555.269   12.572   
   7300     34789.09    0.8944      0.2       0.7706     0.1485     0.7549     0.0058    27.6613    124.8862   94969.13   13134.73   -14594.0  -14581.335   12.599   
   7400     35250.56    0.8892     0.1977     0.7703     0.1484     0.7335     0.0099    27.7279    126.6398   94181.36   13082.66   -14522.0  -14509.911   12.454   
   7500     35710.06    0.8946     0.2001     0.7664     0.1468     0.7404     0.0057    26.7151    127.612    94374.5    13062.56   -14503.0  -14490.828   12.479   
   7600     36174.65    0.891      0.1985     0.7632     0.1456     0.7053     0.0075    27.4373    128.904    94590.97   13119.5    -14530.0  -14517.125   12.43    
   7700     36642.5     0.8877     0.197      0.7648     0.1462     0.7178     0.0066    25.6515    127.1791   94191.37   13033.08   -14452.0  -14440.005   12.237   
   7800     37113.43    0.8855     0.196      0.7673     0.1472     0.7467     0.006     25.0196    127.6013   94263.49   13049.33   -14480.0  -14467.687   12.248   
   7900     37573.48    0.8913     0.1986     0.7654     0.1464     0.8769     0.0075    27.1023    127.3288   94480.02   13021.79   -14475.0  -14462.469   12.183   
   8000     38030.47    0.8935     0.1996     0.7718     0.1489     0.707      0.0058    26.5265    128.9775   94680.24   13014.87   -14467.0  -14454.418   12.28    
   8100     38494.84    0.8917     0.1988     0.7691     0.1479     0.744      0.0053    27.0687    130.0396   94694.71   13036.61   -14476.0  -14463.572   12.617   
   8200     38950.19    0.896      0.2007     0.7673     0.1472     0.6159     0.006     26.4717    130.9801   94969.9    13048.91   -14486.0  -14473.924   12.481   
   8300     39408.05    0.8897     0.1979     0.7654     0.1465     0.7277     0.0058    27.4496    134.1075   95370.63   13053.18   -14537.0  -14524.744   12.264   
   8400     39864.89    0.8927     0.1992     0.7679     0.1474     0.7647     0.0063    27.8156    131.1921   95207.67   13039.29   -14471.0  -14458.488   12.546   
   8500     40322.11    0.8915     0.1987     0.7682     0.1475     0.6543     0.0053    27.3808    130.3647   95192.45   13036.6    -14500.0  -14487.839   12.388   
   8600     40777.3     0.8924     0.1991     0.7673     0.1472     0.6693     0.0106    27.8972    130.6488   95707.44   13036.56   -14466.0  -14453.361   12.436   
   8700     41232.76    0.8922     0.199      0.7665     0.1469     0.6195     0.0058    27.6768    131.5597   95063.42   13042.8    -14460.0  -14448.025   12.411   
   8800     41688.99    0.8926     0.1992     0.7672     0.1472     0.7005     0.0049    28.0647    134.1022   95366.6    13032.0    -14479.0  -14466.275   12.374   
   8900     42148.37    0.8882     0.1972     0.7654     0.1465     0.8216     0.0059    27.2673    132.7452   95460.17   13036.54   -14494.0  -14481.598   12.301   
   9000     42606.66    0.8927     0.1992     0.7667     0.147      0.7909     0.005     26.5871    131.1687   95181.14   12965.95   -14400.0  -14387.52    12.597   
   9100     43064.47    0.8935     0.1996     0.7649     0.1462     0.6375     0.0087    26.5138    132.7264   95547.07   12989.49   -14434.0  -14421.384   12.409   
   9200     43516.16    0.8949     0.2002     0.7651     0.1464     0.6404     0.0083    27.1648    133.2311   95157.14   13007.16   -14409.0  -14396.39    12.597   
   9300     43966.94    0.8908     0.1984     0.7651     0.1464     0.7435     0.0068    28.1707    136.2957   95657.54   12968.55   -14416.0  -14403.194   12.479   
   9400     44437.89    0.895      0.2003     0.766      0.1467     0.664      0.0048    26.9389    133.2807   95530.8    12997.53   -14430.0  -14417.755   12.545   
   9500     44911.51    0.8917     0.1988     0.7672     0.1472     0.7647     0.0055     28.684    137.6569   96093.31   13047.15   -14539.0  -14526.672   12.55    
