Generating synthetic binary valued data ... 
Generating synthetic  binary valued data took:  102.24327087402344
Evaluation for true params: 
 test_rsme | train_rsme | rel-te-err | rel-tr-err |  test_nll  |  train_nll |
0.7404998312 0.7400439176   0.137085    0.13691625    139838.6    559384.48  
Using  0.05 of training data
Factorizing with max_iteration = 12000  fixing covariance?:  False
Tensor dimensions:  [100, 100, 100]
Optimization metrics: 
Using Ada Grad
Mean update scheme:  S
Covariance update :  N
Using diagonal covariance?:  False
Random start? True
k1 samples =  32  k2 samples =  128
eta =  1.0  cov eta =  1.0  sigma eta =  1
iteration |   time   |test_rsme |rel-te-err|train_rsme|rel-tr-err|   d_mean  |   d_cov  |avg_grad_m|avg_grad_c| test_nll | train_nll |    VLB   |  E-term  |    KL     |   dw   |
    0         1.84      1.4109     0.4977     1.4135     0.4995     2.2361     0.5232     0.082      0.1312   138812.02   27754.01   -34014.0  -33987.25    26.95      0.0304  
    5        490.24     1.4097     0.4968     1.4082     0.4957     2.2361     0.5232     1.0162     1.4638   138947.65   27786.49   -33983.0  -33958.034   24.507     0.0005  
    10       987.75     1.4103     0.4972     1.4091     0.4964     2.2361     0.5232     1.8673     2.8495   139079.06   27804.08   -34092.0  -34069.199   23.115     0.0002  
    20      1502.65     1.412      0.4984     1.4052     0.4936     2.2361     0.5232     3.6448     5.7691   139520.22   27833.48   -34366.0  -34345.316   20.798     0.0002  
    50      2075.95     1.3927     0.4849     1.3785     0.4751     2.2361     0.5232    10.2389    16.9843   140029.45   27795.88   -34887.0  -34870.482   16.812      0.0    
   100      2735.78     1.1187     0.3129     1.1109     0.3085     2.2361     0.5341    39.5733    51.0948   122833.71   24221.19   -31174.0  -31163.686   10.309     0.0001  
   200      3574.92     0.9865     0.2433     0.9649     0.2328     2.2348     0.1582     52.328     69.264   104541.92   20270.12   -25988.0  -25976.56    11.243      0.0    
   300      4414.61     0.8927     0.1992     0.8814     0.1942     2.191      0.0889    48.5556    76.9304    92700.49   17773.31   -22755.0  -22744.761   10.178      0.0    
   400      5255.24     0.885      0.1958     0.8593     0.1846     2.1116     0.0758    34.1288    61.7416    87550.21   16499.52   -21080.0  -21072.279   8.178       0.0    
   500      6096.55     0.8791     0.1932     0.8613     0.1854     2.0716     0.0678    30.1091    68.3762    87779.13   16558.18   -21201.0  -21192.744   8.692       0.0    
   600       6928.7     0.8766     0.1921     0.8478     0.1797     1.9003     0.0536    29.4696    66.6639    84775.74   15868.66   -20382.0   -20374.6    7.576       0.0    
   700      7755.69     0.8709     0.1896     0.8391     0.176      1.6128     0.054      24.545    63.9916    84038.16   15552.76   -19977.0  -19968.133   8.844       0.0    
   800      8582.76     0.8702     0.1893     0.839      0.176      1.6284     0.0479    24.7711     68.27     84103.56   15513.24   -19985.0  -19977.674   7.705       0.0    
   900      9410.39     0.8724     0.1903     0.8286     0.1716     1.6446     0.0432    24.2631    68.8896    83960.47   15343.82   -19826.0  -19818.415   7.355       0.0    
   1000     10236.91    0.8644     0.1868     0.8304     0.1724     1.7167     0.0386    24.7054    68.8794    83482.47   15190.35   -19671.0  -19664.066   7.028       0.0    
   1100     11064.29    0.8694     0.189      0.8185     0.1675     1.5501     0.0332    23.6116    69.6962    82629.05   14876.53   -19288.0  -19280.093   7.686       0.0    
   1200     11887.1     0.8634     0.1864     0.8218     0.1688     1.4535     0.0351    22.8118    71.1282    82899.18   14840.82   -19335.0  -19327.834   7.332       0.0    
   1300     12712.9     0.8795     0.1934     0.8224     0.1691     1.3174     0.0308    23.1111    71.3328    83483.09   14882.43   -19399.0  -19391.629   7.153       0.0    
   1400     13534.18    0.863      0.1862     0.8181     0.1673     1.6376     0.033     25.4994    73.5617    83671.27   14852.37   -19365.0  -19357.295    8.0        0.0    
   1500     14356.0     0.8613     0.1855     0.8042     0.1617     1.2548     0.0273    23.4292    72.1144    82358.99   14548.48   -19008.0  -18999.998   8.023       0.0    
   1600     15177.54    0.8607     0.1852     0.8039     0.1616     1.4664     0.0261     21.821     74.263    82384.89   14394.26   -18840.0  -18832.013    7.93       0.0    
   1700     16001.1     0.8663     0.1876     0.8071     0.1628     1.2844     0.0261    22.5685    77.1963    82995.2    14462.04   -18955.0  -18946.274   8.299       0.0    
   1800     16822.46    0.8677     0.1882     0.8052     0.1621     1.3427     0.0227    24.3755    79.9051    83868.23   14525.74   -19068.0  -19059.668   7.958       0.0    
   1900     17646.57    0.8647     0.1869     0.8044     0.1618      1.3       0.0211    24.3548    78.1384    82595.36   14326.85   -18777.0  -18769.212   8.225       0.0    
   2000     18467.78    0.8696     0.1891     0.7989     0.1596     1.1908     0.0209    23.1837     79.168    83562.2    14367.98   -18835.0  -18826.354   8.374       0.0    
   2100     19290.87    0.8641     0.1867     0.8004     0.1602     1.4146     0.0225    24.1357    79.5164    82835.25   14264.07   -18707.0  -18699.155   7.955       0.0    
   2200     20111.23    0.8687     0.1887     0.7982     0.1593     1.2891     0.0186    23.2128    79.1038    83281.72   14173.29   -18669.0  -18660.569   8.725       0.0    
   2300     20900.6     0.8622     0.1859     0.7966     0.1587     1.0642     0.0165    22.4005     80.371    83125.86   14115.08   -18603.0   -18593.8    9.066       0.0    
   2400     21701.95    0.873      0.1905     0.8028     0.1611     1.2386     0.017     22.8674    82.2472    83824.3    14145.28   -18639.0  -18630.433   8.786       0.0    
   2500     22502.8     0.866      0.1875     0.8016     0.1606     1.2824     0.0258    23.9273     82.701    83356.43   14142.38   -18647.0  -18638.398   8.489       0.0    
   2600     23296.11    0.8654     0.1872     0.7936     0.1574     1.152      0.0158    24.2657    83.2399    83218.54   14062.35   -18547.0  -18538.658   8.381       0.0    
   2700     24090.0     0.8645     0.1868     0.7928     0.1572     0.9772     0.0118    23.3093    79.6188    83479.7    14081.27   -18547.0  -18538.943   8.206       0.0    
   2800     24887.93    0.8636     0.1864     0.7933     0.1573     1.3854     0.012     22.7018    81.7143    82966.25   13988.97   -18416.0  -18407.531   8.275       0.0    
   2900     25673.33    0.8651     0.1871     0.7911     0.1564     0.9016     0.0133     23.012    83.1986    83095.64   13973.22   -18400.0  -18391.828    8.29       0.0    
   3000     26473.27    0.8627     0.1861     0.7896     0.1558     1.0938     0.0122    22.8669    83.4277    82416.22   13935.67   -18369.0  -18360.382   8.557       0.0    
   3100     27269.77    0.8639     0.1866     0.788      0.1552     1.044      0.0128    23.2192    85.8038    83310.06   13972.46   -18465.0  -18456.012   9.155       0.0    
   3200     28069.25    0.8627     0.1861     0.7899     0.156      0.9676     0.0166    22.4239    84.8462    82547.29   13897.54   -18314.0  -18304.776   8.888       0.0    
   3300     28860.76    0.8657     0.1874     0.7921     0.1568     1.1059     0.0162    22.6778    85.0605    83317.28   13886.07   -18320.0  -18310.889   9.222       0.0    
   3400     29652.63    0.8657     0.1874     0.7896     0.1558     1.0784     0.0111     22.694    85.4372    83317.13   13901.87   -18357.0  -18347.885   9.184       0.0    
   3500     30445.66    0.8669     0.1879     0.7931     0.1572     0.8991      0.01      23.222    86.2319    83587.92   13834.16   -18249.0  -18239.758   9.252       0.0    
   3600     31243.28    0.8642     0.1867     0.7888     0.1556     0.8425     0.0109    22.9407    85.2075    83274.42   13814.07   -18258.0  -18248.021   9.539       0.0    
   3700     32036.2     0.872      0.1901     0.7906     0.1562     0.9844     0.0105    23.7145    86.9961    83497.9    13806.36   -18247.0  -18237.603    9.61       0.0    
   3800     32825.25    0.8672     0.188      0.794      0.1576     1.0301     0.011     24.5198    87.5972    84194.85   13851.57   -18311.0  -18301.973   9.119       0.0    
   3900     33607.2     0.8672     0.188      0.7849     0.154      1.1524     0.0107    23.4473    86.1194    82918.34   13718.91   -18076.0  -18066.919   9.301       0.0    
   4000     34397.16    0.8628     0.1861     0.7838     0.1536     0.9773     0.0079    22.0629    88.2044    83248.5    13713.53   -18107.0  -18097.538   9.561       0.0    
   4100     35187.72    0.8631     0.1862     0.7836     0.1535     0.8752     0.0139    21.8582    86.3776    83325.77   13703.51   -18087.0  -18077.786   9.434       0.0    
   4200     35976.84    0.8653     0.1872     0.7842     0.1537     0.8204     0.0103    22.4539    86.4894    83399.35   13738.49   -18117.0  -18107.818   9.568       0.0    
   4300     36758.25    0.8647     0.1869     0.7857     0.1543     1.0764      0.01     21.6954    87.8745    83284.73   13673.06   -18082.0  -18071.934   9.815       0.0    
   4400     37539.54    0.8675     0.1881     0.784      0.1536     0.8383     0.0142    22.2091    88.0848    83611.08   13694.79   -18124.0  -18114.103   9.704       0.0    
   4500     38320.58    0.8665     0.1877     0.7834     0.1534     0.8582     0.0071     22.227    87.5994    83280.94   13658.07   -18048.0  -18037.755   10.152      0.0    
   4600     39101.43    0.8653     0.1872     0.788      0.1552     0.861      0.0098    22.8141    88.5751    83602.52   13634.67   -18037.0  -18027.107   9.717       0.0    
   4700     39883.38    0.8662     0.1876     0.788      0.1552     0.9213     0.0072    22.9256    87.8304    83669.93   13702.93   -18089.0  -18078.543   10.167      0.0    
   4800     40663.74    0.8684     0.1885     0.782      0.1529     0.8193     0.0078    23.6698    88.6165    83592.94   13670.55   -18074.0  -18063.918   10.059      0.0    
   4900     41444.97    0.8673     0.1881     0.7859     0.1544     0.7679     0.0067    22.4909    89.2447    83516.04   13616.3    -18002.0  -17991.824   10.096      0.0    
   5000     42226.46    0.8684     0.1885     0.7838     0.1536     0.7761     0.0085    22.0971    89.5989    83364.82   13649.15   -18038.0  -18027.667   10.358      0.0    
   5100     43006.67    0.8636     0.1864     0.7831     0.1533     0.888      0.0111    22.9639    91.2637    83405.35   13611.59   -18006.0  -17996.287   10.084      0.0    
   5200     43788.45    0.8674     0.1881     0.782      0.1529     0.9329     0.0073    21.7544    90.6763    83287.99   13547.42   -17916.0  -17905.597   10.386      0.0    
   5300     44584.52    0.8659     0.1874     0.7856     0.1543     1.1026     0.0141    22.1457    91.8623    83274.58   13571.75   -17976.0  -17965.756   9.964       0.0    
