Generating synthetic count valued data ... 
Generating synthetic  count valued data took:  17.187437057495117
max_count =  55  min count =  0
Evaluation for true params: 
 test_rsme | train_rsme | rel-te-err | rel-tr-err |  test_nll  |  train_nll |
2.6157905115 2.6387724419   1.50604       1.5161     159574.82    635256.82  
Using  0.1 of training data
Factorizing with max_iteration = 16000  fixing covariance?:  False
Tensor dimensions:  [50, 50, 50]
Optimization metrics: 
Using Ada Grad
Mean update scheme:  S
Covariance update :  N
Using diagonal covariance?:  False
Random start? True
k1 samples =  64  k2 samples =  128
eta =  1.0  cov eta =  1.0  sigma eta =  1
iteration |   time   |test_rsme |rel-te-err|train_rsme|rel-tr-err|   d_mean  |   d_cov  |avg_grad_m|avg_grad_c| test_nll | train_nll |    VLB   |  E-term  |    KL     |   dw   |
    0         6.2      10.3724     6.6547    10.3762     6.6792     3.1623     0.4025     0.7701   11435.5602  133788.4   53727.2    -63982.0  -63923.67    58.061     0.0004  
    5        175.91    10.3709     6.6544    10.3689     6.6743     3.1623     0.6479     6.2671   80171.3735 133402.98   53523.8    -63889.0  -63838.962   50.064      0.0    
    10       348.08    10.3656     6.6528    10.3546     6.6708     3.1623     1.0381    13.5517   172434.8149 132969.91   53220.14   -63494.0  -63450.119   44.361      0.0    
    20       553.45    10.3317     6.6465    10.2716     6.6328     3.1623     7.6733    41.5331   794955.4481 132141.69   52573.31   -62631.0  -62593.583   37.228      0.0    
    50       884.8      9.9841     6.4577     9.6543     6.272      3.1623   1407.6686   240.638   6195665.8291 122822.89   47250.22   -55839.0  -55785.885   53.141      0.0    
   100      1345.52     6.0136     3.6471     5.3663     3.322      3.1436   1408.3005   389.1061  172878760.0575  67029.78   24576.29   -26857.0  -26805.221   51.336      0.0    
   200      2113.53     4.837      2.9142     4.0524     2.4966     2.7159     6.8639     72.849   58125710029.9786  54536.77   19611.12   -22010.0  -21959.389   50.923      0.0    
   300      2941.57      4.18      2.5147     3.4032     2.0827     1.6146     0.5594    38.1105   13016156.0517  49520.13   17786.69   -20196.0  -20146.228   49.46       0.0    
   400      3811.91     4.0225     2.4108     3.2268     1.9525     1.5992     2.5879    29.6904   211863.7125  48110.09   17151.52   -19602.0  -19555.867   46.213      0.0    
   500      4687.73     3.9985     2.4059      3.15      1.9036     1.1005     0.7577    27.0686   424366.4008  47712.87   16874.01   -19358.0  -19315.097   42.927      0.0    
   600       5568.8     3.892      2.3504     3.0393     1.826      0.9219     4.1414    22.8216   160833.5059  46965.56   16571.15   -19108.0  -19066.719   41.096      0.0    
   700      6445.72     3.8401     2.3277     2.9804     1.793      1.0129     1.1596    22.0041   236730.6575  46707.8    16419.62   -18960.0  -18921.141   38.83       0.0    
   800      7326.62     3.8097     2.302      2.9187     1.7463     1.0058     0.961     20.0743   593803.5351  46370.2    16267.64   -18827.0  -18789.768   37.218      0.0    
   900      8204.96     3.781      2.2842     2.8891     1.7248     0.9678     0.1633    20.6098   2449.4007   46081.75   16201.69   -18743.0  -18707.442   36.004      0.0    
   1000     9083.56     3.7644      2.27      2.8598     1.695      0.8952     0.2979    19.1162   28364.1594  45880.36   16072.51   -18633.0  -18597.745   35.019      0.0    
   1100     9964.81     3.7535     2.2652     2.8396     1.687      0.8532      0.44     18.9463   24693.655   45806.39   16060.97   -18628.0  -18594.67    33.761      0.0    
   1200     10847.63    3.7254     2.253      2.8101     1.6662     1.1092     0.7941    20.0434   8504.0431   45621.14   15988.13   -18565.0  -18529.304   35.728      0.0    
   1300     11727.85    3.7187     2.2447     2.7983     1.6523     1.0105     1.0411    19.0871   2649.5523   45447.62   15965.38   -18510.0  -18474.057   35.466      0.0    
   1400     12607.22    3.7135     2.2357     2.7828     1.6416     0.9401     0.2113    18.9583    379.801    45314.96   15912.83   -18479.0  -18444.957   34.536      0.0    
   1500     13489.07    3.6896     2.2234     2.7562     1.6285     0.7909     1.0142    16.4244    7774.157   45074.08   15862.89   -18451.0  -18417.272   33.564      0.0    
   1600     14368.63    3.6654     2.217      2.7607     1.6266     0.9745     0.8456    18.1215   38748.3917  45035.99   15912.1    -18512.0  -18477.437   34.31       0.0    
   1700     15245.43    3.6773     2.2286     2.7512     1.6321     0.9068     0.3845    19.2868   16165.4284  45048.66   15889.44   -18478.0  -18444.558   33.739      0.0    
   1800     16122.26    3.6741     2.2154     2.7297     1.6148     0.659      1.7921    18.2785   179323.5427  45031.31   15850.63   -18421.0  -18387.878   33.117      0.0    
   1900     16998.98    3.6709     2.2032     2.7063     1.5816     0.6216     0.2463    16.5749   407751.7031  44889.45   15777.93   -18345.0  -18312.173   32.818      0.0    
   2000     17873.57    3.6472     2.1936     2.7047     1.5931      1.11      0.5254    17.6214   16924.2018  44793.41   15807.51   -18360.0  -18328.257   31.741      0.0    
   2100     18744.1     3.6471     2.1928     2.7034     1.5923     0.5578     1.8727    17.0738   65155.5697  44732.54   15776.65   -18365.0  -18333.366   32.036      0.0    
   2200     19612.3     3.6417     2.1862     2.6876     1.5812     0.9452     0.5693    15.7564   2456.3687   44600.49   15769.85   -18338.0  -18306.223   31.477      0.0    
   2300     20479.72    3.6238     2.1722     2.6894     1.5721     0.9351     1.4903    16.5743   5342.1337   44533.54   15784.85   -18315.0  -18284.155   31.132      0.0    
   2400     21353.31    3.6217     2.1668     2.6985     1.5783     0.8098      1.2      17.6612   4819.5513   44479.16   15785.14   -18344.0  -18313.398   31.088      0.0    
   2500     22229.59    3.6216     2.1694     2.7252     1.5921     0.8518    20.8111     22.492   1065725.8832  44661.3    15882.04   -18422.0  -18390.463   31.247      0.0    
   2600     23089.54    3.6149     2.1617     2.6777     1.5599     0.9828     2.0182    19.0575   1668.5612   44514.87   15709.6    -18277.0  -18245.392   31.699      0.0    
   2700     23950.85    3.5952     2.1464     2.6485     1.5389     0.7691     0.7854     17.55    21384.0886  44402.04   15674.66   -18204.0  -18172.401   31.288      0.0    
   2800     24811.88    3.5989     2.153      2.6637     1.5442     0.8986     4.6683     17.183   28394.602   44404.39   15651.57   -18187.0  -18155.775   31.293      0.0    
   2900     25674.11    3.6031     2.1584     2.6544     1.5402     0.7843     0.9956    17.1627   107574.1455  44384.0    15646.12   -18217.0  -18186.315   30.986      0.0    
   3000     26535.61    3.5968     2.1565     2.6588     1.5515     0.6388     0.9246    16.1903    473.029    44346.72   15655.41   -18197.0  -18166.272   30.663      0.0    
   3100     27397.51    3.5962     2.1573     2.6435     1.5413     0.6847     0.6593    15.1395    573.3783   44241.54   15623.82   -18199.0  -18166.981    32.1       0.0    
   3200     28256.67    3.5914     2.153      2.6415     1.5365     0.6318     0.5908     15.137   2918.8018   44207.43   15642.62   -18229.0  -18197.668   31.625      0.0    
   3300     29118.48    3.5612     2.1334     2.6316     1.536      0.7571     0.6976    15.6673   38455.6734  44134.49   15669.35   -18224.0  -18192.414   31.343      0.0    
   3400     29979.39    3.5538     2.1282     2.6235     1.5258     0.605      0.9823    14.8509   21289.337   43998.23   15610.91   -18178.0  -18146.471   31.044      0.0    
   3500     30838.78    3.5619     2.1362     2.6269     1.5371     0.6419     0.685     15.2198   20725.9909  44038.04   15605.71   -18181.0  -18148.941   31.688      0.0    
   3600     31692.97    3.5713     2.1399     2.6213     1.5277     0.713      0.1192    16.2391    731.0678   44030.35   15598.57   -18165.0  -18133.241   31.457      0.0    
   3700     32548.19    3.5568     2.135      2.6081     1.5261     0.5669     1.3566    15.1552   1447.7969   43995.32   15604.52   -18205.0  -18174.404   30.861      0.0    
   3800     33404.37    3.5561     2.1364     2.6189     1.5244     0.7655     0.2029    14.5215   3948.6828   43919.49   15592.36   -18167.0  -18136.596   30.394      0.0    
   3900     34259.25    3.5629     2.1464     2.6166     1.5337     0.5954     0.4135    16.3919    560.353    43962.29   15621.36   -18204.0  -18173.214   31.106      0.0    
   4000     35118.6     3.5497     2.136      2.6211     1.5329     0.7249     0.9187    16.8301   23823.9787  43876.45   15625.61   -18214.0  -18183.351   30.845      0.0    
   4100     35974.24    3.5495     2.1414     2.6193     1.5389     0.7958     0.9031    17.2752   14027.8803  43922.62   15627.37   -18198.0  -18165.97    32.032      0.0    
   4200     36829.26    3.5551     2.1429     2.6098      1.54      1.0651     0.415     17.5394   43444.1415  43963.24   15645.35   -18255.0  -18222.73    31.775      0.0    
   4300     37684.33    3.547      2.1409     2.6137     1.5372     0.7425     0.7879    18.1643    2532.691   43942.81   15648.75   -18262.0  -18230.156   31.448      0.0    
   4400     38542.32    3.5453     2.1374     2.6058     1.5352     0.7443     0.3203    17.6261   14188.5931  43938.49   15622.13   -18217.0  -18185.947   31.324      0.0    
   4500     39395.16    3.5466     2.1406     2.6166     1.5382     1.0589     1.4933    18.7313   6759.8202   43943.54   15622.4    -18210.0  -18178.642   31.206      0.0    
   4600     40248.92    3.5394     2.1317     2.6035     1.5262     0.5209     0.1495    15.5162    465.8188   43811.91   15582.96   -18184.0  -18153.119   31.284      0.0    
   4700     41102.29    3.5372     2.1313     2.6075     1.5287     0.5977     0.6518    15.6426   1922.2657   43843.8    15590.39   -18168.0  -18137.114   30.839      0.0    
   4800     41956.87    3.5336     2.1292     2.5992     1.5211     0.8219     0.2377    16.3156   15793.2409  43820.5    15593.28   -18176.0  -18145.869   30.621      0.0    
   4900     42811.12    3.5421     2.1289     2.6046     1.517      0.7661     1.1881    14.6493   6728.1636   43842.46   15593.17   -18179.0  -18148.09    30.658      0.0    
   5000     43668.7     3.5257     2.1209     2.5919     1.5152     0.5105     0.2605    14.7531   4501.0068   43721.62   15589.9    -18181.0  -18149.943   31.318      0.0    
   5100     44523.64    3.5262     2.1266     2.5888     1.5175     0.4777     2.2382    16.0009   8403.0615   43781.76   15617.48   -18206.0  -18174.582   31.674      0.0    
   5200     45377.38    3.5074     2.1168     2.6057     1.5287     0.6007     1.0208    15.2804   101932.3903  43710.96   15607.48   -18203.0  -18171.103   31.619      0.0    
   5300     46230.42    3.5232     2.1206     2.6022     1.516      0.572      0.5365    15.1438   98079.1066  43702.63   15607.24   -18196.0  -18164.301   31.342      0.0    
   5400     47084.3     3.5361     2.1306     2.5995     1.5245     0.5641     3.7015    15.2427   6216.7789   43692.11   15611.16   -18224.0  -18193.064   31.102      0.0    
   5500     47937.63    3.5301     2.1231     2.604      1.5226     0.6814     0.5308    17.0665   18302.0951  43719.16   15609.28   -18210.0  -18178.72    31.578      0.0    
   5600     48791.95    3.5255     2.1236     2.5887     1.5183     0.5992     0.8755    16.4126    6166.224   43707.45   15623.81   -18221.0  -18188.857   31.738      0.0    
   5700     49647.2     3.526      2.1216     2.5829      1.51      0.7286     0.2389    16.4464   730305.1279  43703.22   15621.72   -18207.0  -18175.579   31.481      0.0    
   5800     50499.75    3.5132     2.1162     2.6063     1.519      0.613      0.8755    17.2284   175324.2134  43629.94   15606.64   -18180.0  -18148.717   31.619      0.0    
   5900     51352.51    3.511      2.1155     2.5798     1.5057     0.5206     0.1591    16.4641   4362.1324   43642.52   15604.07   -18165.0  -18133.532   31.09       0.0    
   6000     52205.09    3.5161     2.1197     2.5905     1.5112     0.4016     0.4728    14.7687    487.6364   43640.4    15589.48   -18201.0  -18169.752   31.055      0.0    
   6100     53057.22    3.5082     2.1085     2.5718     1.4997     0.4281      0.39     13.2876   3064.2538   43648.97   15569.3    -18179.0  -18147.991   30.872      0.0    
   6200     53908.83    3.5211     2.1245     2.5857     1.5096     0.4589     1.9845    14.1202   1094812.6149  43625.06   15600.53   -18208.0  -18177.273   31.054      0.0    
   6300     54762.06    3.5059     2.1103     2.5796     1.5055     0.536      0.3757    14.1011   83549.119   43597.7    15587.76   -18181.0  -18149.591   31.138      0.0    
   6400     55614.15    3.5174     2.1223     2.5837     1.5063     0.6239     2.1974    15.0811   35712.422   43665.07   15608.23   -18187.0  -18155.37    31.24       0.0    
   6500     56468.48    3.505      2.1177     2.5827     1.5094     0.7792     0.2632    14.0964   17421.7594  43597.79   15595.79   -18201.0  -18169.616   31.424      0.0    
   6600     57324.05    3.5098     2.1198     2.571      1.5021     0.6864     0.5941     14.168   4079.0844   43613.28   15601.22   -18178.0  -18147.068   31.222      0.0    
   6700     58178.49    3.5074     2.1154     2.5788     1.5082     0.5628     2.7192    16.1336    401.2097   43624.67   15595.53   -18199.0  -18168.043   31.115      0.0    
   6800     59031.05    3.5149     2.1183     2.5834     1.5009     0.4942     0.2187     15.656   88040.451   43604.14   15600.6    -18197.0  -18166.556   30.766      0.0    
   6900     59885.41    3.5117     2.1192     2.5803     1.5062     0.4485     0.3524    13.6836   3668.3133   43629.33   15602.95   -18195.0  -18163.959   30.697      0.0    
   7000     60737.47    3.5071     2.1201     2.5596     1.5054     0.5951     2.6015    15.9744    8430.41    43617.61   15608.92   -18204.0  -18173.664   30.665      0.0    
   7100     61591.42    3.5057     2.1074     2.5654     1.4882     0.5103     0.3378    13.8177   17971.9472  43594.47   15597.32   -18173.0  -18142.204   30.61       0.0    
   7200     62444.08    3.5044     2.1102     2.5628     1.4975     0.4872     0.6016    14.3562   28790.8861  43596.27   15612.15   -18203.0  -18172.551   30.516      0.0    
   7300     63296.25    3.4978     2.1044     2.5795     1.4961     0.4235     1.9493     14.772    932.1799   43516.7    15583.59   -18172.0  -18141.916   30.377      0.0    
   7400     64148.34    3.5093     2.112      2.581      1.4984     0.371      0.3807    14.6143   3248.1049   43584.51   15596.07   -18179.0  -18149.087   30.306      0.0    
   7500     65010.8     3.5005     2.1053     2.5629     1.4916     0.5179     0.6261    14.7306   28753.6957  43511.58   15607.97   -18195.0  -18164.704   30.109      0.0    
   7600     65864.03    3.5013     2.1064     2.5651     1.4852     0.7025     0.6409    14.4906   303399.0401  43566.12   15601.35   -18172.0  -18142.332   30.003      0.0    
   7700     66716.62    3.5011     2.1085     2.5703     1.4897     0.7103     0.3344    13.7925   3873.1259   43564.2    15600.5    -18167.0  -18137.255   29.896      0.0    
   7800     67568.84    3.4943     2.1026     2.5692     1.4924     0.5007     0.3062    15.6106   18953.593   43572.24   15597.67   -18190.0  -18160.052   29.763      0.0    
   7900     68422.04    3.4874     2.0988     2.5561     1.4846     0.5633     2.012     14.8786   3870.8526   43545.24   15592.18   -18180.0  -18150.174   29.665      0.0    
   8000     69274.54    3.5075     2.1179     2.5602     1.491      0.619      0.243     15.8601   20201.6054  43564.98   15614.25   -18188.0  -18157.914   29.634      0.0    
   8100     70125.98    3.5009     2.1028     2.571      1.4902     0.3812     0.4381    16.0405   4391.7618   43542.11   15610.6    -18175.0  -18145.061   29.663      0.0    
   8200     70977.76    3.4973     2.105      2.5656     1.4922     0.5995     0.158     16.1697   110615.4394  43534.67   15624.54   -18198.0  -18168.884   29.478      0.0    
   8300     71828.8     3.4987     2.1047     2.5541     1.4846     0.4929     1.5103    15.4648   9455.0418   43523.77   15612.39   -18213.0  -18183.547   29.107      0.0    
   8400     72680.62    3.4928     2.1036     2.5542     1.4884     0.5401     3.1486    16.9468   1189.3315   43485.05   15606.47   -18210.0  -18180.838   28.974      0.0    
   8500     73532.49    3.5003     2.1061     2.5553     1.482      0.5006     0.4211    14.2318   32142.8703  43502.09   15603.75   -18194.0  -18164.107   29.632      0.0    
   8600     74385.49    3.5064     2.107      2.5534     1.4768     0.4602     1.0428    14.0676   1626.9759   43544.54   15598.13   -18171.0  -18141.738   29.447      0.0    
   8700     75237.16    3.4899     2.1028     2.5436     1.4755     0.5645     0.3777    14.8817    665.0404   43509.87   15595.6    -18170.0  -18139.963   29.691      0.0    
   8800     76088.47    3.5063     2.1068     2.5699     1.4888     0.4158     0.6941    14.8063   1387098.8871  43448.37   15600.93   -18178.0  -18148.827   29.571      0.0    
   8900     76939.14    3.4933     2.0924     2.5466     1.4709     0.5603     0.6093    15.5443   3409.4738   43448.84   15601.7    -18173.0  -18143.425   29.531      0.0    
   9000     77789.81    3.5085     2.1128     2.5564     1.4741     0.4983     1.2515    16.5757   11438.6097  43499.01   15604.27   -18170.0  -18140.143   29.532      0.0    
   9100     78642.51    3.5046     2.1105     2.5562     1.4786     0.5583     0.6682    15.7673   98228.047   43539.99   15594.51   -18196.0  -18166.068   29.653      0.0    
   9200     79498.12    3.4928     2.1098     2.5454     1.4792     0.5951     1.1559    15.6391    422.7588   43469.05   15609.24   -18197.0  -18167.302   29.698      0.0    
   9300     80352.84    3.5034     2.1126     2.549      1.475      0.5068     0.5424    15.5466   2979.2671   43460.17   15591.64   -18177.0  -18147.051   29.591      0.0    
   9400     81204.33    3.5041     2.1054     2.5323     1.4698     0.4582     0.3316    15.3651    331.243    43477.58   15572.79   -18137.0  -18107.417   29.381      0.0    
   9500     82056.78    3.4983     2.1062     2.5412     1.4744     0.5626     0.4152    16.1527   8302.1147   43545.02   15588.3    -18175.0  -18145.949   29.375      0.0    
   9600     82909.59    3.4983     2.1142     2.5551     1.4894     0.4494      0.24     15.3752   106462.0806  43580.26   15602.03   -18198.0  -18168.358   29.468      0.0    
   9700     83764.58    3.4964     2.1062     2.5329     1.469      0.5072     1.0436    14.5296   76031.9469  43534.92   15586.9    -18173.0  -18143.877   29.438      0.0    
   9800     84616.93    3.4913     2.1079     2.5428     1.4772     0.5046     0.3412    15.3014   68259.8113  43494.23   15597.02   -18166.0  -18136.282   29.372      0.0    
   9900     85473.01    3.486      2.101      2.5387     1.4696     0.469      0.1801    14.9376   1537.2338   43486.55   15589.68   -18199.0  -18168.987   29.633      0.0    
  10000     86331.32    3.5103     2.112      2.5401     1.4766     0.479      0.6711    15.3001    594.7958   43520.72   15610.5    -18216.0  -18186.336   29.326      0.0    
  10100     87191.46    3.515      2.113      2.5311     1.4694     0.4891     0.7502    15.3883    3597.106   43541.48   15585.46   -18161.0  -18131.75     29.1       0.0    
  10200     88049.98    3.5035     2.106      2.5437     1.4713     0.571      0.5244    13.8737   7643.2092   43474.43   15600.7    -18191.0  -18161.645   29.089      0.0    
  10300     88908.87    3.499      2.1017     2.5326     1.4615     0.3524     1.329     13.0939    7272.072   43494.02   15570.11   -18159.0  -18130.015   28.979      0.0    
  10400     89768.81    3.4809     2.0991     2.5342     1.4702     0.4364     3.2732    14.6727   2654.5195   43446.77   15577.04   -18158.0  -18128.607   29.674      0.0    
  10500     90626.82    3.5029     2.1111     2.5345     1.4707     0.4026     1.1989    14.9539   1344.0156   43536.76   15565.56   -18159.0  -18129.207   29.47       0.0    
  10600     91482.65    3.5018     2.1145     2.5174     1.4606     0.4619     1.0403    14.7534   4152.9893   43559.89   15566.57   -18163.0  -18133.89    29.446      0.0    
  10700     92337.58    3.4929     2.1084     2.537      1.4691     0.3677     0.7323    13.6632   2060.2743   43463.83   15563.96   -18157.0  -18127.758   29.487      0.0    
  10800     93191.43    3.483      2.1002     2.5115     1.4607     0.412      0.1325    13.7134   233361.4227  43435.94   15550.15   -18145.0  -18115.39    29.428      0.0    
  10900     94045.96    3.4842     2.1016     2.5336     1.4737     0.3337     0.2007    13.7502    878.0069   43421.47   15553.05   -18142.0  -18112.702   29.273      0.0    
  11000     94897.84    3.502      2.1133     2.5355     1.4663     0.4635     1.0686    15.0614    5871.799   43515.0    15555.54   -18132.0  -18102.97    29.128      0.0    
  11100     95749.97    3.4963     2.1044     2.5171     1.4549     0.4803     0.137     14.4195   1011.3605   43506.71   15564.04   -18137.0  -18107.832   29.442      0.0    
  11200     96602.68    3.4821     2.0916     2.5156     1.453      0.4543     0.1354     13.977    701.8947   43448.05   15550.43   -18133.0  -18102.334   30.572      0.0    
  11300     97452.42    3.4923     2.1013     2.5333     1.4644     0.3945     0.4642    14.1882   38463.3927  43408.13   15560.49   -18129.0  -18098.662   30.549      0.0    
  11400     98304.24    3.4851     2.1016     2.5207     1.4581     0.4611     2.373     13.4017    472.7427   43451.33   15553.02   -18150.0  -18119.909   30.55       0.0    
  11500     99163.71    3.5013     2.1054     2.5234     1.458      0.4905     0.1681    13.0965   3728.0766   43480.4    15553.53   -18138.0  -18107.653   30.327      0.0    
  11600    100070.66    3.5013     2.1073     2.5249     1.458      0.4105     0.6721    12.9354   1619.4941   43512.24   15554.93   -18125.0  -18094.37    30.342      0.0    
  11700    100942.58    3.495      2.112      2.5318     1.4679     0.4782     0.8151    14.4687   1068.2245   43511.11   15571.09   -18158.0  -18127.768   30.316      0.0    
  11800    101795.79    3.4966     2.1122     2.5263     1.4672     0.3317     0.3233     13.188   11088.4539  43509.16   15560.17   -18145.0  -18114.724   30.585      0.0    
  11900    102643.73    3.4989     2.106      2.5126     1.4482     0.4006     0.2762    13.9603   4215.0378   43511.59   15557.03   -18139.0  -18108.572   30.785      0.0    
  12000    103488.59    3.5029     2.106      2.5063     1.4475     0.4222     0.2769    14.1102    761.8187   43532.75   15562.67   -18125.0  -18094.33    30.546      0.0    
  12100    104335.49    3.4988     2.1087     2.5325     1.4668     0.5515     0.2432    13.4306   43113.9983  43547.97   15578.89   -18176.0  -18145.455   30.505      0.0    
  12200    105182.03    3.5011     2.1063     2.5135     1.4589     0.5003     0.9678    14.1954   10230.3803  43536.99   15570.11   -18162.0  -18131.199   30.456      0.0    
  12300    106027.11    3.4913     2.103      2.5394     1.4798     0.509      1.4351     15.386   17957.7384  43529.4    15597.88   -18172.0  -18141.882   30.243      0.0    
  12400    106873.21    3.4921     2.1056     2.5263     1.4715     0.4994     0.3005     15.625    556.1556   43543.77   15596.8    -18179.0  -18148.912   30.153      0.0    
  12500    107719.01    3.4941     2.1024     2.5237     1.4627     0.405      0.6355    14.9947   37714.5827  43450.39   15579.6    -18178.0  -18147.332   30.673      0.0    
  12600     108566.2    3.497      2.1055     2.5324     1.4716     0.3816     0.3736    14.9035   4431.9492   43548.59   15600.3    -18191.0  -18160.192   30.654      0.0    
  12700    109411.54    3.5059     2.1133     2.5241     1.4732     0.4138     1.017     14.5368    894.0871   43573.67   15599.71   -18188.0  -18157.464    30.6       0.0    
  12800    110270.61    3.5109     2.1153     2.522      1.4646     0.4223     0.3385    13.9361   273276.2694  43599.02   15600.39   -18187.0  -18156.288   30.753      0.0    
  12900    111115.97    3.5068     2.1088     2.5207     1.4584     0.4979     0.2804     14.613   1625.9346   43574.59   15594.74   -18168.0  -18137.563   30.81       0.0    
  13000    111962.43    3.5047     2.112      2.5373     1.4695     0.3924     0.515     13.9622   1318.3508   43548.38   15605.57   -18190.0  -18158.708   31.782      0.0    
  13100    112810.18    3.502      2.1041     2.5092     1.4572     0.307      0.3584    14.2425   3208.1876   43550.34   15610.77   -18196.0  -18164.76    31.721      0.0    
  13200    113660.34    3.5067      2.11      2.5234     1.463      0.3953     1.9593    14.6668    950.8657   43530.08   15590.92   -18177.0  -18145.737   31.489      0.0    
  13300    114506.75    3.5121     2.1104     2.5239     1.4588     0.426      0.9963    14.4905   1969.7202   43566.3    15583.45   -18182.0  -18151.119   31.297      0.0    
  13400    115351.96    3.503      2.1045     2.5354     1.4657     0.5163     0.4867    14.4458   1342.8768   43518.13   15580.89   -18184.0  -18152.481   31.469      0.0    
  13500    116196.96    3.5072     2.1112     2.5188     1.4646     0.2663     0.4838    12.5676    406.7402   43506.12   15573.78   -18170.0  -18138.279   31.438      0.0    
  13600    117042.52    3.5008     2.1067     2.5163     1.4587     0.2583     0.2788    12.7995    855.7622   43538.96   15563.65   -18170.0  -18138.781   31.308      0.0    
  13700    117889.98    3.5199     2.1149     2.529      1.4648     0.3619     0.5845    13.5113   1307.7337   43591.35   15572.41   -18168.0  -18136.597   31.575      0.0    
  13800    118741.54    3.5092     2.1125     2.5116     1.4543     0.5987     3.1615    13.8162    276.3157   43537.49   15566.44   -18160.0  -18128.068   31.472      0.0    
  13900    119587.55    3.5023     2.1076     2.5156     1.4642     0.431      0.3964    14.6059   1900.9685   43571.02   15568.96   -18155.0  -18123.895   31.448      0.0    
  14000    120432.45    3.5087     2.1113     2.5143     1.4561     0.5349     1.9192    14.3647   2483.2262   43540.27   15573.04   -18165.0  -18133.392   31.402      0.0    
  14100    121279.38    3.5067     2.1102     2.5189     1.4583     0.4329     0.5071    14.7057    736.857    43507.03   15563.47   -18136.0  -18104.554   31.307      0.0    
  14200    122125.26    3.5078     2.1071     2.5172     1.4557     0.368      0.2405    13.7896    668.4173   43528.31   15555.56   -18152.0  -18120.644   31.053      0.0    
  14300    122971.57    3.4964     2.1054     2.5124     1.4612     0.4252     0.4593    13.5246    344.7239   43513.98   15569.2    -18161.0  -18129.638   31.045      0.0    
  14400    123818.71    3.4993     2.1065     2.5141     1.4587     0.4115     2.0064    14.0326   6316.6035   43549.93   15568.37   -18143.0  -18111.886   30.847      0.0    
  14500    124675.21    3.5001     2.1017     2.5314     1.4568     0.4779     1.3796    15.3551   1718.7745   43530.03   15548.44   -18147.0  -18116.597   30.893      0.0    
  14600    125532.18    3.4953     2.1014     2.5063     1.4465     0.5982     0.6686    13.8726   16491.4383  43563.07   15572.92   -18136.0  -18105.272   30.697      0.0    
  14700    126388.41    3.5053     2.107      2.5157     1.4544     0.4562     1.1228    14.6431   603421.3692  43548.38   15547.61   -18140.0  -18109.41    30.576      0.0    
  14800     127240.1    3.5125     2.1153     2.5065     1.4542     0.5738     0.2684    15.4434   84232.6315  43565.36   15559.81   -18140.0  -18109.587    30.6       0.0    
  14900     128100.9    3.5064     2.1129     2.498      1.4469     0.5309     0.3633    15.7012   19367.9842  43571.46   15562.56   -18144.0  -18113.08    30.52       0.0    
  15000    128961.08    3.5112     2.1184     2.5019     1.4497     0.4786     0.9023    15.1957   1504613.622  43569.97   15558.24   -18140.0  -18109.668   30.64       0.0    
  15100     129818.0    3.5232     2.1138     2.5139     1.4595     0.4269     0.1856    15.3783   48137.4143  43588.85   15550.12   -18128.0  -18097.606   30.479      0.0    
  15200    130673.51    3.5313     2.128      2.5171     1.4647     0.4964     0.6904    16.1765   2087.7674   43681.81   15562.53   -18141.0  -18110.927   30.38       0.0    
  15300    131532.97     3.51      2.1098     2.5028     1.4515     0.5414     2.8635    14.4673    449.527    43571.67   15538.22   -18121.0  -18090.559   30.552      0.0    
  15400    132390.22    3.515      2.1127     2.5108     1.4568     0.6018     0.6249    14.4156   9340.3925   43604.46   15543.71   -18129.0  -18098.142   30.757      0.0    
  15500    133254.09    3.5178     2.1164     2.5024     1.447      0.6078     0.1745    14.3682   15637.6117  43612.3    15547.73   -18123.0  -18092.895   30.534      0.0    
  15600    134146.02    3.5234     2.1176     2.4835     1.4427     0.5369     0.2247     13.997   1861.9123   43572.4    15550.23   -18164.0  -18133.459   30.549      0.0    
  15700    135034.87    3.5281     2.123      2.5076     1.4529     0.482      0.3497    15.9164    358.3208   43690.42   15575.54   -18145.0  -18114.236   30.512      0.0    
  15800    135905.68    3.5186     2.1156     2.4984     1.4418     0.4508     0.1793    15.2908   737979.7932  43626.22   15556.98   -18128.0  -18097.565   30.368      0.0    
  15900     136786.6    3.5225     2.1182     2.4963     1.4446     0.5076     0.2314     15.182   1459.5306   43591.72   15556.46   -18142.0  -18111.35    30.405      0.0    
  16000    137670.79    3.5216     2.122      2.5045     1.4572     0.5391     0.8575    16.5295   1983.4633   43645.22   15575.69   -18162.0  -18131.451   30.618      0.0    
[ 0.35958173  0.25372381 -1.6374677  -1.39829314  0.97417067  0.58630826
  0.65217354  0.81656162  1.30875544  1.30919202 -0.43936646  0.43751
  1.14527773 -0.3463096   0.13237373  1.4064274  -0.30525915 -0.12032701
  0.15249296  0.34693423]
[ 1.18617272  1.18428409  2.07095145  0.79631245  1.30451279  1.78348968
  2.45661307  0.07258059  1.01532847  0.71481822 -0.02919645  0.47546662
  0.24966169  0.76819907  1.43536518 -1.00787448  0.40916056 -0.68908292
  0.96887627  1.40710573]
[ 0.10614305  0.52371711  0.61543549  1.31337102  0.34721792 -0.15902907
  1.76906861  0.36445379  0.75462318 -0.43168594  0.89430651  0.03043494
  0.52941674  0.06252385  1.14319027  0.73094713  0.72310423  0.9697296
  1.17837267  2.13730213]
