Generating synthetic count valued data ... 
Generating synthetic  count valued data took:  17.66420269012451
max_count =  52  min count =  0
Evaluation for true params: 
 test_rsme | train_rsme | rel-te-err | rel-tr-err |  test_nll  |  train_nll |
2.6464995749 2.6289161265   1.51876      1.50536     163417.29    651123.47  
Using  0.1 of training data
Factorizing with max_iteration = 16000  fixing covariance?:  False
Tensor dimensions:  [50, 50, 50]
Optimization metrics: 
Using Ada Grad
Mean update scheme:  S
Covariance update :  N
Using diagonal covariance?:  False
Random start? True
k1 samples =  64  k2 samples =  128
eta =  1.0  cov eta =  1.0  sigma eta =  1
iteration |   time   |test_rsme |rel-te-err|train_rsme|rel-tr-err|   d_mean  |   d_cov  |avg_grad_m|avg_grad_c| test_nll | train_nll |    VLB   |  E-term  |    KL     |   dw   |
    0         6.61     10.4197     6.6659    10.4474     6.6956     3.1623     0.4025     0.8786   10652.5062 133872.41   53658.22   -64019.0  -63958.742   59.918     0.0004  
    5        192.68     10.418     6.6668    10.4428     6.6951     3.1623     0.683      6.7107   93962.4635 133643.51   53620.74   -64009.0  -63955.21    53.869      0.0    
    10       381.97    10.4137     6.6659    10.4336     6.6911     3.1623     0.983     12.9476   159990.3638 133256.37   53430.66   -63747.0   -63699.0    47.572      0.0    
    20       607.64    10.3857     6.6651    10.3616     6.6685     3.1623     7.6295    37.1639   652617.0701 132414.95   52766.63   -62897.0  -62856.743   39.804      0.0    
    50       973.39     9.8172     6.2913     9.5539     6.1382     3.1623    122.9848   228.247   5896742.0303 120079.43   46405.83   -54574.0  -54522.665   51.266      0.0    
   100      1481.11     5.7476     3.4987     5.2236     3.1958     3.1245    262.2314   348.5423  7037483758018.031  64428.97   24126.12   -26052.0  -26005.794   46.277      0.0    
   200       2332.2     4.6355     2.775      3.8747     2.3506     2.6853      3.69     67.8576   47226250158.9641  52823.22   19032.81   -21388.0  -21343.886   44.387      0.0    
   300      3259.95     4.0875     2.439      3.3446     2.0163     1.8571     0.5928    35.5835   19146808.1504  48600.72   17506.63   -19882.0  -19842.102   40.141      0.0    
   400      4210.57     3.9664     2.3714     3.1833     1.9109     1.467      3.6767    30.2442   243247248.7136  47632.81   17068.76   -19503.0  -19464.462   38.225      0.0    
   500      5171.51     3.966      2.3592     3.1319     1.8656     1.6698     0.3686    30.2659    8783.133   47157.84   16737.36   -19231.0  -19194.119   36.421      0.0    
   600      6133.08     4.027      2.3937     3.2098     1.8938     2.4635     11.796    31.6193   63597772.2038  47314.31   16708.49   -19242.0  -19202.618   39.686      0.0    
   700      7064.79     3.8615     2.3152     2.9703     1.7705     1.2443     0.7201    21.8034   13546.6295  46487.47   16293.8    -18840.0  -18801.537   38.453      0.0    
   800      8014.16     3.9944     2.377      3.0404     1.7869     1.9774    15.7619    25.1254   26877378.3467  46915.46   16282.01   -18859.0  -18820.988   37.55       0.0    
   900      8953.59     3.829      2.2885     2.8761     1.6938     0.6901     0.2996    17.8686    146.5758   46137.72   15986.48   -18542.0  -18506.181   35.379      0.0    
   1000     9905.88     3.7904     2.2731     2.8245     1.6732     0.6819     0.0757    17.2343    663.2188   45842.9    15888.19   -18455.0  -18419.628   34.909      0.0    
   1100     10862.47    3.7127     2.2338     2.7877     1.6559     0.6621     0.4149    17.0381   2111.1464   45355.56   15801.2    -18389.0  -18355.116   34.245      0.0    
   1200     11821.08    3.7076     2.2224     2.778       1.64      0.8262     0.187     17.2265   2082.8038   45211.49   15753.34   -18327.0  -18294.36    32.779      0.0    
   1300     12779.25    3.686      2.2097     2.7394     1.6145     0.814      0.1811    16.4305    191.4702   45014.46   15688.74   -18271.0  -18238.435   32.152      0.0    
   1400     13741.2     3.6916     2.2119     2.7338     1.6071     0.6821     0.139     16.8755    504.1361   44974.0    15673.7    -18254.0  -18222.303   31.314      0.0    
   1500     14702.96     3.66      2.1912     2.6954     1.579      0.5858     0.128     15.8919    220.8097   44721.15   15604.33   -18192.0  -18161.527   30.842      0.0    
   1600     15665.4     3.6268     2.1674     2.6973     1.581      0.7339     0.1887    16.6489   59696.4328  44572.91   15603.74   -18163.0  -18132.604   30.012      0.0    
   1700     16629.44    3.6418     2.1744     2.6896     1.5748     0.9824     0.344     17.4063   20224.4946  44574.76   15580.25   -18147.0  -18117.603   29.299      0.0    
   1800     17593.89    3.6373     2.1738     2.6817     1.5613     0.803      0.2063    16.5333    363.6265   44470.56   15568.67   -18144.0  -18115.196   28.489      0.0    
   1900     18559.29    3.6108     2.1586     2.6755     1.5654     0.7543     0.5644    15.5272    711.6054   44279.94   15546.43   -18116.0  -18087.306   28.211      0.0    
   2000     19525.14    3.609      2.1476     2.6434     1.5415     0.6921     4.1277    17.2751   2002.8247   44263.16   15520.53   -18076.0  -18048.009   27.707      0.0    
   2100     20491.19    3.6082     2.1462     2.6402     1.5399     0.7229     0.2216    17.5702   45417.7153  44184.05   15496.62   -18084.0  -18056.853   27.469      0.0    
   2200     21457.69    3.5953     2.1375     2.6281     1.5331     0.8272     2.7203    16.3403   88270.8822  44098.9    15484.23   -18067.0  -18039.413   27.091      0.0    
   2300     22424.5     3.5777     2.1336     2.6194      1.53      0.6961     0.7475    14.9372    144.9109   43942.0    15469.29   -18056.0  -18029.605   26.66       0.0    
   2400     23392.44    3.5735     2.1264     2.6201     1.5302     0.6322     0.1882    15.4252    342.4711   43828.4    15467.19   -18071.0  -18044.691   26.34       0.0    
   2500     24360.95    3.5589     2.1145     2.6117     1.5189     0.5019     0.2739     15.151   148401.3278  43745.41   15443.16   -18041.0  -18015.484   25.82       0.0    
   2600     25329.15    3.5504     2.1128     2.5889     1.5144     0.5212     1.0596    13.8021   1474.2587   43703.06   15436.77   -18037.0  -18011.227   26.152      0.0    
   2700     26297.19    3.5316     2.105      2.5961     1.522      0.8342    20.8675    17.5233   2417899.0798  43652.21   15447.41   -18032.0  -18005.05    26.621      0.0    
   2800     27258.43    3.551      2.1158     2.5948     1.515      0.686      5.1356    15.8438   1171.1754   43708.98   15418.05   -18021.0  -17994.133   26.436      0.0    
   2900     28222.54    3.5283     2.0946     2.5519     1.4856     0.5167     0.1921    14.6965   33089.6381  43608.76   15376.98   -17988.0  -17961.734   26.475      0.0    
   3000     29185.91    3.5219     2.1016     2.5677     1.5076     0.6596      0.58     14.6694   1644.1606   43620.82   15391.25   -17990.0  -17963.896   26.199      0.0    
   3100     30148.18    3.5189     2.0985     2.5756     1.5078     0.7142     0.3049    14.3698    899.7697   43561.99   15380.22   -17984.0  -17958.301   25.799      0.0    
   3200     31112.11    3.5229     2.0985     2.5521     1.4886     0.5908     0.1924    13.6879    3566.568   43545.01   15369.52   -17962.0  -17936.966   25.411      0.0    
   3300     32078.7     3.5206     2.0967     2.5575     1.4876     0.7031     0.5337    14.8442   1551.1717   43563.96   15371.62   -17958.0  -17932.687   25.305      0.0    
   3400     33045.24    3.5056     2.0868     2.5457     1.4815     0.5093     3.1896    14.0975   1649.9602   43468.92   15351.41   -17930.0  -17904.883   24.99       0.0    
   3500     34010.43    3.5064     2.0856     2.5327     1.4752     0.5544     3.1023     13.407   59776.9101  43440.44   15334.08   -17943.0  -17917.514   25.587      0.0    
   3600     34975.56    3.5227     2.1045     2.5462     1.4787     0.7723     0.104     14.5705   2029.7364   43531.88   15372.35   -17988.0  -17962.684   25.635      0.0    
   3700     35942.33    3.5086     2.0941     2.5417     1.481      0.9866     0.8224    15.5668    665.486    43458.51   15348.71   -17945.0  -17919.624   25.106      0.0    
   3800     36909.71    3.5045     2.0893     2.5306     1.4699     0.7763     0.1459    14.3889   2372.9831   43450.63   15340.15   -17959.0  -17933.727   25.539      0.0    
   3900     37876.85    3.5003     2.0841     2.5167     1.4592     0.6676     0.2874    15.0265   16120.8853  43388.47   15348.03   -17949.0  -17923.513   25.263      0.0    
   4000     38844.38    3.4889     2.0756     2.5218     1.469      0.7724     0.153     15.4186   11675.1792  43374.5    15351.96   -17943.0  -17916.421   26.163      0.0    
   4100     39810.49    3.4821     2.0742     2.5303     1.4734     0.7107     0.3732    15.2324   1000.1655   43307.12   15366.77   -17963.0  -17936.903   25.958      0.0    
   4200     40775.77    3.4828     2.0696     2.5195     1.4704     0.7204     0.6796    15.3943   31801.638   43274.95   15361.79   -17941.0  -17915.645   25.773      0.0    
   4300     41741.76    3.4893     2.0761     2.5169     1.4676     0.9076     0.3089    16.0355   815747.1295  43363.91   15374.12   -17967.0  -17941.584   25.515      0.0    
   4400     42727.14    3.4869     2.0778     2.5197     1.4724     0.7373     0.5314    16.1248   13603.4243  43299.79   15373.92   -18003.0  -17976.933   25.725      0.0    
   4500     43701.29    3.4745     2.0747     2.531      1.4792     0.6328     2.1176    15.6996   3582.6869   43210.94   15380.51   -17985.0  -17959.739   25.551      0.0    
   4600     44670.37    3.4845     2.0792     2.5211     1.471      0.764      0.5265    15.4306   6272.2747   43276.61   15372.48   -17990.0  -17963.913   25.643      0.0    
   4700     45636.59    3.4858     2.0775     2.5142     1.4666     0.9651     0.611     15.6248   10084.3032  43323.78   15377.15   -17957.0  -17931.245   25.363      0.0    
   4800     46604.1     3.4805     2.0619     2.5154     1.4548     0.5591     0.4467    14.9212   2593.4265   43259.49   15342.97   -17934.0  -17908.749   25.216      0.0    
   4900     47568.13    3.478      2.0612     2.5117     1.4604     0.4686     0.795     14.9693   433503.14   43220.96   15350.39   -17947.0  -17922.476   25.008      0.0    
   5000     48532.56    3.479      2.0653     2.5083     1.4549     0.6186     0.8093    15.1634   9100.2122   43206.56   15372.76   -17970.0  -17944.911   24.775      0.0    
   5100     49498.82    3.4733     2.0576     2.506      1.4586     0.6245     1.3687    14.7336    887.0257   43112.83   15354.7    -17970.0  -17945.553   24.829      0.0    
   5200     50461.68    3.4667     2.0606     2.5138     1.4634     0.5045     0.5219    14.5326    6012.824   43106.72   15363.02   -17969.0  -17944.126   24.749      0.0    
   5300     51422.79    3.4601     2.0607     2.5157     1.4649     0.7174     1.4032    16.5586   39159.1993  43166.05   15383.26   -17971.0  -17946.89    24.497      0.0    
   5400     52381.34    3.4455     2.0501     2.5012     1.4546     0.7959     0.3206    14.9844    5378.326   43088.43   15354.82   -17942.0  -17917.182   24.778      0.0    
   5500     53341.08    3.4675     2.0639     2.5116     1.4692     0.6821     1.5756    15.3026   73866.5398  43156.32   15395.8    -17992.0  -17967.56    24.565      0.0    
   5600     54299.85    3.4734     2.0642     2.5101     1.467      0.4861     7.8037    14.3673   14741.732   43101.33   15356.78   -17952.0  -17926.762   24.858      0.0    
   5700     55258.87    3.4553     2.0568     2.4903     1.4504     0.5957     1.6895    15.4825   11033.1752  43105.12   15363.37   -17970.0  -17945.681   24.698      0.0    
   5800     56217.24    3.4447     2.045      2.4963     1.4494     0.576      0.1495     15.258   32577.537   43011.96   15359.06   -17966.0  -17941.573   24.556      0.0    
   5900     57174.67    3.448      2.0461     2.5054     1.4561     0.6625     0.2416    14.9835    516.7082   43019.18   15353.87   -17958.0  -17934.127   24.331      0.0    
   6000     58131.49    3.4407     2.0504     2.4857     1.4478     0.5423      0.16     14.5165   95053.5677  43016.1    15366.46   -17973.0  -17948.94    24.237      0.0    
   6100     59089.35    3.4458     2.0519     2.4938     1.4589     0.6027     0.8048    14.3083   1142179.1441  42995.72   15360.97   -17980.0  -17955.384   24.186      0.0    
   6200     60045.79    3.4411     2.045      2.4994     1.455      0.4833     0.2824    12.3257   1056.4098   42974.32   15350.79   -17958.0  -17934.086   23.948      0.0    
   6300     61001.1     3.4489     2.0431     2.4928     1.4441     0.8073     1.6216    13.1784   49293.4446  42964.53   15375.48   -17975.0  -17951.315   23.72       0.0    
   6400     61957.27    3.4396     2.0464     2.4926     1.4499     0.4625     0.5614    12.9704   21921.8918  42957.35   15377.73   -17980.0  -17956.117   24.096      0.0    
   6500     62912.71    3.4465     2.0503     2.499      1.4514     0.4266     0.9599     13.516    738.1872   42979.64   15385.56   -17980.0  -17956.253   23.984      0.0    
   6600     63868.59    3.4342     2.0406     2.4884     1.4446     0.4276     0.208      14.192   4689.5171   42967.14   15369.62   -17978.0  -17953.946   23.857      0.0    
   6700     64824.36    3.4398     2.0435     2.4904     1.4443     0.5618     0.7413    14.5096    687.1343   42973.72   15368.16   -17977.0  -17953.458   23.701      0.0    
   6800     65780.18    3.4429     2.051      2.4779     1.4436     0.6807     0.5009    13.7305   13851.9523  43016.04   15377.23   -17991.0  -17967.432   23.558      0.0    
   6900     66736.33    3.4449     2.0468     2.5051     1.4502     0.5526     0.6928    14.3546   3747.0847   43007.36   15401.97   -17991.0  -17967.632   23.609      0.0    
   7000     67692.77    3.4319     2.0413     2.4754     1.4428     0.6551     0.3546    14.6223   10706.2376  42963.29   15385.83   -18002.0  -17978.983   23.494      0.0    
   7100     68647.51    3.4327     2.0414     2.4931     1.4506     0.531      0.3596    14.0202    133.6941   42976.7    15397.63   -17988.0  -17964.497   23.614      0.0    
   7200     69601.86    3.4419     2.0458     2.4803     1.4407     0.4976     4.0925    14.0117   4272.2923   42945.61   15368.16   -17971.0  -17947.283   23.459      0.0    
   7300     70556.7     3.4336     2.0408     2.4789     1.4392     0.564      1.8575    13.7234    957.2024   42964.61   15368.22   -17964.0  -17939.968   24.088      0.0    
   7400     71510.29    3.4404     2.0446      2.49      1.444      0.4147     0.6766    13.7959    1482.556   42919.57   15377.51   -17980.0  -17955.831   23.881      0.0    
   7500     72465.76    3.4378     2.0402     2.4839     1.436      0.5908     3.0698    14.0184   3316.1965   42973.38   15376.78   -17960.0  -17935.808   23.847      0.0    
   7600     73420.76    3.4391     2.0461     2.4963     1.4519     0.5866     0.2773    13.4965   14079.3145  42952.58   15386.75   -18002.0  -17978.742   23.629      0.0    
   7700     74376.27    3.432      2.046      2.4777     1.4408     0.6225     0.9787    13.4811   1611.4219   42916.32   15374.35   -17976.0  -17952.281   24.205      0.0    
   7800     75332.43    3.4362     2.0418     2.4833     1.4453     0.5358     0.5401    14.8164   1208.2343   42937.79   15371.97   -17977.0  -17953.251   24.177      0.0    
   7900     76287.99    3.4375     2.0462     2.4593     1.4332     0.485      0.2758    14.7364   90267.7532  42915.26   15376.71   -17980.0  -17956.174   24.12       0.0    
   8000     77242.13    3.442      2.0474     2.4832     1.4465     0.5932     0.2774    14.4155   160710.9122  42950.6    15388.34   -18002.0  -17977.463   24.062      0.0    
   8100     78195.39    3.4434     2.0498     2.4781     1.4445     0.6811     1.8081    15.2172    2220.591   42982.23   15402.26   -18021.0  -17996.37    24.172      0.0    
   8200     79150.32    3.4261     2.0408     2.4824     1.4438     0.5395     0.3478    14.7794   28067.7473  42913.17   15375.9    -18005.0  -17981.02    24.046      0.0    
   8300     80103.42     3.44      2.0481     2.4786     1.4477     0.6223     1.0957     15.415    967.4156   42931.43   15407.17   -18021.0  -17997.52    23.948      0.0    
   8400     81055.97    3.438      2.0506     2.4757     1.4445     0.5963     0.7791    15.9571    379.1028   42949.96   15404.2    -18024.0  -17999.941   24.013      0.0    
   8500     82009.05    3.4216     2.0322     2.4721     1.4341     0.4763     0.4098    13.0877    2050.671   42905.7    15400.58   -17987.0  -17962.731   23.867      0.0    
   8600     82959.87    3.4259     2.0442     2.4678     1.4403     0.3637     0.7592    12.9475   14955.7916  42915.13   15387.26   -17991.0  -17966.905   23.691      0.0    
   8700     83913.04    3.4192     2.0375     2.4592     1.428      0.4365     0.483      13.206   220633.906  42890.43   15381.65   -17982.0  -17958.338   23.883      0.0    
   8800     84863.53    3.4304     2.0408     2.4626     1.4351     0.6009     5.0419    14.3467   1147.6211   42915.75   15393.32   -17987.0  -17963.308   23.887      0.0    
   8900     85814.06    3.4387     2.044      2.4766     1.4393     0.5074     0.3165    14.6293   59293.0575  42959.32   15400.22   -17995.0  -17971.64    23.795      0.0    
   9000     86763.19    3.431       2.04      2.4805     1.4387     0.5633     0.6785    14.3814   1346.1284   42944.54   15383.94   -17993.0  -17968.961   23.886      0.0    
   9100     87713.44    3.4321     2.0452     2.4708     1.4416     0.613      0.3125     13.575   2125.0715   42948.82   15391.9    -17981.0   -17956.7    24.008      0.0    
   9200     88662.98    3.4412     2.0508     2.4745     1.4428     0.6324     1.292      14.957   50542.3411  42932.88   15405.7    -18012.0  -17988.33    23.945      0.0    
   9300     89612.43    3.4216     2.0378     2.4743     1.446      0.6221     0.4608    14.7162   9392.1402   42924.6    15388.19   -17986.0  -17962.262   23.923      0.0    
   9400     90564.25    3.4342     2.0416     2.4724     1.4353      0.52      0.2022    14.2081   104393.0085  42891.79   15391.19   -17994.0  -17970.026   23.981      0.0    
   9500     91521.01    3.4349     2.0455     2.4786     1.4425     0.5096     0.5686    14.3308   2083.7996   42910.72   15404.25   -18004.0  -17980.212   23.892      0.0    
   9600     92470.07    3.4421     2.0473     2.4823     1.4421     0.5646     0.3323    15.0592   63338.6617  42960.77   15404.67   -18017.0  -17993.283   23.774      0.0    
   9700     93418.62    3.4413     2.0497     2.468      1.4498     0.5575     0.5847    14.8279   1069.7712   42980.9    15412.77   -18040.0  -18016.526   23.679      0.0    
   9800     94388.81    3.4458     2.0571     2.4704     1.4445     0.5047     0.9044    14.3512   2160.1882   42919.42   15416.31   -18039.0  -18015.01    23.633      0.0    
   9900     95372.56    3.4129     2.0389     2.4614     1.4365     0.6084      1.25     13.9453   62877.9521  42898.23   15408.51   -18036.0  -18012.386   23.567      0.0    
  10000     96362.83    3.4216     2.0401     2.4689     1.4359     0.4506     1.9469    14.4204   1999.4771   42940.24   15412.31   -18026.0  -18001.985   23.532      0.0    
  10100     97351.74    3.4309     2.0435     2.4887     1.4444     0.7499     0.1478    15.3925   5206.9623   42989.14   15428.3    -18035.0  -18010.844   24.171      0.0    
  10200     98343.59    3.4276     2.0419     2.463      1.4363     0.8137     0.2247    16.3698   27517.5822  42940.67   15431.34   -18049.0  -18025.062   24.108      0.0    
  10300     99369.59    3.4347     2.0438     2.4764     1.4401     0.7167     2.6534    15.5595   68537.573   42971.72   15422.41   -18029.0  -18003.814   24.776      0.0    
  10400    100425.46    3.4329     2.0467      2.47      1.4363     0.7648     0.2829    15.9965   57670.2299  42958.65   15410.88   -18007.0  -17982.757   24.676      0.0    
  10500    101449.55    3.4365     2.0496     2.4746     1.4465     0.5487     0.2608    14.9025   3763.9115   42954.81   15405.05   -18004.0  -17978.942   25.166      0.0    
  10600    102446.42    3.4315     2.0438     2.4755     1.4353     0.7364      0.48     14.9904   159611.9938  42909.7    15401.29   -18007.0  -17981.396   25.107      0.0    
  10700    103444.75    3.434      2.0476     2.4806     1.4411     0.586      0.5163    15.6955   1177.5256   42971.8    15412.33   -18008.0  -17983.015   24.855      0.0    
  10800    104459.33    3.4242     2.0393     2.4912     1.4457     0.5923     0.6507    15.0999    1204.425   42938.6    15409.99   -18010.0  -17985.657   24.675      0.0    
  10900    105434.16    3.4268     2.0411     2.4705     1.4427     0.5979     0.164     15.3666    245.1036   42894.7    15396.5    -18000.0  -17974.478   25.101      0.0    
  11000    106410.54    3.418      2.039      2.471      1.4331     0.3986     1.1707    13.4847   57896.1431  42864.98   15372.8    -17976.0  -17951.224   25.055      0.0    
  11100    107392.86    3.4377     2.0508     2.4661     1.4335     0.6814     0.5132    14.2488   6005.9094   42958.07   15390.58   -17995.0  -17970.488   24.966      0.0    
  11200    108366.33    3.4214     2.0406     2.4669     1.4367     0.5471     0.2464    15.1541    889.0226   42916.18   15399.92   -17998.0  -17973.289   24.892      0.0    
  11300    109345.59    3.4277     2.0491     2.4543     1.4239     0.4772     0.538     14.6739   1205.1278   42919.18   15385.35   -17992.0  -17966.867   24.803      0.0    
  11400    110345.09    3.4291     2.0384     2.4582     1.422      0.4977     0.344     13.1313   631688.4359  42894.24   15373.68   -17968.0  -17943.419   24.884      0.0    
  11500    111319.71    3.4238     2.0426     2.4481     1.4286     0.5768     0.7445    13.7375   1013.1722   42913.43   15393.26   -17987.0  -17962.216   24.844      0.0    
  11600     112311.6    3.4229     2.0452     2.4574     1.4371     0.5464     0.3204    14.9353   5635.7314   42956.88   15413.2    -18015.0  -17990.049   24.763      0.0    
  11700    113291.45    3.4378     2.0499     2.4623     1.4409     0.5538     1.0532    15.4437   1412.4203   42991.87   15413.57   -18012.0  -17987.126   24.557      0.0    
  11800    114264.46    3.4206     2.0412     2.4747     1.4471     0.5609     0.4543    15.7115   139678.4668  42913.78   15417.05   -18013.0  -17987.245   25.553      0.0    
  11900     115237.9    3.4266     2.0458     2.4669      1.43      0.6923     0.2697    15.7364   3008.0766   42980.15   15417.71   -18021.0  -17995.373   25.383      0.0    
  12000    116230.93    3.4138     2.0361     2.4676     1.4351     0.4962     0.2618    15.0791   12612.6344  42933.21   15407.7    -18031.0  -18005.992   25.248      0.0    
  12100    117225.99    3.4092      2.03      2.4651     1.4338     0.5943     0.1395    14.3299    847.0074   42898.3    15389.83   -18002.0  -17976.653   25.27       0.0    
  12200    118218.21    3.4271     2.045      2.4508     1.4278     0.464      1.3511    14.5088   1408.5591   42896.18   15405.95   -18032.0  -18006.351   25.284      0.0    
  12300    119219.89    3.4153     2.0365     2.4557     1.4315     0.5594     1.3252    15.2935   1992.7402   42862.34   15415.14   -18015.0  -17989.024   25.567      0.0    
  12400    120208.23    3.4117     2.0356     2.4559     1.4332     0.4586     0.1164    14.6633   1239.2881   42858.88   15401.03   -18014.0  -17988.166   25.578      0.0    
  12500    121191.85    3.4154     2.0285     2.4766     1.4325     0.649      0.6382    15.6142   10057.7438  42875.19   15396.86   -17993.0  -17967.143   25.563      0.0    
  12600    122182.08    3.4061     2.0302     2.4631     1.4283     0.5326     1.6394    14.2974    397.5007   42834.04   15397.59   -18008.0  -17982.902   25.552      0.0    
  12700    123144.91    3.4179     2.0366     2.4561     1.4248     0.422      0.4891    13.6188    289.6499   42868.18   15392.51   -17997.0  -17971.667   25.688      0.0    
  12800    124109.62    3.3995     2.0218     2.4576     1.4223     0.4493     1.0946    13.9328   26243.7199  42795.16   15400.26   -17982.0  -17956.586   25.713      0.0    
  12900    125095.68    3.4132     2.0351     2.4482     1.4175     0.5346     0.539     14.4427   1807.6986   42854.05   15402.0    -18020.0  -17994.539   25.61       0.0    
  13000    126055.18    3.4156     2.0334     2.4536     1.4197     0.5771     0.2334    14.3013   3985671.5274  42863.83   15408.66   -18000.0  -17974.159   25.648      0.0    
  13100     127018.8    3.3915     2.016      2.4458     1.4187     0.5049     0.1883    14.0787   43824.3274  42807.96   15400.37   -18004.0  -17978.746   25.624      0.0    
  13200    128006.43    3.4073     2.025      2.4547     1.4194     0.5668     2.0739    13.7058   4981.5815   42810.93   15392.34   -17992.0  -17966.856   25.415      0.0    
  13300    128986.76    3.411      2.0357     2.468      1.4236     0.5208     0.406     13.9232   1751.4161   42833.1    15392.92   -18020.0  -17995.037   25.365      0.0    
  13400    129959.33    3.4129     2.0315     2.4553     1.424      0.5334     0.366     15.2447    2887.451   42952.24   15425.68   -18007.0  -17981.265   25.332      0.0    
  13500    130927.87    3.4222     2.0393     2.4758     1.4392     0.6348     1.0046    17.0894   2604.6322   42967.16   15447.2    -18024.0  -17998.666   25.256      0.0    
  13600    131911.23    3.4282     2.0428     2.462      1.4257     0.5707     0.3211    16.5551   9376.2068   42967.87   15423.83   -18025.0  -17999.739   25.298      0.0    
  13700    132858.53    3.4302     2.0436     2.4611     1.4254     0.6726     0.2072    16.9294    996.2447   42938.53   15430.83   -18045.0  -18019.652   25.373      0.0    
  13800    133836.38    3.4115     2.027      2.4651     1.4244     0.5049     0.594     14.9743    3242.336   42917.71   15412.0    -18035.0  -18010.141   25.252      0.0    
  13900    134810.34    3.4143     2.0354     2.4481     1.4188     0.403      0.4141    13.7684    971.6412   42902.52   15424.84   -18027.0  -18001.969   25.168      0.0    
  14000    135783.16    3.4052     2.0294     2.4562     1.4195     0.3488     0.499     14.7331   1051.6654   42886.44   15412.65   -18047.0  -18021.677   24.978      0.0    
  14100    136759.41    3.4261     2.0446     2.4707     1.4214     0.5539     0.2407    13.9383   3324.5709   42902.69   15435.95   -18041.0  -18015.945   25.086      0.0    
  14200    137737.52    3.4193     2.035      2.4491     1.4196     0.4252     0.3761    14.0281    455.2811   42900.62   15406.18   -18032.0  -18007.278   24.989      0.0    
  14300    138700.46    3.4214     2.0376     2.4683     1.4242     0.4077     0.3195    14.5104    682.2542   42877.16   15408.43   -18019.0  -17994.546   24.826      0.0    
  14400    139680.14    3.4246     2.0461     2.4571     1.4251     0.4389     0.2026    15.3457   5924.6786   42919.11   15419.86   -18036.0  -18011.759   24.735      0.0    
  14500    140657.04    3.4174     2.0377     2.4754     1.4309     0.518      0.1557    15.1582   32333.0095  42907.67   15431.87   -18042.0  -18017.297   24.684      0.0    
  14600    141645.12    3.4358      2.05      2.4681     1.4286     0.4825     0.3612    15.8995    528.7777   42950.17   15428.76   -18050.0  -18025.913   24.522      0.0    
  14700    142625.21    3.4256     2.0398     2.4619     1.4252     0.4711     1.9751    13.9024   263493.3511  42928.77   15409.78   -18048.0  -18023.755   24.475      0.0    
  14800    143602.25    3.4395     2.0416     2.4549     1.4124     0.4763     0.8307    13.1031    539.9752   42961.9    15439.07   -18034.0  -18009.815   24.416      0.0    
  14900    144564.15    3.4448     2.0521     2.467      1.429      0.4201     3.9894    14.4262   1594.6993   42955.2    15423.39   -18039.0  -18014.886   24.249      0.0    
  15000    145561.02    3.4294     2.0391     2.4473     1.412      0.4076     4.2789    13.3278   8822.7549   42895.66   15402.09   -17999.0  -17974.407    24.4       0.0    
  15100    146547.49    3.4184     2.0382     2.4471     1.4119     0.4703     0.5081    14.0184   579739.7605  42880.99   15398.23   -17992.0  -17967.769   24.386      0.0    
  15200    147536.41    3.4402     2.0472     2.456      1.4203     0.5085     0.3506     13.888   89199.5817  42972.52   15398.36   -18012.0  -17987.068   24.682      0.0    
  15300    148511.93    3.4283     2.0454     2.4475     1.4189     0.4318     0.4065    13.6867   56825.1579  42915.14   15404.78   -18009.0  -17984.018   24.744      0.0    
  15400    149492.37    3.4213     2.0406     2.4442     1.4187     0.5361     0.1702    13.6401   1627171.3965  42938.69   15401.73   -17998.0  -17973.438   24.678      0.0    
  15500    150445.34    3.4148     2.0374     2.4352     1.4111     0.4676     1.8173    14.3973   39425.9437  42905.94   15404.6    -18027.0  -18002.496   24.609      0.0    
  15600    151400.22    3.4299     2.0461     2.4513     1.4172     0.4181     0.6496    14.2191   2132.6639   43013.97   15408.87   -18026.0  -18001.017   24.647      0.0    
  15700    152348.84    3.4342     2.0508     2.4605     1.4305     0.4071     0.1213    14.6242    315.7065   42971.15   15433.91   -18037.0  -18012.679   24.638      0.0    
  15800    153314.29    3.4233     2.0455     2.4609     1.427      0.3976     1.3236    14.8104    210.4879   42933.37   15434.89   -18049.0  -18024.353   24.578      0.0    
  15900    154283.56    3.4408     2.0564     2.4655     1.4322     0.5214     0.4437    15.8145   107373.041  43036.53   15443.48   -18050.0  -18025.382   24.474      0.0    
  16000     155241.7    3.4463     2.0577     2.4651     1.4312     0.6274     1.2645    15.8942    458.8567   43037.07   15444.7    -18048.0  -18024.032   24.398      0.0    
[ 0.13706457  0.73180013  0.32742615  0.74731919  0.79398262  2.08915015
 -0.38721631  0.5871294  -0.20749098  0.64802313 -0.40865651 -0.10530462
  0.60836632  0.24127828 -0.11272747  0.53803229  0.58815505 -0.21555293
  0.79230963  0.03201452]
[ 0.53097527  0.83059296  0.61168711  0.4633897   1.34896107 -0.81968238
  1.1993239   0.65318899  2.1919456   1.47576911  0.21785335 -0.89191616
  1.8224954   1.40566429  0.53912044  0.08011931  0.18273504  1.39187004
 -0.41410375  1.09809986]
[ 0.96963145 -0.41723593  1.09084254  1.15234829 -0.91880981  0.7662194
  0.81787518  1.34200309  1.33439824  1.16498444  0.52906804  1.12270342
  1.05762693  1.33056033  0.56502908  0.54195492  1.32547227  0.2203625
  0.53042783  1.39543409]
