Generating synthetic count valued data ... 
Generating synthetic  count valued data took:  17.13773775100708
max_count =  55  min count =  0
Evaluation for true params: 
 test_rsme | train_rsme | rel-te-err | rel-tr-err |  test_nll  |  train_nll |
2.6157905115 2.6387724419   1.50604       1.5161     159574.82    635256.82  
Using  0.1 of training data
Factorizing with max_iteration = 16000  fixing covariance?:  False
Tensor dimensions:  [50, 50, 50]
Optimization metrics: 
Using Ada Grad
Mean update scheme:  S
Covariance update :  N
Using diagonal covariance?:  False
Random start? True
k1 samples =  64  k2 samples =  128
eta =  1.0  cov eta =  1.0  sigma eta =  1
iteration |   time   |test_rsme |rel-te-err|train_rsme|rel-tr-err|   d_mean  |   d_cov  |avg_grad_m|avg_grad_c| test_nll | train_nll |    VLB   |  E-term  |    KL     |   dw   |
    0         2.34      10.373     6.6547    10.3766     6.6791     3.1623     0.4753     1.0648     0.828    163842.34   65956.57  -131851.0  -131793.174   57.336     0.0049  
    5        157.75    10.3762     6.6563    10.3737     6.6771     3.1623     0.4753     7.5213     7.7692   162545.25   65344.24  -131053.0  -131004.058   49.281     0.0007  
    10       326.09    10.3768     6.6562    10.3605     6.6659     3.1623     0.4753    16.7401     16.744   160700.58   64385.77  -129902.0  -129859.423   42.413     0.0009  
    20       520.29    10.3577     6.6428    10.2925     6.6131     3.1623     0.4753    48.6009    46.4253   158534.23   62981.72  -126121.0  -126085.952   35.362      0.0    
    50       792.83     9.8877     6.2202     9.5526     5.9992     3.1623     0.5949    318.491    210.2009  140519.65   53527.97   -95595.0  -95540.653   54.296     0.0002  
   100      1175.75     6.1657     3.7621     5.6316     3.4514     3.0927     0.2276    572.1381   476.9995   70185.28   25873.96   -30849.0  -30799.985   48.601     0.0003  
   200      1693.05     4.6729     2.8329     3.9484     2.4287     2.8185     0.174     86.1069    184.3193   53611.57   19429.53   -23743.0  -23697.885   45.134     0.0001  
   300      2225.37     4.1891     2.5694     3.5427     2.194      2.0807     0.1196    49.2324    192.8081   49972.74   18250.34   -22449.0  -22405.539   43.207      0.0    
   400       2760.0     4.0368     2.4771     3.3854     2.0834     1.4486     0.1004    46.9574    195.0767   48646.92   17677.34   -21893.0  -21852.397   40.905      0.0    
   500      3298.54     3.9396     2.408      3.2469     1.9694     1.0702     0.0838     38.774    193.1128   47574.35   17109.38   -21212.0  -21171.75    39.76       0.0    
   600      3831.33     3.8674     2.3702     3.1725     1.9216     0.9991     0.0748    34.0697    194.9627   47089.2    16881.16   -20933.0  -20894.365   38.846      0.0    
   700       4366.2     3.8596     2.3753     3.1352     1.9011     1.1997      0.07     31.3418    198.2762   47113.52   16777.85   -20841.0  -20803.267   38.202      0.0    
   800      4902.15     3.8085     2.3432     3.0793     1.8588     1.0333     0.0618    28.8216    202.6242   46682.78   16568.31   -20596.0  -20558.41    37.519      0.0    
   900       5439.6     3.7816     2.3116     3.0259     1.8023     0.7502     0.0578    25.9331    201.3321   46351.66   16373.78   -20367.0  -20329.449   37.157      0.0    
   1000     5974.78     3.7716     2.3072     2.9934     1.7731     0.8123     0.0535    26.3352    200.3064   46259.77   16281.4    -20246.0  -20209.129   36.706      0.0    
   1100     6509.91     3.7652     2.3037     2.976      1.7707     0.9354     0.0492    25.8756    203.4289   46172.16   16223.39   -20173.0  -20136.234   36.31       0.0    
   1200     7045.53     3.7526     2.2911     2.9488     1.7531     0.8301     0.0479    23.0109    202.2801   46073.5    16107.68   -20048.0  -20012.717   35.701      0.0    
   1300     7580.28     3.727      2.2805     2.9193     1.7355     0.6064     0.0473    22.3627    205.3597   45911.16   16050.5    -19979.0  -19943.27    35.525      0.0    
   1400     8116.83     3.7221     2.2782     2.8881     1.7155     0.5741     0.0428    21.1194    206.6048   45854.81   15976.45   -19925.0  -19889.67    35.575      0.0    
   1500     8651.88     3.718      2.2746     2.8961     1.719      0.6655     0.0419    22.3361    207.6375   45816.7    15963.49   -19896.0  -19860.313   35.195      0.0    
   1600     9187.22     3.7038     2.271      2.8677     1.7022     0.7388     0.0412    22.7613    209.152    45743.39   15911.96   -19836.0  -19801.007   34.845      0.0    
   1700     9723.13     3.6939     2.271      2.8648     1.7021     0.7373     0.0399    24.0705    209.8161   45658.59   15906.36   -19869.0  -19834.635   34.225      0.0    
   1800     10259.05    3.6951     2.2634     2.8591     1.6974     0.785      0.0398    23.9324    209.0022   45704.13   15863.11   -19786.0  -19751.364   34.243      0.0    
   1900     10794.2     3.7005     2.2666     2.8429     1.6841     0.6793     0.0381    23.2199    212.2975   45723.91   15832.18   -19727.0  -19693.179   34.269      0.0    
   2000     11328.49    3.7059     2.2679     2.8336     1.679      0.7685     0.0371    22.1506    211.4201   45658.16   15803.73   -19729.0  -19695.156   34.043      0.0    
   2100     11862.93    3.6876     2.2553     2.8155     1.6594     0.8253     0.0364    22.7355    212.6161   45588.85   15748.83   -19657.0  -19622.728   34.078      0.0    
   2200     12397.03    3.6822     2.2494     2.797      1.6502     0.6858     0.0348    20.1516    211.4498   45469.45   15722.05   -19622.0  -19588.025   34.005      0.0    
   2300     12930.37    3.6944     2.2635     2.8109     1.665      0.9194     0.0349    20.8141    215.1072   45621.23   15770.67   -19643.0  -19609.112   34.031      0.0    
   2400     13462.93    3.6804     2.2512     2.7847     1.6527     0.6535     0.0349     20.569    216.3909   45543.11   15707.07   -19566.0  -19532.377   33.519      0.0    
   2500     13995.57    3.6801     2.2575     2.7767     1.6528     0.5059     0.0342    19.9292    216.3362   45517.99   15688.75   -19579.0  -19545.656   32.897      0.0    
   2600     14529.23    3.6766     2.2501     2.7677     1.6402     0.6379     0.0326    21.9603    218.0393   45469.08   15658.34   -19570.0  -19537.073   33.382      0.0    
   2700     15061.8     3.6726     2.2416     2.7619     1.6333     0.7899     0.0331    22.4491    214.8497   45492.76   15644.22   -19535.0  -19501.611   33.368      0.0    
   2800     15594.91    3.6878     2.2563     2.7609     1.6348     0.7591     0.0334    22.7023    216.2283   45562.18   15649.92   -19514.0  -19480.625   32.934      0.0    
   2900     16126.3     3.6748     2.2401     2.7553     1.6247     0.7163     0.0327     22.942    217.6368   45497.8    15612.98   -19450.0  -19416.923   32.961      0.0    
   3000     16658.95    3.6748     2.2413     2.7387     1.6105     0.8779     0.0318    23.2818    217.3186   45507.46   15591.37   -19444.0  -19411.517   32.471      0.0    
   3100     17190.76    3.6638     2.2364     2.7288     1.6025     0.805      0.0323    20.9347    215.3749   45452.9    15570.22   -19402.0  -19368.943   32.682      0.0    
   3200     17720.71    3.6506     2.2269     2.7258     1.6034     0.6019     0.0316     20.126    214.8773   45338.47   15530.27   -19381.0  -19347.895   32.848      0.0    
   3300     18249.9     3.6558     2.2288     2.7105     1.5977     0.5841     0.032     20.9676    218.1294   45319.22   15510.5    -19347.0  -19314.656   32.677      0.0    
   3400     18782.05    3.658      2.2403     2.7058     1.5957     0.5221     0.0314    19.6413    218.8883   45369.97   15520.19   -19392.0  -19359.06    32.814      0.0    
   3500     19312.45    3.6836     2.2557     2.7148     1.6029     0.6691     0.0309    21.5104    216.8374   45539.25   15542.01   -19418.0  -19385.654   32.754      0.0    
   3600     19842.26    3.672      2.243      2.7118     1.5996     0.7486     0.0309    21.9285    220.2999   45500.53   15521.58   -19395.0  -19362.091   32.795      0.0    
   3700     20370.79    3.6806     2.2504     2.7127     1.5944     0.7387     0.031     22.7281    218.6515   45550.46   15522.35   -19371.0  -19338.967   32.487      0.0    
   3800     20900.77    3.6845     2.242      2.6898     1.5814     0.7329     0.0298     20.872    219.4505   45547.65   15478.84   -19297.0  -19264.814   32.496      0.0    
   3900     21432.7     3.6687     2.237      2.6845     1.5802     0.6295      0.03     21.4699    219.6688   45433.47   15463.86   -19290.0  -19257.402   32.475      0.0    
   4000     21962.78    3.6671     2.2426     2.6832     1.5851     0.7758     0.0303    19.8064    222.3501   45441.54   15476.86   -19315.0  -19282.081   32.42       0.0    
   4100     22493.19    3.6724     2.2413     2.6626     1.5673     0.7456     0.0301    19.8605    220.2623   45428.9    15439.34   -19266.0  -19233.033   32.477      0.0    
   4200     23023.94    3.6645     2.2403     2.6735     1.5704     0.7688     0.0303    19.2685    221.6192   45425.41   15444.31   -19278.0  -19245.808    32.2       0.0    
   4300     23554.07    3.6582     2.2298     2.6661     1.5594     0.5227     0.0296    19.4698    217.8201   45349.25   15396.93   -19244.0  -19211.83    32.373      0.0    
   4400     24084.16    3.6504     2.224      2.6537     1.5524     0.6856     0.0302     18.841    215.8557   45360.39   15387.44   -19204.0  -19171.939   31.986      0.0    
   4500     24613.31    3.654      2.2233     2.6557     1.5562     0.7201     0.0299    20.1645    218.1883   45456.55   15403.59   -19193.0  -19161.76    31.734      0.0    
   4600     25143.86    3.6535     2.2231     2.6455     1.5459     0.5323     0.0296    19.5197    220.7414   45416.59   15367.81   -19170.0  -19138.361   31.927      0.0    
   4700     25675.29    3.6432     2.2106     2.6433     1.5417     0.5375     0.0293     19.194    216.7756   45351.45   15342.37   -19131.0  -19099.202   31.762      0.0    
   4800     26205.62    3.6555     2.2224     2.6348     1.539      0.602      0.0294    19.6692    217.5706   45361.95   15358.14   -19162.0  -19129.962   31.764      0.0    
   4900     26737.82    3.6482     2.2194     2.6394     1.5402     0.5557     0.0293    18.2975    218.6935   45396.14   15359.55   -19139.0  -19107.269   31.787      0.0    
   5000     27266.19    3.6559     2.225      2.6332     1.5387     0.6249     0.0292    19.4857    218.0386   45391.97   15346.64   -19118.0  -19086.087   31.654      0.0    
   5100     27795.34    3.6613     2.228      2.6393     1.5443     0.6662     0.0299    19.8441    221.2605   45366.23   15337.52   -19133.0  -19100.809   31.753      0.0    
   5200     28324.14    3.6546     2.2277     2.642      1.5485     0.6684     0.0292    20.4162    220.278    45348.03   15366.34   -19176.0  -19144.43    31.534      0.0    
   5300     28853.04    3.6604     2.2278     2.6406     1.5472     0.6222     0.0291    19.8944    219.6552   45424.97   15340.38   -19152.0  -19120.307   31.411      0.0    
   5400     29381.12    3.6556     2.2305     2.6355     1.5426     0.6037     0.0291     19.683    222.3369   45334.19   15334.28   -19142.0  -19110.357   31.559      0.0    
   5500     29909.05    3.6654     2.2379     2.6308     1.5483     0.8071     0.0292    20.9581    221.0557   45438.13   15385.4    -19210.0  -19178.287   31.363      0.0    
   5600     30439.11    3.6499     2.2233     2.6216     1.5307     0.7131     0.0295    22.0463    219.9074   45346.82   15336.27   -19167.0  -19135.91    30.992      0.0    
   5700     30966.56    3.6541     2.2276     2.6306     1.5386     0.7893     0.0291     20.429    220.6622   45336.66   15347.23   -19157.0  -19125.881   31.144      0.0    
   5800     31493.46    3.6491     2.2184     2.6209     1.5291     0.4692     0.0289     19.62     220.7102   45305.79   15303.69   -19108.0  -19076.873   31.229      0.0    
   5900     32020.73    3.6517     2.223      2.6173     1.5401     0.6209     0.0291    20.0032    222.3351   45259.54   15339.11   -19136.0  -19104.668    31.3       0.0    
   6000     32548.17    3.6612     2.2256     2.6364     1.545      0.9792     0.0288    21.3187    223.2074   45323.94   15349.47   -19137.0  -19105.876   31.175      0.0    
   6100     33074.75    3.6464     2.2136     2.6155     1.5211     0.7535     0.0292     22.028    223.6036   45259.61   15285.97   -19081.0  -19049.571   31.222      0.0    
   6200     33601.38    3.6572     2.2245     2.6209     1.5296     0.6699     0.0297    21.9876    225.5963   45350.58   15312.1    -19118.0   -19086.8    31.447      0.0    
   6300     34128.18    3.6629     2.2325     2.6231     1.5354     0.5955     0.0286    20.8009    227.6367   45396.63   15336.25   -19144.0  -19112.912    31.4       0.0    
   6400     34657.42    3.6461     2.2175     2.6074     1.5198     0.632      0.0294    20.7077    226.2915   45260.59   15289.55   -19058.0  -19026.927   31.532      0.0    
