Generating synthetic count valued data ... 
Generating synthetic  count valued data took:  17.0993230342865
max_count =  55  min count =  0
Evaluation for true params: 
 test_rsme | train_rsme | rel-te-err | rel-tr-err |  test_nll  |  train_nll |
2.6157905115 2.6387724419   1.50604       1.5161     163434.99    650812.53  
Using  0.1 of training data
Factorizing with max_iteration = 16000  fixing covariance?:  False
Tensor dimensions:  [50, 50, 50]
Optimization metrics: 
Using Ada Grad
Mean update scheme:  S
Covariance update :  N
Using diagonal covariance?:  False
Random start? True
k1 samples =  64  k2 samples =  128
eta =  1.0  cov eta =  1.0  sigma eta =  1
iteration |   time   |test_rsme |rel-te-err|train_rsme|rel-tr-err|   d_mean  |   d_cov  |avg_grad_m|avg_grad_c| test_nll | train_nll |    VLB   |  E-term  |    KL     
    0         2.29     10.3749     6.6557    10.3789     6.6795     3.1623     0.3481     1.1101     0.8983   194344.44   78530.25  -133266.0  -133208.976   56.861   
    5        113.45    10.3822     6.6572    10.3821     6.6781     3.1623     0.3481     7.3635     8.7621   192257.06   77693.39  -132536.0  -132487.464   48.644   
    10       238.31     10.392     6.6623    10.3808     6.6765     3.1623     0.3481    16.5804    18.6346   189764.67   76392.91  -131423.0  -131379.963   42.946   
    20       388.94    10.3834     6.6498    10.3113     6.624      3.1623     0.3927    51.7972    51.0477   184711.85   73913.3   -126724.0  -126688.055   35.683   
    50       615.42     9.8379     6.2102     9.5164     6.0259     3.1623     0.5236    350.8501   234.4223   158266.7   61070.18   -92397.0  -92344.793   52.157   
   100       951.9      5.8101     3.5622     5.3456     3.299      3.0736     0.2352    522.6944   448.5656   70279.71   26081.76   -29072.0  -29026.561   45.791   
   200      1430.03     4.3971     2.6275     3.7524     2.274      2.3995     0.1721    75.1641    171.8878   54001.0    19334.74   -22267.0  -22225.328    41.5    
   300       1917.9     4.0984     2.4976     3.5256     2.1632     2.5122     0.1125    59.7958    192.0981   52334.77   18820.89   -21844.0  -21804.726   38.93    
   400      2405.54     3.9071     2.3649     3.2963     1.9922     1.5198     0.0901    43.2383    184.233    49354.26   17473.84   -20695.0  -20658.194   36.507   
   500      2895.71     3.8195     2.3051     3.2088     1.9322     1.4327     0.0706    32.1158    194.2436   48463.59   17150.14   -20367.0  -20332.486   34.766   
   600      3381.89     3.7916     2.2986     3.1425     1.886      1.4574     0.0602     34.333    195.4907   48235.42   16951.64   -20204.0  -20170.348   33.281   
   700      3872.19     3.7769     2.2819     3.1019     1.8494     1.0879     0.0534    34.2193    196.0429   47867.56   16716.31   -19995.0  -19962.861   32.264   
   800      4360.68     3.7413     2.2651     3.0329     1.8075     0.9629     0.052     30.4322    197.5638   47444.14   16487.34   -19800.0  -19768.372    31.3    
   900      4848.81     3.7114     2.2512     2.9995     1.7848     0.9283     0.0444    25.6108    200.662    47040.15   16329.84   -19671.0  -19640.283   30.643   
   1000     5337.77     3.7116     2.2471     2.9695     1.7668     0.9567     0.0407    28.2615    200.4547   46951.55   16242.2    -19593.0  -19563.357   29.982   
   1100     5827.23     3.6971     2.2384     2.9239     1.7273     0.7956     0.0379    24.3232    202.3184   46625.4    16089.81   -19450.0  -19420.624   29.506   
   1200     6316.35     3.6789     2.2149     2.8958     1.6939     0.7005     0.0364    21.9438    200.2191   46267.78   15932.22   -19306.0  -19276.735   29.513   
   1300     6806.71     3.6719     2.2107     2.8785     1.6833     0.7298     0.0342    22.7118    199.3109   46184.9    15882.34   -19256.0  -19227.271   28.838   
   1400     7297.86     3.6666     2.2082     2.8411     1.6621     0.8008     0.0321    22.4455     201.47    46102.58   15823.11   -19182.0  -19153.432   28.625   
   1500     7785.17     3.653      2.199      2.8398     1.6528     0.7805     0.0309    22.8891    202.0897   45915.89   15763.92   -19125.0  -19096.496   28.428   
   1600     8272.34     3.6394     2.1934     2.8052     1.6317      0.99      0.0294    22.0896    202.9194   45786.4    15696.8    -19090.0  -19062.043    28.2    
   1700      8759.4     3.6492     2.2012     2.7992     1.6333     0.8428     0.0285    20.5464    205.3509   45794.06   15695.62   -19084.0  -19055.698   27.953   
   1800     9249.63     3.6329     2.1975     2.7921     1.6409     1.2691     0.0274    24.1222    206.8372   45781.45   15732.53   -19125.0  -19097.38    27.657   
   1900     9738.45     3.6452     2.2092     2.7807     1.6287     0.774      0.0262    25.0103    207.1632   45702.03   15647.65   -19076.0  -19048.624   27.551   
   2000     10225.74    3.6154     2.1779     2.7597     1.608      0.6162     0.0259    21.2021    206.6536   45473.42   15581.67   -18972.0  -18944.362   27.647   
   2100     10714.08    3.6256     2.1882     2.7533     1.6039     0.7304     0.0255    21.3872    204.5821   45550.19   15585.75   -18992.0  -18964.567   27.331   
   2200     11199.83    3.6357     2.1955     2.7487     1.6033     0.865      0.0244    25.5883    202.9767   45554.45   15593.53   -18990.0  -18962.794   26.897   
   2300     11686.67    3.6301     2.1857     2.7524     1.5943     0.8836     0.0241    23.8979    201.4755   45506.78   15521.15   -18922.0  -18894.486   27.077   
   2400     12171.84    3.6145     2.1762     2.7305     1.5782     0.7544     0.0231    21.2106    202.1939   45449.14   15479.69   -18881.0  -18854.855   26.55    
   2500     12657.35    3.6195     2.1848     2.7203     1.5727     0.6216     0.023     21.0585    201.895    45431.98   15455.39   -18857.0  -18830.87    26.348   
   2600     13143.86    3.6138     2.1765     2.7053     1.5661     0.5909     0.0224    19.8904    205.8915   45329.6    15410.69   -18818.0  -18791.444   26.53    
   2700     13627.86    3.6265     2.1783     2.7103     1.5543     0.8147     0.0221    19.3683    207.4486   45398.9    15381.43   -18753.0  -18726.089   26.642   
   2800     14114.58    3.5994     2.1614     2.6824     1.5459     0.6172     0.0217    18.6804    204.8308   45188.97   15337.5    -18720.0  -18693.099    27.1    
   2900     14601.36     3.6       2.1615     2.7007     1.5476     0.5674     0.0214    19.1469    204.8606   45129.76   15337.05   -18730.0  -18703.662   26.727   
   3000     15086.88    3.5929      2.16      2.6902     1.5415     0.6179     0.021     18.5008     206.22    45076.13   15328.37   -18753.0  -18726.552   26.699   
   3100     15572.05    3.5965     2.1602     2.6838     1.541      0.6805     0.0208    20.4129    207.1946   45178.9    15332.61   -18719.0  -18692.196   27.062   
   3200     16059.73    3.6024     2.1765     2.6822     1.5463     0.6131     0.0204    22.1028    206.9421   45266.84   15349.29   -18737.0  -18709.843   26.866   
   3300     16543.62    3.6026     2.1623     2.6688     1.5309     0.6957     0.0202    21.2498    209.0028   45220.17   15308.51   -18692.0  -18665.388   26.798   
   3400     17028.56    3.601      2.156      2.6654     1.522      0.6897     0.0194    21.3375    207.2629   45119.12   15291.86   -18658.0  -18631.047   26.794   
   3500     17513.76    3.6038     2.1668     2.6667     1.5312     0.6833     0.0202    22.2648    206.5318   45189.67   15287.78   -18683.0  -18656.577   26.852   
   3600     18000.17    3.5986     2.1657     2.6609     1.5346     0.8176     0.0196     22.906    208.5075   45197.18   15294.09   -18666.0  -18638.603   27.009   
   3700     18485.32    3.6073     2.1741     2.6489     1.5224     0.889      0.0198    21.4709    208.4178   45169.32   15276.5    -18665.0  -18637.868   26.923   
   3800     18968.93    3.6042     2.1683     2.6539     1.5245     0.5452     0.0191    20.7403    210.0057   45196.34   15266.03   -18619.0  -18592.443   26.626   
   3900     19453.95    3.6084     2.1714     2.6444     1.5198     0.642      0.0187    22.6819    208.5209   45232.5    15258.81   -18658.0  -18631.314   26.797   
   4000     19938.19    3.606      2.167      2.6423     1.5118     0.7628     0.0187    24.3753    207.3293   45242.51   15243.26   -18631.0  -18604.647   26.619   
   4100     20424.68    3.6068     2.1686     2.6244     1.506      0.6982     0.0183    21.8762    207.8631   45177.7    15193.95   -18565.0  -18538.119   26.798   
   4200     20909.52    3.6095     2.167      2.6195     1.4919     0.5637     0.0182    19.4663    206.2832   45161.74   15169.58   -18535.0  -18508.005   26.541   
   4300     21394.99    3.5977     2.1594     2.6121     1.4929     0.7015     0.0184    19.8892    209.1361   45128.18   15170.95   -18541.0  -18514.066   26.746   
   4400     21878.8     3.6021     2.1626     2.6142     1.5006     0.4922     0.0182    17.3207    211.7417   45109.43   15174.22   -18547.0  -18520.645   26.569   
   4500     22366.13    3.5988     2.1616     2.5949     1.4859     0.489      0.0185    17.6733    209.755    45044.1    15133.09   -18503.0  -18476.73    26.477   
   4600     22851.04    3.5868     2.1561     2.612      1.4996     0.5069     0.0177    17.6454    211.3784   45012.25   15133.75   -18523.0  -18496.047   26.511   
   4700     23338.36    3.5957     2.164      2.5956     1.4887     0.597      0.0175    18.6299    210.8729   45117.34   15144.01   -18528.0  -18501.805   26.603   
   4800     23824.7     3.6012     2.173      2.5921     1.4892     0.7397     0.0173    18.8159    208.9739   45185.62   15141.33   -18528.0  -18501.225   27.051   
   4900     24311.48    3.5928     2.1583     2.5903     1.4785     0.7137     0.0176    17.8733    208.8826   45046.54   15099.53   -18502.0  -18475.121    27.1    
   5000     24797.08     3.6       2.1605     2.5959     1.4853     0.7064     0.0181    17.7147    208.3056   45125.92   15103.81   -18507.0  -18480.432   26.755   
   5100     25282.41    3.5996     2.1597     2.5891     1.4852     0.8171     0.0173    18.8075    209.7636   45166.64   15128.46   -18519.0  -18492.781   26.657   
   5200     25765.87    3.6049     2.1651     2.5799     1.4852     0.8831     0.0174     20.256    208.9034   45194.42   15114.85   -18515.0  -18488.415   26.63    
   5300     26249.32    3.5908     2.1589     2.5809     1.4874     0.6772     0.0172    20.4889    213.8526   45156.23   15137.7    -18515.0  -18488.023   26.559   
   5400     26732.03    3.594      2.1571     2.5817     1.4787     0.6394     0.0178    19.1189    211.8874   45027.94   15099.94   -18470.0  -18443.138   26.606   
   5500     27217.32    3.5985     2.1627     2.5727     1.4722     0.4017     0.0174    18.0757    211.6433   45078.75   15065.13   -18447.0  -18420.276   27.099   
   5600     27702.83    3.5951     2.1641     2.5589     1.4648     0.4517     0.0173    17.1699    213.3358   45146.6    15065.75   -18450.0  -18423.301   26.622   
   5700     28186.47    3.6118     2.1755     2.5579     1.4773     0.5669     0.0166    18.8515    210.6714   45207.17   15082.36   -18475.0  -18448.628   26.583   
   5800     28672.29    3.6062     2.1784     2.5784     1.4835     0.7534     0.0169     22.025    211.8295   45199.03   15112.31   -18541.0  -18514.899   26.513   
   5900     29156.01    3.6185     2.1821     2.5674     1.4779     0.7014     0.0168    20.8682    211.8787   45199.84   15095.52   -18503.0  -18475.919   26.665   
   6000     29639.1     3.6077     2.1721     2.5643     1.471      0.5201     0.0169    19.5464    213.0789   45174.12   15061.08   -18464.0  -18437.714   26.544   
   6100     30123.58    3.603      2.1622     2.5485     1.4562     0.5703     0.0166    19.3477    209.0525   45182.01   15046.14   -18408.0  -18381.417   26.484   
   6200     30607.89    3.5987     2.1611     2.5502     1.4595     0.8272     0.0172     19.574    211.9503   45151.78   15045.04   -18400.0  -18373.712   26.285   
   6300     31092.08    3.5969     2.1582     2.5673     1.4618     0.5884     0.0169    19.2987    213.6666   45131.63   15035.25   -18404.0  -18377.311   26.528   
   6400     31574.46    3.5998     2.1596     2.5446     1.456      0.4076     0.0166    16.8577    211.8105   45085.12   15005.68   -18404.0  -18377.958   26.35    
   6500     32057.17    3.5917     2.1581     2.546      1.4522     0.4461     0.0165    17.9425    210.0405   45065.08   15012.42   -18396.0  -18369.568   26.499   
   6600     32539.93    3.6067     2.1694     2.5385     1.4556     0.4873     0.0165    18.1452    215.1141   45092.23   15015.17   -18405.0  -18378.426   26.521   
   6700     33025.34    3.6068     2.1666     2.5404     1.4618     0.5711     0.0164    19.2345    213.6035   45113.72   15031.93   -18427.0  -18400.533   26.469   
   6800     33508.5     3.6113     2.1709     2.5245     1.4498     0.5827     0.0169    17.1656    214.1049   45026.67   14997.41   -18397.0  -18370.853   26.444   
   6900     33990.55    3.5934     2.1546     2.5332     1.4501     0.4626     0.0168    17.0628    214.8691   45012.07   14996.43   -18384.0  -18357.595   26.535   
   7000     34473.66    3.5971     2.1618     2.531      1.453      0.5616     0.0165    19.1963    216.1786   45105.25   15006.25   -18412.0  -18385.292   26.251   
   7100     34953.89    3.6104     2.1694     2.5455     1.4616     0.6191     0.0165    19.7285    213.6718   45171.82   15017.29   -18398.0  -18371.51    26.149   
