Generating synthetic binary valued data ... 
Generating synthetic  binary valued data took:  8.946568489074707
Evaluation for true params: 
 test_rsme | train_rsme | rel-te-err | rel-tr-err |  test_nll  |  train_nll |
    0.0          0.0          0.0          0.0        24824.84     98569.99  
Using  0.05 of training data
Factorizing with max_iteration = 8000  fixing covariance?:  False
Tensor dimensions:  [50, 50, 50]
Optimization metrics: 
Using Ada Grad
Mean update scheme:  S
Covariance update :  N
Using diagonal covariance?:  False
k1 samples =  64  k2 samples =  64
eta =  1  cov eta =  0.001  sigma eta =  1
iteration |   time   |test_rsme |rel-te-err|train_rsme|rel-tr-err|  d_mean  |   d_cov  | test_nll | train_nll  
    50       67.22      0.9661     0.2334     0.9321     0.2172     3.1623     0.0102    13699.34   2677.95   
   100       230.29     0.728      0.1325     0.7305     0.1334     3.1611     0.0071    17570.86    3579.8   
   200       469.77     0.7153     0.1279     0.7217     0.1302     3.0323     0.008     53406.64   10807.99  
   500      1005.81     0.7155     0.128      0.7228     0.1306      2.5       0.0049    58946.18   12028.7   
   1000     1834.73     0.7155     0.128      0.7228     0.1306     2.0054     0.0042    58946.18   12028.7   
   1500      2665.0     0.7155     0.128      0.7228     0.1306     1.7236     0.0043    58946.18   12028.7   
   2000     3497.72     0.7155     0.128      0.7228     0.1306     1.396      0.0091    58946.18   12028.7   
   2500     4329.74     0.7155     0.128      0.7228     0.1306     1.2902     0.0058    58946.18   12028.7   
   3000      5159.1     0.7155     0.128      0.7228     0.1306     1.1511     0.0067    58946.18   12028.7   
   3500     5988.19     0.7155     0.128      0.7228     0.1306     1.0364      0.01     58946.18   12028.7   
   4000     6817.67     0.7155     0.128      0.7228     0.1306     0.9713     0.0063    58946.18   12028.7   
   4500     7658.35     0.7155     0.128      0.7228     0.1306     1.3122     0.0075    58946.18   12028.7   
   5000     8490.15     0.7155     0.128      0.7228     0.1306     0.9439     0.0086    58946.18   12028.7   
   5500     9317.34     0.7155     0.128      0.7228     0.1306     0.8739     0.0095    58946.18   12028.7   
   6000     10146.21    0.7155     0.128      0.7228     0.1306     1.0073     0.0103    58946.18   12028.7   
   6500     10975.8     0.7155     0.128      0.7228     0.1306     0.8786     0.0096    58946.18   12028.7   
   7000     11803.15    0.7155     0.128      0.7228     0.1306     0.7191     0.0127    58946.18   12028.7   
   7500     12625.54    0.7155     0.128      0.7228     0.1306     0.8278     0.0073    58946.18   12028.7   
   8000     13448.16    0.7155     0.128      0.7228     0.1306     0.6779     0.0152    58946.18   12028.7   
[41.04120012 41.04788802 41.14671062 41.09371953 41.07020717 41.25670164
 41.0634815  41.22510479 41.01707394 41.06667039 41.22368935 41.08385888
 41.00191053 41.11930185 41.15193208 41.02515753 41.00108629 40.98023064
 41.01397343 41.11707657]
[-40.07504746 -39.9413877  -40.0778534  -40.02033951 -39.94634514
 -40.20998382 -39.87627542 -38.84086908 -39.84720963 -39.59919935
 -40.36359643 -40.60138454 -39.68946721 -40.17549737 -39.78929997
 -39.96925669 -39.89684558 -39.93245728 -39.95760792 -40.0968669 ]
[39.31291705 40.59133579 40.55189746 40.53577882 40.74439652 40.72822069
 40.56132699 39.37251676 40.50137841 40.79373293 39.62179368 40.4781641
 40.59994096 40.48830313 40.59754781 39.35074941 40.62349021 40.59310779
 40.54753233 39.30446593]
