Generating synthetic binary valued data ... 
Generating synthetic  binary valued data took:  10.182599067687988
Evaluation for true params: 
 test_rsme | train_rsme | rel-te-err | rel-tr-err |  test_nll  |  train_nll |
0.4051666324 0.421615939    0.04104      0.04444      24176.61     96184.69  
Using  0.05 of training data
Factorizing with max_iteration = 8000  fixing covariance?:  False
Tensor dimensions:  [50, 50, 50]
Optimization metrics: 
Using Ada Grad
Mean update scheme:  S
Covariance update :  N
Using diagonal covariance?:  False
k1 samples =  64  k2 samples =  64
eta =  1  cov eta =  0.001  sigma eta =  0.01
iteration |   time   |test_rsme |rel-te-err|train_rsme|rel-tr-err|  d_mean  |   d_cov  | test_nll | train_nll  |   dw   |
    50       373.82     1.1032     0.3043     1.0465     0.2738     3.1623     0.0504    14980.36   2874.02      0.0    
   100       925.42     0.8231     0.1694     0.7894     0.1558     3.1551     0.0292    9414.19    1772.95      0.0    
   200      1849.18     0.7923     0.1569     0.7689     0.1478     2.3648     0.0182     8328.9    1594.82      0.0    
   500      4262.98     0.7557     0.1428     0.7658     0.1466     1.3085     0.008     8168.87    1605.87      0.0    
   1000     8113.76     0.7618     0.1451     0.7499     0.1406     0.9217     0.0042    8177.31    1594.09      0.0    
   1500     11898.33    0.7616     0.145      0.7462     0.1392     0.7025     0.0029    8144.69    1594.59      0.0    
   2000     15669.7     0.7578     0.1436     0.7589     0.144      0.6896     0.0023    8154.39    1587.77      0.0    
   2500     19444.93    0.7544     0.1423     0.7547     0.1424     0.5872     0.0018    8117.71     1595.3      0.0    
   3000     23208.55    0.7566     0.1431     0.771      0.1486     0.5148     0.0016    8119.86    1588.18      0.0    
   3500     26978.82    0.754      0.1421     0.7589     0.144      0.5091     0.0013    8168.98    1606.69      0.0    
