Generating synthetic binary valued data ... 
Generating synthetic  binary valued data took:  10.610813856124878
Evaluation for true params: 
 test_rsme | train_rsme | rel-te-err | rel-tr-err |  test_nll  |  train_nll |
0.4051666324 0.421615939    0.04104      0.04444      24176.61     96184.69  
Using  0.05 of training data
Factorizing with max_iteration = 8000  fixing covariance?:  False
Tensor dimensions:  [50, 50, 50]
Optimization metrics: 
Using Ada Grad
Mean update scheme:  S
Covariance update :  N
Using diagonal covariance?:  False
k1 samples =  64  k2 samples =  64
eta =  1  cov eta =  0.001  sigma eta =  1
iteration |   time   |test_rsme |rel-te-err|train_rsme|rel-tr-err|  d_mean  |   d_cov  | test_nll | train_nll  |   dw   |
    50        65.3      1.0211     0.2607     0.9968     0.2484     3.1623     0.0096    13752.13   2692.79      0.0    
   100       321.75     0.7454     0.1389     0.7478     0.1398     3.1618     0.0071    20872.48   4070.86      0.0    
   200       652.99     0.7369     0.1358     0.7414     0.1374     3.0251     0.0084    62206.25   12526.98     0.0    
   500      1272.67     0.7369     0.1358     0.7414     0.1374     2.5408     0.0052    62519.79   12655.01     0.0    
   1000     2172.18     0.7369     0.1358     0.7414     0.1374     2.0226     0.0044    62519.79   12655.01     0.0    
   1500     3068.97     0.7369     0.1358     0.7414     0.1374     1.7124     0.0042    62519.79   12655.01     0.0    
   2000     3972.49     0.7369     0.1358     0.7414     0.1374     1.3823     0.0045    62519.79   12655.01     0.0    
   2500     4870.33     0.7369     0.1358     0.7414     0.1374     1.2754     0.0043    62519.79   12655.01     0.0    
   3000     5763.29     0.7369     0.1358     0.7414     0.1374     1.1646     0.005     62519.79   12655.01     0.0    
   3500     6653.11     0.7369     0.1358     0.7414     0.1374     1.0555     0.0052    62519.79   12655.01     0.0    
   4000     7514.19     0.7369     0.1358     0.7414     0.1374     0.9864     0.0078    62519.79   12655.01     0.0    
   4500     8380.62     0.7369     0.1358     0.7414     0.1374     0.9101     0.0078    62519.79   12655.01     0.0    
   5000     9234.18     0.7369     0.1358     0.7414     0.1374     0.8804     0.0096    62519.79   12655.01     0.0    
   5500     10084.29    0.7369     0.1358     0.7414     0.1374     0.8283     0.0093    62519.79   12655.01     0.0    
   6000     10932.0     0.7369     0.1358     0.7414     0.1374     0.7724     0.0109    62519.79   12655.01     0.0    
   6500     11779.13    0.7369     0.1358     0.7414     0.1374     0.7503     0.011     62519.79   12655.01     0.0    
   7000     12628.29    0.7369     0.1358     0.7414     0.1374     0.7219     0.0084    62519.79   12655.01     0.0    
   7500     13476.78    0.7369     0.1358     0.7414     0.1374     0.6964     0.0006    62519.79   12655.01     0.0    
   8000     14325.45    0.7369     0.1358     0.7414     0.1374     0.6809     0.0125    62519.79   12655.01     0.0    
[41.07106397 41.04504843 41.08509372 41.08270142 40.98928651 41.05592766
 40.92069693 41.11952282 40.95148363 41.00050202 41.02637066 40.99713643
 41.14470347 41.17853474 41.03191971 41.02859965 41.04036856 41.10540474
 41.04975097 41.0375318 ]
[-40.02057487 -41.65204306 -42.05807842 -40.68657574 -41.45585102
 -40.38121411 -40.91312192  41.45325484 -40.64774365 -40.52835052
 -40.92352172 -40.10834655 -40.97669541 -39.52890527 -41.57266554
 -40.51685722 -41.46283164 -39.54634977 -40.61170226 -39.23770938]
[ 40.78563835  40.67619895  40.79969238  40.86538083  40.73070491
  40.77439017  40.81524212 -40.94496745  40.69792105  40.76203894
  40.8121451   40.72123471  40.88622292  39.5181821   40.7864374
  40.8028568   40.83538309  40.74750253  40.72418673  40.78029933]
