Generating synthetic binary valued data ... 
Generating synthetic  binary valued data took:  9.336076259613037
Evaluation for true params: 
 test_rsme | train_rsme | rel-te-err | rel-tr-err |  test_nll  |  train_nll |
0.7930699843 0.7947829892   0.15724      0.15792      24665.33     97626.56  
Using  0.05 of training data
Factorizing with max_iteration = 8000  fixing covariance?:  False
Tensor dimensions:  [50, 50, 50]
Optimization metrics: 
Using Ada Grad
Mean update scheme:  S
Covariance update :  N
Using diagonal covariance?:  False
k1 samples =  64  k2 samples =  64
eta =  1  cov eta =  0.001  sigma eta =  1
iteration |   time   |test_rsme |rel-te-err|train_rsme|rel-tr-err|  d_mean  |   d_cov  | test_nll | train_nll  
    50       63.45      1.1419     0.326      1.0606     0.2812     3.1623     0.0102    15654.14   2943.28   
   100       214.81     0.947      0.2242     0.9099     0.207      3.1595     0.0061    20791.62   3634.17   
   200       437.4      0.8923     0.199      0.8863     0.1964     3.049      0.0075    80970.45   15852.75  
   500       940.42     0.8903     0.1982     0.8917     0.1988     2.5662     0.0046    86089.94   17129.88  
   1000     1719.51     0.8898     0.1979     0.8922     0.199      2.0025     0.0044    88982.67   17828.42  
   1500     2498.71      0.89      0.198      0.894      0.1998     1.6269     0.0052    89153.6    17935.91  
   2000     3277.81      0.89      0.198      0.8958     0.2006     1.5084     0.0059    89680.81   18160.32  
   2500      4057.0     0.8897     0.1979     0.8949     0.2002     1.2692     0.0041    89386.82   18089.14  
   3000     4834.76     0.8897     0.1979     0.8984     0.2018     1.1594     0.0074    89988.78   18253.8   
   3500     5611.77     0.8895     0.1978     0.8984     0.2018     1.0761     0.0056    89793.82   18244.1   
   4000     6389.74     0.8893     0.1977     0.898      0.2016     1.1799     0.0073    89530.53   18164.35  
   4500     7167.01     0.8899     0.198      0.8989     0.202      0.9262     0.0088    90747.17   18426.61  
   5000     7955.19     0.8899     0.198      0.8989     0.202      0.8541     0.0088    90183.6    18343.77  
   5500      8725.0     0.8899     0.198      0.8989     0.202      0.842      0.0097    90171.79   18312.84  
   6000     9493.57     0.8899     0.198      0.8989     0.202      0.8415     0.0096    90752.27   18530.52  
   6500     10261.85    0.8899     0.198      0.8993     0.2022     0.7547     0.0062    90813.14   18544.6   
   7000     11030.99    0.8899     0.198      0.8993     0.2022     0.8753     0.014     91134.73   18593.7   
   7500     11799.7     0.8899     0.198      0.8993     0.2022     1.0195     0.0121    91148.3    18593.41  
   8000     12568.08    0.8899     0.198      0.8993     0.2022     0.8648     0.0106    91119.87   18593.45  
[43.05443173 41.24763189 41.27750494 41.10302004 41.13818842 42.58364715
 41.07021552 41.12199521 41.11625804 41.12628232 41.09802344 41.16526995
 41.19321072 41.09301606 41.28435757 41.08901306 41.28154514 39.70998149
 41.2689835  41.47231375]
[ -6.85004507 -40.33372379 -40.90603116 -41.70128883 -39.50732025
 -38.06038182 -40.29973582 -40.10336212 -40.93631899 -40.51739868
 -40.10447223 -40.58090393 -39.19320047 -40.08831706 -40.30487187
 -40.74497609 -40.27128056 -42.15073058 -40.60420264 -41.53019421]
[44.94286015 40.78260884 40.8979377  40.78535734 40.88483234 41.37077507
 40.79916216 40.90654697 40.90714446 40.70610474 40.71625962 40.64578311
 40.90883756 40.60662922 40.95491798 40.64935059 40.82746334 40.79744013
 40.9736832  41.29878334]
