Generating synthetic binary valued data ... 
Generating synthetic  binary valued data took:  9.821710586547852
Evaluation for true params: 
 test_rsme | train_rsme | rel-te-err | rel-tr-err |  test_nll  |  train_nll |
0.4051666324 0.421615939    0.04104      0.04444      24762.13     98489.55  
Using  0.05 of training data
Factorizing with max_iteration = 8000  fixing covariance?:  False
Tensor dimensions:  [50, 50, 50]
Optimization metrics: 
Using Ada Grad
Mean update scheme:  S
Covariance update :  N
Using diagonal covariance?:  False
k1 samples =  64  k2 samples =  64
eta =  1  cov eta =  0.001  sigma eta =  1
iteration |   time   |test_rsme |rel-te-err|train_rsme|rel-tr-err|  d_mean  |   d_cov  | test_nll | train_nll  
    50       63.49      1.0009     0.2504     0.9562     0.2286     3.1623     0.0102    14096.12   2699.62   
   100       216.16     0.7717     0.1489     0.7521     0.1414     3.1591     0.0066    17645.99   3372.33   
   200       441.65     0.7369     0.1358     0.7414     0.1374     3.0291     0.0077    59904.93   12099.35  
   500       947.72     0.7369     0.1358     0.7414     0.1374     2.5528     0.0051    62519.79   12655.01  
   1000     1725.77     0.7369     0.1358     0.7414     0.1374     1.9982     0.0038    62519.79   12655.01  
   1500     2501.83     0.7369     0.1358     0.7414     0.1374     1.6945     0.0048    62519.79   12655.01  
   2000     3279.97     0.7369     0.1358     0.7414     0.1374     1.4558     0.0049    62519.79   12655.01  
   2500     4059.53     0.7369     0.1358     0.7414     0.1374     1.2394     0.006     62519.79   12655.01  
   3000     4837.73     0.7369     0.1358     0.7414     0.1374     1.1427     0.0048    62519.79   12655.01  
   3500     5618.14     0.7369     0.1358     0.7414     0.1374     1.0473     0.0055    62519.79   12655.01  
   4000     6398.05     0.7369     0.1358     0.7414     0.1374     0.9613     0.0065    62519.79   12655.01  
   4500     7176.89     0.7369     0.1358     0.7414     0.1374     0.9379     0.0073    62519.79   12655.01  
   5000     7950.06     0.7369     0.1358     0.7414     0.1374     0.8541     0.009     62519.79   12655.01  
   5500      8713.2     0.7369     0.1358     0.7414     0.1374     0.8204     0.0107    62519.79   12655.01  
   6000      9479.3     0.7369     0.1358     0.7414     0.1374     0.7996     0.0095    62519.79   12655.01  
   6500     10239.99    0.7369     0.1358     0.7414     0.1374     0.7432     0.0096    62519.79   12655.01  
   7000     10996.27    0.7369     0.1358     0.7414     0.1374     0.7191     0.0128    62519.79   12655.01  
   7500     11764.61    0.7369     0.1358     0.7414     0.1374     0.7016     0.0141    62519.79   12655.01  
   8000     12529.61    0.7369     0.1358     0.7414     0.1374     0.6677     0.014     62519.79   12655.01  
[ 41.03214784  40.97727442  41.07354128  40.99028559  41.01601213
  41.47962375  41.11189968  40.98354546  41.00000235  40.97273365
 -17.83254116  41.00718154  39.60516768  40.95162121  41.01563103
  41.43821438  41.06308364  39.49666438  41.06990074  41.04811811]
[-40.61250025 -40.86549723 -40.45380852 -40.13408185 -40.29100972
 -39.79370373 -40.63926045 -40.65126994 -40.42848406 -40.56100106
  39.76784672 -40.62054241 -40.83277896 -41.93747768 -40.12847619
 -41.63498773 -40.44666641 -41.60564481 -40.67510959 -40.54088614]
[39.37419059 40.75696778 40.839857   40.6704855  40.71719792 38.48882564
 40.80582553 40.69766193 40.87150608 40.69483179 28.74027404 39.36206525
 40.78473907 40.68292324 40.6825245  41.55420931 40.7694725  40.68536841
 40.87415719 40.84573401]
