Factorizing with max_iteration = 20000  fixing covariance?:  False
Tensor dimension: [135, 135, 49]
Mean update: S
Cov update: N
Using diagonal covariance: True
k1 samples =  64  k2 samples =  128
eta =  1.0  cov eta =  1.0  sigma eta =  1
iteration |   time   |  test_err  |  test_mae  |  trainerr  |  trainmae |
    0        16.24      0.9715     1.9713     0.9712     1.971   
    5        107.14     0.9495     1.9488     0.9492     1.9485  
    10       209.42     0.9087     1.9065     0.9085     1.9063  
    20       395.45     0.8712     1.8667     0.8703     1.8658  
    50       950.28     0.6851     1.6554     0.6874     1.6582  
   100      1858.35     0.4086     1.2784     0.4083     1.278   
   200      3627.18     0.0895     0.5983     0.0863     0.5877  
   500      8705.54     0.0229     0.3026     0.0219     0.2963  
   1000     17129.56    0.021      0.2897     0.0194     0.2786  
   1500     25527.45    0.0215     0.2932     0.0188     0.274   
   2000     33944.99    0.0193     0.2782     0.0164     0.2562  
   2500     42647.53    0.0187     0.2736     0.0157     0.2509  
   3000     52723.66    0.0188     0.2746     0.015      0.2447  
   3500     62176.16    0.0181     0.2688     0.0145     0.2411  
   4000     70814.18    0.0185     0.2721     0.0144     0.2401  
   4500     80603.82    0.0182      0.27      0.014      0.2366  
   5000     90608.54    0.0183     0.2709     0.0141     0.2375  
   5500    100465.73    0.018      0.268      0.0136     0.2332  
   6000     109131.8    0.0183     0.2706     0.0134     0.2318  
   6500    117568.36    0.0185     0.2718     0.0137     0.2344  
   7000    125978.64    0.0179     0.2674     0.0134     0.2318  
   7500    134383.33    0.0173     0.2629     0.0128     0.2264  
   8000    142811.91    0.0176     0.2654     0.0127     0.2258  
   8500    151221.35    0.0179     0.2678     0.0129     0.2273  
   9000    159634.43    0.0174     0.2638     0.0128     0.2258  
   9500    168057.79    0.0174     0.264      0.0124     0.2227  
  10000    176530.41    0.0175     0.2646     0.0124     0.2225  
  10500    184952.09    0.0174     0.2635     0.0127     0.2255  
  11000    193360.42    0.0179     0.2673     0.0126     0.2245  
