Factorizing with max_iteration = 120000  fixing covariance?:  False
Tensor dimension: [2370, 8663, 4066]
Mean update: S
Cov update: N
Using diagonal covariance: False
Factorization rank:  20
k1 samples =  64  k2 samples =  128
eta =  1.0  cov eta =  1.0  sigma eta =  1
iteration |   time   |  test_err  |  test_mae  |  trainerr  |  trainmae |
    0         2.34       0.0      23.6896      0.0      23.6325  
    5       1731.09      0.0      23.5191      0.0      23.4546  
    10       3388.2      0.0       23.425      0.0      23.3777  
    20      5025.11      0.0      23.2953      0.0      23.2312  
    50      6716.26      0.0      22.5289      0.0      22.4676  
   100      8448.42      0.0      21.5949      0.0      21.5159  
   200      10429.98     0.0      20.1226      0.0      20.0427  
  10000     32501.14     0.0       2.9918      0.0       2.5134  
  20000     55453.75     0.0       2.6651      0.0       2.1713  
  30000     79531.66     0.0       2.5349      0.0       2.0454  
  40000    104047.57     0.0       2.4448      0.0       1.9577  
  50000    128745.38     0.0       2.3497      0.0       1.8774  
  60000    152182.84     0.0       2.2942      0.0       1.7969  
  70000    175305.51     0.0       2.2317      0.0       1.7404  
  80000    198558.75     0.0       2.2023      0.0       1.7073  
  90000    221551.98     0.0       2.1537      0.0       1.6503  
  100000   244592.88     0.0       2.1401      0.0       1.6188  
  110000   266624.96     0.0       2.1176      0.0       1.5945  
  120000   289382.59     0.0       2.1044      0.0       1.5709  
