Generating synthetic count valued data ... 
Generating synthetic  count valued data took:  0.44799256324768066
max_count =  18  min count =  0
Evaluation for true params: 
 test_rsme | train_rsme | rel-te-err | rel-tr-err |  test_nll  |  train_nll |
1.7549928775 2.0784609691     1.16         1.12        113.25       427.52   
Factorizing with max_iteration = 16000  fixing covariance?:  False
Tensor dimensions:  [5, 5, 5]
Optimization metrics: 
Using Ada Grad
Mean update scheme:  S
Covariance update :  N
Using diagonal covariance?:  False
Random start? True
k1 samples =  64  k2 samples =  128
eta =  1.0  cov eta =  1.0  sigma eta =  1
iteration |   time   |test_rsme |rel-te-err|train_rsme|rel-tr-err|   d_mean  |   d_cov  |avg_grad_m|avg_grad_c| test_nll | train_nll |    VLB   |  E-term  |    KL     |   dw   |
    0         1.13      5.1459      3.28      4.669       3.12      3.1623     2.0074     1.4667   13284.581     76.0      296.69     -391.0    -339.782    50.887     0.0038  
    5         6.78      4.669       3.88      4.0423      3.28      3.1623     2.5151     20.362   1328174.0    65.73      253.06     -290.0    -269.159    21.303     0.0148  
    10        12.7      5.1147      3.68      3.5637      2.54      2.8632     2.0544     9.5898   1058364.144   68.41      199.26     -243.0    -223.54     19.02      0.0001  
    20       24.15      3.0067      2.32      2.5495      1.56      2.317      0.1758     6.5684   2343548.5393   47.33      161.91     -196.0    -183.51     12.717     0.0002  
    50       56.45      2.2804      1.68      2.0518      1.33      0.9825     0.1096     3.4942   23413.9584    42.4      147.95     -184.0    -172.188    11.695     0.0007  
   100       111.09     2.4166      1.84      2.0174      1.25      1.0335     0.3441     2.8963    914.5914    44.13      143.26     -180.0    -169.043    11.291     0.0001  
   200       214.8      2.2181      1.64      1.8921      1.18      0.9871     0.0776     4.1633    528.4601    41.82      141.35     -181.0    -168.275    12.254     0.0001  
   300       318.23     2.4331      1.76      1.7861      1.05      0.3247     0.1912     1.5025    103.7672    43.73      137.85     -177.0    -163.938    12.915     0.0001  
   400       421.28     2.4083      1.72      1.7378      1.06      0.3212     0.0278     1.9636    34.7405     43.19      135.01     -175.0    -161.734    13.439     0.0001  
   500       524.14     2.1541      1.6       1.6492      1.02      0.2737     0.0127     1.5793     25.859     42.38      135.54     -175.0    -162.167    13.002     0.0001  
   600       626.62     2.2539      1.72      1.6613      1.04      0.2983     0.0219     1.6269    18.6746     43.23      136.84     -174.0    -162.001    12.136     0.0001  
   700       729.23     2.0591      1.52      1.7205      1.12      0.2798     0.4468     1.7541   769804.5387    42.8      133.9      -177.0    -162.859    14.056      0.0    
   800       831.87     2.3152      1.76      1.6432      1.02      0.3335     0.1181     1.8415   1890.2929    43.23      134.35     -174.0    -160.623    13.601      0.0    
   900       935.18     2.2627      1.84      1.7205      1.18      0.2746     1.1093     1.5294    396.2012    44.38      135.97     -175.0    -163.104    12.284      0.0    
   1000     1037.91     2.1633      1.64      1.7176      1.11      0.2489     3.7264     1.2419    15.0006     42.98      135.61     -175.0    -163.481    11.845      0.0    
   1100      1140.4     2.1071      1.72      1.7292      1.09      0.4478      0.47      1.7475   1566.6762    42.05      135.62     -175.0    -163.063    11.973      0.0    
   1200     1242.74     2.0976      1.76      1.6823      1.09      0.2658     0.2338     1.4512    22.6221     42.62      135.16     -173.0    -161.651    11.654      0.0    
   1300     1344.87     2.2804      1.84      1.6941      1.13      0.2351     0.2954     1.0768    199.8299    44.72      134.41     -175.0    -161.632    13.158      0.0    
   1400     1446.85     2.1071      1.72      1.5937      1.0       0.2988     0.1832     1.3681    12.1027     43.24      133.74     -173.0    -159.527    13.01       0.0    
   1500     1549.12     2.4249      1.96      1.6673      1.08      0.1603     0.8886     1.0839    16.8784      44.6      132.68     -173.0    -160.485    12.676      0.0    
   1600     1653.24     2.2181      1.8       1.7349      1.19      0.2106     3.992      1.6629    161.3556    44.08      132.95     -173.0    -161.217    12.024      0.0    
   1700     1755.55     2.245       1.68      1.7088      1.02      0.219      2.1104     1.2833    14.0881      44.4      132.29     -173.0    -159.888    13.34       0.0    
   1800     1857.65     2.2716      1.72      1.5748      0.94      0.1811     1.0556     1.0958    20.9836     44.11      133.92     -173.0    -159.987    13.383      0.0    
   1900      1960.0     2.2978      1.68      1.5843      0.95      0.1376     0.4106     1.1156    214.0937    43.68      132.53     -174.0    -160.762    13.287      0.0    
   2000     2062.03     2.3917      1.8       1.634       0.99      0.2277     0.197      1.076     120.5445    44.23      133.05     -174.0    -159.572    14.075      0.0    
   2100     2164.35     2.2716      1.72      1.7059      1.03      0.3054     0.1187     1.6957     21.365     43.28      132.32     -174.0    -159.971    13.98       0.0    
   2200     2266.68     2.0494      1.56      1.5843      1.05      0.1373     0.0938     1.1395    55.6864     42.96      132.89     -173.0    -159.371    13.711      0.0    
   2300     2369.04     1.9799      1.44      1.6186      1.02      0.141      0.2258     0.8653    89.5816     43.65      132.14     -174.0    -160.091    13.583      0.0    
   2400     2471.04     2.1726      1.6       1.5748      1.02      0.1223     0.3158     0.8848    19.0544     43.95      132.35     -173.0    -159.189    13.791      0.0    
   2500     2573.83     2.2978      1.76      1.562       1.06      0.1249     0.5085     1.0175    13.9568     44.09      131.76     -173.0    -159.691    13.762      0.0    
   2600     2676.01     2.4576      1.96      1.5684      1.08      0.2298     1.9567     1.1027   1748.6378     45.9      133.35     -175.0    -161.129    13.58       0.0    
   2700     2778.45     2.4249      1.96      1.6912      1.1       0.3321     1.8483     1.7461   1132937.5638   45.26      134.0      -177.0    -162.023    14.521      0.0    
   2800     2880.53     2.245       1.76      1.6553      1.0       0.2174     1.8159     1.3924    19.9276     44.97      132.14     -175.0    -158.028    16.56       0.0    
   2900     2982.87     2.2891      1.8       1.6492      1.06      0.2882     1.3473     2.197     118.4381    42.49      132.58     -175.0    -158.346    16.397      0.0    
   3000     3084.99     2.1448      1.64      1.6823      1.05      0.2319     0.3031     1.6677     29.799     43.11      130.37     -177.0    -160.66     16.225      0.0    
   3100      3187.2     2.3749      1.8       1.6643      1.11      0.1898     0.2657     1.3595    33.3267     45.04      131.74     -177.0    -159.52     17.32       0.0    
   3200     3289.05      2.2        1.72      1.6523      1.07      0.2769     0.3487     1.5493    17.1345     43.63      130.53     -177.0    -159.79     17.255      0.0    
   3300     3392.59     2.0199      1.6       1.6703      1.09      0.1522     1.1695     1.1938    12.8969     43.46      130.35     -175.0    -158.235    17.024      0.0    
   3400     3494.64     2.3324      1.84      1.7176      1.13      0.1963     2.0195     1.2294    24.5533     44.03      130.53     -176.0    -159.244    17.048      0.0    
   3500     3596.84     2.0688      1.64      1.7088      1.08      0.1979     0.3711     1.4277   1008.5068    44.04      130.72     -175.0    -157.928    17.376      0.0    
   3600     3698.84     2.1166      1.68      1.6093      1.07      0.1469     0.8802     1.2125    28.5755      43.6      130.75     -177.0    -159.608    17.137      0.0    
   3700     3800.79      2.2        1.72      1.5843      0.99      0.2031     0.8429     1.286     32.0293     42.46      129.82     -174.0    -157.08     16.914      0.0    
   3800     3902.99     2.1448      1.72      1.6401      1.01      0.1499     0.4434     1.2353    58.8017     43.07      130.88     -174.0    -157.868    16.482      0.0    
   3900     4004.81     2.1633      1.56      1.6279      1.05      0.1969     0.3353     1.2195   8537.2735     43.5      130.22     -175.0    -158.495    16.501      0.0    
   4000     4106.89     2.2978      1.76      1.6217      1.05      0.1364     0.1595     1.1063    20.2929     43.85      131.75     -175.0    -159.006    16.231      0.0    
   4100     4209.12     2.245       1.68      1.6673      1.04      0.1379     0.1175     1.1039    48.6954     45.03      130.26     -173.0    -157.35     16.144      0.0    
   4200     4311.36     2.2891      1.72      1.6583      1.01      0.1955     0.0724     1.1915    21.2474     44.06      129.98     -173.0    -156.767    16.325      0.0    
   4300     4413.56     2.2091      1.68      1.5937      1.0       0.214      0.0685     1.1956    20.1214     45.21      128.83     -173.0    -157.225    16.136      0.0    
   4400     4515.83     2.3833      1.76      1.6371      1.0       0.1455     0.0556     0.9873    55.6983     45.57      131.05     -174.0    -157.676    15.894      0.0    
   4500     4617.61     2.4495      1.92      1.6643      1.03      0.1856     0.0752     1.2357    43.6058     44.57      130.29     -174.0    -157.925    15.73       0.0    
   4600     4719.44     2.1448      1.72      1.6031      1.05      0.1661     0.058      1.0251    39.6661     45.01      128.42     -173.0    -157.296    15.743      0.0    
   4700     4820.93     2.3065      1.8       1.5427      0.98      0.2184     0.1157     1.2428    14.8815     45.31      129.7      -172.0    -156.541    15.735      0.0    
   4800     4922.24     2.245       1.68      1.5684      1.06      0.1928     0.2993     1.2412    32.0608     44.82      129.87     -174.0    -158.289    15.657      0.0    
   4900     5023.61     2.1541      1.6       1.5937      1.04      0.1535     0.2546     1.103     68.3042     44.98      129.64     -172.0    -156.971    15.498      0.0    
   5000     5125.57     2.569       2.04      1.6217      1.05      0.1434     0.4818     1.1831    16.0829     46.32      129.23     -172.0    -156.247    15.278      0.0    
   5100     5228.71     2.2539      1.8       1.6093      1.09      0.1475     0.8456     0.9105    21.5488     45.02      129.9      -174.0    -158.83     14.992      0.0    
   5200     5330.59     2.4658      2.0       1.6031      1.05      0.1444     1.4562     1.0747    13.8798     44.62      130.28     -174.0    -157.258    16.338      0.0    
   5300      5432.4     2.4819      2.0       1.5748      1.02      0.1376     0.9524     1.3507    50.2083     46.02      130.94     -175.0    -158.782    16.071      0.0    
   5400     5533.89     2.0298      1.64      1.5199      0.99      0.2112     0.4861     1.6862    367.6733    42.83      131.26     -174.0    -158.361    15.905      0.0    
   5500     5635.47     2.0976      1.6       1.5362      0.96      0.2167     0.9551     1.4167    47.6357     42.88      129.6      -174.0    -157.607    15.984      0.0    
   5600     5737.17     2.0199      1.52      1.5588      0.95      0.2434     0.7642     1.4234    134.3167    42.03      130.39     -174.0    -157.757    16.516      0.0    
   5700     5838.69     2.0396      1.52      1.5748      0.98      0.1519     0.479      1.3174    13.8559     43.79      129.86     -174.0    -157.786    16.239      0.0    
   5800     5941.04     1.9698      1.48       1.6        1.02      0.1877     0.3229     1.2605   1616.2957    42.87      130.72     -174.0    -156.925    16.584      0.0    
   5900     6043.26     2.0976      1.6       1.4663      0.89      0.2123     0.2194     1.5469    105.0849    43.38      130.62     -174.0    -158.021    16.437      0.0    
   6000     6146.64     1.9287      1.48      1.5843      0.97      0.1498     0.1503     1.2007    13.0613     42.68      130.23     -173.0    -156.261    16.578      0.0    
   6100     6249.74     1.9079      1.4       1.5166      1.02      0.1704     0.1152     1.1683    34.5279     43.19      129.94     -174.0    -157.915    16.201      0.0    
   6200     6353.27     2.0298      1.56      1.5427      0.96      0.2253     0.0913     1.3199    15.5955      43.3      130.23     -174.0    -157.626    16.177      0.0    
   6300     6455.66     2.1817      1.64      1.631       1.02      0.1251     0.0725     1.2501    31.1092     42.44      130.53     -174.0    -156.966    17.395      0.0    
   6400     6557.79     2.3065      1.8       1.5362      0.94      0.1676     0.0562     1.056     73.6122     43.23      130.55     -175.0    -157.818    17.36       0.0    
   6500     6660.76     2.0881      1.64      1.6248      1.02      0.1237     0.0519     0.9773    14.9097     42.77      129.98     -176.0    -158.194    17.313      0.0    
   6600     6763.68     1.8762      1.44      1.5067      0.95      0.114      0.0485     0.9377    13.8838     43.11      129.33     -176.0    -158.733    17.213      0.0    
   6700     6867.82     1.9183      1.44      1.5199      0.99      0.0899     0.0422     0.9229    13.9497     43.67      130.23     -175.0    -157.358    17.198      0.0    
   6800     6971.91     2.2627      1.68      1.7088      1.08      0.1226     0.0688     0.9322    36.2144     43.22      130.62     -174.0    -157.095    16.77       0.0    
   6900     7078.21     2.0976      1.68      1.5748      1.0       0.1154     0.0351     0.8681     13.251     42.66      129.9      -175.0    -157.627    16.951      0.0    
   7000     7185.71     2.1448      1.72      1.6093      1.05      0.1754     0.0939     1.228     562.5239    42.76      130.37     -173.0    -156.094    16.646      0.0    
   7100      7293.6     2.0494      1.56      1.5524      0.99      0.1298     0.0711     0.9469    15.4754     42.59      131.08     -174.0    -157.449    16.489      0.0    
   7200     7400.54      2.2        1.72      1.5969      1.05      0.143      0.1199     1.2559     22.649     43.16      129.71     -176.0     -159.1     16.62       0.0    
   7300     7507.72     2.1817      1.72      1.5843      1.05      0.1421     0.2314     1.0062    14.5989     43.77      130.11     -173.0    -157.144    16.297      0.0    
   7400     7614.05     2.1909      1.68      1.5588      0.99      0.136      0.2751     1.0315     24.065     44.18      130.03     -175.0    -159.129    15.984      0.0    
   7500     7722.25     1.9596      1.52      1.7176      1.13      0.1026     0.2168     0.8836    10.1711     43.65      130.31     -175.0    -158.548    16.083      0.0    
   7600     7829.11     2.2804      1.68      1.6031      1.09      0.1079     0.524      0.881     12.2886     43.66      130.94     -174.0    -158.146    15.615      0.0    
   7700     7936.06     2.3324      1.68      1.5969      1.07      0.1066     0.6022     1.1057    11.4975     44.14      130.75     -174.0    -158.108    15.991      0.0    
   7800     8042.95      2.2        1.72      1.5588      0.99      0.2064     0.1887     1.6491    25.8464     43.11      131.63     -175.0    -158.928    16.305      0.0    
   7900     8147.85     2.0785      1.52      1.533       0.99      0.1668     0.1401     1.2372    52.0274     42.84      130.83     -174.0    -157.53     16.265      0.0    
   8000     8253.52     2.0494      1.56      1.562       0.98      0.1322     0.4012     0.9556    16.2008     41.94      129.57     -174.0    -157.054    16.639      0.0    
   8100     8359.39     1.9079      1.4       1.5199      0.97      0.1069     0.3101     1.1065    58.8446      42.7      130.11     -174.0    -157.25     16.668      0.0    
   8200     8466.98     1.8974      1.52      1.5492      0.98      0.1088     0.2384     0.9896    17.3266     44.25      129.48     -175.0    -158.252    16.355      0.0    
   8300     8572.94     1.9799      1.52      1.5684      0.96      0.1265     0.1947     1.0419    42.3536     40.66      129.44     -174.0    -157.368    16.412      0.0    
   8400     8679.89     2.0298      1.56      1.5395      0.95      0.1791     0.1451     1.0005    18.5437     41.17      129.58     -174.0    -157.217    17.098      0.0    
   8500     8785.24     2.0881      1.56      1.4866      0.91      0.1689     0.1148     1.1857    14.6905     42.04      130.36     -173.0    -156.321    16.651      0.0    
   8600     8893.45     1.9596      1.44      1.5133      0.95      0.1381     0.0952     1.1632    16.0394     41.74      129.6      -174.0    -156.953    16.729      0.0    
   8700     8999.69     2.0688      1.48      1.5906      0.97      0.1073     0.0815     0.9986    19.4052     42.56      129.83     -175.0    -158.14     16.65       0.0    
   8800     9107.37     2.0298      1.56      1.4697      0.92      0.1204     0.2443     1.1416   61445.266    41.63      128.22     -173.0    -156.774    16.665      0.0    
   8900     9213.33     2.1726      1.6       1.5716      0.97      0.1137     0.0559     0.9139    61.4829     42.05      128.64     -173.0    -156.785    16.384      0.0    
   9000     9319.37     2.1071      1.56      1.4697      0.94      0.1274     0.1162     0.8807   13996.7939   41.94      129.15     -173.0    -156.706    16.422      0.0    
   9100     9424.65     2.1817      1.64      1.4629      0.94      0.1227     0.0411     0.9219    20.0288     42.34      128.93     -173.0    -156.857    16.563      0.0    
   9200     9530.96     2.1448      1.64      1.4832      0.98      0.1179     0.0381     0.9522    406.8862     42.2      128.74     -171.0    -154.858    16.27       0.0    
   9300     9637.61     2.0591      1.52      1.4866      0.99      0.1315     0.0401     0.8795    33.9907     41.39      128.38     -172.0    -155.484    16.418      0.0    
   9400     9742.85     2.2627      1.6       1.4799      0.97      0.1417     0.0321     1.0557    36.8894      41.0      128.54     -173.0    -156.353    16.274      0.0    
   9500      9849.3     2.1448      1.56      1.5033      1.0       0.0825     0.0377     0.7961    24.6504     42.25      128.77     -172.0    -156.088    16.242      0.0    
   9600     9955.15     2.0976      1.6        1.49       0.98      0.163      0.0392     1.1429    18.3912     42.07      128.86     -173.0    -156.974    15.948      0.0    
   9700     10063.07    2.2361      1.72      1.546       1.03      0.0888     0.0419     0.9386     15.233     41.82      128.38     -172.0    -155.711    15.955      0.0    
   9800     10168.7     2.1541      1.6       1.4765      0.96      0.1284     0.0444     1.0746    13.2401     41.52      129.14     -171.0    -154.673    15.946      0.0    
   9900     10275.91    2.2271      1.68      1.4663      0.91      0.1089     0.0769     0.9574    19.3716     42.23      128.33     -172.0    -156.208    15.789      0.0    
  10000     10379.69    2.1633      1.64      1.6062      1.02      0.1444     0.1028     0.9992    13.7753     41.48      127.54     -172.0    -156.114    15.638      0.0    
  10100     10484.83    2.1354      1.6       1.4697      0.98      0.1067     0.0483     0.9062    13.4345     42.55      128.97     -171.0    -155.303    15.664      0.0    
  10200     10596.7     2.0591      1.52      1.4967      0.94      0.1847     0.1141     0.9488    33.6469      42.4      128.38     -172.0    -156.287    15.434      0.0    
  10300     10700.78    2.2627      1.68      1.5588      1.01      0.1491     0.093      1.0988    16.5545     42.09      127.84     -172.0    -156.114    15.509      0.0    
  10400     10803.28    2.245       1.68      1.5133      0.95      0.1544     0.1213     1.2395    14.4065     42.52      129.03     -172.0     -156.3     15.525      0.0    
  10500     10905.45    2.1817      1.64       1.5        0.99      0.1287     0.3525     1.1577   230820.122   41.91      128.21     -172.0    -156.367    15.157      0.0    
  10600     11008.38     2.2        1.72      1.4967      0.96      0.1016     0.1895     0.9179    17.2783     41.76      128.84     -172.0    -156.591    15.182      0.0    
  10700     11114.24    2.1541      1.76      1.5748      1.0       0.1094     0.2121     0.9564    82.2608     42.51      128.39     -171.0    -155.435    15.202      0.0    
  10800     11220.58    2.0688      1.56      1.4866      0.99      0.1066     0.5057     1.0515    74.8999     41.06      128.16     -171.0    -156.275    15.009      0.0    
  10900     11326.94    2.126       1.56      1.546       1.05      0.0909     0.4742     0.7917    12.0213     42.76      129.29     -172.0    -157.049    14.925      0.0    
  11000     11433.39    2.2804      1.68      1.5524      1.05      0.1158     0.6391     0.9988    16.0339     42.85      129.05     -172.0    -156.775    14.756      0.0    
  11100     11540.07     2.4        1.92      1.546       1.03      0.0983     0.8259     0.9708    10.5807     43.66      128.61     -171.0    -155.619    15.712      0.0    
  11200     11645.87    2.5456      2.0       1.5969      1.09      0.1344     1.4115     1.2752     19.754     44.26      128.2      -171.0    -154.973    15.668      0.0    
  11300     11752.81    2.3833      1.76      1.5033      1.0       0.1206     0.3038     1.1997    44.1915      44.0      128.83     -172.0    -156.261    15.587      0.0    
  11400     11858.83    2.3749      1.8       1.562       0.98      0.1457     0.3308     1.1858     48.612     43.22      129.66     -172.0    -155.675    15.981      0.0    
  11500     11965.46    2.1448      1.64      1.5748      1.02      0.1461     0.6874     1.237     20.4239     43.94      129.2      -174.0    -157.15     16.372      0.0    
  11600     12070.86    2.2271      1.76      1.5906      1.01      0.1767     0.5241     1.2011    26.3274     46.26      129.59     -174.0    -158.21     16.17       0.0    
  11700     12177.4     2.126       1.64      1.5427      0.98      0.2012     0.3978     1.4007    73.4067     43.85      128.46     -174.0    -158.04     16.082      0.0    
  11800     12281.64    2.358       1.8       1.5264      0.97      0.1284     0.3565     1.0848   3654.4351    42.58      128.58     -172.0    -155.528     16.2       0.0    
  11900     12388.18    2.3324      1.76      1.6062      1.02      0.1061     0.2702     0.969     521.5753     43.8      129.13     -172.0    -156.21     16.122      0.0    
  12000     12492.15    2.1541      1.68      1.5716      1.01      0.1073     0.2207     1.1202    19.4396      42.7      128.52     -172.0    -155.983    15.982      0.0    
  12100     12597.67    2.3664      1.84      1.546       0.95      0.1285     0.1807     1.0458    56.0302     45.09      128.87     -172.0    -155.964    16.078      0.0    
  12200     12702.45    2.358       1.8       1.4387      0.91      0.0892     0.1586     0.8592    47.0039     43.61      128.7      -172.0    -156.426    16.042      0.0    
  12300     12809.17    2.4819      1.84      1.4866      0.87      0.0809     0.1247     0.8432     30.569     44.08      128.81     -172.0    -155.829    15.861      0.0    
  12400     12915.45    2.4413      1.88      1.5588      0.95      0.1236     0.104      0.9597    12.7049     45.22      129.12     -172.0     -156.1     15.933      0.0    
  12500     13022.24    2.498       1.84      1.4731      0.89      0.1053     0.084      0.9063    19.7527     46.21      128.24     -172.0    -156.027    15.881      0.0    
  12600     13127.64    2.4495      1.76      1.5297      0.92      0.1208     0.0818     1.034     128.5202    44.37      129.01     -172.0    -156.099    15.858      0.0    
  12700     13231.87    2.4576      1.88      1.5843      0.95      0.0971     0.0702     0.9552    274.8599    45.95      128.11     -171.0    -155.091    15.657      0.0    
  12800     13337.07    2.4658      1.92      1.4967      0.86      0.0756     0.0659     0.9903    14.7502     45.48      128.92     -172.0    -155.864    15.698      0.0    
  12900     13442.9     2.498       1.92      1.5875      0.96      0.0949     0.0552     1.1248    17.7945     45.45      128.49     -173.0    -157.093    15.66       0.0    
  13000     13547.86    2.4249      1.88      1.5264      0.95      0.1055     0.0919     1.0294   144313.2879   44.12      128.69     -171.0    -155.15     15.573      0.0    
  13100     13652.68    2.3238      1.72      1.6613      1.08      0.0863     0.0536     0.9499    92.8636     43.91      128.24     -173.0    -156.953    15.558      0.0    
  13200     13757.39    2.1354      1.6        1.49       0.94      0.101      0.0567     1.0777    46.5513     43.14      129.22     -171.0    -155.302    15.429      0.0    
  13300     13862.88    2.1817      1.64      1.4866      0.89      0.0766     0.0446     0.8575    14.4553     43.98      129.34     -172.0    -156.879    15.396      0.0    
  13400     13967.06    2.1166      1.52      1.5652      0.99      0.1128     0.0696     1.1877   1635.8197    43.63      128.91     -173.0    -157.513    15.347      0.0    
  13500     14071.29    1.9698      1.56      1.7029      1.04      0.1376     0.0542     1.1136    11.7435     44.04      129.66     -173.0    -158.004    15.159      0.0    
  13600     14176.8     2.1166      1.6       1.6217      1.05      0.097      0.0483     0.9701    13.1539     42.72      128.91     -171.0    -156.204    15.117      0.0    
  13700     14281.45    2.1541      1.68      1.5556      0.96      0.062      0.0741     0.8055    13.3376     43.22      129.31     -171.0    -155.665    15.116      0.0    
  13800     14386.27    2.1541      1.68      1.6155      1.01      0.097      0.0571     1.0019    51.1252     42.67      129.93     -172.0    -157.252    15.103      0.0    
  13900     14491.98    2.1726      1.68      1.5684      0.98      0.0756     0.0653     0.9204    1117.098    45.03      128.82     -170.0    -155.376    14.84       0.0    
  14000     14596.45    2.2539      1.8       1.5652      1.01      0.0732     0.0572     0.783     11.6299     44.41      130.29     -173.0    -157.684    15.18       0.0    
  14100     14703.04    2.1633      1.72      1.6125      1.0       0.095      0.101      1.0613     11.758     44.41      129.95     -173.0    -157.92     14.936      0.0    
  14200     14807.32     2.2        1.64      1.6613      1.1       0.0967     0.1089     1.0479    48.4899     43.28      129.45     -173.0    -158.581    14.817      0.0    
  14300     14910.94    2.2539      1.8       1.6492      1.04      0.0784     0.1345     0.9317    11.3687     46.64      130.3      -172.0    -157.424    14.811      0.0    
  14400     15016.11     2.49       1.88      1.5748      1.0       0.0789     0.1253     0.9503    11.8081     43.55      129.51     -171.0    -156.271    15.015      0.0    
  14500     15123.0     2.4576      1.88      1.6553      1.02      0.1011     0.1183     0.949    1970.1914    45.05      128.93     -172.0    -156.764    14.759      0.0    
  14600     15228.84    2.4739      1.88      1.6371      1.04      0.0914     0.0537     0.9962    12.7451     45.53      128.63     -172.0    -156.489    15.066      0.0    
  14700     15334.44    2.4576      1.8       1.5524      0.97      0.0896     0.0696     0.964     11.2846      45.3      129.23     -171.0    -155.736    14.949      0.0    
  14800     15439.26    2.4331      1.76      1.5716      0.99      0.0807     0.0654     0.899     12.9229     45.36      128.89     -170.0    -155.636    14.763      0.0    
  14900     15543.96    2.3664      1.76       1.49       0.94      0.1163     0.0631     1.052     22.8209     44.67      127.72     -170.0    -155.452    14.646      0.0    
  15000     15648.01    2.4658      1.92      1.5906      1.05      0.0635     0.0618     0.7584    12.8824     44.03      128.19     -169.0    -154.606    14.624      0.0    
  15100     15752.34    2.2891      1.8        1.6        1.02      0.1371     0.0726     1.3024     91.838      45.6      127.9      -170.0    -155.218    14.929      0.0    
  15200     15856.91    2.2361      1.64      1.562       0.94      0.0905     0.2653     1.0192   14733.8223   44.15      127.3      -171.0    -155.876    14.647      0.0    
  15300     15962.04    2.2627      1.68      1.562       1.0       0.1183     0.0852     0.8029    24.3413     44.68      127.0      -171.0    -156.562    14.643      0.0    
  15400     16065.92    2.2181      1.64      1.5395      0.95      0.0887     0.0771     1.0327    13.2878     43.57      128.46     -170.0    -155.435    14.328      0.0    
  15500     16173.87     2.2        1.64      1.5969      1.01      0.107      0.119      1.208     14.2527     44.31      127.9      -171.0    -156.607    14.37       0.0    
  15600     16276.99     2.2        1.72      1.5588      1.01      0.0916     0.0659     0.9415    54.3047     44.07      128.39     -171.0    -157.16     14.299      0.0    
  15700     16381.7     2.1726      1.68      1.5748      0.98      0.1066     0.0981     0.8842    529.3098    45.99      127.13     -171.0    -156.624    14.093      0.0    
  15800     16487.51    2.1354      1.6       1.5492      0.98      0.1149     0.0519     0.9315    35.6301     42.78      127.41     -170.0    -155.374    14.142      0.0    
  15900     16591.83    2.245       1.76      1.6763      1.05      0.1099     0.1239     1.0765    580.7824    44.45      127.85     -170.0    -156.168    14.064      0.0    
  16000     16696.11    2.2091      1.68      1.5684      1.02      0.1083     0.1405     0.9445    12.7692     42.71      127.77     -169.0    -154.728    14.105      0.0    
[ 0.76181274  0.44610342  1.18925347  1.90197574  0.62484546 -2.08981437
  0.85204056  0.59494934  0.867955    0.5447066   0.66900386  0.56939396
  0.56106773  0.66157795  0.61335213  0.1391069   0.68834493 -0.15694248
  0.73356264  0.73656481]
[ 0.69630538  0.6186706   0.90331444  1.01254336  0.68551363 -0.90305023
  0.6863635   0.58840769  0.74023763  0.66798876  0.70051109  0.70336296
  0.70466583  0.69694208  0.67867515  1.80597018  0.67855249 -0.13594695
  0.74692383  0.7813733 ]
[ 0.66641405  0.70017568  0.41175366 -0.21723237  0.58767099  1.69101996
  0.70565398  0.68295606  0.73360816  0.64655341  0.53316446  0.65153858
  0.65478505  0.65172915  0.55300278  1.77474342  0.63419207  1.37927364
  0.64459317  0.68569877]
