Generating synthetic count valued data ... 
Generating synthetic  count valued data took:  0.6533596515655518
max_count =  17  min count =  0
Evaluation for true params: 
 test_rsme | train_rsme | rel-te-err | rel-tr-err |  test_nll  |  train_nll |
1.7320508076 1.833030278      1.08         1.08        107.43       427.16   
Factorizing with max_iteration = 16000  fixing covariance?:  False
Tensor dimensions:  [5, 5, 5]
Optimization metrics: 
Using Ada Grad
Mean update scheme:  S
Covariance update :  N
Using diagonal covariance?:  False
Random start? True
k1 samples =  64  k2 samples =  128
eta =  1.0  cov eta =  1.0  sigma eta =  1
iteration |   time   |test_rsme |rel-te-err|train_rsme|rel-tr-err|   d_mean  |   d_cov  |avg_grad_m|avg_grad_c| test_nll | train_nll |    VLB   |  E-term  |    KL     
    0         0.64      5.5929      3.6       4.7476      3.18      3.1623     2.4492     1.7355     2.1071     145.01     449.27     -535.0    -489.464    45.755   
    5         3.47      3.9345      3.16      4.4351      3.63      3.1623     1.2191    32.8481    29.3388     60.72      248.69     -388.0    -368.478    19.739   
    10        6.88      3.6932      2.68      3.0545      1.99      2.9849      0.52     13.0435    21.5877     50.79      164.31     -245.0    -229.407    15.968   
    20       12.47      3.2802      2.44      3.1241      2.16      1.8988     0.1736     6.6441    20.4419     48.99      156.02     -235.0    -221.021    13.549   
    50        27.7      10.284      6.4       9.3268      6.11      1.5922     0.1398    12.3069    29.4658     92.23      262.92     -453.0    -438.191    15.022   
   100       52.86     26.5752     13.12     15.1407      7.34      2.4372     0.2136    159.7376   175.3556    270.94     826.35     -715.0    -678.308    37.148   
   200       98.91      6.1806      3.96      5.3404      3.34      1.8727     0.2081   1073.8888   94.1797     313.15    1049.98     -674.0    -621.018    53.145   
   300       143.32     6.1806      3.96      5.3404      3.34      1.752      0.2109   2944.7671   172.1454    313.15    1049.98     -679.0    -621.018    58.069   
   400       187.73     6.1806      3.96      5.3404      3.34      1.7497     0.3248   5639.1902   391.556     313.15    1049.98     -682.0    -621.018    61.456   
   500       232.37     6.1806      3.96      5.3404      3.34      1.323      0.8354   7932.2413   542.2589    313.15    1049.98     -684.0    -621.018    62.556   
   600       276.03     6.1806      3.96      5.3404      3.34      2.0653     2.1142   16528.7366  600.2961    313.15    1049.98     -685.0    -621.018    63.605   
   700       319.8      6.1806      3.96      5.3404      3.34      1.0317     6.2659   20482.5765 1453.6585    313.15    1049.98     -686.0    -621.018    65.191   
   800       363.16     6.1806      3.96      5.3404      3.34      1.308      0.7593   27360.8634  324.2946    313.15    1049.98     -688.0    -621.018    66.564   
   900       406.56     6.1806      3.96      5.3404      3.34      1.0982     0.2211   36023.4747  191.1863    313.15    1049.98     -689.0    -621.018    67.696   
   1000      449.6      6.1806      3.96      5.3404      3.34      0.9719     0.9315   48802.9897 1166.8246    313.15    1049.98     -690.0    -621.018    68.731   
   1100      492.96     6.1806      3.96      5.3404      3.34      0.8333     0.6171   56837.9158  655.5816    313.15    1049.98     -690.0    -621.018    69.39    
   1200      536.6      6.1806      3.96      5.3404      3.34      0.867      0.3399   69982.8721  439.6438    313.15    1049.98     -693.0    -621.018    71.779   
   1300      579.9      6.1806      3.96      5.3404      3.34      0.8674     0.2521   80785.2248  149.3206    313.15    1049.98     -694.0    -621.018    72.491   
   1400      623.03     6.1806      3.96      5.3404      3.34      0.8881     2.2084   88750.6616 1746.5995    313.15    1049.98     -694.0    -621.018    72.987   
   1500      666.5      6.1806      3.96      5.3404      3.34      0.6055     4.2886   87271.4457  585.9039    313.15    1049.98     -694.0    -621.018    73.283   
   1600      710.18     6.1806      3.96      5.3404      3.34      0.6906    11.0506   100600.4676 1207.9969    313.15    1049.98     -695.0    -621.018    74.41    
   1700      753.48     6.1806      3.96      5.3404      3.34      0.8088     2.5489   117934.7237  660.4871    313.15    1049.98     -696.0    -621.018    74.994   
   1800      796.11     6.1806      3.96      5.3404      3.34      0.6449     6.0526   120113.6652 4728.6243    313.15    1049.98     -697.0    -621.018    76.145   
   1900      839.18     6.1806      3.96      5.3404      3.34      0.5735     0.171    125330.9728   17.279     313.15    1049.98     -698.0    -621.018    76.574   
   2000      882.66     6.1806      3.96      5.3404      3.34      0.656     11.2286   134939.9195 1251.7743    313.15    1049.98     -697.0    -621.018    76.319   
   2100      925.72     6.1806      3.96      5.3404      3.34      0.5471     1.3827   140549.9082 1345.5021    313.15    1049.98     -697.0    -621.018    76.423   
   2200      968.96     6.1806      3.96      5.3404      3.34      0.4696     0.1628   142561.6581  52.0402     313.15    1049.98     -698.0    -621.018    76.588   
   2300     1012.07     6.1806      3.96      5.3404      3.34      0.4763     2.7285   152143.095 5823.3155    313.15    1049.98     -698.0    -621.018    76.836   
   2400     1054.68     6.1806      3.96      5.3404      3.34      0.427      0.198    159460.3777  130.1088    313.15    1049.98     -698.0    -621.018    77.451   
   2500      1097.8     6.1806      3.96      5.3404      3.34      0.4838     0.1619   167760.1186  104.2463    313.15    1049.98     -699.0    -621.018    77.594   
   2600     1141.09     6.1806      3.96      5.3404      3.34      0.4004     0.5574   174734.4918  572.4622    313.15    1049.98     -699.0    -621.018    77.641   
   2700     1183.96     6.1806      3.96      5.3404      3.34      0.7553     1.0369   197596.1437 1093.3014    313.15    1049.98     -699.0    -621.018    77.675   
   2800     1226.82     6.1806      3.96      5.3404      3.34      0.6229     0.1586   207610.3519  80.9365     313.15    1049.98     -699.0    -621.018    77.683   
   2900      1269.7     6.1806      3.96      5.3404      3.34      0.5237     0.6171   223160.5813  418.8931    313.15    1049.98     -699.0    -621.018    77.954   
   3000     1312.33     6.1806      3.96      5.3404      3.34      0.4474     0.1585   221671.239  27.8333     313.15    1049.98     -699.0    -621.018    78.153   
   3100     1355.39     6.1806      3.96      5.3404      3.34      0.4081     2.5226   233563.7766 4751.9672    313.15    1049.98     -699.0    -621.018    78.18    
   3200     1398.63     6.1806      3.96      5.3404      3.34      0.459      0.7965   253007.6579  562.6875    313.15    1049.98     -699.0    -621.018    78.19    
   3300     1441.46     6.1806      3.96      5.3404      3.34      0.4272     0.1614   266254.8575  245.1819    313.15    1049.98     -699.0    -621.018     78.2    
   3400     1484.08     6.1806      3.96      5.3404      3.34      0.3912     0.1579   268787.9904  24.7961     313.15    1049.98     -699.0    -621.018    78.311   
   3500     1527.18     6.1806      3.96      5.3404      3.34      0.3786     0.3104   280614.8941  640.7505    313.15    1049.98     -700.0    -621.018    78.502   
   3600     1571.66     6.1806      3.96      5.3404      3.34      0.3379     0.1579   280315.9582  26.2749     313.15    1049.98     -700.0    -621.018    78.788   
   3700      1616.9     6.1806      3.96      5.3404      3.34      0.3298     0.1565   290202.182  48.3843     313.15    1049.98     -700.0    -621.018    78.814   
   3800     1659.56     6.1806      3.96      5.3404      3.34      0.3165     0.1565   300106.4592  79.5174     313.15    1049.98     -700.0    -621.018    78.822   
   3900     1702.89     6.1806      3.96      5.3404      3.34      0.3361     0.2775   310557.6643  225.124     313.15    1049.98     -700.0    -621.018    78.838   
   4000     1745.69     6.1806      3.96      5.3404      3.34      0.3295     5.4198   322523.5217 9126.6713    313.15    1049.98     -700.0    -621.018    78.856   
   4100     1789.73     6.1806      3.96      5.3404      3.34      0.3251     0.1565   330578.3731  34.6579     313.15    1049.98     -700.0    -621.018    78.877   
   4200     1833.07     6.1806      3.96      5.3404      3.34      0.3295     1.0833   341648.397  415.0691    313.15    1049.98     -700.0    -621.018    78.907   
   4300     1876.24     6.1806      3.96      5.3404      3.34      0.3332     0.1565   355482.5528  13.6338     313.15    1049.98     -700.0    -621.018    78.931   
   4400     1919.14     6.1806      3.96      5.3404      3.34      0.3548     0.1564   371278.1751  91.7954     313.15    1049.98     -700.0    -621.018    78.996   
   4500     1962.22     6.1806      3.96      5.3404      3.34      0.3482     0.1564   386748.152   4.3601     313.15    1049.98     -700.0    -621.018    79.051   
   4600     2005.65     6.1806      3.96      5.3404      3.34      0.3362     0.1564   399344.4398  74.5481     313.15    1049.98     -700.0    -621.018    79.396   
   4700     2049.05     6.1806      3.96      5.3404      3.34      0.3248     6.8936   404048.5799 1538.1976    313.15    1049.98     -700.0    -621.018    79.412   
   4800     2092.39     6.1806      3.96      5.3404      3.34      0.3073     0.1563   417116.3379  12.6516     313.15    1049.98     -701.0    -621.018    80.025   
   4900     2135.25     6.1806      3.96      5.3404      3.34      0.3012     0.1563   431173.2202  124.4037    313.15    1049.98     -701.0    -621.018    80.127   
   5000     2178.19     6.1806      3.96      5.3404      3.34      0.3259     1.3837   447957.902  497.0712    313.15    1049.98     -701.0    -621.018    80.145   
   5100     2221.99     6.1806      3.96      5.3404      3.34      0.3175     0.1558   462506.0681  94.4681     313.15    1049.98     -701.0    -621.018    80.167   
   5200     2266.05     6.1806      3.96      5.3404      3.34      0.3095     3.4471   472686.9024  280.6785    313.15    1049.98     -701.0    -621.018    80.331   
   5300      2309.1     6.1806      3.96      5.3404      3.34      0.3022     0.1558   486233.9598  1807.409    313.15    1049.98     -701.0    -621.018    80.344   
   5400     2353.03     6.1806      3.96      5.3404      3.34      0.2948     0.1558   493892.5376   3.0522     313.15    1049.98     -701.0    -621.018    80.355   
   5500     2396.76     6.1806      3.96      5.3404      3.34      0.2902     0.1558   505098.1959  124.0357    313.15    1049.98     -701.0    -621.018    80.366   
   5600     2439.88     6.1806      3.96      5.3404      3.34      0.283      0.1558   513965.684  28.3586     313.15    1049.98     -702.0    -621.018    80.604   
   5700     2482.97     6.1806      3.96      5.3404      3.34      0.2736     0.1558   521606.0914  64.5926     313.15    1049.98     -702.0    -621.018    80.614   
   5800     2525.89     6.1806      3.96      5.3404      3.34      0.2645     0.1557   530551.7942  47.7887     313.15    1049.98     -702.0    -621.018    80.623   
   5900     2569.62     6.1806      3.96      5.3404      3.34      0.261      5.8037   542077.1692 3545.6208    313.15    1049.98     -702.0    -621.018    80.972   
   6000     2612.99     6.1806      3.96      5.3404      3.34      0.2586     0.1557   547956.4908  10.6682     313.15    1049.98     -702.0    -621.018    80.979   
   6100     2656.36     6.1806      3.96      5.3404      3.34      0.2557     0.1557   558721.3997  36.2233     313.15    1049.98     -702.0    -621.018    81.002   
   6200     2699.74     6.1806      3.96      5.3404      3.34      0.2558     0.1557   567940.5044   8.9368     313.15    1049.98     -702.0    -621.018    81.449   
   6300     2742.55     6.1806      3.96      5.3404      3.34      0.254      0.1557   581233.0333  71.0336     313.15    1049.98     -702.0    -621.018    81.455   
   6400     2785.45     6.1806      3.96      5.3404      3.34      0.2505     0.1557   592361.5099   0.1842     313.15    1049.98     -702.0    -621.018    81.475   
   6500     2828.81     6.1806      3.96      5.3404      3.34      0.2453     1.1204   602383.1303  217.8602    313.15    1049.98     -703.0    -621.018    81.841   
   6600     2871.68     6.1806      3.96      5.3404      3.34      0.2433     0.1556   612995.6617  15.2724     313.15    1049.98     -703.0    -621.018    81.846   
   6700     2914.72     6.1806      3.96      5.3404      3.34      0.2629     0.3629   624122.6595  166.2186    313.15    1049.98     -703.0    -621.018    81.85    
   6800      2957.4     6.1806      3.96      5.3404      3.34      0.2575     0.1556   632443.1277  66.5328     313.15    1049.98     -703.0    -621.018    81.855   
   6900     3000.26     6.1806      3.96      5.3404      3.34      0.2535     0.1556   639391.905  436.0752    313.15    1049.98     -703.0    -621.018    81.865   
   7000     3043.72     6.1806      3.96      5.3404      3.34      0.2485     0.1556   651612.261   4.2228     313.15    1049.98     -703.0    -621.018    81.87    
   7100     3086.62     6.1806      3.96      5.3404      3.34      0.247      0.5112   664460.8983  352.2961    313.15    1049.98     -703.0    -621.018    81.875   
   7200     3129.72     6.1806      3.96      5.3404      3.34      0.242      0.1556   672127.0608  22.7101     313.15    1049.98     -703.0    -621.018    81.88    
   7300     3173.22     6.1806      3.96      5.3404      3.34      0.2379     0.1556   687068.0618   1.5404     313.15    1049.98     -703.0    -621.018    81.885   
   7400     3216.35     6.1806      3.96      5.3404      3.34      0.2364     0.1556   698888.4267   0.7556     313.15    1049.98     -703.0    -621.018    81.89    
   7500     3259.71     6.1806      3.96      5.3404      3.34      0.2324     0.1556   710327.2991  37.8307     313.15    1049.98     -703.0    -621.018    81.897   
   7600     3303.07     6.1806      3.96      5.3404      3.34      0.2298     0.1556   718199.0155   0.4092     313.15    1049.98     -703.0    -621.018    81.939   
   7700     3345.85     6.1806      3.96      5.3404      3.34      0.228      0.1556   731434.5131  55.7345     313.15    1049.98     -704.0    -621.018    82.671   
   7800     3391.79     6.1806      3.96      5.3404      3.34      0.2232     0.1556   744166.3447  87.8998     313.15    1049.98     -704.0    -621.018    82.691   
   7900     3435.22     6.1806      3.96      5.3404      3.34      0.2266     0.1556   761520.381  10.7694     313.15    1049.98     -704.0    -621.018    82.873   
   8000     3478.61     6.1806      3.96      5.3404      3.34      0.225      0.1555   771821.1436  10.5953     313.15    1049.98     -704.0    -621.018    83.171   
   8100     3521.54     6.1806      3.96      5.3404      3.34      0.2222     0.1555   786127.4236  14.3477     313.15    1049.98     -704.0    -621.018    83.178   
   8200     3565.16     6.1806      3.96      5.3404      3.34      0.2199     0.1555   797236.7877  50.8496     313.15    1049.98     -704.0    -621.018    83.179   
   8300     3608.85     6.1806      3.96      5.3404      3.34      0.2196     0.1555   808351.8938   1.6734     313.15    1049.98     -704.0    -621.018    83.196   
   8400     3652.38     6.1806      3.96      5.3404      3.34      0.2184     0.1555   819066.0357   2.0617     313.15    1049.98     -704.0    -621.018     83.2    
   8500     3695.74     6.1806      3.96      5.3404      3.34      0.2168     0.6238   830861.6881  830.3521    313.15    1049.98     -704.0    -621.018    83.201   
   8600     3739.19     6.1806      3.96      5.3404      3.34      0.2154     0.1555   834109.3346  14.8078     313.15    1049.98     -704.0    -621.018    83.212   
   8700     3784.06     6.1806      3.96      5.3404      3.34      0.2132    15.9209   845767.535 22936.2303   313.15    1049.98     -704.0    -621.018    83.214   
   8800     3828.06     6.1806      3.96      5.3404      3.34      0.2195     0.1555   861352.4042   0.0002     313.15    1049.98     -704.0    -621.018    83.216   
   8900     3872.39     6.1806      3.96      5.3404      3.34      0.2173     0.1555   872583.6124   5.3018     313.15    1049.98     -704.0    -621.018    83.217   
   9000      3916.6     6.1806      3.96      5.3404      3.34      0.2146     0.1555   884157.8064   0.0002     313.15    1049.98     -704.0    -621.018    83.22    
   9100     3959.78     6.1806      3.96      5.3404      3.34      0.2129     0.1555   899265.0565   5.6181     313.15    1049.98     -704.0    -621.018    83.222   
   9200     4002.85     6.1806      3.96      5.3404      3.34      0.211      0.2531   909267.0824  47.8092     313.15    1049.98     -704.0    -621.018    83.234   
   9300     4046.33     6.1806      3.96      5.3404      3.34      0.2086     0.1555   919682.9652   0.8809     313.15    1049.98     -704.0    -621.018    83.236   
   9400     4090.17     6.1806      3.96      5.3404      3.34      0.2069     0.1555   929969.0844   4.4989     313.15    1049.98     -704.0    -621.018    83.239   
   9500     4132.96     6.1806      3.96      5.3404      3.34      0.1954     0.1555   939628.175   0.7862     313.15    1049.98     -704.0    -621.018    83.241   
   9600     4175.88     6.1806      3.96      5.3404      3.34      0.1945     0.1555   952314.0077  10.9743     313.15    1049.98     -704.0    -621.018    83.243   
   9700     4218.99     6.1806      3.96      5.3404      3.34      0.194      9.2806   958603.5606 5045.3631    313.15    1049.98     -704.0    -621.018    83.246   
   9800     4262.27     6.1806      3.96      5.3404      3.34      0.1917     0.1554   969124.111   0.0002     313.15    1049.98     -704.0    -621.018    83.251   
   9900     4305.39     6.1806      3.96      5.3404      3.34      0.1916     0.1554   980458.3043  18.1644     313.15    1049.98     -704.0    -621.018    83.253   
  10000     4348.27     6.1806      3.96      5.3404      3.34      0.1897     1.435    992552.3033  653.2225    313.15    1049.98     -704.0    -621.018    83.254   
  10100     4391.67     6.1806      3.96      5.3404      3.34      0.1882     0.1554   1002046.2889   0.0002     313.15    1049.98     -704.0    -621.018    83.27    
  10200      4434.9     6.1806      3.96      5.3404      3.34      0.1892     0.1554   1014724.9203   0.0002     313.15    1049.98     -704.0    -621.018    83.272   
  10300     4478.03     6.1806      3.96      5.3404      3.34      0.2028     0.7371   1029906.7363 318168.1251   313.15    1049.98     -704.0    -621.018    83.274   
  10400     4522.31     6.1806      3.96      5.3404      3.34      0.1855     0.1511   1035841.9892   0.0002     313.15    1049.98     -704.0    -621.018    83.28    
  10500     4565.67     6.1806      3.96      5.3404      3.34      0.1838     0.1511   1046336.4352   8.5504     313.15    1049.98     -704.0    -621.018    83.282   
  10600      4608.6     6.1806      3.96      5.3404      3.34      0.1835     0.1919   1059146.3893  191.6796    313.15    1049.98     -704.0    -621.018    83.292   
  10700     4651.64     6.1806      3.96      5.3404      3.34      0.1821     0.1511   1072377.2117   0.0002     313.15    1049.98     -704.0    -621.018    83.293   
  10800     4694.78     6.1806      3.96      5.3404      3.34      0.1811     0.313    1083611.6178  172.3259    313.15    1049.98     -704.0    -621.018    83.297   
  10900     4737.78     6.1806      3.96      5.3404      3.34      0.1817     0.1511   1097155.3178   0.0002     313.15    1049.98     -704.0    -621.018    83.305   
  11000     4781.02     6.1806      3.96      5.3404      3.34      0.1808     0.1511   1107082.3956   0.0002     313.15    1049.98     -704.0    -621.018    83.306   
  11100     4824.34     6.1806      3.96      5.3404      3.34      0.1794     0.1511   1114742.5428   5.5346     313.15    1049.98     -704.0    -621.018    83.308   
  11200      4867.6     6.1806      3.96      5.3404      3.34      0.1788     0.1511   1126711.6141   0.0002     313.15    1049.98     -704.0    -621.018    83.31    
  11300     4911.13     6.1806      3.96      5.3404      3.34      0.1775     0.1511   1138597.9479   5.7958     313.15    1049.98     -704.0    -621.018    83.312   
  11400     4954.08     6.1806      3.96      5.3404      3.34      0.177      0.1511   1148700.4626   0.0001     313.15    1049.98     -704.0    -621.018    83.332   
  11500     4997.24     6.1806      3.96      5.3404      3.34      0.1761     0.1511   1166111.7202   3.106      313.15    1049.98     -704.0    -621.018    83.334   
  11600     5040.66     6.1806      3.96      5.3404      3.34      0.1764     0.1511   1178996.3328   4.8947     313.15    1049.98     -704.0    -621.018    83.335   
  11700     5084.05     6.1806      3.96      5.3404      3.34      0.1744     0.1511   1191110.9002   0.0001     313.15    1049.98     -704.0    -621.018    83.336   
  11800     5127.17     6.1806      3.96      5.3404      3.34      0.1735     0.1511   1203646.579  975.3767    313.15    1049.98     -704.0    -621.018    83.338   
  11900     5171.53     6.1806      3.96      5.3404      3.34      0.1721     0.1511   1209272.5355   0.0001     313.15    1049.98     -704.0    -621.018    83.342   
  12000     5216.02     6.1806      3.96      5.3404      3.34      0.1715     0.1511   1222676.4751   0.0001     313.15    1049.98     -704.0    -621.018    83.342   
  12100     5258.69     6.1806      3.96      5.3404      3.34      0.1708     0.1511   1234983.4869   0.0001     313.15    1049.98     -704.0    -621.018    83.343   
  12200     5302.04     6.1806      3.96      5.3404      3.34      0.1753     0.1511   1250915.4409   0.0001     313.15    1049.98     -704.0    -621.018    83.344   
  12300     5345.73     6.1806      3.96      5.3404      3.34      0.1736     0.151    1259168.837   0.0001     313.15    1049.98     -704.0    -621.018    83.38    
  12400     5388.64     6.1806      3.96      5.3404      3.34      0.1677     0.151    1267203.4517   0.0001     313.15    1049.98     -704.0    -621.018    83.381   
  12500     5432.28     6.1806      3.96      5.3404      3.34      0.1665     1.8382   1278308.1652 2731.2816    313.15    1049.98     -704.0    -621.018    83.384   
  12600     5475.45     6.1806      3.96      5.3404      3.34      0.1661     0.151    1288336.8586   0.0001     313.15    1049.98     -704.0    -621.018    83.385   
  12700     5518.62     6.1806      3.96      5.3404      3.34      0.1654     0.151    1301190.0772   0.0001     313.15    1049.98     -704.0    -621.018    83.385   
  12800     5561.42     6.1806      3.96      5.3404      3.34      0.1656     2.3324   1311022.2902 11009.8594   313.15    1049.98     -704.0    -621.018    83.386   
  12900     5604.92     6.1806      3.96      5.3404      3.34      0.1704     0.151    1321763.1181   2.4705     313.15    1049.98     -704.0    -621.018    83.386   
  13000     5648.66     6.1806      3.96      5.3404      3.34      0.1683     0.151    1333147.8775   5.8725     313.15    1049.98     -704.0    -621.018    83.386   
  13100     5691.33     6.1806      3.96      5.3404      3.34      0.1671     0.151    1343399.2091   0.0001     313.15    1049.98     -704.0    -621.018    83.387   
  13200     5734.34     6.1806      3.96      5.3404      3.34      0.167      0.151    1354275.3843   26.083     313.15    1049.98     -704.0    -621.018    83.387   
  13300     5777.51     6.1806      3.96      5.3404      3.34      0.1663     0.151    1359846.1389   0.0001     313.15    1049.98     -704.0    -621.018    83.394   
  13400     5820.51     6.1806      3.96      5.3404      3.34      0.1658     0.151    1369296.2835   0.0001     313.15    1049.98     -704.0    -621.018    83.397   
  13500     5863.59     6.1806      3.96      5.3404      3.34      0.1635     0.151    1380962.567  21.4374     313.15    1049.98     -704.0    -621.018    83.398   
  13600     5906.24     6.1806      3.96      5.3404      3.34      0.1589     0.151    1392171.9706   8.1414     313.15    1049.98     -704.0    -621.018    83.405   
  13700     5949.54     6.1806      3.96      5.3404      3.34      0.1974     0.151    1425961.3512   4.533      313.15    1049.98     -704.0    -621.018    83.405   
  13800     5993.02     6.1806      3.96      5.3404      3.34      0.1954     0.151    1440315.35   0.0001     313.15    1049.98     -704.0    -621.018    83.406   
  13900     6037.43     6.1806      3.96      5.3404      3.34      0.1935     0.151    1450824.1917   4.0124     313.15    1049.98     -704.0    -621.018    83.406   
  14000     6082.92     6.1806      3.96      5.3404      3.34      0.1912     0.151    1462613.0745   4.7232     313.15    1049.98     -705.0    -621.018    84.008   
  14100     6127.52     6.1806      3.96      5.3404      3.34      0.1903     0.4815   1475018.7434  278.3047    313.15    1049.98     -705.0    -621.018    84.099   
  14200     6173.99     6.1806      3.96      5.3404      3.34      0.1877     0.151    1486826.5772   0.0001     313.15    1049.98     -705.0    -621.018    84.099   
  14300     6218.11     6.1806      3.96      5.3404      3.34      0.1848     0.151    1494116.6373   49.943     313.15    1049.98     -705.0    -621.018    84.098   
  14400     6261.48     6.1806      3.96      5.3404      3.34      0.1834     0.151    1506450.1623  28.1502     313.15    1049.98     -705.0    -621.018    84.097   
  14500     6305.89     6.1806      3.96      5.3404      3.34       0.18      0.151    1513678.1926   8.368      313.15    1049.98     -705.0    -621.018    84.22    
  14600     6351.45     6.1806      3.96      5.3404      3.34      0.1778     0.151    1529978.4247   0.0001     313.15    1049.98     -705.0    -621.018    84.219   
  14700     6397.08     6.1806      3.96      5.3404      3.34      0.1763     0.151    1541683.4876   0.0001     313.15    1049.98     -705.0    -621.018    84.223   
  14800      6440.6     6.1806      3.96      5.3404      3.34      0.1754     0.151    1553236.0741   0.0001     313.15    1049.98     -705.0    -621.018    84.222   
  14900     6483.85     6.1806      3.96      5.3404      3.34      0.1741     3.6648   1565522.8613 3388.9493    313.15    1049.98     -705.0    -621.018    84.221   
  15000     6527.09     6.1806      3.96      5.3404      3.34      0.1736     0.151    1573505.019   0.0001     313.15    1049.98     -705.0    -621.018    84.22    
  15100     6572.92     6.1806      3.96      5.3404      3.34      0.1721     0.151    1587403.9559   0.0001     313.15    1049.98     -705.0    -621.018    84.238   
  15200     6618.18     6.1806      3.96      5.3404      3.34      0.1705     0.151    1595295.8511   0.0001     313.15    1049.98     -705.0    -621.018    84.252   
  15300      6663.5     6.1806      3.96      5.3404      3.34      0.169      0.1509   1607263.8377   7.8756     313.15    1049.98     -705.0    -621.018    84.251   
  15400     6709.62     6.1806      3.96      5.3404      3.34      0.1642     0.1509   1618681.8234   0.0001     313.15    1049.98     -705.0    -621.018    84.25    
  15500     6756.23     6.1806      3.96      5.3404      3.34      0.1639     0.1509   1631466.1385   2.2375     313.15    1049.98     -705.0    -621.018    84.249   
  15600     6801.81     6.1806      3.96      5.3404      3.34      0.1473     0.1509   1623896.8173   0.0001     313.15    1049.98     -705.0    -621.018    84.248   
  15700     6847.32     6.1806      3.96      5.3404      3.34      0.1473     0.2022   1639757.0747  372.9194    313.15    1049.98     -705.0    -621.018    84.247   
  15800     6893.31     6.1806      3.96      5.3404      3.34      0.146      0.1509   1650436.6001   4.8753     313.15    1049.98     -705.0    -621.018    84.246   
  15900     6940.03     6.1806      3.96      5.3404      3.34      0.1446     0.1509   1659052.3052  69.3794     313.15    1049.98     -705.0    -621.018    84.246   
  16000     6987.19     6.1806      3.96      5.3404      3.34      0.1447     0.1509   1669153.3356   0.0001     313.15    1049.98     -705.0    -621.018    84.245   
[-199.21255672 -198.19208346  199.14234798 -197.8113313  -198.98784647
 -198.66525461 -199.14925571 -195.64914449 -198.00951693 -196.63051506
 -195.91595243  203.82122031 -197.14465889 -200.6564207   195.8823007
 -196.61217978 -199.62813457 -200.21177685 -196.40229428 -199.47299779]
[205.42602878 207.90643871 206.88363662 206.83203763 206.59386245
 207.40518229 207.5218758  208.7736403  207.78918306 208.0893269
 209.36159241 205.36338985 209.55673753 205.99210269 206.46000371
 208.47410791 207.54751722 205.79275069 208.72023968 206.02458171]
[ 205.11648783  207.00690804 -207.02455513  205.94161793  205.68389043
  206.05987684  205.79484057  206.35811209  206.21839638  206.68996859
  206.89859634 -203.82672978  207.17313767  206.18211897 -206.31721996
  206.62266388  206.66366014  205.571529    206.56114876  205.68722031]
