Generating synthetic count valued data ... 
Generating synthetic  count valued data took:  0.47216224670410156
max_count =  17  min count =  0
Evaluation for true params: 
 test_rsme | train_rsme | rel-te-err | rel-tr-err |  test_nll  |  train_nll |
1.7320508076 1.833030278      1.08         1.08        105.87       423.0    
Factorizing with max_iteration = 16000  fixing covariance?:  False
Tensor dimensions:  [5, 5, 5]
Optimization metrics: 
Using Ada Grad
Mean update scheme:  S
Covariance update :  N
Using diagonal covariance?:  False
Random start? True
k1 samples =  64  k2 samples =  128
eta =  1.0  cov eta =  1.0  sigma eta =  1
iteration |   time   |test_rsme |rel-te-err|train_rsme|rel-tr-err|   d_mean  |   d_cov  |avg_grad_m|avg_grad_c| test_nll | train_nll |    VLB   |  E-term  |    KL     |   dw   |
    0         0.55      5.5929      3.6       4.7403      3.17      3.1623     2.665      1.7007     1.8923     99.41      324.84     -538.0    -493.589    44.313     0.0247  
    5         3.61      3.6442      2.88      4.6303      3.76      3.1623     1.4181    34.7982    25.4501     54.92      232.94     -409.0    -393.264    16.181     0.0062  
    10        7.11       5.0        3.24      4.982       3.1       2.9089     0.5928    14.8235    24.4474     59.23      201.03     -309.0    -295.654    13.453     0.0014  
    20        12.9       4.4        3.2       4.9082      3.31      1.4281     0.2171     7.1385    21.8254     53.85      188.48     -306.0    -292.936    13.132     0.0003  
    50       27.79     12.3418      8.56     11.6837      7.61      1.9419     0.2401    22.1702    32.4764     140.39     336.03     -566.0    -547.643    18.341     0.0001  
   100       53.04      6.1806      3.96      5.3404      3.34      2.4881     0.2751    236.7837   161.4486    313.15    1049.98     -661.0    -621.018    39.856      0.0    
   200       99.55      6.1806      3.96      5.3404      3.34      1.7232     0.2637   1311.4654   95.2926     313.15    1049.98     -674.0    -621.018    53.41       0.0    
   300       145.09     6.1806      3.96      5.3404      3.34      1.6528     0.906    2811.0247   216.0241    313.15    1049.98     -679.0    -621.018    57.698      0.0    
   400       191.83     6.1806      3.96      5.3404      3.34      1.4274     0.6186   5520.3682   282.7952    313.15    1049.98     -682.0    -621.018    60.613      0.0    
   500       237.27     6.1806      3.96      5.3404      3.34      1.3476     0.7872    9320.062   579.9626    313.15    1049.98     -684.0    -621.018    62.749      0.0    
   600       282.1      6.1806      3.96      5.3404      3.34      1.4442     0.8882   15619.8877  633.9746    313.15    1049.98     -685.0    -621.018    64.126      0.0    
   700       327.25     6.1806      3.96      5.3404      3.34      1.1361     4.2016   26368.189  1127.2803    313.15    1049.98     -687.0    -621.018    65.692      0.0    
   800       371.72     6.1806      3.96      5.3404      3.34      0.955      1.009    34931.8956  844.6302    313.15    1049.98     -691.0    -621.018    69.925      0.0    
   900       416.37     6.1806      3.96      5.3404      3.34      1.3187     1.8036   44608.435  1267.7886    313.15    1049.98     -692.0    -621.018    70.634      0.0    
   1000      461.0      6.1806      3.96      5.3404      3.34      1.4561     2.1708   49314.2595 1236.5695    313.15    1049.98     -692.0    -621.018    71.231      0.0    
   1100      505.59     6.1806      3.96      5.3404      3.34      0.9244     0.2576   57545.0748  185.852     313.15    1049.98     -693.0    -621.018    71.671      0.0    
   1200      550.93     6.1806      3.96      5.3404      3.34      0.923      0.7463   71731.5733  262.7351    313.15    1049.98     -693.0    -621.018    72.433      0.0    
   1300      596.0      6.1806      3.96      5.3404      3.34      0.851      2.7293   78510.0185 1619.7066    313.15    1049.98     -697.0    -621.018    76.099      0.0    
   1400      641.5      6.1806      3.96      5.3404      3.34       0.86      1.7935   87766.2018  483.868     313.15    1049.98     -698.0    -621.018    77.166      0.0    
   1500      685.8      6.1806      3.96      5.3404      3.34      0.854      2.6792   100830.3378 4376.9599    313.15    1049.98     -697.0    -621.018    76.368      0.0    
   1600      730.07     6.1806      3.96      5.3404      3.34      0.759      6.6259   115291.3771 2427.8944    313.15    1049.98     -698.0    -621.018    76.885      0.0    
   1700      774.42     6.1806      3.96      5.3404      3.34      0.779      3.0245   128423.3519  480.5851    313.15    1049.98     -698.0    -621.018    77.346      0.0    
   1800      818.55     6.1806      3.96      5.3404      3.34      0.6047     0.3226   141495.4202   8.8302     313.15    1049.98     -699.0    -621.018    77.598      0.0    
   1900      863.0      6.1806      3.96      5.3404      3.34      0.545      7.8378   150500.3779 3723.5117    313.15    1049.98     -699.0    -621.018    77.723      0.0    
   2000      907.35     6.1806      3.96      5.3404      3.34      0.6176     3.3645   163877.0591 7522.1429    313.15    1049.98     -699.0    -621.018    77.803      0.0    
   2100      951.76     6.1806      3.96      5.3404      3.34      0.5384     2.0551   169721.8415  111.2507    313.15    1049.98     -699.0    -621.018    77.904      0.0    
   2200      996.17     6.1806      3.96      5.3404      3.34      0.5204     0.2823   179865.2383  11.2997     313.15    1049.98     -699.0    -621.018    77.954      0.0    
   2300     1040.57     6.1806      3.96      5.3404      3.34      0.4976     0.2594   197892.484  51.2181     313.15    1049.98     -698.0    -621.018    77.208      0.0    
   2400     1084.66     6.1806      3.96      5.3404      3.34      0.4625     0.2568   206536.2709  38.9581     313.15    1049.98     -698.0    -621.018    77.265      0.0    
   2500     1128.87     6.1806      3.96      5.3404      3.34      0.4374     0.2492   210114.2356  31.6027     313.15    1049.98     -698.0    -621.018    77.307      0.0    
   2600     1173.19     6.1806      3.96      5.3404      3.34      0.416      3.3503   219671.8789 9398.9234    313.15    1049.98     -698.0    -621.018    77.337      0.0    
   2700     1216.92     6.1806      3.96      5.3404      3.34      0.4723     0.2482   232193.0686   2.6117     313.15    1049.98     -700.0    -621.018    78.858      0.0    
   2800     1261.42     6.1806      3.96      5.3404      3.34      0.4435     4.6253   244972.9642 24349.7279   313.15    1049.98     -699.0    -621.018    78.024      0.0    
   2900     1306.13     6.1806      3.96      5.3404      3.34      0.4177     0.2471   255752.9076  60.9357     313.15    1049.98     -699.0    -621.018    78.02       0.0    
   3000     1350.89     6.1806      3.96      5.3404      3.34      0.4004     0.2447   268104.6458  47.6946     313.15    1049.98     -699.0    -621.018    78.008      0.0    
   3100      1396.8     6.1806      3.96      5.3404      3.34      0.3854     0.2405   277578.8467   8.8454     313.15    1049.98     -699.0    -621.018    78.002      0.0    
   3200     1441.84     6.1806      3.96      5.3404      3.34      0.4444     0.2381   297534.2277  31.8995     313.15    1049.98     -699.0    -621.018    78.092      0.0    
   3300     1486.16     6.1806      3.96      5.3404      3.34      0.4172     3.3765   309488.9071  898.7484    313.15    1049.98     -699.0    -621.018    78.08       0.0    
   3400     1530.16     6.1806      3.96      5.3404      3.34      0.3962     0.2373   320249.2729  16.8045     313.15    1049.98     -699.0    -621.018    78.073      0.0    
   3500     1575.55     6.1806      3.96      5.3404      3.34      0.3792     0.237    325964.2924  74.7937     313.15    1049.98     -699.0    -621.018    78.065      0.0    
   3600     1619.61     6.1806      3.96      5.3404      3.34      0.3652     0.2369   337654.9989  23.1135     313.15    1049.98     -699.0    -621.018    78.071      0.0    
   3700     1664.39     6.1806      3.96      5.3404      3.34      0.3513     0.2339   348191.9134  105.7997    313.15    1049.98     -699.0    -621.018    78.063      0.0    
   3800     1709.12     6.1806      3.96      5.3404      3.34      0.3404     0.2335   358270.8889  12.5635     313.15    1049.98     -699.0    -621.018    78.055      0.0    
   3900     1753.89     6.1806      3.96      5.3404      3.34      0.3614     0.2318   367207.3236   36.45      313.15    1049.98     -699.0    -621.018    78.048      0.0    
   4000     1798.22     6.1806      3.96      5.3404      3.34      0.3487     0.2044   384771.6015   4.5009     313.15    1049.98     -699.0    -621.018    78.042      0.0    
   4100     1843.02     6.1806      3.96      5.3404      3.34      0.3098     0.2042   384107.8265  94.4097     313.15    1049.98     -699.0    -621.018    78.103      0.0    
   4200     1887.92     6.1806      3.96      5.3404      3.34      0.3032     0.2041   394407.7432   0.9429     313.15    1049.98     -699.0    -621.018    78.097      0.0    
   4300     1932.85     6.1806      3.96      5.3404      3.34      0.2871     0.2036   402008.5218  18.2279     313.15    1049.98     -699.0    -621.018    78.117      0.0    
   4400     1977.54     6.1806      3.96      5.3404      3.34      0.2921     0.2036   412711.873  21.5976     313.15    1049.98     -699.0    -621.018    78.11       0.0    
   4500     2022.25     6.1806      3.96      5.3404      3.34      0.2868     0.2035   423587.4552   3.8252     313.15    1049.98     -699.0    -621.018    78.106      0.0    
   4600     2067.28     6.1806      3.96      5.3404      3.34      0.2904     2.9745   436118.2393  4260.053    313.15    1049.98     -699.0    -621.018    78.101      0.0    
   4700     2110.89     6.1806      3.96      5.3404      3.34      0.2799     0.2034   442770.2711  68.3523     313.15    1049.98     -699.0    -621.018    78.096      0.0    
   4800     2154.81     6.1806      3.96      5.3404      3.34      0.2776     0.2034   454350.1259  78.2453     313.15    1049.98     -699.0    -621.018    78.092      0.0    
   4900     2198.69     6.1806      3.96      5.3404      3.34      0.2771     0.6389   469721.2372  947.3205    313.15    1049.98     -699.0    -621.018    78.089      0.0    
   5000     2242.15     6.1806      3.96      5.3404      3.34      0.2654     0.2033   475349.2874   5.5388     313.15    1049.98     -699.0    -621.018    78.083      0.0    
   5100     2286.03     6.1806      3.96      5.3404      3.34      0.3305     0.2027   492570.8097   2.0793     313.15    1049.98     -699.0    -621.018    78.086      0.0    
   5200     2330.35     6.1806      3.96      5.3404      3.34      0.3155     0.1872   509880.895   5.5951     313.15    1049.98     -699.0    -621.018    78.096      0.0    
   5300     2374.88     6.1806      3.96      5.3404      3.34      0.3088     0.1778   520979.2939   4.6991     313.15    1049.98     -699.0    -621.018    78.097      0.0    
   5400     2419.95     6.1806      3.96      5.3404      3.34      0.3003     0.1777   533091.7575   2.7687     313.15    1049.98     -699.0    -621.018    78.091      0.0    
   5500     2464.02     6.1806      3.96      5.3404      3.34      0.2924     0.1777   541293.7237   2.3079     313.15    1049.98     -699.0    -621.018    78.087      0.0    
   5600     2508.49     6.1806      3.96      5.3404      3.34      0.2861     0.3037   552766.1732  120.1097    313.15    1049.98     -699.0    -621.018    78.092      0.0    
   5700     2554.01     6.1806      3.96      5.3404      3.34      0.2793     0.1776   561442.633   4.1636     313.15    1049.98     -699.0    -621.018    78.473      0.0    
   5800     2598.47     6.1806      3.96      5.3404      3.34      0.2741     0.1776   574634.1845   1.0388     313.15    1049.98     -699.0    -621.018    78.465      0.0    
   5900     2643.37     6.1806      3.96      5.3404      3.34      0.2685     0.1776   583613.9656  66.0643     313.15    1049.98     -699.0    -621.018    78.456      0.0    
   6000     2687.67     6.1806      3.96      5.3404      3.34      0.2636     0.1776   594959.5558  70.0319     313.15    1049.98     -699.0    -621.018    78.45       0.0    
   6100      2732.2     6.1806      3.96      5.3404      3.34      0.2598     0.1775   608659.3975   1.9338     313.15    1049.98     -699.0    -621.018    78.442      0.0    
   6200     2776.41     6.1806      3.96      5.3404      3.34      0.2551     0.1775   621672.7579   0.8539     313.15    1049.98     -699.0    -621.018    78.434      0.0    
   6300      2820.9     6.1806      3.96      5.3404      3.34      0.2889     0.1772   643797.2765  38.6112     313.15    1049.98     -699.0    -621.018    78.429      0.0    
   6400     2865.73     6.1806      3.96      5.3404      3.34      0.2663     0.1771   652627.8835   8.1882     313.15    1049.98     -699.0    -621.018    78.422      0.0    
   6500     2910.13     6.1806      3.96      5.3404      3.34      0.2617     0.1771   663226.1179   0.7445     313.15    1049.98     -699.0    -621.018    78.416      0.0    
   6600     2954.33     6.1806      3.96      5.3404      3.34      0.2566     0.1767   672949.5662   64.788     313.15    1049.98     -699.0    -621.018    78.409      0.0    
   6700     2997.87     6.1806      3.96      5.3404      3.34      0.2534     0.1767   685580.7215   9.8589     313.15    1049.98     -699.0    -621.018    78.403      0.0    
   6800     3041.78     6.1806      3.96      5.3404      3.34      0.2328     0.1708   691118.9714  15.6638     313.15    1049.98     -699.0    -621.018    78.46       0.0    
   6900     3085.88     6.1806      3.96      5.3404      3.34      0.2303     0.1708   701087.3553  18.4578     313.15    1049.98     -700.0    -621.018    78.535      0.0    
   7000      3129.9     6.1806      3.96      5.3404      3.34      0.2245     0.1708   710959.0931   1.7199     313.15    1049.98     -700.0    -621.018    78.529      0.0    
   7100      3174.6     6.1806      3.96      5.3404      3.34      0.2243     0.1699   723430.7564   0.506      313.15    1049.98     -700.0    -621.018    78.523      0.0    
   7200     3219.32     6.1806      3.96      5.3404      3.34      0.223      9.9996   731835.665 44628.9841   313.15    1049.98     -700.0    -621.018    78.737      0.0    
   7300     3263.83     6.1806      3.96      5.3404      3.34      0.2211     0.1699   740910.8102   0.0002     313.15    1049.98     -700.0    -621.018    78.729      0.0    
   7400     3307.64     6.1806      3.96      5.3404      3.34      0.2199     0.1699   750096.2518   3.2784     313.15    1049.98     -700.0    -621.018    78.722      0.0    
   7500     3352.37     6.1806      3.96      5.3404      3.34      0.2192     0.1699   762744.8613  23.7058     313.15    1049.98     -700.0    -621.018    78.724      0.0    
   7600     3396.24     6.1806      3.96      5.3404      3.34      0.2179     0.1699   774986.8345   3.4852     313.15    1049.98     -700.0    -621.018    78.721      0.0    
   7700     3440.39     6.1806      3.96      5.3404      3.34      0.2278     0.1699   787663.5814  13.0627     313.15    1049.98     -700.0    -621.018    78.714      0.0    
   7800     3485.08     6.1806      3.96      5.3404      3.34      0.2245    39.6584   797976.9932 3601.6888    313.15    1049.98     -700.0    -621.018    78.722      0.0    
   7900     3529.54     6.1806      3.96      5.3404      3.34      0.224      9.306    809060.4444 105882.9559   313.15    1049.98     -700.0    -621.018    78.717      0.0    
   8000     3574.93     6.1806      3.96      5.3404      3.34      0.2194     0.1657   820824.4323  14.4739     313.15    1049.98     -700.0    -621.018    78.712      0.0    
   8100     3620.73     6.1806      3.96      5.3404      3.34      0.2186     0.1656   832295.0335   1.0883     313.15    1049.98     -700.0    -621.018    78.71       0.0    
   8200     3664.53     6.1806      3.96      5.3404      3.34      0.2156     0.1656   844042.981   0.2419     313.15    1049.98     -700.0    -621.018    78.705      0.0    
   8300     3709.36     6.1806      3.96      5.3404      3.34      0.2132     0.1656   854948.7208  61.7723     313.15    1049.98     -700.0    -621.018    78.699      0.0    
   8400     3754.15     6.1806      3.96      5.3404      3.34      0.2085     0.1649   863140.1852  10.8239     313.15    1049.98     -700.0    -621.018    78.694      0.0    
   8500      3799.0     6.1806      3.96      5.3404      3.34      0.2075     0.1638   873969.5124  26.1934     313.15    1049.98     -700.0    -621.018    78.693      0.0    
   8600     3842.54     6.1806      3.96      5.3404      3.34      0.2055     0.1638   885761.2087  12.4029     313.15    1049.98     -700.0    -621.018    78.688      0.0    
   8700     3886.84     6.1806      3.96      5.3404      3.34      0.2048     0.1638   898169.7376   0.0002     313.15    1049.98     -700.0    -621.018    78.684      0.0    
   8800     3931.61     6.1806      3.96      5.3404      3.34      0.2021     0.1638   910167.0431   5.9389     313.15    1049.98     -700.0    -621.018    78.68       0.0    
   8900      3976.2     6.1806      3.96      5.3404      3.34      0.2004     0.1638   920924.3394   0.0002     313.15    1049.98     -700.0    -621.018    78.688      0.0    
   9000     4021.27     6.1806      3.96      5.3404      3.34      0.1994    13.1141   934763.2342 17084.3395   313.15    1049.98     -700.0    -621.018    78.688      0.0    
   9100     4065.25     6.1806      3.96      5.3404      3.34      0.2008     0.1638   950309.636   0.7021     313.15    1049.98     -700.0    -621.018    78.684      0.0    
   9200     4108.54     6.1806      3.96      5.3404      3.34      0.1966     0.1638   960375.8346   4.1472     313.15    1049.98     -700.0    -621.018    78.68       0.0    
   9300     4152.57     6.1806      3.96      5.3404      3.34      0.2097     0.1638   978684.197   9.0577     313.15    1049.98     -700.0    -621.018    78.676      0.0    
   9400      4196.7     6.1806      3.96      5.3404      3.34      0.2073     0.1638   992410.1196  94.8622     313.15    1049.98     -700.0    -621.018    78.673      0.0    
   9500     4241.66     6.1806      3.96      5.3404      3.34      0.2043     0.1638   1001677.0196   4.2146     313.15    1049.98     -700.0    -621.018    78.67       0.0    
   9600     4286.39     6.1806      3.96      5.3404      3.34      0.2021     0.1637   1012929.8296   9.9254     313.15    1049.98     -700.0    -621.018    78.666      0.0    
   9700     4331.06     6.1806      3.96      5.3404      3.34      0.2015     0.1637   1025933.7853   0.0002     313.15    1049.98     -700.0    -621.018    78.663      0.0    
   9800     4375.35     6.1806      3.96      5.3404      3.34      0.2463     0.1637   1052335.9648    4.44      313.15    1049.98     -700.0    -621.018    78.665      0.0    
   9900     4420.24     6.1806      3.96      5.3404      3.34      0.2422     0.1637   1065351.1207    4.86      313.15    1049.98     -700.0    -621.018    78.661      0.0    
  10000     4466.17     6.1806      3.96      5.3404      3.34      0.2287     0.1637   1075004.6108  32.2584     313.15    1049.98     -700.0    -621.018    78.669      0.0    
  10100      4510.9     6.1806      3.96      5.3404      3.34      0.2257     0.1637   1086428.2009   0.0002     313.15    1049.98     -700.0    -621.018    78.834      0.0    
  10200      4555.6     6.1806      3.96      5.3404      3.34      0.2222     0.1637   1096393.9395   0.0002     313.15    1049.98     -700.0    -621.018    78.97       0.0    
  10300     4600.23     6.1806      3.96      5.3404      3.34      0.2183     0.1637   1109174.6519   5.5928     313.15    1049.98     -700.0    -621.018    78.967      0.0    
  10400     4645.89     6.1806      3.96      5.3404      3.34      0.2162     0.1637   1120195.2837   0.0848     313.15    1049.98     -700.0    -621.018    78.965      0.0    
  10500     4690.81     6.1806      3.96      5.3404      3.34      0.2114     0.1637   1128257.3513   0.0002     313.15    1049.98     -700.0    -621.018    78.962      0.0    
  10600     4735.84     6.1806      3.96      5.3404      3.34      0.2089     0.1636   1141946.4875   0.0002     313.15    1049.98     -700.0    -621.018    78.959      0.0    
  10700     4780.36     6.1806      3.96      5.3404      3.34      0.2051     0.1636   1151060.4754   3.8994     313.15    1049.98     -700.0    -621.018    78.956      0.0    
  10800     4825.69     6.1806      3.96      5.3404      3.34      0.2036     0.1636   1162645.893   0.0002     313.15    1049.98     -700.0    -621.018    78.953      0.0    
  10900     4870.11     6.1806      3.96      5.3404      3.34      0.1942     0.1636   1172521.4243   0.0002     313.15    1049.98     -700.0    -621.018    78.949      0.0    
  11000     4914.62     6.1806      3.96      5.3404      3.34      0.1908    19.1877   1177664.2409 7407.5115    313.15    1049.98     -700.0    -621.018    78.946      0.0    
  11100     4959.43     6.1806      3.96      5.3404      3.34      0.1902     0.3524   1189641.5901  201.4316    313.15    1049.98     -700.0    -621.018    78.945      0.0    
  11200      5004.5     6.1806      3.96      5.3404      3.34      0.1884     0.1636   1201956.4074   0.0002     313.15    1049.98     -700.0    -621.018    78.942      0.0    
  11300      5050.0     6.1806      3.96      5.3404      3.34      0.1869     0.1636   1212636.1152  16.2788     313.15    1049.98     -700.0    -621.018    78.939      0.0    
  11400     5094.98     6.1806      3.96      5.3404      3.34      0.1743     0.1636   1206270.1692  20.3058     313.15    1049.98     -700.0    -621.018    78.936      0.0    
  11500      5139.9     6.1806      3.96      5.3404      3.34      0.1738     0.1636   1218644.7866   0.0001     313.15    1049.98     -700.0    -621.018    78.933      0.0    
  11600     5184.75     6.1806      3.96      5.3404      3.34      0.1729     0.1636   1228766.8433   0.0001     313.15    1049.98     -700.0    -621.018    78.931      0.0    
  11700      5228.4     6.1806      3.96      5.3404      3.34      0.1721     0.1636   1242138.9029   0.0001     313.15    1049.98     -700.0    -621.018    78.928      0.0    
  11800     5273.36     6.1806      3.96      5.3404      3.34      0.1711     0.1636   1255018.9646   0.0001     313.15    1049.98     -700.0    -621.018    78.926      0.0    
  11900     5317.67     6.1806      3.96      5.3404      3.34      0.1695     0.1636   1266442.9571   3.3227     313.15    1049.98     -700.0    -621.018    78.923      0.0    
  12000     5362.29     6.1806      3.96      5.3404      3.34      0.1683     0.1636   1274539.4737   0.0001     313.15    1049.98     -700.0    -621.018    78.921      0.0    
  12100     5406.14     6.1806      3.96      5.3404      3.34      0.1679    85.5704   1287577.8766 8987.8128    313.15    1049.98     -700.0    -621.018    78.918      0.0    
  12200     5449.98     6.1806      3.96      5.3404      3.34      0.167      0.1577   1300186.0251   9.9834     313.15    1049.98     -700.0    -621.018    78.915      0.0    
  12300     5494.17     6.1806      3.96      5.3404      3.34      0.1659     0.1577   1309072.9839   0.0001     313.15    1049.98     -700.0    -621.018    78.913      0.0    
  12400     5539.16     6.1806      3.96      5.3404      3.34      0.1661     0.1577   1322721.5214   0.0001     313.15    1049.98     -700.0    -621.018    78.911      0.0    
  12500     5584.26     6.1806      3.96      5.3404      3.34      0.1643     0.1577   1332166.0219   0.0001     313.15    1049.98     -700.0    -621.018    78.908      0.0    
  12600     5628.15     6.1806      3.96      5.3404      3.34      0.1637     0.1577   1339173.6504   0.0001     313.15    1049.98     -700.0    -621.018    78.913      0.0    
  12700     5672.34     6.1806      3.96      5.3404      3.34      0.1628     0.1577   1350807.9318   0.0001     313.15    1049.98     -701.0    -621.018    79.808      0.0    
  12800     5715.88     6.1806      3.96      5.3404      3.34      0.1619     0.1577   1362566.3402   0.0001     313.15    1049.98     -701.0    -621.018    79.808      0.0    
  12900     5760.59     6.1806      3.96      5.3404      3.34      0.1615     0.1577   1370257.8035   3.8695     313.15    1049.98     -701.0    -621.018    79.804      0.0    
  13000     5805.05     6.1806      3.96      5.3404      3.34      0.159      0.1577   1376523.4306   0.0001     313.15    1049.98     -701.0    -621.018    79.801      0.0    
  13100     5849.73     6.1806      3.96      5.3404      3.34      0.1585     0.1577   1388862.8335  13.6994     313.15    1049.98     -701.0    -621.018    79.798      0.0    
  13200     5894.53     6.1806      3.96      5.3404      3.34      0.1579     0.2297   1397145.5382  49.4454     313.15    1049.98     -701.0    -621.018    79.795      0.0    
  13300      5939.4     6.1806      3.96      5.3404      3.34      0.1572     0.1576   1402316.3552   0.0001     313.15    1049.98     -701.0    -621.018    79.791      0.0    
  13400     5983.67     6.1806      3.96      5.3404      3.34      0.1569     1.8872   1415613.0285 1134.8054    313.15    1049.98     -701.0    -621.018    79.788      0.0    
  13500     6028.28     6.1806      3.96      5.3404      3.34      0.156      0.1576   1429254.1042   2.0091     313.15    1049.98     -701.0    -621.018    79.785      0.0    
  13600      6072.7     6.1806      3.96      5.3404      3.34      0.1557     0.1576   1439928.9817   0.0001     313.15    1049.98     -701.0    -621.018    79.782      0.0    
  13700     6118.34     6.1806      3.96      5.3404      3.34      0.1544     0.1576   1454206.9788   0.0001     313.15    1049.98     -701.0    -621.018    79.779      0.0    
  13800     6162.39     6.1806      3.96      5.3404      3.34      0.1541     8.5831   1462856.1336 12603.1557   313.15    1049.98     -701.0    -621.018    79.791      0.0    
  13900     6207.81     6.1806      3.96      5.3404      3.34      0.1537     0.1576   1474580.8366   0.0001     313.15    1049.98     -701.0    -621.018    79.788      0.0    
  14000     6252.72     6.1806      3.96      5.3404      3.34      0.1531     0.1576   1485196.6577   3.3693     313.15    1049.98     -701.0    -621.018    79.786      0.0    
  14100     6297.78     6.1806      3.96      5.3404      3.34      0.153      0.1576   1497067.7508  12.6097     313.15    1049.98     -701.0    -621.018    79.784      0.0    
  14200     6341.89     6.1806      3.96      5.3404      3.34      0.1521     0.3112   1509952.9782   53.07      313.15    1049.98     -701.0    -621.018    79.782      0.0    
  14300     6386.32     6.1806      3.96      5.3404      3.34      0.1519     0.1576   1522684.8041  25.9192     313.15    1049.98     -701.0    -621.018    79.779      0.0    
  14400     6431.16     6.1806      3.96      5.3404      3.34      0.1514     0.1576   1537843.1864   0.0001     313.15    1049.98     -701.0    -621.018    79.777      0.0    
  14500     6474.95     6.1806      3.96      5.3404      3.34      0.1504     0.1576   1548875.7367  12.3529     313.15    1049.98     -701.0    -621.018    79.777      0.0    
  14600      6518.9     6.1806      3.96      5.3404      3.34      0.1489     0.1576   1556675.5401   0.0001     313.15    1049.98     -701.0    -621.018    79.774      0.0    
  14700     6563.77     6.1806      3.96      5.3404      3.34      0.1486     0.1576   1569769.16   0.7315     313.15    1049.98     -701.0    -621.018    79.772      0.0    
  14800     6609.54     6.1806      3.96      5.3404      3.34      0.1486     0.1576   1581848.2729   0.0001     313.15    1049.98     -701.0    -621.018    79.777      0.0    
  14900     6654.09     6.1806      3.96      5.3404      3.34      0.1482     0.1576   1594100.7462   4.1097     313.15    1049.98     -701.0    -621.018    79.775      0.0    
  15000     6698.39     6.1806      3.96      5.3404      3.34      0.1479     0.1576   1604661.289   0.0001     313.15    1049.98     -701.0    -621.018    79.772      0.0    
  15100     6742.76     6.1806      3.96      5.3404      3.34      0.1473     0.1576   1615285.9306   0.0001     313.15    1049.98     -701.0    -621.018    79.772      0.0    
  15200     6789.45     6.1806      3.96      5.3404      3.34      0.1469     0.1576   1629123.3492   0.0001     313.15    1049.98     -701.0    -621.018    79.769      0.0    
  15300     6834.28     6.1806      3.96      5.3404      3.34      0.146      0.1576   1639313.6941   0.0001     313.15    1049.98     -701.0    -621.018    79.767      0.0    
  15400     6878.71     6.1806      3.96      5.3404      3.34      0.1456     0.1576   1647715.6482   0.0001     313.15    1049.98     -701.0    -621.018    79.768      0.0    
  15500     6923.29     6.1806      3.96      5.3404      3.34      0.145      0.1576   1660672.2966   0.0001     313.15    1049.98     -701.0    -621.018    79.766      0.0    
  15600     6967.36     6.1806      3.96      5.3404      3.34      0.1455     0.1576   1670769.627   7.8007     313.15    1049.98     -701.0    -621.018    79.764      0.0    
  15700     7011.21     6.1806      3.96      5.3404      3.34      0.1447     0.1576   1685854.0143   0.0001     313.15    1049.98     -701.0    -621.018    79.762      0.0    
  15800      7055.4     6.1806      3.96      5.3404      3.34      0.1452     0.1576   1698060.9783   65.657     313.15    1049.98     -701.0    -621.018    79.76       0.0    
  15900     7099.93     6.1806      3.96      5.3404      3.34      0.1444     0.1904   1708708.5249  97.8061     313.15    1049.98     -701.0    -621.018    79.758      0.0    
  16000     7144.26     6.1806      3.96      5.3404      3.34      0.1441     0.1575   1721980.5882   0.0001     313.15    1049.98     -701.0    -621.018    79.756      0.0    
[-204.73994759 -202.4179278   199.0329375  -200.99633607 -202.65314583
 -203.3644298  -204.01632566 -201.47764361 -201.79238633 -202.46465399
 -202.31156592  202.31882118 -202.10818573 -201.49579414  200.5769354
 -200.88917681 -203.6430044  -203.92696999 -204.44218427 -202.82244348]
[201.51537335 203.65642837 204.68182831 202.41625497 202.6718529
 202.45261476 202.5586657  203.46916342 203.41452921 202.89191239
 203.78976294 201.53866414 204.914038   203.14089125 201.54285338
 202.9631012  202.30198737 203.50113587 203.43944133 200.88587409]
[ 205.53322859  207.8240863  -207.47942443  207.21414048  206.84848445
  206.31732553  206.29170064  206.43221264  207.12443248  206.97334545
  207.18781449 -206.7143402   207.30860817  208.59303003 -207.31553559
  207.82682579  207.30675211  206.47345944  206.42963038  205.81455082]
