Generating synthetic binary valued data ... 
Generating synthetic  binary valued data took:  18.11311173439026
Evaluation for true params: 
 test_rsme | train_rsme | rel-te-err | rel-tr-err |  test_nll  |  train_nll |
0.7319016327 0.7379701891   0.13392      0.13615      24593.08     97734.26  
Using  0.05 of training data
Factorizing with max_iteration = 16000  fixing covariance?:  False
Tensor dimensions:  [50, 50, 50]
Optimization metrics: 
Using Ada Grad
Mean update scheme:  S
Covariance update :  N
Using diagonal covariance?:  False
Random start? True
k1 samples =  64  k2 samples =  128
eta =  1.0  cov eta =  1.0  sigma eta =  1
iteration |   time   |test_rsme |rel-te-err|train_rsme|rel-tr-err|   d_mean  |   d_cov  |avg_grad_m|avg_grad_c| test_nll | train_nll |    VLB   |  E-term  |    KL     |   dw   |
    0         1.58      1.4172     0.5021     1.4238     0.5068     3.1623     2.2262     0.1122     0.1567    17358.89   3475.48    -3843.0   -3770.566    72.854     0.0615  
    5        112.63     1.4146     0.5002     1.3983     0.4888     3.1623     2.2262     2.0474     2.5344    17493.06   3508.32    -3832.0    -3772.28    59.348      0.0    
    10       234.49     1.4113     0.498      1.404      0.4928     3.1623     2.2262     3.7265     4.7286    17834.91   3578.17    -3832.0   -3779.243    52.409     0.0001  
    20       374.98     1.4151     0.5006     1.3865     0.4806     3.1623     2.2262     6.7455     9.253     19199.59    3764.3    -3832.0   -3788.518    43.079      0.0    
    50       574.59     1.1579     0.3352     1.1074     0.3066     3.1623     0.9011    21.8627    28.7269    22703.67   4157.03    -3545.0   -3532.387    12.176     0.0003  
   100       878.28     0.9776     0.2389     0.9347     0.2184     3.1497     0.3439    18.0091    20.6703    12676.29   2291.47    -3355.0   -3346.491    8.722       0.0    
   200      1275.99     0.8789     0.1931     0.8149     0.166      2.6086     0.1492    12.4782    23.8919    11718.13   1862.86    -3098.0   -3090.653    7.782       0.0    
   300      1676.38     0.8873     0.1968     0.725      0.1314     2.7735     0.1074     13.761    28.0501    13880.68    1572.5    -3004.0   -2994.899    9.138       0.0    
   400      2076.02     0.8815     0.1943     0.6542     0.107      2.7319     0.0942    31.8727    38.1365    35333.57   2247.72    -2913.0   -2896.256    16.505      0.0    
   500      2480.28     0.8763     0.192      0.653      0.1066     2.9123     0.089     103.7792   58.8896    83607.84   6070.68    -2898.0   -2870.273    27.418      0.0    
   600      2883.27     0.8713     0.1898     0.6579     0.1082     2.8201     0.0823    245.4303   85.5482   115438.09   10297.55   -2909.0   -2872.996    35.809      0.0    
   700      3281.72     0.8683     0.1885     0.6633      0.11      2.6793     0.0816    457.2786   113.0777  129945.57   13090.04   -2918.0   -2876.635    41.833      0.0    
   800      3671.47     0.8661     0.1875     0.6776     0.1148     2.5197     0.0777    738.7505   136.9902  140674.68   15154.99   -2932.0   -2885.067    46.539      0.0    
   900      4055.15     0.8655     0.1873     0.6899     0.119      2.3933     0.0774   1087.9747   160.4203  146714.22   16826.1    -2946.0   -2895.551    50.236      0.0    
   1000     4433.99     0.8658     0.1874     0.6934     0.1202     2.3098     0.0749   1492.0755   179.8663  150562.03   18110.48   -2955.0   -2901.479    53.399      0.0    
   1100      4807.0     0.8648     0.187      0.6986     0.122      2.1963     0.0764   1949.1594   197.3194  153669.64   18879.05   -2961.0    -2905.05    56.008      0.0    
   1200     5178.87     0.8624     0.1859     0.702      0.1232     2.0619     0.0724   2446.0121   215.3381  155378.63   19840.01   -2969.0   -2910.462    58.387      0.0    
   1300     5546.78     0.8639     0.1866     0.7043     0.124      2.0114     0.0666   2968.9812   234.7011  156210.97   20301.09   -2972.0   -2911.435    60.363      0.0    
   1400     5912.46     0.8629     0.1862     0.7105     0.1262     1.9774     0.0744   3517.4384   244.4946  157690.63   20913.3    -2978.0   -2916.095    62.313      0.0    
   1500     6276.45     0.8631     0.1862     0.7144     0.1276     1.8761     0.0759   4099.6751   266.9715  158838.89   21270.6    -2983.0    -2919.09    63.927      0.0    
   1600     6638.36     0.8634     0.1864     0.7183     0.129      1.8196     0.0874    4700.996   280.6287  159658.59   21661.49   -2986.0   -2920.883    65.323      0.0    
   1700     6999.38     0.8631     0.1862      0.72      0.1296     1.7383     0.0723   5336.2965   293.061   160245.23   21879.88   -2991.0    -2924.52    66.528      0.0    
   1800     7361.29     0.8619     0.1857     0.7194     0.1294     1.6615     0.0855    5980.742   302.9902  160680.92   22123.56   -2993.0   -2925.437    67.681      0.0    
   1900     7722.12     0.8613     0.1854     0.7206     0.1298     1.6286     0.0749   6652.4153   320.9311  160913.02   22451.94   -2995.0   -2926.575    68.821      0.0    
   2000     8082.95     0.8601     0.185      0.7189     0.1292     1.5818     0.0928   7335.4266   323.3661  161361.18   22609.49   -2995.0    -2925.55    69.846      0.0    
   2100     8442.98     0.8603     0.185      0.7189     0.1292     1.5557     0.1078   8038.7631   339.9538  161765.47   22782.82   -2998.0    -2927.11    70.898      0.0    
   2200     8804.37     0.8601     0.185      0.7244     0.1312     1.5348     0.0958   8763.3205   358.9883  162084.34   22997.82   -3001.0   -2928.693    71.83       0.0    
   2300     9164.49     0.8587     0.1844     0.725      0.1314     1.4888     0.1131   9487.6468   368.2497  162330.07   23243.46   -3003.0   -2930.064    72.853      0.0    
   2400     9523.35     0.8578     0.184      0.7266     0.132      1.4913     0.0889   10244.593   359.4267  162469.74   23253.99   -3006.0   -2931.951    73.684      0.0    
   2500     9882.43     0.8575     0.1838     0.7272     0.1322     1.4402     0.1376   11020.6291  396.4627  162509.02   23422.44   -3007.0   -2932.534    74.464      0.0    
   2600     10240.08    0.8573     0.1837     0.7294     0.133      1.4216     0.1191   11820.0098  411.7754   162850.4   23611.16   -3009.0    -2933.69    75.208      0.0    
   2700     10598.28    0.8573     0.1837     0.7288     0.1328     1.3952     0.157    12613.2541  406.7102  162765.14   23719.52   -3010.0   -2933.842    75.923      0.0    
   2800     10954.4     0.8572     0.1837     0.7288     0.1328     1.3302     0.1069   13430.6008  446.2206  162840.06   23803.08   -3011.0   -2934.081    76.671      0.0    
   2900     11311.35    0.8573     0.1837     0.731      0.1336     1.3244     0.1266   14248.4709  439.8213  163099.97   23951.72   -3012.0   -2934.915    77.481      0.0    
   3000     11666.52    0.8562     0.1833     0.7321     0.134      1.2964     0.1284   15121.4571  456.1804  163210.27   23930.83   -3014.0   -2936.215    78.016      0.0    
   3100     12020.83    0.8559     0.1832     0.7327     0.1342     1.2563     0.1172   15983.2599  463.7604  163134.08   23934.02   -3016.0   -2937.441    78.722      0.0    
   3200     12376.47    0.8567     0.1835     0.7354     0.1352     1.2578     0.1373   16852.541   463.9397  163537.81   23913.29   -3018.0   -2938.712    79.211      0.0    
   3300     12732.89    0.8559     0.1831     0.7381     0.1362     1.2378     0.1146   17746.3399  494.4536   163425.2   23986.74   -3019.0   -2938.743    79.791      0.0    
   3400     13087.46    0.8557     0.183      0.7386     0.1364     1.2283     0.1317   18638.314   494.6308  163628.06   23958.98   -3020.0   -2939.619    80.349      0.0    
   3500     13442.44    0.855      0.1828     0.7392     0.1366     1.197      0.1729   19558.0794  529.7751  163797.49   24162.15   -3021.0   -2940.289    80.983      0.0    
   3600     13796.62    0.8551     0.1828     0.7397     0.1368     1.1636     0.1527   20504.608   522.8503  164222.37   24263.29   -3022.0   -2940.224    81.565      0.0    
   3700     14152.94    0.8545     0.1826     0.7381     0.1362     1.1673     0.1004   21451.0324  569.7711  164473.03   24306.06   -3023.0   -2940.795    81.945      0.0    
   3800     14509.14    0.8548     0.1827     0.7386     0.1364     1.1355     0.2016   22388.5186  569.3886  164485.55   24541.32   -3023.0   -2941.016    82.218      0.0    
   3900     14864.14    0.8554     0.1829     0.7386     0.1364     1.1929     0.1927   23356.7073  536.1346  164655.58   24431.06   -3024.0   -2941.291    82.71       0.0    
   4000     15219.73    0.8556     0.183      0.7397     0.1368     1.1248     0.1274   24325.5853  576.8203  164477.75   24616.83   -3025.0   -2941.545    83.258      0.0    
   4100     15575.02    0.8555     0.183      0.7403     0.137      1.0879     0.1888   25251.3109  628.744   164435.59   24646.16   -3026.0   -2942.439    83.602      0.0    
   4200     15930.71    0.8553     0.1829     0.7403     0.137      1.0966     0.0813   26226.9653  586.5998  164745.46   24719.99   -3027.0   -2942.837    84.088      0.0    
   4300     16284.49    0.8553     0.1829     0.7397     0.1368     1.0937     0.1753   27226.9987  646.6004  164881.69   24775.42   -3028.0   -2942.913    84.809      0.0    
   4400     16638.45    0.8556     0.183      0.7408     0.1372     1.0614     0.132    28132.721   622.0626  165054.71   24750.08   -3029.0   -2944.382    85.008      0.0    
   4500     16991.85    0.8559     0.1832     0.743      0.138      1.0608     0.0899   29160.035   638.6978  165022.45   24862.51   -3030.0    -2945.11    85.274      0.0    
   4600     17344.16    0.8555     0.183      0.744      0.1384     1.0371     0.1801   30194.4415  677.5208  165085.33   24838.45   -3032.0   -2946.723    85.621      0.0    
   4700     17697.61    0.8559     0.1831     0.7467     0.1394     1.0053     0.3428   31155.5219  634.8326  165181.46   24915.1    -3033.0   -2947.594    85.732      0.0    
   4800     18050.34    0.855      0.1828     0.7473     0.1396     0.9967     0.1438   32185.3098  694.9177  165088.26   24949.56   -3035.0   -2948.604    86.152      0.0    
   4900     18402.45    0.8549     0.1827     0.7489     0.1402     1.0037     0.2746   33236.4326  684.831   165277.82   25027.32   -3036.0   -2950.003    86.335      0.0    
   5000     18755.95    0.855      0.1828     0.7489     0.1402     1.002      0.1472   34203.992   696.2033  165210.45   24970.01   -3037.0    -2950.31    86.979      0.0    
   5100     19107.94    0.8548     0.1827     0.7483      0.14      1.001      0.111    35216.2908  696.4652  165405.67   25179.47   -3039.0   -2951.498    87.29       0.0    
   5200     19459.6     0.8548     0.1827     0.7483      0.14      0.9694     0.1711   36285.3458  703.7715  165632.13   25317.05   -3040.0   -2952.058    87.949      0.0    
   5300     19810.36    0.8545     0.1826     0.7499     0.1406     0.9619     0.2795   37322.0723  703.891   165371.26   25386.33   -3041.0   -2952.875    88.233      0.0    
   5400     20162.73    0.8547     0.1826     0.7542     0.1422     0.997      0.2416   38373.4348  757.0408   165438.2   25389.84   -3041.0    -2952.86    88.386      0.0    
   5500     20515.08    0.8544     0.1825     0.7531     0.1418     0.952      0.1422   39363.8567  685.9222  165593.68   25302.14   -3042.0    -2953.59    88.633      0.0    
   5600     20865.17    0.8543     0.1824     0.7537     0.142      0.934      0.1793   40465.9959  689.8083  165561.55   25478.01   -3043.0   -2953.897    88.721      0.0    
   5700     21214.46    0.8534     0.1821     0.7537     0.142      0.9347     0.1639   41529.5586  758.975   165622.83   25581.76   -3044.0   -2954.557    88.997      0.0    
   5800     21564.15    0.8536     0.1822     0.7526     0.1416     0.912      0.2265   42560.349   772.3606   165525.3   25682.9    -3044.0   -2954.666    89.203      0.0    
   5900     21915.09    0.8538     0.1822     0.7552     0.1426     0.9031     0.1659   43596.7062  815.7896  165380.04   25719.08   -3045.0   -2955.411    89.427      0.0    
   6000     22266.1     0.8542     0.1824     0.7552     0.1426     0.902      0.1809   44677.3345  813.8527   165209.1   25755.97   -3046.0   -2956.137    89.641      0.0    
   6100     22615.83    0.854      0.1823     0.7574     0.1434     0.8859     0.2466   45717.4112  790.441   165185.41   25832.52   -3047.0    -2957.07    89.808      0.0    
   6200     22964.71    0.8539     0.1823     0.7589     0.144      0.8971     0.1334   46785.0756  852.0578  165223.99   25899.82   -3048.0    -2957.81    90.092      0.0    
   6300     23313.9     0.8531     0.182      0.7595     0.1442     0.8847     0.1366   47806.1311  741.1744  165180.52   25906.28   -3049.0   -2958.793    90.383      0.0    
   6400     23664.21    0.8529     0.1818     0.7605     0.1446     0.8721     0.285    48929.1184  841.6444  165235.28   25981.46   -3050.0   -2959.121    90.686      0.0    
   6500     24013.89    0.852      0.1815     0.7611     0.1448     0.8632     0.319    50028.2179  812.0444  164884.12   26022.9    -3051.0   -2959.768    90.814      0.0    
   6600     24363.82    0.8518     0.1814     0.7616     0.145      0.8557     0.1351   51148.2253  786.6109   164901.5   25993.3    -3051.0   -2960.118    90.907      0.0    
   6700     24713.8     0.8521     0.1815     0.7621     0.1452     0.8622     0.1528   52192.525   841.0674  164834.94   26101.51   -3052.0   -2960.825    90.996      0.0    
   6800     25062.91    0.8521     0.1815     0.7621     0.1452     0.8803     0.1585   53345.7606  939.526   164830.17   26305.64   -3053.0   -2961.562    91.124      0.0    
   6900     25412.12    0.8522     0.1816     0.7626     0.1454     0.8342     0.1788   54464.8335  925.6171  164771.53   26280.7    -3053.0   -2961.929    91.322      0.0    
   7000     25761.95    0.8519     0.1814     0.7626     0.1454     0.8567     0.1695   55607.052   940.8344  164685.16   26512.53   -3054.0   -2962.266    91.435      0.0    
   7100     26113.38    0.8521     0.1815     0.7642     0.146      0.8374     0.2295   56792.0758  957.4084  164622.06   26550.7    -3055.0   -2962.836    91.832      0.0    
   7200     26461.1     0.8517     0.1814     0.7647     0.1462     0.8244     0.2704   57931.1635  897.1925  164523.33   26553.06   -3055.0   -2963.312    91.931      0.0    
   7300     26808.61    0.8514     0.1812     0.7658     0.1466     0.8335     0.2224   59019.9201  981.2895   164813.7   26655.62   -3057.0   -2964.745    92.218      0.0    
   7400     27158.86    0.8514     0.1812     0.7658     0.1466     0.8298     0.3254   60215.0655  943.3631  164699.36   26696.22   -3058.0   -2965.801    92.531      0.0    
   7500     27508.04    0.8512     0.1811     0.7663     0.1468     0.7922     0.1529   61365.0779 1011.4681  164736.88   26699.67   -3058.0   -2965.451    92.767      0.0    
   7600     27856.84    0.8507     0.1809     0.7668     0.147      0.8066     0.2816   62433.3919 1010.5421  164831.32   26834.04   -3059.0   -2966.399    92.835      0.0    
   7700     28205.98    0.8509     0.181      0.7684     0.1476     0.8066     0.3362   63610.573   919.4189  164828.94   26717.69   -3060.0   -2967.009    92.896      0.0    
   7800     28553.88    0.851      0.181      0.7679     0.1474     0.8201     0.428    64805.844   923.9947  164824.15   26843.75   -3060.0   -2967.107    92.945      0.0    
   7900     28902.16    0.8507     0.1809     0.7689     0.1478     0.7663     0.1726   65840.5747  835.1981  164988.27   26877.15   -3061.0   -2967.569    93.044      0.0    
   8000     29250.33    0.8504     0.1808     0.7694     0.148      0.7863     0.2385   67058.5234  998.0772  164983.23   26845.21   -3061.0   -2967.838    93.107      0.0    
   8100     29598.77    0.8504     0.1808     0.7689     0.1478     0.7817     0.1891   68340.0818  977.205   164779.46   26879.53   -3061.0   -2968.035    93.232      0.0    
   8200     29946.62    0.8497     0.1805     0.7684     0.1476     0.7779     0.2265   69472.7134 1100.2712  165074.33   26879.82   -3062.0   -2968.214    93.451      0.0    
   8300     30292.76     0.85      0.1806     0.7679     0.1474     0.7607     0.1655   70694.0103 1051.6378  164834.32   26942.59   -3062.0   -2968.131    93.589      0.0    
   8400     30639.73    0.8507     0.1809     0.7689     0.1478     0.759      0.2456   71944.7814  970.6582  164866.44   26916.61   -3063.0   -2968.768    93.78       0.0    
   8500     30985.79    0.8508     0.181      0.7705     0.1484     0.7384     0.1417   73030.7079 1009.2492  164839.42   26920.52   -3063.0   -2969.186    93.942      0.0    
   8600     31334.66    0.8506     0.1809     0.7715     0.1488     0.7793     0.4893   74276.055   887.3051  165049.19   26924.85   -3063.0   -2969.299    94.019      0.0    
   8700     31682.31    0.8508     0.181      0.772      0.149      0.7753     0.3688   75392.6871 1032.6256  164915.81   26961.37   -3065.0   -2970.525    94.184      0.0    
   8800     32030.75    0.851      0.181      0.7725     0.1492     0.7449     0.4406   76629.3166  955.1894  164824.85   26933.11   -3066.0   -2971.661    94.225      0.0    
   8900     32378.72    0.8513     0.1812     0.7751     0.1502     0.7288     0.5263   77880.0871 1268.1525  165096.08   26940.76   -3067.0   -2972.744    94.255      0.0    
   9000     32725.21    0.8515     0.1813     0.7751     0.1502     0.7474     0.2915   79021.283   970.1046  164998.97   27077.35   -3068.0   -2973.333    94.35       0.0    
   9100     33071.22    0.8515     0.1813     0.7756     0.1504     0.7507     0.2186   80287.9778 1186.2531  165237.02   27147.34   -3069.0   -2974.106    94.529      0.0    
   9200     33416.85    0.8516     0.1813     0.7767     0.1508     0.7816     0.3195   81380.6188 1072.9147  165104.33   27192.02   -3070.0    -2974.93    94.791      0.0    
   9300     33763.07    0.8517     0.1814     0.7756     0.1504     0.7422     0.1508   82602.6465  1140.176  165199.55   27326.71   -3070.0   -2975.068    94.816      0.0    
   9400     34111.7     0.8513     0.1812     0.7756     0.1504     0.7109     0.1818   83764.4619  850.6061  165266.15   27363.42   -3070.0   -2974.999    94.867      0.0    
   9500     34458.89    0.8509     0.181      0.7767     0.1508     0.7021     0.1748   85181.4918 1154.4541  165265.16   27400.86   -3071.0    -2975.67    95.084      0.0    
   9600     34803.48    0.8506     0.1809     0.7772     0.151      0.7212     0.1483   86475.0036  989.0458  165298.01   27469.41   -3071.0   -2976.004    95.104      0.0    
   9700     35149.48    0.8507     0.1809     0.7777     0.1512     0.7299     0.1096   87678.1623 1185.4292  165492.78   27506.86   -3072.0   -2976.607    95.217      0.0    
   9800     35495.8     0.8507     0.1809     0.7777     0.1512     0.6954     0.2718   89032.7098 1094.7272  165196.93   27574.59   -3072.0   -2977.088    95.338      0.0    
   9900     35843.48    0.8506     0.1809     0.7777     0.1512     0.684      0.2825   90254.0193 1164.9163  165346.04   27478.11   -3073.0   -2977.314    95.363      0.0    
  10000     36189.74    0.8506     0.1809     0.7777     0.1512     0.676      0.2255   91677.8526 1242.9932  165122.39   27577.58   -3073.0    -2977.08    95.544      0.0    
  10100     36536.32    0.8512     0.1811     0.7782     0.1514     0.6623     0.1217   92774.3465  1199.516  165067.24   27548.06   -3073.0   -2977.654    95.563      0.0    
  10200     36883.7     0.8513     0.1812     0.7787     0.1516     0.6646     0.3363   93966.162  1176.3399  165124.49   27616.59   -3073.0   -2977.322    95.586      0.0    
  10300     37230.63    0.851      0.181      0.7792     0.1518     0.6579     0.1509   95216.4042 1329.9993  165071.28   27614.02   -3074.0   -2977.699    95.872      0.0    
  10400     37577.43    0.8512     0.1811     0.7787     0.1516     0.6855     0.4365   96428.9637 1193.0947  165204.32   27550.15   -3074.0    -2978.0     96.428      0.0    
  10500     37922.85    0.8513     0.1812     0.7782     0.1514     0.6842     0.1712   97697.8683 1257.0402  165248.67   27664.83   -3075.0   -2977.914    96.722      0.0    
  10600     38271.25    0.851      0.181      0.7782     0.1514     0.7295     0.5685   98989.8599 1069.7456  165093.76   27680.37   -3075.0   -2977.641    97.13       0.0    
  10700     38620.26    0.8509     0.181      0.7777     0.1512     0.671      0.2732   100392.0538  1062.747  164926.96   27747.44   -3075.0   -2977.822    97.143      0.0    
  10800     38967.81    0.851      0.181      0.7787     0.1516     0.6777     0.1838   101787.7539 1106.6935  164850.56   27718.07   -3075.0   -2978.326    97.165      0.0    
  10900     39315.48    0.851      0.181      0.7792     0.1518     0.6687     0.3414   103075.085 1051.5997  164856.33   27652.51   -3076.0   -2978.602    97.246      0.0    
  11000     39662.83    0.8507     0.1809     0.7787     0.1516     0.7158     0.1107   104581.2374 1280.6029  164762.32   27655.88   -3077.0   -2979.136    97.433      0.0    
  11100     40010.12    0.851      0.181      0.7792     0.1518     0.7073     0.2823   105782.4663 1224.4556   164624.9   27685.32   -3077.0   -2979.551    97.923      0.0    
  11200     40357.3     0.8506     0.1809     0.7808     0.1524     0.6926     0.1984   107091.4143 1163.9567  164810.77   27725.94   -3079.0   -2980.821    97.937      0.0    
  11300     40706.52    0.8507     0.1809     0.7828     0.1532     0.6902     0.3061   108458.8956 1174.4498  164787.85   27761.92   -3079.0   -2981.111    97.954      0.0    
  11400     41052.95    0.8505     0.1808     0.7813     0.1526     0.6931     0.1078   109809.5949 1355.4053  164850.45   27795.24   -3079.0   -2980.999    97.967      0.0    
  11500     41398.46    0.8506     0.1809     0.7818     0.1528     0.651      0.4771   111010.4838 1205.9763  164878.72   27831.41   -3080.0   -2981.506    98.024      0.0    
  11600     41745.0     0.851      0.181      0.7823     0.153      0.653      0.173    112176.4284 1415.2492  164917.78   27868.77   -3080.0   -2982.161    98.285      0.0    
  11700     42088.81    0.8512     0.1811     0.7828     0.1532     0.6583     0.1918   113565.1051 1127.6238  164786.16   27871.69   -3081.0   -2982.191    98.502      0.0    
  11800     42434.27    0.8512     0.1811     0.7833     0.1534     0.6683     0.1346   114998.5456 1257.8131  164892.83   27846.41   -3082.0   -2983.028    98.552      0.0    
  11900     42778.79    0.851      0.181      0.7833     0.1534     0.7113     0.316    116211.0836 1347.3727  165055.64   27950.56   -3082.0   -2982.949    98.681      0.0    
  12000     43125.24    0.8506     0.1809     0.7833     0.1534     0.6254     0.8554   117662.0792 1281.1743  165023.02   28052.37   -3082.0   -2983.257    98.691      0.0    
  12100     43469.85    0.8504     0.1808     0.7833     0.1534     0.6348     0.3276   119066.6312 1353.7251  164991.01   28085.83   -3082.0   -2983.409    98.876      0.0    
  12200     43814.43    0.8509     0.181      0.7828     0.1532     0.6469     0.2205   120177.5403 1462.2193  164821.12   28088.41   -3082.0   -2983.469    98.887      0.0    
  12300     44158.33    0.8507     0.1809     0.7828     0.1532     0.6291     0.2446   121449.3213 1322.4766  164911.75   28119.14   -3082.0   -2983.372    98.906      0.0    
  12400     44502.88    0.8507     0.1809     0.7833     0.1534     0.6328     0.5252   122846.4784 1144.9855  165114.13   28154.95   -3082.0   -2983.343    98.916      0.0    
  12500     44848.53    0.8507     0.1809     0.7833     0.1534     0.638      0.2131   124275.9258 1157.9885  164977.56   28153.36   -3083.0   -2983.874    98.927      0.0    
  12600     45192.82    0.8509     0.181      0.7838     0.1536     0.6266     0.4206   125637.9236 1147.3299  164909.74   28154.96   -3083.0   -2984.015    99.179      0.0    
  12700     45539.47    0.8508     0.181      0.7838     0.1536     0.6174     0.1285   126940.4874 1158.0628  164878.97   28225.98   -3083.0   -2984.214    99.191      0.0    
  12800     45885.42    0.8508     0.181      0.7843     0.1538     0.6256     0.265    128529.8745 1399.9422  165149.22   28227.99   -3084.0   -2984.616    99.349      0.0    
  12900     46231.55    0.8507     0.1809     0.7843     0.1538     0.619      0.1693   129751.0217 1343.1516  165149.74   28197.57   -3084.0   -2984.871    99.359      0.0    
  13000     46576.03    0.8508     0.181      0.7843     0.1538     0.6456     0.1914   131227.9602 1439.9127  165124.04   28230.15   -3084.0   -2984.871    99.528      0.0    
  13100     46919.75    0.8503     0.1808     0.7849     0.154      0.6145     0.2068   132400.9764 1420.5235  164920.07   28232.52   -3085.0   -2985.348    99.561      0.0    
  13200     47264.14    0.8503     0.1808     0.7849     0.154      0.6724     0.2149   133858.7188 1304.4958  165080.08   28265.94   -3085.0   -2985.298    99.57       0.0    
  13300     47608.56     0.85      0.1806     0.7854     0.1542     0.6211     0.1264   135280.013 1329.8785   165072.3   28235.61   -3085.0   -2985.525    99.657      0.0    
  13400     47953.34     0.85      0.1806     0.7864     0.1546     0.6202     0.2032   136516.1824 1146.4337  164974.58   28237.44   -3086.0   -2986.145    99.681      0.0    
  13500     48299.23     0.85      0.1806     0.7864     0.1546     0.7583     0.1298   137869.6079  1379.213  165038.97   28274.03   -3087.0    -2986.9     99.737      0.0    
  13600     48644.53    0.8502     0.1807     0.7874     0.155      0.613      0.1687   139279.8311 1373.5806  165104.98   28342.47   -3087.0   -2987.121    99.865      0.0    
  13700     48989.51    0.8501     0.1807     0.7874     0.155      0.6058     0.5188   140777.3592 1344.5558   165035.9   28346.87   -3087.0   -2987.487    99.874      0.0    
  13800     49334.26    0.8499     0.1806     0.7869     0.1548     0.6039     0.2292   142406.2735 1500.2715  165134.91   28381.24   -3087.0   -2987.346   100.014      0.0    
  13900     49679.98    0.8498     0.1805     0.7874     0.155      0.5956     0.1538   143905.2128 1533.0945  165037.06   28415.24   -3087.0   -2987.419   100.056      0.0    
  14000     50024.92    0.8498     0.1806     0.7879     0.1552     0.6102     0.2013   145192.4095 1337.9223  164961.96   28451.6    -3088.0   -2988.081   100.107      0.0    
  14100     50369.59    0.8498     0.1805     0.7879     0.1552     0.643      0.176    146745.4125 1394.6353  165163.65   28488.31   -3089.0   -2988.588   100.327      0.0    
  14200     50713.48    0.8499     0.1806     0.7884     0.1554     0.6442     0.4554   148247.9844 1295.0564  165067.64   28527.21   -3090.0   -2989.255   100.509      0.0    
  14300     51058.64    0.8502     0.1807     0.7889     0.1556     0.5982     0.2332   149468.4179 1133.2067  165109.32   28564.72   -3091.0   -2990.044   100.606      0.0    
  14400     51401.88    0.8502     0.1807     0.7899     0.156      0.5905     0.2997   151100.6022 1320.7033   165118.8   28601.76   -3091.0   -2990.738   100.613      0.0    
  14500     51743.63    0.8502     0.1807     0.7904     0.1562     0.6097     0.4475   152707.5756 1366.1666  165254.82   28670.66   -3092.0   -2991.191   100.621      0.0    
  14600     52088.0     0.8504     0.1808     0.7915     0.1566     0.6064     0.6201   154204.7074 1370.8435  165263.41   28674.83   -3092.0    -2991.59   100.895      0.0    
  14700     52431.48    0.8503     0.1808     0.7915     0.1566     0.619      0.1581   155730.1831 1503.1579  165293.91   28745.58   -3093.0   -2992.064    101.09      0.0    
  14800     52773.16    0.8505     0.1808     0.7925     0.157      0.5907     0.3562   157135.5262 1617.0865  165293.32   28746.71   -3093.0   -2992.254   101.095      0.0    
  14900     53115.5     0.8506     0.1809     0.7925     0.157      0.6056     0.3154   158572.0643 1375.1989  165324.19   28814.97   -3094.0   -2992.438   101.105      0.0    
  15000     53458.14    0.8507     0.1809     0.7925     0.157      0.6005     0.1322   159907.9609 1436.6654  165356.88   28850.56   -3094.0   -2992.957   101.111      0.0    
  15100     53800.77    0.8506     0.1809     0.7925     0.157      0.5912     0.232    161282.6206 1616.6947  165355.46   28819.8    -3094.0   -2993.219   101.137      0.0    
  15200     54143.12    0.8507     0.1809     0.794      0.1576      0.58      0.1393   162850.52  1345.5598  165334.69   28822.79   -3095.0   -2993.798   101.147      0.0    
  15300     54485.47    0.8509     0.181      0.7945     0.1578     0.5873     0.226    164214.8899 1624.4973  165434.99   28859.51   -3096.0   -2994.871   101.266      0.0    
  15400     54827.93    0.8511     0.1811     0.7945     0.1578     0.5715     0.4605   165755.7267 1098.9406  165547.27   28833.63   -3097.0   -2995.665    101.41      0.0    
  15500     55169.61    0.8513     0.1812     0.7955     0.1582     0.5792     0.1951   167442.1968  1368.093   165617.1   28901.74   -3098.0   -2996.037   101.524      0.0    
  15600     55513.67    0.8514     0.1812     0.796      0.1584     0.5937     0.2918   168960.5347 1368.3737  165689.65   28935.45   -3098.0    -2996.08   101.971      0.0    
  15700     55858.13    0.8513     0.1812     0.796      0.1584     0.6129     0.2168   170527.4389  1212.618  165619.71   28909.91   -3098.0   -2996.428   101.977      0.0    
  15800     56203.31    0.8513     0.1812     0.797      0.1588     0.6147     0.1496   172217.0267 1357.4796  165657.58   29010.25   -3099.0   -2997.509   101.985      0.0    
  15900     56547.6     0.8514     0.1812     0.797      0.1588     0.6025     0.1433   173490.0627 1797.4877  165624.14   29012.42   -3100.0   -2997.754   102.049      0.0    
  16000     56900.14    0.851      0.181      0.7975     0.159      0.5877     0.2419   175275.0083 1531.2718  165656.08   28882.68   -3100.0   -2997.968   102.233      0.0    
[ 62.0486247   63.8522177   62.05220522  62.72424801  62.44817878
  61.87256694  62.98997589  62.39098824  15.37175527  59.3038162
  63.6256275   62.61892748  63.82423321  62.94145194  61.35869764
  60.6037414    7.11338779  62.57744756 -35.42201696  60.54613606]
[ 56.91356487  53.60745204 -59.65951819  54.81621613 -54.14965205
 -58.74579011  55.05165606  58.52935419  60.07391375  56.25133524
  55.62949211  55.20726743 -39.64679613 -48.89562215 -12.98387967
 -57.42421476 -57.45996394   4.89560859  59.81347637 -47.59888663]
[ 62.68173382  63.00834161  60.90669629  61.51569205  62.22383638
  61.08757967  61.56302965  60.99040096  60.71621117  61.35369361
  61.21566072  60.99449859  61.59288679  61.59762871  61.34932138
  61.89146271 -53.33538988  61.26194772  62.79383772 -29.14421028]
