Generating synthetic binary valued data ... 
Generating synthetic  binary valued data took:  20.54765248298645
Evaluation for true params: 
 test_rsme | train_rsme | rel-te-err | rel-tr-err |  test_nll  |  train_nll |
0.899155159  0.8883918055   0.20212      0.19731      24488.1      97030.77  
Using  0.05 of training data
Factorizing with max_iteration = 16000  fixing covariance?:  False
Tensor dimensions:  [50, 50, 50]
Optimization metrics: 
Using Ada Grad
Mean update scheme:  S
Covariance update :  N
Using diagonal covariance?:  False
Random start? True
k1 samples =  64  k2 samples =  128
eta =  1.0  cov eta =  1.0  sigma eta =  1
iteration |   time   |test_rsme |rel-te-err|train_rsme|rel-tr-err|   d_mean  |   d_cov  |avg_grad_m|avg_grad_c| test_nll | train_nll |    VLB   |  E-term  |    KL     
    0         1.72      1.4072     0.495       1.41      0.497      3.1623     1.8516     0.108      0.1831    17392.03    3474.7    -3787.0   -3728.105    58.966   
    5        59.23      1.4131     0.4992     1.4031     0.4922     3.1623     1.8516     2.2698     2.7073    17536.52   3515.86    -3783.0   -3733.762    49.668   
    10       122.8      1.4186     0.5031     1.4063     0.4944     3.1623     1.8516     3.9732     5.1202    17985.88   3603.95    -3785.0   -3741.645    43.353   
    20       202.08     1.4181     0.5027     1.4031     0.4922     3.1623     1.8516     6.9749    10.2654    19506.01   3866.65    -3796.0   -3759.439     36.4    
    50       333.0      1.2277     0.3768     1.1754     0.3454     3.1623     0.8309    21.0994    33.3011    25608.5     4630.1    -3608.0   -3595.728    11.964   
   100       541.11     1.0664     0.2843     0.9972     0.2486     3.1321     0.3381    16.9981    21.1949    14644.47   2721.61    -3512.0   -3502.975    8.669    
   200       844.96     0.9979     0.249      0.9325     0.2174     2.8474     0.1067    11.0658    24.6984    13544.72   2371.37    -3317.0   -3305.991    11.276   
   300      1152.24     1.0219     0.2611     0.9466     0.224      2.6848     0.0757     8.9715     27.262    13402.8    2245.56    -3311.0   -3299.157    11.998   
   400      1460.55     1.0258     0.2631     0.9466     0.224      2.608      0.0507     7.6163     28.894    13437.87   2171.14    -3283.0   -3271.996    11.388   
   500      1767.43     1.0073     0.2537     0.8786     0.193      1.6694     0.0433     7.7078    30.0215    13190.13   2011.75    -3238.0    -3226.71    11.391   
   600      2078.74     1.0059     0.253      0.8476     0.1796     1.7258     0.0354     7.8658    32.1133    13466.95   1891.69    -3195.0   -3182.911    12.109   
   700      2386.55     1.0006     0.2503     0.7909     0.1564     1.4981     0.0317     7.4303    34.3069    13761.86    1721.2    -3149.0   -3136.481    12.257   
   800      2694.67     1.0076     0.2538     0.7451     0.1388     1.3271     0.0285     7.7554     35.404    14836.02   1519.77    -3086.0   -3072.785    13.267   
   900      3004.79     1.0098     0.2549     0.6723     0.113      1.5545     0.0308     9.489     37.4614    18212.79   1285.26    -2999.0   -2983.781    15.176   
   1000     3312.98     1.0041     0.252      0.6306     0.0994     2.3839     0.0364     26.607    46.0332    45683.13   1629.24    -2910.0   -2889.157    20.936   
   1100      3624.4     0.9923     0.2462     0.6723     0.113      2.9694     0.0425    107.0209   63.6476    115120.9   6181.81    -2914.0   -2883.503     30.3    
   1200      3931.5     0.9859     0.243      0.6888     0.1186     2.8741     0.0474    272.787    83.8347   154861.17   11931.05   -2933.0   -2895.188    38.156   
   1300      4237.6     0.9833     0.2417     0.7099     0.126      2.6942     0.0492    523.9681   104.2416  173092.44   15649.18   -2950.0   -2905.957    44.049   
   1400     4535.17     0.9822     0.2412     0.7233     0.1308     2.5352     0.0463    851.4924   122.9732  183857.42   18179.02   -2965.0   -2916.148    48.648   
   1500     4830.37     0.9797      0.24      0.7299     0.1332     2.3975     0.0469    1241.638   141.2671  190763.13   19893.33   -2976.0   -2923.214    52.384   
   1600     5121.88     0.9794     0.2398     0.7381     0.1362     2.269      0.0454   1687.4553   158.3685  195379.58   21184.87   -2983.0   -2927.953    55.43    
   1700     5412.97     0.9811     0.2406     0.7462     0.1392     2.1474     0.0487   2180.1787   173.1448  198512.32   21771.67   -2993.0   -2935.157    57.948   
   1800     5702.56     0.9807     0.2404     0.7537     0.142      2.0637     0.0473   2708.1471   188.7374   201139.5   22282.94   -3001.0   -2940.973    60.201   
   1900     5991.04     0.9833     0.2417     0.7584     0.1438     1.9994     0.0492   3267.5679   199.067   203070.95   22835.76   -3008.0   -2945.306    62.244   
   2000     6274.18     0.9843     0.2422     0.7605     0.1446     1.9381     0.0435   3855.1605   215.616   204647.23   23655.75   -3012.0   -2948.068    63.957   
   2100      6556.7     0.9838     0.242       0.76      0.1444     1.849      0.0506   4471.6914   228.6074   206003.9   24316.17   -3016.0   -2950.234    65.589   
   2200     6837.33     0.9825     0.2413     0.7632     0.1456     1.7925     0.043    5114.9753   240.7899  206872.68   24816.09   -3019.0   -2951.705    66.935   
   2300     7117.19     0.982      0.2411     0.7658     0.1466     1.718      0.0559   5756.9378   254.2646  208344.87   24977.52   -3023.0   -2954.354    68.264   
   2400     7398.29     0.9818     0.241      0.7684     0.1476     1.6514     0.052    6437.2723   268.0451  208942.29   25316.15   -3027.0   -2957.552    69.58    
   2500     7675.87     0.9812     0.2407     0.7715     0.1488     1.595      0.0442   7117.5698   276.1601  210046.01   25535.41   -3030.0   -2959.469    70.706   
   2600     7954.59     0.9798      0.24      0.7756     0.1504     1.556       0.07    7821.5921   276.6853  210443.99   25684.24   -3033.0    -2961.41    71.726   
   2700     8233.01      0.98      0.2401     0.7756     0.1504     1.5118     0.0621   8546.1097   297.3326  210447.12   25916.27   -3036.0   -2963.113    72.607   
   2800      8511.0     0.9814     0.2408     0.7782     0.1514     1.4781     0.0624   9290.9061   309.121   210928.52   25978.88   -3038.0   -2964.911    73.412   
   2900     8788.26     0.9818     0.241      0.7797     0.152      1.4307     0.0684   10025.282   318.6731  211099.71   26225.32   -3040.0   -2966.297    74.195   
   3000     9067.59     0.9817     0.2409     0.7803     0.1522     1.4069     0.0744   10775.6896  326.5263  211701.62   26329.88   -3042.0   -2966.863    74.922   
   3100      9348.3     0.9812     0.2407     0.7818     0.1528     1.3743     0.0676   11548.4209  343.9072  212437.97   26385.73   -3044.0   -2968.153    75.77    
   3200     9626.72     0.9817     0.2409     0.7808     0.1524     1.3467     0.0712   12316.6387  353.6405   212494.1   26695.7    -3045.0   -2968.366    76.62    
   3300     9908.88     0.9826     0.2414     0.7803     0.1522     1.3187     0.0749   13118.2508  354.0183  212919.92   26732.91   -3047.0   -2969.434    77.339   
   3400     10188.7     0.9817     0.2409     0.7818     0.1528     1.3149     0.0757    13933.1    363.8065  213289.88   26882.82   -3049.0   -2971.258    77.963   
   3500     10465.29    0.9817     0.2409     0.7813     0.1526     1.3247     0.0663   14759.9002  367.5811  213812.01   26979.58   -3050.0   -2971.708    78.378   
   3600     10744.45    0.9813     0.2408     0.7854     0.1542     1.2624     0.0947   15613.7921  410.4608  214420.25   27211.04   -3052.0   -2972.733    79.03    
   3700     11024.21    0.9815     0.2408     0.7869     0.1548     1.2334     0.0659   16446.9922  406.5013  214045.56   27351.72   -3054.0   -2974.123    79.584   
   3800     11300.85    0.981      0.2406     0.7874     0.155      1.1955     0.0843   17289.1165  389.8102  214704.72   27495.26   -3056.0   -2975.519    80.259   
   3900     11579.17    0.9807     0.2404     0.7899     0.156      1.1884     0.1134   18153.1359  418.8087  214677.75   27499.34   -3056.0   -2975.626    80.873   
   4000     11860.66    0.9807     0.2404     0.7899     0.156      1.1605     0.0738   19026.3308  431.0195  214572.69   27668.01   -3059.0   -2977.384    81.644   
   4100     12140.67    0.9802     0.2402     0.7909     0.1564     1.1536     0.1168   19871.2496  437.5588  214713.99   27772.19   -3060.0   -2977.974    82.182   
   4200     12418.2     0.9804     0.2403     0.7915     0.1566     1.1261     0.1006   20767.7175  436.882   214839.46   27715.8    -3062.0   -2979.092    82.808   
   4300     12693.8      0.98      0.2401     0.7904     0.1562     1.1242     0.1215   21655.0127  458.332   214789.25   27918.97   -3062.0   -2978.723    83.545   
   4400     12964.85    0.9796     0.2399     0.7909     0.1564     1.0932     0.0831   22527.4639  479.0717  214849.57   28053.75   -3063.0   -2979.561    83.835   
   4500     13240.77    0.9796     0.2399     0.793      0.1572     1.1107     0.0607   23419.3105  515.4034  214453.89   28091.93   -3064.0   -2980.259    84.132   
   4600     13514.3     0.9791     0.2396     0.795      0.158      1.0849     0.0956   24313.8537  530.6742  214505.94   28066.55   -3066.0   -2981.499    84.486   
   4700     13786.2     0.9782     0.2392     0.796      0.1584     1.0769     0.0762   25191.3992  502.2043  214782.44   28076.42   -3067.0   -2981.799    84.914   
   4800     14058.48    0.9783     0.2393     0.7955     0.1582     1.0819     0.0852   26141.2631  516.6818  215079.59   28280.53   -3068.0   -2982.646    85.369   
   4900     14330.28    0.9784     0.2393     0.795      0.158      1.0413     0.1133   27064.4373  584.0683  214997.93   28283.42   -3069.0   -2982.811    85.753   
   5000     14602.63    0.9787     0.2394     0.796      0.1584     1.0411     0.1598   27971.3706  542.5521  214868.24   28331.19   -3070.0   -2983.854    86.139   
   5100     14874.0     0.9778     0.239      0.797      0.1588     1.0419     0.1175   28921.5072  585.8936  214803.85   28424.41   -3070.0   -2983.582    86.522   
   5200     15145.56    0.9773     0.2388     0.7975     0.159      1.0322     0.1089   29849.4071  575.3413   214626.2   28430.46   -3071.0   -2984.431    86.844   
   5300     15417.96    0.9773     0.2388     0.797      0.1588     1.0207     0.126    30806.3143  578.9111  215114.42   28569.72   -3071.0   -2984.214    87.184   
   5400     15689.97    0.977      0.2386     0.799      0.1596     0.9886     0.0853   31787.5097  621.0011  214980.82   28540.09   -3072.0   -2984.754    87.484   
   5500     15962.42    0.9768     0.2385     0.7975     0.159      0.9745     0.1789   32712.561   686.2112  214880.59   28671.37   -3072.0   -2984.566    87.739   
   5600     16234.97    0.9768     0.2385     0.7975     0.159      0.9541     0.103    33642.0696  568.5559  214914.66   28739.99   -3073.0   -2984.869    87.984   
   5700     16505.79    0.9764     0.2383     0.7985     0.1594     0.9367     0.0868   34649.8646  685.9237  214943.41   28741.65   -3074.0   -2985.081    88.454   
   5800     16778.98    0.9758     0.238       0.8        0.16      0.9351     0.1314   35631.7315  658.3828  214811.74   28778.75   -3075.0   -2986.113    88.624   
   5900     17051.53    0.9754     0.2378     0.799      0.1596     0.9284     0.1392   36595.8549  653.9045  214915.98   28884.38   -3075.0   -2986.141    89.03    
   6000     17322.59    0.9752     0.2378     0.8005     0.1602     0.9587     0.0868   37609.3732  676.1958  215149.86   28917.62   -3076.0   -2986.873    89.314   
   6100     17593.66    0.9755     0.2379     0.8015     0.1606     0.9349     0.1232   38506.6918  680.8756   214836.6   28957.31   -3077.0   -2987.292    89.589   
   6200     17864.37    0.9756     0.238      0.802      0.1608     0.8882     0.0974   39531.5138  678.6562  214842.63   28943.58   -3077.0   -2987.465    89.954   
   6300     18134.96    0.9759     0.2381     0.804      0.1616     0.909      0.1224   40522.3141  711.1187  214855.52   28932.65   -3079.0   -2988.443    90.313   
   6400     18402.19    0.9759     0.2381     0.8035     0.1614     0.8857     0.2032   41511.6055  705.4661  214962.43   28940.04   -3080.0   -2989.441    90.706   
   6500     18673.2     0.9762     0.2382     0.803      0.1612     0.8931     0.1104   42509.4754  752.6669  214850.74   29022.74   -3081.0   -2989.801    90.945   
   6600     18943.56    0.9762     0.2382     0.804      0.1616     0.8889     0.0987   43522.2129  685.3372  215080.92   29115.31   -3082.0   -2990.615    91.178   
   6700     19211.09    0.9759     0.2381     0.806      0.1624     0.8754     0.1636   44516.6698  794.7354  215289.77   29156.2    -3083.0   -2991.977    91.479   
   6800     19479.94    0.9758     0.238      0.8065     0.1626     0.8635     0.0715   45596.492   679.2773  214991.79   29229.69   -3084.0   -2992.343    91.672   
   6900     19749.38    0.9757     0.238      0.807      0.1628     0.8498     0.0754   46636.2192  740.8783  215279.21   29335.35   -3085.0   -2993.359    91.744   
   7000     20018.29    0.9754     0.2378     0.8075     0.163      0.8602     0.1316   47649.5436  769.8963  215226.68   29441.46   -3086.0   -2993.679    91.939   
   7100     20287.25    0.9751     0.2377     0.807      0.1628     0.8307     0.1022   48627.2408  777.6528  215149.83   29477.79   -3086.0   -2994.116    92.021   
   7200     20557.83    0.9752     0.2378     0.808      0.1632     0.8414     0.2221   49620.1829  830.0855  215017.24   29515.97   -3087.0   -2994.519    92.301   
   7300     20829.37    0.975      0.2377     0.8085     0.1634     0.8438     0.1209   50578.041   747.2784  215068.84   29553.82   -3087.0   -2994.357    92.59    
   7400     21096.07    0.9748     0.2376     0.8085     0.1634     0.8414     0.0749   51665.9678  845.1734  214992.25   29619.57   -3088.0   -2994.672    92.871   
   7500     21362.47    0.9746     0.2374     0.8089     0.1636     0.8134     0.1984   52699.6217  735.3781  214786.61   29622.74   -3088.0    -2995.21    93.271   
   7600     21629.09    0.9749     0.2376     0.8094     0.1638     0.8347     0.1232   53788.0082  845.9846  214580.72   29759.01   -3089.0   -2995.372    93.629   
   7700     21895.39    0.9741     0.2372     0.8089     0.1636     0.8447     0.1327   54873.4403  743.1608  214708.83   29758.9    -3089.0   -2995.684    93.77    
   7800     22161.33    0.9737     0.237      0.8089     0.1636     0.8141     0.1265   55971.4706  895.0785  214566.17   29763.04   -3090.0   -2995.992    93.89    
   7900     22427.29    0.9735     0.2369     0.8099     0.164      0.8064     0.0948   57052.177   797.184   214800.87   29866.35   -3091.0   -2996.447    94.077   
   8000     22695.35    0.9732     0.2368     0.8119     0.1648     0.7809     0.1384   58094.4667  852.5877  214824.56   29936.85   -3091.0   -2997.086    94.325   
   8100     22961.35    0.9729     0.2366     0.8109     0.1644     0.7697     0.3482   59188.9078  953.1126  214645.48   29869.97   -3092.0   -2997.526    94.433   
   8200     23227.18    0.9729     0.2366     0.8114     0.1646     0.7812     0.1591   60181.0776  931.9716  214868.41   29878.34   -3093.0   -2997.882    94.781   
   8300     23493.59    0.9727     0.2366     0.8129     0.1652     0.7654     0.1245   61257.2288  823.1914  214754.31   29813.54   -3094.0   -2998.934    95.084   
   8400     23759.94    0.9727     0.2366     0.8139     0.1656     0.7636     0.0663   62313.2711 1019.6145   214686.2   29820.9    -3095.0   -2999.618    95.373   
   8500     24025.59    0.9726     0.2365     0.8139     0.1656     0.7724     0.1146   63372.0671  787.6015  214965.31   29788.49   -3095.0   -2999.909    95.407   
   8600     24292.33    0.9724     0.2364     0.8139     0.1656     0.7605     0.0893   64452.0715  945.3414  214891.32   29895.67   -3096.0   -2999.973    95.589   
   8700     24559.55    0.9724     0.2364     0.8139     0.1656     0.7717     0.1235   65526.5404  922.2946  214861.08   29903.19   -3096.0   -3000.303    95.792   
   8800     24826.08    0.9727     0.2365     0.8139     0.1656     0.7375     0.0808   66636.7307  879.1325   214903.5   30067.34   -3097.0   -3000.403    96.102   
   8900     25093.25    0.9727     0.2366     0.8134     0.1654     0.7489     0.1174   67780.1292  996.8892  215068.74   30133.04   -3097.0   -3000.556    96.177   
   9000     25360.43    0.9729     0.2366     0.8149     0.166      0.7681     0.123    68865.403   927.6539  215281.04   30229.61   -3097.0   -3000.872    96.421   
   9100     25628.15    0.9735     0.2369     0.8139     0.1656     0.757      0.1107   70027.3467  907.6176  215389.37   30262.76   -3098.0   -3000.854    96.787   
   9200     25894.17    0.9733     0.2368     0.8139     0.1656     0.7519     0.383    71152.3691  938.5828  215451.81   30264.58   -3098.0   -3001.082    96.819   
   9300     26159.06    0.9732     0.2368     0.8144     0.1658     0.7248     0.1168   72218.8344 1021.0179  215555.79   30269.96   -3099.0   -3001.908    97.029   
   9400     26425.11    0.9728     0.2366     0.8144     0.1658     0.7536     0.064    73291.5596  917.4768  215605.19   30240.75   -3100.0   -3002.602    97.187   
   9500     26690.39    0.973      0.2367     0.8163     0.1666     0.7317     0.3243   74285.2108 1016.4843  215675.43   30312.47   -3101.0   -3003.785    97.228   
   9600     26955.73    0.9732     0.2368     0.8158     0.1664     0.7332     0.1433   75488.4948 1037.7336  215633.18   30449.89   -3101.0   -3003.772    97.627   
   9700     27221.82    0.9733     0.2368     0.8173     0.167      0.7264     0.157    76615.9967  989.2458  215648.02   30452.59   -3102.0   -3004.305    97.667   
   9800     27487.4     0.9736     0.237      0.8188     0.1676     0.7166     0.3058   77804.9955 1115.1462  215768.94   30522.21   -3103.0   -3005.206    98.118   
   9900     27752.74    0.9738     0.2371     0.8198     0.168       0.72      0.1162   78881.9397 1085.2919  215743.26   30463.53   -3104.0   -3005.819    98.47    
  10000     28017.78    0.9739     0.2371     0.8202     0.1682     0.6834     0.0949   79899.2226 1002.5577  215717.46   30404.03   -3106.0   -3006.901    98.797   
  10100     28281.78    0.9737     0.237      0.8207     0.1684     0.6916     0.107    81097.6073  974.7925  215826.46   30505.4    -3106.0   -3007.076    99.008   
  10200     28544.78    0.9738     0.2371     0.8207     0.1684     0.6715     0.1494   82080.3445  998.5724  215824.94   30639.66   -3106.0   -3006.874    99.046   
  10300     28810.37    0.974      0.2372     0.8207     0.1684     0.7061     0.2937   83201.0649 1069.6275  215857.19   30645.71   -3107.0   -3007.507    99.098   
  10400     29076.55    0.9737     0.237      0.8212     0.1686     0.7069     0.1227   84282.2918 1095.2885  215951.81   30715.95   -3108.0   -3008.764    99.27    
  10500     29340.86    0.9735     0.2369     0.8217     0.1688     0.7058     0.1578   85405.5285 1014.0816  216189.19   30786.6    -3108.0   -3008.448    99.32    
  10600     29606.3     0.9736     0.237      0.8227     0.1692     0.679      0.1558   86629.3045 1024.4846  216053.36   30790.85   -3109.0   -3009.586    99.378   
  10700     29871.68    0.9734     0.2369     0.8237     0.1696     0.667      0.1253   87777.3349 1091.1741  215987.28   30829.72   -3110.0   -3010.302    99.412   
  10800     30136.61    0.9737     0.237      0.8251     0.1702     0.6562     0.1059   88856.6065 1069.8802  215952.66   30899.83   -3111.0   -3010.975    99.777   
  10900     30400.66    0.974      0.2372     0.8256     0.1704     0.7325     0.1616   89976.4211  961.9874  215823.82   30939.09   -3111.0   -3011.335    99.856   
  11000     30664.4     0.9739     0.2371     0.8261     0.1706     0.7306     0.1106   91171.1836  907.6785  215786.91   30980.25   -3113.0    -3012.45   100.067   
  11100     30928.63    0.9737     0.237      0.8261     0.1706     0.654      0.0868   92366.3429 1087.7919  215943.06   31118.31   -3114.0   -3013.561   100.161   
  11200     31195.11    0.9728     0.2366     0.828      0.1714     0.6769     0.1634   93628.8038  857.6705  215846.07   31058.0    -3115.0   -3014.033   100.546   
  11300     31461.99    0.9728     0.2366     0.8299     0.1722      0.68      0.1624   94777.0073 1178.2108  216029.73   31099.47   -3116.0   -3015.235   100.584   
  11400     31728.14    0.9727     0.2366     0.8295     0.172      0.6644     0.1095   96066.2229 1141.6486  215772.68   31276.92   -3116.0   -3015.787   100.646   
  11500     31995.19    0.9726     0.2365     0.8295     0.172      0.641      0.1651   97251.3374 1015.4692  215886.18   31285.09   -3117.0   -3016.115   100.729   
  11600     32261.54    0.9723     0.2363     0.8299     0.1722     0.6453     0.4648   98409.9467 1082.2448  215727.15   31417.76   -3117.0   -3016.467   100.869   
  11700     32525.69    0.9723     0.2364     0.8304     0.1724     0.6709     0.0982   99667.2737 1211.9902  215484.31   31519.74   -3118.0   -3016.702   101.012   
  11800     32789.6     0.9726     0.2365     0.8299     0.1722     0.6924     0.0852   100917.492  1011.187  215681.97   31490.36   -3118.0   -3016.385   101.194   
  11900     33054.03    0.9726     0.2365     0.8309     0.1726     0.6705     0.1982   102255.7842 1252.4699  215535.65   31522.03   -3118.0   -3016.834   101.227   
  12000     33318.24    0.9723     0.2364     0.8319     0.173      0.6485     0.0642   103425.9974 1070.8537  215372.81   31555.78   -3119.0   -3017.311   101.378   
  12100     33581.67    0.9723     0.2363     0.8319     0.173      0.6235     0.1001   104744.8492 1135.9698  215490.84   31592.57   -3119.0   -3017.932   101.407   
  12200     33847.03    0.9723     0.2363     0.8319     0.173      0.6331     0.2843   105788.6718 1146.4914  215328.63   31593.12   -3120.0   -3018.511   101.934   
  12300     34111.34    0.972      0.2362     0.8333     0.1736     0.6394     0.0971   106929.9858 1190.8926  215382.53   31633.81   -3122.0   -3020.013    102.01   
  12400     34376.88    0.9718     0.2361     0.8328     0.1734     0.6318     0.1472   108221.1624 1339.3032  215477.85   31604.76   -3122.0   -3020.399   102.057   
  12500     34641.8     0.9717     0.236      0.8343     0.174      0.6252     0.0956   109471.3163 1147.2841  215207.72   31809.34   -3124.0   -3021.419   102.132   
  12600     34907.1     0.9713     0.2359     0.8357     0.1746     0.6313     0.2011   110738.7477 1037.4194  215300.35   31781.51   -3125.0   -3022.567   102.152   
  12700     35172.0     0.9713     0.2359     0.8357     0.1746     0.6558     0.1403   112178.6356 1202.1091  215231.01   31757.29   -3125.0    -3022.69    102.19   
  12800     35436.61    0.9713     0.2359     0.8357     0.1746     0.6285     0.1416   113288.0168 1024.2139  215232.77   31891.53   -3125.0   -3023.158   102.211   
  12900     35701.94    0.9713     0.2359     0.8371     0.1752     0.6344     0.1986   114480.0722 1458.0512   215207.7   31861.82   -3126.0   -3023.581   102.323   
  13000     35969.35    0.9715     0.236      0.8371     0.1752     0.6252     0.4509   115782.4395  1414.262  215205.53   31927.76   -3126.0   -3023.755   102.493   
  13100     36237.25    0.9713     0.2358     0.8371     0.1752     0.6299     0.1502   116928.7121 1314.4616   215369.2   31930.22   -3127.0   -3024.209   102.612   
  13200     36504.73    0.9713     0.2358     0.8381     0.1756     0.6177     0.1648   118241.6311 1178.1173  215172.87   31965.55   -3127.0    -3024.76   102.631   
  13300     36773.19    0.9708     0.2356     0.8381     0.1756     0.5994     0.0965   119694.9792 1056.4529  215329.06   32043.18   -3128.0    -3024.95   102.652   
  13400     37039.75    0.9709     0.2357     0.839      0.176      0.6035     0.1593   120970.2402 1086.9632  215365.84   32113.45   -3128.0    -3025.38   102.704   
  13500     37307.27    0.971      0.2357     0.839      0.176      0.6039     0.1742   122268.4647 1184.7314  215164.15   32217.26   -3129.0   -3026.205   102.794   
  13600     37575.16    0.9707     0.2356      0.84      0.1764     0.5919     0.1259   123574.0156 1040.0745  215122.82   32226.09   -3130.0   -3026.981   102.814   
  13700     37842.98    0.9709     0.2356     0.8414     0.177      0.6062     0.0909   124922.1343 1166.2419  215282.39   32326.13   -3131.0   -3027.714   102.844   
  13800     38110.52    0.9711     0.2358     0.8414     0.177      0.6011     0.1301   126190.2099 1107.9317  215313.08   32266.18   -3131.0   -3027.991   103.014   
  13900     38377.98    0.9709     0.2357     0.8419     0.1772     0.5819     0.1688   127481.6419 1118.3796  215246.94   32336.64   -3131.0   -3028.438   103.058   
  14000     38644.79    0.9709     0.2356     0.8424     0.1774     0.5968     0.2604   128890.0813 1324.4679  215111.95   32369.24   -3132.0   -3028.799   103.085   
  14100     38913.94    0.9708     0.2356     0.8424     0.1774     0.5867     0.276    130331.8375  982.9488   215170.6   32504.67   -3132.0   -3028.534   103.248   
  14200     39185.69    0.9709     0.2356     0.8429     0.1776     0.5855     0.0896   131589.5324 1223.4214  215039.35   32440.84   -3133.0   -3029.153   103.401   
  14300     39454.77    0.9708     0.2356     0.8429     0.1776     0.5807     0.1215   132961.6481 1154.9062  215015.15   32479.24   -3133.0    -3029.37   103.839   
  14400     39725.33    0.9708     0.2356     0.8433     0.1778     0.5799     0.1407   134347.1578 1248.4604  214908.34   32511.92   -3133.0   -3029.203   103.889   
  14500     39996.37    0.9707     0.2356     0.8433     0.1778     0.5733     0.4963   135522.5944 1282.1637  215035.22   32512.13   -3134.0   -3029.552   103.953   
  14600     40266.76    0.9707     0.2356     0.8438     0.178      0.5801     0.274    136720.6712 1070.8172  214955.71   32480.51   -3134.0   -3029.656    104.02   
  14700     40536.57    0.9705     0.2355     0.8443     0.1782     0.5724     0.189    138058.6758 1158.5271  214983.68   32417.14   -3134.0   -3029.694   104.216   
  14800     40819.69    0.9703     0.2354     0.8438     0.178      0.5731     0.1292   139717.3406 1420.9703  214886.83   32517.12   -3134.0   -3029.691   104.294   
  14900     41100.96    0.9696     0.235      0.8443     0.1782     0.5715     0.1181   140936.4037 1029.6503  214784.45   32515.82   -3135.0   -3030.403    104.33   
  15000     41387.59    0.9698     0.2351     0.8452     0.1786     0.5855     0.1194   142354.8428 1605.0202  214814.21   32548.55   -3135.0   -3030.217   104.347   
  15100     41657.62     0.97      0.2352     0.8447     0.1784     0.5748     0.1167   143751.2067  1742.37   214911.61   32519.01   -3136.0   -3031.252   104.423   
  15200     41927.14    0.9702     0.2353     0.8457     0.1788     0.5717     0.1071   145021.6877  1292.215  214745.46   32453.58   -3136.0    -3031.42   104.455   
  15300     42197.58    0.9704     0.2354     0.8457     0.1788     0.575      0.0794   146461.5153  1143.905  214943.21   32525.5    -3136.0   -3031.801   104.476   
  15400     42466.27    0.9702     0.2353     0.8452     0.1786     0.5804     0.0967   147684.8466 1176.4926  214841.29   32527.81   -3136.0   -3031.782   104.631   
  15500     42735.77     0.97      0.2352     0.8447     0.1784     0.5606     0.1033   148862.2949  1545.168  214784.69   32628.88   -3137.0   -3032.018   104.702   
  15600     43006.06    0.9698     0.2351     0.8452     0.1786     0.5665     0.4003   150244.5584 1157.4489  214942.17   32693.59   -3137.0   -3032.053   104.836   
  15700     43275.6     0.9696     0.235      0.8457     0.1788     0.5557     0.3536   151597.5879 1116.3811  214938.06   32691.91   -3137.0   -3032.154   104.869   
  15800     43544.08    0.9698     0.2351     0.8462     0.179      0.5542     0.324    153026.9852 1338.4853  215105.36   32691.89   -3137.0   -3032.221   104.885   
  15900     43811.08    0.9701     0.2353     0.8466     0.1792     0.5489     0.3893   154196.6685 1121.5088  215066.64   32661.99   -3138.0   -3032.862   104.901   
  16000     44078.4      0.97      0.2352     0.8462     0.179      0.5432     0.0885   155811.1033 1348.7457  215039.42   32632.14   -3138.0   -3032.838   105.233   
[ 59.29538705  59.3631651   59.9694427  -56.82516196  59.61517597
  58.54423533  60.56648986  59.23220178  58.91570577  60.06141646
  60.44696232  58.83222354  61.59188575  58.36456528  59.36386894
 -58.52930591  60.67467008  61.36018267  59.63455604   1.83061572]
[ 56.8118606  -50.13308814  55.10935097  56.4740437   51.45606331
  58.10329522 -50.10278709 -48.0734835  -48.87270369  52.45269925
  55.21484031 -56.97233843 -53.90052677  55.8971728   56.08522593
  59.62190558 -52.39277044 -49.02289017  57.85469848  57.15208734]
[60.58447894 60.57923093 60.05507336 59.43515545 57.68465656 58.49189774
 60.05097655 61.69235536 59.30295686 59.98501517 58.63689321 59.7640752
 64.34717398 62.86485717 60.88332708 59.98692209 59.69853007 58.966541
 58.88099879 60.22897479]
