Generating synthetic binary valued data ... 
Generating synthetic  binary valued data took:  19.198335886001587
Evaluation for true params: 
 test_rsme | train_rsme | rel-te-err | rel-tr-err |  test_nll  |  train_nll |
0.7319016327 0.7379701891   0.13392      0.13615      24593.08     97734.26  
Using  0.05 of training data
Factorizing with max_iteration = 16000  fixing covariance?:  False
Tensor dimensions:  [50, 50, 50]
Optimization metrics: 
Using Ada Grad
Mean update scheme:  S
Covariance update :  N
Using diagonal covariance?:  False
Random start? True
k1 samples =  64  k2 samples =  128
eta =  1.0  cov eta =  1.0  sigma eta =  1
iteration |   time   |test_rsme |rel-te-err|train_rsme|rel-tr-err|   d_mean  |   d_cov  |avg_grad_m|avg_grad_c| test_nll | train_nll |    VLB   |  E-term  |    KL     
    0         1.55      1.411      0.4977     1.4165     0.5016     3.1623     1.9153     0.1141     0.1772    17373.16    3476.1    -3817.0   -3743.311     73.3    
    5        57.57      1.4095     0.4967     1.4094     0.4966     3.1623     1.9153     2.0726     2.7156    17540.0    3517.56    -3808.0    -3747.88    60.376   
    10       119.68     1.4128     0.499      1.4204     0.5044     3.1623     1.9153     3.7953     5.1262    17995.71   3607.52    -3807.0   -3753.293    53.422   
    20       196.14     1.4131     0.4992     1.3859     0.4802     3.1623     1.9153     6.9264    10.3217    19709.84   3868.58    -3812.0   -3768.006    44.132   
    50       322.2      1.1863     0.3518     1.1204     0.3138     3.1623     0.8164    21.9249    33.6384    24398.64   4450.51    -3548.0   -3534.997    12.878   
   100       524.33     1.0052     0.2526     0.9415     0.2216     3.1366     0.3253    17.5324    20.9086    13092.72   2442.55    -3441.0   -3431.447    9.632    
   200       821.79     0.9205     0.2118      0.88      0.1936     2.7852     0.1213    10.4144    23.2871    11644.07   2077.84    -3235.0   -3227.542    7.487    
   300      1119.77     0.8937     0.1997     0.8367     0.175      2.6051     0.0832     9.3398    25.4407    11490.3    1925.23    -3207.0   -3199.677    7.187    
   400      1416.27     0.8973     0.2013     0.8119     0.1648     2.174      0.0627     8.2783    27.9896    11135.48   1754.51    -3149.0   -3141.535     7.17    
   500       1710.7     0.8903     0.1982     0.771      0.1486     1.647      0.0501     8.502     29.9357    11235.34   1618.65    -3099.0   -3091.212    7.293    
   600      2005.66     0.8807     0.1939     0.7167     0.1284     1.5502     0.0463     8.9399    31.7631    11627.87    1424.5    -3033.0   -3025.236    7.731    
   700      2300.01     0.8782     0.1928     0.6663     0.111      1.5491     0.0453    11.5212    34.5794    13852.91   1236.02    -2958.0   -2948.988     9.41    
   800      2594.84     0.8794     0.1933     0.6499     0.1056     2.4422     0.0515    28.9029     44.652    32027.54   1650.83    -2889.0   -2872.991    16.229   
   900      2891.21     0.8732     0.1906     0.653      0.1066     2.9368      0.06     104.4656    65.52     81911.62   5401.11    -2896.0    -2869.61    26.612   
   1000     3185.88     0.8673     0.188      0.6776     0.1148     2.8769     0.0618    245.9391   91.2006   114353.55   10813.97   -2918.0    -2882.67    34.831   
   1100      3479.9     0.8595     0.1847     0.6899     0.119      2.7054     0.059     452.8405   116.9379  129417.06   13932.1    -2933.0   -2892.216    40.942   
   1200     3771.05     0.8585     0.1842     0.6957     0.121      2.5428     0.0595    726.8369   140.8038  137520.16   16124.84   -2948.0   -2902.429    45.673   
   1300     4060.01     0.8561     0.1832     0.7009     0.1228     2.4421     0.0619   1066.0442   161.5455  143404.69   17374.11   -2957.0    -2907.18    49.438   
   1400     4345.79     0.857      0.1836     0.7054     0.1244     2.2833     0.056    1465.3695   180.7135  147309.87   18761.78   -2963.0   -2910.609    52.511   
   1500     4628.46     0.8589     0.1844     0.7065     0.1248     2.1971     0.0588   1916.2205   201.2575   149686.6   19575.98   -2970.0   -2914.407    55.235   
   1600     4908.86     0.8592     0.1846     0.7071     0.125      2.0756     0.0602   2407.7941   214.1407  152468.85   20323.98   -2974.0   -2917.001    57.454   
   1700     5189.13     0.8591     0.1845     0.7077     0.1252     2.026      0.0572   2943.7444   228.6944  154554.35   20833.38   -2979.0   -2919.346    59.434   
   1800     5466.73     0.859      0.1845     0.7122     0.1268     1.9611     0.0615   3515.7783   241.3757  155819.08   21454.53   -2984.0   -2922.588    61.225   
   1900     5742.25      0.86      0.1849     0.7161     0.1282     1.8557     0.0579   4114.4256   252.3564  157368.45   21847.59   -2990.0   -2927.082    62.806   
   2000     6017.24     0.8593     0.1846     0.7228     0.1306     1.8017     0.0721   4749.1032   269.4415  158217.81   22130.26   -2995.0   -2930.924    64.245   
   2100     6291.22     0.8594     0.1846     0.7272     0.1322     1.7802     0.0515   5412.5247    281.22   159195.84   22372.28   -2998.0   -2932.444    65.532   
   2200      6565.7     0.8592     0.1846     0.7299     0.1332     1.7122     0.0611   6093.4638   294.3637  159780.64   22638.68   -3002.0   -2934.793    66.777   
   2300     6838.59     0.8597     0.1848     0.7277     0.1324     1.671      0.0678   6811.7562   307.9449  160693.71   22800.18   -3004.0    -2935.66    67.997   
   2400     7111.59      0.86      0.1849     0.7305     0.1334     1.6282     0.0686   7552.8968   314.3213  161292.92   23237.84   -3007.0   -2937.641    69.075   
   2500     7383.64     0.8591     0.1845     0.7327     0.1342     1.5698     0.0634   8325.3919   333.1345  161750.21   23355.24   -3009.0   -2939.267     70.2    
   2600     7654.52     0.8572     0.1837     0.7365     0.1356     1.5498     0.0769    9093.027   335.7038  161823.23   23760.52   -3013.0   -2942.364    71.023   
   2700     7924.91     0.8579     0.184      0.7397     0.1368     1.5224     0.0638    9909.402   358.4079  162579.05   23789.74   -3017.0   -2945.446    71.845   
   2800     8195.21     0.8574     0.1838     0.7435     0.1382     1.5077     0.0964   10743.2937  353.8098  162409.36   23943.66   -3020.0    -2946.93    72.735   
   2900     8465.83     0.8566     0.1834     0.7457     0.139      1.4364     0.1038   11595.3316  373.3985  162725.45   24175.52   -3023.0   -2948.911    73.692   
   3000     8737.85     0.8563     0.1833     0.7446     0.1386     1.4139     0.0892   12433.4359  397.5741  162857.48   24414.97   -3025.0   -2950.174    74.465   
   3100     9009.91     0.8564     0.1834     0.7462     0.1392     1.3527     0.1066   13289.1501  402.6267  163051.32   24501.97   -3027.0   -2951.506    75.138   
   3200     9281.81     0.8565     0.1834     0.7489     0.1402     1.3277     0.0819   14170.1363  406.6513  163201.68   24720.29   -3028.0   -2952.097    75.858   
   3300     9551.53     0.8561     0.1832     0.7505     0.1408     1.2986     0.0731   15060.6557  432.1074  162985.22   24786.56   -3030.0   -2953.871    76.528   
   3400     9822.51     0.8561     0.1832     0.7499     0.1406     1.2891     0.1314   15961.9996  449.4771  162896.98   24869.4    -3031.0   -2954.192    77.236   
   3500     10090.76    0.8559     0.1831     0.7515     0.1412     1.2566     0.0939   16858.7667  455.7962  162907.66   25039.0    -3034.0   -2955.679    77.927   
   3600     10362.36    0.8554     0.1829     0.7537     0.142      1.2304     0.1626   17822.2975  475.1921   163224.0   25222.09   -3035.0   -2956.874    78.601   
   3700     10635.7     0.8556     0.183      0.7542     0.1422     1.2162     0.0965   18721.3299  456.9717  163323.06   25368.33   -3037.0    -2958.08    79.053   
   3800     10903.17    0.8557     0.183      0.7542     0.1422     1.2083     0.0977   19648.4911  484.3135  163536.72   25510.02   -3038.0    -2958.7     79.575   
   3900     11170.3     0.8551     0.1828     0.7558     0.1428     1.1829     0.0972   20584.1667  479.4634  163487.45   25524.84   -3041.0   -2960.717    80.048   
   4000     11435.23    0.8551     0.1828     0.7579     0.1436     1.1803     0.0913   21508.6992  475.8026  163489.33   25762.17   -3043.0   -2962.217    80.357   
   4100     11702.43    0.8548     0.1827     0.7605     0.1446     1.1672     0.0977   22504.6844  496.4016  163589.24   25742.38   -3045.0   -2963.721    80.868   
   4200     11969.12    0.8546     0.1826     0.7626     0.1454     1.1722     0.0676   23516.0457  508.5622  164062.95   25953.26   -3046.0   -2965.296    81.16    
   4300     12235.61    0.8541     0.1824     0.7637     0.1458     1.1304     0.0793   24473.519   545.3007  163900.07   25967.74   -3048.0   -2965.918    81.722   
   4400     12500.03    0.8548     0.1827     0.7632     0.1456     1.1143     0.0863   25428.1231  558.037   164055.74   26064.63   -3048.0   -2966.227    81.987   
   4500     12765.3     0.8546     0.1826     0.7632     0.1456     1.1075     0.0856   26437.7399  538.3841  164242.27   26120.56   -3049.0   -2966.825    82.342   
   4600     13029.78    0.8548     0.1827     0.7652     0.1464     1.0768     0.1531   27449.6374  560.2019  164309.31   26170.66   -3050.0   -2967.496    82.628   
   4700     13294.61    0.8548     0.1827     0.7658     0.1466     1.0586     0.1083   28446.4815  573.1074  164334.43   26315.95   -3052.0   -2968.997    83.002   
   4800     13560.06    0.8549     0.1827     0.7668     0.147      1.0666     0.1661   29450.2872  602.6729  164594.29   26320.87   -3052.0   -2968.842    83.479   
   4900     13825.23    0.8551     0.1828     0.7694     0.148      1.0871     0.1201   30445.7652  628.7984  164499.51   26396.71   -3054.0   -2970.562    83.744   
   5000     14092.48    0.8544     0.1825     0.7689     0.1478     1.102      0.1575   31464.0074  659.0805  164435.45   26442.31   -3056.0   -2971.387    84.247   
   5100     14357.57    0.8542     0.1824     0.7699     0.1482     1.0614     0.1341   32456.8263  613.0006  164750.16   26480.27   -3056.0   -2971.515    84.507   
   5200     14623.08    0.854      0.1823     0.7694     0.148      1.0437     0.1127   33543.7796  653.8293   164951.7   26577.54   -3056.0   -2971.309    84.768   
   5300     14888.11    0.8541     0.1824     0.7689     0.1478     1.0432     0.1962   34544.3449  630.0463  165037.83   26676.07   -3056.0   -2970.964    84.972   
   5400     15152.54    0.8539     0.1823     0.7689     0.1478     1.0301     0.1441   35579.747   665.3411  165012.15   26675.51   -3056.0    -2970.5     85.126   
   5500     15416.82    0.8543     0.1824     0.7689     0.1478     0.9896     0.0983   36609.2751  658.4567  165208.22   26675.43   -3057.0   -2971.595    85.46    
   5600     15681.12    0.8538     0.1822     0.7694     0.148      0.9665      0.22    37694.1936  697.8722  165031.81   26719.17   -3058.0   -2971.963    85.989   
   5700     15946.03    0.8539     0.1823     0.7705     0.1484     0.9757     0.1353   38674.3414  699.8182   165123.8   26747.61   -3058.0   -2972.135    86.301   
   5800     16209.52    0.8536     0.1822     0.7699     0.1482     0.9693     0.1934   39732.6996  681.1279  165021.07   26821.55   -3059.0   -2972.082    86.845   
   5900     16472.58    0.8538     0.1822     0.7699     0.1482     0.9416     0.1404   40758.3789  659.029   165077.04   26823.74   -3060.0   -2972.517    87.135   
   6000     16739.51    0.8531     0.182      0.7699     0.1482     0.9176     0.3697   41860.7717  733.2538  164897.51   26888.9    -3061.0   -2973.445    87.269   
   6100     17003.95    0.8533     0.182      0.7705     0.1484     0.9069     0.2572   42814.2588  701.8281  165085.99   26925.32   -3060.0   -2972.927    87.567   
   6200     17267.62    0.8526     0.1817     0.7699     0.1482     0.8988     0.2312   43926.678   699.3914  164869.52   26889.96   -3061.0   -2973.098    87.829   
   6300     17532.2     0.8522     0.1816     0.771      0.1486     0.8952     0.0982   45136.2905  733.3846  164747.07   26925.31   -3062.0   -2974.474    87.972   
   6400     17797.18    0.8523     0.1816     0.771      0.1486     0.9242     0.0954   46227.0365  805.1689  164565.85   26960.47   -3063.0   -2974.651    88.363   
   6500     18061.49    0.8522     0.1816     0.772      0.149      0.8906     0.2184   47283.4662  844.2674  164476.03   26996.15   -3064.0   -2975.123    88.481   
   6600     18326.27    0.8517     0.1814     0.7715     0.1488     0.8927     0.1999   48285.8179  790.3419  164636.69   27003.67   -3065.0   -2976.004    88.946   
   6700     18589.49    0.8513     0.1812     0.773      0.1494     0.8667     0.1621   49461.2528  832.4798  164720.46   27073.81   -3066.0   -2976.594    89.097   
   6800     18853.45    0.8514     0.1812     0.7736     0.1496     0.8585     0.0952   50609.5984  794.8503  164715.55   27107.31   -3066.0   -2977.234    89.229   
   6900     19117.09    0.8514     0.1812     0.7751     0.1502     0.8501     0.1228   51681.6157  747.6705  164498.64   27153.94   -3067.0   -2978.168    89.306   
   7000     19379.33    0.8511     0.1811     0.7756     0.1504     0.8529     0.4097   52801.7141  735.6068  164607.62   27253.54   -3068.0    -2978.39    89.425   
   7100     19642.64    0.8511     0.1811     0.7756     0.1504     0.8512     0.1776   54050.033   814.7282  164506.88   27358.82   -3068.0   -2978.374    90.031   
   7200     19905.62    0.8509     0.181      0.7751     0.1502     0.8384     0.2759   55233.5872  752.4861  164503.77   27364.27   -3069.0    -2978.7     90.179   
   7300     20168.01    0.8516     0.1813     0.7761     0.1506     0.8599     0.2538   56310.6909  766.3714  164417.77   27402.92   -3070.0   -2979.715    90.43    
   7400     20430.81    0.8514     0.1812     0.7772     0.151      0.8511     0.2113   57489.3614  830.7039  164422.28   27440.52   -3070.0   -2979.637    90.557   
   7500     20693.52    0.8519     0.1814     0.7782     0.1514     0.8003     0.4488   58679.0467  813.3783  164430.07   27543.78   -3072.0    -2980.99    90.793   
   7600     20956.3     0.8518     0.1814     0.7792     0.1518     0.8081     0.1694   59806.6207  942.8794  164634.83   27614.92   -3073.0   -2981.635    91.153   
   7700     21217.61    0.8523     0.1816     0.7803     0.1522     0.8035     0.1308   60976.3721  928.3354  164677.17   27588.97   -3074.0   -2982.994    91.252   
   7800     21480.22    0.8526     0.1817     0.7808     0.1524     0.8156     0.2014   62061.3833  859.659   164642.17   27598.84   -3076.0   -2983.964    91.579   
   7900     21742.08    0.8519     0.1814     0.7813     0.1526     0.7934     0.2154   63229.4892  827.8958  164635.98   27735.26   -3076.0   -2983.564    92.166   
   8000     22003.61    0.8522     0.1816     0.7828     0.1532     0.7967     0.2243   64452.875   861.1096  164598.24   27840.43   -3077.0   -2984.472    92.349   
   8100     22265.5     0.852      0.1815     0.7828     0.1532     0.792      0.1959   65676.6056  879.5656  164488.79   27808.95   -3078.0   -2985.127    92.454   
   8200     22527.11    0.8518     0.1814     0.7843     0.1538     0.7803     0.1743   66857.9667  889.6935  164555.27   27913.84   -3078.0   -2985.556    92.633   
   8300     22787.6     0.8518     0.1814     0.7843     0.1538     0.8043     0.1166   68033.8776  953.9191   164617.8   27922.99   -3079.0    -2985.96    92.674   
   8400     23049.53    0.8512     0.1811     0.7849     0.154      0.778      0.106    69175.5097  969.1437   164484.5   28056.05   -3079.0   -2986.138    92.79    
   8500     23311.19    0.8509     0.181      0.7849     0.154      0.7574     0.1029   70370.6439  914.8175   164614.7   27990.78   -3079.0   -2986.296    92.871   
   8600     23573.77    0.8509     0.181      0.7854     0.1542     0.7477     0.4127   71525.9988  852.9734  164443.11   28030.68   -3080.0   -2987.319    93.005   
   8700     23836.02    0.8507     0.1809     0.7854     0.1542     0.7746     0.1547   72775.834   899.2936  164747.35   28070.19   -3081.0   -2988.265    93.097   
   8800     24097.75    0.8506     0.1809     0.7879     0.1552     0.7458     0.1361   73988.4599  1003.067  164908.09   28177.32   -3083.0   -2989.941    93.183   
   8900     24359.69    0.8508     0.181      0.7889     0.1556     0.7615     0.2299   75206.091   870.0969  164619.67   28257.0    -3084.0    -2990.83    93.404   
   9000     24622.12    0.8509     0.181      0.7899     0.156      0.7736     0.1966   76444.4988 1178.3543  164813.81   28424.33   -3085.0    -2991.53    93.569   
   9100     24884.69    0.8509     0.181      0.7904     0.1562     0.7851     0.0883   77547.2833  996.1951  165051.88   28364.29   -3086.0   -2991.842    93.676   
   9200     25147.57    0.8507     0.1809     0.7899     0.156      0.7353     0.143    78735.8596 1081.5561  164781.54   28461.61   -3086.0   -2992.021    93.815   
   9300     25409.81    0.851      0.181      0.7904     0.1562     0.7309     0.0917   79815.9152  911.6633  164883.18   28532.54   -3086.0   -2992.402    93.869   
   9400     25671.95    0.8508     0.181      0.7904     0.1562     0.721      0.2164   81141.4339  911.9126  164839.68   28538.02   -3087.0   -2992.707    94.067   
   9500     25933.68    0.8508     0.181      0.7904     0.1562     0.7103     0.1648   82209.5075 1102.9561  165189.47   28669.3    -3088.0   -2993.385    94.202   
   9600     26196.58    0.851      0.181      0.7904     0.1562     0.7197     0.0898   83449.3026  910.5251  165029.42   28571.86   -3088.0   -2993.295    94.433   
   9700     26460.1     0.8506     0.1809     0.7899     0.156      0.7409     0.1673   84702.1236 1184.6697  164931.65   28537.88   -3088.0   -2993.133    94.529   
   9800     26722.63    0.8509     0.181      0.7904     0.1562     0.7232     0.3227   85850.3403  835.5176   164965.6   28704.83   -3088.0   -2993.393    94.555   
   9900     26984.28    0.8508     0.181      0.7909     0.1564     0.7048     0.1689   87230.4926 1153.9323  164962.62   28672.53   -3089.0   -2993.981    94.693   
  10000     27246.74    0.851      0.181      0.793      0.1572     0.684      0.1514   88390.9058 1064.5183  164895.86   28643.04   -3090.0   -2995.069    94.718   
  10100     27509.77    0.8512     0.1811     0.793      0.1572     0.6905     0.4951   89818.0885 1099.4634  164915.27   28681.19   -3091.0   -2995.822    94.789   
  10200     27771.36    0.851      0.181      0.793      0.1572     0.686      0.2122   90943.3629  945.8941  164755.89   28754.01   -3091.0    -2996.38    94.821   
  10300     28033.33    0.8508     0.181      0.794      0.1576     0.697      0.1168   92241.8665  933.0852  164997.55   28822.26   -3091.0   -2996.525    94.916   
  10400     28297.63    0.8506     0.1809     0.7935     0.1574     0.7132     0.1834   93538.7527 1262.3264  165030.98   28860.33   -3093.0   -2997.246    95.394   
  10500     28558.22    0.8512     0.1811     0.7955     0.1582     0.7023     0.2101   94673.6016 1116.7367  165226.19   28931.18   -3093.0    -2997.83    95.516   
  10600     28819.76    0.8512     0.1811     0.795      0.158      0.7229     0.4413   95986.1267  1045.801  165164.23   28931.6    -3094.0   -2998.102    95.776   
  10700     29080.52    0.8512     0.1811     0.7955     0.1582     0.7261     0.249    97351.3834  947.0228  165223.83   29002.44   -3095.0   -2998.357    96.204   
  10800     29342.74    0.8512     0.1811     0.7965     0.1586     0.6981     0.1402   98670.0534  949.1509  165197.69   28969.44   -3095.0   -2998.476    96.223   
  10900     29603.89    0.8507     0.1809     0.7965     0.1586     0.6973     0.2001   99899.8686  918.7944  165031.65   29040.36   -3095.0   -2998.797    96.279   
  11000     29865.73    0.8511     0.1811     0.7965     0.1586     0.6871     0.309    101229.027 1010.4639  165131.36   29011.21   -3095.0   -2999.073    96.392   
  11100     30127.66    0.8512     0.1811     0.797      0.1588     0.7068     0.1084   102541.1075  1174.271  165237.65   29016.58   -3096.0   -2999.534    96.555   
  11200     30389.26    0.8514     0.1812     0.797      0.1588     0.677      0.3658   103895.0285 1237.5533  165235.44   29083.74   -3096.0   -2999.305    96.792   
  11300     30651.54    0.8514     0.1812     0.797      0.1588     0.656      0.2396   105029.3878 1066.2501  165334.58   29083.82   -3097.0   -2999.629    96.879   
  11400     30912.2     0.8514     0.1812     0.797      0.1588     0.6537     0.3648   106333.8581 1202.1021  165274.27   29114.81   -3096.0   -2999.331    96.921   
  11500     31173.31    0.8514     0.1812     0.797      0.1588     0.6629     0.2336   107584.0382 1004.1953  165240.94   29146.13   -3096.0   -2999.221    96.999   
  11600     31434.4     0.8514     0.1812     0.796      0.1584     0.6582     0.2119   108854.925 1225.3454  165409.99   29072.98   -3096.0   -2999.097    97.141   
  11700     31694.17    0.8515     0.1813     0.7965     0.1586     0.6419     0.2454   110081.4204 1202.6313  165447.04   29077.43   -3096.0   -2998.982    97.471   
  11800     31953.2     0.8517     0.1814     0.796      0.1584     0.6419     0.1381   111127.8795 1460.2344  165513.76   29109.6    -3096.0   -2998.847    97.512   
  11900     32212.17    0.8517     0.1814     0.796      0.1584     0.6403     0.1691   112383.2182 1287.4656  165456.74   29110.19   -3097.0   -2999.083    98.321   
  12000     32472.33    0.8517     0.1814     0.7975     0.159      0.6546     0.1056   113776.4234 1201.1225  165327.68   29111.0    -3098.0   -2999.252    98.334   
  12100     32732.61    0.8519     0.1814     0.797      0.1588     0.6604     0.2476   115266.5822 1239.2592  165270.94   29114.24   -3098.0   -2999.926    98.352   
  12200     32992.04    0.8517     0.1814     0.7975     0.159      0.6407     0.2234   116543.231 1293.9703  165453.84   29151.27   -3099.0   -3000.242    98.733   
  12300     33252.2     0.8519     0.1814     0.799      0.1596     0.6406     0.1589   117880.0864 1282.9354  165496.71   29154.28   -3100.0   -3001.036    98.773   
  12400     33513.06    0.8516     0.1813     0.7995     0.1598     0.6433     0.145    119109.0457  1166.989  165319.26   29164.42   -3101.0   -3001.522    99.007   
  12500     33773.88    0.8518     0.1814     0.7995     0.1598     0.6199     0.2741   120435.0695 1260.1298  165316.88   29231.09   -3100.0   -3001.434    99.018   
  12600     34033.18    0.8519     0.1814     0.7995     0.1598     0.677      0.2466   121631.6754 1201.1989  165480.87   29229.99   -3101.0   -3001.665    99.348   
  12700     34292.39    0.8517     0.1814     0.799      0.1596     0.6642     0.092    122988.7137 1185.1263  165381.19   29264.42   -3101.0   -3001.684    99.36    
  12800     34553.25    0.8514     0.1812     0.799      0.1596     0.6971     0.4081   124238.6591 1363.3774  165444.97   29230.79   -3101.0   -3001.613    99.372   
  12900     34813.06    0.851      0.181      0.799      0.1596     0.618      0.1224   125254.9086 1156.9154  165443.36   29197.11   -3101.0   -3001.771    99.43    
  13000     35073.04    0.8514     0.1812     0.7995     0.1598     0.6334     0.1519   126591.9991 1273.4473   165385.9   29226.0    -3101.0   -3001.617    99.457   
  13100     35333.61    0.8514     0.1812     0.7995     0.1598     0.6299     0.2061   127935.1186 1204.7608  165555.08   29227.9    -3101.0   -3001.724    99.759   
  13200     35594.06    0.8512     0.1811     0.7995     0.1598     0.6266     0.3166   129407.355 1215.7591  165484.94   29228.18   -3102.0   -3001.431    100.08   
  13300     35852.62    0.8508     0.181      0.7995     0.1598     0.6378     0.5572   130675.3988 1462.9351  165414.96   29264.27   -3102.0   -3001.757    100.09   
  13400     36111.03    0.8512     0.1811     0.799      0.1596     0.634      0.1332   131946.7868 1236.2696  165508.97   29197.76   -3102.0    -3001.74   100.374   
  13500     36370.84    0.8514     0.1812     0.799      0.1596     0.5982     0.1027   133456.2308 1244.2348  165546.52   29265.67   -3102.0   -3001.759   100.508   
  13600     36630.69    0.8514     0.1812     0.799      0.1596     0.6004     0.2236   134864.8897  1304.79    165491.2   29265.25   -3102.0   -3001.903   100.537   
  13700     36889.01    0.8513     0.1812     0.8005     0.1602     0.5867     0.1597   135984.7973 1381.0853  165520.11   29300.79   -3103.0   -3002.171    100.55   
  13800     37147.4     0.8514     0.1812     0.801      0.1604      0.59      0.1604   137504.3337 1409.6975  165485.44   29305.09   -3103.0    -3002.48   100.595   
  13900     37406.97    0.8515     0.1813     0.8015     0.1606     0.6125     0.4489   138926.058 1218.1677  165553.87   29333.32   -3103.0   -3002.489   100.644   
  14000     37666.99    0.8517     0.1814     0.8015     0.1606     0.6338     0.1935   140352.8738  879.3699  165654.83   29344.11   -3103.0   -3002.629   100.655   
  14100     37927.32    0.8516     0.1813     0.8015     0.1606     0.6113     0.2014   141891.636  1047.142  165622.97   29447.02   -3104.0   -3002.812   100.985   
  14200     38188.44    0.8517     0.1814     0.8015     0.1606     0.605      0.3557   143254.5024 1552.6596  165778.88   29416.64   -3104.0   -3003.436   100.996   
  14300     38446.93    0.8518     0.1814     0.8025     0.161      0.5874     0.277    144451.5373 1055.1654  165903.22   29451.99   -3105.0   -3003.583   101.007   
  14400     38708.95    0.8517     0.1814     0.8025     0.161      0.5862     0.2151   146171.4432  1387.323   165968.6   29454.82   -3105.0   -3004.171    101.02   
  14500     38969.65    0.8521     0.1815     0.803      0.1612     0.5893     0.1163   147737.3481 1108.0847  166042.99   29527.95   -3105.0   -3004.323   101.046   
  14600     39229.88    0.852      0.1815     0.8035     0.1614     0.596      0.1494   149300.9636 1454.0069  166072.81   29559.67   -3106.0   -3004.618   101.386   
  14700     39489.56    0.8521     0.1815     0.8035     0.1614     0.5943     0.1368   150599.3777 1290.6399   166042.5   29528.12   -3106.0   -3004.999   101.439   
  14800     39748.79    0.8522     0.1816     0.804      0.1616     0.5905     0.2482   151984.9235 1206.3494  166156.26   29560.06   -3107.0   -3005.549   101.537   
  14900     40010.01    0.8523     0.1816     0.8045     0.1618     0.625      0.5485   153397.5773 1097.3694  166226.38   29530.64   -3107.0   -3005.371   101.657   
  15000     40269.92    0.8521     0.1815     0.8045     0.1618     0.5912     1.1509   154690.2519 1457.8143  166271.49   29564.8    -3107.0   -3005.526   101.667   
  15100     40531.03    0.8523     0.1816     0.8045     0.1618     0.6107     0.1807   156220.2724 1604.8899  166479.12   29602.16   -3107.0   -3005.668   101.762   
  15200     40799.8     0.8526     0.1817     0.804      0.1616     0.5841     0.303    157536.3583 1347.3295  166516.51   29633.97   -3108.0   -3005.683   101.829   
  15300     41058.8     0.8528     0.1818     0.804      0.1616     0.6004     0.2115   158920.7655  1356.499  166489.06   29603.44   -3108.0   -3005.785   101.838   
  15400     41318.33    0.853      0.1819     0.804      0.1616     0.5911     0.183    160247.8709 1186.9115   166625.8   29699.45   -3108.0   -3005.509    102.08   
  15500     41577.32    0.853      0.1819     0.8045     0.1618     0.5851     0.2184   161709.7396 1108.5553  166504.97   29667.69   -3108.0   -3005.694   102.089   
  15600     41836.38    0.8532     0.182      0.8045     0.1618     0.5751     1.0558   163225.3278 1284.5421  166534.92   29669.16   -3108.0   -3005.691   102.567   
  15700     42093.18    0.8532     0.182      0.8055     0.1622     0.588      0.1313   164481.0264  952.0251  166541.49   29636.44   -3109.0   -3005.929   102.602   
  15800     42350.67    0.8533     0.182      0.805      0.162      0.5733     0.2932   166003.9699 1417.2024  166642.04   29671.66   -3109.0   -3006.527    102.61   
  15900     42606.96    0.8533     0.182      0.805      0.162      0.5625     0.1072   167434.0959  1694.213  166745.44   29672.73   -3109.0   -3006.704   102.621   
  16000     42863.96    0.8534     0.1821     0.8055     0.1622     0.5523     0.3529   168821.6329 1337.9459  166778.38   29772.63   -3109.0    -3006.6    102.661   
[61.21776576 63.12161407 63.13412009 61.90995152 61.28621194 60.20867495
 63.61486316 60.95895803  0.53681184 62.36966143 61.44303897 60.88563834
 59.15117262 61.31379374 61.13074188 60.83896353 61.76895825 61.27949575
 18.7957135  57.12640831]
[ 57.7168387   54.72269549 -54.34122553  49.71822929 -57.61572371
 -52.24633392 -55.33155437 -58.01992592  59.75675066  56.16541434
 -51.15626513  51.30344356  53.86781795 -13.38761292  54.30098906
  53.03420462  52.9544761   17.03227373  27.85086597  50.22480106]
[ 61.08300485  61.6301705   60.75322994  61.23638809  57.62440064
  60.86475357  62.24403142  30.2874761   63.5389117   62.59749282
  60.01624009  60.34669487  59.30804344  61.07325933  60.7422706
  60.10651476  59.49835577  60.13445604  58.53242724 -55.98951332]
