Generating synthetic binary valued data ... 
Generating synthetic  binary valued data took:  19.322925329208374
Evaluation for true params: 
 test_rsme | train_rsme | rel-te-err | rel-tr-err |  test_nll  |  train_nll |
0.899155159  0.8883918055   0.20212      0.19731      20606.28     81898.51  
Using  0.05 of training data
Factorizing with max_iteration = 16000  fixing covariance?:  False
Tensor dimensions:  [50, 50, 50]
Optimization metrics: 
Using Ada Grad
Mean update scheme:  S
Covariance update :  N
Using diagonal covariance?:  False
Random start? True
k1 samples =  64  k2 samples =  128
eta =  1.0  cov eta =  1.0  sigma eta =  1
iteration |   time   |test_rsme |rel-te-err|train_rsme|rel-tr-err|   d_mean  |   d_cov  |avg_grad_m|avg_grad_c| test_nll | train_nll |    VLB   |  E-term  |    KL     |   dw   |
    0         1.5       1.4129     0.4991     1.4131     0.4992     3.1623     2.1309     0.1067     0.1619    17360.64   3473.03    -3813.0   -3754.751     58.1       0.06   
    5        111.5      1.4133     0.4994     1.4102     0.4972     3.1623     2.1309     2.2253     2.5279    17479.19   3498.33    -3809.0   -3759.915    48.631      0.0    
    10       232.43     1.4145     0.5002     1.4184     0.503      3.1623     2.1309     3.8751     4.727     17856.26   3576.15    -3810.0   -3768.155    42.297     0.0001  
    20       372.99     1.4112     0.4978     1.4122     0.4986     3.1623     2.1309     6.7515     9.2268    19027.65   3774.98    -3817.0    -3781.35    35.524      0.0    
    50       572.21     1.1836     0.3502     1.1465     0.3286     3.1623     0.8983    20.7797    28.4975    23498.63   4299.37    -3589.0   -3577.875    10.792     0.0003  
   100       877.63      1.1       0.3025     0.9899     0.245      3.1407     0.3691    16.5072    20.2301    14580.57   2572.99    -3472.0    -3463.23    8.856       0.0    
   200      1288.54     1.0119     0.256      0.8814     0.1942     2.9926     0.1273    13.1963    23.7612    14197.33   2160.09    -3219.0   -3209.417    9.537       0.0    
   300      1691.17     1.0187     0.2594     0.7904     0.1562     2.6779     0.082     12.0117    27.0686    15347.64   1779.32    -3124.0   -3112.351    11.685      0.0    
   400      2092.31     1.023      0.2616     0.6963     0.1212     2.3277     0.0741     17.099    32.8302    25232.55   1455.17    -2981.0   -2965.161    16.325      0.0    
   500      2505.86     1.0098     0.2549     0.6759     0.1142     2.8922     0.0743    59.4636    48.3171    83403.79   3899.16    -2926.0   -2900.027    26.447      0.0    
   600      2906.52     0.9977     0.2488     0.6905     0.1192     2.9181     0.0676    174.0757   69.6288   138150.86    9628.9    -2932.0   -2896.106    35.482      0.0    
   700      3312.99     0.9938     0.2469     0.706      0.1246     2.7775     0.0664    367.5844   91.0322    165916.3   13986.7    -2946.0   -2903.332    42.257      0.0    
   800      3712.14     0.9946     0.2473     0.7189     0.1292     2.5853     0.056     636.9329   110.4885  181265.96   16432.33   -2960.0   -2912.197    47.391      0.0    
   900      4096.07     0.9942     0.2471     0.7194     0.1294     2.4382     0.0674    970.8811   129.3935  190618.59   18566.11   -2969.0   -2917.463    51.547      0.0    
   1000     4483.92     0.9959     0.248      0.7316     0.1338     2.3147     0.0633   1357.7942   146.0581  196698.23   19673.53   -2979.0   -2923.734    54.892      0.0    
   1100     4858.62     0.9961     0.248      0.7392     0.1366      2.2       0.066    1790.3354   161.6658  201269.74   20782.41   -2988.0   -2930.305     57.8       0.0    
   1200     5233.68     0.9962     0.2481     0.7414     0.1374     2.1042     0.0524   2260.3194   176.0249  203373.72   21640.58   -2996.0   -2935.666    60.27       0.0    
   1300     5608.92     0.9961     0.248      0.7462     0.1392     1.9932     0.0549    2757.854   191.3217  205560.02   22460.12   -2999.0   -2936.805    62.475      0.0    
   1400     5977.26     0.9937     0.2468     0.7494     0.1404     1.9255     0.0591   3285.4477   204.1115  208014.29   22823.34   -3005.0   -2940.181    64.487      0.0    
   1500     6352.69     0.9925     0.2463     0.7542     0.1422     1.8836     0.0548   3833.9431   217.7807  209324.38   23640.67   -3010.0   -2943.231    66.345      0.0    
   1600     6719.78     0.9921     0.2461     0.7558     0.1428     1.7786     0.0606   4395.1761   232.2883  211030.97   23709.06   -3015.0   -2946.631    68.009      0.0    
   1700     7094.61     0.9903     0.2452     0.7574     0.1434     1.7348     0.0644   4971.1535   242.3429   212246.7   24227.06   -3018.0   -2948.585    69.544      0.0    
   1800     7461.51     0.9908     0.2454     0.7584     0.1438     1.6715     0.0531    5567.532   253.9709  212975.72   24469.21   -3021.0    -2950.0     70.833      0.0    
   1900     7840.74     0.9903     0.2452     0.7589     0.144      1.6207     0.0682   6177.6271   272.8771  213763.94   24808.76   -3024.0   -2951.914    72.21       0.0    
   2000     8205.25     0.9897     0.2449     0.7616     0.145      1.6086     0.0665   6796.8401   277.5896  214542.25   25074.82   -3026.0   -2953.099    73.166      0.0    
   2100     8577.88     0.9891     0.2446     0.7637     0.1458     1.5609     0.0723   7436.1763   296.439   214448.32   25297.78   -3031.0    -2956.39    74.15       0.0    
   2200     8946.07     0.9886     0.2443     0.7679     0.1474     1.4947      0.07    8114.7006   298.1648  214892.64   25517.93   -3035.0    -2959.65    75.09       0.0    
   2300     9314.61     0.9875     0.2438     0.7694     0.148      1.4948     0.0703   8782.0313   317.6048  214901.16   25733.65   -3038.0    -2961.51    76.118      0.0    
   2400     9685.95     0.9873     0.2437     0.7715     0.1488     1.4092     0.0772   9486.1946   329.9001  214998.31   26070.63   -3040.0   -2963.303    77.183      0.0    
   2500     10047.91    0.9864     0.2432     0.7725     0.1492     1.3923     0.0953   10183.5577  343.4055  215218.59   26282.98   -3043.0   -2965.467    77.922      0.0    
   2600     10421.18    0.9853     0.2427     0.7761     0.1506     1.3702     0.083    10913.5441  349.9618  215026.32   26507.55   -3047.0   -2968.446    78.605      0.0    
   2700     10785.92    0.9847     0.2424     0.7792     0.1518     1.3233     0.091    11646.8987  359.5424  214998.19   26524.73   -3048.0   -2968.916    79.428      0.0    
   2800     11148.73    0.9848     0.2424     0.7833     0.1534     1.3079     0.0754   12393.2318  373.6956  215279.52   26797.34   -3051.0   -2970.796    80.139      0.0    
   2900     11512.77    0.9848     0.2424     0.7843     0.1538     1.3094     0.152    13156.0157  386.515    215165.0   26816.09   -3053.0   -2972.063    80.806      0.0    
   3000     11878.42    0.9843     0.2422     0.7854     0.1542     1.2545     0.0877   13907.6393  417.4399  215173.52   26987.09   -3055.0   -2973.554    81.464      0.0    
   3100     12242.65    0.9838     0.242      0.7849     0.154      1.2929     0.1123   14679.4981  414.3721  215350.71   27164.5    -3055.0   -2972.535    82.227      0.0    
   3200     12604.99    0.9823     0.2412     0.7849     0.154      1.216      0.1094   15470.2555  434.0719  215503.53   27344.42   -3059.0   -2976.055    82.825      0.0    
   3300     12966.64    0.9823     0.2412     0.7874     0.155      1.2191     0.0891   16244.3748  462.9323  215626.38   27323.56   -3061.0   -2977.535    83.429      0.0    
   3400     13331.8     0.9832     0.2417     0.7884     0.1554     1.1929     0.0808   17044.3275  444.1747  215268.02   27509.39   -3062.0   -2978.048    83.924      0.0    
   3500     13692.33    0.9834     0.2418     0.7879     0.1552     1.2037     0.0851   17865.781   459.2594  215178.27   27646.9    -3063.0   -2978.433    84.569      0.0    
   3600     14053.52    0.9831     0.2416     0.7899     0.156      1.152      0.0912   18680.7885  491.3972  215318.75   27844.56   -3064.0    -2979.57    84.875      0.0    
   3700     14413.61    0.9831     0.2416     0.792      0.1568     1.152      0.1365   19513.8132  477.8309  215721.35   27989.72   -3067.0   -2981.445    85.499      0.0    
   3800     14772.18    0.9826     0.2414     0.7935     0.1574     1.1402     0.1041   20322.5475  491.6296  215592.52   28017.65   -3069.0   -2982.759    85.961      0.0    
   3900     15131.67    0.9827     0.2414     0.794      0.1576     1.1482     0.0894   21171.9374  549.7485  215898.59   28107.36   -3070.0   -2983.666    86.269      0.0    
   4000     15490.03    0.9827     0.2414     0.795      0.158      1.1542     0.1138   21963.9544  505.8602  216221.89   28214.89   -3072.0    -2984.85    86.728      0.0    
   4100     15847.47    0.9822     0.2412     0.796      0.1584     1.0895     0.0827   22875.9243  553.3635  216494.08   28520.5    -3072.0   -2985.232    87.079      0.0    
   4200     16205.82    0.9819     0.241      0.797      0.1588     1.0931     0.0979   23747.2518  548.7212  216410.28   28405.5    -3075.0   -2986.973    87.737      0.0    
   4300     16564.39    0.9809     0.2406     0.798      0.1592     1.0627     0.1171   24640.8598  537.8333   216364.3   28681.64   -3076.0   -2988.161    88.093      0.0    
   4400     16923.71    0.9809     0.2406     0.801      0.1604     1.0613     0.1214   25549.7896  538.269   216545.46   28689.9    -3079.0   -2990.373    88.338      0.0    
   4500     17281.72    0.9805     0.2404     0.802      0.1608     1.0659     0.0987   26481.1148  589.6583  216200.66   28836.82   -3081.0   -2991.764    88.828      0.0    
   4600     17638.6     0.9804     0.2403     0.804      0.1616     1.0937     0.1222   27372.7803  580.4468  216393.11   28970.32   -3083.0   -2993.566    89.09       0.0    
   4700     17996.35     0.98      0.2401     0.805      0.162      1.047      0.1734   28324.0699  624.1077  216127.21   29120.56   -3084.0   -2994.748    89.249      0.0    
   4800     18351.97    0.9792     0.2397     0.8055     0.1622     1.0307     0.1126   29242.8623  587.1738  216049.13   29133.71   -3085.0   -2995.126    89.558      0.0    
   4900     18707.79    0.979      0.2396     0.8065     0.1626     1.0121     0.124    30185.1582  610.6532  216132.58   29317.14   -3087.0   -2996.662    89.852      0.0    
   5000     19063.69    0.978      0.2391     0.8085     0.1634     0.991      0.1299   31085.9692  650.2845  215741.06   29357.66   -3088.0   -2997.797    90.266      0.0    
   5100     19418.36    0.9776     0.2389     0.8089     0.1636     0.991      0.1609   32043.7959  656.5114  215941.91   29479.1    -3089.0   -2998.514    90.584      0.0    
   5200     19773.12    0.9776     0.2389     0.8089     0.1636     0.9796     0.1892   33008.6216  697.013   215750.67   29458.46   -3090.0   -2999.075    90.931      0.0    
   5300     20127.14    0.9775     0.2389     0.8089     0.1636     1.011      0.1624   33971.3419  661.166   215586.92   29526.09   -3091.0   -2999.365     91.3       0.0    
   5400     20481.03    0.978      0.2391     0.8089     0.1636     1.008      0.1965   34943.4998  703.6549  215415.33   29553.02   -3092.0   -2999.821    91.701      0.0    
   5500     20835.0     0.9777     0.239      0.8094     0.1638     0.9873     0.1344   35873.991   752.882   215615.72   29593.74   -3093.0   -3000.558    92.18       0.0    
   5600     21189.6     0.9772     0.2387     0.8119     0.1648     0.9841     0.1578   36837.522   770.3031  215878.62   29698.56   -3094.0   -3001.629    92.515      0.0    
   5700     21544.5     0.9764     0.2384     0.8134     0.1654     0.9269     0.1119   37805.0934  714.3666  215786.84   29634.76   -3095.0   -3002.536    92.69       0.0    
   5800     21898.71    0.9764     0.2384     0.8129     0.1652     0.907      0.2784   38819.3372  732.8022  215763.63   29702.36   -3096.0    -3003.07    92.885      0.0    
   5900     22252.64    0.976      0.2381     0.8154     0.1662     0.896      0.1764   39779.9382  718.3065  215816.16   29810.9    -3097.0   -3003.723    93.221      0.0    
   6000     22606.91    0.9762     0.2382     0.8154     0.1662     0.8919     0.1194   40795.6157  766.3484  215654.18   29885.84   -3098.0   -3004.654    93.326      0.0    
   6100     22960.92    0.9758     0.238      0.8158     0.1664     0.8896     0.2144   41799.1917  745.3461  215790.46   30065.27   -3099.0   -3005.776    93.473      0.0    
   6200     23315.2     0.9759     0.2381     0.8168     0.1668     0.8973     0.0982   42774.6329  789.2057  215848.19   30173.25   -3100.0    -3006.54    93.558      0.0    
   6300     23668.23    0.9756     0.238      0.8178     0.1672     0.8842     0.104    43840.393   806.8149  215745.63   30113.53   -3102.0   -3007.382    94.135      0.0    
   6400     24021.72    0.9755     0.2379     0.8178     0.1672     0.8564     0.1077   44876.7282  819.5095  215967.09   30119.27   -3103.0   -3008.625    94.483      0.0    
   6500     24375.32    0.9755     0.2379     0.8178     0.1672     0.875      0.111    45905.5949  805.4053  215612.15   30289.03   -3103.0   -3008.713    94.703      0.0    
   6600     24728.37    0.9756     0.238      0.8193     0.1678     0.8697     0.2517   46837.3006  890.8373   215645.9   30359.45   -3104.0   -3009.019    94.934      0.0    
   6700     25081.1     0.9752     0.2378     0.8207     0.1684     0.8696     0.1455   47817.0663  851.367   215637.56   30334.05   -3105.0   -3009.989    94.994      0.0    
   6800     25432.72    0.9752     0.2378     0.8198     0.168      0.847      0.2455   48893.4919  927.603   215964.01   30239.51   -3106.0   -3010.281    95.223      0.0    
   6900     25785.44    0.9756     0.238      0.8202     0.1682     0.8573     0.1611   49928.9233  849.4588  216259.26   30442.73   -3107.0   -3011.237    95.546      0.0    
   7000     26137.0     0.9751     0.2377     0.8232     0.1694     0.8794     0.0812   51007.3417  863.719   216387.65   30479.71   -3107.0   -3011.771    95.68       0.0    
   7100     26489.33    0.9755     0.2379     0.8232     0.1694     0.8638     0.0711   52040.2898  831.1135   216350.1   30545.85   -3108.0   -3012.377    95.825      0.0    
   7200     26841.1     0.9757     0.238      0.8232     0.1694     0.8409     0.0932   53160.0401  837.4847  216494.08   30618.24   -3109.0   -3013.046    95.995      0.0    
   7300     27193.2     0.9759     0.2381     0.8241     0.1698     0.828      0.0682   54239.7427  928.9617  216537.88   30590.54   -3111.0   -3014.149    96.464      0.0    
   7400     27544.82    0.976      0.2382     0.8251     0.1702     0.8278     0.1088   55216.3415  884.8261  216549.67   30666.19   -3111.0   -3014.796    96.512      0.0    
   7500     27896.86    0.9763     0.2383     0.8261     0.1706     0.8182     0.1913   56270.1098  893.5573   216694.3   30804.28   -3112.0   -3015.907    96.567      0.0    
   7600     28248.54    0.9764     0.2383     0.8275     0.1712     0.7889     0.0955   57451.1202  984.8635  216832.78   30818.45   -3113.0   -3016.732    96.628      0.0    
   7700     28599.61    0.9768     0.2385     0.828      0.1714     0.7953     0.1281   58544.7161 1034.9858  217139.62   30891.14   -3114.0   -3017.605    96.818      0.0    
   7800     28952.8     0.9768     0.2385     0.828      0.1714     0.7847     0.1198   59629.9088  829.1136   217111.3   31127.93   -3115.0   -3017.842    97.037      0.0    
   7900     29304.52    0.9773     0.2388     0.8285     0.1716     0.7751     0.1945   60739.232   897.7886  217123.78   31130.56   -3115.0   -3018.312    97.163      0.0    
   8000     29656.49    0.9771     0.2387     0.8295     0.172      0.7695     0.2183   61852.1675  904.124   217129.94   31234.27   -3116.0   -3019.153    97.269      0.0    
   8100     30007.77    0.9777     0.239      0.8295     0.172      0.7877     0.1158   62906.5616  948.7008  217297.23   31201.33   -3118.0   -3019.997    97.587      0.0    
   8200     30359.5     0.9777     0.239      0.8309     0.1726     0.7668     0.1046   63950.7765  957.9335  217237.69   31304.81   -3118.0   -3020.562    97.856      0.0    
   8300     30710.93    0.9781     0.2392     0.8304     0.1724     0.7986      0.15    65070.7172  1003.971  217287.34   31279.99   -3119.0    -3020.92    97.999      0.0    
   8400     31069.46    0.9778     0.239      0.8304     0.1724     0.7472     0.0922   66145.1727  981.8596  217523.49   31283.25   -3120.0   -3021.413    98.168      0.0    
   8500     31431.86    0.9781     0.2392     0.8314     0.1728     0.7569     0.153    67152.2424  980.9721  217596.47   31386.17   -3120.0   -3021.785    98.311      0.0    
   8600     31790.66    0.9782     0.2392     0.8309     0.1726     0.7505     0.2513   68317.7651 1096.3886   217688.1   31488.59   -3121.0   -3022.091    98.75       0.0    
   8700     32146.45    0.9783     0.2393     0.8309     0.1726     0.7366     0.1328   69376.2141 1040.2461  217254.57   31591.38   -3121.0   -3022.122    99.135      0.0    
   8800     32508.11    0.9778     0.239      0.8323     0.1732     0.7365     0.0965   70520.9944  923.3356  217357.43   31526.22   -3122.0   -3022.756    99.171      0.0    
   8900     32869.95    0.9777     0.239      0.8328     0.1734     0.7266     0.1828   71609.1811  1015.385  217383.06   31527.49   -3122.0   -3023.211    99.231      0.0    
   9000     33227.75    0.9776     0.2389     0.8338     0.1738     0.7282     0.1067   72707.7406 1214.8954   217475.9   31499.84   -3124.0   -3024.209    99.402      0.0    
   9100     33588.17    0.9775     0.2389     0.8338     0.1738     0.7452     0.1269   73751.8263  954.548   217612.28   31569.58   -3124.0   -3024.671    99.434      0.0    
   9200     33949.04    0.9772     0.2387     0.8338     0.1738     0.7237     0.124    75026.8574  933.3546  217341.62   31534.28   -3124.0   -3024.237    99.669      0.0    
   9300     34313.83    0.9773     0.2388     0.8338     0.1738     0.7193     0.1023   76212.0239 1112.4916  217414.38   31572.31   -3125.0   -3024.828   100.068      0.0    
   9400     34675.9     0.9769     0.2386     0.8347     0.1742     0.719      0.1039   77329.1581  893.6855  217444.76   31709.98   -3126.0   -3025.421    100.11      0.0    
   9500     35037.09    0.9772     0.2387     0.8343     0.174      0.7173     0.0772   78671.8916 1204.5056  217654.86   31776.4    -3126.0   -3026.195   100.248      0.0    
   9600     35396.82    0.977      0.2386     0.8347     0.1742     0.7176     0.1049   79805.9835  944.5006  217752.35   31748.68   -3128.0   -3026.981   100.551      0.0    
   9700     35756.32    0.9771     0.2387     0.8357     0.1746     0.7078     0.2332   81004.5959 1160.8018  217270.02   31786.6    -3128.0   -3027.232   100.879      0.0    
   9800     36117.15    0.9775     0.2389     0.8367     0.175      0.7042     0.1841   82100.5925  1099.419  217227.81   31760.46   -3129.0   -3028.467   100.917      0.0    
   9900     36476.42    0.9778     0.239      0.8386     0.1758     0.7115     0.1065   83262.9962 1218.8892  217565.49   31765.24   -3130.0   -3029.411   100.956      0.0    
  10000     36834.88    0.9778     0.239       0.84      0.1764     0.6919     0.1217   84483.7725  974.2686  217533.51   31837.13   -3131.0   -3030.032   101.095      0.0    
  10100     37198.05    0.9775     0.2389     0.8395     0.1762     0.6948     0.4297   85593.8006 1242.9033  217603.11   31974.55   -3132.0   -3029.949   101.736      0.0    
  10200     37561.85    0.9778     0.239      0.8386     0.1758     0.6806     0.1089   86748.3054 1222.0089  217634.64   32013.73   -3132.0   -3029.819   101.979      0.0    
  10300     37921.3     0.9776     0.2389     0.8395     0.1762     0.6893     0.1681   87890.8561 1356.5161   217742.4   32045.89   -3132.0   -3030.263   102.023      0.0    
  10400     38278.83    0.9775     0.2389     0.8395     0.1762     0.688      0.1049   88955.5379 1080.3953  217675.56   32149.58   -3132.0   -3030.215   102.042      0.0    
  10500     38636.07    0.9773     0.2388     0.8395     0.1762     0.6729     0.1474   90204.5338 1064.1291  217801.52   32183.88   -3133.0    -3030.64   102.079      0.0    
  10600     38994.76    0.9768     0.2385     0.8405     0.1766     0.683      0.1424   91390.5229 1172.3469  217529.44   32284.15   -3133.0   -3030.413   102.179      0.0    
  10700     39351.83    0.977      0.2386     0.841      0.1768     0.6844     0.0772   92618.2057 1044.6061  217496.94   32283.17   -3133.0   -3030.827   102.322      0.0    
  10800     39707.33    0.9767     0.2385      0.84      0.1764     0.6868     0.0911   93897.0523 1117.0153  217544.26   32219.87   -3133.0   -3030.988   102.331      0.0    
  10900     40063.66    0.9765     0.2384     0.8405     0.1766     0.6829     0.1663   95103.1794 1139.2701  217346.69   32221.39   -3134.0    -3031.96    102.38      0.0    
  11000     40419.08    0.9766     0.2384     0.8429     0.1776     0.6793     0.4214   96339.0891 1091.7764  217343.32   32261.69   -3136.0   -3032.951    102.63      0.0    
  11100     40790.67    0.9762     0.2382     0.8429     0.1776     0.6645     0.1996   97648.5653 1103.9403  217366.21   32369.85   -3136.0   -3033.693    102.64      0.0    
  11200     41161.82    0.976      0.2382     0.8433     0.1778     0.671      0.1484   98951.9993 1091.5983  217223.41   32406.81   -3137.0   -3034.295   102.905      0.0    
  11300     41526.18    0.9757     0.238      0.8438     0.178      0.6697     0.1806   100163.0069 1131.3743  217154.17   32443.83   -3138.0   -3034.506   103.063      0.0    
  11400     41891.25    0.9755     0.2379     0.8438     0.178      0.6503     0.0751   101312.9037 1116.0786   217183.7   32585.98   -3138.0   -3034.579   103.153      0.0    
  11500     42252.66    0.9756     0.238      0.8438     0.178      0.656      0.0889   102527.4541 1445.5468  217139.33   32620.74   -3138.0   -3034.743   103.213      0.0    
  11600     42617.12    0.9757     0.238      0.8443     0.1782     0.6413     0.1756   103685.7966  964.0956  217157.81   32655.79   -3138.0   -3035.071   103.281      0.0    
  11700     42978.39    0.9757     0.238      0.8447     0.1784     0.6466     0.0648   104796.5507 1299.9625  217017.32   32623.42   -3139.0    -3035.25   103.508      0.0    
  11800     43333.0     0.9756     0.238      0.8447     0.1784     0.6496     0.1144   105961.1971 1195.5505  217045.32   32659.76   -3139.0   -3035.605   103.594      0.0    
  11900     43685.53    0.976      0.2381     0.8447     0.1784     0.6364     0.129    107075.1938 1238.7867  217115.09   32694.8    -3139.0   -3035.419    103.63      0.0    
  12000     44037.6     0.9752     0.2378     0.8443     0.1782     0.6463     0.1705   108388.0041 1276.0373  216891.87   32726.93   -3139.0   -3035.555   103.641      0.0    
  12100     44391.63    0.9756     0.238      0.8447     0.1784     0.6469     0.0792   109626.4998 1543.8744  217049.35   32758.12   -3139.0   -3035.488    103.67      0.0    
  12200     44743.41    0.9763     0.2383     0.8447     0.1784     0.6197     0.3837   110889.4482 1327.4563  217059.47   32759.24   -3139.0   -3035.492   103.826      0.0    
  12300     45095.81    0.9761     0.2382     0.8443     0.1782     0.6367     0.238    112160.5549 1360.6937  217251.17   32694.43   -3140.0   -3035.494   104.084      0.0    
  12400     45446.76    0.976      0.2381     0.8447     0.1784     0.6282     0.0855   113448.1365 1107.1815  217050.27   32794.06   -3140.0   -3035.834   104.096      0.0    
  12500     45794.51    0.9759     0.2381     0.8447     0.1784     0.6373     0.1259   114800.3724 1213.4868  217012.85   32794.0    -3140.0   -3036.065   104.109      0.0    
  12600     46144.72    0.9753     0.2378     0.8457     0.1788     0.6237     0.1431   115799.2078 1314.9149  217041.12   32795.16   -3140.0   -3036.181   104.121      0.0    
  12700     46493.82    0.9753     0.2378     0.8452     0.1786     0.6218      0.08    117146.75  1233.4354  217037.05   32765.72   -3141.0   -3036.567   104.141      0.0    
  12800     46842.2     0.975      0.2376     0.8452     0.1786     0.6277     0.0909   118339.6557 1310.7186  216930.01   32767.38   -3141.0   -3036.907   104.154      0.0    
  12900     47192.68    0.9755     0.2379     0.8471     0.1794     0.6035     0.0751   119789.7947 1276.5441  217131.75   32736.86   -3142.0   -3037.366   104.529      0.0    
  13000     47540.75    0.9753     0.2378     0.8471     0.1794     0.5968     0.0759   121009.1766 1165.0559  216963.58   32774.77   -3142.0   -3037.901   104.539      0.0    
  13100     47890.74    0.9752     0.2378     0.8485      0.18      0.5979     0.0733   122328.6348 1576.5612  217054.49   32875.7    -3143.0   -3037.978   104.671      0.0    
  13200     48240.5     0.9751     0.2377     0.8481     0.1798     0.5848     0.0462   123535.233 1064.1005  217081.99   32809.89   -3143.0   -3038.307   104.686      0.0    
  13300     48591.54    0.9749     0.2376     0.8481     0.1798     0.5852     0.224    124977.2751 1470.1309  217016.13   32876.62   -3143.0   -3038.324   104.734      0.0    
  13400     48940.92    0.975      0.2377     0.8485      0.18      0.5886     0.1863   126238.5283 1372.0575  216984.43   32879.11   -3144.0   -3038.854   104.815      0.0    
  13500     49290.29    0.975      0.2376     0.8481     0.1798     0.5895     0.0947   127644.1028  1376.969  216849.24   32947.41   -3143.0    -3038.64   104.852      0.0    
  13600     49640.81    0.9751     0.2377     0.8481     0.1798     0.5898     0.1141   128933.4843 1169.2408  216916.05   32884.54   -3144.0   -3038.847   105.119      0.0    
  13700     49991.76    0.9748     0.2376     0.8481     0.1798     0.6082     0.0849   130226.7284 1442.0005  216791.77   32919.93   -3144.0    -3039.18   105.227      0.0    
  13800     50344.67    0.9748     0.2376     0.8485      0.18      0.5844     0.3175   131571.0712 1455.1996  216847.74   33021.55   -3145.0   -3039.501    105.24      0.0    
  13900     50693.57    0.9745     0.2374     0.8485      0.18      0.5818     0.1186   132961.9332 1418.6913  216668.65   32959.51   -3145.0   -3039.717   105.247      0.0    
  14000     51043.47    0.9745     0.2374     0.8495     0.1804     0.5854     0.2583   134110.9526 1369.4716  216686.34   32960.12   -3146.0   -3040.646   105.301      0.0    
  14100     51390.87    0.9744     0.2374     0.8499     0.1806     0.5822     0.1144   135413.7909 1297.9324  216479.61   32967.01   -3147.0   -3041.185   105.563      0.0    
  14200     51737.99    0.9743     0.2373     0.8509     0.181      0.5833     0.1183   136755.97  1230.0077  216579.78   32970.47   -3148.0   -3041.938   105.574      0.0    
  14300     52085.17    0.9741     0.2372     0.8523     0.1816     0.5905     0.138    138150.8145  1172.976  216509.49   33072.53   -3148.0   -3042.634   105.578      0.0    
  14400     52432.1     0.9743     0.2373     0.8523     0.1816     0.5789     0.1244   139570.714 1358.2294  216682.27   33078.3    -3149.0   -3042.996   105.583      0.0    
  14500     52778.43    0.974      0.2372     0.8523     0.1816     0.5917     0.1201   140901.486 1508.8208  216617.14   33112.96   -3149.0   -3042.927   105.589      0.0    
  14600     53124.78    0.9741     0.2372     0.8523     0.1816     0.5919     0.1489   142268.4156 1437.2837   216616.6   33215.24   -3149.0    -3043.17   105.595      0.0    
  14700     53470.86    0.9746     0.2374     0.8528     0.1818     0.6106     0.1485   143483.294 1672.1886  216791.54   33248.38   -3149.0    -3043.73   105.726      0.0    
  14800     53817.68    0.9744     0.2374     0.8528     0.1818     0.6181     0.2553   144658.2982 1090.6403  216766.16   33351.22   -3149.0   -3043.493   105.732      0.0    
  14900     54164.07    0.9744     0.2374     0.8532     0.182      0.6053     0.1172   146061.4618 1328.2677  216795.17   33287.07   -3149.0   -3043.659   105.738      0.0    
  15000     54510.59    0.9745     0.2374     0.8528     0.1818     0.5867     0.3488   147531.2491 1596.2033  216796.53   33353.42   -3149.0   -3043.361   105.809      0.0    
  15100     54858.15    0.9741     0.2372     0.8528     0.1818     0.5681     0.2308   148745.0083 1499.9521  216733.68   33384.92   -3150.0   -3043.883   105.954      0.0    
  15200     55203.69    0.9741     0.2372     0.8528     0.1818     0.5623     0.1831   150040.628 1251.2397   216699.7   33353.65   -3150.0   -3044.166   106.003      0.0    
  15300     55549.9     0.9741     0.2372     0.8532     0.182      0.5611     0.2209   151204.4391 1074.6556  216831.39   33318.83   -3150.0   -3044.054   106.159      0.0    
  15400     55900.31    0.974      0.2372     0.8528     0.1818     0.5674     0.3171   152647.2846 1671.0218  216894.75   33321.56   -3150.0    -3044.13   106.369      0.0    
  15500     56253.51    0.9741     0.2372     0.8537     0.1822     0.5559     0.0484   154021.22  1380.2486  216921.38   33289.77   -3152.0   -3045.072   106.521      0.0    
  15600     56609.39    0.9743     0.2373     0.8537     0.1822     0.5451     0.1453   155200.2908 1374.0313  216686.93   33323.75   -3152.0   -3044.986   106.528      0.0    
  15700     56965.19    0.9737     0.237      0.8542     0.1824     0.555      0.1923   156549.8473  918.1035  216613.82   33395.3    -3152.0   -3045.193   106.543      0.0    
  15800     57321.7     0.9738     0.2371     0.8546     0.1826     0.565      0.3055   158201.8745 1621.3967  216840.91   33429.21   -3152.0   -3045.079   106.551      0.0    
  15900     57677.58    0.9735     0.2369     0.8542     0.1824     0.5737     0.0807   159280.8066 1077.6009   216662.6   33426.82   -3152.0    -3045.47   106.564      0.0    
  16000     58030.94    0.9734     0.2369     0.8542     0.1824     0.5515     0.7982   160715.9545  1462.147  216602.82   33395.36   -3152.0   -3045.694   106.571      0.0    
[-58.60324716  61.93113724  61.07384509  61.67083785  59.02844579
  61.82010503  60.98342186  61.16847017  60.67260952  61.09963598
  61.52965342  59.75004962  60.90041402 -43.35408732  60.3198996
  59.03963204  59.81645978 -54.63773236 -48.37934348  62.22793931]
[ 59.9052642   52.14900518  53.40299812 -58.21423482  53.32464422
  55.66648353 -58.9437982  -47.0750859  -55.02974618  19.15221438
  56.81212046 -55.10702389 -51.84623893  59.01693546  61.36483922
  54.40241168  43.59355521  58.66979148 -59.58227785 -58.08534675]
[ 63.36484821  62.52479266  49.62096062  60.65014833  60.77836781
  60.54752598  61.41287462  62.02006619  62.29889565  60.99146869
  61.43009864  62.2333677   60.44265882  61.74542495  62.74483469
  58.84391877  61.50186629 -52.13067822  59.43639222  60.08962856]
