Generating synthetic count valued data ... 
Generating synthetic  count valued data took:  3.9688589572906494
max_count =  28  min count =  0
Evaluation for true params: 
 test_rsme | train_rsme | rel-te-err | rel-tr-err |  test_nll  |  train_nll |
0.7962726811 0.7692716269 0.508683978  0.4957517579   12262.26     48528.35  
Factorizing with max_iteration = 16000  fixing covariance?:  False
Tensor dimensions:  [100, 100]
Optimization metrics: 
Using Ada Grad
Mean update scheme:  S
Covariance update :  N
Using diagonal covariance?:  True
k1 samples =  64  k2 samples =  64
eta =  1  cov eta =  0.1  sigma eta =  1
iteration |   time   |test_rsme |rel-te-err|train_rsme|rel-tr-err|  d_mean  |   d_cov  | test_nll | train_nll  
    50       23.18      6.668      4.5921     6.5117     4.4837     0.3162     0.2867    5900.83    23251.64  
   100       63.11      6.6616     4.5715     6.531      4.4849     0.3162     0.2884    5966.11    23437.88  
   200       125.8      6.644      4.5417     6.5176     4.4445     0.3072     0.2132    5958.02    23433.55  
   500       278.75     6.2015     4.0381     6.0489     3.9189     0.273      0.1231    5280.08    20811.38  
   1000      522.11     4.8643     3.0283     4.6885     2.8992     0.1954     0.0708    4026.04    15982.76  
   1500      766.31     4.1438     2.7098     4.0462     2.6333     0.1479     0.0471    3692.93    14693.23  
   2000     1010.84     4.7715     3.1828     4.7039     3.1226     0.1169     0.0337    3891.08    15491.82  
   2500     1256.56     5.9474     4.0694     5.9012     4.0313     0.0959     0.0275    4286.91    17133.98  
   3000      1501.7     7.1556     5.0435     7.1122     4.9963     0.0807     0.0233    4730.81    18892.68  
   3500     1747.81     8.1735     5.8528     8.1505     5.8223     0.0704     0.0201    5168.23    20748.48  
   4000     1993.71     9.0841     6.547      9.0135     6.4805     0.0613     0.0176    5545.28    22295.34  
   4500     2238.12     9.7555     7.0583     9.7303     7.0187     0.0564     0.0157    5901.97    23673.82  
   5000     2481.81    10.3094     7.4776    10.2933     7.4421     0.0648     0.0141    6182.27    24798.42  
   5500      2727.3    10.7672     7.828     10.7182     7.7562     0.0498     0.0127    6383.73    25628.29  
   6000     2973.74    11.1012     8.0638    11.0196     7.9718     0.0574     0.0116    6529.87    26330.03  
   6500     3216.67    11.3416     8.2455    11.2821     8.1555     0.0478     0.0105    6689.94    26837.97  
   7000     3462.39    11.4756     8.3378    11.4248     8.2587     0.0347     0.0098     6778.5    27176.93  
   7500     3707.04    11.5881     8.4032    11.5179     8.3156     0.0394     0.0091    6821.66    27336.18  
   8000     3951.19     11.601     8.4124    11.5652     8.3437     0.0534     0.0084    6863.88    27495.27  
   8500     4196.48    11.6501     8.4365    11.5672     8.332      0.0354     0.0079    6875.48    27431.34  
   9000     4441.17    11.6077      8.4      11.5434     8.3083     0.0534     0.0074    6825.98    27418.95  
   9500     4685.69    11.5283     8.3374     11.475     8.2481     0.0446     0.0069    6817.31    27214.43  
  10000     4931.42    11.4286     8.2526    11.3688     8.165      0.0614     0.0065    6759.23    27065.94  
  10500     5176.92    11.3337     8.1771    11.2796     8.0963     0.0479     0.0062    6717.12    26774.26  
  11000     5421.44    11.2303     8.1031    11.1461     7.9906     0.0413     0.0058    6628.81    26597.3   
  11500     5665.44    11.0931     7.9977    11.0161     7.8917     0.0371     0.0055    6535.89    26229.72  
  12000     5909.95    10.9116     7.8603     10.867     7.7726     0.0591     0.0053     6472.2    25935.86  
  12500     6153.53    10.7764     7.752     10.7298     7.6681     0.0657     0.005      6394.0    25610.96  
  13000     6394.29    10.6426     7.6535    10.5582     7.5472     0.0395     0.0048    6328.89    25330.96  
  13500     6634.87    10.4557     7.5123    10.3971     7.4221     0.0395     0.0046    6234.22    24930.21  
  14000     6875.41    10.2876     7.3898    10.2507     7.3127     0.0319     0.0044    6153.02    24618.89  
  14500     7115.92    10.1008     7.2459    10.0516     7.1672     0.0329     0.0043    6074.17    24323.7   
  15000     7356.41     9.9588     7.1395     9.8943     7.0524     0.0337     0.0045    5978.23    23952.34  
  15500     7596.89     9.8028     7.0249     9.7326     6.9374     0.0272     0.0046    5892.77    23610.16  
  16000     7840.31     9.6251     6.899      9.5805     6.8223     0.0314     0.0046    5826.56    23271.7   
