Generating synthetic real valued data ... 
Generating synthetic  real valued data took:  16.429810523986816
Evaluation for true params: 
 test_rsme | train_rsme | rel-te-err | rel-tr-err |  test_nll  |  train_nll |
602.0920404727 601.2073392596 0.0489757024 0.0488317056  287424.78    1149895.59 
Using  0.05 of training data
Factorizing with max_iteration = 8000  fixing covariance?:  False
Tensor dimensions:  [50, 50, 50]
Optimization metrics: 
Using Ada Grad
Mean update scheme:  S
Covariance update :  N
Using diagonal covariance?:  False
k1 samples =  64  k2 samples =  64
eta =  1  cov eta =  0.001  sigma eta =  1
iteration |   time   |test_rsme |rel-te-err|train_rsme|rel-tr-err|  d_mean  |   d_cov  | test_nll | train_nll  
    50       65.67    9913.1128    0.9897   9925.3551    0.9897     3.1623     1.8511   287823.14   57564.63  
   100       210.11   9741.1503    0.9721   9753.3689    0.9721     3.0692     0.6005   287823.14   57564.63  
   200       429.91   9045.7906    0.9011   9057.9637    0.9012     2.8058     0.2919   287823.14   57564.63  
   500       927.12   4345.0158    0.4182   4357.0865    0.4189     1.896      0.0917   287823.14   57564.63  
   1000     1713.37    728.2199    0.0586    718.8235    0.0578     0.3559     0.0224   281852.98   56244.6   
   1500      2493.4    659.3768    0.0537    642.9264    0.0524     0.0958     0.0095   281703.34   56437.49  
   2000     3266.05    656.0746    0.0534    638.2877    0.0519     0.0309     0.0055   282320.83   56462.81  
   2500     4036.81    656.0835    0.0534    637.9133    0.0519     0.0105     0.0037   282632.15   56542.39  
   3000     4810.78    656.1592    0.0534    637.8777    0.0519     0.0035     0.0027   282803.81   56556.59  
   3500     5591.74    656.1869    0.0534    637.874     0.0519     0.0012     0.0021   282914.22   56606.18  
   4000     6363.53    656.1959    0.0534    637.8736    0.0519     0.0005     0.0017   283069.66   56570.13  
   4500     7140.24    656.1979    0.0534    637.8735    0.0519     0.0004     0.0014    283016.1   56614.14  
   5000     7928.54    656.1997    0.0534    637.8735    0.0519     0.0004     0.0012    283170.8   56657.37  
   5500      8700.7    656.1989    0.0534    637.8735    0.0519     0.0004     0.001    283187.46   56627.83  
   6000     9475.78    656.1994    0.0534    637.8735    0.0519     0.0005     0.0009   283311.99   56645.45  
   6500     10251.78   656.1993    0.0534    637.8735    0.0519     0.0004     0.0008   283353.47   56676.51  
   7000     11018.43   656.1997    0.0534    637.8735    0.0519     0.0004     0.0007   283330.95   56692.66  
   7500     11788.82   656.2001    0.0534    637.8735    0.0519     0.0004     0.0006   283447.16   56708.24  
   8000     12549.97   656.1979    0.0534    637.8735    0.0519     0.0004     0.0006   283456.34   56673.13  
[7.95878586 7.9603993  7.95816137 7.95774691 7.95399939 7.95362103
 7.95877752 7.95390232 7.9579591  7.95629726 7.95492809 7.9572401
 7.95325871 7.95364321 7.95757084 7.95784205 7.95641314 7.95878127
 7.95558174 7.95723313]
[7.95234541 7.95371312 7.95164228 7.95588225 7.95293702 7.95608914
 7.9577029  7.95218296 7.950013   7.95344238 7.95667221 7.95213048
 7.9569297  7.95387552 7.95333272 7.95596026 7.95242143 7.9553869
 7.95035637 7.94970985]
[8.03074552 8.02636487 8.02636358 8.03114535 8.03465403 8.02638324
 8.02881909 8.02823885 8.0226433  8.02953976 8.03143985 8.02648103
 8.02605696 8.02598814 8.02959234 8.02513213 8.02658272 8.02651783
 8.03005471 8.02822181]
