Generating synthetic real valued data ... 
Generating synthetic  real valued data took:  15.93157696723938
Evaluation for true params: 
 test_rsme | train_rsme | rel-te-err | rel-tr-err |  test_nll  |  train_nll |
1204.1840809454 1202.4146785192 0.1004525332 0.0999811243  287434.61    1149937.97 
Using  0.05 of training data
Factorizing with max_iteration = 8000  fixing covariance?:  False
Tensor dimensions:  [50, 50, 50]
Optimization metrics: 
Using Ada Grad
Mean update scheme:  S
Covariance update :  N
Using diagonal covariance?:  False
k1 samples =  64  k2 samples =  64
eta =  1  cov eta =  0.001  sigma eta =  1
iteration |   time   |test_rsme |rel-te-err|train_rsme|rel-tr-err|  d_mean  |   d_cov  | test_nll | train_nll  
    50       65.26    9962.4865    0.9895    9989.393    0.9896     3.1623     1.8511   287823.14   57564.63  
   100       210.07   9791.4909    0.9718   9818.3537    0.9718     3.0692     0.6011   287823.14   57564.63  
   200       428.67   9100.4099    0.8999   9127.1534    0.9001     2.8062     0.2932   287823.14   57564.63  
   500       925.32    4462.745    0.411    4487.9124    0.4127     1.8979     0.092    287772.86   57564.63  
   1000     1711.31   1276.6944    0.1057   1256.0968    0.1039     0.3621     0.0224    284459.2   56871.83  
   1500     2489.25   1244.1782    0.104     1212.133    0.101      0.0985     0.0095   285110.46   56922.91  
   2000     3263.11   1243.9012    0.1039   1209.4806    0.1007     0.0321     0.0055   284788.15   57071.68  
   2500      4033.8   1244.3435    0.1039    1209.262    0.1006     0.0109     0.0037   285027.71   57063.03  
   3000     4807.93   1244.5142    0.1039    1209.241    0.1006     0.0037     0.0027   285136.39   57150.51  
   3500     5588.57   1244.5685    0.1039   1209.2387    0.1006     0.0014     0.0021   285203.74   57121.55  
   4000      6361.3   1244.5862    0.1039   1209.2384    0.1006     0.0007     0.0017   285307.33   57153.16  
   4500     7139.15   1244.5902    0.1039   1209.2384    0.1006     0.0007     0.0014   285308.96   57129.14  
   5000     7927.69   1244.5919    0.1039   1209.2384    0.1006     0.0008     0.0012   285334.13   57158.8   
   5500     8703.09   1244.5916    0.1039   1209.2384    0.1006     0.0007     0.001    285353.79   57168.58  
   6000      9480.7   1244.5928    0.1039   1209.2384    0.1006     0.0008     0.0009   285379.59   57139.76  
   6500     10258.59  1244.5924    0.1039   1209.2384    0.1006     0.0008     0.0008   285412.17   57178.26  
   7000     11027.25  1244.5925    0.1039   1209.2384    0.1006     0.0007     0.0007   285473.98   57205.88  
   7500     11800.51  1244.5934    0.1039   1209.2383    0.1006     0.0007     0.0006   285449.63   57217.36  
   8000     12561.89   1244.592    0.1039   1209.2383    0.1006     0.0007     0.0006   285473.75   57212.38  
[7.91366848 7.91242694 7.91055436 7.91798133 7.91005583 7.91106088
 7.90734267 7.9093419  7.91233808 7.90860659 7.91001944 7.91215902
 7.91097964 7.91111763 7.91540112 7.91494661 7.91228844 7.91385522
 7.91654559 7.91293564]
[7.97676451 7.9797077  7.97380519 7.97563938 7.97660462 7.97278865
 7.97329943 7.97029689 7.96908981 7.97002731 7.98140277 7.97057883
 7.97780235 7.97573093 7.98040886 7.97436936 7.97233787 7.97446796
 7.97349332 7.9720833 ]
[7.97759408 7.97984378 7.97783086 7.97776908 7.9800702  7.97835622
 7.97730232 7.97525852 7.97232636 7.97135741 7.97332641 7.97586623
 7.97492342 7.97201304 7.97830039 7.97575405 7.97558163 7.97804774
 7.97910786 7.97497727]
