Generating synthetic real valued data ... 
Generating synthetic  real valued data took:  22.669393301010132
Evaluation for true params: 
 test_rsme | train_rsme | rel-te-err | rel-tr-err |  test_nll  |  train_nll |
    0.0          0.0          0.0          0.0       287494.79    1149836.49 
Using  0.05 of training data
Factorizing with max_iteration = 8000  fixing covariance?:  False
Tensor dimensions:  [50, 50, 50]
Optimization metrics: 
Using Ada Grad
Mean update scheme:  S
Covariance update :  N
Using diagonal covariance?:  False
k1 samples =  64  k2 samples =  64
eta =  1  cov eta =  0.001  sigma eta =  1
iteration |   time   |test_rsme |rel-te-err|train_rsme|rel-tr-err|  d_mean  |   d_cov  | test_nll | train_nll  
    50       116.12   9900.1763    0.9897   9897.4717    0.9897     3.1623     1.8531   287823.14   57564.63  
   100       330.75   9727.8815    0.9722   9725.1663    0.9722     3.0686     0.6015   287823.14   57564.63  
   200       664.7    9031.0524    0.9015   9028.3297    0.9015     2.8062     0.2939   287823.14   57564.63  
   500      1486.97   4308.9987    0.4209   4306.7681    0.4207     1.8941     0.0929   287823.14   57564.63  
   1000     2790.62    403.9546    0.0313    401.181     0.0312     0.3497     0.0224   276686.04   55285.77  
   1500     4093.57    249.234     0.0199    245.2192    0.0198     0.093      0.0096   271879.27   54467.79  
   2000     5396.38    237.8736    0.0191    233.3583    0.0189     0.0298     0.0055   272236.11   54374.46  
   2500     6692.57    237.0759    0.019     232.395     0.0188      0.01      0.0037   273432.49   54585.26  
   3000     7990.13    237.027     0.019     232.3044    0.0188     0.0034     0.0027   273863.19   54691.63  
   3500     9287.79    237.0246    0.019     232.2948    0.0188     0.0012     0.0021   274382.58   54744.58  
   4000     10590.69   237.0246    0.019     232.2938    0.0188     0.0005     0.0017    274522.9   54829.15  
   4500     11895.75   237.0239    0.019     232.2937    0.0188     0.0002     0.0014   274674.02   54870.54  
   5000     13204.65   237.0237    0.019     232.2936    0.0188     0.0002     0.0012    275101.7   54907.04  
   5500     14512.06   237.0232    0.019     232.2936    0.0188     0.0002     0.001    275306.65   54856.11  
   6000     15817.47   237.0249    0.019     232.2936    0.0188     0.0002     0.0009   275339.52   54970.32  
   6500     17121.77   237.0241    0.019     232.2936    0.0188     0.0002     0.0008   275291.26   54948.38  
   7000     18427.78   237.0238    0.019     232.2936    0.0188     0.0002     0.0007   275569.65   55050.76  
   7500     19735.38   237.0242    0.019     232.2936    0.0188     0.0002     0.0007   275670.73   54982.38  
   8000     21044.03   237.0236    0.019     232.2936    0.0188     0.0002     0.0006   275645.01   55014.08  
[7.99734498 8.00187056 8.00011276 7.99872605 7.99771086 8.00126833
 7.99678947 7.99814807 7.99924656 7.99601348 8.0039833  7.99827249
 7.99407434 8.00193278 8.00123013 8.0009713  7.99667083 8.00303109
 8.00197779 8.00082574]
[7.93266374 7.93419016 7.93178877 7.93198574 7.93273267 7.93446945
 7.9336873  7.93335304 7.93024091 7.93602921 7.93224985 7.93474542
 7.93190618 7.93328941 7.93311238 7.93208992 7.93181205 7.93396509
 7.93107458 7.93402567]
[8.08478782 8.08144472 8.07951973 8.08301173 8.08021374 8.08589531
 8.08263151 8.08173271 8.08062131 8.08356205 8.07982137 8.08083015
 8.08086211 8.07972478 8.08510855 8.08073609 8.07867749 8.0809876
 8.08215236 8.08575573]
