Generating synthetic real valued data ... 
Generating synthetic  real valued data took:  19.884408712387085
Evaluation for true params: 
 test_rsme | train_rsme | rel-te-err | rel-tr-err |  test_nll  |  train_nll |
1204.1840809454 1202.4146785192 0.1004525332 0.0999811243  278816.48    1115671.18 
Using  0.05 of training data
Factorizing with max_iteration = 8000  fixing covariance?:  False
Tensor dimensions:  [50, 50, 50]
Optimization metrics: 
Using Ada Grad
Mean update scheme:  S
Covariance update :  N
Using diagonal covariance?:  False
k1 samples =  64  k2 samples =  64
eta =  1  cov eta =  0.001  sigma eta =  0.01
iteration |   time   |test_rsme |rel-te-err|train_rsme|rel-tr-err|  d_mean  |   d_cov  | test_nll | train_nll  |   dw   |
    50       678.77   9962.4861    0.9895   9989.3926    0.9896     3.1623     5.5689   287823.14   57564.63     0.0    
   100       1456.0   9791.4845    0.9718   9818.3475    0.9718     3.0692     3.0396   287823.14   57564.63     0.0    
   200       2906.5   9100.3916    0.8999    9127.135    0.9001     2.8061      0.0     287823.14   57564.63     0.0    
   500       7042.6   4462.6994    0.411    4487.8641    0.4127     1.8979      0.0     287794.17   57564.63     0.0    
   1000     13751.14  1276.6993    0.1057   1256.1004    0.1039     0.3622      0.0     286739.28   57354.06     0.0    
   1500     20364.48  1244.1776    0.104    1212.1327    0.101      0.0986      0.0     286962.85   57344.92     0.0    
   2000     27145.07   1243.901    0.1039   1209.4805    0.1007     0.0321      0.0     286761.91   57415.98     0.0    
   2500     33933.0   1244.3431    0.1039    1209.262    0.1006     0.0109      0.0      286936.1   57441.25     0.0    
   3000     40703.66  1244.5143    0.1039    1209.241    0.1006     0.0038      0.0     286843.14   57453.65     0.0    
   3500     47484.08  1244.5692    0.1039   1209.2387    0.1006     0.0013      0.0     286818.65   57453.45     0.0    
   4000     54261.94   1244.586    0.1039   1209.2385    0.1006     0.0005      0.0     286819.01   57454.35     0.0    
   4500     61018.61  1244.5912    0.1039   1209.2384    0.1006     0.0002      0.0     286811.58   57457.28     0.0    
[7.91146129 7.91216785 7.91293723 7.91261193 7.91074849 7.91306729
 7.9131251  7.91424425 7.91279009 7.91094616 7.91286462 7.9148973
 7.91093467 7.91163595 7.91207863 7.90982345 7.91312213 7.91129253
 7.91401898 7.91020084]
[7.9732794  7.9753562  7.97170106 7.97403092 7.97390462 7.97238778
 7.97371509 7.97334805 7.97461553 7.97556406 7.97681982 7.97323221
 7.9751995  7.9748118  7.97631772 7.97430546 7.97281323 7.97583771
 7.97594229 7.9760924 ]
[7.97573757 7.97661852 7.97729525 7.97574657 7.97585452 7.977568
 7.97737565 7.97581433 7.97518071 7.97726432 7.97640998 7.9758986
 7.97582384 7.97566867 7.97581399 7.97572832 7.97647749 7.9774311
 7.97540788 7.97559067]
