Generating synthetic real valued data ... 
Generating synthetic  real valued data took:  19.17641043663025
Evaluation for true params: 
 test_rsme | train_rsme | rel-te-err | rel-tr-err |  test_nll  |  train_nll |
301.0460202363 300.6036696298 0.0243347917 0.0242826379  287516.49    1149817.2  
Using  0.05 of training data
Factorizing with max_iteration = 8000  fixing covariance?:  False
Tensor dimensions:  [50, 50, 50]
Optimization metrics: 
Using Ada Grad
Mean update scheme:  S
Covariance update :  N
Using diagonal covariance?:  False
k1 samples =  64  k2 samples =  64
eta =  1  cov eta =  0.001  sigma eta =  1
iteration |   time   |test_rsme |rel-te-err|train_rsme|rel-tr-err|  d_mean  |   d_cov  | test_nll | train_nll  
    50       69.64    9902.0717    0.9897   9906.8659    0.9897     3.1623     1.8511   287823.14   57564.63  
   100       218.31   9729.8624    0.9722    9734.64     0.9722     3.0692     0.5995   287823.14   57564.63  
   200       441.03   9033.4257    0.9014   9038.1786    0.9015     2.8061     0.293    287823.14   57564.63  
   500       963.85   4316.5856    0.4201   4321.6097    0.4204     1.8951     0.0918   287823.14   57564.63  
   1000     1782.05    505.1291     0.04     500.6541    0.0396     0.3527     0.0224   279215.58   55733.17  
   1500     2601.01    394.8071    0.0319    385.8825    0.0312     0.0944     0.0095   278284.38   55423.77  
   2000     3420.61    388.1139    0.0314    378.3169    0.0305     0.0304     0.0055   278459.07   55641.66  
   2500     4228.33    387.7656    0.0313    377.708     0.0305     0.0101     0.0037   279012.19   55680.67  
   3000     5036.48    387.7813    0.0314    377.6504    0.0305     0.0035     0.0027   279171.79   55691.82  
   3500     5851.46    387.7958    0.0314    377.6444    0.0305     0.0012     0.0021   279307.37   55811.7   
   4000     6667.51    387.802     0.0314    377.6437    0.0305     0.0005     0.0017   279617.84   55879.45  
   4500     7476.39    387.8016    0.0314    377.6436    0.0305     0.0002     0.0014   279752.23   55924.52  
   5000     8298.97    387.803     0.0314    377.6436    0.0305     0.0002     0.0012   279916.93   55873.12  
   5500     9110.78    387.8014    0.0314    377.6436    0.0305     0.0002     0.001    280045.91   55875.58  
   6000      9919.6    387.8023    0.0314    377.6436    0.0305     0.0003     0.0009   280077.59   55939.86  
   6500     10720.82   387.8011    0.0314    377.6436    0.0305     0.0002     0.0008    280155.0   55948.2   
   7000     11528.83   387.8015    0.0314    377.6436    0.0305     0.0003     0.0007   280290.64   56024.35  
   7500     12340.42   387.8023    0.0314    377.6436    0.0305     0.0002     0.0006   280453.32   56023.55  
   8000     13145.16   387.801     0.0314    377.6436    0.0305     0.0002     0.0006   280394.14   56017.03  
[7.97839096 7.97837383 7.97701998 7.98263145 7.97103913 7.97786515
 7.97724487 7.97470205 7.98117532 7.97970213 7.97780816 7.98156475
 7.97526008 7.9787362  7.97824833 7.97937297 7.97972655 7.97924462
 7.9801919  7.97591256]
[7.94242601 7.94406474 7.94363608 7.94471414 7.94171054 7.94481869
 7.94427309 7.94121611 7.94193806 7.94080554 7.94789455 7.94206369
 7.94469404 7.94256162 7.94469291 7.94277664 7.94353538 7.94130274
 7.94432364 7.94248966]
[8.0552136  8.05653802 8.04892928 8.05604777 8.05742152 8.05172774
 8.05211955 8.05434439 8.0503841  8.05448386 8.05717491 8.05731783
 8.05225779 8.0545733  8.05502891 8.05469206 8.05714239 8.05818491
 8.05569592 8.05530045]
