Generating synthetic real valued data ... 
Generating synthetic  real valued data took:  13.277023077011108
Evaluation for true params: 
 test_rsme | train_rsme | rel-te-err | rel-tr-err |  test_nll  |  train_nll |
301.0460202363 300.6036696298 0.0243347917 0.0242826379  277793.59    1110008.59 
Using  0.05 of training data
Factorizing with max_iteration = 8000  fixing covariance?:  False
Tensor dimensions:  [50, 50, 50]
Optimization metrics: 
Using Ada Grad
Mean update scheme:  S
Covariance update :  N
Using diagonal covariance?:  False
k1 samples =  64  k2 samples =  64
eta =  1  cov eta =  0.001  sigma eta =  1
iteration |   time   |test_rsme |rel-te-err|train_rsme|rel-tr-err|  d_mean  |   d_cov  | test_nll | train_nll  |   dw   |
    50       69.13    9902.0714    0.9897   9906.8656    0.9897     3.1623     1.8534   287823.14   57564.63     0.0    
   100       230.12    9729.859    0.9722   9734.6367    0.9722     3.0689     0.6008   287823.14   57564.63     0.0    
   200       466.63   9033.4196    0.9014   9038.1727    0.9015     2.8059     0.293    287823.14   57564.63     0.0    
   500      1006.61   4316.5689    0.4201   4321.5924    0.4204     1.895      0.0929   287823.14   57564.63     0.0    
   1000     1867.18    505.1597     0.04     500.6831    0.0396     0.3528     0.0223   278898.66   55624.07     0.0    
   1500     2714.55    394.8101    0.0319    385.8857    0.0312     0.0945     0.0095   277732.85   55362.7      0.0    
   2000     3537.33    388.1143    0.0314    378.3177    0.0305     0.0304     0.0056   277934.16   55566.89     0.0    
   2500     4357.85    387.766     0.0313    377.7081    0.0305     0.0102     0.0037   278499.46   55622.89     0.0    
   3000     5148.48    387.783     0.0314    377.6505    0.0305     0.0036     0.0027    278848.1   55620.63     0.0    
   3500     5925.58    387.7965    0.0314    377.6444    0.0305     0.0013     0.0021    279071.4   55698.42     0.0    
   4000     6706.59    387.8012    0.0314    377.6437    0.0305     0.0004     0.0017   279203.98   55751.18     0.0    
   4500     7489.09    387.8033    0.0314    377.6436    0.0305     0.0003     0.0014   279362.86   55772.58     0.0    
   5000      8287.7    387.802     0.0314    377.6436    0.0305     0.0002     0.0012   279383.94   55811.36     0.0    
   5500     9068.47    387.8011    0.0314    377.6436    0.0305     0.0002     0.001    279638.21   55837.15     0.0    
   6000     9879.17    387.8022    0.0314    377.6436    0.0305     0.0003     0.0009    279679.9   55841.39     0.0    
   6500     10673.87   387.8031    0.0314    377.6436    0.0305     0.0002     0.0008   279695.26   55869.98     0.0    
   7000     11449.03   387.8024    0.0314    377.6436    0.0305     0.0003     0.0007    279849.4   55916.81     0.0    
   7500     12216.4    387.8018    0.0314    377.6436    0.0305     0.0002     0.0006   279847.19   55907.47     0.0    
   8000     12988.85   387.8024    0.0314    377.6436    0.0305     0.0002     0.0006   280040.16   55911.37     0.0    
[7.97810657 7.97158195 7.98101189 7.98035903 7.97500949 7.97749282
 7.97657636 7.97545227 7.97970413 7.97941775 7.97677888 7.97852693
 7.97458738 7.97792451 7.98228736 7.98080279 7.9779719  7.97708888
 7.98387622 7.98024002]
[7.94492241 7.94179274 7.94472873 7.94337605 7.9412951  7.94408739
 7.94418826 7.94285168 7.94015389 7.94337606 7.94535352 7.94571129
 7.9438057  7.94013612 7.94229086 7.94454991 7.94386176 7.94096243
 7.94270246 7.94453786]
[8.05522488 8.05809873 8.05319275 8.05545046 8.05834065 8.05185848
 8.05243778 8.05457042 8.05376897 8.05531881 8.05559182 8.05663107
 8.05502216 8.05347417 8.05343193 8.0543801  8.05551307 8.05698132
 8.0550335  8.05082011]
