Generating synthetic real valued data ... 
Generating synthetic  real valued data took:  15.820337295532227
Evaluation for true params: 
 test_rsme | train_rsme | rel-te-err | rel-tr-err |  test_nll  |  train_nll |
602.0920404727 601.2073392596 0.0489757024 0.0488317056  276684.61    1107079.51 
Using  0.05 of training data
Factorizing with max_iteration = 8000  fixing covariance?:  False
Tensor dimensions:  [50, 50, 50]
Optimization metrics: 
Using Ada Grad
Mean update scheme:  S
Covariance update :  N
Using diagonal covariance?:  False
k1 samples =  64  k2 samples =  64
eta =  1  cov eta =  0.001  sigma eta =  0.01
iteration |   time   |test_rsme |rel-te-err|train_rsme|rel-tr-err|  d_mean  |   d_cov  | test_nll | train_nll  |   dw   |
    50       780.23   9913.1123    0.9897   9925.3547    0.9897     3.1623     4.5086   287823.14   57564.63     0.0    
   100      1633.84    9741.144    0.9721   9753.3628    0.9721     3.0691     2.3581   287823.14   57564.63     0.0    
   200      3216.21   9045.7755    0.9011   9057.9478    0.9012     2.8061      0.0     287823.14   57564.63     0.0    
   500      7813.01   4344.9682    0.4182   4357.0359    0.4189     1.896       0.0     287823.14   57564.63     0.0    
   1000     15405.5    728.2296    0.0586    718.8322    0.0578     0.3559      0.0     286034.13   57188.59     0.0    
   1500     22959.3    659.3767    0.0537    642.9262    0.0524     0.0959      0.0      285906.8   57248.15     0.0    
   2000     30521.66   656.075     0.0534    638.2876    0.0519     0.031       0.0     285959.26   57166.71     0.0    
   2500     38097.59   656.083     0.0534    637.9134    0.0519     0.0104      0.0      286023.9   57201.07     0.0    
   3000     45909.05   656.1582    0.0534    637.8778    0.0519     0.0036      0.0     285879.33   57269.47     0.0    
   3500     54189.08   656.1864    0.0534    637.874     0.0519     0.0013      0.0     285859.58   57258.48     0.0    
   4000     62519.96   656.1952    0.0534    637.8736    0.0519     0.0004      0.0     285836.33   57259.25     0.0    
   4500     70841.51   656.1979    0.0534    637.8735    0.0519     0.0002      0.0     285846.09   57262.86     0.0    
[7.95616024 7.95640855 7.95750834 7.95716016 7.95528711 7.9573452
 7.95743848 7.95847165 7.95744085 7.95538338 7.95720488 7.95911296
 7.95501321 7.95567591 7.95665988 7.95450964 7.95749001 7.95587409
 7.95841373 7.95466929]
[7.95257817 7.95463362 7.95092395 7.95301029 7.95305162 7.95159991
 7.9529158  7.95273449 7.95353735 7.95473674 7.95600998 7.9523797
 7.95444375 7.95392111 7.95520301 7.9535542  7.95204436 7.95478166
 7.95507485 7.95536163]
[8.02760402 8.02846958 8.02905239 8.02748335 8.02755146 8.0292573
 8.02914045 8.02785409 8.02715316 8.02916785 8.02782945 8.02781762
 8.02787268 8.0275657  8.02762659 8.02746085 8.02812577 8.02928246
 8.02707321 8.0274957 ]
