Generating synthetic count valued data ... 
Generating synthetic  count valued data took:  17.261857271194458
max_count =  55  min count =  0
Evaluation for true params: 
 test_rsme | train_rsme | rel-te-err | rel-tr-err |  test_nll  |  train_nll |
2.6157905115 2.6387724419   1.50604       1.5161     159574.82    635256.82  
Using  0.25 of training data
Factorizing with max_iteration = 16000  fixing covariance?:  False
Tensor dimensions:  [50, 50, 50]
Optimization metrics: 
Using Ada Grad
Mean update scheme:  S
Covariance update :  N
Using diagonal covariance?:  False
Random start? True
k1 samples =  64  k2 samples =  128
eta =  1.0  cov eta =  1.0  sigma eta =  1
iteration |   time   |test_rsme |rel-te-err|train_rsme|rel-tr-err|   d_mean  |   d_cov  |avg_grad_m|avg_grad_c| test_nll | train_nll |    VLB   |  E-term  |    KL     |   dw   |
    0         2.47      10.374     6.6553    10.3452     6.6066     3.1623     0.2663     2.2749     1.9122   176811.58   175655.9  -327985.0  -327927.423   57.468     0.0092  
    5        231.8     10.3807     6.6583    10.3492     6.6065     3.1623     0.3971    19.3277    17.3021   176716.07  175329.57  -326908.0  -326858.134   49.609     0.0002  
    10       478.92    10.3903     6.6626    10.3517     6.6087     3.1623     0.3971    42.8303    39.1119   176313.58  174676.66  -325824.0  -325779.286   44.989     0.0003  
    20       757.23    10.4036     6.6631     10.347     6.5973     3.1623     0.4025    111.2603   103.9262  175098.87   172594.3  -321164.0  -321126.675   37.559     0.0002  
    50      1114.18    10.2263     6.4731     10.077     6.3428     3.1623     0.4025    562.8005   454.6513  169631.83  164573.19  -283310.0  -283252.403   57.703     0.0001  
   100      1567.06     6.8064     4.0585     6.5906     3.8846     3.1296     0.2171   1763.2776  1291.6461   83994.71   79624.71   -98006.0  -97954.017   52.331     0.0003  
   200      2122.93     4.4364     2.788      4.261      2.6552     2.7414     0.103     266.4682   533.9676   56008.4    53747.89   -61911.0  -61862.578   48.042     0.0003  
   300      2773.81     4.0212     2.5367     3.8405     2.3972     1.9489     0.0836    166.9404   505.9527   51201.99   49015.29   -58137.0  -58091.348   46.058     0.0002  
   400      3430.18     3.8664     2.4368     3.6889     2.2997     1.9792     0.0716    135.7569   525.3972   49335.77   47330.61   -56706.0  -56662.794   43.212     0.0001  
   500      4083.63     3.7424     2.3289     3.5585     2.1905     1.4592     0.0621    101.9751   524.0717   47469.35   45481.42   -54915.0  -54873.527   41.825     0.0001  
   600      4737.37     3.6948     2.2894     3.5152     2.1468     0.8762     0.055      99.172    528.3831   46881.39   44786.95   -54184.0  -54142.788   41.158     0.0001  
   700      5386.85     3.663      2.2684     3.4748     2.1214     0.9923     0.051     101.8589   533.0799   46584.61   44471.21   -53828.0  -53787.733   39.94       0.0    
   800      6033.88     3.6378     2.2467     3.4351     2.0891     1.2685     0.0445    96.4924    527.7094   46169.05   44052.54   -53582.0  -53543.801   37.841      0.0    
   900      6681.01     3.5747     2.1869     3.3768     2.0306     0.896      0.0417    89.4578    517.0505   45365.07   43226.74   -52609.0  -52572.785   35.779      0.0    
   1000     7328.84     3.5729     2.1746     3.3558     2.0132     1.3166     0.0399     86.387    519.7094   45154.79   42829.74   -52189.0  -52153.588   34.992      0.0    
   1100     7976.81     3.5384     2.1517     3.3163     1.9841     0.7506     0.0372    79.9944    508.7087   44834.68   42478.07   -51888.0  -51853.09    34.468      0.0    
   1200     8620.62     3.5164     2.1493     3.2925     1.9758     0.8229     0.0348    78.2849    513.9467   44665.91   42333.79   -51752.0  -51717.152   34.85       0.0    
   1300     9277.47     3.4936     2.1214     3.2564     1.9452     0.845      0.0327    79.3344    511.8719   44328.87   41925.92   -51381.0  -51346.046   34.62       0.0    
   1400     9922.87     3.4863     2.1199     3.2354     1.9397     0.7895     0.0317    71.6777    512.3262   44251.82   41844.87   -51285.0  -51250.664   34.267      0.0    
   1500     10570.2     3.4553     2.0906     3.2037     1.9017     0.593      0.0312    71.3596    501.1662   43915.86   41419.84   -50833.0  -50798.881   33.894      0.0    
   1600     11212.99    3.4501     2.0826     3.1958     1.9048     1.0659     0.0293    83.3269    506.8262   43873.34   41440.4    -50793.0  -50760.078   33.012      0.0    
   1700     11854.85    3.4254     2.0714     3.1653     1.8784     0.7094     0.0279    78.6454    499.1121   43681.71   41206.36   -50557.0  -50523.828   33.455      0.0    
   1800     12496.03    3.4201     2.0664     3.1531     1.8706     1.2599     0.0274    69.9223    510.0471   43489.56   41028.34   -50387.0  -50353.277   33.566      0.0    
   1900     13137.71    3.4202     2.0774     3.1558     1.8783     0.826      0.0274    79.1147    516.9671   43580.36   41097.88   -50468.0  -50435.444   32.91       0.0    
   2000     13780.76    3.3919     2.0486     3.1174     1.8503     0.7674     0.0263    73.1728    521.4814   43347.95   40830.26   -50184.0  -50151.238   33.042      0.0    
   2100     14424.87    3.3878     2.0545     3.0998     1.8403     0.8533     0.0255    70.5272    529.175    43281.63   40721.17   -50071.0  -50037.855   32.703      0.0    
   2200     15065.62    3.3883     2.0586     3.1054     1.849      0.7849     0.0237    73.4305    526.9529   43303.6    40720.34   -50046.0  -50013.545   32.555      0.0    
   2300     15704.87    3.3645     2.0267     3.0822     1.8213     0.8989     0.0235    69.6668    508.8638   43078.16   40492.37   -49728.0  -49695.165   32.84       0.0    
   2400     16346.51    3.3593     2.0197     3.0575     1.8085     0.6691     0.0225    70.1081    514.276    42976.94   40350.62   -49658.0  -49624.576   33.011      0.0    
   2500     16985.94    3.3538     2.0192     3.0537     1.8005     0.7302     0.0229    71.5739    515.9323   42932.1    40278.73   -49563.0  -49529.428   33.396      0.0    
   2600     17627.51    3.3416     2.0095     3.039      1.7916     0.6539     0.0224    66.3461    514.8417   42754.8    40181.55   -49402.0  -49368.398   33.807      0.0    
   2700     18266.58    3.3412     2.0033     3.0325     1.7824     0.6128     0.0214    65.3321    513.0769   42687.86   40050.29   -49295.0  -49262.15    33.262      0.0    
   2800     18902.18    3.3471     2.0098     3.0236     1.7764     0.6333     0.0208    70.8695    523.0637   42768.62   40051.52   -49277.0  -49243.673   33.066      0.0    
   2900     19538.0     3.3268     1.9883     3.0122     1.7674     0.6242     0.0202    68.9313    518.2076   42584.89   39921.41   -49102.0  -49068.789   33.338      0.0    
   3000     20172.99    3.3214     1.9949     3.0065     1.7678     1.1061     0.0205    70.9314    524.6791   42614.72   39956.04   -49104.0  -49070.822   33.111      0.0    
   3100     20810.54    3.3188     1.9877     3.0054     1.765      0.7549     0.019     74.3536    518.4081   42558.17   39860.53   -49052.0  -49019.074   33.085      0.0    
   3200     21449.98    3.3135     1.9929     3.0028     1.7713     0.7407     0.0201    74.9026    522.4047   42527.44   39910.2    -49111.0  -49077.912   33.077      0.0    
   3300     22088.63    3.299      1.9813     2.9866     1.759      0.5683     0.0201    67.4053    528.2285   42430.39   39769.37   -48882.0  -48848.395   33.144      0.0    
   3400     22727.39    3.303      1.9912     2.9888     1.7636     0.531      0.019     64.4808    525.0686   42429.63   39791.4    -48968.0  -48934.766   33.288      0.0    
   3500     23366.32    3.2994     1.9842     2.989      1.7638      0.64      0.0176    67.9323    524.8146   42483.31   39799.14   -48912.0  -48878.154   33.501      0.0    
   3600     24006.98    3.2908     1.9786     2.9706      1.75      0.5571     0.0187    68.7873    525.0505   42385.07   39654.74   -48826.0  -48792.893   32.927      0.0    
   3700     24645.15    3.2865     1.9698     2.9654     1.7424     0.702      0.018     67.1804    520.8157   42293.5    39620.54   -48802.0  -48768.446   33.171      0.0    
   3800     25282.57    3.2948     1.9836     2.9732     1.7556     0.7102     0.0174    70.9542    523.5419   42397.63   39742.96   -48939.0  -48904.905   33.675      0.0    
   3900     25921.09    3.2804     1.9689     2.9528     1.7305     0.6426     0.0173    69.1128    522.8949   42284.69   39577.45   -48759.0  -48725.255   33.357      0.0    
   4000     26558.98    3.2701     1.9653     2.9356     1.7196      0.47      0.017      65.624    525.7934   42204.65   39470.18   -48673.0  -48639.348   33.494      0.0    
   4100     27196.67    3.2858     1.9746     2.9443     1.7323     0.713      0.0169     66.367    524.5056   42296.7    39575.87   -48782.0  -48749.922   32.546      0.0    
   4200     27833.23    3.2697     1.9567     2.9402     1.7214     0.6261     0.017     69.4148    521.152    42117.09   39429.17   -48508.0  -48474.887   33.217      0.0    
   4300     28471.12    3.2624     1.9532     2.9324     1.7173     0.6031     0.0163     68.098    523.4137   42129.33   39422.71   -48567.0   -48533.4    33.128      0.0    
   4400     29107.38    3.2675     1.9543     2.9376     1.7232     0.6535     0.0163    72.0861    528.6567   42207.85   39437.87   -48606.0  -48573.237   33.134      0.0    
   4500     29743.23    3.2684     1.9522     2.9317     1.7148     0.6916     0.016     69.3593    521.6143   42166.64   39357.94   -48474.0  -48440.464   33.597      0.0    
   4600     30380.9     3.2595     1.9492     2.9265     1.7143     0.5633     0.0164    67.1044    528.4259   42084.23   39357.03   -48471.0  -48437.678   33.789      0.0    
   4700     31016.82    3.2568     1.9489     2.9206     1.7104     0.7858     0.016     66.2878    520.3017   42062.25   39325.22   -48452.0  -48418.489   33.862      0.0    
   4800     31649.88    3.2797     1.9716     2.9346     1.7286     0.6741     0.0158    72.8096    525.5326   42243.19   39460.13   -48587.0  -48552.904   33.852      0.0    
   4900     32282.52    3.2658     1.954      2.9251     1.7158     0.5535     0.0168    64.9315    531.2167   42111.02   39344.35   -48419.0  -48385.821   33.426      0.0    
   5000     32915.41    3.2639     1.9583     2.9181     1.7115     0.5336     0.0155    68.2348    531.7724   42134.5    39330.75   -48489.0  -48455.117   33.767      0.0    
   5100     33547.58    3.2561     1.9457     2.9186     1.7074     0.5643     0.0155    70.4935    522.4382   42033.8    39318.77   -48452.0  -48418.079   33.654      0.0    
   5200     34179.55    3.2549     1.9429     2.9131     1.7017     0.6644     0.015     68.6778    521.0387   42029.8    39246.04   -48353.0  -48319.025   33.479      0.0    
   5300     34810.86    3.2552     1.9436     2.9076     1.6966     0.7625     0.016     73.5019    520.1635   42046.28   39228.53   -48324.0   -48290.3    33.571      0.0    
   5400     35441.66    3.2514     1.9433     2.9099     1.6968     0.592      0.015     69.8664    525.5877   42022.61   39213.69   -48247.0  -48213.906   33.565      0.0    
   5500     36071.27    3.2751     1.9587     2.9244     1.716      0.515      0.0149    69.7581    529.6997   42165.37   39339.03   -48396.0  -48363.102   33.084      0.0    
   5600     36702.33    3.2755     1.9645     2.9225     1.7194     0.6446     0.0144     76.257    532.8704   42127.9    39348.77   -48474.0  -48440.305   33.596      0.0    
   5700     37333.75    3.2584     1.9442     2.9109     1.698      0.4505     0.0145    66.1407    530.0708   41979.33   39176.76   -48208.0  -48174.893   33.547      0.0    
   5800     37963.06    3.2544     1.9378     2.9036     1.6945     0.558      0.0147    63.7227    527.1326   41980.71   39170.5    -48287.0  -48252.942   33.56       0.0    
   5900     38595.61    3.2613     1.9425     2.9025     1.698      0.5062     0.0145    69.2599    525.0587   42019.64   39213.28   -48299.0  -48265.465   33.816      0.0    
   6000     39228.53    3.2685     1.9538     2.9081     1.6964     0.5275     0.0142    69.1441    529.5232   42013.1    39163.02   -48236.0  -48201.909    33.6       0.0    
   6100     39857.93    3.2472     1.9351     2.8922     1.6842     0.5741     0.0146    67.8477    530.2715   41905.47   39086.67   -48116.0  -48082.861   33.522      0.0    
   6200     40488.22    3.2541     1.9395     2.903      1.6951     0.5218     0.014     67.8097    523.5171   41937.16   39133.34   -48149.0  -48116.094   33.117      0.0    
   6300     41119.26    3.2531     1.9437     2.8869     1.6844     0.5006     0.0144    65.9002    523.8729   41936.47   39101.7    -48136.0  -48102.519   33.175      0.0    
   6400     41747.82    3.2438     1.9326     2.8892     1.6856     0.5209     0.0135    62.5858    524.8738   41871.03   39052.4    -48095.0  -48060.854   33.838      0.0    
   6500     42378.66    3.2393     1.9348     2.8855     1.6844     0.515      0.0139    66.8918    528.717    41886.08   39085.21   -48137.0  -48103.194   34.008      0.0    
   6600     43008.1     3.2466      1.94      2.8928     1.6906     0.5847     0.0133    70.0652    537.4066   41955.03   39138.47   -48208.0  -48174.185   33.609      0.0    
   6700     43639.26    3.2325     1.9243     2.8847     1.6771     0.6078     0.0136    67.3848    523.0804   41859.26   39024.79   -48025.0  -47992.116   33.077      0.0    
   6800     44271.14    3.2427     1.942      2.8928     1.6957     0.6637     0.0132    68.8231    535.4665   41903.44   39144.57   -48218.0  -48184.384   33.626      0.0    
   6900     44899.42    3.2448     1.9418     2.8828     1.6894     0.4457     0.0138    62.8451    538.0255   41902.55   39065.02   -48101.0  -48067.309   33.353      0.0    
   7000     45527.69    3.2313     1.9273     2.8718     1.674      0.3974     0.0136    59.1196    527.295    41828.03   38981.51   -48014.0  -47980.669   33.505      0.0    
   7100     46158.14    3.2374     1.9248     2.8767     1.6757     0.5186     0.0134    66.4673    531.1357   41824.32   38991.77   -47989.0  -47955.741   33.591      0.0    
   7200     46785.56    3.238      1.9245     2.8712     1.6728     0.4766     0.013     65.5332    532.2731   41799.18   38952.54   -47990.0  -47956.628   33.215      0.0    
   7300     47414.58    3.2517     1.9345     2.8907     1.6854     0.605      0.0128    72.3488     525.71    41921.99   39093.25   -48124.0  -48090.844   33.221      0.0    
   7400     48043.29    3.2612     1.9512     2.881      1.6916     0.6415     0.0132    70.2149    545.1602   42004.74   39127.38   -48205.0  -48171.482   33.288      0.0    
   7500     48672.09    3.2482     1.9283     2.8751     1.6704     0.5536     0.0131    64.5736    529.8141   41804.74   38981.69   -48003.0  -47969.149   33.663      0.0    
   7600     49302.62    3.2451     1.9323     2.8738     1.6778     0.3783     0.0129    63.4875    536.4422   41842.68   39009.02   -48040.0  -48006.422   33.814      0.0    
   7700     49930.28    3.2519     1.9393     2.8736      1.68      0.5108     0.0129    70.2908    543.5135   41894.04   39017.42   -48018.0  -47984.569   33.874      0.0    
   7800     50557.65    3.2406     1.9408     2.8867     1.6909     0.6548     0.013     82.8472    548.0591   41982.59   39140.73   -48179.0  -48144.643   33.903      0.0    
   7900     51185.83    3.2452     1.941      2.8758     1.6835     0.6672     0.0128    71.4688    546.8809   41934.78   39072.75   -48135.0  -48101.538   33.88       0.0    
   8000     51812.69    3.2409     1.9306     2.8694     1.6728     0.5009     0.0128    71.2488    543.6936   41856.37   39001.99   -47928.0  -47894.616   33.675      0.0    
