Generating synthetic count valued data ... 
Generating synthetic  count valued data took:  16.93491220474243
max_count =  55  min count =  0
Evaluation for true params: 
 test_rsme | train_rsme | rel-te-err | rel-tr-err |  test_nll  |  train_nll |
2.6157905115 2.6387724419   1.50604       1.5161     163434.99    650812.53  
Using  0.25 of training data
Factorizing with max_iteration = 16000  fixing covariance?:  False
Tensor dimensions:  [50, 50, 50]
Optimization metrics: 
Using Ada Grad
Mean update scheme:  S
Covariance update :  N
Using diagonal covariance?:  False
Random start? True
k1 samples =  64  k2 samples =  128
eta =  1.0  cov eta =  1.0  sigma eta =  1
iteration |   time   |test_rsme |rel-te-err|train_rsme|rel-tr-err|   d_mean  |   d_cov  |avg_grad_m|avg_grad_c| test_nll | train_nll |    VLB   |  E-term  |    KL     
    0         2.4      10.3756     6.6559    10.3474     6.608      3.1623     0.3012     2.2855     2.1293   194363.84  193282.19  -329963.0  -329905.66   57.07    
    5        163.11    10.3859     6.6597    10.3546     6.6096     3.1623     0.3964     18.71     18.8559   192691.95  191774.11  -329034.0  -328983.145   50.415   
    10       345.94    10.3961     6.6627    10.3611     6.6103     3.1623     0.3964    39.5693    40.2161   190654.62  189345.95  -327636.0  -327590.526   45.528   
    20       558.44    10.4199     6.6688    10.3639     6.6011     3.1623     0.4025    106.2616   107.2127  187743.64  186127.81  -323287.0  -323249.623   37.421   
    50       850.92    10.1356     6.3811     10.02      6.2743     3.1623     0.4025    657.003    483.2348  175629.28  172404.65  -274561.0  -274517.626   43.308   
   100      1240.28     6.6582     4.0472     6.4719     3.8984     3.1222     0.2126   1617.1088  1226.3601   83920.02   80459.47   -93647.0  -93605.972   41.043   
   200       1748.5     4.4751     2.801      4.3042     2.6803     2.4936     0.1079    271.9901   524.0758   57148.65   54945.19   -61757.0  -61719.815   37.095   
   300      2345.19     4.0346     2.5202     3.8536     2.3924     2.0502     0.085     156.4047   523.5818   52834.33   50497.49   -57188.0  -57153.57    34.082   
   400      2949.31     3.8323     2.389      3.6618     2.2657     1.8256     0.0704    128.6524   516.0036   50665.07   48390.99   -55383.0  -55351.381   31.951   
   500       3550.5     3.7029     2.2912     3.5463     2.1662     1.4652     0.0597    111.3039   509.7044   48885.08   46546.31   -53614.0  -53583.36    30.99    
   600      4151.39     3.664      2.2585     3.5209     2.1378     1.9909     0.0518    119.501    522.0906   48591.26   46283.5    -53194.0  -53164.944   29.346   
   700       4752.2     3.6582     2.2282     3.4768     2.0816     1.3671     0.0467    100.5912   503.5634   47689.66   45069.72   -52406.0  -52377.131   29.335   
   800      5354.08     3.582      2.1741     3.4094     2.0322     0.7242     0.043     85.2868    505.8617   46931.32   44253.61   -51588.0  -51559.379   28.909   
   900      5958.43     3.5809     2.1748     3.3857     2.0225     1.1469     0.0409    92.6266    527.6324   46852.23   44042.52   -51420.0  -51391.843   27.98    
   1000     6559.66     3.5496     2.1637     3.3473     2.0065     1.0186     0.0387    85.5605    524.4226   46455.79   43608.39   -51118.0  -51090.141   27.968   
   1100     7161.86     3.5152     2.1309     3.2984     1.9648     0.9881     0.0357    84.2003    522.1239   45899.77   42950.29   -50463.0  -50435.451   27.102   
   1200     7759.32     3.5002     2.1136     3.2795     1.9463     0.7144     0.0317    73.0908    508.6013   45549.88   42576.47   -50183.0  -50156.522   26.754   
   1300     8355.97     3.4789     2.0918     3.2559     1.927      1.4903     0.0316    83.4718    511.4496   45334.81   42427.28   -50066.0  -50038.822   27.053   
   1400     8951.86     3.4387     2.0748     3.2119     1.8991     0.8164     0.0292    75.2858    521.2022   44994.52   42031.05   -49666.0  -49638.94    26.633   
   1500     9545.06     3.4348      2.07      3.1959     1.8905     0.8531     0.0265    81.2587    516.9422   44838.05   41826.42   -49562.0  -49535.508   26.499   
   1600     10141.69    3.4249     2.0645     3.1816     1.879      0.8092     0.0255     79.857    515.4598   44664.28   41692.65   -49290.0  -49264.253   26.199   
   1700     10735.87    3.407      2.0468     3.1748     1.8745     0.856      0.0247    80.9374    530.7309   44385.93   41541.17   -49229.0  -49202.588   26.298   
   1800     11329.29    3.3958     2.0371     3.1421     1.8501     0.7668     0.0245    77.5906    521.5621   44187.71   41177.0    -48934.0  -48907.464   26.18    
   1900     11920.76    3.3788     2.0179     3.1223     1.8306     0.768      0.0233    72.5783    521.6746   44028.96   41003.6    -48638.0  -48612.208   26.288   
   2000     12512.31    3.3765     2.0108     3.1136     1.8167     0.728      0.0222    72.4315    521.7329   43874.99   40816.63   -48499.0  -48472.245   26.462   
   2100     13105.22    3.3567     2.0088     3.099      1.8153     0.9283     0.0214    72.8345    518.9791   43830.02   40741.26   -48472.0  -48444.64    26.923   
   2200     13695.87    3.3467     2.001      3.0872     1.8057     0.9173     0.0201     70.405    523.5961   43655.54   40572.62   -48366.0  -48338.718   27.636   
   2300     14287.32    3.3366     1.987      3.0622     1.7823     0.8509     0.0198    68.3718    515.5269   43438.9    40382.86   -48149.0  -48121.865   26.833   
   2400     14880.02    3.3168     1.9798     3.0576     1.7853     1.0002     0.0194    71.8602    514.0923   43321.57   40334.41   -48118.0  -48090.859   26.815   
   2500     15472.59    3.314      1.9825     3.0387     1.7796     0.7453     0.0184    70.7273    520.5844   43234.6    40276.38   -48088.0  -48060.663   26.935   
   2600     16062.9     3.3152     1.981      3.0409     1.7781     0.6943     0.0175    68.6675    514.5607   43218.26   40241.68   -48087.0  -48060.084   27.016   
   2700     16651.86    3.3351     1.9849     3.0299     1.7653     0.5544     0.0181    67.4993    517.3713   43253.46   40058.87   -47896.0  -47868.878   27.216   
   2800     17241.64    3.3041     1.971      3.014      1.7589     0.7676     0.0174    67.6518    526.4407   43127.37   40050.63   -47870.0  -47842.549   27.154   
   2900     17830.02    3.3043     1.971      3.0116     1.7579     0.577      0.0175    70.2018    525.4055   42978.55   39997.7    -47785.0  -47758.08    26.629   
   3000     18415.21    3.2985     1.9634     2.9961     1.7442     0.7859     0.0163    71.6083    519.6493   42993.65   39886.47   -47716.0  -47688.694   26.88    
   3100     19004.73    3.2871     1.9573     2.9863     1.7363     0.7269     0.0165    68.4831    522.9235   42936.68   39818.15   -47667.0  -47639.95    27.154   
   3200     19593.66    3.2991      1.96      2.9917     1.7327     0.7387     0.0159    71.7156    515.9982   42953.23   39790.18   -47558.0  -47531.402   27.086   
   3300     20180.92    3.2749     1.9484     2.9731     1.7259     0.4891     0.0153    65.1994    528.8373   42778.54   39638.64   -47437.0  -47409.588   27.15    
   3400     20769.58    3.2636     1.9385     2.9618     1.7189     0.5867     0.0157    67.1906    519.2266   42766.08   39622.84   -47391.0  -47363.143   27.738   
   3500     21357.02    3.2718     1.9424     2.9564     1.7118     0.7525     0.015     68.6817    514.2393   42807.1    39593.11   -47268.0  -47240.358   27.216   
   3600     21945.85    3.2699     1.942      2.9537     1.7046     0.7416     0.0146     70.84     513.0855   42745.45   39506.27   -47343.0  -47314.946   27.731   
   3700     22533.53    3.2674     1.938      2.9541     1.7104     0.7924     0.0156    69.0675    516.8656   42738.74   39574.42   -47377.0  -47349.29    27.788   
   3800     23119.57    3.2696     1.9381     2.9443     1.6991     0.6153     0.0143    65.5208    528.7898   42625.99   39425.16   -47235.0  -47206.933   27.96    
   3900     23707.28    3.2581     1.934      2.9428     1.7015     0.732      0.0134    64.7763    530.0589   42587.24   39389.25   -47194.0  -47165.053   28.484   
   4000     24293.61    3.2528     1.9342     2.941      1.7079     0.7444     0.0135     77.687    534.6465   42665.06   39574.3    -47431.0  -47403.235   28.06    
   4100     24881.21    3.2479     1.9252     2.9333     1.6976     1.0458     0.0136     74.253    531.8261   42510.74   39447.9    -47226.0  -47197.086   28.525   
   4200     25466.8     3.2553     1.9283     2.9328     1.6996     0.8121     0.0129    72.3678    523.5093   42560.72   39396.86   -47205.0  -47176.909   27.978   
   4300     26050.69    3.257      1.9302     2.9234     1.6895     0.7223     0.0125    68.1541    536.4294   42508.1    39305.4    -47135.0  -47106.734   28.357   
   4400     26634.48    3.2498     1.9234      2.91      1.6834     0.5767     0.013     65.0901    539.2203   42475.14   39240.07   -47070.0  -47041.148   28.674   
   4500     27219.25    3.2574     1.9266     2.916      1.6869     0.6784     0.0126    70.3888    535.8393   42549.53   39274.96   -47064.0  -47035.374   28.744   
   4600     27806.86    3.2439     1.9269     2.9107     1.6863     0.647      0.0129    68.5511    537.6702   42518.09   39245.18   -47046.0  -47016.823   28.729   
   4700     28392.41    3.2577     1.9352     2.8983     1.679      0.6264     0.0125    69.2347    535.1254   42601.29   39203.79   -47000.0  -46971.752   28.64    
   4800     28977.14    3.2627     1.9461     2.9163     1.7016     0.8963     0.012     73.4662    546.0061   42669.8    39355.56   -47168.0  -47138.771   28.908   
   4900     29560.73    3.2608     1.9391     2.9046     1.6866     0.9913     0.0117    68.3761    539.887    42670.45   39261.19   -47119.0  -47090.134   28.825   
   5000     30143.95    3.2469     1.9215     2.895      1.6728     0.5658     0.0124    66.5332    523.3683   42504.93   39097.76   -46866.0  -46837.321   28.946   
   5100     30727.41    3.2462     1.9214     2.8849     1.6688     0.6448     0.0114    66.0194    523.8329   42469.76   39121.84   -46925.0  -46895.805   29.307   
   5200     31312.85    3.2394     1.9206     2.8891     1.6725     0.5944     0.0115     68.327    526.9787   42385.35   39116.63   -46904.0  -46874.773   29.466   
   5300     31895.93    3.2321     1.9217     2.8737     1.6704     0.589      0.0117    60.7324    528.6685   42396.93   39027.07   -46832.0  -46803.095   29.303   
   5400     32477.32    3.2415     1.9342     2.8872     1.6792     0.8466     0.0114     67.607    538.0459   42600.64   39213.72   -47061.0  -47031.358   29.924   
   5500     33060.39    3.2413     1.9257     2.8706     1.6634     0.6167     0.0108    66.6943    522.5454   42454.1    39036.72   -46844.0  -46814.258   29.613   
   5600     33643.64    3.2407     1.928      2.8803     1.6732     0.6065     0.0111    66.6992    545.9382   42419.47   39082.97   -46884.0  -46854.334   29.489   
   5700     34225.95    3.2397     1.9261     2.8737     1.6675     0.8497     0.011     69.4533    538.0873   42407.17   39039.07   -46902.0  -46872.95    29.342   
   5800     34807.52    3.2374     1.9239     2.8705     1.6666     0.7901     0.0109    70.0971    536.136    42445.33   39003.36   -46861.0  -46831.529   29.245   
   5900     35388.72    3.2366      1.92      2.8651     1.661      0.6727     0.011     71.6293    534.178    42420.62   38984.29   -46814.0  -46785.116   29.224   
   6000     35970.52    3.2427     1.921      2.8734     1.6714     0.7459     0.0109    67.9396    527.9267   42431.63   38953.24   -46826.0  -46797.116   29.068   
   6100     36556.15    3.236      1.9163     2.8687     1.6579     0.6053     0.0105    67.4008    533.1379   42342.77   38893.48   -46676.0  -46646.493   29.321   
   6200     37136.83    3.2331     1.9093     2.861      1.649      0.5186     0.0109     66.649     527.34    42244.65   38838.03   -46622.0  -46593.256   29.162   
   6300     37720.94    3.2363     1.9212     2.8621     1.6575     0.6199     0.0101    69.5293    530.4514   42374.96   38922.65   -46760.0  -46731.147   29.235   
   6400     38304.87    3.2339     1.9178     2.8617     1.6556     0.6061     0.0102    74.8549    531.0692   42351.6    38909.8    -46709.0  -46679.674   29.21    
   6500     38886.66    3.2381     1.9187     2.8583     1.6535     0.5131     0.0103    69.6449    540.7174   42408.4    38906.49   -46699.0  -46669.876   29.148   
   6600     39467.16    3.2319     1.9081     2.8567     1.6485     0.5019     0.0102    68.9354    527.1221   42342.59   38784.54   -46547.0  -46517.386   29.124   
   6700     40047.8     3.2305     1.9168     2.8606     1.6578     0.6673     0.0104    72.1956    529.6023   42376.82   38895.65   -46688.0  -46659.014   29.148   
   6800     40629.43    3.2277     1.9174     2.8483     1.6508     0.6966     0.0101    74.3455    530.2634   42379.05   38906.2    -46701.0  -46671.948   28.964   
   6900     41208.76    3.2362     1.9283      2.86      1.6662     0.8756     0.0097    70.6462    526.5969   42420.46   39036.32   -46890.0  -46860.685   29.206   
   7000     41787.86    3.2197     1.9184     2.8444     1.6526     0.5233     0.0099    67.5518    534.9892   42183.64   38849.34   -46659.0  -46629.437   29.29    
   7100     42369.31    3.2139     1.9063     2.8397     1.6438     0.5468     0.0097    65.3263    536.5378   42143.87   38721.19   -46516.0  -46487.085   29.379   
   7200     42951.4     3.2157     1.9064     2.8413     1.6432     0.4785     0.0094    62.7282    530.1974   42133.45   38726.91   -46559.0  -46530.246   29.15    
   7300     43533.08    3.2267     1.9206     2.8416     1.6462     0.5951      0.01     66.3194    526.8832   42199.56   38775.74   -46617.0  -46587.04    29.553   
   7400     44113.96    3.2275     1.9097     2.8431     1.6464     0.5168     0.0092    66.6679    525.6212   42223.0    38766.69   -46564.0  -46534.855   29.527   
   7500     44691.35    3.2146     1.909       2.84      1.6468     0.5577     0.0096    68.4893    529.7074   42183.32   38776.31   -46543.0  -46513.427   29.771   
   7600     45269.64    3.2256     1.9099     2.8332     1.643      0.4686     0.0097     63.537     528.48    42218.36   38723.27   -46476.0  -46446.599   29.533   
   7700     45849.65    3.2168     1.9073     2.8312     1.6376     0.5365     0.0093    67.3991    518.5504   42214.64   38730.95   -46555.0  -46525.454   29.265   
   7800     46428.72    3.2108     1.901      2.8254     1.6372     0.5726     0.0097    68.3016    531.1242   42148.79   38693.73   -46499.0  -46469.377   29.369   
   7900     47009.41    3.2219     1.9068     2.8324     1.6347     0.5658     0.0093    62.2349    528.8329   42166.53   38645.54   -46477.0  -46447.371   29.248   
   8000     47588.24    3.2161     1.9084     2.8244     1.6361     0.6197     0.0093    68.7911    532.8872   42241.96   38694.22   -46492.0  -46462.945   29.539   
   8100     48166.1     3.2117     1.9081     2.8198     1.6366     0.5401     0.0092    67.5141    539.6961   42121.66   38643.86   -46465.0  -46435.237   29.337   
   8200     48746.95    3.2075     1.9058     2.8187     1.6306     0.7163     0.0094    65.6615    534.7905   42117.89   38633.57   -46422.0  -46392.769   29.522   
   8300     49326.36    3.2189     1.9045      2.83      1.6349     0.527      0.009     65.8999    527.619    42179.39   38667.06   -46532.0  -46502.258   29.754   
   8400     49910.14    3.2191     1.9085     2.8311     1.6364     0.4539     0.0092    64.2943    531.8219   42201.51   38682.89   -46550.0  -46520.246   30.06    
   8500     50489.43    3.2195     1.9019     2.8245     1.6289     0.6014     0.009      68.118    533.5142   42221.52   38676.3    -46484.0  -46453.937   29.938   
   8600     51071.22    3.2141     1.9018     2.8292     1.6336     0.637      0.0092    74.9197    524.2882   42133.65   38676.83   -46505.0  -46474.67    29.975   
   8700     51650.17    3.2185     1.8971     2.8283     1.6284     0.4344     0.0088    65.0727    531.4775   42126.32   38598.29   -46398.0  -46367.884   30.026   
