Generating synthetic count valued data ... 
Generating synthetic  count valued data took:  17.59151315689087
max_count =  55  min count =  0
Evaluation for true params: 
 test_rsme | train_rsme | rel-te-err | rel-tr-err |  test_nll  |  train_nll |
2.6157905115 2.6387724419   1.50604       1.5161     159574.82    635256.82  
Using  0.25 of training data
Factorizing with max_iteration = 16000  fixing covariance?:  False
Tensor dimensions:  [50, 50, 50]
Optimization metrics: 
Using Ada Grad
Mean update scheme:  S
Covariance update :  N
Using diagonal covariance?:  False
Random start? True
k1 samples =  64  k2 samples =  128
eta =  1.0  cov eta =  1.0  sigma eta =  1
iteration |   time   |test_rsme |rel-te-err|train_rsme|rel-tr-err|   d_mean  |   d_cov  |avg_grad_m|avg_grad_c| test_nll | train_nll |    VLB   |  E-term  |    KL     |   dw   |
    0         6.11     10.3725     6.6548    10.3445     6.6066     3.1623     0.4025     2.0038   26330.9158 138688.32  137702.45  -161379.0  -161321.462   57.56      0.0001  
    5        250.69    10.3709     6.6546    10.3418     6.6053     3.1623     0.7749    15.9761   249189.7183 138555.74  137386.29  -160943.0  -160892.454   50.631      0.0    
    10       499.49    10.3689     6.654     10.3331     6.6015     3.1623     1.9048    34.4948   492816.4532 138301.24  136766.44  -160225.0  -160179.452   45.298      0.0    
    20       783.02    10.3273     6.6355    10.2825     6.5767     3.1623     18.619    100.6867  2088859.6216 136992.82   135546.0  -158405.0  -158367.223   37.787      0.0    
    50      1192.71     9.7423     6.1366      9.63      6.0318     3.1623     24.08     649.8264  20418321.0957 122454.36   119917.3  -139233.0  -139176.013   56.512      0.0    
   100      1734.09     5.7628     3.5301     5.6631     3.4577     3.1245    167.7705  1049.5852  109273529.1846  65585.91   64298.94   -70168.0  -70116.051   51.957      0.0    
   200      2598.38     4.2557     2.6308     4.0908     2.5178     2.6975     6.9979    177.8259  175106342.2614  50985.55   49524.15   -55495.0  -55443.632   51.634      0.0    
   300      3574.05     3.9241     2.4308     3.7807     2.3369     1.9929     1.176     120.9543  48489630.912  48488.22   47152.51   -53336.0  -53286.233   49.589      0.0    
   400       4564.1     3.7602     2.304      3.6005     2.2044     1.4776     1.6105    102.4374  36606319.6377  46809.7    45384.17   -51596.0  -51547.329   48.352      0.0    
   500       5556.4     3.6898     2.2732     3.5057     2.1456     1.5093     0.5056    86.8123   13938379.0681  46125.53   44500.28   -50667.0  -50620.535   46.26       0.0    
   600      6556.94     3.6617      2.23      3.4696     2.0986     1.2183    10.1382    82.6449   21454117.8412  45822.09   44074.37   -50344.0  -50295.146   48.38       0.0    
   700      7517.78     3.6573     2.2081     3.4392     2.0524     0.961      0.8563    74.7271   76070.9047  45342.71   43348.58   -49606.0  -49559.551   46.743      0.0    
   800      8505.47     3.5568     2.1458     3.3438     1.9985     0.9241     1.8324     70.097   3702362.5276  44743.66   42729.93   -48953.0  -48908.07    44.568      0.0    
   900      9513.73     3.541      2.1242     3.3108     1.9599     1.0439     2.8626     67.404   533124.9114  44438.54   42342.73   -48592.0  -48548.466   43.78       0.0    
   1000     10513.78    3.524      2.1239     3.2829     1.9588     0.8919     0.4703    66.7164   78759.192   44301.45   42148.27   -48411.0  -48369.364   42.107      0.0    
   1100     11514.14    3.6135     2.1606     3.3967     1.9986     1.6925    89.1698    100.1052  2242118487585.824  44932.57   42660.28   -48907.0  -48866.56    40.489      0.0    
   1200     12470.18    3.5305     2.1224     3.2958     1.9489     1.2622     0.885     72.6519   55837.1232  44311.44   42041.19   -48365.0  -48325.609   39.324      0.0    
   1300     13465.24    3.4858     2.101      3.2179     1.9072     0.886      3.7533     63.246   314103.2944  43968.66   41559.46   -47912.0  -47872.622   38.937      0.0    
   1400     14460.21    3.4371     2.0754     3.182      1.8944     1.0115     0.5109    65.9207   25017.1589  43766.65   41411.48   -47804.0  -47765.418   38.32       0.0    
   1500     15456.8     3.4232      2.07      3.1569     1.8802     1.1672     0.4739    67.7624   919655.1359  43632.0    41221.08   -47598.0  -47560.646   37.336      0.0    
   1600     16456.3     3.4021     2.0416     3.1379     1.8602     0.863      0.0688    64.4217   2202579.4014  43408.94   41035.71   -47404.0  -47367.116   37.199      0.0    
   1700     17456.19    3.3973     2.0414     3.1242     1.8408     0.9969     0.947     61.5383   44552.6887  43259.28   40826.11   -47206.0  -47168.885   36.885      0.0    
   1800     18456.71    3.3708     2.0187     3.0958     1.8223     0.7531     0.417     60.6103   230660.2266  43010.66   40587.1    -47039.0  -47003.212   36.137      0.0    
   1900     19449.93    3.3797      2.02      3.0927     1.8111     0.8556     0.288     57.6862   95714.4455  42952.65   40520.1    -46940.0  -46904.017   36.032      0.0    
   2000     20445.45    3.3711     2.0233     3.0779     1.812      0.863      1.1347    63.8332   58438.5747  42999.82   40557.4    -46940.0  -46904.511   35.768      0.0    
   2100     21449.28    3.3688     2.0103     3.0684     1.7952     0.935      0.5822    67.0076   4312561.6164  42899.24   40455.86   -46865.0  -46828.947   35.671      0.0    
   2200     22446.4     3.3696     2.0063     3.0724     1.7954     0.8755     1.2724    64.6956   1108093.3901  42851.92   40414.06   -46774.0  -46738.789   35.222      0.0    
   2300     23447.75    3.3982     2.0135     3.1051     1.8011     1.6083     3.1247     59.878   251774.7222  42890.85   40338.42   -46709.0  -46673.387   35.485      0.0    
   2400     24446.71    3.3421     1.996      3.0372     1.7798     0.918      0.4811    65.4338   38948.6864  42742.97   40230.73   -46553.0  -46517.75    34.786      0.0    
   2500     25448.39    3.3249     1.9798     3.024      1.7656     0.703      0.6538    60.6884   32704.8868  42556.34   40111.03   -46498.0  -46463.026   34.941      0.0    
   2600     26451.6     3.3455     1.9832     3.0385     1.764      1.0155     2.6845    60.3932   1184832.1354  42557.21   40084.48   -46458.0  -46423.183   34.805      0.0    
   2700     27449.29    3.3388     1.9776     3.0398     1.7644     1.5893     6.3209    70.4478   245883.6148  42610.93   40138.28   -46419.0  -46383.456   35.573      0.0    
   2800     28445.27    3.3218     1.9725     3.015      1.7537     1.1422     1.3613    62.4031   472680.2444  42454.26   39969.84   -46355.0  -46320.252   34.975      0.0    
   2900     29442.68    3.3071     1.9624      3.0       1.7448     1.0622     0.6861     65.259   3456979.4472  42433.66   39972.53   -46325.0  -46290.664   34.123      0.0    
   3000     30440.34    3.2994     1.971      2.9953     1.7513     0.8975     1.9597    61.2017   100114.8689  42467.06   39980.99   -46386.0  -46352.224   33.859      0.0    
   3100     31433.51    3.2728     1.9482     2.9643     1.7242     0.8061     0.0805    58.9215   112346.1051  42230.33   39738.74   -46156.0  -46122.213   33.616      0.0    
   3200     32421.7     3.2726     1.9386     2.9473     1.7094     0.9751     0.0741    56.8344   1011827.6464  42183.93   39649.81   -46003.0  -45969.818   33.453      0.0    
   3300     33410.7     3.2567     1.9313     2.947      1.7067      0.65      0.6621    58.9768   18226.623   42116.33   39627.92   -46016.0  -45982.874   32.823      0.0    
   3400     34402.85    3.2552     1.9342     2.9447     1.7132     0.699      0.1055    60.6066   212215.6909  42186.1    39658.5    -46041.0  -46007.929   33.044      0.0    
   3500     35397.31    3.2748     1.9606     2.9594     1.7272     1.1427     0.4908    63.5004   54814.1364  42344.79   39783.17   -46201.0  -46168.233   32.327      0.0    
   3600     36388.62    3.2724     1.9506     2.9584     1.7195     0.9582     1.1319    58.0471   17450.7481  42201.7    39717.62   -46195.0  -46162.628   32.176      0.0    
   3700     37379.53     3.25      1.9342     2.9373     1.7036     0.8749     0.6631    57.5275   194284.8193  42023.57   39608.55   -46058.0  -46025.831   32.147      0.0    
   3800     38370.07    3.2417     1.9335     2.938      1.7131     0.706      0.6048    59.8092   44541.6463  42058.11   39616.31   -46070.0  -46038.994   31.484      0.0    
   3900     39360.32    3.2526     1.9546     2.9352     1.7259     1.0533      3.03     62.4084   232970.0243  42226.84   39758.63   -46245.0  -46212.838   31.67       0.0    
   4000     40350.25    3.2481     1.9404     2.9207     1.6991     0.5879     1.4803    57.2351   409887.506  42075.8    39578.33   -46046.0  -46014.476   31.474      0.0    
   4100     41342.97    3.2622     1.9429     2.927      1.7016     0.6324     1.1076    59.3876   366511.2331  42053.02   39527.95   -45960.0  -45928.193   31.724      0.0    
   4200     42335.45    3.2451     1.9304     2.9232     1.6945     0.641      1.3571    60.8137   17876.3264  41994.25   39488.1    -45933.0  -45900.998   31.834      0.0    
   4300     43328.31    3.2315     1.9263     2.908      1.6954     0.664      0.8018    53.3566   1026128.1959  41855.34   39436.99   -45942.0  -45909.787   31.723      0.0    
   4400     44321.8     3.2281     1.928      2.9184     1.7042     0.9923     0.4258     58.43    66131.1457  42002.24   39578.84   -46023.0  -45991.645   31.35       0.0    
   4500     45312.63    3.2618     1.9428     2.9134     1.7023     0.8071     0.2514    59.0239   122397.1759  41994.19   39469.63   -45959.0  -45925.506   33.169      0.0    
   4600     46301.85    3.2355     1.9273     2.9063     1.6887     0.8593     1.8862    58.9584   5496.0558   41934.08   39473.07   -45942.0  -45908.802   33.15       0.0    
   4700     47290.55    3.2273     1.9125     2.903      1.6806     0.8994     0.7617    59.2267   499267.4764  41857.4    39404.16   -45829.0  -45796.177   32.692      0.0    
   4800     48279.78    3.2194     1.9134     2.8912     1.6805     0.6615     0.4217    56.4383   89853.0921  41782.26   39390.43   -45832.0  -45799.37    32.821      0.0    
   4900     49270.55    3.2167     1.9191     2.8927     1.6804     0.7134     0.1463    55.3035   255613.3666  41826.81   39394.0    -45876.0  -45843.502   32.203      0.0    
   5000     50258.73    3.2078     1.9045     2.886      1.669      0.5478     0.3928    57.3667   3061104.9087  41768.19   39325.33   -45779.0  -45747.012   32.298      0.0    
   5100     51246.71    3.1898     1.892      2.8797     1.6662     0.608      0.4221    53.7044   5669.5631   41683.49   39319.71   -45739.0  -45707.049   32.202      0.0    
