Generating synthetic count valued data ... 
Generating synthetic  count valued data took:  16.800790309906006
max_count =  52  min count =  0
Evaluation for true params: 
 test_rsme | train_rsme | rel-te-err | rel-tr-err |  test_nll  |  train_nll |
2.6464995749 2.6289161265   1.51876      1.50536     163417.29    651123.47  
Using  0.25 of training data
Factorizing with max_iteration = 16000  fixing covariance?:  False
Tensor dimensions:  [50, 50, 50]
Optimization metrics: 
Using Ada Grad
Mean update scheme:  S
Covariance update :  N
Using diagonal covariance?:  False
Random start? True
k1 samples =  64  k2 samples =  128
eta =  1.0  cov eta =  1.0  sigma eta =  1
iteration |   time   |test_rsme |rel-te-err|train_rsme|rel-tr-err|   d_mean  |   d_cov  |avg_grad_m|avg_grad_c| test_nll | train_nll |    VLB   |  E-term  |    KL     |   dw   |
    0         6.12     10.4195     6.6658    10.3648     6.6136     3.1623     0.4025     2.0962   24839.5253 138134.75  137165.29  -161065.0  -161006.412   58.755     0.0001  
    5        257.4     10.4187     6.6664    10.3625     6.6134     3.1623     0.8445    17.1044   255652.5627 137789.73  136926.18  -160592.0  -160538.132   53.743      0.0    
    10       512.95    10.4186     6.6686    10.3583     6.6117     3.1623     2.8049    34.0282   574204.4397 137570.18  136460.84  -160100.0  -160052.233   48.185      0.0    
    20       803.91    10.4112     6.6778    10.3373     6.6129     3.1623    11.2068    92.0015   1941354.0324 137219.98  135745.03  -159297.0  -159256.503   40.109      0.0    
    50      1224.14    10.2204     6.5643    10.0603     6.4384     3.1623    55.3091    432.3406  12442294.0931 133962.83  130953.35  -152658.0  -152599.696   58.405      0.0    
   100       1781.4     6.9601     4.0768     6.6985     3.9318     3.0745     55.414   1295.6196  1160684069555.6738  75145.82   72451.99   -80731.0  -80677.276   53.384      0.0    
   200      2652.35     4.5772     2.7649     4.2958     2.6169     2.7668     7.3055    217.7561  319067048.6547  52965.02   51030.06   -56868.0  -56814.093   53.847      0.0    
   300      3592.35     4.0438     2.4456     3.7649     2.2983     2.2749     1.5078    119.9822  84749716.1013  48716.6    46825.26   -52640.0  -52589.158   51.109      0.0    
   400      4574.84     3.8197     2.3148     3.5427     2.1532     1.698      1.3101    92.3783   26670862.2157  47015.24   45130.17   -51087.0  -51037.388   49.68       0.0    
   500       5586.2     3.7361     2.268      3.4433     2.0957     1.454      0.6927    82.8674   45238294.2341  46153.41   44116.28   -50269.0  -50222.682   46.684      0.0    
   600       6605.3     3.6746     2.221      3.3674     2.035      1.2681     3.9498     73.452   8970355.9558  45675.9    43440.25   -49597.0  -49549.896   47.219      0.0    
   700      7623.97     3.7122     2.2317     3.4013     2.0376     1.7298     6.8281    86.9657   12942504.1421  45808.38   43358.78   -49527.0  -49481.047   45.681      0.0    
   800      8629.87     3.641      2.1958     3.3022     1.9773     1.1445     1.4077     71.422   1984294.3348  45241.15   42682.52   -48908.0  -48863.125   44.382      0.0    
   900      9647.55     3.6096     2.1709     3.2597     1.9505     1.2399     4.2578    70.3753   859610.001  45025.54   42351.03   -48577.0  -48533.456   43.601      0.0    
   1000     10661.86    3.5418     2.1312     3.188      1.9047     0.996      1.6842    67.9508   918176.8476  44566.52   41930.35   -48107.0  -48064.019   43.225      0.0    
   1100     11682.45    3.5146     2.1185     3.1547     1.8796     1.2917     0.591     69.4162   5075188.7666  44396.09   41663.21   -47893.0  -47849.106   43.711      0.0    
   1200     12702.16    3.4863     2.0967     3.128      1.8541     0.916     13.2094    67.0382   2163910.4504  44128.6    41434.89   -47667.0  -47623.836   43.038      0.0    
   1300     13715.36    3.4947     2.1009     3.108      1.8475     0.9623     2.3935    65.8211   28990.9089  44026.02   41205.8    -47500.0  -47457.257   43.176      0.0    
   1400     14729.21    3.4665     2.0742     3.0922     1.8326     0.8807     0.9222    59.1745   62146.9646  43766.25   40991.91   -47308.0  -47265.704   42.008      0.0    
   1500     15747.54    3.4504     2.0656     3.068      1.815      0.9646     0.2792    61.8279   4089877.7814  43602.04   40769.91   -47079.0  -47038.545   40.762      0.0    
   1600     16766.87    3.5676     2.1003     3.1774     1.8473     2.4356    10.1772    81.1338   29350401115.986  43940.84   41045.51   -47349.0  -47303.723   45.469      0.0    
   1700     17757.8     3.4732     2.0648     3.0632     1.8058     0.903      0.3192     67.129   614165.2836  43603.3    40655.87   -46938.0  -46893.585   44.339      0.0    
   1800     18767.88    3.4015     2.0234     3.001      1.7632     0.7579     0.4192    56.8538   98085.1013  43232.16   40271.51   -46590.0  -46546.278   43.726      0.0    
   1900     19780.53    3.3949     2.0156     2.9963     1.7594     0.9627     0.5047    58.5817   268595.6762  43185.62   40253.44   -46527.0  -46483.635   43.398      0.0    
   2000     20794.99    3.5003     2.0572     3.1481     1.8119     2.4423    22.5951    98.4972   276113956112.4944  43563.3    40647.26   -46986.0  -46941.53    44.627      0.0    
   2100     21777.15    3.3948     2.0098     3.0194     1.7609     0.7334     1.4763    57.5074   23367.8237  43031.13   40167.57   -46535.0  -46490.793   44.504      0.0    
   2200     22788.66    3.3803     2.0054     2.9857     1.7516     1.044      0.1143    59.8443   984451.1162  42962.03   40109.91   -46452.0  -46408.249   44.015      0.0    
   2300     23801.99    3.3449     1.9829     2.9476     1.7214     0.7396     0.2162    54.6352   51334.612   42712.77   39850.31   -46187.0  -46143.845   43.224      0.0    
   2400     24816.81    3.335      1.9865     2.9359     1.7251     0.8337     1.102     56.9963   48375.5742  42714.73   39851.14   -46213.0  -46170.998   42.303      0.0    
   2500     25836.42    3.3335     1.9765     2.9258     1.7155     0.8542     0.0604    60.2567   1207508.5418  42613.97   39767.48   -46118.0  -46075.915   41.931      0.0    
   2600     26856.95    3.3177     1.969      2.9144     1.7028     0.9414     0.4746    59.3646   13367.5016  42555.73   39680.8    -46053.0  -46010.845   42.187      0.0    
   2700     27879.87    3.315      1.9664     2.9006     1.6905     0.6528     0.0475    57.3659   182119.4908  42500.3    39597.84   -45940.0  -45897.339   42.484      0.0    
   2800     28898.99    3.3061     1.9612     2.8899     1.6859     0.6384     0.1853    53.7739   15641.6135  42411.15   39482.96   -45841.0  -45799.329   41.794      0.0    
   2900     29923.74    3.2991     1.9526     2.8954     1.6926     0.792      0.7525     59.529   344232.0279  42425.41   39561.9    -45904.0  -45862.487   41.193      0.0    
   3000     30946.42    3.2884     1.9428     2.8848     1.6776     0.8985     0.6861    60.4649   246206.876  42421.83   39498.86   -45799.0  -45757.923   41.476      0.0    
   3100     31969.07    3.2991     1.9443     2.8781     1.6669     0.7115     0.2195    62.3708   2633165.2295  42460.97   39471.52   -45721.0  -45680.231   40.895      0.0    
   3200     32992.78    3.3057     1.958      2.8782     1.6785     0.7345     0.4136    59.3618   257265.4333  42376.83   39397.0    -45775.0  -45733.994   40.698      0.0    
   3300     34015.49    3.2717     1.9397     2.8682     1.6757     0.7744     0.3009    57.4678   119326.5844  42289.29   39403.91   -45732.0  -45690.642   41.104      0.0    
   3400     35038.34    3.2793     1.9456     2.8581      1.67      0.8521     0.1627     56.493   400557.7774  42252.21   39357.16   -45774.0  -45733.091   41.233      0.0    
   3500     36063.62    3.2766     1.9414     2.853      1.6608     0.8144     0.0616    55.9553   44403.3865  42170.76   39281.86   -45684.0  -45643.948   40.347      0.0    
   3600     37084.97    3.2674     1.934      2.8378     1.6522     0.8327     0.0895    55.9286   9593.0886   42108.19   39219.76   -45627.0  -45587.169   39.701      0.0    
   3700     38106.92    3.2809     1.9358     2.8638     1.6608     0.883      0.0804    57.9058   16750.8838  42200.58   39341.16   -45711.0   -45671.4    39.727      0.0    
   3800     39128.8     3.259      1.9313     2.8501     1.656      0.6393     0.3912    58.1563   235935.4023  42097.75   39217.59   -45644.0  -45604.483   39.279      0.0    
   3900     40152.52    3.2495     1.926      2.8431     1.6561     0.8707     0.748     54.6277   13015.4012  42012.4    39202.66   -45625.0  -45586.251   38.871      0.0    
   4000     41176.03    3.2401     1.9187     2.8314     1.6451     0.8215     0.1854    56.0066   357474.4143  41954.55   39159.36   -45554.0  -45514.81    39.189      0.0    
   4100     42199.02    3.2582     1.9274     2.8386     1.6512     0.6573     0.1295    54.8275   106505.1686  42017.03   39177.65   -45598.0  -45558.54    39.094      0.0    
   4200     43222.51    3.2534     1.9329     2.8346     1.6554     0.6098     0.1634    53.3987   15927.1602  41954.36   39135.46   -45601.0  -45561.454   39.431      0.0    
   4300     44246.65    3.2528     1.9266     2.8323     1.6521     0.5898     0.1647    53.5402   97400.8677  41915.36   39062.41   -45521.0  -45482.191    39.1       0.0    
   4400     45272.06    3.2615     1.9286     2.832      1.6571     0.8877     0.2157    59.3879   42696.933   41947.85   39152.64   -45604.0  -45565.016   38.853      0.0    
   4500     46299.23    3.2428     1.9198     2.8291     1.6514     0.8364     1.5205    58.9175   262690.5988  41855.5    39124.92   -45588.0  -45549.656   38.676      0.0    
   4600     47324.3     3.2356     1.9135     2.8356     1.6559     0.7514     1.099     56.0525   5954299.9102  41750.35   39101.69   -45527.0  -45485.953   41.22       0.0    
   4700     48349.57    3.2486     1.9218     2.8233     1.6476     0.7078     0.3162    55.1975   25000.5231  41864.05   39111.65   -45507.0  -45464.983   41.608      0.0    
   4800     49370.07    3.2239     1.9036     2.8263     1.6398     0.6733     2.3942    56.3464   140302.8707  41771.24   39074.1    -45517.0  -45475.274   41.799      0.0    
   4900     50393.68    3.2449     1.9072     2.8222     1.6303     0.7603     2.1945    56.9769   50349.8612  41801.22   39008.91   -45409.0  -45367.121   41.429      0.0    
   5000     51417.15    3.2228     1.898      2.8043     1.6232     0.5734     0.0502     50.762   106478.5891  41725.84   38897.78   -45342.0  -45300.697   41.17       0.0    
   5100     52442.74    3.2256     1.9114     2.8047     1.6318     0.5872     0.059     53.8408   73763.2189  41792.11   38954.9    -45396.0  -45355.058   41.102      0.0    
   5200     53466.8     3.2416     1.9232     2.8094      1.64      0.6796     0.0933    53.6789   189547.7888  41816.74   39031.23   -45519.0  -45478.603   40.454      0.0    
   5300     54490.95    3.2467     1.9218     2.8129     1.6342     0.6725     0.8039    59.2656   9056252.969  41837.1    39013.83   -45465.0  -45424.743   39.92       0.0    
   5400     55513.15    3.2367     1.9206     2.8025     1.639      0.6494     0.6566    56.1463   589419.9475  41808.54   39002.46   -45426.0  -45386.564   39.754      0.0    
   5500     56538.67    3.2473     1.9212     2.8059     1.6315     0.7714     0.3031    52.3243   57471.487   41781.19   38930.09   -45431.0  -45390.599   40.742      0.0    
   5600     57561.84    3.2282     1.9137     2.805      1.6354     0.7408     0.1842    52.3108   10225.1451  41711.47   39005.98   -45465.0  -45423.976   41.145      0.0    
   5700     58584.99    3.2291     1.9074     2.7975     1.6219     0.5085     2.0665     51.082   34373.1796  41638.67   38874.13   -45335.0  -45294.318   40.817      0.0    
   5800     59610.01    3.238      1.916      2.8127     1.6363     0.7543     0.7593    53.9349   41145.9086  41751.46   38979.48   -45444.0  -45402.206   41.407      0.0    
   5900     60634.38    3.2313     1.9112     2.7923     1.6204     0.6922     0.1546     52.209   5877.9282   41689.29   38920.58   -45389.0  -45348.01    41.024      0.0    
   6000     61660.45    3.2291     1.916      2.8009     1.6358     0.9737     0.4777    58.2382   68276.184   41744.18   39055.24   -45537.0  -45495.165   41.401      0.0    
   6100     62683.58    3.2299     1.9088     2.8045     1.6264     0.7294     0.835     58.9168   77068.6836  41780.79   39082.64   -45522.0  -45480.864   41.151      0.0    
   6200     63705.68    3.2393     1.9168     2.8034     1.6308     0.9988     0.5203    59.9884   2482118.7247  41764.03   39056.75   -45554.0  -45511.834   42.141      0.0    
   6300     64726.65    3.2413     1.9163     2.7941     1.6257     0.7287     1.4037    58.7317   7459.7356   41777.54   39021.34   -45497.0  -45455.514   41.41       0.0    
   6400     65749.54    3.2239     1.9112     2.7919     1.6286     0.7982      9.8      60.7307   265977.9962  41690.06   38953.44   -45460.0  -45418.175   41.512      0.0    
   6500     66769.87    3.2274     1.9144     2.7866     1.622      0.5209     0.0727    51.4848   8501931.2913  41609.62   38849.46   -45361.0  -45319.566   41.794      0.0    
   6600     67785.03    3.2227     1.907      2.787      1.6261     0.5468     0.0643    56.7695   9041394.9802  41655.69   38880.65   -45386.0  -45344.894   41.535      0.0    
   6700     68800.53    3.2217     1.9037     2.7792     1.613      0.5964     0.2868     53.194   26392.2279  41643.79   38825.51   -45284.0  -45242.417   41.856      0.0    
   6800     69817.15    3.2236     1.9008     2.7841     1.6184     0.5186     0.5443    53.8475   36659.6085  41653.36   38842.96   -45287.0  -45244.968   41.595      0.0    
   6900     70835.15    3.2204     1.8971     2.7737     1.6044     0.5684     0.3063    50.9482   7664.7434   41619.9    38820.02   -45278.0  -45235.544   42.103      0.0    
   7000     71853.9     3.2273     1.9052     2.7751     1.6132     0.7942     0.4379    54.5885   22451.4762  41728.76   38913.36   -45344.0  -45302.426   41.976      0.0    
   7100     72872.83     3.24      1.9167     2.8016     1.6392     0.9735     0.6175    63.4082   2437231.3457  41823.99   39097.22   -45558.0  -45515.701   42.224      0.0    
   7200     73889.95    3.3232     1.9541     2.8757     1.6608     1.5305     8.3698    64.2953   690886.1852  41974.31   38987.12   -45442.0  -45399.531   42.427      0.0    
   7300     74890.08    3.2453     1.9166     2.7894     1.6209     0.6085     0.1956    57.1287   13606.4128  41743.05   38786.98   -45265.0  -45222.923    42.4       0.0    
   7400     75895.83    3.2354     1.914      2.7856     1.6257     0.5502     0.0937    57.4498   1227097.5966  41742.54   38783.21   -45290.0  -45247.676   42.262      0.0    
   7500     76906.44    3.2216     1.9025     2.763      1.5997     0.5269     0.4552    52.0555   25906.0863  41637.12   38716.02   -45175.0  -45132.392   42.109      0.0    
   7600     77914.02    3.2131     1.896      2.7641     1.6049     0.6431     0.1162    50.6104   288936.7383  41602.03   38681.66   -45139.0  -45094.975   43.792      0.0    
   7700     78924.1     3.2041     1.895      2.7627      1.61      0.6576     0.0772    51.3716   292459.6978  41570.57   38748.04   -45230.0  -45185.489   44.208      0.0    
   7800     79934.02    3.2103     1.891      2.768      1.6034     0.6854     0.0989    54.1539   9351045.9351  41604.66   38735.28   -45187.0  -45142.271   44.481      0.0    
   7900     80947.38    3.2065     1.8926     2.7483     1.5959     0.4435     0.0391    49.5652   8650.6467   41552.85   38649.95   -45137.0  -45093.357   44.036      0.0    
   8000     81957.14    3.207      1.8956     2.7485     1.595      0.4941     0.1152     51.854   54755.0217  41612.21   38666.67   -45121.0  -45077.64    43.841      0.0    
   8100     82966.99    3.1976     1.8864     2.7596     1.602      0.5638     0.0341    52.8829   6295837.3483  41452.61   38661.67   -45140.0  -45096.543   43.495      0.0    
   8200     83975.2     3.2093     1.8929     2.7573     1.6002     0.5507     0.0347    53.5728   8499.9605   41524.99   38676.64   -45156.0  -45112.734   43.042      0.0    
   8300     84988.71    3.2026     1.8916     2.7584     1.6028     0.7777     0.119     54.8038   332018.6714  41542.29   38726.49   -45188.0  -45145.351   43.143      0.0    
   8400     86002.21    3.2117     1.8881     2.7552     1.6002     0.6688     0.283     54.3128   2174.3657   41553.35   38688.76   -45145.0  -45101.835   42.969      0.0    
   8500     87013.47    3.2177     1.8946     2.7577     1.5945     0.6833     0.204     56.7318   1155385.8282  41605.05   38659.67   -45137.0  -45093.795   43.092      0.0    
   8600     88026.11    3.2187     1.8986     2.7543     1.5985     0.6524     0.0584    54.0382   2043.0045   41569.56   38663.05   -45150.0  -45106.125   43.38       0.0    
   8700     89036.79    3.2128     1.9007     2.7473     1.5988     0.4442     0.1965    51.8602   6237.2332   41475.77   38656.22   -45206.0  -45162.687   43.764      0.0    
   8800     90048.25    3.2002     1.8892     2.7444     1.5933     0.6305     0.0652    49.6451   6980513.4556  41515.28   38643.5    -45144.0  -45100.367   43.26       0.0    
   8900     91059.79    3.1945     1.8845     2.7491     1.5947     0.6437     0.0845    55.8125   251169.838  41479.62   38677.31   -45126.0  -45082.917   43.296      0.0    
   9000     92073.61    3.1994     1.8812     2.7477     1.5875     0.4884     0.0595    56.8049   20685545.947  41509.86   38643.66   -45081.0  -45036.968    44.1       0.0    
   9100     93084.0     3.2051     1.8809     2.754      1.594      0.6267     0.0494    58.1839   4456285.1816  41507.08   38689.64   -45099.0  -45055.337   44.13       0.0    
   9200     94095.93    3.1953     1.8804     2.7456     1.5891     0.6718     0.0577    55.5075   522459.846  41435.02   38626.98   -45064.0  -45020.575   43.815      0.0    
   9300     95077.63    3.1886     1.8788     2.7403     1.5814     0.4917     0.0456    48.8301   7264.0457   41406.19   38581.06   -45054.0  -45010.464   43.872      0.0    
   9400     96057.65    3.1974     1.887      2.7547     1.5965     0.4543     0.0905    52.1743   2545.7865   41464.51   38667.72   -45159.0  -45115.798   43.459      0.0    
   9500     97073.93    3.1986     1.8927     2.7443     1.5991     0.6135     0.0688    57.5284   18888.8532  41522.58   38711.29   -45237.0  -45193.341   43.431      0.0    
   9600     98054.74    3.1985     1.8978     2.7488     1.6088     0.5214     0.0372    56.3272   1450.0102   41539.09   38737.12   -45276.0  -45231.852   43.661      0.0    
   9700     99046.34    3.2069     1.8992     2.7424     1.5975     0.4073     0.2537    53.5355   118396.991  41433.13   38640.38   -45154.0  -45109.797   43.877      0.0    
   9800    100076.13    3.2147     1.8977     2.7449     1.5926     0.3598     0.0508    49.9306   573642.2432  41538.36   38627.48   -45143.0  -45099.072   43.864      0.0    
   9900    101076.85    3.1922      1.88      2.7511     1.5874     0.429      0.1405    50.3078   29795.084   41410.14   38596.47   -45083.0  -45039.415   43.425      0.0    
  10000    102088.33    3.2044     1.888      2.7442     1.5915     0.5446     0.1339    51.8515   22202.0769  41454.83   38625.52   -45155.0  -45111.983   43.511      0.0    
  10100    103104.96    3.2067     1.881      2.7487     1.588      0.3699     0.3026    52.7015   42200.9321  41467.23   38661.7    -45113.0  -45069.95    43.144      0.0    
  10200    104129.76    3.1957     1.8795     2.7376     1.5827     0.4749     0.1029    51.3302   7892.2686   41382.14   38644.67   -45094.0  -45050.732   43.144      0.0    
  10300    105151.48    3.1966     1.8812     2.7409     1.5826     0.5374     0.0422    51.9669   451302.4886  41428.06   38630.2    -45091.0  -45048.281   43.037      0.0    
  10400    106186.21    3.194      1.8842     2.7405     1.5847     0.6288     0.2239    49.4131   1225.2997   41403.84   38602.72   -45110.0  -45066.896   42.953      0.0    
  10500    107236.65    3.1997     1.8918     2.7358     1.5925     0.4256     0.0824     48.014   20079.8683  41453.43   38636.18   -45144.0  -45101.016   42.564      0.0    
  10600    108266.08    3.1994     1.8837     2.7478     1.5884     0.8647     0.2181    49.1929   15989.0669  41437.32   38639.25   -45141.0  -45098.352   42.705      0.0    
  10700    109303.19    3.2064     1.8918     2.736      1.5905     0.5615     0.8588    49.4184   2484475.7598  41474.49   38626.11   -45142.0  -45098.973   42.863      0.0    
  10800    110384.84    3.2028     1.8968     2.742      1.5943     0.5858     0.0671    50.0374   28402.801   41467.83   38627.09   -45167.0  -45124.006   42.739      0.0    
  10900    111389.42    3.2205     1.9018     2.7459     1.5938     0.5133      0.07      49.139   419451.4328  41536.12   38647.23   -45149.0  -45107.078   42.313      0.0    
  11000    112447.42    3.208      1.8933     2.7498     1.6039     0.4713     0.2273     52.93    4419433.6838  41498.16   38704.26   -45206.0  -45164.216   42.212      0.0    
  11100    113498.85    3.204      1.8871     2.7394     1.5873     0.3607     0.456     51.5144   208032.5697  41466.72   38632.31   -45135.0  -45092.93    42.241      0.0    
  11200     114499.4    3.198      1.8815     2.7314     1.5802     0.3508     0.2352    46.4131   29645.0856  41438.9    38580.23   -45104.0  -45061.625   42.27       0.0    
  11300    115494.75    3.2013     1.8838     2.7341     1.5827     0.5242     0.1771    51.0423   15353.5487  41465.07   38621.72   -45119.0  -45076.676   42.416      0.0    
  11400    116487.64    3.2035     1.8819     2.7413     1.5769      0.44      2.816     49.7448   423827.8432  41540.63   38685.99   -45155.0  -45112.162   42.55       0.0    
  11500    117484.33    3.1923     1.8842     2.7456     1.5919     0.3482     0.0567     48.374   3067.2611   41420.84   38628.54   -45165.0  -45122.192   42.658      0.0    
  11600    118542.56    3.1913     1.8794     2.7391     1.587      0.4102     0.1349    51.1333   8923.3264   41390.13   38623.55   -45120.0  -45077.255   42.796      0.0    
  11700    119556.14    3.195      1.8848     2.7358     1.5828     0.3823     0.3409    46.5544   519865.0665  41431.86   38648.06   -45104.0  -45061.574   42.479      0.0    
  11800     120564.1    3.1964     1.8752     2.7421     1.5788     0.3778     0.8239    50.3135   4957.3978   41374.78   38603.14   -45031.0  -44988.899   42.143      0.0    
  11900    121584.13    3.1944     1.8746     2.7292     1.578      0.3891     0.1643    49.8254   25521.3219  41345.99   38590.57   -45066.0  -45024.109   42.199      0.0    
  12000    122577.56    3.1908     1.8758     2.7399     1.5805     0.5256     0.4482    49.5478   7443.4668   41338.73   38604.51   -45079.0  -45036.196   42.332      0.0    
  12100    123574.64    3.1986     1.8816     2.7348     1.5818     0.3963     0.0933    50.8124   16555.9687  41411.77   38610.82   -45111.0  -45068.501   42.707      0.0    
  12200    124644.94    3.207      1.8883     2.7434     1.5888     0.3946     0.4194    49.2241   20891898.3613  41417.92   38614.45   -45087.0  -45043.67    43.388      0.0    
  12300    125688.17    3.1925     1.8792     2.7427     1.5926     0.5351     0.7132    56.1446   271220.1796  41408.87   38664.58   -45160.0  -45116.868   43.219      0.0    
  12400    126730.63    3.191      1.8753     2.7341     1.5806     0.4212     0.0734     49.811   5578201.8307  41346.95   38605.61   -45111.0  -45068.207   43.18       0.0    
  12500    127778.27    3.2012     1.8867     2.7338     1.5856     0.4155     1.0668    50.8114   15442.9353  41448.34   38675.36   -45199.0  -45155.474   43.125      0.0    
  12600    128819.94    3.2036     1.8894     2.7291     1.5844     0.395      0.4997    49.2963   30248.6535  41419.82   38609.32   -45152.0  -45109.168    43.0       0.0    
  12700    129864.94    3.1919     1.8812     2.7276     1.5822     0.3718     0.0352    46.7064   7922.7028   41376.43   38566.37   -45095.0  -45051.93    43.272      0.0    
  12800    130919.23    3.1954     1.8849     2.7349     1.5814     0.4675     0.0897    50.6769   14627.5434  41429.68   38584.07   -45102.0  -45059.498   42.772      0.0    
  12900    131981.75    3.2056      1.89      2.7344     1.585      0.4934     0.1498    52.5912   5042.1754   41500.59   38619.77   -45132.0  -45089.456   42.395      0.0    
  13000    133006.49    3.1953     1.8829     2.7252     1.5788     0.5972     0.0693    50.4928   9237.7012   41448.81   38618.58   -45088.0  -45045.597   42.675      0.0    
  13100     134065.8    3.1969     1.8833     2.7332     1.5825     0.582      0.5098    52.2302   768098.9037  41402.25   38587.29   -45081.0  -45038.034   42.658      0.0    
  13200    135113.03    3.1977     1.8794     2.7313     1.5812     0.3778     0.2865     49.688   68289.4708  41431.96   38574.58   -45048.0  -45005.559   42.548      0.0    
  13300    136147.64    3.196      1.8801     2.7321     1.5779     0.4375     0.1115    49.8656   25232.6238  41397.64   38577.92   -45064.0  -45021.26    43.107      0.0    
  13400     137215.6    3.1963     1.8817     2.7187     1.571      0.5256     0.0449    48.6808   101618.0391  41460.33   38591.55   -45092.0  -45049.166   43.252      0.0    
  13500    138275.85    3.1998     1.8831     2.7314     1.5753     0.3752     0.0927    51.5512   1569463.2321  41441.98   38606.56   -45075.0  -45031.853   43.158      0.0    
  13600    139327.43    3.2023     1.8787     2.7249     1.5714     0.5028     0.2804    48.0415   9305.9592   41373.85   38546.23   -45054.0  -45010.813   43.23       0.0    
  13700    140365.29     3.2       1.8826     2.7199     1.5751     0.4926     0.0871    48.4206   6124.6749   41436.43   38577.48   -45069.0  -45026.273   42.75       0.0    
  13800    141406.36    3.2042     1.8838     2.7289     1.5806     0.4141     0.0456    49.4367   237140.7791  41434.21   38590.73   -45082.0  -45039.01    42.527      0.0    
  13900    142458.18    3.1932     1.8763     2.7244     1.5775     0.4469     0.0719    47.4188   98432.1665  41382.82   38577.46   -45060.0  -45017.516   42.753      0.0    
  14000    143509.75    3.1957     1.8702     2.7251     1.5705     0.3759     0.0858    49.6161   29063.9274  41353.33   38567.91   -45009.0  -44966.988   42.354      0.0    
  14100    144568.35    3.2015     1.8867     2.7211     1.5768     0.3094     0.1278    48.3306    24735.55   41404.08   38607.43   -45128.0  -45085.41    42.728      0.0    
  14200    145616.33    3.1933     1.8793     2.7312     1.5813     0.4039     0.0436    48.9054   92822.8403  41361.63   38583.97   -45086.0  -45042.976   42.66       0.0    
  14300    146652.42    3.2038     1.8857     2.7333     1.5801     0.532      0.1471    52.5795   1796.6553   41443.89   38631.96   -45130.0  -45087.478   42.761      0.0    
  14400    147694.53    3.2072     1.8871     2.7339     1.5792     0.3652     0.1769    52.5615    29107.84   41426.28   38618.37   -45100.0  -45057.259   42.793      0.0    
  14500    148733.18    3.2004     1.8872     2.7296     1.5798     0.439      0.6469    47.3922   11142.9028  41436.95   38626.95   -45132.0  -45088.692   42.915      0.0    
  14600    149713.56    3.1862     1.8708     2.7246     1.5742     0.3842     0.0448    49.2027   10994.5201  41395.75   38571.54   -45044.0  -45001.306   42.872      0.0    
  14700    150697.25    3.2039     1.878      2.7179     1.5676     0.4135     0.4612    48.2847   166446.6345  41408.23   38575.73   -45017.0  -44974.418   43.048      0.0    
  14800    151683.31    3.1984     1.882      2.7224     1.5783     0.5243     0.1495    48.1622   2886.5921   41415.8    38606.32   -45129.0  -45086.225   42.508      0.0    
  14900    152669.47    3.2019     1.8919      2.73      1.5845     0.5392     0.6764    51.1811   8295.0896   41440.22   38684.3    -45208.0  -45165.831   42.419      0.0    
  15000    153686.89    3.2036     1.8879     2.7356     1.5904     0.7374     0.0604    52.9777   56113.1533  41430.03   38693.93   -45172.0  -45129.693   42.363      0.0    
  15100    154699.53    3.1911     1.883      2.7292     1.5837     0.5354     0.9065    50.2132   53425.0445  41318.12   38611.57   -45114.0  -45071.339   42.344      0.0    
  15200    155708.72    3.1867     1.878      2.7269     1.5823     0.5217     0.0634    51.9764   1020162.2264  41329.14   38648.73   -45173.0  -45130.881   42.148      0.0    
  15300    156698.95    3.1841     1.877      2.7212     1.5806     0.5137     0.2485    52.3716   22840.301   41298.65   38617.78   -45162.0  -45119.846   42.26       0.0    
  15400    157680.56    3.2031     1.8895     2.7274     1.5824     0.404      0.581     52.6234   11813.9735  41341.1    38642.57   -45173.0  -45130.415   42.25       0.0    
  15500    158662.81    3.1977     1.8826     2.7236     1.5786     0.4732     0.0648    51.5281   10557.277   41325.97   38609.0    -45093.0  -45050.323   42.34       0.0    
  15600    159647.32    3.184      1.8784     2.7362     1.5862      0.49      0.1047    54.6003   1962.1273   41375.7    38665.94   -45145.0  -45102.612   42.612      0.0    
  15700    160627.11    3.1996     1.8926     2.7316     1.5872     0.5968     0.0814    57.8122   157275.9447  41396.99   38703.09   -45205.0  -45162.393   42.513      0.0    
  15800    161604.42    3.2034     1.8913     2.7325     1.587      0.4428     0.3523    52.9062   102281.8425  41375.55   38681.28   -45221.0  -45178.254   42.28       0.0    
  15900    162582.48    3.2147     1.894      2.7375     1.5885     0.639      0.0706    51.3282   20805.9141  41452.97   38696.19   -45224.0  -45181.782   41.971      0.0    
  16000    163561.63    3.201      1.8861     2.7299     1.5802     0.3895     0.3278    52.9107   7740.3382   41431.93   38672.84   -45156.0  -45114.554   41.937      0.0    
[ 0.44742552  1.38912109  0.27742917  0.47542347  0.53116471  0.68135702
  0.12802835 -0.04444969 -0.56287409  0.44443822  0.44971089  0.17362721
  0.04853929 -0.15223572  0.21644199  0.39990347  0.39731027  1.27846766
 -1.51357931  1.59039868]
[ 0.96646766  0.56297743  1.15591588 -0.97920922  0.94437372  0.4703475
  0.12907836  0.56146477  1.07280782  0.78332326 -1.31588767  0.24498217
 -0.1010265   0.92353572  0.96031617 -0.38502087  1.62403437  1.93032494
  2.10393504  1.6179447 ]
[ 1.10496851  0.86882342  0.84307122 -0.57278433 -1.15080943  0.73221512
  1.29277516  0.88236015 -0.97145329  1.16709783  1.569337    1.48538858
 -0.80534838  1.28031835  0.83834247  0.01582254  0.18233962  1.41208867
  0.66531366 -0.92888544]
