Generating synthetic count valued data ... 
Generating synthetic  count valued data took:  16.755444049835205
max_count =  52  min count =  0
Evaluation for true params: 
 test_rsme | train_rsme | rel-te-err | rel-tr-err |  test_nll  |  train_nll |
2.6464995749 2.6289161265   1.51876      1.50536     163417.29    651123.47  
Using  0.25 of training data
Factorizing with max_iteration = 16000  fixing covariance?:  False
Tensor dimensions:  [50, 50, 50]
Optimization metrics: 
Using Ada Grad
Mean update scheme:  S
Covariance update :  N
Using diagonal covariance?:  False
Random start? True
k1 samples =  64  k2 samples =  128
eta =  1.0  cov eta =  1.0  sigma eta =  1
iteration |   time   |test_rsme |rel-te-err|train_rsme|rel-tr-err|   d_mean  |   d_cov  |avg_grad_m|avg_grad_c| test_nll | train_nll |    VLB   |  E-term  |    KL     |   dw   |
    0         2.36     10.4207     6.6661    10.3663     6.6139     3.1623     0.2692     2.6013     1.8708   176470.48  175474.41  -328544.0  -328484.794   59.22      0.0065  
    5        238.54    10.4276     6.6676    10.3707     6.6137     3.1623     0.3933    21.1502    17.9633   177340.46  176371.83  -327774.0  -327721.906   51.918     0.0024  
    10       494.89    10.4345     6.6728    10.3747     6.6144     3.1623     0.3933     43.24     38.4338   176577.25  174908.52  -326165.0  -326119.162   46.19      0.0003  
    20       783.71    10.4409     6.6631    10.3624     6.5895     3.1623     0.4025    123.9745   104.3352  174574.05  172441.19  -320749.0  -320709.849   39.25      0.0002  
    50      1154.04    10.0271     6.2293     9.8593     6.1075     3.1623     0.4025    723.252    463.7799  157085.55  153375.24  -259666.0  -259610.393   55.224     0.0002  
   100      1624.69      6.2       3.7883     6.0205     3.6676     3.1476     0.2142   1555.9964  1180.8469   76453.88   73622.09   -83501.0  -83451.535   49.147     0.0005  
   200      2225.52     4.5692     2.766      4.3419     2.6359     2.7988     0.1238    290.6166   472.3501   54994.09   52908.94   -61338.0  -61292.275   45.817     0.0003  
   300       2896.8     4.1805     2.6028     3.914      2.4375      2.0       0.1005    156.7919   484.5471   51796.68   49294.15   -58733.0  -58689.41    43.312     0.0001  
   400      3567.83     3.9569     2.4286     3.6689     2.2534     1.5892     0.0801    139.6009   457.847    49007.07   46439.0    -56026.0  -55983.866   41.802     0.0001  
   500      4240.42     3.7709     2.2864     3.497      2.1276     1.4806     0.0685    116.7661   465.2654   46986.59   44653.75   -53952.0  -53910.398   41.126     0.0001  
   600      4912.23     3.7025     2.2446     3.429      2.0762     1.4126     0.0602    102.1811   470.3454   46256.14   43827.12   -53232.0  -53191.329   40.297      0.0    
   700      5582.48     3.6614     2.2254     3.3784     2.0422     1.1268     0.0541    96.6036    470.9777   45846.79   43406.19   -52800.0  -52759.055   40.76       0.0    
   800      6250.77     3.6104     2.1907     3.3147     2.0005     1.1135     0.0504    86.4269    473.668    45271.56   42720.02   -52152.0  -52111.031   40.919      0.0    
   900      6919.81     3.5872     2.1754     3.2937     1.984      1.1178     0.046     86.8038    473.0915   45101.56   42571.54   -51966.0  -51926.044   40.429      0.0    
   1000      7588.9     3.5566     2.1519     3.2516     1.949      0.8094     0.042      77.925    478.6599   44669.53   42033.23   -51431.0  -51390.683   39.975      0.0    
   1100     8257.79     3.5334     2.128      3.2232     1.9189     0.7134     0.0413    74.2425    477.4139   44320.46   41665.98   -50891.0  -50850.577   40.045      0.0    
   1200     8924.42     3.5174     2.1197     3.206      1.9159     0.923      0.0372    81.8828    477.2301   44256.11   41646.11   -51016.0  -50976.435   39.71       0.0    
   1300     9591.04     3.4915     2.0946     3.1671     1.8786     1.2051     0.0367    79.5366    479.4166   43946.09   41260.93   -50502.0  -50463.583   38.811      0.0    
   1400     10257.4     3.4897     2.0964     3.1666     1.8751     0.7876     0.0342    74.8441    479.1736   43775.23   41137.57   -50416.0  -50376.759   39.467      0.0    
   1500     10923.64    3.4605     2.0718     3.1338     1.8518     1.0851     0.0324    76.3826    475.0641   43560.22   40882.38   -50058.0  -50019.698   38.38       0.0    
   1600     11590.43    3.4298     2.0504     3.1113     1.8412     1.0963     0.0311    73.4206     480.1     43463.06   40795.94   -49981.0  -49942.898   38.438      0.0    
   1700     12256.06    3.4234     2.0527     3.0981     1.8314     0.7511     0.0305    66.4956    479.9385   43323.2    40664.7    -49870.0  -49831.796   38.059      0.0    
   1800     12920.94    3.4155     2.0386     3.0805     1.8069     0.8352     0.0286    72.6122    471.1541   43254.89   40500.5    -49734.0  -49696.851   37.047      0.0    
   1900     13583.72    3.4334     2.0643     3.0906     1.8248     0.8617     0.029     80.8332    495.1164   43306.4    40652.49   -49813.0  -49775.581   37.335      0.0    
   2000     14247.25    3.4097     2.0386     3.0598     1.7948     0.8719     0.0271    72.5555    488.575    43045.43   40334.6    -49477.0  -49439.814   36.884      0.0    
   2100     14912.42    3.3858     2.0223     3.0374     1.7778     0.6532     0.0261    77.6117    491.1363   42867.59   40141.68   -49321.0  -49284.068   36.619      0.0    
   2200     15575.07    3.3657     2.0078     3.0207     1.7644     0.7541     0.0252    71.5653    485.493    42676.3    39987.6    -49138.0  -49101.203   36.761      0.0    
   2300     16237.43    3.3647     2.0178     3.0176     1.7773     0.5379     0.0245    75.2703    489.2696   42792.66   40082.24   -49275.0  -49237.865   37.254      0.0    
   2400     16897.64    3.3728     2.014      3.0117     1.768      0.801      0.0241    74.6997    487.4775   42799.35   39990.53   -49120.0  -49083.421   36.833      0.0    
   2500     17559.48    3.3625     2.0127     3.0122     1.7687     0.5743     0.0232     71.998    495.5839   42719.9    39937.52   -49084.0  -49046.256   37.467      0.0    
   2600     18219.74    3.349      1.9974     2.9742     1.7394     0.7853     0.0241    70.3768    489.7345   42618.75   39728.72   -48858.0  -48821.381   36.985      0.0    
   2700     18879.37    3.3469     1.9929     2.9711     1.7356     0.7249     0.023     73.6463    488.784    42542.15   39690.4    -48749.0  -48711.613   37.015      0.0    
   2800     19538.09    3.3402     1.9865     2.9619     1.7254     0.6163     0.022     72.9921    493.7126   42505.6    39613.15   -48646.0  -48609.033   36.67       0.0    
   2900     20198.78    3.3382     1.9871     2.9458     1.7154     0.5704     0.0222    70.1153    488.8185   42437.79   39482.8    -48520.0  -48482.32    37.316      0.0    
   3000     20858.76    3.3174     1.9706     2.9371     1.7088     0.6026     0.022     66.8355    489.1882   42408.77   39451.38   -48493.0   -48455.8    36.733      0.0    
   3100     21520.16    3.3321     1.9785     2.9432     1.708      0.8571     0.0213    71.3589    491.6501   42396.3    39472.47   -48474.0  -48436.476   37.031      0.0    
   3200     22178.77    3.3141     1.969      2.9256     1.7044     0.5535     0.0209     71.54     492.9575   42291.34   39396.46   -48399.0  -48361.566   36.974      0.0    
   3300     22836.84    3.3202     1.9685     2.9293     1.7026     0.7043     0.0201    73.3383    492.5446   42269.68   39380.86   -48355.0  -48318.07    37.127      0.0    
   3400     23498.39    3.3098     1.9641     2.9194     1.702      0.5413     0.0207    67.5035    497.7803   42162.15   39327.7    -48349.0  -48312.283   36.698      0.0    
   3500     24157.28    3.3029     1.9624     2.9016     1.6918     0.7306     0.0194    73.3573    490.7935   42194.76   39311.45   -48298.0  -48260.749   37.378      0.0    
   3600     24815.62    3.3078     1.971      2.9022     1.6938     0.7825     0.0195    70.9224    491.0755   42191.34   39263.92   -48296.0  -48259.58    36.777      0.0    
   3700     25474.06    3.3122     1.9696     2.9129     1.7032     0.6796     0.0198    71.3285    507.5242   42239.94   39344.11   -48376.0  -48339.055   37.186      0.0    
   3800     26133.04    3.2925     1.9646     2.8938     1.6942     0.5311     0.0188    72.3147    505.7676   42122.76   39290.92   -48339.0  -48302.218   37.048      0.0    
   3900     26791.79    3.3071     1.9704     2.892      1.6911     0.612      0.0186    71.1712    511.8263   42189.94   39288.97   -48339.0  -48301.484   37.176      0.0    
   4000     27450.32    3.3021     1.9646     2.8949     1.687      0.7148     0.0182    79.2446    505.9923   42186.13   39249.88   -48381.0   -48343.6    37.514      0.0    
   4100     28108.59    3.3024     1.9673     2.8966     1.6982     0.817      0.0184    78.8475    507.2763   42248.26   39304.93   -48427.0  -48389.704   37.589      0.0    
   4200     28767.29    3.304      1.9636     2.879      1.682      0.6524     0.018     72.8435    504.4453   42180.82   39149.32   -48217.0  -48180.327   37.044      0.0    
   4300     29427.89    3.2773     1.9503     2.8679     1.6756     0.8271     0.019     70.8384    508.6494   42019.07   39107.41   -48202.0  -48163.769   37.854      0.0    
   4400     30086.7     3.267      1.9304     2.855      1.6564     0.5198     0.018     67.6679    504.6039   41899.3    38925.4    -47875.0  -47837.528   37.332      0.0    
   4500     30744.89    3.2759     1.9343     2.8495     1.651      0.5221     0.0174    64.5589    494.9166   41914.5    38876.88   -47899.0  -47862.226   37.203      0.0    
   4600     31402.37    3.2728     1.9342     2.8499     1.6537     0.4686     0.0172    65.3885    499.7921   41908.81   38857.6    -47810.0  -47773.528   36.617      0.0    
   4700     32059.41    3.285      1.9505     2.8631     1.6665     0.5804     0.0172    71.1928    511.4019   42004.1    38997.21   -48040.0  -48003.274   37.017      0.0    
   4800     32716.42    3.2939     1.959      2.8573     1.6645     0.5029     0.0174    69.7609    506.6731   42012.47   38972.22   -47984.0  -47946.435   37.194      0.0    
   4900     33374.34    3.2827     1.9456     2.8621     1.6612     0.5292     0.0169    69.8019    511.0574   41997.08   38951.73   -47923.0  -47885.573   37.71       0.0    
   5000     34032.56    3.273      1.9339     2.8482     1.6464     0.5944     0.0164    72.0767    502.3732   41915.37   38889.59   -47833.0  -47795.451   37.434      0.0    
   5100     34690.11    3.2672     1.9312     2.8381     1.6397     0.6828     0.0165    69.4532    499.9662   41849.28   38761.73   -47728.0  -47690.42     37.8       0.0    
