Generating synthetic count valued data ... 
Generating synthetic  count valued data took:  16.329869508743286
max_count =  52  min count =  0
Evaluation for true params: 
 test_rsme | train_rsme | rel-te-err | rel-tr-err |  test_nll  |  train_nll |
2.6464995749 2.6289161265   1.51876      1.50536     163417.29    651123.47  
Using  0.25 of training data
Factorizing with max_iteration = 16000  fixing covariance?:  False
Tensor dimensions:  [50, 50, 50]
Optimization metrics: 
Using Ada Grad
Mean update scheme:  S
Covariance update :  N
Using diagonal covariance?:  False
Random start? True
k1 samples =  64  k2 samples =  128
eta =  1.0  cov eta =  1.0  sigma eta =  1
iteration |   time   |test_rsme |rel-te-err|train_rsme|rel-tr-err|   d_mean  |   d_cov  |avg_grad_m|avg_grad_c| test_nll | train_nll |    VLB   |  E-term  |    KL     
    0         2.19     10.4228     6.6668    10.3682     6.6141     3.1623     0.2882     2.8066     2.177    193978.88  192664.87  -330588.0  -330528.798   58.887   
    5        163.05    10.4316     6.6705    10.3759     6.6162     3.1623     0.4002    20.7898     19.491    192904.7  191330.95  -329723.0  -329669.752   53.448   
    10       343.65    10.4442     6.6766    10.3834     6.6198     3.1623     0.4002    42.5654    41.7199    190781.1  189037.69  -328634.0  -328586.453   47.421   
    20       554.6     10.4688     6.6817    10.3905     6.6136     3.1623     0.4025    110.6689   111.3801  187998.65  185942.06  -323800.0  -323759.433   40.093   
    50       843.8     10.3622     6.5514    10.1955     6.4158     3.1623     0.4025    497.3732   469.3314  183283.31   179266.4  -292286.0  -292233.539   52.633   
   100      1227.13     7.2047     4.2477     6.9418     4.0619     3.1241     0.2008   1717.2012  1285.2763   93321.53   88661.9   -104351.0  -104310.072   41.412   
   200      1713.15     4.6652     2.861      4.393      2.6967     2.6294     0.0989    246.1007   522.5762   58568.17   55859.24   -61751.0  -61714.206   36.873   
   300       2293.5     4.2293     2.6219     3.9629     2.4531     2.6183     0.0822    179.7916   524.2648   54094.38   51305.26   -58028.0  -57992.561   35.013   
   400       2879.4     3.9394     2.3903     3.6471     2.2165     1.9563     0.0657    143.0877   489.7717   51210.59   48087.04   -54519.0  -54486.56    32.857   
   500      3463.92     3.7973     2.3038      3.51      2.1161     1.3541     0.0545    127.0266   480.5758   49577.52   46145.15   -52897.0  -52865.731   31.703   
   600      4048.46     3.7388     2.2536     3.4299     2.0519     1.2891     0.0495    117.3967   483.8325   48493.15   45106.16   -51941.0  -51910.062   30.695   
   700      4630.59     3.6641     2.2102     3.3482     2.0026     1.0753     0.0455    101.6778   483.9677   47397.24   43830.16   -51103.0  -51072.271   30.288   
   800       5207.5     3.6139     2.1795     3.2987     1.9687     0.967      0.0427    96.9724    492.4402   46915.73   43431.38   -50651.0  -50621.916   29.496   
   900       5783.3     3.6051     2.1834     3.274      1.962      1.7274     0.0421     99.928    492.6122   46807.42   43230.61   -50576.0  -50546.81    28.874   
   1000     6360.87     3.539      2.1269     3.2104     1.9102     1.1093     0.036     86.0175    488.9953   45635.0    42291.5    -49694.0  -49666.182    28.3    
   1100     6937.33      3.53       2.12      3.1778     1.8853     0.7226     0.0329    83.9231    477.5901   45521.61   41914.72   -49454.0  -49426.288   28.141   
   1200      7513.8     3.4886     2.0978     3.1382     1.8584     0.9158     0.0318    79.2226    479.8082   45175.94   41583.05   -49132.0  -49104.163   27.827   
   1300     8087.66     3.473      2.0918     3.1131     1.8457     0.7401     0.0294    80.9988    482.7785   44952.02   41380.85   -49021.0  -48993.226   27.705   
   1400     8658.46     3.4572     2.0884     3.0948     1.8409     0.6304     0.0283    82.3842    497.5086   44674.33   41253.51   -48914.0  -48886.626   27.222   
   1500     9234.13     3.4487     2.0732     3.0749     1.8218     0.7529     0.0296    75.5075    507.4203   44428.62   40979.73   -48681.0  -48653.693   27.179   
   1600     9808.51     3.4328     2.0524     3.0699     1.809      0.7522     0.0257    78.7223    493.4691   44155.9    40835.05   -48551.0  -48524.142   27.202   
   1700     10383.92    3.4167     2.0446     3.0477     1.7963     0.8221     0.0255    76.9069    502.9886   44015.42   40640.43   -48346.0  -48319.285   27.053   
   1800     10958.77    3.4053     2.0304     3.0265     1.7791     1.2717     0.0236    74.9033    496.8613   43807.21   40384.65   -48035.0  -48007.772   27.076   
   1900     11532.78    3.383      2.019      3.0176     1.7715     0.7096     0.0228    72.0502    494.8639   43692.0    40309.17   -47992.0  -47964.932   27.133   
   2000     12104.06    3.3894     2.0196     3.022      1.7728     0.9841     0.0224    78.8364    504.2428   43859.16   40348.26   -47976.0  -47949.461   26.969   
   2100     12677.62    3.3772     2.0066     2.9965     1.755      0.6623     0.0217     76.134    494.3027   43585.44   40129.54   -47745.0  -47718.018   26.83    
   2200     13251.82    3.4032     2.0353     3.0195     1.7737     1.2501     0.0216    82.9365    496.8591   43888.47   40383.11   -48066.0  -48038.649   26.995   
   2300     13825.92    3.3748     2.0054     2.9828     1.7428     1.0398     0.0204    77.8897    504.5882   43437.29   39988.25   -47653.0  -47626.456   26.788   
   2400     14400.16    3.3483     1.978      2.9537     1.7108     0.5963     0.0198    69.5744    482.8703   43159.26   39639.89   -47290.0  -47263.086   26.834   
   2500     14973.95    3.3517     1.9789     2.9444     1.7032     0.608      0.0193    72.3197    487.6651   43112.58   39581.81   -47274.0  -47246.996   26.849   
   2600     15545.61    3.3393     1.978      2.9397     1.7056     0.5746     0.0186    67.5168    492.2942   43030.27   39528.21   -47230.0  -47203.358   27.008   
   2700     16118.94    3.3494     1.9768     2.9453     1.7058     1.0688     0.0194    76.3134     495.6     43093.94   39559.66   -47252.0  -47225.107   26.871   
   2800     16690.92    3.3173     1.9614     2.919      1.6973     0.6595     0.0179     69.853    491.6485   42847.6    39384.83   -47054.0  -47026.631   26.983   
   2900     17262.32    3.3149     1.961      2.9097     1.6894     0.8156     0.0181    73.6357    508.9939   42930.72   39417.43   -47073.0  -47046.436   27.037   
   3000     17835.59    3.3379     1.964      2.9133     1.6832     0.8084     0.0176    72.0114    495.9206   42930.93   39269.21   -46960.0  -46933.412   26.756   
   3100     18406.22    3.3352     1.9643     2.9053     1.6791     0.9097     0.0168     71.851    498.3277   42890.31   39250.26   -46999.0  -46971.894   26.779   
   3200     18973.67    3.2991     1.9459     2.8887     1.6738     0.732      0.0156    68.2883    495.393    42684.57   39113.51   -46870.0  -46843.446   26.874   
   3300     19541.74    3.3051     1.9519     2.8936     1.6846     0.6934     0.0162     72.433    497.8973   42692.31   39208.15   -46942.0  -46915.015   26.728   
   3400     20110.93     3.3       1.9556     2.8863     1.6811     0.7226     0.0154    71.0878    515.317    42667.14   39199.74   -46937.0  -46910.42    26.951   
   3500     20680.63    3.3033     1.9555     2.8717     1.6689     0.9319     0.0157    72.6151    502.3685   42722.68   39113.4    -46897.0  -46869.58    27.212   
   3600     21253.02    3.281      1.9313     2.8634     1.6523     0.5393     0.0146    66.4593    493.9145   42528.29   38940.48   -46674.0  -46647.061   27.098   
   3700     21826.19    3.2741     1.9345     2.8573     1.6475     0.7283     0.0148    70.3634    495.797    42498.65   38939.17   -46683.0  -46655.75    27.005   
   3800     22397.73    3.2675     1.921      2.8515     1.6433     0.7229     0.0148    63.4257    507.3293   42314.96   38829.02   -46570.0  -46543.257   27.169   
   3900     22968.39    3.2818     1.9317     2.8555     1.6514     0.842      0.0141    71.7831    502.3073   42475.4    38957.37   -46660.0  -46633.292   27.192   
   4000     23539.89    3.2779     1.9292     2.8406     1.6435     0.8123     0.015     72.1093    499.9935   42375.2    38854.25   -46575.0  -46547.762   27.289   
   4100     24112.25    3.2699     1.9216     2.835      1.6404     0.586      0.014     73.2514    507.8194   42314.06   38838.62   -46608.0  -46580.92    27.104   
   4200     24684.63    3.2682     1.918      2.8416     1.6368     0.6953     0.0143     70.963    493.804    42255.34   38773.67   -46509.0  -46482.106   26.971   
   4300     25254.96    3.2701     1.9185     2.8292     1.6293      0.62      0.0138    67.3309    494.6911   42338.71   38759.24   -46535.0  -46508.184   26.986   
   4400     25825.31    3.2858     1.9292     2.8418     1.6432     0.5883     0.0139    75.1371    495.855    42394.84   38843.38   -46596.0  -46569.099   27.002   
   4500     26395.92    3.2737     1.9253      2.83      1.6358     0.7628     0.0131    70.0025    494.7301   42363.7    38784.08   -46527.0  -46500.036   26.975   
   4600     26967.23    3.2774     1.9297     2.8213     1.6316     0.7281     0.0137    72.3961    500.4113   42369.43   38742.55   -46496.0  -46469.466   26.997   
   4700     27537.64    3.2697     1.9163     2.8264     1.6282     0.6788     0.0128    67.2136    496.7714   42302.87   38670.62   -46361.0  -46333.77    27.266   
   4800     28108.92    3.2758     1.9275     2.8209     1.6306     0.6715     0.0135    71.1538    505.372    42357.74   38697.31   -46450.0  -46423.057   27.324   
   4900     28679.43    3.266       1.93      2.8078     1.6298     0.6164     0.0125     68.079    514.3278   42338.04   38735.44   -46514.0  -46487.042   27.327   
   5000     29251.33    3.2666     1.9274     2.8097     1.6347     0.9478     0.0122    70.8883    517.1897   42369.49   38790.47   -46535.0  -46507.551   27.288   
   5100     29823.51    3.2665     1.9324     2.8105     1.6349     0.6839     0.0123    72.8159    515.7348   42320.16   38698.2    -46448.0  -46421.063   27.376   
   5200     30394.91    3.2624     1.9198     2.8061     1.6188     0.4843     0.012     66.2149    508.1866   42302.38   38594.87   -46314.0  -46286.591   27.54    
   5300     30967.22    3.2635     1.914      2.805      1.6158     0.6814     0.0123    70.4207    503.2042   42287.05   38594.49   -46309.0  -46281.824   27.602   
   5400     31536.43    3.2546     1.9057     2.799      1.6068     0.6151     0.0115    69.9344    486.563    42205.37   38490.02   -46177.0  -46149.268   27.813   
   5500     32105.47    3.2585     1.907      2.7868     1.5988     0.5168     0.0121    62.9296    491.2053   42196.4    38426.81   -46158.0  -46129.994   27.736   
   5600     32674.46    3.2536     1.9119     2.7983     1.6119     0.5993     0.0114    66.7686    496.2741   42210.62   38483.39   -46194.0  -46166.172   27.76    
   5700     33241.81    3.2604     1.9171     2.7957     1.609      0.6575     0.0118    69.9395    495.1054   42279.36   38493.84   -46282.0  -46254.536   27.655   
   5800     33810.54    3.2601     1.9123     2.7931     1.605      0.5906     0.0118    68.5953    495.4779   42244.31   38465.7    -46200.0  -46172.495   27.607   
   5900     34377.47    3.2536     1.9127     2.7891     1.6054     0.6125     0.0113    71.5934    493.158    42240.91   38480.1    -46254.0  -46226.875   27.62    
   6000     34945.5     3.246      1.9085     2.7851     1.6051     0.8889     0.0117     69.669    493.9598   42163.46   38511.26   -46219.0  -46191.59    27.719   
   6100     35513.82    3.2443     1.9114     2.7855     1.6057     0.6842     0.0113    64.1125    500.2443   42120.28   38467.41   -46178.0  -46149.886   27.68    
   6200     36080.48    3.2407     1.9027     2.7864     1.6004     0.5305     0.0114    65.1137    501.1042   42090.13   38370.26   -46052.0  -46024.703   27.73    
   6300     36647.99    3.2469     1.9072     2.791      1.6075     0.7137     0.0111    70.3179    502.8351   42168.27   38492.47   -46237.0  -46209.307   27.708   
   6400     37215.13    3.2502     1.9112     2.7811     1.5994     0.6347     0.0113    72.9599    498.3094   42171.31   38424.44   -46117.0  -46089.436   27.703   
   6500     37781.34    3.2413     1.904      2.7795     1.5939     0.6141     0.0106    65.8987    499.8834   42169.2    38367.88   -46098.0  -46070.732   27.69    
   6600     38348.1     3.2476     1.909      2.7666     1.5951     0.682      0.0105    67.6793    496.105    42158.24   38358.31   -46071.0  -46043.787   27.604   
   6700     38914.97    3.2435     1.9105     2.7723     1.5972     0.5165     0.0108    64.9108    500.7815   42184.33   38375.22   -46122.0  -46094.042   27.662   
   6800     39480.85    3.2527     1.9161     2.7767      1.6       0.5673     0.0109    65.8026    485.0998   42285.28   38397.5    -46111.0  -46083.644   27.725   
   6900     40048.56     3.25      1.9096     2.7696     1.5979     0.4863     0.0104     67.11     493.9874   42201.51   38330.91   -46047.0  -46019.516   27.972   
   7000     40614.61    3.2543     1.9105     2.7691     1.5955     0.738      0.0109    68.3676    486.8705   42294.19   38377.09   -46059.0  -46031.404   28.022   
   7100     41181.79    3.2449     1.909      2.7658     1.5916     0.6585     0.0108    62.2776    493.3535   42094.47   38310.64   -46056.0  -46027.731   27.969   
   7200     41748.84    3.2362     1.9009     2.7648     1.589      0.4098     0.0102    58.8281    494.661    42006.33   38299.1    -46025.0  -45997.51    27.907   
   7300     42316.08    3.2544     1.9205     2.7759     1.6035     0.8268     0.0103    68.4087    496.2487   42168.29   38398.39   -46169.0  -46140.956   28.099   
   7400     42882.75    3.2489     1.9107     2.763      1.588      0.434      0.0103     64.742    489.6196   42131.98   38274.27   -45959.0  -45930.685   28.081   
   7500     43451.94    3.2501     1.9139     2.7707     1.6003     0.5401     0.0102    64.1498    503.1286   42111.74   38293.2    -46034.0  -46005.665   28.007   
   7600     44020.67    3.2543     1.9147     2.768      1.5953     0.5266     0.0103    65.8324    496.768    42177.23   38328.7    -46020.0  -45992.052   27.918   
   7700     44586.44     3.25      1.9144     2.7652     1.5967     0.5268     0.0103    67.3459    499.4738   42061.6    38311.1    -46017.0  -45989.294   27.795   
   7800     45152.26    3.2452     1.9102     2.767      1.5955     0.5579     0.0101    65.8765    491.5389   42081.11   38311.88   -46006.0  -45978.656   27.707   
   7900     45717.67    3.2323     1.8958     2.7555     1.5781     0.4619      0.01     61.3306    486.555    41976.14   38189.84   -45895.0  -45867.47    27.724   
   8000     46283.53    3.2351     1.8992     2.7496     1.5818     0.5054     0.0101    66.2586    488.4098   42028.88   38209.86   -45898.0  -45870.299   27.804   
   8100     46848.98    3.2418     1.9052     2.7541     1.5852     0.5992     0.0101     63.503    491.2902   42092.08   38255.26   -45990.0  -45962.09    27.815   
   8200     47413.85     3.25      1.9141     2.7509     1.5843     0.6378     0.0104    71.2373    497.8369   42195.04   38299.35   -45991.0  -45962.713   27.981   
   8300     47979.49    3.2496     1.9163     2.7569     1.5906     0.4905     0.0101    65.2753    501.0778   42188.52   38294.46   -46074.0  -46045.726   27.988   
   8400     48546.95    3.2347     1.9034     2.7526     1.5866      0.59       0.01     66.0755    499.8979   42045.24   38248.66   -45996.0  -45967.377   28.157   
   8500     49113.92    3.2473     1.9102     2.7502     1.5872     0.5883     0.0096    70.1021    497.451    42155.22   38272.62   -45965.0  -45936.685   28.308   
   8600     49682.38    3.237      1.9092     2.7534     1.5855     0.5861     0.0096     66.362    495.4976   42095.65   38237.09   -45974.0  -45945.207   28.359   
   8700     50248.77    3.227      1.9005     2.7384     1.5764     0.4589     0.0093     66.849    497.7226   42024.8    38161.67   -45841.0  -45812.59    28.429   
   8800     50814.82    3.2376     1.9046     2.741      1.5797     0.6599     0.0098    59.6475    496.7769   42055.7    38162.85   -45921.0  -45892.288   28.386   
   8900     51382.03    3.238      1.9124     2.7535     1.5868     0.5782     0.0092    72.1354    498.4119   42111.24   38256.16   -45995.0  -45967.022   28.431   
   9000     51948.18    3.2363     1.8967     2.7425     1.5728     0.4336     0.0094    65.2012    498.4336   42047.09   38105.75   -45835.0  -45806.841   28.406   
   9100     52514.93    3.2358     1.903      2.745      1.5813     0.5214     0.0096    62.6133    504.4879   41961.8    38123.57   -45861.0  -45832.144   28.43    
   9200     53081.55    3.2261     1.8996     2.7391     1.5789     0.4617     0.0096    61.8519    510.9969   41987.6    38157.06   -45896.0  -45867.369   28.414   
   9300     53646.89    3.2272     1.9029     2.7478     1.5858     0.823      0.0096    69.4162    508.6071   42001.4    38256.75   -46028.0  -45999.383   28.495   
   9400     54212.64    3.2312     1.9133     2.745      1.5938     0.6397     0.0095    70.7898    501.8738   42113.15   38319.29   -46091.0  -46062.508   28.403   
   9500     54778.77    3.2234     1.901      2.7404     1.5761     0.4442     0.0092    66.2366    499.875    41979.35   38145.94   -45850.0  -45821.027   28.59    
   9600     55343.82    3.2112     1.8932     2.7305     1.5738     0.4844     0.009     59.4548    502.8414   41889.15   38106.12   -45820.0  -45791.699   28.589   
   9700     55912.18    3.2241     1.901      2.7414     1.5816     0.5886     0.009     65.8918    510.6542   41974.33   38177.19   -45876.0  -45847.596   28.588   
   9800     56478.19    3.2243     1.8938     2.7271     1.5671     0.6585     0.0094    61.1974    492.1578   41947.48   38070.79   -45797.0  -45768.304   28.461   
   9900     57043.56    3.2127     1.8854     2.7253     1.563      0.6589     0.0088    57.4738    488.6439   41856.72   38043.92   -45724.0  -45695.731   28.449   
  10000     57610.45    3.2178     1.8925     2.7309     1.5727     0.4597     0.0094    66.5039    493.9841   41964.09   38148.68   -45851.0  -45822.45    28.492   
  10100     58176.75    3.2162     1.8898     2.7215     1.5599     0.3696     0.0089     58.316    484.8003   41900.43   38057.03   -45741.0  -45712.257   28.709   
  10200     58742.0     3.2176     1.8952     2.7241     1.5695     0.5371     0.009     61.0138    494.9289   41934.72   38070.72   -45785.0  -45756.79    28.665   
  10300     59308.16    3.2119     1.889      2.7197     1.5665     0.4168     0.0087    59.2934    494.6925   41898.38   38065.73   -45732.0  -45703.623   28.639   
  10400     59875.44    3.2208     1.8923     2.725      1.5677     0.4631     0.0089    65.2831    492.5305   41942.38   38112.21   -45772.0  -45743.736    28.6    
  10500     60440.57    3.2176     1.8933     2.7261     1.5666     0.4387     0.0092    62.8463    493.2588   41884.18   38092.77   -45763.0  -45734.18    28.63    
  10600     61004.26    3.2085     1.8844     2.7228     1.568      0.5131     0.0088     72.385    493.1015   41880.04   38104.83   -45750.0  -45721.766   28.697   
  10700     61569.92    3.2082     1.8825      2.72      1.5655     0.447      0.0088    66.5707    488.3096   41862.39   38047.53   -45701.0  -45671.861   28.905   
  10800     62133.26    3.2182     1.8933     2.7217     1.568      0.4502     0.0088    58.5621    495.9547   41824.24   38053.1    -45762.0  -45733.028   28.773   
  10900     62697.47    3.2189     1.8936     2.7202     1.5641     0.5697     0.0088    58.6357    487.2378   41883.0    38028.76   -45740.0   -45711.0    28.731   
  11000     63261.1     3.2267     1.8962     2.7266     1.5654     0.698      0.0086    61.6166    485.5079   42000.62   38070.34   -45753.0  -45724.304   28.832   
  11100     63823.31    3.2301     1.8948     2.7184     1.5533     0.4162     0.009     62.1085    479.5998   41983.55   37999.26   -45675.0  -45646.713   28.728   
  11200     64386.36    3.213      1.8801     2.7153     1.5589     0.4241     0.009     64.2608    480.141    41906.67   38002.25   -45655.0  -45626.202   28.685   
  11300     64951.88    3.2161     1.8852     2.7112     1.5568     0.4391     0.0089    60.5843    493.8476   41886.18   38039.3    -45700.0  -45670.752   28.866   
  11400     65516.69    3.218      1.8879     2.7239     1.5632     0.6192     0.0084    67.8684    489.6841   41905.6    38062.58   -45724.0  -45695.456   28.801   
  11500     66079.65    3.2215     1.8922     2.7161     1.563      0.4627     0.0082    63.3346    489.1356   41849.21   38036.7    -45750.0  -45721.458   28.816   
  11600     66643.2     3.2189     1.8938     2.719      1.5695     0.5486     0.0088    65.0518    496.1191   41921.07   38072.77   -45799.0  -45770.045   28.745   
  11700     67205.45    3.2283     1.8928     2.7085     1.559      0.4895     0.0089     59.417    503.7198   41835.24   37993.58   -45734.0  -45704.801   28.809   
  11800     67769.16    3.225      1.8946     2.7231     1.5673     0.5753     0.0087    61.4179    500.5864   41905.9    38040.62   -45717.0  -45688.499   28.824   
  11900     68333.17    3.2103     1.8894     2.7202     1.5642     0.6315     0.0085    62.7264    499.4722   41796.28   38035.34   -45745.0  -45715.911   28.907   
  12000     68896.24    3.2176     1.8884     2.7099     1.5564     0.419      0.0083    60.3695    494.1416   41829.53   37979.22   -45685.0  -45656.623   28.846   
  12100     69460.19    3.2195     1.8904     2.7075     1.5557     0.3799     0.0083    62.8455    485.9592   41854.22   37949.49   -45652.0  -45623.244   28.712   
  12200     70024.43    3.2221     1.8889     2.714      1.554      0.436      0.0083    63.0832    494.6284   41909.5    37959.31   -45659.0  -45630.239   28.851   
  12300     70587.32    3.2186     1.8905     2.7134     1.5567     0.5248     0.0083    64.3043    489.6899   41933.38   37990.65   -45735.0  -45706.446   28.903   
  12400     71150.29    3.2178     1.8898     2.7082     1.5537     0.4188     0.0084    65.0498    499.5283   41850.86   37960.54   -45706.0  -45677.426   28.993   
  12500     71713.03    3.2328     1.906      2.7157     1.5654     0.4956     0.0082    69.8672    506.8931   41960.46   38055.9    -45809.0  -45780.242   28.987   
  12600     72275.42    3.225      1.8984     2.7153      1.56      0.4001     0.0084    65.2265    508.3104   41947.06   37992.1    -45708.0  -45678.83    29.011   
  12700     72837.41    3.2225     1.8851     2.7067     1.547      0.4351     0.0081    59.7099    499.7433   41861.07   37884.52   -45557.0  -45528.559   28.933   
  12800     73400.4     3.2182     1.8864     2.7037     1.5486     0.3897     0.0083    62.6347    494.631    41900.44   37932.99   -45615.0  -45586.225   28.929   
  12900     73963.55    3.2194     1.8922     2.6924     1.5457     0.4775     0.0083    59.7614    500.4159   41879.67   37916.45   -45639.0  -45609.561   29.165   
  13000     74526.52    3.2178     1.8927     2.7061     1.5511     0.3616     0.008     62.0753    496.4074   41864.18   37918.03   -45615.0  -45586.035   29.243   
  13100     75089.86    3.2113     1.887      2.699      1.5445     0.3461     0.0083    59.8927    494.1004   41827.57   37896.38   -45588.0  -45558.679   29.09    
  13200     75652.46    3.214      1.8912     2.707      1.5506     0.5266     0.0083    65.6212    507.2302   41842.85   37964.18   -45660.0  -45630.624   29.134   
  13300     76215.08    3.2168     1.8901     2.6958     1.5455     0.3268     0.008     59.9128    504.1427   41803.53   37902.37   -45629.0  -45599.511   29.197   
  13400     76777.82     3.23      1.8962     2.7054     1.5489     0.3605     0.0079    62.4137    495.7018   41870.15   37949.59   -45643.0  -45613.638   29.298   
  13500     77340.7     3.2158     1.8883     2.7017     1.5474     0.461      0.0083    62.4697    499.8392   41808.48   37900.11   -45626.0  -45596.769   29.233   
  13600     77904.16    3.2167     1.893      2.6994     1.5502     0.3601     0.0081    57.5007    504.583    41816.62   37906.23   -45592.0  -45562.301   29.297   
  13700     78467.77    3.2278     1.898      2.7058     1.5553     0.5072     0.0079    62.3342    507.3687   41933.33   37934.87   -45639.0  -45609.652   29.317   
  13800     79031.04    3.2277     1.8951     2.6943     1.547      0.4899     0.0083    61.8905    495.3428   41921.98   37895.73   -45598.0  -45568.957   29.228   
  13900     79595.8     3.215      1.8918     2.7052     1.5535     0.4943     0.0079    68.7011    506.3799   41917.72   37982.5    -45711.0   -45681.6    29.251   
  14000     80160.33    3.2256     1.893      2.7038     1.5511     0.4504     0.0081    65.8126    508.4331   41932.8    37933.05   -45645.0  -45615.846   29.381   
  14100     80723.72    3.2091     1.8883     2.6971     1.551      0.3343     0.0083    64.8681    503.6787   41790.26   37901.99   -45582.0  -45552.291   29.289   
  14200     81285.96    3.2078     1.8832     2.6896     1.5416     0.307      0.0079    58.0175    502.8708   41740.42   37853.22   -45543.0  -45513.829   29.29    
  14300     81848.9     3.2074     1.8884     2.6874     1.546      0.354      0.0081    61.8646    506.9905   41725.56   37866.71   -45533.0  -45503.535   29.198   
  14400     82411.27    3.2041     1.8846     2.6873     1.5441     0.5121     0.0079    62.7621    511.3785   41804.75   37907.68   -45630.0  -45600.961   29.064   
  14500     82975.35    3.2136     1.8914     2.706      1.5572     0.412      0.0078    65.5015    508.1722   41811.14   37934.01   -45621.0  -45591.96    29.01    
  14600     83537.88    3.2109     1.8955     2.6946     1.5475     0.4548     0.008     68.9641    508.0904   41839.53   37946.81   -45677.0  -45648.321   29.114   
  14700     84100.94    3.2012     1.8786     2.6907     1.5404     0.4382     0.0082    58.8053    504.2883   41782.05   37829.03   -45521.0  -45492.009   29.137   
  14800     84665.7     3.2111     1.8889     2.6942     1.5522     0.3849     0.0079    59.4638    504.1636   41794.01   37881.11   -45598.0  -45569.362   29.122   
  14900     85230.51    3.2141     1.8844     2.6948     1.5471     0.3064     0.0079    60.7922    502.6708   41758.34   37857.18   -45554.0  -45524.911   29.211   
  15000     85797.88    3.2019     1.8849     2.6933     1.5527     0.5375     0.0078    63.6746    511.9009   41743.35   37896.35   -45581.0  -45552.067   29.136   
  15100     86364.08    3.2033     1.8856     2.6981     1.5514     0.385      0.0078    61.2304    511.2385   41760.45   37892.84   -45601.0  -45571.532   29.125   
  15200     86928.28    3.2086     1.8822     2.6995     1.5489     0.449      0.008     62.0526    494.3305   41798.53   37860.32   -45560.0  -45530.868   29.002   
  15300     87491.9     3.2043     1.8808     2.6943     1.5429     0.3592     0.0076     61.127    500.6695   41722.04   37824.21   -45474.0  -45445.225   29.04    
  15400     88055.35    3.2172     1.8865     2.7014     1.5517     0.4376     0.0077    64.9105    500.412    41928.77   37970.98   -45642.0  -45612.561   29.113   
  15500     88621.4     3.2107     1.8814     2.6944     1.5426     0.5209     0.0079    64.9963    498.2312   41786.55   37857.51   -45508.0  -45478.862   29.153   
  15600     89186.27    3.2205     1.8945     2.695      1.5482     0.4493     0.0077    61.4804    520.0409   41843.17   37894.06   -45576.0  -45546.792   29.142   
  15700     89751.97    3.2075     1.8872     2.6875     1.541      0.3207     0.0075     57.97     511.5782   41749.08   37853.35   -45523.0  -45494.082   29.166   
  15800     90316.03    3.2134     1.8927     2.6883     1.545      0.4705     0.0077    62.6316    503.0234   41902.82   37868.8    -45585.0  -45555.821   29.177   
  15900     90882.38    3.2055     1.8805     2.6879     1.5395     0.3444     0.0077    59.1481    512.8073   41770.49   37805.07   -45494.0  -45465.154   29.081   
  16000     91445.44    3.2137     1.8839     2.6959     1.5462     0.5388     0.0076    64.7978    509.3113   41784.12   37863.32   -45578.0  -45548.865   29.099   
[-1.42611718  0.392528    0.5826674   1.20510426  0.1988388  -0.38784772
  0.3347697   0.70216975 -0.07575175 -0.49818085  0.35160911 -0.77318448
  0.21357077  1.00397885  0.01934796 -0.3901789  -0.42666662 -0.23944536
  0.19067333 -1.20408719]
[ 0.92642978  0.37300181  1.37145286  1.05083986 -0.77699137  1.41568519
  1.87967818 -1.49286649 -0.04477559  0.91362611  1.80267027  0.44624122
  1.26387343 -0.37406389  0.62179952  1.1418383  -0.41824346  0.05188309
  0.5490155  -0.39512516]
[1.30747197 0.92904829 0.48628572 0.44319055 1.65007623 1.22028909
 1.3712491  0.83339109 1.11637791 1.04693624 1.16458707 0.27875413
 1.11110429 0.79038367 1.2946968  1.19704354 1.53892106 0.41978538
 0.80830768 1.26457296]
