Generating synthetic binary valued data ... 
Generating synthetic  binary valued data took:  8.062988758087158
Evaluation for true params: 
 test_rsme | train_rsme | rel-te-err | rel-tr-err |  test_nll  |  train_nll |
    0.0          0.0          0.0          0.0        24824.84     98569.99  
Factorizing with max_iteration = 8000  fixing covariance?:  False
Tensor dimensions:  [50, 50, 50]
Optimization metrics: 
Using Ada Grad
Mean update scheme:  S
Covariance update :  N
Using diagonal covariance?:  True
Random start? True
k1 samples =  64  k2 samples =  64
eta =  1.0  cov eta =  1.0  sigma eta =  1
iteration |   time   |test_rsme |rel-te-err|train_rsme|rel-tr-err|  d_mean  |   d_cov  | test_nll | train_nll |    VLB   |  E-term  |    KL     |   dw   |
    0         1.44      1.4116     0.4982     1.4124     0.4987     3.1623    11.0514    18501.8    73941.35   -75090.0  -75076.956   13.035     0.0032  
    5        508.93     1.4143     0.5001     1.4136     0.4996     3.1623    11.0514    18323.69   73098.49   -75082.0  -75069.273   12.582     0.0005  
    10      1017.62     1.4138     0.4997     1.4102     0.4972     3.1623    11.0514    18096.62   72212.39   -74972.0  -74960.074   12.276     0.0003  
    20      1534.53     1.4054     0.4938     1.4109     0.4976     3.1623    11.0514    17813.59   71190.53   -74980.0  -74968.284   11.95      0.0002  
    50      2084.72     1.4075     0.4952     1.4163     0.5015     3.1623     15.523    17509.26   70039.28   -74863.0  -74859.018   4.041      0.0001  
   100      2668.81     1.4074     0.4952     1.4118     0.4983     2.5559   59243.8786  17497.96   69950.67   -75091.0  -74995.68    95.306      0.0    
   200      3332.17     1.4084     0.4959     1.4122     0.4986     1.8959   28437.8712  17395.18   69614.75   -75165.0  -75082.71    82.171      0.0    
   300      3996.32     1.4119     0.4984     1.413      0.4992     1.2102   9544.2706   17364.59   69426.35   -75163.0  -75078.857   84.488      0.0    
   400      4662.86     1.4169     0.5019     1.4116     0.4982     0.9766   1867.3664   17358.72   69397.22   -75174.0  -75091.068   82.989      0.0    
   500      5330.03     1.4079     0.4956     1.4073     0.4951     0.8101   3668.8366   17344.57   69322.55   -75174.0  -75091.717   82.782      0.0    
   600      5999.25     1.4108     0.4976     1.4047     0.4933     0.9964   26481.5641  17333.66   69315.16   -75169.0  -75087.012   82.164      0.0    
   700       6667.9     1.4042     0.4929     1.398      0.4886     0.8161   9989.4204   17330.2    69288.36   -75172.0  -75088.117   83.464      0.0    
   800      7328.51     1.3864     0.4805     1.3861     0.4804     0.6099    96.4667    17312.91   69212.99   -75154.0  -75067.943   85.74       0.0    
   900      7982.76     1.3407     0.4494     1.3401     0.449       0.69      59.351    17261.16   68990.53   -75110.0  -75019.971   90.425      0.0    
   1000     8637.76     1.1755     0.3454     1.164      0.3387     0.6627    77.4912    17017.46   68031.11   -74876.0  -74763.107  113.108      0.0    
   1100     9294.81     0.8559     0.1832     0.848      0.1798     0.703     720.6503   15810.15   63176.11   -73498.0  -73413.523   84.179      0.0    
   1200     9953.38     0.7843     0.1538     0.7849     0.154      0.9378   9622.1067   13846.26   55300.24   -71181.0  -71088.241   92.35       0.0    
   1300     10612.97    0.7426     0.1379     0.7357     0.1353     0.8241   3032.6846   8565.93    34177.77   -63381.0  -63291.834   89.385      0.0    
   1400     11272.09    0.7561     0.1429     0.7508     0.1409     0.7128   1519.6418   7363.62    29413.84   -61204.0  -61119.388   84.272      0.0    
   1500     11934.68    0.7371     0.1358     0.7332     0.1344     0.5596    246.0482   7201.72    28692.48   -61033.0  -60946.554   86.281      0.0    
   1600     12596.56    0.732      0.134      0.7276     0.1324     0.5891    60.5744    7056.94    28111.63   -60347.0  -60259.68    87.182      0.0    
   1700     13256.18    0.7329     0.1343     0.7257     0.1317     0.3981    24.0254    6908.71    27512.06   -60208.0  -60120.721   87.485      0.0    
   1800     13915.76    0.721       0.13      0.7144     0.1276     0.3845    12.3935    6853.09    27335.74   -60281.0  -60193.484   87.458      0.0    
   1900     14577.29    0.7379     0.1361     0.7315     0.1338     0.506      7.3365    6922.75    27527.11   -60466.0  -60378.531    87.4       0.0    
   2000     15241.77    0.7216     0.1302     0.7148     0.1277     0.3748     4.8635    6812.12    27106.84   -60308.0  -60220.874   87.505      0.0    
   2100     15898.56    0.7354     0.1352     0.7253     0.1315     0.3956     3.4362    6868.18    27333.14   -60525.0  -60437.987   87.388      0.0    
   2200     16556.43    0.7267     0.132      0.7181     0.1289     0.3396     2.5496     6769.2    26955.6    -60371.0  -60284.079   87.149      0.0    
   2300     17214.51    0.7226     0.1305     0.7156     0.128      0.3185     1.9632    6818.17    27038.16   -60246.0  -60159.509   86.839      0.0    
   2400     17873.75    0.7153     0.1279     0.713      0.1271     0.2487     1.5494    6721.43    26747.33   -60308.0  -60221.391   86.605      0.0    
   2500     18536.1     0.7221     0.1304     0.7149     0.1278     0.3963     1.2489    6735.28    26851.95   -60316.0  -60229.227   86.284      0.0    
   2600     19195.0     0.7302     0.1333     0.7264     0.1319     0.295      1.0291    6750.22    26944.95   -60277.0  -60191.061   85.971      0.0    
   2700     19853.57    0.7155     0.128      0.7131     0.1271     0.2788     0.8541    6716.25    26859.69   -60395.0  -60309.27    85.813      0.0    
   2800     20511.09    0.7153     0.1279     0.7128     0.127      0.2636     0.7209    6694.89    26689.82   -60313.0  -60227.227   85.712      0.0    
   2900     21166.19    0.7178     0.1288     0.7143     0.1275     0.2226     0.6223     6666.9    26588.65   -60214.0  -60129.046   85.43       0.0    
   3000     21822.88    0.716      0.1282     0.7125     0.1269     0.2653     0.5349    6666.41    26601.72   -60185.0  -60099.785   85.138      0.0    
   3100     22483.07    0.7311     0.1336     0.7267     0.132      0.2855     0.4644    6708.41    26756.73   -60474.0  -60389.389   84.766      0.0    
   3200     23140.03    0.717      0.1285     0.7135     0.1273     0.2706     0.4124    6663.46    26531.72   -60182.0  -60097.842   84.36       0.0    
   3300     23797.63    0.7135     0.1273     0.7081     0.1254     0.2324     0.3643    6648.36    26433.39   -60247.0  -60162.617   84.145      0.0    
   3400     24456.62    0.7184     0.129      0.7104     0.1262     0.3231     0.3199    6634.99    26479.32   -60358.0  -60274.556   83.891      0.0    
   3500     25115.27    0.7144     0.1276     0.7117     0.1266     0.2569     0.2931    6602.87    26322.58   -60155.0  -60071.147   83.392      0.0    
   3600     25773.08    0.7154     0.128      0.7089     0.1257     0.325      0.2621    6617.36    26283.5    -59917.0  -59834.285   83.177      0.0    
   3700     26431.75    0.7117     0.1266     0.7017     0.1231     0.2856     0.2389    6586.35    26231.9    -60227.0  -60144.16    82.762      0.0    
   3800     27091.7     0.7057     0.1245     0.6957     0.121      0.3632     0.2173    6569.45    26022.95   -60275.0  -60192.931   82.327      0.0    
   3900     27751.9     0.7026     0.1234     0.6951     0.1208     0.3818     0.2101    6500.45    25825.23   -60160.0  -60077.985   82.004      0.0    
   4000     28410.39    0.6965     0.1213     0.6867     0.1179     0.2788     0.1782    6462.33    25562.89   -59909.0  -59827.64    81.685      0.0    
   4100     29069.5     0.7007     0.1228     0.6922     0.1198     0.2758     0.1869    6408.21    25376.03   -59877.0  -59795.868   81.416      0.0    
   4200     29729.56    0.6944     0.1206     0.6825     0.1165     0.3005     0.1594    6337.17    25028.79   -59899.0  -59818.023   81.126      0.0    
   4300     30388.91    0.6849     0.1173     0.6708     0.1125     0.4148     0.1389    6279.81    24775.54   -59847.0  -59766.045   81.043      0.0    
   4400     31034.3     0.6792     0.1153     0.6645     0.1104     0.3312     0.1377    6257.98    24530.67   -59771.0  -59690.141   80.775      0.0    
   4500     31685.58    0.6785     0.1151     0.6628     0.1098     0.3971     0.1168    6163.52    24199.68   -59632.0  -59551.051   80.495      0.0    
   4600     32365.55    0.6704     0.1124     0.6552     0.1073     0.3551     0.1242    6072.52    23900.06   -59601.0  -59521.125   79.99       0.0    
   4700     33055.11    0.6624     0.1097     0.6482     0.105      0.4355     0.1247    6022.87    23601.84   -59431.0  -59350.776   79.854      0.0    
   4800     33743.81    0.6586     0.1084     0.6427     0.1033     0.3369     0.1204    5955.39    23275.45   -59243.0  -59163.156   79.947      0.0    
   4900     34423.11    0.6526     0.1065     0.6375     0.1016     0.3674     0.1151     5869.2    22863.71   -59120.0  -59040.143   79.688      0.0    
   5000     35122.55    0.6553     0.1074     0.6375     0.1016     0.4809     0.119      5876.0    22816.85   -59231.0  -59151.964   79.081      0.0    
   5100     35802.2     0.6493     0.1054     0.6304     0.0993     0.4239     0.1155    5775.07    22414.17   -58957.0  -58878.227   78.92       0.0    
   5200     36466.33    0.6407     0.1026     0.6237     0.0972     0.3852     0.097     5683.33    22114.87   -58981.0  -58902.451   78.73       0.0    
   5300     37142.28    0.6342     0.1006     0.6195     0.0959     0.4404     0.0931    5629.47    21809.67   -58801.0  -58722.003   78.645      0.0    
   5400     37823.08    0.6302     0.0993     0.6132     0.094      0.3999     0.1112    5572.51    21576.68   -58800.0  -58720.867   78.888      0.0    
   5500     38501.57     0.63      0.0992     0.6104     0.0931     0.4138     0.089     5514.36    21288.01   -58700.0  -58621.553    78.7       0.0    
   5600     39161.33    0.6244     0.0975     0.6053     0.0916     0.4733     0.1045    5495.69    21067.31   -58648.0  -58570.229   78.202      0.0    
   5700     39828.87    0.6232     0.0971      0.6        0.09      0.4591     0.0824    5420.88    20790.41   -58595.0  -58516.672   78.233      0.0    
   5800     40506.74    0.615      0.0946     0.5935     0.0881     0.4094     0.0719    5362.62    20597.53   -58574.0  -58495.205   78.683      0.0    
   5900     41177.66    0.6108     0.0933     0.5894     0.0869     0.4861     0.0839    5291.39    20330.11   -58446.0  -58367.292   78.362      0.0    
   6000     41847.17    0.6079     0.0924     0.5874     0.0862     0.5505     0.1436    5267.54    20134.41   -58372.0  -58294.15    77.708      0.0    
   6100     42529.82     0.6        0.09      0.5799     0.0841     0.4632     0.0786    5211.52    19877.49   -58319.0  -58241.211   78.254      0.0    
   6200     43211.95    0.6003     0.0901     0.5757     0.0829     0.4636     0.0823    5163.76    19620.04   -58126.0  -58048.284   77.645      0.0    
   6300     43900.12    0.5954     0.0886     0.5713     0.0816     0.5231     0.0899    5084.67    19372.13   -58122.0  -58043.891   77.999      0.0    
   6400     44584.02    0.5914     0.0874     0.5689     0.0809      0.49      0.1973    5071.97    19253.74   -58100.0  -58022.955   77.469      0.0    
   6500     45266.71    0.5936     0.0881     0.5675     0.0805     0.4431     0.618     5045.34    19032.97   -58037.0  -57959.449   77.087      0.0    
   6600     45950.22    0.5899     0.087      0.5634     0.0794     0.5112     0.0834    4959.38    18808.58   -57985.0  -57907.906   77.004      0.0    
   6700     46631.37    0.5846     0.0854     0.5617     0.0789     0.6909     0.0676    4939.99    18652.06   -57885.0  -57807.371   77.39       0.0    
   6800     47314.77    0.5783     0.0836     0.5522     0.0762     0.3708     0.311     4884.39    18450.96   -57907.0  -57828.838   77.759      0.0    
   6900     47987.98    0.5813     0.0845     0.5528     0.0764     0.439      1.345     4817.48    18284.54   -57852.0  -57773.883   77.687      0.0    
   7000     48667.36    0.573      0.0821     0.5478     0.075      0.4672     1.7895    4780.02    18115.81   -57759.0  -57680.972   77.606      0.0    
   7100     49349.84    0.5689     0.0809     0.5468     0.0748     0.5546     0.4833    4730.67    17869.8    -57642.0  -57564.197   77.596      0.0    
   7200     50032.23    0.5745     0.0825     0.5427     0.0736     0.5702    12.5362    4729.81    17804.39   -57648.0  -57570.229   77.531      0.0    
   7300     50765.99    0.5756     0.0828     0.5431     0.0737     0.4706     6.0046    4714.22    17703.41   -57559.0  -57481.468   77.689      0.0    
   7400     51501.33    0.5682     0.0807     0.5375     0.0722     0.5071     3.9079    4682.31    17580.95   -57609.0  -57531.867   77.101      0.0    
   7500     52240.13    0.565      0.0798     0.5349     0.0715     0.4395    123.1835   4651.26    17432.72   -57584.0  -57506.312   77.314      0.0    
   7600     52986.87    0.5702     0.0813     0.5361     0.0719     0.6736    130.3988   4633.57    17383.84   -57505.0   -57428.0    76.974      0.0    
   7700     53730.19    0.5658      0.08      0.5397     0.0728     0.7249   4515.1944   4655.86    17414.26   -57380.0  -57303.063   77.026      0.0    
   7800     54469.66    0.5678     0.0806     0.534      0.0713     0.4515     0.1429    4613.09    17178.9    -57344.0  -57267.059   76.93       0.0    
   7900     55207.91    0.5571     0.0776     0.5287     0.0699     0.5051     0.0985    4529.38    16882.66   -57396.0  -57319.398   76.937      0.0    
   8000     55943.49    0.5599     0.0784     0.5278     0.0696     0.5198     0.0903    4546.39    16888.53   -57358.0  -57280.95    76.93       0.0    
[ 0.08596329  0.54556106  2.01888573  2.79337164  0.70279389  1.01499086
  0.49460104  1.3282718   0.76966761  0.71350415  1.49124883  0.25828552
  0.51320779  0.6888162  -0.07956929  0.684435    0.73652857  0.24823063
  0.22948731  1.61740887]
[-0.49768007  0.34591221  0.12033782  1.38732819  0.74193981  1.22821381
  0.39389966 -0.00437816 -0.54439395 -1.05758783  0.24975117  0.22781551
  1.11778915  0.75464434  0.4132911  -0.08668385  0.07967819 -0.10742239
 -0.96118314 -1.95208511]
[ 0.65217607 -0.02509637  3.08628014 -0.71282414  0.01413907  0.07687876
  0.82307354 -0.23811147  1.16869393  0.58906889  0.33393883  0.70953471
  0.48448782  0.78553256  1.00236087  0.23669731 -0.10960161  0.9569965
  0.15757709  0.69997681]
