Generating synthetic binary valued data ... 
Generating synthetic  binary valued data took:  9.286271095275879
Evaluation for true params: 
 test_rsme | train_rsme | rel-te-err | rel-tr-err |  test_nll  |  train_nll |
0.7885175965 0.794858478    0.15544      0.15795      24665.33     97626.56  
Factorizing with max_iteration = 8000  fixing covariance?:  False
Tensor dimensions:  [50, 50, 50]
Optimization metrics: 
Using Ada Grad
Mean update scheme:  S
Covariance update :  N
Using diagonal covariance?:  True
Random start? True
k1 samples =  64  k2 samples =  64
eta =  1.0  cov eta =  1.0  sigma eta =  1
iteration |   time   |test_rsme |rel-te-err|train_rsme|rel-tr-err|  d_mean  |   d_cov  | test_nll | train_nll |    VLB   |  E-term  |    KL     
    0         1.03      1.4121     0.4985     1.415      0.5006     3.1623     1.825     18549.5    74618.18   -77372.0  -77358.693   13.675   
    5        276.86     1.4083     0.4958     1.4121     0.4985     3.1623     1.8255    18685.73   74810.96   -77340.0  -77325.981   13.81    
    10       555.33     1.4084     0.4959     1.4115     0.4981     3.1623     1.8255    18788.13   75146.51   -77315.0  -77300.644   13.968   
    20       838.74     1.4074     0.4952     1.4091     0.4964     3.1623     1.8255    19027.18   75866.84   -77220.0  -77205.522   14.305   
    50      1143.36     1.4073     0.4951     1.3942     0.4859     3.1623     1.8255    19998.55   78685.87   -76892.0  -76871.057   20.776   
   100      1464.93     1.2954     0.4195     1.2761     0.4071     2.8383     0.7209    18006.85   70194.8    -74292.0  -74263.245   29.222   
   200      1838.14     0.8958     0.2006     0.8889     0.1975     2.2999     0.2168    43685.41  169989.62   -61876.0  -61842.18    33.945   
   300      2210.92     0.8922     0.199      0.8856     0.1961     2.2522     0.1028    80226.69  310219.18   -61815.0  -61780.019   34.85    
   400      2582.65     0.8889     0.1975     0.8825     0.1947     2.1941     0.0771    81006.06  312523.35   -61717.0  -61680.572   36.792   
   500      2955.82     0.8865     0.1965     0.8806     0.1939     2.0738     0.0629    81386.69  309492.07   -61902.0  -61864.009   38.151   
   600       3329.1     0.8946     0.2001     0.8745     0.1912     1.9348     0.0706    78589.19  301232.93   -61707.0  -61667.18    39.81    
   700      3701.71     0.8792     0.1932     0.8704     0.1894     1.8158     0.0603    69020.85  263889.54   -61637.0  -61593.462   43.684   
   800      4075.04     0.8733     0.1907     0.8593     0.1846     1.8498     0.0541    70449.6   264665.71   -61374.0  -61333.065    41.0    
   900      4448.81     0.8749     0.1914     0.856      0.1832     1.8589     0.0552    67958.57  250763.27   -61461.0  -61418.41    42.631   
   1000     4821.12     0.8657     0.1874     0.8552     0.1828     1.8696     0.0482    63863.31  238125.16   -61284.0  -61240.751   43.717   
   1100     5191.68     0.8686     0.1886     0.851      0.181      1.7748     0.0399    63792.84  231276.69   -61400.0  -61357.566   42.773   
   1200     5562.28     0.8647     0.1869     0.8477     0.1797     1.6331     0.0467    57984.74  211426.88   -61156.0  -61113.658   42.648   
   1300     5933.81     0.8531     0.182      0.8342     0.174      1.4684     0.043     52784.29  190843.67   -61037.0  -60995.138   41.911   
   1400     6307.84     0.8616     0.1856     0.8384     0.1757     1.2915     0.0334    48928.61  174577.51   -61241.0  -61199.618   41.791   
   1500     6678.75     0.864      0.1866      0.84      0.1764     1.5339     0.0326    43882.17  154649.43   -61110.0  -61067.965   42.298   
   1600     7049.02     0.8629     0.1862     0.8342     0.174      1.6883     0.0243    39637.98  139244.67   -61142.0  -61099.159   42.86    
   1700     7419.42     0.8612     0.1854     0.8337     0.1738     1.3149     0.021     37079.55  128310.15   -61126.0  -61083.658   42.159   
   1800     7790.03     0.8601     0.185      0.835      0.1743     1.417      0.0179    33544.18  115402.63   -61252.0  -61209.99    42.395   
   1900     8160.64     0.8563     0.1833     0.8292     0.1719     1.0458     0.025     30289.82  102472.93   -60938.0  -60894.64    43.174   
   2000     8531.37     0.8579     0.184      0.8295     0.172      1.2405     0.0177    26863.68   91786.24   -61121.0  -61079.631   41.731   
   2100     8901.81     0.8564     0.1834     0.8289     0.1718     0.8883     0.0139    23497.24   79513.47   -61307.0  -61264.916   42.178   
   2200     9272.93     0.8544     0.1825     0.8275     0.1712     0.9789     0.0167    21866.52   74136.65   -61270.0  -61227.014   42.742   
   2300     9645.07     0.8552     0.1828     0.8294     0.172      0.861      0.0145    20223.62   68546.89   -61282.0  -61238.785   42.966   
   2400     10018.13    0.8544     0.1825     0.8273     0.1711     0.9263     0.0148    18698.41   63439.86   -61242.0  -61200.128   42.032   
   2500     10389.49    0.8587     0.1843     0.8229     0.1693     0.7663     0.0145    17427.33   59718.03   -61291.0  -61249.478   41.959   
   2600     10761.99    0.8506     0.1809     0.8277     0.1713     0.7873     0.0153    16928.02   58272.7    -61380.0  -61338.202   42.043   
   2700     11134.66    0.8645     0.1868     0.8312     0.1727     0.6934     0.0156    14668.12   51142.36   -61575.0  -61533.573   41.912   
   2800     11505.57    0.8616     0.1856     0.8261     0.1706     0.666      0.0158    13811.59   48182.78   -61743.0  -61700.613   42.071   
   2900     11876.65    0.8618     0.1857     0.8289     0.1718     0.7048     0.0161    13517.81   47255.9    -61813.0  -61770.127   42.747   
   3000     12250.02    0.8593     0.1846     0.8264     0.1707     0.5798     0.0164    13423.53   46974.92   -61643.0  -61599.611   43.405   
   3100     12622.66    0.8579     0.184      0.8287     0.1717     0.6341     0.0166    12727.99   44936.37   -61650.0  -61606.853   42.895   
   3200     12995.67    0.8536     0.1822     0.8213     0.1686     0.5404     0.0168    12075.04   42751.52   -61731.0  -61687.778   43.43    
   3300     13368.64    0.855      0.1828     0.8208     0.1684      0.53      0.0171    11505.25   41287.5    -61905.0  -61861.676   43.101   
   3400     13740.04    0.8529     0.1818     0.8218     0.1688     0.5097     0.0173    11284.53   40747.56   -61876.0  -61832.24    43.264   
   3500     14110.56    0.8484      0.18      0.8203     0.1682     0.3886     0.0175    11131.93   40271.35   -61910.0  -61866.491   43.779   
   3600     14482.94    0.8505     0.1808     0.8183     0.1674     0.4084     0.0178    10843.27   39390.82   -62105.0  -62062.045   43.159   
   3700     14856.36    0.851      0.181      0.822      0.1689     0.4025     0.018     10716.03   39067.0    -62061.0  -62017.415   43.959   
   3800     15230.4     0.8454     0.1787     0.8218     0.1688     0.4234     0.0182    10429.99   38330.95   -62272.0  -62228.219   44.163   
   3900     15601.69    0.8432     0.1778     0.8173     0.167      0.3532     0.0184    10278.29   37932.42   -62267.0  -62222.687   44.35    
   4000     15975.14    0.8417     0.1771      0.82      0.1681     0.4199     0.0186    10282.16   38102.65   -62219.0  -62173.951   45.045   
   4100     16347.54    0.843      0.1777     0.8154     0.1662     0.383      0.0188    10106.0    37496.81   -62470.0  -62424.555   45.122   
   4200     16718.25    0.8397     0.1763     0.8173     0.167      0.2787     0.019     10069.31   37433.79   -62443.0  -62397.091   45.569   
   4300     17088.64    0.8446     0.1783     0.8165     0.1667     0.3669     0.0192    10033.35   37254.55   -62492.0  -62446.287   45.262   
   4400     17459.08    0.8458     0.1788     0.8164     0.1666     0.2663     0.0194    9994.48    37138.04   -62673.0  -62628.175   45.009   
   4500     17830.46    0.8461     0.179      0.8152     0.1661     0.2948     0.0196    9924.43    37025.69   -62554.0  -62508.272   45.292   
   4600     18203.61    0.8448     0.1784     0.8158     0.1664     0.4822     0.0198    9864.01    36826.06   -62640.0  -62594.669   45.686   
   4700     18575.15    0.8414     0.177      0.8133     0.1654     0.2722      0.02     9817.12    36769.02   -62634.0  -62587.877   46.448   
   4800     18945.6     0.8439     0.178      0.8144     0.1658     0.2951     0.0202    9730.93    36664.64   -62857.0  -62810.07    46.555   
   4900     19315.97    0.8418     0.1772     0.815      0.166      0.2153     0.0203    9735.32    36684.16   -62693.0  -62646.035   46.552   
   5000     19686.38    0.841      0.1768     0.8164     0.1666     0.3496     0.0205     9719.1    36583.44   -62679.0  -62632.624   46.252   
   5100     20056.7     0.8412     0.1769     0.8153     0.1662     0.2297     0.0206    9683.28    36612.94   -62866.0  -62819.64    46.186   
   5200     20427.09    0.8417     0.1771     0.8157     0.1664     0.217      0.0208     9678.8    36492.26   -62882.0  -62835.192   46.314   
   5300     20797.54    0.8449     0.1785     0.8144     0.1658     0.2005     0.0209    9667.73    36550.17   -62941.0  -62894.585   46.892   
   5400     21168.07    0.8432     0.1778     0.8141     0.1657     0.2153     0.021     9664.85    36479.47   -62873.0  -62825.815   47.417   
   5500     21538.43    0.8447     0.1784     0.8144     0.1658     0.2198     0.0212    9630.88    36492.57   -62903.0  -62856.137   47.123   
   5600     21908.98    0.8402     0.1765     0.8149     0.166      0.221      0.0213     9634.3    36462.44   -62943.0  -62895.149   47.576   
   5700     22279.5      0.84      0.1764     0.8153     0.1662     0.1981     0.0214    9603.43    36453.51   -63058.0  -63010.199   47.355   
   5800     22650.72    0.8381     0.1756     0.8138     0.1656     0.1804     0.0215    9601.94    36549.24   -63095.0  -63046.661   47.937   
   5900     23021.14    0.8401     0.1764     0.8159     0.1664     0.2145     0.0216     9590.5    36457.82   -63019.0  -62971.498   47.777   
   6000     23391.61    0.8399     0.1764     0.8169     0.1668     0.1767     0.0216    9593.97    36459.88   -62972.0  -62924.018   48.462   
   6100     23762.07    0.8371     0.1752     0.8188     0.1676     0.1941     0.0217    9580.36    36465.81   -63023.0  -62973.896   48.86    
   6200     24132.47    0.8359     0.1747     0.8175     0.1671     0.2019     0.0218    9578.58    36495.06   -63028.0  -62978.423   49.502   
   6300     24503.59    0.8361     0.1748     0.8165     0.1666     0.1717     0.0218    9556.17    36495.11   -63080.0  -63030.178   49.823   
   6400     24874.01    0.8405     0.1766     0.8168     0.1668     0.1815     0.0219    9581.62    36515.82   -63109.0  -63058.759   49.96    
   6500     25244.57    0.8391     0.176      0.8176     0.1671     0.1701     0.0219    9557.57    36536.06   -63104.0  -63053.988   50.367   
   6600     25615.7     0.8412     0.1769     0.8176     0.1671     0.1842     0.0219    9575.04    36543.6    -63116.0  -63065.678   50.819   
   6700     25987.01    0.8394     0.1762     0.8185     0.1675     0.1638     0.022     9574.08    36515.01   -63135.0  -63084.238   50.816   
   6800     26357.43    0.8402     0.1765     0.8174     0.167      0.1663     0.022     9562.57    36524.89   -63145.0  -63093.993   51.075   
   6900     26727.92    0.8427     0.1775     0.8175     0.1671     0.1623     0.022     9579.54    36515.64   -63139.0  -63087.524   51.682   
   7000     27098.45    0.8433     0.1778     0.8169     0.1668     0.1715     0.022     9569.73    36475.37   -63109.0  -63057.48    51.73    
   7100     27468.89    0.841      0.1768     0.8174     0.167      0.1355     0.022     9565.76    36479.32   -63112.0  -63059.803   52.029   
   7200     27839.4      0.84      0.1764     0.818      0.1673     0.1479     0.0219    9577.81    36504.14   -63145.0  -63092.587   52.245   
   7300     28209.87    0.8405     0.1766     0.8175     0.1671     0.1826     0.0219    9579.59    36549.59   -63202.0  -63150.163   52.117   
   7400     28580.32    0.8384     0.1757     0.8168     0.1668     0.1774     0.0218    9556.43    36471.74   -63178.0  -63125.72    51.918   
   7500     28950.85    0.8407     0.1767     0.8183     0.1674     0.1784     0.0218    9563.95    36510.42   -63130.0  -63077.39    52.214   
   7600     29321.35    0.8413     0.177      0.8182     0.1674     0.152      0.0217    9569.87    36490.39   -63113.0  -63059.951   52.777   
   7700     29691.83    0.8429     0.1776     0.8177     0.1672     0.1962     0.0216    9558.36    36514.43   -63164.0  -63109.99    53.583   
   7800     30062.28    0.8406     0.1766     0.8184     0.1675     0.1325     0.0215     9562.8    36524.31   -63168.0  -63113.834   53.891   
   7900     30432.64    0.8418     0.1772     0.8189     0.1677     0.1508     0.0214    9551.36    36495.99   -63159.0  -63105.304   53.874   
   8000     30803.09    0.8426     0.1775     0.8186     0.1675     0.1542     0.0213    9565.68    36513.02   -63169.0  -63115.053   54.044   
[ 5.19480453e-01  3.03847390e-01 -7.28194032e-01  4.22876614e-01
  6.10552976e-01 -3.93448276e-01  1.24060390e+00 -4.91660352e-02
 -4.19320709e-01 -1.14781284e+00  3.83944124e-01 -6.39689344e-01
  1.49982577e-01 -1.92367237e-04  1.52219991e-01  3.05867114e-01
 -3.71899675e-01  3.54455706e-01 -3.85434318e-01 -2.66059356e-01]
[-0.11945674 -1.22601828 -2.09230306 -0.1213414   1.12986006 -0.33614961
 -0.42183746 -0.25327386  0.4513175   0.01277838 -0.56790058  0.86716281
 -0.61163448 -0.90091621  1.02931015  0.56984365 -0.02282956  0.05272548
  0.10866103 -0.51427484]
[ 0.39160362  0.28973783 -0.20674795 -0.51408618  0.54553911 -0.30447693
 -0.78730833  0.56980888  0.12424678 -1.05724293  0.25501273 -0.1215497
  0.1907649  -0.11275117 -0.32497872 -0.72803062  0.21826441  0.17676107
 -0.16904021  0.87459968]
