Generating synthetic binary valued data ... 
Generating synthetic  binary valued data took:  8.89777684211731
Evaluation for true params: 
 test_rsme | train_rsme | rel-te-err | rel-tr-err |  test_nll  |  train_nll |
0.7885175965 0.794858478    0.15544      0.15795      20715.02     82290.41  
Factorizing with max_iteration = 8000  fixing covariance?:  False
Tensor dimensions:  [50, 50, 50]
Optimization metrics: 
Using Ada Grad
Mean update scheme:  S
Covariance update :  N
Using diagonal covariance?:  True
Random start? True
k1 samples =  64  k2 samples =  64
eta =  1.0  cov eta =  1.0  sigma eta =  1
iteration |   time   |test_rsme |rel-te-err|train_rsme|rel-tr-err|  d_mean  |   d_cov  | test_nll | train_nll |    VLB   |  E-term  |    KL     |   dw   |
    0         1.37      1.411      0.4978     1.4145     0.5002     3.1623    11.0804    18497.66   74108.44   -74795.0  -74781.353   13.547     0.003   
    5        491.57     1.4076     0.4954     1.4135     0.4995     3.1623    11.0804    18284.91   73255.17   -74745.0  -74732.125   13.077     0.0005  
    10       983.27     1.4105     0.4974     1.4135     0.4995     3.1623    11.0804    18056.57   72482.82   -74723.0  -74710.182   12.765     0.0003  
    20       1483.0     1.4091     0.4964     1.4133     0.4994     3.1623    11.0804    17778.58   71337.19   -74645.0  -74632.29    12.353     0.0002  
    50      2017.02     1.4092     0.4965     1.4132     0.4992     3.1623     15.552    17501.21   70140.05   -74557.0  -74552.979    4.17      0.0001  
   100      2579.56     1.408      0.4956     1.4111     0.4978     2.5533   16273.6221  17484.38   69924.1    -74718.0  -74665.602   52.022      0.0    
   200       3219.6     1.4173     0.5022     1.4123     0.4986     1.7387   18799.4576  17373.11   69561.91   -74813.0  -74745.045   68.154      0.0    
   300       3859.0     1.4184     0.503      1.4123     0.4986     0.962    19294.6111  17361.79   69412.79   -74859.0  -74764.099   94.771      0.0    
   400      4496.54     1.4142      0.5       1.4132     0.4993     1.1639   9235.6353   17339.3    69375.74   -74874.0  -74762.777  110.776      0.0    
   500      5135.13     1.4147     0.5003     1.4121     0.4985     0.7046    305.8392   17344.03   69349.19   -74905.0  -74769.632  135.479      0.0    
   600       5777.8     1.4126     0.4989     1.4107     0.4975     0.5642   1061.9902   17337.55   69338.6    -74888.0  -74762.963  124.695      0.0    
   700      6415.13     1.4148     0.5004     1.411      0.4978     0.7584   1809.2971   17336.67   69334.59   -74854.0  -74758.31    95.366      0.0    
   800      7057.03     1.4169     0.5019     1.411      0.4978     0.8099    459.4149   17337.4    69329.22   -74860.0  -74760.309   99.467      0.0    
   900      7702.95      1.42      0.5041     1.4108     0.4976     0.735     626.226    17335.22   69320.82   -74861.0  -74761.802   99.366      0.0    
   1000     8340.59     1.4177     0.5024     1.4069     0.4948     0.6737    207.3356   17335.11   69300.48   -74864.0  -74759.65   104.766      0.0    
   1100     8979.37     1.4087     0.4961     1.4013     0.4909      0.49     70.2479    17330.93   69290.16   -74869.0  -74761.589  107.388      0.0    
   1200     9618.23     1.4044     0.4931     1.4002     0.4902     0.3561    49.3714    17327.65   69276.11   -74866.0  -74755.08   111.219      0.0    
   1300     10256.71    1.4067     0.4947     1.3939     0.4857     0.3065    19.9835    17327.06   69266.61   -74868.0  -74755.002  113.361      0.0    
   1400     10895.16    1.3959     0.4871     1.3861     0.4804     0.2822    20.4893    17314.45   69218.9    -74852.0  -74737.706  114.465      0.0    
   1500     11531.2     1.3625     0.4641     1.3518     0.4568     0.2205    17.0947    17282.98   69084.11   -74828.0  -74713.452  114.938      0.0    
   1600     12171.2     1.2537     0.3929      1.24      0.3844     0.3822    68.0707    17135.14   68497.01   -74671.0  -74558.113  113.304      0.0    
   1700     12808.71    0.9983     0.2492     0.9933     0.2466     0.5873    53.2464    15755.34   63014.32   -73137.0  -73029.188  108.217      0.0    
   1800     13442.04    0.8916     0.1987     0.8898     0.1979     0.5632     27.488    11273.8    45012.49   -66466.0  -66365.041  100.552      0.0    
   1900     14078.8     0.8987     0.2019     0.8952     0.2004     0.6345    14.3378    10542.14   42006.13   -64620.0  -64521.998   97.576      0.0    
   2000     14728.88    0.8934     0.1996     0.8907     0.1983     0.5702    14.3558    10347.89   41189.32   -64340.0  -64242.29    97.252      0.0    
   2100     15386.6     0.9015     0.2032     0.8986     0.2019     0.4295     5.4674    10283.47   40922.25   -64228.0  -64130.986   96.624      0.0    
   2200     16043.83    0.9086     0.2064     0.9012     0.203      0.4055     3.6357    10307.13   40917.34   -64343.0  -64247.829   95.451      0.0    
   2300     16700.17    0.8941     0.1998     0.8896     0.1979     0.5005     3.595     10283.73   40798.65   -64106.0  -64010.814   95.543      0.0    
   2400     17356.63    0.9055     0.205      0.8959     0.2007     0.348      3.0021    10292.16   40906.39   -64247.0  -64152.336   94.757      0.0    
   2500     18014.18    0.8912     0.1986     0.8865     0.1965     0.3856     1.6176    10266.19   40788.28   -64143.0  -64049.192   94.012      0.0    
   2600     18670.56    0.8926     0.1992     0.8892     0.1977     0.3698     1.6177    10213.94   40605.53   -64053.0  -63959.103    93.4       0.0    
   2700     19324.47    0.8996     0.2023     0.8957     0.2006     0.4757     1.0684    10241.11   40719.18   -64207.0  -64114.512   92.482      0.0    
   2800     19980.83    0.9008     0.2028     0.8913     0.1986     0.4244     1.0524    10221.83   40613.64   -64076.0  -63983.445   92.082      0.0    
   2900     20631.64    0.8901     0.1981     0.8813     0.1942     0.3509     0.9428    10181.87   40509.92   -64088.0  -63996.522   91.553      0.0    
   3000     21284.64    0.8887     0.1974     0.8811     0.1941     0.4003     0.7379    10202.4    40462.23   -64134.0  -64042.882   90.862      0.0    
   3100     21941.38    0.8909     0.1984     0.8831     0.195      0.3117     0.7142    10204.15   40378.95   -63963.0  -63872.524   90.225      0.0    
   3200     22592.7     0.893      0.1994     0.8848     0.1957     0.3343     0.5797    10167.22   40380.97   -64070.0  -63981.018   89.456      0.0    
   3300     23250.63    0.8867     0.1966     0.881      0.1941     0.3494     0.5156    10179.16   40357.37   -64050.0  -63961.31    88.981      0.0    
   3400     23907.72    0.8908     0.1984     0.8856     0.1961     0.3283     0.4377    10133.08   40220.6    -63921.0  -63833.364   87.94       0.0    
   3500     24564.82    0.8856     0.1961     0.8824     0.1946     0.3988     0.3976    10156.34   40235.08   -64023.0  -63935.88    86.696      0.0    
   3600     25221.52     0.89      0.198      0.8824     0.1946     0.3347     0.3597    10121.47   40106.11   -63878.0  -63792.082   86.393      0.0    
   3700     25878.29    0.8851     0.1958     0.873      0.1905     0.2955     0.3171    10100.09   39992.73   -64008.0  -63922.698   85.516      0.0    
   3800     26532.21    0.8843     0.1955     0.8759     0.1918     0.3474     0.2947    10108.33   39946.55   -63840.0  -63755.438   84.376      0.0    
   3900     27184.8     0.8832     0.195      0.8701     0.1893     0.3602     0.2654    10067.08   39804.0    -63949.0  -63864.768   83.993      0.0    
   4000     27838.18    0.8766     0.1921     0.8711     0.1897     0.3909     0.2428    10062.18   39730.81   -63846.0  -63762.564   83.624      0.0    
   4100     28495.06    0.8781     0.1928     0.8669     0.1879     0.4959     0.2195    10062.27   39695.07   -63890.0  -63806.838   83.552      0.0    
   4200     29152.33    0.8819     0.1944     0.8692     0.1889     0.3586     0.1856    10048.65   39561.13   -63786.0  -63701.869   83.754      0.0    
   4300     29809.16    0.8784     0.1929     0.8645     0.1868     0.3907     0.1762    10020.2    39435.91   -63813.0  -63730.105   83.173      0.0    
   4400     30466.64    0.8766     0.1921     0.8642     0.1867     0.3371     0.1577    9998.88    39332.98   -63803.0  -63720.605   82.051      0.0    
   4500     31123.73    0.8747     0.1913     0.8596     0.1847     0.3564     0.1368    9973.54    39181.25   -63673.0  -63591.391   82.034      0.0    
   4600     31781.74    0.8782     0.1928     0.8625     0.186      0.3879     0.1323    9987.26    39125.34   -63758.0  -63676.535   81.848      0.0    
   4700     32439.31    0.8731     0.1906     0.8597     0.1848     0.3347     0.1191    9947.11    39057.7    -63684.0  -63602.794   81.351      0.0    
   4800     33096.42    0.8776     0.1926     0.8613     0.1855     0.3932     0.1063     9942.0    38974.0    -63614.0  -63533.857   80.523      0.0    
   4900     33753.28    0.8709     0.1896     0.8539     0.1823     0.4686     0.1009    9921.92    38823.78   -63754.0  -63674.179   79.656      0.0    
   5000     34411.72    0.8698     0.1891     0.8514     0.1812     0.4345     0.1265    9919.24    38698.11   -63506.0  -63426.518   79.306      0.0    
   5100     35066.35    0.8699     0.1892     0.855      0.1828     0.3937     0.0955    9895.06    38618.68   -63574.0  -63494.757   79.501      0.0    
   5200     35721.63    0.8675     0.1882     0.8513     0.1812     0.408      0.0976     9884.4    38478.06   -63446.0  -63366.518   79.294      0.0    
   5300     36374.4     0.8631     0.1862     0.846      0.179      0.3496     0.0889    9851.95    38328.27   -63385.0  -63306.088   78.916      0.0    
   5400     37028.1     0.8642     0.1867     0.8456     0.1788     0.3997     0.0875    9855.07    38328.85   -63445.0  -63366.975   78.342      0.0    
   5500     37683.49    0.8641     0.1867     0.8454     0.1787     0.3577     0.0872    9885.95    38314.72   -63459.0  -63380.532   78.346      0.0    
   5600     38335.4     0.8587     0.1844     0.8455     0.1787     0.4192     0.0879    9810.65    38043.18   -63231.0  -63153.714   77.657      0.0    
   5700     38994.18    0.8619     0.1857     0.8407     0.1767     0.5331     0.0789    9804.54    37928.4    -63301.0  -63223.254   77.592      0.0    
   5800     39651.31    0.859      0.1845     0.8396     0.1762     0.5249     0.0749    9821.37    37887.67   -63323.0  -63245.317   77.52       0.0    
   5900     40307.76    0.8596     0.1847     0.8405     0.1766     0.4345     0.0897    9859.95    37912.26   -63239.0  -63162.01    76.795      0.0    
   6000     40964.46    0.8591     0.1845     0.8365     0.1749     0.4945     0.0535    9803.18    37713.81   -63350.0  -63273.341   76.382      0.0    
   6100     41621.36    0.859      0.1845     0.8403     0.1765     0.5288     0.1008    9836.56    37761.81   -63191.0  -63114.705   76.31       0.0    
