Generating synthetic binary valued data ... 
Generating synthetic  binary valued data took:  8.980233669281006
Evaluation for true params: 
 test_rsme | train_rsme | rel-te-err | rel-tr-err |  test_nll  |  train_nll |
0.5775811631 0.5850470067    0.0834      0.08557      22915.99     91140.33  
Factorizing with max_iteration = 8000  fixing covariance?:  False
Tensor dimensions:  [50, 50, 50]
Optimization metrics: 
Using Ada Grad
Mean update scheme:  S
Covariance update :  N
Using diagonal covariance?:  True
Random start? True
k1 samples =  64  k2 samples =  64
eta =  1.0  cov eta =  1.0  sigma eta =  1
iteration |   time   |test_rsme |rel-te-err|train_rsme|rel-tr-err|  d_mean  |   d_cov  | test_nll | train_nll |    VLB   |  E-term  |    KL     |   dw   |
    0         0.99      1.4187     0.5032     1.4136     0.4996     3.1623     1.8245    18651.78   74300.94   -77627.0  -77613.146   13.716     0.0469  
    5        485.21     1.4146     0.5002     1.4145     0.5002     3.1623     1.8249    18729.41   74794.24   -77550.0  -77536.21    13.773     0.0001  
    10       970.26     1.4176     0.5024     1.4099     0.4969     3.1623     1.8251    18921.69   75221.09   -77554.0  -77540.401   13.805     0.0001  
    20      1460.95     1.4188     0.5033     1.4083     0.4958     3.1623     1.8251    19070.67   75958.21   -77497.0  -77482.558   14.139     0.0001  
    50       1975.1     1.4028     0.492      1.3886     0.482      3.1623     1.8251    19939.33   78665.13   -77017.0  -77001.858   15.043     0.0003  
   100      2524.19     1.2052     0.3631     1.197      0.3582     2.8022     0.7187    16491.88   64802.42   -72659.0  -72638.883   20.117     0.0002  
   200      3126.56     0.7782     0.1514     0.7745      0.15      2.5642     0.2091    43470.06  170550.07   -59782.0  -59754.792   27.179     0.0001  
   300      3723.74     0.7802     0.1522     0.7719     0.1489     2.811      0.1205    97942.16  386847.71   -59748.0  -59713.805   33.868      0.0    
   400      4320.53     0.7811     0.1525     0.7756     0.1504     2.8204     0.0912   110860.99  434824.95   -59468.0  -59426.541   40.989      0.0    
   500      4924.96     0.781      0.1525     0.775      0.1502     2.8926     0.0776   133879.85  529206.25   -59626.0  -59579.334   46.49       0.0    
   600      5517.12     0.781      0.1525     0.775      0.1502     2.978      0.0666    137879.4  544215.96   -59635.0  -59583.037   51.472      0.0    
   700      6107.24     0.781      0.1525     0.7751     0.1502     2.9863     0.0578   140439.27  553283.57   -59642.0  -59586.455   55.788      0.0    
   800       6695.0     0.7761     0.1506     0.769      0.1478     2.8759     0.052    132206.52  522255.22   -59420.0  -59360.633   59.522      0.0    
   900      7282.33     0.781      0.1525     0.7751     0.1502     2.9122     0.0481   140381.65  552928.16   -59649.0  -59586.356   62.489      0.0    
   1000     7869.02     0.781      0.1525     0.7751     0.1502     2.8369     0.0419    140372.2  553142.94   -59652.0  -59586.455   65.299      0.0    
   1100     8452.62     0.781      0.1525     0.7751     0.1502     2.912      0.0446   140439.27  553283.57   -59654.0  -59586.455   67.573      0.0    
   1200      9030.8     0.781      0.1525     0.7751     0.1502     2.6192     0.035    140439.27  553283.57   -59656.0  -59586.455   69.505      0.0    
   1300     9609.39     0.781      0.1525     0.7751     0.1502     2.4855     0.0307   140439.27  553283.57   -59658.0  -59586.455   71.766      0.0    
   1400     10187.75    0.781      0.1525     0.775      0.1502     2.954      0.0266   138462.41  545071.89   -59650.0  -59576.454   73.355      0.0    
   1500     10765.99    0.781      0.1525     0.7751     0.1502     2.3825     0.0233   140439.27  553283.57   -59662.0  -59586.455   75.163      0.0    
   1600     11348.34    0.781      0.1525     0.7751     0.1502     2.4623     0.0175   140439.27  553283.57   -59663.0  -59586.455   76.609      0.0    
   1700     11926.55    0.781      0.1525     0.7751     0.1502     2.2973     0.0157   140439.27  553283.57   -59665.0  -59586.455   78.135      0.0    
   1800     12504.99    0.781      0.1525     0.7751     0.1502     2.3857     0.014    140439.27  553283.57   -59666.0  -59586.455   79.363      0.0    
   1900     13083.44    0.781      0.1525     0.7751     0.1502     2.4526     0.0144   140439.27  553283.57   -59667.0  -59586.455   80.351      0.0    
   2000     13659.55    0.781      0.1525     0.7751     0.1502     2.1482     0.0125   140439.27  553283.57   -59668.0  -59586.455   81.381      0.0    
   2100     14241.02    0.781      0.1525     0.7751     0.1502     2.4038     0.0108   140439.27  553283.57   -59669.0  -59586.455   82.427      0.0    
   2200     14819.33    0.781      0.1525     0.7751     0.1502     2.6376     0.0095   140439.27  553283.57   -59670.0  -59586.455   83.387      0.0    
   2300     15397.68    0.781      0.1525     0.7751     0.1502     2.0136     0.0083   140439.27  553283.57   -59671.0  -59586.455   84.419      0.0    
   2400     15975.95    0.781      0.1525     0.7751     0.1502     2.1146     0.0078   140439.27  553283.57   -59672.0  -59586.455   85.183      0.0    
   2500     16554.38    0.781      0.1525     0.7751     0.1502     2.3578     0.0089   140439.27  553283.57   -59673.0  -59586.455   86.134      0.0    
   2600     17135.56    0.781      0.1525     0.7751     0.1502     1.8788     0.0085   140439.27  553283.57   -59673.0  -59586.455   86.828      0.0    
   2700     17713.89    0.781      0.1525     0.7751     0.1502     2.0595      0.01    140439.27  553283.57   -59674.0  -59586.455   87.566      0.0    
   2800     18292.33    0.781      0.1525     0.7751     0.1502     1.9623     0.007    140439.27  553283.57   -59675.0  -59586.455   88.496      0.0    
   2900     18870.68    0.781      0.1525     0.7751     0.1502     1.8141     0.0071   140439.27  553283.57   -59676.0  -59586.455   89.225      0.0    
   3000     19449.05    0.781      0.1525     0.7751     0.1502     1.7017     0.0067   140439.27  553283.57   -59676.0  -59586.455   89.785      0.0    
   3100     20027.49    0.781      0.1525     0.7751     0.1502     1.7302     0.0058   140439.27  553283.57   -59677.0  -59586.455   90.353      0.0    
   3200     20605.68    0.781      0.1525     0.7751     0.1502     1.6087     0.0058   140439.27  553283.57   -59677.0  -59586.455   90.975      0.0    
   3300     21184.0     0.781      0.1525     0.7751     0.1502     2.0204     0.0078   140439.27  553283.57   -59678.0  -59586.455   91.615      0.0    
   3400     21762.46    0.781      0.1525     0.7751     0.1502     2.1716     0.0057   140439.27  553283.57   -59679.0  -59586.455   92.215      0.0    
   3500     22340.85    0.781      0.1525     0.7751     0.1502     2.047      0.0061   140439.27  553283.57   -59679.0  -59586.455   92.739      0.0    
   3600     22918.98    0.781      0.1525     0.7751     0.1502     2.2659     0.0056   140439.27  553283.57   -59680.0  -59586.455   93.168      0.0    
   3700     23497.32    0.781      0.1525     0.7751     0.1502     2.0575     0.0053   140439.27  553283.57   -59680.0  -59586.455   93.69       0.0    
   3800     24075.69    0.781      0.1525     0.7751     0.1502     1.7733     0.0049   140439.27  553283.57   -59681.0  -59586.455   94.118      0.0    
   3900     24653.89    0.781      0.1525     0.7751     0.1502     1.7545     0.0039   140439.27  553283.57   -59681.0  -59586.455   94.627      0.0    
   4000     25232.28    0.781      0.1525     0.7751     0.1502     1.8771     0.005    140439.27  553283.57   -59682.0  -59586.455   95.082      0.0    
   4100     25810.65    0.781      0.1525     0.7751     0.1502     1.8392     0.0043   140439.27  553283.57   -59682.0  -59586.455   95.541      0.0    
   4200     26389.14    0.781      0.1525     0.7751     0.1502     1.4987     0.0046   140439.27  553283.57   -59682.0  -59586.455   95.905      0.0    
   4300     26967.53    0.781      0.1525     0.7751     0.1502     1.7793     0.0047   140439.27  553283.57   -59683.0  -59586.455   96.411      0.0    
   4400     27545.89    0.781      0.1525     0.7751     0.1502     1.6015     0.0038   140439.27  553283.57   -59683.0  -59586.455   96.785      0.0    
   4500     28124.14    0.781      0.1525     0.7751     0.1502     1.5118     0.0042   140439.27  553283.57   -59684.0  -59586.455   97.174      0.0    
   4600     28702.58    0.781      0.1525     0.7751     0.1502     1.2869     0.0043   140439.27  553283.57   -59684.0  -59586.455   97.586      0.0    
   4700     29281.03    0.781      0.1525     0.7751     0.1502     1.8183     0.0034   140439.27  553283.57   -59684.0  -59586.455   97.969      0.0    
   4800     29859.25    0.781      0.1525     0.7751     0.1502     1.3253     0.0038   140439.27  553283.57   -59685.0  -59586.455   98.37       0.0    
   4900     30433.41    0.781      0.1525     0.7751     0.1502     1.3838     0.003    140439.27  553283.57   -59685.0  -59586.455   98.666      0.0    
   5000     30994.82    0.781      0.1525     0.7751     0.1502     1.5785     0.003    140439.27  553283.57   -59685.0  -59586.455   98.972      0.0    
   5100     31557.18    0.781      0.1525     0.7751     0.1502     1.4274     0.0037   140439.27  553283.57   -59686.0  -59586.455   99.489      0.0    
   5200     32122.86    0.781      0.1525     0.7751     0.1502     1.6827     0.0034   140439.27  553283.57   -59686.0  -59586.455   99.788      0.0    
   5300     32689.22    0.781      0.1525     0.7751     0.1502     1.7795     0.0031   140439.27  553283.57   -59687.0  -59586.455   100.08      0.0    
   5400     33254.49    0.781      0.1525     0.7751     0.1502     1.6682     0.0038   140439.27  553283.57   -59687.0  -59586.455  100.366      0.0    
   5500     33818.15    0.781      0.1525     0.7751     0.1502     1.2609     0.0032   140439.27  553283.57   -59687.0  -59586.455  100.743      0.0    
   5600     34379.03    0.781      0.1525     0.7751     0.1502     1.3267     0.0028   140439.27  553283.57   -59687.0  -59586.455  101.042      0.0    
   5700     34939.89    0.781      0.1525     0.7751     0.1502     1.3178     0.0026   140439.27  553283.57   -59688.0  -59586.455  101.325      0.0    
   5800     35500.44    0.781      0.1525     0.7751     0.1502     1.3485     0.003    140439.27  553283.57   -59688.0  -59586.455  101.636      0.0    
   5900     36060.83    0.781      0.1525     0.7751     0.1502     1.1897     0.003    140439.27  553283.57   -59688.0  -59586.455  101.926      0.0    
   6000     36621.67    0.781      0.1525     0.7751     0.1502     1.604      0.0029   140439.27  553283.57   -59689.0  -59586.455  102.261      0.0    
   6100     37182.67    0.781      0.1525     0.7751     0.1502     1.1248     0.003    140439.27  553283.57   -59689.0  -59586.455  102.534      0.0    
   6200     37743.99    0.781      0.1525     0.7751     0.1502     1.6318     0.0033   140439.27  553283.57   -59689.0  -59586.455  102.964      0.0    
   6300     38304.69    0.781      0.1525     0.7751     0.1502     1.1879     0.0029   140439.27  553283.57   -59690.0  -59586.455  103.214      0.0    
   6400     38865.31    0.781      0.1525     0.7751     0.1502     1.2989     0.003    140439.27  553283.57   -59690.0  -59586.455  103.457      0.0    
   6500     39425.49    0.781      0.1525     0.7751     0.1502     1.6682     0.0029   140439.27  553283.57   -59690.0  -59586.455  103.687      0.0    
   6600     39987.14    0.781      0.1525     0.7751     0.1502     1.8092     0.0034   140439.27  553283.57   -59690.0  -59586.455  103.851      0.0    
   6700     40548.11    0.781      0.1525     0.7751     0.1502     1.479      0.0026   140439.27  553283.57   -59690.0  -59586.455  104.015      0.0    
   6800     41109.08    0.781      0.1525     0.7751     0.1502     1.5157     0.0025   140439.27  553283.57   -59691.0  -59586.455  104.353      0.0    
   6900     41670.03    0.781      0.1525     0.7751     0.1502     1.6343     0.0028   140439.27  553283.57   -59691.0  -59586.455  104.505      0.0    
   7000     42231.49    0.781      0.1525     0.7751     0.1502     1.3465     0.0033   140439.27  553283.57   -59691.0  -59586.455  104.747      0.0    
   7100     42792.71    0.781      0.1525     0.7751     0.1502     1.6311     0.0031   140439.27  553283.57   -59691.0  -59586.455  104.962      0.0    
   7200     43354.17    0.781      0.1525     0.7751     0.1502     1.1738     0.0027   140439.27  553283.57   -59692.0  -59586.455  105.214      0.0    
   7300     43915.92    0.781      0.1525     0.7751     0.1502     1.2311     0.0031   140439.27  553283.57   -59692.0  -59586.455  105.456      0.0    
   7400     44477.11    0.781      0.1525     0.7751     0.1502     1.1931     0.0029   140439.27  553283.57   -59692.0  -59586.455  105.655      0.0    
   7500     45038.3     0.781      0.1525     0.7751     0.1502     1.3937     0.0026   140439.27  553283.57   -59692.0  -59586.455  105.931      0.0    
   7600     45599.79    0.781      0.1525     0.7751     0.1502     1.5299     0.0025   140439.27  553283.57   -59692.0  -59586.455   106.03      0.0    
   7700     46160.97    0.781      0.1525     0.7751     0.1502     1.0849     0.0028   140439.27  553283.57   -59693.0  -59586.455  106.377      0.0    
   7800     46722.4     0.781      0.1525     0.7751     0.1502     1.1873     0.0026   140439.27  553283.57   -59693.0  -59586.455  106.719      0.0    
   7900     47283.67    0.781      0.1525     0.7751     0.1502     1.4174     0.0023   140439.27  553283.57   -59693.0  -59586.455  106.876      0.0    
   8000     47844.68    0.781      0.1525     0.7751     0.1502     1.5718     0.0024   140439.27  553283.57   -59694.0  -59586.455  107.145      0.0    
[-39.6843572   36.36316687  37.93807764  37.71410377  37.93298207
 -38.66656373 -39.45330339 -39.10090372 -38.31245824 -38.33369547
  39.02719652 -36.51377333  38.80152429  39.4398003   38.37578216
  38.38093043 -38.92769098 -38.40955575 -39.72524957  39.15936569]
[-20.13707673  18.10869614 -17.95634348 -14.70580488 -19.88098598
  21.00746546 -17.21779838 -18.60945073 -18.50943128  21.93391021
 -15.37363904  14.59632131  18.98961288 -20.54965208 -18.71035278
 -16.25840953 -13.45896859 -19.68807124 -21.09954834  15.23005477]
[ 40.60972446  39.41935357 -39.45717662 -39.74957225 -36.86747743
 -40.53108136  39.2928472   39.66671479  41.30664453 -40.26174528
 -40.61544693 -40.58144334  41.3054578  -38.4949642  -39.33294032
 -39.49354902  39.43007199  40.59006976  38.49174638  40.11789345]
