Generating synthetic binary valued data ... 
Generating synthetic  binary valued data took:  7.8272764682769775
Evaluation for true params: 
 test_rsme | train_rsme | rel-te-err | rel-tr-err |  test_nll  |  train_nll |
    0.0          0.0          0.0          0.0        24824.84     98569.99  
Factorizing with max_iteration = 8000  fixing covariance?:  False
Tensor dimensions:  [50, 50, 50]
Optimization metrics: 
Using Ada Grad
Mean update scheme:  S
Covariance update :  N
Using diagonal covariance?:  True
Random start? True
k1 samples =  64  k2 samples =  64
eta =  1.0  cov eta =  1.0  sigma eta =  1
iteration |   time   |test_rsme |rel-te-err|train_rsme|rel-tr-err|  d_mean  |   d_cov  | test_nll | train_nll |    VLB   |  E-term  |    KL     |   dw   |
    0         1.0       1.413      0.4991     1.4126     0.4989     3.1623     1.8246    18594.12   74096.94   -77670.0  -77656.557   13.165     0.0485  
    5        489.41     1.4132     0.4993     1.4111     0.4978     3.1623     1.8248    18583.27   74403.87   -77647.0  -77633.307   13.29      0.0003  
    10       980.38      1.41      0.497      1.4053     0.4937     3.1623     1.8248    18760.73   74457.15   -77585.0  -77571.539   13.363     0.0001  
    20      1471.54     1.405      0.4935     1.3991     0.4894     3.1623     1.8248    18919.76   75098.72   -77413.0  -77399.241   13.591      0.0    
    50      1979.16     1.3413     0.4498     1.3303     0.4424     3.1623     1.8248    18658.9    73674.89   -76061.0  -76044.782   15.981     0.0003  
   100       2509.2     0.9599     0.2304     0.9481     0.2247     2.9114     0.7164    12759.51   50031.25   -67435.0  -67417.194   17.701     0.0001  
   200      3088.74     0.7131     0.1271     0.7111     0.1264     2.6605     0.2092    58803.39  229510.68   -58611.0  -58584.938   25.971     0.0001  
   300      3666.65     0.7187     0.1291     0.7189     0.1292     2.7132     0.1302    86438.94  344402.35   -58413.0  -58378.592   34.462      0.0    
   400      4245.41     0.7152     0.1279     0.7123     0.1268     2.7007     0.0952   108157.48  425469.68   -58619.0  -58577.808   41.059      0.0    
   500      4822.64     0.7199     0.1296     0.7148     0.1278     2.7388     0.0695    99374.44  394760.97   -58380.0  -58333.066   46.965      0.0    
   600      5394.73     0.714      0.1274     0.7119     0.1267     2.7788     0.0604   109230.06  435043.64   -58557.0  -58505.097   52.013      0.0    
   700      5966.34     0.7152     0.1279     0.7126     0.1269     3.068      0.0576   111324.65  440962.33   -58541.0  -58485.586   55.672      0.0    
   800      6536.88     0.7111     0.1264     0.7071     0.125      2.828      0.0534   109628.06  435800.39   -58417.0  -58357.99    59.338      0.0    
   900      7106.57     0.7155     0.128      0.7131     0.1271     2.9956     0.0559   117892.36  468342.37   -58583.0  -58520.435   62.408      0.0    
   1000     7677.15     0.7155     0.128      0.7131     0.1271     2.851      0.0515    117837.4  468036.77   -58586.0  -58520.235   65.334      0.0    
   1100      8245.8     0.7131     0.1271     0.7094     0.1258     2.7843     0.0471   110665.17  439787.74   -58483.0  -58415.657   67.741      0.0    
   1200     8814.69     0.7155     0.128      0.7131     0.1271     2.5583     0.0367   117892.36  468330.45   -58590.0  -58520.455   69.811      0.0    
   1300     9383.22     0.7155     0.128      0.7131     0.1271     2.7721     0.0309   117616.47  467717.15   -58591.0  -58519.265   71.811      0.0    
   1400      9952.0     0.7153     0.1279     0.7128     0.127      2.5446     0.0256   115579.83   458988.7   -58578.0  -58504.591   73.597      0.0    
   1500     10520.44    0.7154     0.128      0.713      0.1271     2.2936      0.02    117029.53  464999.99   -58591.0  -58515.611   75.339      0.0    
   1600     11091.0     0.7155     0.128      0.7131     0.1271     2.5992     0.0167   117892.36  468364.23   -58597.0  -58520.455   76.869      0.0    
   1700     11659.11    0.7155     0.128      0.7131     0.1271     2.3367     0.0155   117892.36  468364.23   -58599.0  -58520.455   78.18       0.0    
   1800     12227.22    0.7155     0.128      0.7131     0.1271     2.3651     0.0128   117892.36  468364.23   -58600.0  -58520.455   79.425      0.0    
   1900     12795.45    0.7155     0.128      0.7131     0.1271     2.1278     0.0131   117892.36  468364.23   -58601.0  -58520.455   80.652      0.0    
   2000     13364.06    0.7155     0.128      0.7131     0.1271     2.6612     0.0111   117892.36  468364.23   -58602.0  -58520.455   81.642      0.0    
   2100     13934.86    0.7155     0.128      0.7131     0.1271     2.1675     0.0102   117892.36  468364.23   -58603.0  -58520.455   82.736      0.0    
   2200     14504.04    0.7155     0.128      0.7131     0.1271     2.2685     0.0092   117892.36  468364.23   -58604.0  -58520.455   83.608      0.0    
   2300     15089.0     0.7155     0.128      0.7131     0.1271     1.8614      0.01    117892.36  468364.23   -58605.0  -58520.455   84.383      0.0    
   2400     15675.84    0.7155     0.128      0.7131     0.1271     2.3775     0.0083   117892.36  468364.23   -58606.0  -58520.455   85.206      0.0    
   2500     16260.29    0.7155     0.128      0.7131     0.1271     2.2622     0.0075   117892.36  468364.23   -58606.0  -58520.455   85.915      0.0    
   2600     16844.52    0.7155     0.128      0.7131     0.1271     2.4741     0.0073   117892.36  468364.23   -58607.0  -58520.455   86.754      0.0    
   2700     17428.8     0.7155     0.128      0.7131     0.1271     1.6354     0.0072   117892.36  468364.23   -58608.0  -58520.455   87.587      0.0    
   2800     18013.16    0.7155     0.128      0.7131     0.1271     1.8533     0.0068   117892.36  468364.23   -58609.0  -58520.455   88.409      0.0    
   2900     18599.27    0.7155     0.128      0.7131     0.1271     1.9327     0.0063   117892.36  468364.23   -58610.0  -58520.455   89.174      0.0    
   3000     19183.53    0.7155     0.128      0.7131     0.1271     2.1039     0.0058   117892.36  468364.23   -58610.0  -58520.455   89.796      0.0    
   3100     19767.75    0.7155     0.128      0.7131     0.1271     1.6226     0.0059   117892.36  468364.23   -58611.0  -58520.455   90.353      0.0    
   3200     20353.11    0.7155     0.128      0.7131     0.1271     1.7218     0.0052   117892.36  468364.23   -58611.0  -58520.455   90.971      0.0    
   3300     20937.36    0.7155     0.128      0.7131     0.1271     1.9792     0.0068   117892.36  468364.23   -58612.0  -58520.455   91.623      0.0    
   3400     21521.76    0.7155     0.128      0.7131     0.1271     1.5722     0.0047   117892.36  468364.23   -58613.0  -58520.455   92.23       0.0    
   3500     22106.25    0.7155     0.128      0.7131     0.1271     1.664      0.0051   117892.36  468364.23   -58613.0  -58520.455   92.643      0.0    
   3600     22690.68    0.7155     0.128      0.7131     0.1271     2.0344     0.0058   117892.36  468364.23   -58614.0  -58520.455   93.255      0.0    
   3700     23275.02    0.7155     0.128      0.7131     0.1271     1.8312     0.0044   117892.36  468364.23   -58614.0  -58520.455   93.715      0.0    
   3800     23859.42    0.7155     0.128      0.7131     0.1271     1.7289     0.0049   117892.36  468364.23   -58615.0  -58520.455   94.264      0.0    
   3900     24443.91    0.7155     0.128      0.7131     0.1271     1.2191     0.004    117892.36  468364.23   -58615.0  -58520.455   94.748      0.0    
   4000     25028.37    0.7155     0.128      0.7131     0.1271     1.8151     0.0053   117892.36  468364.23   -58616.0  -58520.455   95.267      0.0    
   4100     25612.81    0.7155     0.128      0.7131     0.1271     1.7112     0.004    117892.36  468364.23   -58616.0  -58520.455   95.795      0.0    
   4200     26197.42    0.7155     0.128      0.7131     0.1271     1.4242     0.0047   117892.36  468364.23   -58617.0  -58520.455   96.195      0.0    
   4300     26781.88    0.7155     0.128      0.7131     0.1271     1.5807     0.0057   117892.36  468364.23   -58617.0  -58520.455   96.585      0.0    
   4400     27366.24    0.7155     0.128      0.7131     0.1271     1.9279     0.0045   117892.36  468364.23   -58617.0  -58520.455   96.991      0.0    
   4500     27950.82    0.7155     0.128      0.7131     0.1271     1.719      0.0037   117892.36  468364.23   -58618.0  -58520.455   97.488      0.0    
   4600     28535.22    0.7155     0.128      0.7131     0.1271     2.0207     0.0044   117892.36  468364.23   -58618.0  -58520.455   97.807      0.0    
   4700     29119.64    0.7155     0.128      0.7131     0.1271     1.582      0.0041   117892.36  468364.23   -58619.0  -58520.455   98.174      0.0    
   4800     29703.91    0.7155     0.128      0.7131     0.1271     1.2374     0.0039   117892.36  468364.23   -58619.0  -58520.455   98.503      0.0    
   4900     30275.57    0.7155     0.128      0.7131     0.1271     1.4338     0.005    117892.36  468364.23   -58619.0  -58520.455   98.902      0.0    
   5000     30862.74    0.7155     0.128      0.7131     0.1271     1.4927     0.0035   117892.36  468364.23   -58620.0  -58520.455   99.289      0.0    
   5100     31436.1     0.7155     0.128      0.7131     0.1271     1.4277     0.0039   117892.36  468364.23   -58620.0  -58520.455   99.73       0.0    
   5200     32003.15    0.7155     0.128      0.7131     0.1271     1.6821     0.0034   117892.36  468364.23   -58621.0  -58520.455  100.172      0.0    
   5300     32569.66    0.7155     0.128      0.7131     0.1271     1.1846     0.0033   117892.36  468364.23   -58621.0  -58520.455  100.467      0.0    
   5400     33136.36    0.7155     0.128      0.7131     0.1271     1.2943     0.0036   117892.36  468364.23   -58621.0  -58520.455  100.921      0.0    
   5500     33702.86    0.7155     0.128      0.7131     0.1271     1.8353     0.0033   117892.36  468364.23   -58622.0  -58520.455  101.186      0.0    
   5600     34269.5     0.7155     0.128      0.7131     0.1271     1.7451     0.003    117892.36  468364.23   -58622.0  -58520.455  101.471      0.0    
   5700     34836.1     0.7155     0.128      0.7131     0.1271     1.2094     0.0027   117892.36  468364.23   -58622.0  -58520.455   101.82      0.0    
   5800     35402.34    0.7155     0.128      0.7131     0.1271     1.7024     0.0033   117892.36  468364.23   -58623.0  -58520.455   102.21      0.0    
   5900     35968.4     0.7155     0.128      0.7131     0.1271     1.8231     0.0033   117892.36  468364.23   -58623.0  -58520.455  102.501      0.0    
   6000     36535.15    0.7155     0.128      0.7131     0.1271     1.129      0.0036   117892.36  468364.23   -58623.0  -58520.455  102.825      0.0    
   6100     37101.62    0.7155     0.128      0.7131     0.1271     1.5635     0.0034   117892.36  468364.23   -58623.0  -58520.455  103.025      0.0    
   6200     37668.29    0.7155     0.128      0.7131     0.1271     1.6182     0.0032   117892.36  468364.23   -58624.0  -58520.455  103.296      0.0    
   6300     38234.98    0.7155     0.128      0.7131     0.1271     1.0982     0.0033   117892.36  468364.23   -58624.0  -58520.455  103.511      0.0    
   6400     38801.08    0.7155     0.128      0.7131     0.1271     1.1556     0.0035   117892.36  468364.23   -58624.0  -58520.455  103.679      0.0    
   6500     39366.81    0.7155     0.128      0.7131     0.1271     1.0962     0.003    117892.36  468364.23   -58624.0  -58520.455  103.929      0.0    
   6600     39933.45    0.7155     0.128      0.7131     0.1271     1.4703     0.0027   117892.36  468364.23   -58625.0  -58520.455  104.169      0.0    
   6700     40509.25    0.7155     0.128      0.7131     0.1271     1.3014     0.0025   117892.36  468364.23   -58625.0  -58520.455  104.406      0.0    
   6800     41088.99    0.7155     0.128      0.7131     0.1271     1.0931     0.0031   117892.36  468364.23   -58625.0  -58520.455  104.609      0.0    
   6900     41656.89    0.7155     0.128      0.7131     0.1271     1.1085     0.0027   117892.36  468364.23   -58625.0  -58520.455  104.875      0.0    
   7000     42223.9     0.7155     0.128      0.7131     0.1271     1.2959     0.003    117892.36  468364.23   -58626.0  -58520.455  105.094      0.0    
   7100     42791.33    0.7155     0.128      0.7131     0.1271     1.1521     0.0031   117892.36  468364.23   -58626.0  -58520.455   105.3       0.0    
   7200     43358.46    0.7155     0.128      0.7131     0.1271     1.6191     0.0023   117892.36  468364.23   -58626.0  -58520.455  105.558      0.0    
   7300     43927.38    0.7155     0.128      0.7131     0.1271     1.5019     0.0028   117892.36  468364.23   -58626.0  -58520.455  105.776      0.0    
   7400     44494.6     0.7155     0.128      0.7131     0.1271     1.0871     0.0037   117892.36  468364.23   -58626.0  -58520.455  105.935      0.0    
   7500     45061.88    0.7155     0.128      0.7131     0.1271     1.0349     0.0025   117892.36  468364.23   -58627.0  -58520.455   106.26      0.0    
   7600     45629.64    0.7155     0.128      0.7131     0.1271     1.0791     0.0026   117892.36  468364.23   -58627.0  -58520.455  106.396      0.0    
   7700     46198.0     0.7155     0.128      0.7131     0.1271     1.2838     0.0028   117892.36  468364.23   -58627.0  -58520.455  106.569      0.0    
   7800     46766.73    0.7155     0.128      0.7131     0.1271     1.1642     0.0025   117892.36  468364.23   -58627.0  -58520.455  106.725      0.0    
   7900     47335.71    0.7155     0.128      0.7131     0.1271     0.8841     0.0024   117892.36  468364.23   -58627.0  -58520.455  107.035      0.0    
   8000     47905.04    0.7155     0.128      0.7131     0.1271     1.2417     0.0022   117892.36  468364.23   -58628.0  -58520.455  107.194      0.0    
[ 37.82584219 -38.61219898  40.63666837  40.77468943 -41.4908047
  40.50127064  39.03556736  39.82454172  37.99013528  39.22777975
 -40.74674742  41.26737378 -39.47688304 -40.69562392 -39.96286822
 -39.55851078 -37.41818229  39.91009654  39.1867484  -40.920793  ]
[ 25.06942235  20.15282209  22.89648969  25.10400568 -19.10032005
  22.30114651  23.66399542 -19.57499316  28.45917753 -27.56891011
 -26.92252206 -21.87070358 -15.07479739 -24.77081823 -28.77111257
 -23.15012605 -20.11186998 -25.5792768   30.89612937 -24.91826671]
[ 40.23720547 -39.96243987  40.63730376  40.54908364  40.22101465
  39.59691664  39.56114372 -41.1322813   38.69901656 -40.7757626
  39.70909676 -39.43877509  39.7837014   40.07865889  40.6535504
  41.89964423  39.31380234 -39.96140579  38.96231501  39.60451516]
