Generating synthetic binary valued data ... 
Generating synthetic  binary valued data took:  7.737590551376343
Evaluation for true params: 
 test_rsme | train_rsme | rel-te-err | rel-tr-err |  test_nll  |  train_nll |
    0.0          0.0          0.0          0.0        24824.84     98569.99  
Factorizing with max_iteration = 8000  fixing covariance?:  False
Tensor dimensions:  [50, 50, 50]
Optimization metrics: 
Using Ada Grad
Mean update scheme:  S
Covariance update :  N
Using diagonal covariance?:  True
Random start? True
k1 samples =  64  k2 samples =  64
eta =  1.0  cov eta =  1.0  sigma eta =  1
iteration |   time   |test_rsme |rel-te-err|train_rsme|rel-tr-err|  d_mean  |   d_cov  | test_nll | train_nll |    VLB   |  E-term  |    KL     
    0         0.97      1.4147     0.5004     1.4109     0.4977     3.1623     1.8248    18600.24   74162.66   -77673.0  -77659.636   13.16    
    5        264.62     1.4153     0.5008     1.4081     0.4957     3.1623     1.8251    18751.17   74529.76   -77625.0  -77611.802   13.264   
    10       530.09     1.4132     0.4993     1.4037     0.4926     3.1623     1.8252    18820.68   74690.13   -77541.0  -77527.907   13.403   
    20       799.62     1.4053     0.4937     1.3951     0.4866     3.1623     1.8252    18981.67   75279.59   -77398.0  -77384.311   13.711   
    50      1088.49     1.3564      0.46      1.3405     0.4492     3.1623     1.8252    19303.79   75536.03   -76257.0  -76242.456   14.409   
   100      1398.79     1.0196     0.2599     1.0057     0.2529     2.8763     0.7182    13730.74   54462.89   -68772.0  -68755.633   16.827   
   200      1757.46     0.7129     0.127      0.7097     0.1259     2.5616     0.2062    49877.64  195890.55   -58453.0  -58427.176   25.522   
   300      2111.97     0.714      0.1274     0.7121     0.1268     2.7069     0.1164    86605.26  338423.51   -58559.0  -58525.33    33.391   
   400       2467.3     0.7136     0.1273     0.7112     0.1264     2.825      0.0951    86054.75  337725.16   -58470.0  -58430.173   40.051   
   500      2821.51     0.7126     0.127      0.7085     0.1255     2.7795     0.0733   110625.67   438884.5   -58631.0  -58584.952   45.768   
   600      3174.39     0.7149     0.1278     0.7126     0.1269     2.848      0.069    111446.47  439504.34   -58549.0  -58498.42    50.96    
   700      3527.16     0.7138     0.1274     0.7105     0.1262     2.7834     0.0602   107133.12  423448.65   -58481.0  -58425.591   55.069   
   800      3878.95     0.7174     0.1287     0.7114     0.1265     2.7773     0.0622   107485.15  421118.88   -58332.0  -58272.77    58.895   
   900      4229.95     0.7136     0.1273     0.7104     0.1262     2.8033     0.0599   110847.99   440823.3   -58498.0  -58435.408   62.32    
   1000     4581.02     0.7155     0.128      0.7131     0.1271     2.9933     0.0518   117892.36  468364.23   -58586.0  -58520.455   65.075   
   1100     4931.59     0.7155     0.128      0.7131     0.1271     2.9559     0.0436   117892.36  468364.23   -58588.0  -58520.455   67.384   
   1200     5282.19     0.7155     0.128      0.7131     0.1271     2.5306     0.0356   117892.36  468364.23   -58590.0  -58520.455   69.616   
   1300     5633.33     0.7155     0.128      0.7131     0.1271     2.489      0.0303   117892.36  468364.23   -58592.0  -58520.455   71.68    
   1400     5984.51     0.7155     0.128      0.7131     0.1271     2.4758     0.0261   117892.36  468364.23   -58594.0  -58520.455   73.379   
   1500     6335.16     0.7155     0.128      0.7131     0.1271     2.3526     0.0215   117892.36  468364.23   -58596.0  -58520.455   75.131   
   1600     6685.76     0.7155     0.128      0.7131     0.1271     2.3039     0.0166   117892.36  468364.23   -58597.0  -58520.455   76.413   
   1700     7036.82     0.7192     0.1293     0.7141     0.1275     2.6039     0.0163   113271.02  446833.46   -58389.0  -58311.486   77.969   
   1800     7387.23     0.7179     0.1288     0.7132     0.1272     2.2951     0.0121   112752.81  444515.12   -58386.0  -58306.383   79.382   
   1900     7738.44     0.7223     0.1304     0.7163     0.1283     2.1476     0.012    120139.68  472600.99   -58422.0  -58341.69    80.772   
   2000     8088.72     0.7223     0.1304     0.7163     0.1283     2.1007     0.0119   120139.68  472600.99   -58423.0  -58341.69    81.652   
   2100     8439.11     0.7223     0.1304     0.7163     0.1283     2.0971     0.0096   120064.47  471951.24   -58424.0  -58341.649   82.736   
   2200      8789.8     0.7117     0.1266     0.7073     0.1251     2.2805     0.0098   110296.21  437602.46   -58372.0  -58288.371   83.624   
   2300     9140.08     0.7152     0.1279     0.7127     0.127      2.5504     0.0092   116880.76  463614.59   -58593.0  -58508.919   84.557   
   2400     9490.75     0.7155     0.128      0.7131     0.1271     2.4244     0.0078   117892.36  468364.23   -58606.0  -58520.455   85.417   
   2500     9841.11     0.7155     0.128      0.7131     0.1271     1.9217     0.0087   117892.36  468364.23   -58607.0  -58520.455   86.325   
   2600     10191.49    0.7155     0.128      0.7131     0.1271     2.0129     0.0077   117892.36  468364.23   -58608.0  -58520.455   87.072   
   2700     10544.32    0.7155     0.128      0.7131     0.1271     1.5714     0.0073   117892.36  468364.23   -58608.0  -58520.455   87.704   
   2800     10898.82    0.7155     0.128      0.7131     0.1271     2.1991     0.0078   117892.36  468364.23   -58609.0  -58520.455   88.306   
   2900     11249.43    0.7155     0.128      0.7131     0.1271     1.7197     0.0074   117892.36  468364.23   -58609.0  -58520.455   88.926   
   3000     11599.5     0.7155     0.128      0.7131     0.1271     1.9831     0.0059   117892.36  468364.23   -58610.0  -58520.455   89.584   
   3100     11949.91    0.7155     0.128      0.7131     0.1271      2.05      0.0055   117892.36  468364.23   -58611.0  -58520.455   90.312   
   3200     12300.08    0.7155     0.128      0.7131     0.1271     1.7476     0.0064   117892.36  468364.23   -58611.0  -58520.455   90.952   
   3300     12650.51    0.7155     0.128      0.7131     0.1271     1.7669     0.0055   117892.36  468364.23   -58612.0  -58520.455   91.632   
   3400     13000.95    0.7155     0.128      0.7131     0.1271     1.637      0.0065   117892.36  468364.23   -58613.0  -58520.455   92.252   
   3500     13353.37    0.7155     0.128      0.7131     0.1271     1.6781     0.0056   117892.36  468364.23   -58613.0  -58520.455   92.664   
   3600     13705.48    0.7155     0.128      0.7131     0.1271     1.4215     0.0053   117892.36  468364.23   -58614.0  -58520.455   93.303   
   3700     14055.9     0.7155     0.128      0.7131     0.1271     1.5774     0.0049   117892.36  468364.23   -58614.0  -58520.455   93.972   
   3800     14407.12    0.7155     0.128      0.7131     0.1271     1.9113     0.0049   117892.36  468364.23   -58615.0  -58520.455   94.452   
   3900     14767.48    0.7155     0.128      0.7131     0.1271     1.3389     0.0049   117892.36  468364.23   -58615.0  -58520.455   94.842   
   4000     15127.87    0.7155     0.128      0.7131     0.1271     1.4641     0.0045   117892.36  468364.23   -58616.0  -58520.455   95.311   
   4100     15487.95    0.7155     0.128      0.7131     0.1271     1.6287     0.004    117892.36  468364.23   -58616.0  -58520.455   95.666   
   4200     15847.98    0.7155     0.128      0.7131     0.1271     1.4342     0.0059   117892.36  468364.23   -58617.0  -58520.455   96.273   
   4300     16207.91    0.7155     0.128      0.7131     0.1271     1.9203     0.0039   117892.36  468364.23   -58617.0  -58520.455   96.688   
   4400     16567.98    0.7155     0.128      0.7131     0.1271     1.6525     0.0039   117892.36  468364.23   -58618.0  -58520.455   97.126   
   4500     16928.23    0.7155     0.128      0.7131     0.1271     1.3229     0.004    117892.36  468364.23   -58618.0  -58520.455   97.46    
   4600     17288.41    0.7155     0.128      0.7131     0.1271     1.4658     0.0043   117892.36  468364.23   -58618.0  -58520.455   97.956   
   4700     17648.46    0.7155     0.128      0.7131     0.1271     1.6301     0.0038   117892.36  468364.23   -58619.0  -58520.455   98.267   
   4800     18008.42    0.7155     0.128      0.7131     0.1271     1.4058     0.0046   117892.36  468364.23   -58619.0  -58520.455   98.712   
   4900     18368.49    0.7155     0.128      0.7131     0.1271     1.3972     0.0036   117892.36  468364.23   -58619.0  -58520.455   99.027   
   5000     18728.51    0.7155     0.128      0.7131     0.1271     1.9211     0.0038   117892.36  468364.23   -58620.0  -58520.455   99.505   
   5100     19088.59    0.7155     0.128      0.7131     0.1271     1.5002     0.0037   117892.36  468364.23   -58620.0  -58520.455   99.908   
   5200     19448.61    0.7155     0.128      0.7131     0.1271     1.3645     0.0032   117892.36  468364.23   -58621.0  -58520.455  100.231   
   5300     19808.67    0.7155     0.128      0.7131     0.1271     1.4968     0.004    117892.36  468364.23   -58621.0  -58520.455  100.535   
   5400     20169.62    0.7155     0.128      0.7131     0.1271     1.4327     0.0039   117892.36  468364.23   -58621.0  -58520.455  100.823   
   5500     20529.99    0.7155     0.128      0.7131     0.1271     1.4717     0.0029   117892.36  468364.23   -58622.0  -58520.455  101.239   
   5600     20890.11    0.7155     0.128      0.7131     0.1271     1.5598     0.0044   117892.36  468364.23   -58622.0  -58520.455  101.526   
   5700     21250.14    0.7155     0.128      0.7131     0.1271     1.4051     0.0033   117892.36  468364.23   -58622.0  -58520.455  101.773   
   5800     21610.22    0.7155     0.128      0.7131     0.1271     1.343      0.0031   117892.36  468364.23   -58622.0  -58520.455  102.033   
   5900     21970.37    0.7155     0.128      0.7131     0.1271     1.3801     0.0026   117892.36  468364.23   -58623.0  -58520.455  102.304   
   6000     22330.49    0.7155     0.128      0.7131     0.1271     1.4133     0.0028   117892.36  468364.23   -58623.0  -58520.455  102.551   
   6100     22690.56    0.7155     0.128      0.7131     0.1271     1.3793     0.0034   117892.36  468364.23   -58623.0  -58520.455  103.017   
   6200     23050.73    0.7155     0.128      0.7131     0.1271     1.3389     0.0029   117892.36  468364.23   -58624.0  -58520.455   103.28   
   6300     23410.84    0.7155     0.128      0.7131     0.1271     1.2604     0.0034   117892.36  468364.23   -58624.0  -58520.455  103.489   
   6400     23770.94    0.7155     0.128      0.7131     0.1271     1.598      0.003    117892.36  468364.23   -58624.0  -58520.455  103.712   
   6500     24131.19    0.7155     0.128      0.7131     0.1271     1.215      0.0026   117892.36  468364.23   -58624.0  -58520.455  104.001   
   6600     24491.24    0.7155     0.128      0.7131     0.1271     1.4162     0.0027   117892.36  468364.23   -58625.0  -58520.455  104.219   
   6700     24851.35    0.7155     0.128      0.7131     0.1271     1.365      0.0024   117892.36  468364.23   -58625.0  -58520.455  104.469   
   6800     25211.46    0.7155     0.128      0.7131     0.1271     1.5149     0.0029   117892.36  468364.23   -58625.0  -58520.455  104.706   
   6900     25571.56    0.7155     0.128      0.7131     0.1271     1.1194     0.0025   117892.36  468364.23   -58625.0  -58520.455  104.878   
   7000     25931.73    0.7155     0.128      0.7131     0.1271     1.5273     0.0026   117892.36  468364.23   -58626.0  -58520.455  105.095   
   7100     26291.92    0.7155     0.128      0.7131     0.1271     1.2589     0.0032   117892.36  468364.23   -58626.0  -58520.455  105.238   
   7200     26652.01    0.7155     0.128      0.7131     0.1271     1.0222     0.0023   117892.36  468364.23   -58626.0  -58520.455  105.432   
   7300     27012.18    0.7155     0.128      0.7131     0.1271     1.1329     0.0033   117892.36  468364.23   -58626.0  -58520.455  105.664   
   7400     27372.39    0.7155     0.128      0.7131     0.1271     1.0607     0.0033   117892.36  468364.23   -58626.0  -58520.455  105.897   
   7500     27732.53    0.7155     0.128      0.7131     0.1271     1.3584     0.0023   117892.36  468364.23   -58627.0  -58520.455  106.184   
   7600     28092.58    0.7155     0.128      0.7131     0.1271     1.3057     0.0032   117892.36  468364.23   -58627.0  -58520.455  106.356   
   7700     28452.69    0.7155     0.128      0.7131     0.1271     1.4643     0.0021   117892.36  468364.23   -58627.0  -58520.455  106.631   
   7800     28812.8     0.7155     0.128      0.7131     0.1271     1.0181     0.0026   117892.36  468364.23   -58627.0  -58520.455  106.816   
   7900     29172.95    0.7155     0.128      0.7131     0.1271     1.1285     0.0026   117892.36  468364.23   -58628.0  -58520.455  107.056   
   8000     29533.09    0.7155     0.128      0.7131     0.1271     1.0741     0.0025   117892.36  468364.23   -58628.0  -58520.455  107.203   
[-40.56866527 -40.00471455  39.56557616  41.22987366 -41.06976206
 -39.94119838 -40.84328619  42.23135451  40.50444117  39.02082043
 -40.53888821  40.18372699 -38.39102744 -40.85666939 -39.72486587
 -41.08043683 -38.30888816 -39.55151334  39.55530206 -40.2482742 ]
[-19.85840302  25.76367599  23.98874743  23.08313047 -24.99250265
 -28.22597753 -31.15964236 -20.06929413  17.73925996 -29.26418314
 -27.26536519 -21.72838721 -20.66520405 -29.00195728  19.82987876
  26.57114594 -26.60723274 -21.06180636  27.64898097 -28.22441553]
[ 39.64312542 -39.03508214  40.35952974  39.31497656  39.93605774
  39.35405366  40.60226097 -39.72762026  40.38102402 -40.72939974
  39.57087907 -40.16790166  37.83611351  39.23966923 -39.88093787
 -39.56837867  38.98665421  39.7162216   40.01280918  38.77348971]
