Generating synthetic binary valued data ... 
Generating synthetic  binary valued data took:  9.047990322113037
Evaluation for true params: 
 test_rsme | train_rsme | rel-te-err | rel-tr-err |  test_nll  |  train_nll |
0.5775811631 0.5850470067    0.0834      0.08557      24762.13     98334.13  
Factorizing with max_iteration = 8000  fixing covariance?:  False
Tensor dimensions:  [50, 50, 50]
Optimization metrics: 
Using Ada Grad
Mean update scheme:  S
Covariance update :  N
Using diagonal covariance?:  True
Random start? True
k1 samples =  64  k2 samples =  64
eta =  1.0  cov eta =  1.0  sigma eta =  1
iteration |   time   |test_rsme |rel-te-err|train_rsme|rel-tr-err|  d_mean  |   d_cov  | test_nll | train_nll |    VLB   |  E-term  |    KL     
    0         1.02      1.4167     0.5018     1.4135     0.4995     3.1623     1.825     18624.32   74508.97   -77614.0  -77600.533   13.69    
    5        276.35     1.4166     0.5017     1.4093     0.4965     3.1623     1.8255    18808.03   74898.4    -77571.0  -77557.369   13.799   
    10       547.4      1.4151     0.5006     1.4084     0.4959     3.1623     1.8255    18922.4    75358.77   -77559.0  -77545.348   13.921   
    20       824.04     1.418      0.5027     1.4064     0.4945     3.1623     1.8255    19220.58   76126.08   -77500.0  -77485.384   14.164   
    50      1121.68     1.4213     0.505      1.3951     0.4866     3.1623     1.8255    20340.66   79543.63   -77229.0  -77208.499   20.535   
   100      1441.29     1.305      0.4258     1.2788     0.4088     2.8373     0.721     18199.17   70529.33   -74810.0  -74778.449   31.557   
   200       1812.2     0.7831     0.1533     0.7813     0.1526     2.2876     0.2155    30367.22  119063.79   -59918.0  -59884.011   34.363   
   300       2188.6     0.781      0.1525     0.7777     0.1512     2.2788     0.0964    80738.19  313423.39   -59884.0  -59847.768   36.169   
   400      2561.24     0.7795     0.1519     0.7749     0.1501     2.4303     0.066    117880.12   465734.8   -59487.0  -59446.558   40.837   
   500      2936.68     0.7775     0.1511     0.7704     0.1484     2.5867     0.0662   120907.57  473905.04   -59715.0  -59670.735   44.76    
   600      3311.05     0.7782     0.1514     0.7695     0.148      2.6903     0.0661   121598.92   479411.9   -59452.0  -59403.253   48.747   
   700      3682.54     0.781      0.1525     0.775      0.1502     2.7659     0.0561   138923.68   544878.8   -59633.0  -59580.833   52.444   
   800      4054.76     0.781      0.1525     0.7751     0.1502     2.6735     0.0625   140054.73   551111.8   -59640.0  -59584.51    55.738   
   900      4428.11     0.781      0.1525     0.7751     0.1502     2.8879     0.0724   140224.25  551980.49   -59644.0  -59584.83    59.362   
   1000     4800.32     0.781      0.1525     0.7751     0.1502     2.8625     0.0699   140439.27  553250.42   -59649.0  -59586.436   62.544   
   1100     5172.28     0.781      0.1525     0.7751     0.1502     2.663      0.0657   140427.44  553103.44   -59652.0  -59586.287   65.274   
   1200     5540.95     0.781      0.1525     0.7751     0.1502     2.7769     0.0493   140439.27  553283.57   -59654.0  -59586.455   67.686   
   1300     5911.84     0.781      0.1525     0.7751     0.1502     2.566      0.0436   140439.27  553283.57   -59656.0  -59586.455   69.818   
   1400     6283.43     0.781      0.1525     0.7751     0.1502     2.4219     0.0335   140439.27  553283.57   -59658.0  -59586.455   71.753   
   1500     6654.39     0.7808     0.1524     0.7748     0.1501     2.3519     0.0352   139377.84  548531.21   -59649.0  -59575.908   73.52    
   1600      7024.9     0.781      0.1525     0.7751     0.1502     2.3918     0.0354   140439.27  553283.57   -59661.0  -59586.455   74.896   
   1700     7391.56     0.781      0.1525     0.7751     0.1502     2.3524     0.0282   140439.27  553283.57   -59663.0  -59586.455   76.459   
   1800     7757.06     0.781      0.1525     0.7751     0.1502     2.3904     0.0344   140439.27  553283.57   -59664.0  -59586.455   77.941   
   1900     8123.35     0.781      0.1525     0.7751     0.1502     2.2988     0.0269   140439.27  553283.57   -59666.0  -59586.455   79.307   
   2000     8489.01     0.781      0.1525     0.7751     0.1502     2.708      0.0208   140439.27  553283.57   -59667.0  -59586.455   80.492   
   2100     8856.52     0.781      0.1525     0.7751     0.1502     2.3141     0.0178   140439.27  553283.57   -59668.0  -59586.455   81.526   
   2200      9223.9     0.781      0.1525     0.7751     0.1502     1.8651     0.0176   140439.27  553283.57   -59669.0  -59586.455   82.798   
   2300     9587.23     0.781      0.1525     0.7751     0.1502     1.845      0.0128   140439.27  553283.57   -59670.0  -59586.455   83.638   
   2400     9952.67     0.781      0.1525     0.7751     0.1502     2.3039     0.0113   140439.27  553283.57   -59671.0  -59586.455   84.614   
   2500     10318.2     0.781      0.1525     0.7751     0.1502     2.3324     0.0116   140439.27  553283.57   -59672.0  -59586.455   85.535   
   2600     10684.07    0.781      0.1525     0.7751     0.1502     2.3839     0.0089   140439.27  553283.57   -59673.0  -59586.455    86.4    
   2700     11049.89    0.781      0.1525     0.7751     0.1502     1.6433     0.0085   140439.27  553283.57   -59674.0  -59586.455   87.191   
   2800     11415.47    0.781      0.1525     0.7751     0.1502     1.7598     0.0081   140439.27  553283.57   -59674.0  -59586.455   87.819   
   2900     11781.05    0.781      0.1525     0.7751     0.1502     1.728      0.008    140439.27  553283.57   -59675.0  -59586.455   88.69    
   3000     12147.09    0.781      0.1525     0.7751     0.1502     1.8686     0.0085   140439.27  553283.57   -59676.0  -59586.455   89.364   
   3100     12512.79    0.781      0.1525     0.7751     0.1502     2.1564     0.0086   140439.27  553283.57   -59676.0  -59586.455   89.866   
   3200     12879.1     0.781      0.1525     0.7751     0.1502     1.8717     0.0077   140439.27  553283.57   -59677.0  -59586.455   90.759   
   3300     13244.91    0.781      0.1525     0.7751     0.1502     1.9547     0.0073   140439.27  553283.57   -59678.0  -59586.455   91.381   
   3400     13613.93    0.781      0.1525     0.7751     0.1502     1.7622     0.0064   140439.27  553283.57   -59678.0  -59586.455   91.935   
   3500     13976.9     0.781      0.1525     0.7751     0.1502     1.8169     0.0061   140439.27  553283.57   -59679.0  -59586.455   92.49    
   3600     14339.01    0.781      0.1525     0.7751     0.1502     1.627      0.0051   140439.27  553283.57   -59679.0  -59586.455   92.969   
   3700     14701.48    0.781      0.1525     0.7751     0.1502     1.5656     0.0052   140439.27  553283.57   -59680.0  -59586.455   93.581   
   3800     15064.8     0.781      0.1525     0.7751     0.1502     2.2996     0.0054   140439.27  553283.57   -59680.0  -59586.455   94.024   
   3900     15426.83    0.781      0.1525     0.7751     0.1502     1.6627     0.0045   140439.27  553283.57   -59681.0  -59586.455   94.594   
   4000     15790.01    0.781      0.1525     0.7751     0.1502     2.0588     0.0054   140439.27  553283.57   -59682.0  -59586.455   95.064   
   4100     16152.31    0.781      0.1525     0.7751     0.1502     1.8624     0.0048   140439.27  553283.57   -59682.0  -59586.455   95.564   
   4200     16515.03    0.781      0.1525     0.7751     0.1502     1.4784     0.005    140439.27  553283.57   -59682.0  -59586.455   95.902   
   4300     16878.49    0.781      0.1525     0.7751     0.1502     1.4714     0.0044   140439.27  553283.57   -59683.0  -59586.455   96.342   
   4400     17242.2     0.781      0.1525     0.7751     0.1502     1.9657     0.0049   140439.27  553283.57   -59683.0  -59586.455   96.741   
   4500     17607.1     0.781      0.1525     0.7751     0.1502     1.8243     0.0041   140439.27  553283.57   -59684.0  -59586.455   97.171   
   4600     17970.5     0.781      0.1525     0.7751     0.1502     1.8839     0.0043   140439.27  553283.57   -59684.0  -59586.455   97.531   
   4700     18333.84    0.781      0.1525     0.7751     0.1502     1.4941     0.0038   140439.27  553283.57   -59684.0  -59586.455   97.921   
   4800     18695.93    0.781      0.1525     0.7751     0.1502     1.6392     0.0038   140439.27  553283.57   -59685.0  -59586.455   98.224   
   4900     19058.08    0.781      0.1525     0.7751     0.1502     1.5225     0.0037   140439.27  553283.57   -59685.0  -59586.455   98.518   
   5000     19420.31    0.781      0.1525     0.7751     0.1502     1.4413     0.0041   140439.27  553283.57   -59685.0  -59586.455   98.937   
   5100     19782.58    0.781      0.1525     0.7751     0.1502     1.7076     0.0037   140439.27  553283.57   -59686.0  -59586.455   99.339   
   5200     20144.8     0.781      0.1525     0.7751     0.1502     1.9384     0.0039   140439.27  553283.57   -59686.0  -59586.455   99.731   
   5300     20506.97    0.781      0.1525     0.7751     0.1502     1.2768     0.0035   140439.27  553283.57   -59687.0  -59586.455  100.051   
   5400     20869.11    0.781      0.1525     0.7751     0.1502     1.4088     0.004    140439.27  553283.57   -59687.0  -59586.455  100.366   
   5500     21231.2     0.781      0.1525     0.7751     0.1502     1.9126     0.0042   140439.27  553283.57   -59687.0  -59586.455  100.779   
   5600     21593.4     0.781      0.1525     0.7751     0.1502     1.3261     0.0031   140439.27  553283.57   -59687.0  -59586.455  101.028   
   5700     21955.54    0.781      0.1525     0.7751     0.1502     1.586      0.003    140439.27  553283.57   -59688.0  -59586.455  101.318   
   5800     22317.75    0.781      0.1525     0.7751     0.1502     1.6356     0.0039   140439.27  553283.57   -59688.0  -59586.455  101.566   
   5900     22679.95    0.781      0.1525     0.7751     0.1502     1.3074     0.0033   140439.27  553283.57   -59688.0  -59586.455  101.845   
   6000     23042.15    0.781      0.1525     0.7751     0.1502     1.6786     0.0037   140439.27  553283.57   -59689.0  -59586.455  102.178   
   6100     23404.42    0.781      0.1525     0.7751     0.1502     1.7059     0.0036   140439.27  553283.57   -59689.0  -59586.455  102.397   
   6200     23766.6     0.781      0.1525     0.7751     0.1502     1.1726     0.0028   140439.27  553283.57   -59689.0  -59586.455  102.824   
   6300     24128.86    0.781      0.1525     0.7751     0.1502     1.4443     0.0027   140439.27  553283.57   -59689.0  -59586.455  103.018   
   6400     24491.02    0.781      0.1525     0.7751     0.1502     1.1733     0.0024   140439.27  553283.57   -59690.0  -59586.455  103.226   
   6500     24853.47    0.781      0.1525     0.7751     0.1502     1.2927     0.0029   140439.27  553283.57   -59690.0  -59586.455  103.502   
   6600     25215.56    0.781      0.1525     0.7751     0.1502     1.5247     0.0028   140439.27  553283.57   -59690.0  -59586.455  103.855   
   6700     25577.66    0.781      0.1525     0.7751     0.1502     1.1936     0.0025   140439.27  553283.57   -59691.0  -59586.455  104.056   
   6800     25939.84    0.781      0.1525     0.7751     0.1502     1.419      0.003    140439.27  553283.57   -59691.0  -59586.455  104.282   
   6900     26302.12    0.781      0.1525     0.7751     0.1502     1.8534     0.0029   140439.27  553283.57   -59691.0  -59586.455  104.504   
   7000     26664.26    0.781      0.1525     0.7751     0.1502     1.4797     0.0021   140439.27  553283.57   -59691.0  -59586.455  104.729   
   7100     27026.44    0.781      0.1525     0.7751     0.1502     1.2733     0.0029   140439.27  553283.57   -59691.0  -59586.455  104.963   
   7200     27388.62    0.781      0.1525     0.7751     0.1502     1.5993     0.0026   140439.27  553283.57   -59692.0  -59586.455  105.337   
   7300     27750.78    0.781      0.1525     0.7751     0.1502     1.3587     0.0027   140439.27  553283.57   -59692.0  -59586.455  105.658   
   7400     28113.07    0.781      0.1525     0.7751     0.1502     1.3687     0.0023   140439.27  553283.57   -59692.0  -59586.455  105.962   
   7500     28475.17    0.781      0.1525     0.7751     0.1502     1.2431     0.0023   140439.27  553283.57   -59693.0  -59586.455  106.174   
   7600     28837.32    0.781      0.1525     0.7751     0.1502     1.3978     0.002    140439.27  553283.57   -59693.0  -59586.455  106.365   
   7700     29199.49    0.781      0.1525     0.7751     0.1502     1.6332     0.0026   140439.27  553283.57   -59693.0  -59586.455  106.644   
   7800     29561.62    0.781      0.1525     0.7751     0.1502     1.7484     0.0028   140439.27  553283.57   -59693.0  -59586.455  106.852   
   7900     29923.86    0.781      0.1525     0.7751     0.1502     1.4135     0.0024   140439.27  553283.57   -59693.0  -59586.455  106.992   
   8000     30286.08    0.781      0.1525     0.7751     0.1502     1.4441     0.0023   140439.27  553283.57   -59694.0  -59586.455  107.144   
[-39.21528673 -38.3670929   37.74897869  39.13398344  41.44664353
  38.35668366  38.63506775 -36.81480802 -33.33645202 -40.20955126
  38.59797046 -38.24247004  39.18040854 -40.73626643  39.51343363
  41.38865573  38.70665473  40.50609465  37.02737149 -38.27132468]
[-21.83686698 -21.58364133 -22.63150965 -14.83854675  18.2870703
  15.9806216  -16.91738933  17.54534799 -14.45837299  16.25180395
  23.14524619  22.40780731  20.61708879  15.7473949  -13.24828527
 -14.72089714 -21.52571974  -9.46098535  13.37265158 -26.54916704]
[ 40.39390287  39.87441847 -38.15533469 -40.76254819  40.345021
  39.63700937 -40.17453737 -38.20762665  38.09503144 -40.76459891
  40.37747356 -40.81181651  41.05651391 -41.09677875 -40.05631664
 -40.37347471 -38.39318191 -35.92360638  37.64963857  39.23967741]
