Generating synthetic binary valued data ... 
Generating synthetic  binary valued data took:  8.992143154144287
Evaluation for true params: 
 test_rsme | train_rsme | rel-te-err | rel-tr-err |  test_nll  |  train_nll |
0.5775811631 0.5850470067    0.0834      0.08557      22915.99     91140.33  
Factorizing with max_iteration = 8000  fixing covariance?:  False
Tensor dimensions:  [50, 50, 50]
Optimization metrics: 
Using Ada Grad
Mean update scheme:  S
Covariance update :  N
Using diagonal covariance?:  True
Random start? True
k1 samples =  64  k2 samples =  64
eta =  1.0  cov eta =  1.0  sigma eta =  1
iteration |   time   |test_rsme |rel-te-err|train_rsme|rel-tr-err|  d_mean  |   d_cov  | test_nll | train_nll |    VLB   |  E-term  |    KL     |   dw   |
    0         1.52      1.413      0.4992     1.413      0.4991     3.1623    11.0847    18557.86   74037.71   -75024.0  -75010.859   13.544     0.003   
    5        497.25     1.4127     0.4989     1.411      0.4977     3.1623    11.0847    18313.85   73220.55   -74972.0  -74959.193   13.07      0.0005  
    10       989.65     1.4087     0.4961     1.4118     0.4983     3.1623    11.0847    18083.08   72414.54   -74949.0  -74936.323   12.758     0.0003  
    20      1488.53     1.4079     0.4955     1.4171     0.502      3.1623    11.0847    17818.7    71355.45   -74878.0  -74865.875   12.348     0.0002  
    50      2014.41     1.4135     0.4995     1.4123     0.4986     3.1623    15.5563    17512.66   70086.16   -74775.0  -74770.883   3.805      0.0001  
   100      2575.93     1.4122     0.4986     1.4124     0.4987     2.4831    6154.801   17505.55   69907.3    -74945.0  -74897.738   47.152      0.0    
   200      3216.82     1.4187     0.5032     1.4101     0.4971     1.7564   7996.4558   17380.12   69499.01   -75062.0  -74992.034   69.527      0.0    
   300      3854.99     1.4228     0.5061     1.4098     0.4969     1.2303   23627.7517  17366.53   69391.49   -75131.0  -75006.033  124.527      0.0    
   400      4493.89     1.4206     0.5046     1.4098     0.4969     1.0263    2849.454   17353.6    69357.77   -75100.0  -75014.025   86.391      0.0    
   500      5133.13     1.421      0.5048     1.4067     0.4947     0.835    1943.9823   17348.44   69320.04   -75092.0  -75015.709   76.029      0.0    
   600      5773.41     1.4101     0.4971     1.4084     0.4959     0.627     102.2275   17342.87   69322.94   -75100.0  -75014.131   86.159      0.0    
   700       6414.5     1.4184     0.503      1.4076     0.4953     0.7058    495.2974   17338.43   69310.55   -75106.0  -75014.222   91.529      0.0    
   800      7053.39     1.4191     0.5034     1.4053     0.4937     0.7006    646.5378   17339.55   69299.02   -75105.0  -75011.619   93.761      0.0    
   900      7693.82     1.4122     0.4986     1.405      0.4935     0.4455    55.0532    17336.17   69286.68   -75110.0  -75013.301   96.707      0.0    
   1000     8336.39     1.4117     0.4982     1.3937     0.4856     0.5445    39.3347    17327.51   69244.01   -75103.0  -75002.673  100.312      0.0    
   1100     8977.53     1.4058     0.494      1.3858     0.4801     0.6902    144.3165   17320.98   69236.43   -75104.0  -74999.079  105.173      0.0    
   1200     9620.42     1.3657     0.4663     1.3621     0.4639     0.5517    83.1458    17288.92   69118.9    -75068.0  -74966.175  102.206      0.0    
   1300     10262.34    1.3029     0.4244     1.2901     0.4161     0.5895    75.7765    17206.38   68786.27   -75003.0  -74880.535  122.238      0.0    
   1400     10905.41    1.2434     0.3865     1.2295     0.3779     0.6931    204.3129   17045.41   68142.0    -74793.0  -74692.926  100.092      0.0    
   1500     11546.43    0.885      0.1958     0.876      0.1918     0.5967    91.2519    15465.48   61844.78   -72984.0  -72882.056  101.648      0.0    
   1600     12189.3     0.8028     0.1611     0.7948     0.1579     0.7033    134.822    10997.94   43744.41   -66647.0  -66547.982   98.653      0.0    
   1700     12830.74    0.7937     0.1575     0.7849     0.154      0.6845    109.2955   8902.01    35330.4    -63041.0  -62944.816   96.575      0.0    
   1800     13473.9     0.788      0.1552     0.7818     0.1528     0.6243    19.2273    8455.26    33537.64   -62258.0  -62162.85    95.354      0.0    
   1900     14115.11    0.7908     0.1564     0.7833     0.1534     0.5224    11.3436    8224.41    32625.36   -61997.0  -61902.882   94.437      0.0    
   2000     14758.41    0.7811     0.1525     0.7768     0.1509     0.4082     6.1594    8045.69    31923.13   -61757.0  -61663.155   93.879      0.0    
   2100     15401.72    0.7809     0.1524     0.7786     0.1516     0.5357     4.0563    8021.84    31826.42   -61834.0  -61740.881   92.817      0.0    
   2200     16043.49    0.8003     0.1601     0.7904     0.1562     0.4535     2.652     7997.82    31666.86   -61695.0  -61602.998   92.012      0.0    
   2300     16687.3     0.7842     0.1538     0.7816     0.1527     0.5085     2.0941    8011.24    31743.14   -61674.0  -61582.181   91.47       0.0    
   2400     17331.39    0.7865     0.1546     0.779      0.1517     0.4417     1.5066    7975.85    31520.36   -61680.0  -61589.958   90.442      0.0    
   2500     17972.83    0.7798     0.152      0.7745      0.15      0.4948     1.2898    7963.21    31512.68   -61679.0  -61589.624   89.687      0.0    
   2600     18617.77    0.7791     0.1518     0.7725     0.1492     0.3773     1.0914    7910.45    31325.7    -61645.0  -61556.162   88.898      0.0    
   2700     19262.39    0.7832     0.1534     0.7768     0.1509     0.4531     0.9151    7911.21    31296.09   -61613.0  -61525.19    88.03       0.0    
   2800     19903.1     0.7768     0.1508     0.7665     0.1469     0.4622     0.7666    7852.84    31088.84   -61537.0  -61449.124   87.511      0.0    
   2900     20547.14    0.7758     0.1505     0.7648     0.1462     0.3606     0.6531    7829.56    30985.17   -61492.0  -61406.005   86.33       0.0    
   3000     21190.58    0.771      0.1486     0.762      0.1452     0.4751     0.562     7837.24    30973.16   -61538.0  -61452.935   85.061      0.0    
   3100     21834.72    0.7756     0.1504     0.7649     0.1463     0.4753     0.4864    7816.97    30746.59   -61382.0  -61298.252   84.087      0.0    
   3200     22478.09    0.7761     0.1506     0.7599     0.1444     0.4189     0.4172    7781.01    30607.2    -61388.0  -61304.599   83.116      0.0    
   3300     23122.03    0.7693     0.148      0.759      0.144      0.355      0.3767    7751.98    30509.51   -61222.0  -61140.049   82.253      0.0    
   3400     23765.66    0.7721     0.149      0.7581     0.1437     0.5431     0.3195    7724.98    30438.46   -61350.0  -61268.322   81.452      0.0    
   3500     24409.45    0.7679     0.1474     0.7524     0.1415     0.4725     0.2908    7687.36    30222.68   -61257.0  -61176.38    80.27       0.0    
   3600     25050.47    0.7614     0.1449     0.7463     0.1393     0.4412     0.2591    7657.44    30026.35   -61120.0  -61040.537   79.945      0.0    
   3700     25693.19    0.7506     0.1408     0.7381     0.1362     0.3453     0.2313    7604.39    29929.44   -61322.0  -61242.685   79.028      0.0    
   3800     26336.77    0.7576     0.1435     0.7432     0.1381     0.3842     0.1935    7579.28    29698.63   -60978.0  -60900.309   77.731      0.0    
   3900     26978.11    0.7506     0.1408     0.7365     0.1356     0.5063     0.1794    7528.99    29497.26   -61060.0  -60982.686   77.27       0.0    
   4000     27619.12    0.7525     0.1416     0.7362     0.1355     0.527      0.1794    7499.53    29307.49   -60858.0  -60781.154   76.667      0.0    
   4100     28260.56    0.7469     0.1395     0.7297     0.1331     0.4212     0.2187    7474.82    29110.76   -60912.0  -60835.174   76.337      0.0    
   4200     28903.69    0.7434     0.1382     0.7289     0.1328     0.3984     0.1681    7434.69    28905.22   -60819.0  -60743.184   76.285      0.0    
   4300     29547.08    0.7422     0.1377     0.7213     0.1301     0.5306     0.1495    7404.62    28730.0    -60907.0  -60831.08    75.441      0.0    
   4400     30191.19    0.7364     0.1356     0.7185     0.1291     0.4887     0.142     7352.74    28511.26   -60719.0  -60644.616   74.405      0.0    
   4500     30835.17    0.7336     0.1346     0.7163     0.1283     0.5766     0.1699     7307.3    28359.21   -60641.0   -60566.3     74.4       0.0    
   4600     31479.13    0.7364     0.1356     0.7136     0.1273     0.4852     0.1421    7300.01    28160.1    -60614.0  -60539.933   73.923      0.0    
   4700     32123.66    0.7284     0.1326     0.7071     0.125      0.5115     0.1218    7275.53    28083.3    -60656.0  -60581.473   74.319      0.0    
   4800     32767.86    0.7288     0.1328     0.7061     0.1246     0.6564     0.1073    7231.27    27942.33   -60613.0  -60539.314   73.293      0.0    
   4900     33412.38    0.727      0.1321     0.7053     0.1244     0.4439     0.0897    7181.05    27691.34   -60544.0  -60471.597   72.706      0.0    
   5000     34055.05    0.7203     0.1297     0.7023     0.1233     0.6553     0.103      7151.7    27529.51   -60474.0  -60401.242   72.571      0.0    
   5100     34699.41    0.7172     0.1286     0.6977     0.1217     0.4791     0.0948    7102.62    27357.8    -60363.0  -60290.835   72.642      0.0    
   5200     35343.78    0.7173     0.1286     0.6985     0.122      0.7602     0.1793    7097.59    27289.1    -60363.0  -60290.98    72.05       0.0    
   5300     35987.27    0.7172     0.1286     0.6945     0.1206     0.5637     0.0964    7074.58    27099.75   -60238.0   -60166.0    71.545      0.0    
   5400     36632.3      0.72      0.1296     0.6946     0.1206     0.5288     0.0835    7079.39    27011.93   -60231.0  -60159.162   71.87       0.0    
   5500     37276.75    0.7189     0.1292     0.6899     0.119      0.4822     0.1605    7063.35    26863.3    -60219.0  -60147.08    71.994      0.0    
   5600     37922.74    0.7144     0.1276      0.69      0.119      0.4965     0.0808    6997.17    26666.77   -59990.0  -59919.345   71.065      0.0    
   5700     38565.61    0.7124     0.1269     0.6856     0.1175     0.6327     0.0925     6976.2    26495.03   -60090.0  -60019.145   70.647      0.0    
   5800     39208.46    0.7034     0.1237     0.6806     0.1158     0.5802     0.1125    6970.53    26470.35   -60179.0  -60108.094   70.765      0.0    
   5900     39852.6     0.7116     0.1266     0.6851     0.1173     0.5856     0.0749    6979.32    26470.46   -60008.0  -59937.159   70.476      0.0    
   6000     40494.93    0.709      0.1257      0.68      0.1156     0.631      0.0654    6943.99    26273.5    -60003.0  -59932.139   70.384      0.0    
   6100     41137.11    0.7074     0.1251     0.6808     0.1159     0.5696     0.0847    6924.01    26161.52   -59941.0  -59869.997   70.655      0.0    
   6200     41780.78    0.7044     0.124      0.6797     0.1155     0.4973     0.072     6935.64    26092.53   -59960.0  -59889.812   70.325      0.0    
   6300     42422.67    0.7027     0.1234     0.6754     0.114      0.6801     0.1106    6858.95    25888.4    -59845.0  -59774.743   70.059      0.0    
   6400     43062.45    0.7005     0.1227     0.6712     0.1126     0.5407     0.1105    6840.37    25822.98   -59873.0  -59802.231   70.417      0.0    
   6500     43705.48    0.6998     0.1224     0.6693     0.112      0.5497     0.0687    6812.17    25692.38   -59835.0  -59765.017   70.05       0.0    
   6600     44348.23    0.6949     0.1207     0.6694     0.112      0.5797     0.1793     6823.6    25667.99   -59903.0  -59832.356   70.906      0.0    
   6700     44988.23    0.6977     0.1217     0.6697     0.1121     0.5586     0.0697    6803.11    25610.04   -59829.0  -59757.974   70.749      0.0    
   6800     45630.29    0.699      0.1222     0.668      0.1115     0.6021     0.2102    6771.12    25499.06   -59687.0  -59616.147   70.593      0.0    
   6900     46273.25    0.6983     0.1219     0.6674     0.1114     0.7081     0.0553    6776.83    25477.95   -59762.0  -59691.507   70.119      0.0    
   7000     46915.69    0.6911     0.1194     0.663      0.1099     0.4752      0.05      6711.2    25295.88   -59701.0  -59631.46    69.475      0.0    
   7100     47558.48    0.6929      0.12      0.6622     0.1096     0.7637     0.0805    6677.46    25232.75   -59782.0  -59712.689   69.663      0.0    
   7200     48200.36    0.6933     0.1202     0.6612     0.1093     0.5152     0.0998    6689.94    25107.91   -59686.0  -59616.838   69.174      0.0    
   7300     48842.83    0.692      0.1197     0.6618     0.1095     0.4866     0.0552    6682.28    25039.19   -59622.0  -59553.108   69.196      0.0    
   7400     49484.94    0.6863     0.1178     0.6602     0.109      0.6066     0.0601     6684.5    24994.63   -59631.0  -59561.933   69.221      0.0    
   7500     50126.63    0.6921     0.1198     0.6579     0.1082     0.7733     0.0765    6684.13    24914.91   -59652.0  -59582.303   69.287      0.0    
   7600     50768.32    0.6864     0.1178     0.6567     0.1078     0.4217     0.0485    6611.56    24730.98   -59572.0  -59501.94    70.053      0.0    
   7700     51411.06    0.6781     0.115      0.6519     0.1062     0.5533     0.0867    6598.39    24609.51   -59551.0  -59481.684   69.695      0.0    
   7800     52051.66    0.6876     0.1182     0.6527     0.1065     0.4917     0.108     6628.11    24565.69   -59550.0  -59480.067   69.766      0.0    
   7900     52694.54    0.6874     0.1181     0.6539     0.1069     0.6896     0.0781    6607.45    24505.96   -59400.0  -59330.886   69.587      0.0    
   8000     53337.04    0.6876     0.1182     0.6522     0.1064     0.5942     0.0637    6578.68    24448.34   -59432.0  -59361.936   69.631      0.0    
[-1.1043176   0.68333793  0.75698142  0.65336648  2.80946601  0.78345882
  0.17516136  0.7346286   0.31735108  1.7118786   0.32738893  0.38318106
  1.30904947  0.33076423  0.31808367  0.44379633  0.86238343  0.67406644
  0.26538839  0.51838345]
[-0.34262816 -0.70697125  0.20160184 -0.50836696 -0.67910648  1.22101227
 -0.86119694 -0.06953955  0.28797354 -0.03228141 -0.59346771  0.88320304
 -0.62265558  0.41061403 -0.05870268  0.93940883  0.67506532 -0.76175739
  1.11540685  0.56938282]
[ 1.99565804  0.76459649  0.43659905  0.33151008  0.90190491 -0.74867512
  0.18998738  0.48255512  0.527074    0.26496557  0.22327878  0.42818012
  0.0995366   1.71731557  0.48651558 -0.44443208  0.26951333  1.7484945
  0.81721229  0.68945477]
