Generating synthetic binary valued data ... 
Generating synthetic  binary valued data took:  9.286320209503174
Evaluation for true params: 
 test_rsme | train_rsme | rel-te-err | rel-tr-err |  test_nll  |  train_nll |
0.4051666324 0.421615939    0.04104      0.04444      24762.13     98489.55  
Using  0.05 of training data
Factorizing with max_iteration = 8000  fixing covariance?:  False
Tensor dimensions:  [50, 50, 50]
Optimization metrics: 
Using Ada Grad
Mean update scheme:  S
Covariance update :  N
k1 samples =  64  k2 samples =  64
eta =  1  cov eta =  1  sigma eta =  1
iteration |   time   |test_rsme |rel-te-err|train_rsme|rel-tr-err|  d_mean  |   d_cov  | test_nll | train_nll  
   500       707.41     0.7434     0.1382     0.6759     0.1142     2.9366     0.179     45030.75   6482.13   
   1000     1495.35     0.7331     0.1344     0.6597     0.1088     2.2334     0.1611    51947.25   7963.47   
   1500     2253.05     0.7341     0.1347     0.6499     0.1056     1.8747     0.2252    53693.27   8238.11   
   2000     2996.28     0.7315     0.1338     0.6468     0.1046     1.6174     0.2255    55189.77   8346.91   
   2500     3731.27     0.7338     0.1346     0.6481     0.105      1.4678     0.3309    56252.27   8519.31   
   3000     4461.26     0.733      0.1343     0.6468     0.1046     1.3222     0.3928    56354.96   8641.43   
   3500     5188.13     0.7355     0.1352     0.6462     0.1044     1.243      0.9578    56842.19   8749.36   
   4000     5909.19     0.7367     0.1357     0.6505     0.1058     1.143      0.453     57550.92   8883.75   
   4500     6633.76     0.7376     0.136      0.6512     0.106      1.0899     0.528     58443.77   8864.23   
   5000     7355.95     0.7421     0.1377     0.6505     0.1058     1.0584     0.4873    58999.85   8824.01   
   5500     8075.29     0.7433     0.1381     0.6487     0.1052     0.9622     0.424     59322.94   8817.98   
   6000     8797.27     0.7467     0.1394     0.6444     0.1038     0.8997     0.629     59544.17   8699.95   
   6500      9517.3     0.7467     0.1394     0.6456     0.1042     0.8805     0.7057    59792.82   8738.29   
   7000     10238.32    0.7467     0.1394     0.6444     0.1038     0.8591     0.4186    60061.69   8786.32   
   7500     10957.4     0.7476     0.1397     0.6419     0.103      0.8028      0.62     60228.49   8735.31   
   8000     11675.76    0.7485     0.1401     0.6406     0.1026     0.7689     1.3297    60233.09   8696.02   
