Generating synthetic count valued data ... 
Generating synthetic  count valued data took:  11.693657159805298
max_count =  39  min count =  0
Evaluation for true params: 
 test_rsme | train_rsme | rel-te-err | rel-tr-err |  test_nll  |  train_nll |
0.2444335923 0.2439155157 0.1700273363 0.1694225528  164546.67    656052.87  
Using  0.05 of training data
Factorizing with max_iteration = 8000  fixing covariance?:  False
Tensor dimensions:  [50, 50, 50]
Optimization metrics: 
Using Ada Grad
Mean update scheme:  S
Covariance update :  N
k1 samples =  64  k2 samples =  64
eta =  1  cov eta =  1  sigma eta =  1
iteration |   time   |test_rsme |rel-te-err|train_rsme|rel-tr-err|  d_mean  |   d_cov  | test_nll | train_nll  
   500       752.18     8.8504     5.6447     8.8391     5.6096     0.2304     0.0192   138416.85   27395.08  
   1000     1678.24     6.1201     3.5636     6.1096     3.526      0.087      0.0161    71164.71   14115.1   
   1500     2602.11     4.6881     2.7179     4.6727     2.686      0.0489     0.0129    53455.88   10582.11  
   2000     3528.14     3.9037     2.3159     3.8804     2.2885     0.1715     0.0101    47651.65   9409.25   
   2500     4452.98     3.432      2.0815     3.3883     2.0474     0.1153     0.0082    45040.33   8878.99   
   3000     5379.98     3.136      1.9355     3.0849     1.9007     0.0764     0.0067    43727.95   8616.16   
   3500      6305.6     2.9357     1.8379     2.8802     1.7955     0.0614     0.0058    42991.97   8461.54   
   4000     7227.18     2.8083     1.7739     2.7338      1.72      0.0415     0.005     42541.28   8368.27   
   4500     8145.31     2.7192     1.7282     2.6359     1.6726     0.0716     0.0042    42267.81   8316.95   
   5000     9062.26     2.6551     1.6951     2.5703     1.6375     0.0393     0.0037    42102.51   8270.74   
   5500     9979.12     2.6146     1.6736      2.53      1.6196     0.0509     0.0032    41933.68   8234.11   
   6000     10898.63    2.5767     1.6548     2.4837     1.5967     0.0422     0.0029    41872.76   8216.38   
   6500     11815.54    2.5537     1.6424     2.4553     1.5804     0.0289     0.0027    41829.03   8191.22   
   7000     12733.97    2.5303     1.6292     2.4353     1.5689     0.0265     0.0024    41708.24   8177.91   
   7500     13652.4     2.5215     1.6256     2.4151     1.5596     0.0271     0.0021    41701.59   8177.31   
   8000     14570.02    2.5061     1.6171     2.4083     1.5525     0.0262     0.0019    41650.42   8153.67   
