Generating synthetic real valued data ... 
Generating synthetic  real valued data took:  10.142171621322632
Evaluation for true params: 
 test_rsme | train_rsme | rel-te-err | rel-tr-err |  test_nll  |  train_nll |
501.7433670606 501.0061160497 0.0407099902 0.0406012665  276963.91    1107334.01 
Using  0.05 of training data
Factorizing with max_iteration = 8000  fixing covariance?:  False
Tensor dimensions:  [50, 50, 50]
Optimization metrics: 
Using Ada Grad
Mean update scheme:  S
Covariance update :  N
k1 samples =  64  k2 samples =  64
eta =  1  cov eta =  1  sigma eta =  1
iteration |   time   |test_rsme |rel-te-err|train_rsme|rel-tr-err|  d_mean  |   d_cov  | test_nll | train_nll  |   dw   |
   500      1087.35   4333.1854    0.419    4342.9394    0.4195     1.8957     0.0073   287823.14   57564.63     0.0    
   1000      2270.6    646.726     0.0518    639.1011    0.0512     0.3549     0.0009   286078.84   57266.17     0.0    
   1500     3453.68    566.7779    0.046     552.889     0.0449     0.0954     0.0003   285854.96   57096.08     0.0    
   2000     4635.42    562.6074    0.0457    547.5418    0.0444     0.0308     0.0001   285731.91   57082.6      0.0    
   2500     5818.47    562.5172    0.0456    547.1113    0.0444     0.0103     0.0001   285818.62   57207.57     0.0    
   3000     6999.89    562.5747    0.0456    547.0704    0.0444     0.0036     0.0001   285851.93   57215.32     0.0    
   3500     8184.93    562.5984    0.0456    547.0661    0.0444     0.0012      0.0     285848.52   57222.71     0.0    
   4000     9363.77    562.606     0.0456    547.0656    0.0444     0.0004      0.0     285859.17   57220.47     0.0    
   4500     10548.11   562.6081    0.0456    547.0656    0.0444     0.0002      0.0     285846.69   57224.16     0.0    
