Generating synthetic count valued data ... 
Generating synthetic  count valued data took:  1.6891899108886719
max_count =  40  min count =  0
Evaluation for true params: 
 test_rsme | train_rsme | rel-te-err | rel-tr-err |  test_nll  |  train_nll |
2.7099268816 2.6505065903 1.7437037037 1.6925925926   3859.13      15350.45  
Factorizing with max_iteration = 16000  fixing covariance?:  False
Tensor dimensions:  [15, 15, 15]
Optimization metrics: 
Using Ada Grad
Mean update scheme:  S
Covariance update :  N
Using diagonal covariance?:  False
Random start? True
k1 samples =  64  k2 samples =  128
eta =  1.0  cov eta =  1.0  sigma eta =  1
iteration |   time   |test_rsme |rel-te-err|train_rsme|rel-tr-err|   d_mean  |   d_cov  |avg_grad_m|avg_grad_c| test_nll | train_nll |    VLB   |  E-term  |    KL     |   dw   |
    0         6.75     10.0901     6.9719     9.9433     6.9119     3.1623     0.4025     1.9285   10547.8095   3894.8    15402.55   -18674.0  -18630.467   43.689     0.001   
    5        59.23     10.0097      6.92      9.8256     6.837      3.1623     0.9952    36.8693   505516.0244  3814.89    14995.86   -18205.0   -18172.0    32.952      0.0    
    10       113.01     9.4515     6.483      9.2496     6.3567     3.1623     4.455     137.6514  1803674.7153  3460.93    13446.23   -16064.0  -16036.588   27.682      0.0    
    20       202.14     6.8153     4.9319     6.4829     4.5748     3.1623     4.455     383.793   13009915.1923  2349.86    9006.41    -9519.0    -9475.72    42.877      0.0    
    50       429.75     4.232      3.0237     3.8903     2.6267     2.6828     0.3923    92.4438   41454932.05  1594.82    5983.57    -6359.0   -6318.271    40.404      0.0    
   100       812.94     3.6405     2.4178     3.027      2.0133     1.5565     0.2123    34.8525   2084272.6123  1436.33    5171.81    -5626.0   -5592.315    33.778      0.0    
   200      1558.46     3.2676     2.1852     2.7004     1.7485     0.6043     0.0743    16.2553    123.0464   1338.99    4889.01    -5361.0   -5331.159    29.99       0.0    
   300      2302.18     3.2902     2.1763     2.583      1.6919     1.0128     0.0666    16.8453   8519.1175   1339.43    4863.42    -5335.0   -5308.321    26.466      0.0    
   400      3047.19     3.1812     2.0519     2.5738     1.6467     0.9751     0.194     18.1089   40969.087   1326.34    4855.81    -5309.0   -5283.229    25.304      0.0    
   500      3789.14     3.2224     2.1052     2.5445     1.6589     0.8961     0.1769     15.366   5603.0191   1342.52    4860.97    -5336.0   -5311.764    24.253      0.0    
   600      4532.44     3.2106     2.083      2.5595     1.6667     0.8048     0.7588    19.8621   8605.1679   1328.86    4874.39    -5337.0   -5313.582    23.757      0.0    
   700      5275.17     3.2086     2.1081     2.5253     1.6289     0.9246     0.0735    20.2053   1447.3977   1336.15    4859.13    -5325.0   -5302.448    22.721      0.0    
   800      6017.69     3.2111     2.1156     2.5133     1.6433     0.572      0.1213    15.3514    428.3999   1335.23    4851.12    -5322.0   -5300.396    21.824      0.0    
   900      6760.57     3.1649     2.0607     2.5034     1.6056     0.4942     0.1503    13.2663    366.7391   1330.72    4848.24    -5318.0   -5296.223    21.386      0.0    
   1000     7507.18     3.206      2.1274     2.5061     1.6252     0.4624     0.3596    15.1774    294.5516   1338.12    4855.17    -5323.0    -5301.13    21.878      0.0    
   1100      8253.5     3.1975     2.117      2.518      1.6263     0.4743     0.157     14.6441    111.3377    1334.6    4860.28    -5325.0   -5302.761    22.109      0.0    
   1200      8999.2     3.2159     2.123      2.538      1.6259     0.4897     0.7792    14.0847    1701.007   1336.91    4878.34    -5343.0    -5320.7     21.824      0.0    
   1300     9742.62     3.2311     2.123      2.5058     1.6007     0.3647     0.0498    12.0116    720.1423   1333.52    4862.88    -5328.0   -5307.047    21.37       0.0    
   1400     10484.14    3.209      2.1467     2.5501     1.6622     0.609      0.1506    14.6602   1336.9333   1333.91    4877.89    -5359.0   -5337.247    22.038      0.0    
   1500     11222.17    3.2318     2.1659     2.5078     1.627      0.5147     0.8418    13.7709    465.7923   1334.42    4881.14    -5353.0   -5331.448    21.678      0.0    
   1600     11958.72    3.2884     2.1467     2.5228     1.6311     0.4317     0.1461    13.7165   1811.7181   1342.59    4889.36    -5344.0   -5322.583    21.096      0.0    
   1700     12698.51    3.2371     2.1111     2.532      1.6363     0.6841     0.0919    15.0121    644.4874   1334.92    4885.57    -5357.0   -5336.216    20.888      0.0    
   1800     13435.78    3.2157     2.0741     2.5295     1.6507     0.8053     0.1953    17.2172   61911.1483  1335.41    4907.22    -5383.0   -5362.138    21.328      0.0    
   1900     14173.95    3.2032     2.1156     2.5033      1.63       0.39      0.1403    15.0998   10474.6419  1337.04    4878.29    -5342.0   -5320.756    21.633      0.0    
   2000     14912.08    3.2435     2.1526     2.5115     1.6441     0.4965     0.1085    18.7009   8508.5657   1348.76    4881.34    -5361.0   -5339.713    21.439      0.0    
   2100     15648.05    3.2944     2.1807     2.4969     1.6093     0.4103     0.1016    14.0918   1497.1857   1346.13    4879.73    -5345.0   -5324.341    20.972      0.0    
   2200     16385.33    3.2798     2.1437     2.5027     1.6093     0.4511     0.5865    13.9861    273.6732   1344.42    4878.89    -5349.0   -5327.662    21.673      0.0    
   2300     17122.14    3.2564     2.1481     2.5193     1.627      0.329      0.3121    12.9624   5735.6862   1341.22    4879.43    -5352.0   -5330.363    21.674      0.0    
   2400     17858.7     3.2251     2.1526     2.514      1.6267     0.3823     0.5958    13.4707    216.0534    1339.1    4883.02    -5358.0    -5336.85    21.523      0.0    
   2500     18593.86    3.159      2.0859     2.5139     1.6256     0.4439     0.3899    14.4696   223899.2302  1340.37    4888.37    -5357.0    -5335.63    21.418      0.0    
   2600     19329.85    3.2277     2.1541     2.5318      1.65      0.3535     0.0802    14.4179    258.4295    1349.0    4878.11    -5356.0   -5334.693    21.448      0.0    
   2700     20066.81    3.2215     2.123      2.4928     1.6119     0.6491     0.103      13.605    675.3024   1340.74    4872.03    -5353.0   -5331.483    21.295      0.0    
   2800     20801.82    3.1831     2.1081     2.5207      1.62      0.3783     0.1938    14.7876    329.0379   1341.48    4883.15    -5350.0   -5328.367    21.344      0.0    
   2900     21537.38    3.2051     2.1511     2.5036     1.6285     0.4911     0.5917    15.9889    381.8286   1338.02     4889.2    -5362.0   -5340.909    21.299      0.0    
   3000     22272.38    3.2074     2.1185     2.4732     1.6041     0.3937     0.2068    14.6676   548905.6488  1345.38    4887.91    -5354.0   -5333.108    21.223      0.0    
   3100     23008.08    3.194      2.1126     2.4793     1.6019     0.3533     0.2257    14.0732   99174.4334   1345.9    4883.14    -5355.0   -5333.598    21.177      0.0    
   3200     23742.66    3.2281     2.1422     2.5186     1.6241     0.5586     2.0042    17.1623   2144.4054   1341.74    4892.06    -5367.0    -5346.25    21.046      0.0    
   3300     24480.01    3.1944     2.1037     2.5051     1.6059     0.3408     0.3628    14.1906   3851556.1069   1336.0    4887.68    -5357.0   -5336.151    21.101      0.0    
   3400     25229.77    3.243      2.1644     2.5019     1.6178     0.2739     0.6274    12.4145   51421.4959  1346.15    4878.53    -5360.0   -5338.649    21.019      0.0    
   3500     25979.32    3.1963     2.1185     2.4866     1.5848     0.3386     0.5091    15.6257    211.0638   1345.14    4893.19    -5357.0    -5336.33    20.782      0.0    
   3600     26729.78    3.2669     2.1481     2.4945     1.6063     0.3848     0.5324    13.3716    144.435    1343.56    4886.88    -5347.0   -5326.811    20.456      0.0    
   3700     27478.31    3.2242     2.1141     2.5327     1.6367     1.0796    14.2801    11.4769    109.8893   1346.07    4883.58    -5355.0   -5334.499    20.199      0.0    
   3800     28226.77    3.2407     2.1348     2.5132     1.6104     0.3962     0.2224    14.3878    291.6738   1342.56    4885.69    -5357.0   -5336.943    19.611      0.0    
   3900     28974.17    3.2764     2.1452     2.4872     1.5989     0.3755     0.6454    12.4749   14503.0239  1351.96    4871.96    -5355.0   -5335.107    19.483      0.0    
   4000     29721.9     3.2519     2.1689     2.4619     1.5859     0.2297     0.3857    10.3558    186.1662   1345.51    4883.36    -5362.0   -5341.476    20.187      0.0    
   4100     30470.55    3.2539     2.1259     2.4748     1.6093     0.3286     0.0627    12.1699   1574.0795   1347.63    4885.34    -5362.0   -5340.894    20.796      0.0    
   4200     31218.47    3.2469     2.1481     2.4954     1.6144     0.3242     0.114     13.1114   1235.9525   1340.14    4875.93    -5345.0   -5324.537    20.92       0.0    
   4300     31967.18    3.2469     2.157      2.4588     1.5919     0.2658     0.1277     12.312   3095.9115   1346.02    4878.85    -5351.0   -5330.531    20.711      0.0    
   4400     32715.16    3.2866     2.1496     2.5025     1.613      0.2579     0.2045    12.3287   9028.9555   1342.11    4881.63    -5346.0   -5325.005    20.65       0.0    
   4500     33463.26    3.2796     2.1244     2.4682     1.5911     0.2326     1.223     10.5019   1091.1112   1339.16    4872.77    -5347.0   -5326.166    20.552      0.0    
   4600     34210.68    3.2446     2.1363     2.4755     1.6052     0.3075     0.1821    13.1226   3149.7011   1340.22    4879.85    -5347.0   -5326.404    20.477      0.0    
   4700     34958.5     3.238      2.1437     2.476      1.6048     0.3891     0.1249    14.7837   3124.5274   1349.13    4889.18    -5362.0   -5341.514    20.459      0.0    
   4800     35705.99    3.2703     2.1733     2.4638     1.603      0.2549     0.1125     9.962     608.8586   1346.99    4882.84    -5363.0   -5342.164    20.617      0.0    
   4900     36452.99    3.2571     2.1496     2.4766     1.6022     0.2717     0.6397    10.9347    120.592    1344.27    4891.85    -5362.0   -5341.241    20.318      0.0    
   5000     37199.71    3.2384      2.12      2.4973     1.5967     0.1876     0.9672    10.3019    146.8107   1342.59    4885.05    -5345.0   -5324.637    20.428      0.0    
   5100     37946.39    3.2432     2.1363     2.4902     1.6144     0.3043     1.4135    14.2892   228739.403  1344.27    4891.47    -5358.0   -5337.821    20.478      0.0    
   5200     38695.71    3.2439     2.1496     2.4756     1.5996     0.2656     0.5018    12.9741   2591.7475   1339.77    4891.42    -5363.0   -5343.013    20.168      0.0    
   5300     39444.31    3.3276     2.1778     2.4891     1.6037     0.1993     0.3766    11.4063    166.187    1349.44    4891.48    -5359.0   -5338.695    20.079      0.0    
   5400     40191.21    3.2782     2.1333     2.4734     1.6044     0.3345     1.5933    12.4193    624.6771   1349.08    4888.61    -5366.0   -5345.959    20.244      0.0    
   5500     40938.11    3.2217     2.1067     2.4663     1.6033     0.2255     0.1039    11.8229    630.902    1340.81    4880.85    -5353.0   -5333.176    20.298      0.0    
   5600     41686.3     3.3489     2.2163     2.4806     1.603      0.3146     0.0864    14.1017   4168.7948   1353.17    4897.63    -5369.0   -5348.749    20.342      0.0    
   5700     42433.27    3.209      2.1111     2.4937      1.6       0.2326     0.0992    12.1826    368.1542   1340.24    4892.89    -5368.0   -5347.586    20.349      0.0    
   5800     43180.61    3.2866     2.1644     2.4772     1.5926     0.1876     0.509     10.6199   10411.0391   1350.0    4882.69    -5357.0   -5335.838    20.787      0.0    
   5900     43928.07    3.2917     2.1452     2.4877     1.6026     0.2657     0.0891    11.3172    267.2621   1345.54    4889.69    -5358.0   -5337.428    20.64       0.0    
   6000     44675.39    3.2857     2.1437     2.4561     1.5874     0.301      0.1409    11.6552   4256.6564   1341.83    4885.68    -5354.0   -5332.964    21.371      0.0    
   6100     45421.49    3.3052     2.1867     2.4646     1.5826     0.2873     0.2132    11.6563    798.3461   1349.87    4892.81    -5363.0   -5341.459    21.586      0.0    
   6200     46168.58    3.3369     2.2222     2.4676     1.5978     0.3113     2.8564    11.4842   1148.5277   1352.07    4882.81    -5350.0   -5328.432    21.276      0.0    
   6300     46914.78    3.2721     2.1556     2.4637     1.5893     0.2603     0.0745     10.633    418.9621   1341.37    4868.47    -5333.0   -5311.469    21.195      0.0    
   6400     47661.41    3.2134     2.1096     2.4403     1.5715     0.2695     0.0887    11.2072    841.7577   1343.71    4871.87    -5341.0    -5319.59    21.175      0.0    
   6500     48407.71    3.2391     2.1363     2.4685     1.6041     0.1997     0.0477    10.7147   183206.3608  1342.63    4873.69    -5349.0   -5327.772    21.427      0.0    
   6600     49154.69    3.2391     2.1215     2.4629     1.5941     0.3085     0.3356    11.6107    478.5644   1338.19    4872.66    -5339.0   -5317.552    21.271      0.0    
   6700     49901.58    3.2005     2.1185     2.4439     1.5837     0.2642     0.0601    11.8944    162.2281    1342.0    4872.94    -5352.0    -5330.54    21.351      0.0    
   6800     50649.24    3.2295     2.1363      2.47      1.6052     0.3548     0.0844     12.728    290.2543   1342.83    4881.19    -5352.0    -5330.91    21.402      0.0    
   6900     51396.87    3.2635     2.1556     2.428      1.5848     0.1824     2.3137    12.1596   2070.9007   1346.04    4872.44    -5340.0   -5318.487    21.091      0.0    
   7000     52144.83    3.2238     2.1081     2.4252     1.5607     0.2696     0.1006    11.3149    236.2242   1343.76    4874.48    -5353.0   -5331.918    21.316      0.0    
   7100     52891.05    3.1924     2.0815     2.4346     1.5707     0.235      0.0572    11.2644    866.0256   1337.82    4860.57    -5348.0   -5325.636    21.866      0.0    
   7200     53638.74    3.2567     2.1407     2.4165     1.5763     0.2414     0.0637    11.5325   4634.9614   1341.71    4876.13    -5355.0   -5333.391    21.814      0.0    
   7300     54386.72    3.2242     2.1319     2.4373     1.5737     0.3626     0.0892    13.2056    252.4382   1341.24    4869.83    -5345.0   -5323.538    21.789      0.0    
   7400     55133.4     3.2701     2.1452     2.4163     1.5556     0.2194     0.0684    11.1114    754.5147   1340.29    4863.81    -5342.0   -5320.547    21.712      0.0    
   7500     55879.54    3.2446     2.1333     2.4514     1.5604     0.245      0.055     10.9956    142.3353   1337.65    4867.15    -5339.0   -5317.074    21.995      0.0    
   7600     56625.17    3.2297     2.1319     2.4448     1.5726     0.2189     0.3462    11.5515   3540.2896   1340.34    4869.04    -5338.0    -5315.7     22.557      0.0    
   7700     57371.44     3.28      2.163      2.4448     1.5837     0.2314     0.3445    11.6419   724012.1143  1340.88    4861.41    -5333.0   -5310.269    22.379      0.0    
   7800     58117.64    3.2002     2.0933     2.4365     1.5756     0.2436     0.046      12.383    558.7031   1335.46    4867.07    -5333.0   -5310.542    22.384      0.0    
   7900     58862.82    3.2423     2.1304     2.445      1.5789     0.274      0.1209    10.9929   2674.7469   1337.37    4864.44    -5341.0   -5318.603    22.452      0.0    
   8000     59609.76    3.209      2.117      2.4304     1.5711     0.2054     0.0728    11.1327   5199.6397   1339.62    4863.73    -5334.0   -5311.131    22.431      0.0    
   8100     60355.92    3.2201     2.1022     2.4209     1.5548     0.245      0.0657    11.3114    142.3209   1338.82    4867.91    -5344.0   -5321.025    22.517      0.0    
   8200     61093.5     3.212      2.1156     2.4439     1.5896     0.221      0.1723    13.3356    856.7385   1343.33    4872.97    -5355.0   -5332.797    22.369      0.0    
   8300     61824.83    3.2182     2.0963     2.4264     1.5556     0.3121     0.101     13.9164   101083.8471  1335.32    4867.94    -5332.0   -5310.115    22.276      0.0    
   8400     62554.94    3.2359     2.1333     2.4265     1.5715     0.1738     0.0568     10.85     239.5627   1338.88    4866.62    -5335.0   -5312.622    22.273      0.0    
   8500     63285.91    3.2382     2.1274     2.4298     1.5626     0.2362     0.1228    11.0561   1687.0578   1341.54    4867.58    -5348.0   -5325.313    23.097      0.0    
   8600     64018.28    3.167      2.0652     2.4363     1.5637     0.2198     0.1018     10.62     6084.009   1334.07    4868.43    -5339.0    -5315.76    23.148      0.0    
   8700     64749.84    3.2409     2.1363     2.4302     1.5793     0.2827     0.1307    13.5007    703.509    1345.62    4873.71    -5351.0    -5327.83    23.253      0.0    
   8800     65481.54    3.2421     2.1348     2.4306     1.5774     0.2885     0.0831    13.2787    887.3426   1341.09    4868.44    -5347.0   -5323.566    23.203      0.0    
   8900     66211.75    3.221      2.0756     2.4281     1.5585     0.3045     0.0341    13.9992    670.7223   1338.33    4864.56    -5336.0   -5312.932    23.009      0.0    
   9000     66941.58    3.2249     2.1126     2.4198     1.5652     0.2915     0.1197    14.4168   61095.6267  1340.29    4863.03    -5332.0   -5308.622    22.97       0.0    
   9100     67673.23    3.2455     2.1304     2.4324     1.5744     0.3013     0.056     13.4276    402.9846   1341.35    4867.35    -5347.0   -5323.738    22.777      0.0    
   9200     68402.97    3.261      2.1541     2.4183      1.56      0.1868     0.0796    11.5624    746.7841   1335.59    4864.01    -5335.0    -5312.69    22.686      0.0    
   9300     69126.32    3.2311     2.117      2.4346     1.5785     0.1675     0.0681    10.6994   1746.0044   1338.04    4864.33    -5330.0   -5306.802    22.767      0.0    
   9400     69851.83    3.2293     2.1348     2.4221     1.563      0.1882     0.0526    12.4829    308.765    1342.88     4864.9    -5338.0   -5314.962    22.75       0.0    
   9500     70575.75    3.2373     2.1304     2.4166     1.557      0.2531     0.0688    12.5347    711.5287   1336.62    4861.67    -5344.0   -5321.409    22.817      0.0    
   9600     71298.94    3.1919     2.1052     2.4525     1.5793     0.3229     0.1032    12.9926    468.2109   1339.53    4867.77    -5344.0   -5321.361    23.019      0.0    
   9700     72030.68    3.2467      2.12      2.4281     1.5807     0.2911     0.0681     12.975   5808.6176   1343.12    4868.14    -5340.0   -5316.931    22.873      0.0    
   9800     72759.96    3.3032     2.1526     2.4105     1.5544     0.2504     0.0554    11.6807   1998.3623   1341.64    4872.67    -5344.0   -5320.588    22.963      0.0    
   9900     73489.55    3.203      2.1022     2.4231     1.5715     0.3179     0.0764    11.4011    103.0106   1336.95     4869.4    -5347.0   -5324.085    22.668      0.0    
  10000     74217.85    3.1744     2.083      2.4217     1.5596     0.2554     0.1477    12.3087    98.1607    1340.41    4869.45    -5342.0   -5319.701    22.564      0.0    
  10100     74943.82    3.2086     2.1081     2.4459     1.5815     0.2582     0.1091    11.9529    170.2013   1336.28    4868.34    -5348.0   -5325.319    22.506      0.0    
  10200     75670.78    3.2517     2.1437     2.4393     1.5852     0.2596     0.0351    12.2633    352.1271   1337.44    4869.71    -5351.0   -5328.501    22.616      0.0    
  10300     76397.53    3.2021     2.1052     2.4206     1.5622     0.2088     0.1278    12.8143    410.2092   1334.13    4871.85    -5339.0   -5316.382    22.656      0.0    
  10400     77124.06    3.1986     2.0919     2.4307     1.5619     0.1694     0.0586    11.1625    320.2506   1339.92    4872.18    -5340.0   -5317.468    22.577      0.0    
  10500     77851.68    3.1981     2.0919     2.4389     1.5748     0.2156     0.5679    12.1977   1235.5745   1341.15    4879.45    -5353.0   -5330.183    22.535      0.0    
  10600     78579.54    3.2836     2.1363     2.4411     1.573      0.2026     0.0468    13.1816    511.4326   1342.86    4879.04    -5350.0   -5327.043    22.49       0.0    
  10700     79308.39    3.194      2.0919     2.4007     1.5493     0.2545     0.0604    13.2791    874.1537   1332.26     4875.4    -5337.0   -5314.419    22.681      0.0    
  10800     80054.88    3.2074     2.1067     2.4156     1.5552     0.2197     0.0447    12.2501    358.1906   1336.84    4881.05    -5360.0    -5337.13    22.735      0.0    
  10900     80802.39    3.1747     2.0696     2.4342     1.5633     0.1907     0.0851    11.1322    894.9134   1335.61    4871.71    -5352.0   -5328.716    22.817      0.0    
  11000     81550.02    3.1777     2.083      2.4233     1.5526     0.2073     0.1882    11.4677    123.9819   1337.66    4876.02    -5352.0   -5328.838    22.776      0.0    
  11100     82301.61    3.1891     2.0933     2.4077     1.5452     0.2298     1.1734    12.2631    235.4128   1339.47    4879.49    -5352.0   -5329.204    22.742      0.0    
  11200     83039.26    3.2373     2.1274     2.4198     1.5681     0.2885     0.0855    12.3878    238.0964   1342.31    4873.91    -5350.0   -5327.733    22.697      0.0    
  11300     83770.56    3.1548     2.0681     2.4126     1.5467     0.147      0.112     10.8509    429.7122   1334.64    4879.06    -5350.0    -5326.98    22.561      0.0    
  11400     84498.81    3.3113     2.1556     2.4159     1.5485     0.1856     0.0765    12.3388    122.3377    1344.5    4881.81    -5349.0   -5326.411    22.354      0.0    
  11500     85225.24    3.2653     2.1467     2.486      1.5833     0.2154     0.0991    10.5836    125.5348   1340.39    4878.81    -5341.0    -5318.53    22.505      0.0    
  11600     85952.6     3.2409     2.1126     2.4314     1.5685     0.2165     0.1069    12.1182    266.1439   1339.87    4874.08    -5354.0   -5331.907    22.544      0.0    
  11700     86678.84    3.2368     2.1126     2.4444     1.553      0.2062      0.1      12.4842   1004.1184   1334.65    4875.71    -5345.0   -5321.344    23.269      0.0    
  11800     87405.36    3.2076     2.1259     2.4314     1.5774     0.3279     0.0789    12.8328    202.3323   1341.36    4883.93    -5367.0   -5343.763    23.096      0.0    
  11900     88129.84    3.2256     2.1111     2.4573     1.5685     0.2148     0.1027    10.3297    339.8632   1340.81    4872.93    -5355.0    -5331.65    23.109      0.0    
  12000     88853.97    3.2544     2.1437     2.4046     1.5489     0.1619     0.0776    10.3795    623.2168   1342.86    4876.07    -5352.0   -5328.782    23.182      0.0    
  12100     89576.51    3.2487     2.1185     2.4383     1.5704     0.2416     0.1473    13.3662    516.8301   1337.81    4879.52    -5349.0   -5326.188    23.077      0.0    
  12200     90298.92    3.2405     2.1067     2.416      1.5519     0.1759     0.3086    11.5856   2442.8817   1341.82    4870.27    -5349.0   -5325.682    23.135      0.0    
  12300     91022.54    3.2074     2.083      2.4309     1.5693     0.2364     0.1036    12.3398    257.6731   1337.72    4870.74    -5354.0   -5330.153    23.416      0.0    
  12400     91746.32    3.1477     2.0356     2.4184     1.5452     0.1693     0.0558    10.6109    178.2624   1338.69    4859.48    -5343.0   -5319.426    23.32       0.0    
  12500     92469.59    3.1726     2.0711     2.4371     1.5719     0.2206     0.2506    11.2373    489.307    1338.64    4863.34    -5344.0   -5320.507    23.222      0.0    
  12600     93192.78    3.2203     2.1067     2.4422     1.563      0.2024     0.0572    12.6509   1648.6253   1342.15    4862.16    -5332.0   -5308.849    23.264      0.0    
  12700     93916.64    3.2412     2.123      2.4013     1.5441     0.1654     0.0337    11.7102   17174.2514  1336.93    4865.82    -5340.0   -5317.066    23.246      0.0    
  12800     94641.56    3.1975     2.1022     2.4153     1.5507     0.1611     0.0243    11.3603    194.3486   1342.59    4865.12    -5338.0   -5314.702    23.075      0.0    
  12900     95365.49    3.1691     2.0519     2.4161     1.5526     0.1699     0.015      9.4366    136.317    1340.78    4863.38    -5331.0   -5307.418    23.108      0.0    
  13000     96089.82    3.2293     2.0933     2.4415      1.57      0.2444     0.0255    10.8854    153.144    1341.91    4868.22    -5344.0    -5320.94    22.977      0.0    
  13100     96813.7     3.2235     2.1067     2.4097     1.5422     0.1778     0.1463     9.7153    137.8553   1341.41    4865.45    -5343.0   -5319.666    23.051      0.0    
  13200     97536.22    3.2173     2.0726     2.4283     1.5581     0.247      0.0234    11.5113    154.1117   1335.46    4864.22    -5336.0   -5313.393    23.05       0.0    
  13300     98259.6     3.2359     2.1126     2.4298     1.5522     0.1686     0.0363    12.5167    385.4554   1338.07     4866.0    -5344.0   -5321.242    23.03       0.0    
  13400     98982.57    3.2261     2.1052     2.4216     1.5619     0.2298     0.0562    12.8506    391.343    1340.08    4868.29    -5350.0   -5326.899    22.934      0.0    
  13500     99706.58    3.2274     2.117      2.4468     1.5822     0.2275     0.045      11.695   2990.2435   1337.56    4871.77    -5353.0   -5329.854    22.826      0.0    
  13600    100429.21    3.2016     2.0933     2.4122     1.5411     0.1572     0.2398    11.6049   33999.5738  1339.26     4864.2    -5344.0   -5320.964    22.765      0.0    
  13700     101153.5    3.2162     2.1067     2.4149     1.5467     0.2446     0.0199    11.7942    160.8542   1341.29    4862.84    -5341.0   -5317.752    22.837      0.0    
  13800    101878.15    3.173      2.0741     2.4193     1.5641     0.1381     0.0217     9.3557    120.0041   1336.58    4864.93    -5342.0   -5319.101    22.757      0.0    
  13900     102601.9    3.2053     2.0904     2.4002     1.5352     0.1563     0.1842    10.8699   8022.1937   1332.07    4872.12    -5342.0   -5319.009    22.672      0.0    
  14000     103325.5     3.17      2.0756     2.407      1.5419     0.1819     0.0765     9.0488    578.7137   1333.17    4867.29    -5342.0   -5319.206    22.486      0.0    
  14100    104049.42    3.1651     2.077      2.3963     1.5252     0.195      0.0193    10.3526    235.9959   1332.36    4863.27    -5346.0   -5324.186    22.31       0.0    
  14200    104773.07    3.2072     2.0874     2.4202     1.5552     0.1718     0.0415    10.2889    163.3157   1337.69    4870.99    -5345.0   -5322.431    22.347      0.0    
  14300    105496.61    3.1772     2.1096     2.4185     1.5574     0.1825     0.0654    12.2272    171.5001   1330.86     4864.6    -5349.0   -5326.665    22.524      0.0    
  14400     106219.5    3.1979     2.0904     2.4178     1.5607     0.1632     0.0162    11.5743    134.2344   1338.12    4862.92    -5342.0   -5319.392    22.546      0.0    
  14500    106941.96    3.1868     2.0874     2.4045     1.537      0.178      0.196     11.3551    143.378    1335.28    4864.64    -5342.0   -5319.765    22.607      0.0    
  14600    107665.84    3.2283     2.1111     2.4245     1.5493     0.1954     0.0387    10.9644    466.9394   1338.18    4863.11    -5336.0   -5313.506    22.648      0.0    
  14700    108389.18    3.2111     2.0889     2.4054     1.5437      0.19      0.0263    10.3504    150.9658   1333.88    4861.45    -5336.0   -5313.071    22.751      0.0    
  14800    109112.01    3.2226     2.1007     2.4203     1.5459     0.2136     0.0294     9.7021    139.0021   1341.09    4866.76    -5344.0   -5320.769    22.802      0.0    
  14900    109834.81    3.1758     2.0622     2.3907     1.5363     0.1714     0.096     11.0761    440.6073   1333.29    4865.82    -5342.0   -5319.147    22.789      0.0    
  15000    110557.11    3.1984     2.0933     2.4456     1.5693     0.1695     0.0347    10.5939    170.5668   1338.71    4868.26    -5343.0   -5319.885    22.838      0.0    
  15100     111280.2    3.163      2.0667     2.4185     1.5596     0.2512     0.0336    12.3886    944.8695   1333.98    4871.63    -5340.0   -5316.973    22.773      0.0    
  15200    112004.35    3.1616     2.0726     2.4337     1.5674     0.2624     0.0512    12.3482    489.3426    1338.6    4870.44    -5344.0   -5321.175    22.844      0.0    
  15300    112728.08    3.1602     2.0667     2.4041     1.547      0.2549     0.0504     12.741    180.448    1336.34    4872.13    -5347.0   -5323.824    22.721      0.0    
  15400    113452.71    3.1658     2.0637     2.418      1.5496     0.3034     0.0556    13.5093    406.2362   1335.94    4866.17    -5341.0   -5318.408    22.789      0.0    
  15500    114175.57    3.1515     2.0711     2.4156     1.5574     0.1701     0.0659    10.5209    277.4221   1338.15    4867.11    -5346.0   -5322.981    22.876      0.0    
  15600    114898.19    3.1847     2.0741     2.4301     1.573      0.169      0.0926    12.3811    436.723    1338.37     4875.4    -5358.0   -5335.554    22.738      0.0    
  15700    115620.89    3.1905     2.0785     2.4212     1.5607     0.2527     0.117      9.575     240.4746    1334.3    4863.19    -5343.0   -5319.922    22.755      0.0    
  15800    116364.05    3.1595      2.08      2.4239      1.55      0.1328     0.0161    10.1337    388.7889   1339.43    4866.61    -5347.0   -5324.546    22.652      0.0    
  15900    117109.29    3.1828     2.0859     2.4223     1.5578     0.1914     0.1054    11.9741    291.7841   1339.78    4867.84    -5341.0   -5318.122    22.521      0.0    
  16000    117853.99    3.2136     2.0815     2.4333     1.5437     0.1929     0.165     11.8275    482.4108   1335.69    4869.67    -5345.0   -5322.548    22.638      0.0    
[ 0.46090986  0.50967667  0.08324495 -0.11889125  1.3947043  -0.62603688
  0.52980223 -0.21395322  1.05526306  0.67226106 -0.56227479  1.66616186
  1.14805899 -0.46820584 -0.66288514  0.35920316  0.90457791  0.48771775
 -1.90034717 -0.31188268]
[ 0.67743791  0.87705411  1.4671421   1.61439305  0.27120643  0.87405829
  0.47547677  1.42853836  1.81007176  0.87027371  0.03170329 -0.29717542
  0.34927978  1.73181536  0.97199846  1.14933505  0.35382598  0.9653763
  0.54679244  0.91157008]
[ 1.18581695  0.81547002  2.00899451  1.76366536  0.79819039  0.8547163
  0.6971254   1.21470227 -0.71241215  1.04787782  0.64373358  0.84252251
  0.9324124   0.77418375  0.9189703   1.8060823   1.49262505 -0.13237587
  0.9702675   0.9981088 ]
