Generating synthetic count valued data ... 
Generating synthetic  count valued data took:  2.36958909034729
max_count =  42  min count =  0
Evaluation for true params: 
 test_rsme | train_rsme | rel-te-err | rel-tr-err |  test_nll  |  train_nll |
2.7311644512 2.6367067001 1.7348148148 1.6766666667    3857.8      15475.78  
Factorizing with max_iteration = 16000  fixing covariance?:  False
Tensor dimensions:  [15, 15, 15]
Optimization metrics: 
Using Ada Grad
Mean update scheme:  S
Covariance update :  N
Using diagonal covariance?:  False
Random start? True
k1 samples =  64  k2 samples =  128
eta =  1.0  cov eta =  1.0  sigma eta =  1
iteration |   time   |test_rsme |rel-te-err|train_rsme|rel-tr-err|   d_mean  |   d_cov  |avg_grad_m|avg_grad_c| test_nll | train_nll |    VLB   |  E-term  |    KL     
    0         2.77      9.9086     6.8207     9.9401     6.8678     3.1623     0.3976     3.1633     3.1955    5853.13    23469.86   -35909.0  -35850.724   58.529   
    5        30.96      9.8799     6.8133     9.8467     6.797      3.1623     0.3976    49.7108    42.7342    5603.15    22105.42   -33981.0  -33940.26    40.894   
    10       65.31      9.3271     6.3022     9.1841     6.2133     3.1623     0.3976    206.9512   134.9718   4680.93    18281.41   -27178.0  -27144.944   32.73    
    20       121.21     6.0626     4.3911     5.8189     4.1719     3.1623     0.4884    619.5182   431.059    2390.49    9145.23    -9699.0    -9654.62    44.69    
    50       246.28     4.5235     3.2681     4.1634     2.9196     2.9027     0.1687    136.3668   241.3893   1835.41    6970.34    -7270.0   -7229.279    40.714   
   100       440.41     3.4607     2.3733     3.0797     1.9963     1.3767     0.1091    35.6096    181.9751    1409.0    5121.69    -5795.0   -5757.468    37.294   
   200       798.52     3.3526     2.2207     2.8556     1.8122     0.7491     0.063     22.6784    182.9426   1353.81    4885.74    -5547.0   -5512.198    34.646   
   300       1149.0     3.2881     2.2222     2.7825     1.7622     0.7619     0.042     23.1098    192.6529   1348.43     4866.1    -5540.0   -5506.754    33.344   
   400      1502.34     3.3195     2.2281      2.74      1.7041     0.9785     0.0305    24.8488    188.5013   1356.13    4801.49    -5453.0   -5419.849    32.72    
   500      1858.56     3.2884     2.1852     2.678       1.67      0.4034     0.0272    15.3806    193.7838   1345.98    4754.81    -5430.0   -5398.448    31.718   
   600       2213.4     3.2712     2.1822     2.6584     1.6589     0.4618     0.0221    17.3861    196.8529   1346.74    4746.89    -5428.0   -5397.042    31.124   
   700      2568.27     3.3222     2.2222     2.6542     1.6596     0.7248     0.0173    20.8874    200.7404   1345.51    4741.45    -5409.0    -5378.83    30.416   
   800      2923.34     3.2784     2.1378     2.6135     1.6385     0.3554     0.0152    16.0534    198.9894   1343.69     4718.9    -5393.0   -5362.692    30.082   
   900       3278.5     3.2712     2.1496     2.6335     1.6478     0.3913     0.0132    17.9033    203.1859   1338.03    4725.35    -5382.0   -5352.087    29.913   
   1000     3633.29     3.3418     2.2104     2.5979     1.6204     0.5962     0.0116    21.7471    202.9838   1351.55    4718.31    -5407.0   -5377.952    29.477   
   1100     3987.45     3.3347     2.2104     2.5701     1.6137     0.4484     0.0105    18.6382    208.9877   1343.84    4710.86    -5391.0   -5361.789    29.282   
   1200     4342.78     3.3371     2.1941     2.5395     1.5752     0.282      0.0099    15.1015    207.5282   1338.55    4678.63    -5351.0   -5321.469    29.127   
   1300     4696.99     3.2877     2.1896     2.5363     1.5878     0.463      0.0091    18.3953    206.5889   1338.11    4685.28    -5364.0   -5335.394    28.908   
   1400     5052.22     3.2947     2.1526     2.5232     1.5744     0.3218     0.0084    16.7254    209.6872   1339.29    4672.01    -5350.0   -5320.994    28.63    
   1500     5405.52     3.3133     2.1985     2.5099     1.567      0.2797     0.0077    14.0692     208.08    1342.07    4668.86    -5340.0   -5311.218    28.353   
   1600     5759.37     3.3324     2.1541     2.5352      1.58      0.4691     0.0065    18.5347    212.5068    1337.8     4669.4    -5336.0   -5307.464    28.29    
   1700     6113.55     3.2503     2.1556     2.5044     1.5715     0.4076     0.0072    20.3237    210.2199   1335.26    4665.03    -5348.0   -5319.468    28.301   
   1800     6466.78     3.3313     2.203      2.5056     1.5722     0.2837     0.0068    16.3429    217.2366   1341.94    4660.85    -5344.0   -5315.724    28.158   
   1900     6821.28     3.3036     2.1704     2.4979     1.5696     0.5523     0.0055    18.1321    218.4123   1338.67    4663.54    -5343.0   -5315.067    28.125   
   2000     7176.82     3.2863     2.1689     2.4866     1.5559     0.5933     0.0056     22.224    213.7463   1341.23    4660.33    -5349.0   -5320.592    27.923   
   2100     7530.03     3.2485     2.1467     2.4667     1.5315     0.2728     0.0052     13.848    214.8819   1336.23    4630.43    -5301.0   -5273.079    27.901   
   2200     7880.52     3.3358     2.1911     2.4675     1.5315     0.2347     0.005     14.1922    214.7214   1338.87    4631.97    -5302.0   -5274.222    27.747   
   2300     8229.26     3.3287     2.1852     2.4741     1.5419     0.2432     0.0047    15.6748    215.4947   1342.07    4635.48    -5309.0   -5281.364    27.712   
   2400     8578.35     3.2637      2.16      2.4528     1.537      0.2156     0.0045     13.275    219.1781    1338.1    4628.74    -5308.0   -5280.176    27.815   
   2500     8926.73     3.2694     2.1467     2.475      1.5396     0.2733     0.0044    16.9041    220.1302   1339.39    4631.91    -5310.0   -5282.042    27.79    
   2600     9275.91     3.3211     2.1881     2.451      1.5281     0.4257     0.0039    17.4004    216.5144   1335.67    4637.53    -5305.0   -5277.261    27.721   
   2700      9625.0     3.3349     2.1733     2.458      1.5344     0.2662     0.0043    14.6766    219.869    1340.04    4628.86    -5307.0   -5279.325    27.695   
   2800     9974.61     3.2866     2.123      2.429      1.5052     0.2634     0.0035    15.8445    216.5127   1341.92    4621.69    -5302.0   -5274.664    27.743   
   2900     10322.91    3.2789     2.1526     2.4191     1.5041     0.3153     0.0037    14.5275    218.1757   1340.74    4617.61    -5289.0   -5261.139    27.386   
   3000     10666.81    3.3081     2.1644     2.4342     1.5178     0.304      0.0036    15.1411    220.4243   1344.15    4620.18    -5293.0   -5265.548    27.239   
   3100     11012.86    3.2773     2.1778     2.4251     1.5144     0.1966     0.0036    13.9217    222.4218   1341.01    4623.74    -5299.0   -5271.735    27.287   
   3200     11358.39    3.2958     2.1659     2.4347     1.5137     0.2284     0.0038    13.2188    218.8616   1341.08     4614.7    -5279.0    -5251.92    27.235   
   3300     11704.98    3.318      2.1733     2.4325     1.4956     0.2855     0.0034    15.7303    219.7962   1344.36    4614.93    -5277.0   -5249.865    27.148   
   3400     12048.26    3.3081     2.197      2.4115     1.4956     0.288      0.0032    14.9193    220.5209   1345.29    4613.65    -5288.0   -5260.405    27.323   
   3500     12393.47    3.2836     2.163      2.4293     1.5141     0.2558     0.0031    13.9774    226.0353   1341.78    4610.61    -5295.0   -5268.065    27.135   
   3600     12739.53    3.3382     2.1837     2.4287     1.4978     0.245      0.003     13.3898    224.8206   1348.08     4601.9    -5276.0   -5248.736    27.329   
   3700     13085.04    3.3041     2.1822     2.4252     1.4956     0.2402     0.0027    15.5235    218.9505   1343.14    4612.87    -5272.0   -5244.314    27.191   
   3800     13430.5     3.2956     2.1644     2.4048     1.4874     0.2691     0.0028    15.3414    222.1189   1341.82    4608.23    -5271.0   -5243.547    27.108   
   3900     13775.93    3.3059     2.1644     2.4038     1.487      0.2565     0.0027    13.2707    221.3851   1345.34    4599.75    -5275.0   -5248.284    27.113   
   4000     14120.81    3.311      2.1867     2.4257     1.4974     0.2175     0.0026    14.3802    223.485    1340.84    4602.32    -5272.0   -5244.437    27.166   
   4100     14465.81    3.2938     2.1644     2.4111     1.4904     0.2743     0.0026    13.8573    224.9311   1344.01     4604.1    -5274.0    -5247.14    27.115   
   4200     14811.75    3.316      2.1689     2.3991     1.483      0.2101     0.0024    14.2105    227.2432   1345.54    4601.84    -5270.0    -5242.75    27.082   
   4300     15157.52    3.3511     2.1867     2.4023     1.4837     0.2883     0.0024    14.1727    223.8741   1345.83    4599.48    -5281.0   -5254.417    26.988   
   4400     15502.55    3.3238     2.1615     2.4112     1.4848     0.2513     0.0023    14.3011    224.5272   1343.72    4601.15    -5267.0   -5239.687    27.078   
   4500     15845.89    3.2784     2.1467     2.4048     1.4815     0.3547     0.0023    13.0588    221.066    1343.38    4593.29    -5272.0   -5245.405    27.041   
   4600     16190.31    3.2662     2.1585     2.3911     1.4737     0.2122     0.0024    11.2385    222.0314    1337.7    4596.44    -5259.0   -5231.443    27.115   
   4700     16534.62    3.3287     2.2089     2.4139     1.5011     0.3527     0.0024    15.6165    226.2721    1344.6    4608.13    -5279.0   -5251.605    27.171   
   4800     16878.82    3.3193     2.1674     2.3877     1.4767     0.2036     0.0022    13.8808    219.1634   1345.28    4602.04    -5263.0    -5235.87    26.908   
   4900     17222.99    3.344      2.1896     2.3902     1.467      0.1927     0.0023    11.9855    223.442    1345.87    4591.83    -5261.0   -5234.218    26.961   
   5000     17567.76    3.3304     2.1881     2.3898      1.48      0.2053     0.0022    13.8233    225.1134   1350.62    4591.56    -5261.0   -5233.355    27.17    
   5100     17912.4     3.3119     2.163      2.3793     1.4811     0.1838     0.0021    11.9552    225.0925   1341.61    4588.39    -5266.0   -5239.214    27.107   
   5200     18257.28    3.3242     2.1615     2.3735     1.4604     0.2497     0.0021    13.2544    224.4514   1337.92    4590.06    -5255.0   -5228.272    27.136   
   5300     18601.11    3.301      2.1704     2.4042     1.4815     0.1994     0.0021    14.0426    225.3197   1345.45    4590.12    -5263.0   -5236.013    27.046   
   5400     18944.28    3.2971     2.163      2.3899     1.4811     0.2114     0.0019    14.1364    227.1973   1347.37    4587.26    -5258.0   -5231.446    26.981   
   5500     19288.74    3.2983     2.197      2.3814     1.4689     0.2273     0.0018    13.9631    226.481    1343.29    4586.56    -5249.0    -5222.39    26.94    
   5600     19633.84    3.3039     2.1511     2.3781     1.4663     0.1853     0.0021    12.0465    225.1728   1341.37    4587.03    -5252.0   -5225.282    26.884   
   5700     19975.83    3.3027     2.1704     2.3901     1.4785     0.2487     0.0018    12.7918    228.8657    1350.4     4584.7    -5253.0    -5225.75    27.098   
   5800     20318.51    3.2494     2.1407     2.3868     1.4756     0.2438     0.0018    17.3739    225.2743   1340.76    4593.94    -5262.0   -5234.406    27.149   
   5900     20661.68    3.3289     2.1956     2.3806     1.4633     0.1488     0.0018    11.7031    224.2935   1344.91    4587.93    -5257.0   -5229.986    26.968   
   6000     21006.44    3.307      2.1778     2.3741     1.4563     0.2231     0.0018    13.8773    225.5967   1349.76    4585.33    -5253.0    -5225.83    26.963   
   6100     21350.81    3.3068     2.1644     2.3857     1.4693     0.2188     0.0018    12.2027    224.8649   1345.49    4583.87    -5252.0    -5225.03    26.874   
   6200     21695.76    3.2992     2.1585     2.3635     1.4541     0.1867     0.0018    13.4194    223.7794   1344.52     4580.6    -5251.0   -5223.978    26.91    
   6300     22038.47    3.3318     2.1822     2.3835     1.4722     0.2327     0.0018     15.647    225.0558   1354.34    4584.13    -5266.0   -5239.032    27.054   
   6400     22382.01    3.3007     2.1896     2.383      1.4715     0.1871     0.0017    12.6051    226.2664   1349.24    4588.86    -5270.0   -5242.621    26.891   
   6500     22724.59    3.3224     2.197      2.3816     1.4574     0.1831     0.0017    13.5782    224.9836    1348.7    4584.26    -5256.0   -5228.747    26.939   
   6600     23068.19    3.3072     2.1674     2.3625     1.4511     0.2251     0.0016    12.0093    226.4259   1344.77    4586.39    -5248.0   -5220.713    26.946   
   6700     23412.39    3.3218     2.1896     2.3666     1.4615     0.2135     0.0016    13.4026    225.7256    1348.1     4584.2    -5257.0   -5229.858    27.101   
   6800     23755.22    3.2974     2.1644     2.3758     1.4704     0.2107     0.0018    14.3062    225.2612   1344.37    4586.57    -5256.0   -5229.157    26.926   
   6900     24099.85    3.3041     2.1615     2.3628      1.46      0.1692     0.0016     13.784    222.7489   1344.07    4583.34    -5250.0   -5222.679    27.067   
   7000     24442.51    3.3462     2.1985     2.3667     1.4648     0.1789     0.0015    12.7172     226.01    1350.51    4582.93    -5250.0   -5222.672    27.171   
   7100     24792.23    3.3032     2.1674     2.3695     1.453      0.2031     0.0016    12.2377    225.6741   1345.74    4576.67    -5253.0   -5226.225    27.005   
   7200     25147.42    3.309      2.1881     2.3838     1.4633     0.2087     0.0016     15.413    223.7211   1349.46    4581.24    -5244.0   -5217.051    27.052   
   7300     25497.22    3.3404     2.2222     2.3857     1.4693     0.1708     0.0015    13.4183    225.7171    1348.8    4585.21    -5256.0   -5229.017    26.811   
   7400     25850.16    3.3309     2.203      2.3763     1.4556     0.1952     0.0014    12.7211    224.2499   1347.51    4581.11    -5250.0   -5222.713    26.84    
   7500     26204.13    3.3077     2.1733     2.3497     1.4463     0.2187     0.0013    13.1689    227.2965   1347.03    4574.27    -5239.0   -5211.966    26.807   
   7600     26557.84    3.3353     2.197      2.3731     1.4633     0.2602     0.0014    15.8343    228.509    1345.84    4583.83    -5260.0    -5233.12    26.68    
   7700     26915.2     3.355      2.2104     2.3703     1.4644     0.1661     0.0014     12.311    226.2689   1349.86    4582.99    -5243.0   -5215.948    26.738   
   7800     27272.04    3.3066     2.1807     2.3785     1.463      0.2022     0.0014    12.9952    226.7058   1343.58    4576.66    -5246.0   -5218.991    26.741   
   7900     27625.68    3.2908     2.1748     2.3705     1.4667     0.2038     0.0013    13.3446    223.9783   1346.46    4586.23    -5260.0   -5232.826    26.751   
   8000     27983.11    3.3175     2.1704     2.3598     1.4563     0.1789     0.0013    12.9701    223.7097   1343.09    4578.85    -5244.0   -5217.255    26.675   
   8100     28335.18    3.3045     2.1822     2.375      1.4689     0.2435     0.0013     13.133    223.3905    1347.5    4576.73    -5243.0    -5216.41    26.545   
   8200     28688.35    3.2423     2.1541     2.3759     1.4552     0.1898     0.0013    13.4413    230.0161   1347.37    4578.91    -5257.0    -5229.83    26.727   
