Generating synthetic count valued data ... 
Generating synthetic  count valued data took:  1.3733842372894287
max_count =  40  min count =  0
Evaluation for true params: 
 test_rsme | train_rsme | rel-te-err | rel-tr-err |  test_nll  |  train_nll |
2.7099268816 2.6505065903 1.7437037037 1.6925925926   3914.36      15573.87  
Factorizing with max_iteration = 16000  fixing covariance?:  False
Tensor dimensions:  [15, 15, 15]
Optimization metrics: 
Using Ada Grad
Mean update scheme:  S
Covariance update :  N
Using diagonal covariance?:  False
Random start? True
k1 samples =  64  k2 samples =  128
eta =  1.0  cov eta =  1.0  sigma eta =  1
iteration |   time   |test_rsme |rel-te-err|train_rsme|rel-tr-err|   d_mean  |   d_cov  |avg_grad_m|avg_grad_c| test_nll | train_nll |    VLB   |  E-term  |    KL     
    0         2.44     10.0983     6.9778     9.9508     6.917      3.1623     0.4146     2.598      3.2161    5904.44    23647.09   -36093.0  -36048.861   43.975   
    5        28.39     10.0926     6.9689     9.9079     6.8652     3.1623     0.4146    41.5067    37.3452    5713.54    22436.57   -34729.0  -34697.766   31.715   
    10       60.41      9.7046     6.597      9.4514     6.4474     3.1623     0.4146    173.9432   114.4883   4971.43    19145.96   -29522.0  -29495.792   26.243   
    20       112.4      7.007      5.2074     6.3977     4.6952     3.1623     0.5071    602.3715   409.7539   2808.94    10123.75   -11145.0  -11109.11    36.231   
    50       224.79     4.5086     3.2281     4.1327     2.9381     3.0568     0.2841    136.4129   243.3882    1783.7    6546.31    -7332.0   -7301.305    30.984   
   100       396.21     3.4793     2.3007     3.0824     1.9926     1.4174     0.1077    38.9101    183.4104   1396.88     5134.5    -5769.0   -5739.599    29.163   
   200       711.13     3.3978     2.2296     2.8553     1.8759     1.1154     0.0683    33.8218    192.0335    1395.6    4973.45    -5669.0   -5641.942    26.821   
   300      1026.18     3.2083     2.0948     2.731      1.7604     0.8278     0.0451    23.1837    202.3339   1333.69    4841.76    -5532.0   -5505.516    26.159   
   400      1341.14     3.2635     2.1289     2.6715     1.7133     0.7957     0.0313    27.5437    198.5478   1348.13     4815.3    -5482.0   -5456.339    25.866   
   500      1656.05     3.2377     2.1215     2.6143     1.6741     0.5037     0.0248    18.2732    204.526    1335.98     4770.3    -5448.0   -5422.225    25.538   
   600      1969.96     3.1763     2.0919     2.6056     1.6663     0.6867     0.0203    22.9927    205.6099    1322.7    4768.93    -5454.0   -5428.365    25.321   
   700      2283.29     3.147      2.0489     2.579      1.647      0.9003     0.016     28.0603    206.2228   1318.45    4754.67    -5427.0   -5402.374    25.097   
   800      2596.45     3.1522     2.0815     2.534      1.6152     0.4179     0.0139    16.9905    205.5643   1326.17    4706.55    -5377.0   -5352.189    24.89    
   900      2909.53     3.1333     2.0637     2.5409     1.6215     0.449      0.013     17.0497    210.0733   1316.67     4701.7    -5385.0   -5360.061    24.964   
   1000      3223.0     3.2251     2.1081     2.5285     1.6207     0.5774     0.0113    21.6513    211.0602   1335.96    4718.27    -5399.0   -5374.025    24.858   
   1100     3536.24     3.1255     2.0356     2.5026     1.6044     0.632      0.0093    21.8486    209.7861   1318.08    4703.77    -5379.0   -5354.171    24.638   
   1200     3849.64     3.163      2.0607     2.4691     1.5815     0.423      0.0085    16.8493    209.9236    1324.6    4679.24    -5365.0   -5340.462    24.58    
   1300     4163.18     3.1831     2.0696     2.4674     1.5793     0.4804     0.0083    17.4348    216.9186   1333.34     4685.7    -5380.0    -5355.11    24.427   
   1400     4477.08     3.1447      2.04      2.4638     1.5711     0.3841     0.0079    17.9235    210.3056   1317.35    4665.98    -5347.0   -5322.146    24.742   
   1500     4790.68     3.1437     2.043      2.4435     1.5619     0.3247     0.0075    14.1495    212.5449   1321.35    4660.83    -5349.0   -5324.952    24.392   
   1600     5104.05     3.1288     2.0356     2.4195     1.5437     0.273      0.0062    13.8199    213.5206   1321.18    4653.45    -5348.0   -5323.531    24.269   
   1700     5417.23     3.1272     2.0281     2.4245     1.5381     0.2686     0.0065    16.4459     210.67    1320.77    4652.81    -5343.0   -5318.687    24.162   
   1800     5729.75     3.0943     1.9985     2.3984     1.5278     0.2809     0.0058    15.2324    211.6667   1312.17    4642.55    -5324.0   -5299.509    24.173   
   1900     6042.63     3.1527     2.043      2.4113     1.5433     0.359      0.0048    16.5947    214.023    1322.28    4648.57    -5345.0   -5321.233    24.106   
   2000     6355.67     3.125      2.0504     2.4138      1.56      0.4689     0.0051    18.8604    212.5153   1322.97     4651.7    -5342.0    -5317.58    24.058   
   2100     6668.88     3.177      2.0667     2.3934     1.5389     0.2076     0.0049    12.2211    214.8614   1318.74    4632.21    -5312.0   -5288.204    24.244   
   2200     6982.49     3.1796     2.0889     2.3992     1.5237     0.345      0.0047    15.1253    210.9023   1323.18    4625.19    -5315.0   -5290.878    24.12    
   2300     7295.13     3.1096     2.0015     2.4016     1.5278     0.2755     0.005      14.773    209.7931   1315.88    4628.14    -5309.0   -5284.405    24.123   
   2400     7607.84     3.1937     2.0756     2.3844     1.5352     0.253      0.0042    15.1988    215.2721   1324.83    4632.83    -5326.0   -5302.265    24.042   
   2500     7923.78     3.1845     2.0489     2.3938     1.523      0.3029     0.0042    18.7805    217.8504   1327.78    4623.63    -5310.0   -5285.584    24.144   
   2600     8237.08     3.2083     2.077      2.3647     1.5178     0.2882     0.0036     16.441    216.8481   1332.12    4616.97    -5300.0   -5275.783    24.047   
   2700     8549.91     3.1267     2.0074     2.356      1.5063     0.3001     0.0039    13.6848    217.2402   1319.96     4617.5    -5303.0   -5279.367    23.999   
   2800     8862.26     3.1917     2.0622     2.3606     1.5026     0.462      0.0034    16.8814    214.6367   1331.96    4621.21    -5303.0   -5279.259    23.938   
   2900     9174.93     3.1559     2.0459     2.3382     1.4944     0.353      0.0036    16.3882    217.7258   1316.79    4611.67    -5299.0   -5275.075    23.937   
   3000     9487.14     3.159      2.0296     2.3532     1.5059     0.2636     0.0033    15.2091    217.8064   1317.84    4609.03    -5295.0   -5271.027    23.98    
   3100     9799.85     3.1872     2.0519     2.3438     1.5015     0.3746     0.0032    17.5016    217.2812   1328.47    4611.27    -5291.0   -5267.639    23.741   
   3200     10111.53    3.2019     2.0711     2.3302     1.4926     0.312      0.0032    14.4829    220.2594    1318.6    4598.23    -5288.0   -5263.707    23.861   
   3300     10425.09    3.155      2.0222     2.3441     1.4993     0.3462     0.003     15.2001    221.1054   1316.39    4610.95    -5308.0   -5284.216    23.969   
   3400     10737.87    3.166      2.0533     2.3235     1.4881     0.4036     0.0032    16.7101    218.2033   1331.89    4604.95    -5299.0   -5274.934    23.92    
   3500     11051.84    3.1744     2.0356     2.3064     1.4856     0.2693     0.0027    13.8079    221.9632   1326.48    4597.09    -5286.0   -5262.327    23.874   
   3600     11364.88    3.1397     2.0296     2.3023     1.4693     0.2157     0.0027    13.0966    219.0871   1320.55    4590.05    -5273.0   -5249.463    23.957   
   3700     11677.71    3.1758     2.0267     2.3252     1.4807     0.2198     0.0026    13.4523    218.059    1324.47    4584.88    -5282.0    -5257.59    24.096   
   3800     11990.73    3.1693     2.0504     2.3264     1.4907     0.331      0.0026    16.1556    220.9536   1325.76    4590.17    -5275.0   -5251.181    23.948   
   3900     12303.01    3.1998     2.0311     2.3131     1.4778     0.2311     0.0027     13.24     217.7854   1318.26    4584.46    -5267.0   -5243.209    23.955   
   4000     12616.14    3.1435     2.0119     2.3088     1.4752     0.3114     0.0024    14.7915    221.4002   1316.54    4583.95    -5264.0   -5240.766    23.717   
   4100     12928.88    3.206      2.0652     2.3116     1.4807     0.2211     0.0025    13.3832    222.1945    1323.4    4585.23    -5272.0   -5247.784    23.793   
   4200     13241.04    3.2283     2.0696     2.3017     1.4681     0.2176     0.0023     13.557    218.8617   1331.93    4582.41    -5275.0   -5251.815    23.644   
   4300     13554.41    3.2175     2.0652     2.3063     1.4796     0.2448     0.0023    15.2336    221.715    1326.65    4582.99    -5272.0   -5248.873    23.547   
   4400     13867.05    3.1805     2.0444     2.3124     1.4815     0.3005     0.0023    14.4775    219.5863   1328.03    4586.26    -5277.0   -5253.299    23.576   
   4500     14180.56    3.2109     2.0667     2.3042     1.4789     0.2446     0.0022    14.0595    218.1853   1329.76    4579.01    -5253.0   -5228.954    23.862   
   4600     14493.27    3.2148     2.0622     2.2856     1.4567     0.2583     0.0025    14.3395    218.5006   1321.03     4573.6    -5272.0   -5248.439    23.646   
   4700     14805.29    3.193      2.0444     2.2816     1.4419     0.2245     0.0022     14.629    218.3749   1333.09    4574.71    -5263.0   -5239.367    23.616   
   4800     15116.74    3.1849     2.0548     2.2714      1.46      0.2393     0.002     13.4412    217.5704   1326.07    4573.43    -5267.0   -5243.171    23.759   
   4900     15430.39    3.2129     2.0711     2.2832     1.4552     0.2367     0.0021    12.9795    216.868    1326.85     4576.2    -5268.0   -5244.124    23.647   
   5000     15743.62    3.2325     2.0607     2.2851     1.4578     0.2543     0.0021    15.3748    215.3184   1329.48    4572.85    -5266.0   -5242.341    23.647   
   5100     16057.95    3.2125     2.0474     2.2848     1.4493     0.1971     0.0021    12.9345    216.2344   1324.04     4567.1    -5253.0   -5229.679    23.52    
   5200     16371.02    3.2035     2.0104     2.2891      1.44      0.2316     0.0022    14.1339    216.085    1326.21    4569.75    -5253.0   -5229.384    23.684   
   5300     16685.05    3.2272     2.0711     2.2847     1.4663     0.2403     0.0022    15.8387    216.2175   1325.79    4571.21    -5266.0   -5242.799    23.562   
   5400     16999.17    3.1858     2.043      2.2827     1.4441     0.2119     0.0019    13.9217    219.9759   1324.85    4562.94    -5239.0   -5215.089    23.581   
   5500     17312.16    3.1907     2.0178     2.2614     1.4422     0.189      0.002     13.7678    217.7176    1323.8    4556.45    -5257.0   -5233.154    23.745   
   5600     17626.56    3.2067     2.0756     2.2676     1.4363     0.1797     0.002      12.352    217.9328   1322.33    4556.11    -5240.0   -5216.258    23.799   
   5700     17940.76    3.2398     2.0637     2.2825     1.4511     0.1917     0.0018    12.3189    221.0212   1331.95    4564.35    -5246.0    -5222.07    23.743   
   5800     18254.51    3.2603     2.0844     2.2717      1.44      0.2494     0.0019    13.9144    219.1413   1330.69    4561.55    -5250.0    -5225.74    23.803   
   5900     18569.56    3.2377      2.08      2.2568     1.4407     0.2265     0.0018    14.0842    222.8112   1335.18    4555.74    -5250.0   -5226.292    23.749   
   6000     18882.52    3.2448     2.0904     2.2596     1.4459      0.27      0.0018    15.3136    222.0127   1327.67    4558.79    -5250.0   -5226.252    23.701   
   6100     19197.28    3.2519     2.0919     2.2767      1.45      0.2531     0.0018    12.9496    216.3318    1329.0    4559.72    -5244.0   -5220.159    23.468   
   6200     19511.02    3.2635     2.0904     2.2721     1.4267     0.2117     0.0018    13.6614    218.6935   1329.24    4548.64    -5233.0   -5209.512    23.569   
   6300     19824.92    3.2551     2.1037     2.2533     1.4263     0.2064     0.0019    12.7819    217.5082   1328.55    4553.94    -5222.0    -5198.33    23.633   
   6400     20139.57    3.2653     2.0696      2.27      1.4285     0.2252     0.0018    12.8234    221.2086   1335.78    4554.27    -5249.0   -5225.465    23.609   
   6500     20454.28    3.2327     2.0711     2.2421     1.4241     0.2193     0.0017    12.7567    216.7887   1335.89    4551.44    -5234.0   -5210.103    23.556   
   6600     20768.13    3.2739     2.1022     2.2581     1.4315     0.1788     0.0016    13.8859    219.8602   1327.16    4555.96    -5244.0   -5220.841    23.635   
   6700     21083.02    3.2505      2.08      2.2495     1.4389     0.2595     0.0016    13.9434    222.3975   1336.83    4551.36    -5247.0   -5223.535    23.671   
   6800     21397.56    3.2624      2.08      2.2602     1.4359     0.2069     0.0017    12.1595    219.173    1337.99    4548.77    -5240.0   -5215.971    23.744   
   6900     21711.92    3.2281     2.0681     2.2656     1.433      0.174      0.0016    11.5479    216.0297   1329.78    4548.13    -5244.0   -5219.889    23.711   
   7000     22024.8     3.2571     2.0815     2.2399     1.4244     0.1516     0.0016    11.6514    217.2014   1334.69    4552.16    -5235.0   -5210.911    23.664   
   7100     22339.31    3.266      2.0622     2.2604     1.4341     0.2483     0.0019    12.7475    214.3766   1337.46    4550.34    -5246.0   -5222.533    23.704   
   7200     22652.9     3.2439     2.0785     2.2557     1.4333     0.1954     0.0018    14.0944    215.3835   1334.63    4553.89    -5238.0   -5214.209    23.515   
   7300     22967.34    3.2723     2.0919     2.2333     1.4193     0.168      0.0015    12.1892    215.9257   1341.13    4545.92    -5235.0   -5211.301    23.462   
   7400     23281.4     3.2482     2.0948     2.2495     1.4322     0.1722     0.0015    11.6097    216.482    1336.31    4544.63    -5235.0   -5211.507    23.486   
   7500     23595.55    3.2705     2.0978     2.2427     1.4185     0.1808     0.0016    12.1084    217.1395   1341.05    4549.18    -5227.0   -5203.734    23.564   
   7600     23908.23    3.2409     2.0741     2.2392     1.4222     0.2161     0.0014    11.8203    214.1525   1334.77    4538.84    -5222.0   -5198.791    23.437   
   7700     24221.49    3.2482     2.083      2.2309     1.4156     0.2108     0.0014     11.61     216.654     1335.0    4542.04    -5226.0   -5202.326    23.676   
   7800     24535.72    3.2671     2.0815     2.2374     1.4267     0.2397     0.0013    13.5251    213.9495    1332.8    4548.33    -5234.0   -5210.725    23.683   
   7900     24851.33    3.2182     2.0548     2.2413     1.4226     0.1706     0.0015    12.6072    215.8082   1340.43    4541.44    -5223.0   -5199.333    23.71    
   8000     25165.7     3.2448     2.0459     2.239      1.4222     0.2721     0.0014    13.5682    217.2902   1334.86    4539.17    -5222.0   -5197.798    23.826   
   8100     25480.55    3.2155     2.0667     2.2258     1.4222     0.2357     0.0014    12.8537    215.7788   1337.26    4539.48    -5222.0   -5197.855    23.761   
   8200     25795.56    3.2908     2.1037     2.2426     1.4144     0.1444     0.0013    10.9944    217.9396   1343.54    4540.79    -5227.0   -5202.913    23.673   
   8300     26110.16    3.2322     2.0741     2.2362     1.4163     0.1677     0.0013    13.2425    220.0163    1340.7    4540.54    -5226.0   -5202.853    23.572   
   8400     26424.94    3.2446      2.08      2.2414     1.4189     0.1994     0.0012    11.6705    215.9456   1335.15    4538.48    -5226.0   -5202.207    23.544   
   8500     26740.69    3.2382     2.083      2.2308     1.4167     0.1556     0.0014    12.6794    213.514    1338.09    4539.42    -5236.0   -5212.379    23.484   
   8600     27056.22    3.273      2.0785     2.2323     1.4241     0.2725     0.0013     13.125    213.7214   1333.93    4536.58    -5227.0   -5203.684    23.409   
   8700     27370.92    3.2854     2.0978     2.2189     1.4096     0.3184     0.0013    13.2688    216.6524   1337.76    4536.55    -5217.0   -5193.695    23.41    
   8800     27686.52    3.2537     2.0859     2.2298     1.4185     0.1618     0.0012     13.062    213.763    1334.48    4535.03    -5218.0   -5194.097    23.415   
   8900     28002.0     3.268      2.0933     2.2209     1.4096     0.1864     0.0014    13.1238    215.6692   1338.62    4532.83    -5218.0   -5195.088    23.341   
   9000     28316.68    3.2619     2.083      2.2383     1.4256     0.2011     0.0011    12.3965    213.4519   1339.51    4528.49    -5208.0   -5184.643    23.401   
   9100     28632.6     3.2967     2.0919     2.2563     1.4452     0.3009     0.0012    14.0351    218.2075    1344.4    4540.18    -5228.0   -5204.529    23.424   
   9200     28947.86    3.2701     2.1007     2.2428     1.4196     0.2587     0.0012    13.6126    216.6715   1337.73    4537.04    -5229.0   -5205.251    23.566   
   9300     29262.27    3.273      2.0726     2.231      1.4159      0.17      0.0011    12.6898    215.0382   1339.95     4536.6    -5220.0   -5196.081    23.677   
   9400     29577.71    3.3001      2.12      2.2282     1.413      0.1992     0.0012    14.3147    217.8227   1341.94    4541.71    -5226.0   -5202.396    23.554   
   9500     29893.34    3.2741     2.1037     2.2173     1.4156     0.1567     0.0012    13.6386    218.0265   1338.75     4533.3    -5226.0   -5202.471    23.536   
   9600     30207.97    3.2843     2.1052     2.2268     1.4119     0.1449     0.0012    12.2214    215.7909   1343.38     4532.0    -5219.0   -5195.284    23.58    
   9700     30522.62    3.2956     2.1111     2.2343     1.4211     0.1796     0.0012     13.568    217.0909   1342.39    4533.48    -5216.0   -5192.727    23.648   
   9800     30836.49    3.2673     2.077      2.2216     1.4185     0.1846     0.0012    12.4684    216.9372   1342.26    4528.28    -5222.0   -5198.724    23.746   
   9900     31150.45    3.2555     2.083      2.2147     1.4026     0.2531     0.0012    12.9051    218.8978    1338.4    4534.69    -5225.0   -5201.408    23.655   
  10000     31463.76    3.2578     2.0889     2.2234     1.4163     0.1984     0.0012    12.8048    219.0949   1335.67    4536.96    -5228.0   -5204.384    23.753   
  10100     31777.19    3.2596     2.0652     2.2165     1.4004     0.1964     0.0012    12.4639    219.2619   1336.25    4530.57    -5214.0   -5190.608    23.819   
  10200     32090.94    3.2628     2.1007     2.2257      1.41      0.1448     0.0011    11.0804    218.4566   1336.38    4535.56    -5212.0   -5188.112    23.76    
  10300     32405.24    3.2764     2.1007     2.2279     1.417      0.2101     0.001     12.1097    214.5672    1338.9     4534.2    -5215.0   -5190.902    23.674   
  10400     32718.57    3.2701     2.0978     2.2239     1.4096     0.1709     0.0011    13.1759    215.1686   1335.74    4533.81    -5215.0   -5191.166    23.664   
  10500     33032.47    3.2553     2.0933     2.2059     1.4126     0.173      0.001     13.4361    218.9557   1341.48    4533.24    -5218.0   -5194.472    23.736   
  10600     33346.09    3.2633     2.0681     2.2112     1.4011     0.2112     0.0011    15.4518    213.8947   1341.19    4527.06    -5206.0    -5181.98    23.703   
  10700     33660.28    3.2612     2.0963     2.2133     1.4033     0.1586     0.001     12.5745    216.191    1342.04    4530.86    -5215.0   -5191.642    23.777   
  10800     33975.08    3.2689     2.0785     2.2143     1.4174     0.1774     0.001     11.4248    217.117    1340.39    4530.42    -5218.0   -5194.811    23.607   
  10900     34288.92    3.3148     2.1437     2.2174     1.4078     0.1833     0.0009    13.0875    215.6976   1341.19    4529.36    -5209.0   -5185.377    23.508   
  11000     34602.2     3.256      2.0919     2.2199     1.4144     0.2139     0.001     13.8475    217.3831   1334.25    4532.85    -5218.0   -5194.196    23.668   
  11100     34915.98    3.3019     2.117      2.224      1.4189     0.1546     0.0009    12.0852    218.8579   1344.12     4535.0    -5217.0   -5193.437    23.694   
  11200     35230.12    3.3032     2.1259     2.2286     1.4148     0.2066     0.0011    11.8054    217.7199    1339.0    4529.57    -5212.0   -5188.682    23.779   
  11300     35544.82    3.2441     2.0978     2.2068     1.4078     0.2145     0.0009    11.9887    217.0057   1339.49    4530.76    -5209.0   -5185.465    23.731   
  11400     35859.98    3.2687     2.0859     2.2228     1.4119     0.1966     0.001     12.9457    219.058    1340.76    4531.01    -5217.0   -5193.098    23.939   
  11500     36174.43    3.2983     2.1141     2.2246     1.4222     0.1643     0.001     12.4627    217.4432   1337.07    4532.81    -5217.0    -5193.08    23.741   
  11600     36488.71    3.2441      2.08      2.2204     1.4093     0.1689     0.001     11.3237    214.828    1336.01    4526.45    -5209.0   -5185.529    23.641   
  11700     36802.48    3.2854     2.0978     2.2065     1.4026     0.1497     0.0009    12.2537    218.6453   1336.21    4528.35    -5219.0   -5195.616    23.46    
  11800     37117.18    3.2798     2.0933     2.2303     1.4133     0.1641     0.001     11.9713    219.8468   1333.38    4532.29    -5217.0   -5193.553    23.632   
  11900     37430.94    3.2605     2.0889     2.2279     1.4089     0.2082     0.0009    11.5882    216.4064   1332.22    4523.34    -5216.0   -5192.606    23.594   
  12000     37744.58    3.2866     2.1052     2.2203     1.4096     0.1903     0.0009    13.5352    217.0789   1336.43    4525.28    -5201.0   -5176.945    23.625   
  12100     38057.27    3.316      2.1067     2.2206     1.4111     0.1706     0.001     13.6703    219.9815   1343.69    4529.78    -5220.0   -5196.748    23.533   
  12200     38370.46    3.2753     2.0904     2.2191     1.4007     0.1865     0.001     12.6505    219.0327   1341.98    4528.74    -5210.0    -5186.71    23.478   
  12300     38683.81    3.3226     2.1333     2.2224     1.4052     0.1682     0.0009    12.5471    218.4917   1341.93     4530.9    -5216.0   -5192.225    23.695   
  12400     38997.06    3.2793     2.0904     2.2184     1.4144     0.1698     0.0009    12.3867    216.0288   1339.96    4526.48    -5217.0   -5192.915    23.649   
  12500     39310.37    3.2723     2.0919     2.2113     1.4085     0.1961     0.001     11.7258    216.2507   1342.78    4529.37    -5212.0   -5188.644    23.672   
  12600     39624.4     3.2852     2.1141     2.2174      1.4       0.1809     0.0008    13.2103    218.6271   1341.14    4532.73    -5215.0   -5191.393    23.728   
  12700     39938.81    3.2669      2.08      2.2079     1.4044     0.1909     0.001     12.6997    217.7014    1337.1    4525.76    -5205.0   -5180.937    23.582   
  12800     40252.02    3.3077     2.1052     2.2318     1.407       0.14      0.0009    13.3317    215.2592   1342.67    4527.06    -5207.0    -5182.96    23.665   
  12900     40564.89    3.2931     2.0948     2.2198     1.4015     0.1448     0.0009    11.5769    213.2658   1340.75    4526.38    -5199.0   -5175.777    23.562   
  13000     40877.96    3.273      2.0933     2.2114     1.4133     0.1478     0.0009    11.0518    217.2197   1345.32     4524.6    -5214.0   -5190.233    23.76    
  13100     41191.36    3.292      2.1259     2.2261     1.4126     0.1476     0.0008    11.6023    218.3297   1334.01    4528.68    -5210.0   -5186.831    23.668   
  13200     41504.3     3.3025     2.1126     2.2338     1.4256     0.1593     0.0008    12.7042    217.4705   1345.54    4524.36    -5205.0   -5180.935    23.624   
  13300     41817.36    3.2827     2.1067     2.1944     1.3893     0.1669     0.0009    11.7321    219.8161   1344.44    4529.48    -5199.0   -5175.044    23.591   
  13400     42130.11    3.3177     2.1333     2.1912     1.4052     0.2217     0.0009    14.5852    220.3994   1340.21    4531.77    -5211.0   -5187.107    23.659   
  13500     42443.37    3.2719     2.1037     2.2252     1.4167     0.1375     0.0008    12.2864    222.2453   1338.28    4527.09    -5202.0   -5178.285    23.721   
  13600     42756.88    3.2902     2.0963     2.2034     1.3974     0.1866     0.0008    12.9096    219.223    1334.57     4525.3    -5205.0   -5180.863    23.829   
  13700     43071.42    3.253      2.0815     2.2016     1.3878     0.1338     0.0008    12.8347    218.697    1332.82    4525.92    -5206.0   -5182.549    23.811   
  13800     43384.84    3.3016     2.1007     2.2097     1.393      0.2181     0.0009    12.9208    217.7819   1344.36    4522.54    -5199.0   -5175.335    23.775   
  13900     43698.02    3.2753     2.0993     2.2054     1.3993     0.1736     0.0008     13.361    213.0708   1341.19     4526.3    -5203.0   -5179.439    23.758   
  14000     44010.9     3.2501     2.077      2.2076     1.403      0.1564     0.0009     12.522    218.2145   1339.46    4522.44    -5204.0   -5180.043    23.648   
  14100     44323.79    3.3027     2.117      2.2298     1.4119     0.237      0.0008    12.1477    219.0155   1341.79    4523.04    -5198.0   -5174.173    23.686   
  14200     44637.31    3.2827     2.1067     2.1992     1.3956     0.2132     0.0008    13.4237    220.0615   1339.13     4526.1    -5202.0   -5178.374    23.638   
  14300     44951.8     3.3012     2.1037     2.2075     1.4063     0.1653     0.0007     14.337    220.7153   1340.76    4525.28    -5207.0   -5183.276    23.731   
  14400     45265.23    3.2448     2.0756     2.2184     1.4093     0.1533     0.0007    12.3213    220.5527   1332.31    4520.64    -5201.0   -5177.251    23.624   
  14500     45578.15    3.3211     2.1259     2.216      1.4107     0.1764     0.0008    12.1022    214.8598   1341.18    4519.85    -5196.0   -5172.163    23.614   
  14600     45892.13    3.287      2.1141     2.2087     1.4007     0.1328     0.0008    10.9992    218.5933   1339.18    4525.05    -5204.0   -5180.621    23.666   
  14700     46204.48    3.2805     2.1215     2.1981     1.3915     0.161      0.0008    12.4995    221.0304    1338.5    4521.93    -5205.0   -5181.581    23.703   
  14800     46518.43    3.2996     2.117      2.1869     1.387      0.1367     0.0008    12.9122    216.1208   1342.18    4521.67    -5211.0   -5186.856    23.718   
  14900     46832.3     3.266      2.1067     2.204      1.4015     0.1573     0.0008    12.3154    220.198    1340.63    4526.83    -5203.0   -5179.346    23.699   
  15000     47147.0     3.2551      2.08      2.2013     1.3944     0.1339     0.0007    12.1746    220.3523   1336.25    4521.86    -5196.0   -5172.436    23.728   
  15100     47460.57    3.2701     2.083      2.2051     1.4085     0.1222     0.0008    10.8693    215.7649   1333.89    4522.51    -5206.0   -5182.029    23.613   
  15200     47773.61    3.2473      2.08      2.2025     1.3919     0.1484     0.0007     12.224    216.0791   1340.87    4522.68    -5189.0   -5165.793    23.651   
  15300     48087.56    3.2766     2.0844     2.2157     1.407      0.1533     0.0007    12.1823    217.4417   1343.14    4520.37    -5195.0   -5171.242    23.658   
  15400     48402.11    3.2913     2.1007     2.2189     1.4119     0.1365     0.0007    11.3037    220.1651   1338.41    4520.21    -5209.0   -5185.488    23.591   
  15500     48716.33    3.3251     2.1289     2.2086     1.403      0.1868     0.0007    11.6492    217.6251   1335.94    4522.94    -5202.0   -5178.431    23.563   
  15600     49030.27    3.246      2.0681     2.206      1.3974     0.1547     0.0007    11.9807    216.7733   1334.53     4519.4    -5194.0    -5169.88    23.629   
  15700     49345.0     3.2519     2.0978     2.1914     1.3919     0.1902     0.0008    12.0714    211.1974   1334.72    4522.86    -5199.0   -5175.724    23.466   
  15800     49661.24    3.294      2.1156     2.2102      1.4       0.1342     0.0007    11.2505    216.2186   1333.54    4518.56    -5197.0   -5173.381    23.478   
  15900     49977.01    3.2387     2.083      2.2046     1.4078     0.1426     0.0007    12.3748    217.8568   1330.48    4525.95    -5213.0   -5189.232    23.546   
  16000     50293.67    3.2741     2.1126     2.1979     1.4004     0.1924     0.0007    13.5329    221.0392   1336.23    4523.44    -5205.0   -5181.379    23.713   
[-1.33949331  0.82786939  0.53531257 -0.08431274  1.06750633 -0.54474153
  0.39239433 -0.05570685  0.29571733  0.97620437 -0.6512448   1.58318977
  0.74157362  1.10765815 -0.78154059  0.02837342  0.9991145   0.41414202
 -0.18031529  0.43728136]
[ 0.39833297  0.99576691  1.4318342   0.8267638   1.48053804  0.98414121
  1.05325666  1.86456581 -0.60145411  0.83302504  0.95410473 -0.5100194
 -0.82017822  0.35394487  0.8604798   1.26756757  0.5002376   1.84276901
  1.23930589  0.26695273]
[ 1.26246424  0.83153599  0.10882311  1.40466767  0.34497734  0.99563712
  1.04996458  1.4616761   0.81467035  0.71541824  0.98401293  0.7498322
  0.97089727  0.7983612   0.43888228  1.41951542  1.2452196  -1.49069463
  0.60474744  1.36076863]
