Factorizing with max_iteration = 20000  fixing covariance?:  False
Tensor dimension: [104, 104, 26]
Mean update: S
Cov update: N
Using diagonal covariance: True
k1 samples =  64  k2 samples =  128
eta =  1.0  cov eta =  1.0  sigma eta =  1
iteration |   time   |  test_err  |  test_mae  |  trainerr  |  trainmae |
    0         0.6       0.0352     0.3753     0.0323     0.3596  
    5         3.98      0.0324     0.3602     0.0278     0.3335  
    10        7.29      0.0269     0.3279     0.0212     0.2912  
    20       13.13      0.0046     0.1361     0.0064     0.1596  
    50       29.37       0.0        0.0       0.0013     0.0714  
   100       56.87       0.0        0.0        0.0        0.0    
   200       111.02      0.0        0.0        0.0        0.0    
   500       271.65      0.0        0.0        0.0        0.0    
   1000      539.44      0.0        0.0        0.0        0.0    
   1500      807.44      0.0        0.0        0.0        0.0    
   2000     1074.94      0.0        0.0        0.0        0.0    
   2500     1342.06      0.0        0.0        0.0        0.0    
   3000     1610.34      0.0        0.0        0.0        0.0    
   3500     1878.25      0.0        0.0        0.0        0.0    
   4000     2148.48      0.0        0.0        0.0        0.0    
   4500     2417.18      0.0        0.0        0.0        0.0    
   5000     2685.34      0.0        0.0        0.0        0.0    
   5500     2953.07      0.0        0.0        0.0        0.0    
   6000     3220.64      0.0        0.0        0.0        0.0    
   6500     3488.23      0.0        0.0        0.0        0.0    
   7000     3756.86      0.0        0.0        0.0        0.0    
   7500     4026.38      0.0        0.0        0.0        0.0    
   8000     4291.52      0.0        0.0        0.0        0.0    
   8500     4556.42      0.0        0.0        0.0        0.0    
   9000     4821.41      0.0        0.0        0.0        0.0    
   9500     5087.31      0.0        0.0        0.0        0.0    
  10000     5353.95      0.0        0.0        0.0        0.0    
  10500     5618.35      0.0        0.0        0.0        0.0    
  11000     5882.55      0.0        0.0        0.0        0.0    
  11500     6147.05      0.0        0.0        0.0        0.0    
  12000     6411.15      0.0        0.0        0.0        0.0    
  12500     6675.93      0.0        0.0        0.0        0.0    
  13000     6940.49      0.0        0.0        0.0        0.0    
  13500     7203.08      0.0        0.0        0.0        0.0    
  14000     7466.54      0.0        0.0        0.0        0.0    
  14500     7730.12      0.0        0.0        0.0        0.0    
  15000     7992.65      0.0        0.0        0.0        0.0    
  15500     8255.35      0.0        0.0        0.0        0.0    
  16000     8521.98      0.0        0.0        0.0        0.0    
  16500     8788.75      0.0        0.0        0.0        0.0    
  17000     9055.62      0.0        0.0        0.0        0.0    
  17500     9322.14      0.0        0.0        0.0        0.0    
  18000     9590.29      0.0        0.0        0.0        0.0    
  18500     9858.03      0.0        0.0        0.0        0.0    
  19000     10124.62     0.0        0.0        0.0        0.0    
  19500     10389.96     0.0        0.0        0.0        0.0    
  20000     10654.49     0.0        0.0        0.0        0.0    
