Factorizing with max_iteration = 20000  fixing covariance?:  False
Tensor dimension: [104, 104, 26]
Mean update: S
Cov update: N
Using diagonal covariance: True
k1 samples =  64  k2 samples =  128
eta =  1.0  cov eta =  1.0  sigma eta =  1
iteration |   time   |  test_err  |  test_mae  |  trainerr  |  trainmae |
    0         1.1       0.063      0.5021     0.049      0.4427  
    5        21.07      0.0412     0.4062     0.0404     0.4021  
    10       40.93      0.0259     0.3222     0.0222     0.2983  
    20        65.6      0.0088     0.1877     0.0098     0.1985  
    50       110.71     0.0023     0.0963     0.0023     0.0963  
   100       177.44      0.0        0.0        0.0        0.0    
   200       295.49      0.0        0.0        0.0        0.0    
   500       620.76      0.0        0.0        0.0        0.0    
   1000     1152.63      0.0        0.0        0.0        0.0    
   1500     1684.04      0.0        0.0        0.0        0.0    
   2000      2217.2      0.0        0.0        0.0        0.0    
   2500     2747.48      0.0        0.0        0.0        0.0    
   3000     3277.85      0.0        0.0        0.0        0.0    
   3500     3806.64      0.0        0.0        0.0        0.0    
   4000      4332.5      0.0        0.0        0.0        0.0    
   4500     4857.77      0.0        0.0        0.0        0.0    
   5000     5384.06      0.0        0.0        0.0        0.0    
   5500     5910.05      0.0        0.0        0.0        0.0    
   6000     6435.86      0.0        0.0        0.0        0.0    
   6500     6960.93      0.0        0.0        0.0        0.0    
   7000     7487.29      0.0        0.0        0.0        0.0    
   7500     8013.68      0.0        0.0        0.0        0.0    
   8000     8540.36      0.0        0.0        0.0        0.0    
   8500     9065.91      0.0        0.0        0.0        0.0    
   9000     9592.36      0.0        0.0        0.0        0.0    
   9500     10120.23     0.0        0.0        0.0        0.0    
  10000     10648.9      0.0        0.0        0.0        0.0    
  10500     11178.87     0.0        0.0        0.0        0.0    
  11000     11710.2      0.0        0.0        0.0        0.0    
  11500     12244.29     0.0        0.0        0.0        0.0    
  12000     12780.14     0.0        0.0        0.0        0.0    
  12500     13318.15     0.0        0.0        0.0        0.0    
  13000     13857.96     0.0        0.0        0.0        0.0    
  13500     14401.06     0.0        0.0        0.0        0.0    
  14000     14945.79     0.0        0.0        0.0        0.0    
  14500     15491.87     0.0        0.0        0.0        0.0    
  15000     16037.92     0.0        0.0        0.0        0.0    
  15500     16584.79     0.0        0.0        0.0        0.0    
  16000     17132.08     0.0        0.0        0.0        0.0    
  16500     17678.05     0.0        0.0        0.0        0.0    
  17000     18221.91     0.0        0.0        0.0        0.0    
  17500     18762.47     0.0        0.0        0.0        0.0    
  18000     19301.61     0.0        0.0        0.0        0.0    
  18500     19837.37     0.0        0.0        0.0        0.0    
  19000     20370.04     0.0        0.0        0.0        0.0    
  19500     20898.61     0.0        0.0        0.0        0.0    
  20000     21425.48     0.0        0.0        0.0        0.0    
