Generating synthetic real valued data ... 
Generating synthetic  real valued data took:  22.69801163673401
Evaluation for true params: 
 test_rsme | train_rsme | rel-te-err | rel-tr-err |  test_nll  |  train_nll |
1204.1840809454 1202.4146785192 0.1004525332 0.0999811243  287434.61    1149937.97 
Using  0.05 of training data
Factorizing with max_iteration = 12000  fixing covariance?:  False
Tensor dimensions:  [50, 50, 50]
Optimization metrics: 
Using Ada Grad
Mean update scheme:  S
Covariance update :  N
Using diagonal covariance?:  True
Random start? True
k1 samples =  32  k2 samples =  128
eta =  1.0  cov eta =  1.0  sigma eta =  1
iteration |   time   |test_rsme |rel-te-err|train_rsme|rel-tr-err|   d_mean  |   d_cov  |avg_grad_m|avg_grad_c| test_nll | train_nll |    VLB   |  E-term  |    KL     
    0         1.36    10043.0537   0.9979   10069.9993   0.9979     3.1623     0.0277   91011.0797  13.3181   287823.14   57564.63   -57581.0  -57564.627   16.849   
    5        124.22   10038.3944   0.9974   10065.3114   0.9974     3.1623     0.0282   589563.6678  94.4933   287823.14   57564.63   -57583.0  -57564.627   18.091   
    10       245.61   10033.3015   0.9969   10060.1839   0.9969     3.1623     0.0286   1135095.188  197.7935  287823.14   57564.63   -57584.0  -57564.627   19.166   
    20       377.23   10020.7267   0.9956   10047.5964   0.9956     3.1623     0.0289   2473026.2672  492.4723  287823.14   57564.63   -57586.0  -57564.627   20.971   
    50       536.52    9963.603    0.9896   9990.5561    0.9897     3.1623     0.0293   8431307.7768 2272.9253  287823.14   57564.63   -57592.0  -57564.627   27.246   
   100       722.45   9793.5597    0.9719   9820.5334    0.972      3.0696     0.0257   18711361.2231 9479.5486  287823.14   57564.63   -57600.0  -57564.627   35.438   
   200       979.17   9104.7928    0.9003   9131.8354    0.9006     2.8073     0.0198   46535322.552 59411.0578 287823.14   57564.63   -57611.0  -57564.627   46.478   
   300       1236.8   7910.2738    0.7756   7937.3697    0.7763     2.5326     0.0154   74975018.0724 190394.2238 287823.14   57564.63   -57618.0  -57564.627   53.698   
   400      1494.67   6285.4707    0.6049   6312.4362    0.6061      2.24      0.0122   92115392.121 427860.8635 287823.14   57564.63   -57623.0  -57564.627   58.825   
   500       1752.8   4473.7985    0.4118   4499.8725    0.4135     1.9015     0.0098   89483683.1198 760523.3359 287744.44   57544.43   -57626.0  -57563.389   62.552   
   600      2009.86   2881.7478    0.2409   2904.3032    0.2425     1.5031     0.008    68423090.9236 1123618.1455 286494.49   57233.37   -57610.0  -57544.784   65.198   
   700      2265.66   1879.0438    0.1458   1892.0046    0.1462     1.0908     0.0065   41466030.8311 1422824.9978 283059.65   56553.24   -57561.0  -57494.125   66.999   
   800      2524.15   1458.2249    0.1152   1456.9358    0.1152     0.7485     0.0053   21107079.9018 1609662.7103 281365.81   56364.51   -57550.0  -57481.541   68.211   
   900      2780.38   1324.7164    0.108    1311.8645    0.1071     0.5129     0.0043   10478190.8575 1704898.3776 281012.51   56230.43   -57547.0  -57478.002   69.062   
   1000     3038.26   1280.1485    0.106    1260.0885    0.1043     0.3668     0.0036   5831270.1108 1748788.3872 280406.01   56129.11   -57535.0  -57465.259   69.701   
   1100      3295.1   1261.4708    0.1051   1236.9744    0.1029     0.2711     0.0031   3803491.6439 1768259.7404 280291.81   56078.67   -57524.0  -57453.498   70.208   
   1200     3553.56   1252.3459    0.1046   1224.9372    0.102      0.2059     0.0027   2722200.1138 1777137.9843  280071.9   55943.07   -57528.0  -57457.36    70.626   
   1300     3808.98   1247.6798    0.1043   1218.2398    0.1015     0.1605     0.0024   2021349.1118 1781384.4589 280467.98   56107.95   -57531.0  -57460.015   70.981   
   1400     4065.55   1245.3176    0.1041   1214.3929    0.1012     0.1253     0.0021   1546816.0644 1783493.0044  280464.4   56002.31   -57532.0  -57460.546   71.288   
   1500     4321.15   1244.1993    0.104    1212.1496    0.101      0.099      0.0019   1183339.9426 1784681.5082 280512.57   55983.37   -57535.0  -57463.405   71.56    
   1600     4577.53   1243.7214    0.104    1210.8203    0.1008     0.0777     0.0018   916040.4713 1785349.1315 280079.13   55899.66   -57533.0  -57461.68    71.801   
   1700     4834.05   1243.5771    0.104    1210.0164    0.1007     0.0626     0.0016   720616.0049 1785830.4222  280548.9   56043.04   -57531.0  -57458.814   72.018   
   1800     5089.05   1243.5982    0.1039   1209.5208    0.1007     0.0504     0.0015   571185.981 1786098.3559  280531.2   56107.05   -57540.0  -57467.766   72.217   
   1900     5341.79   1243.7019    0.1039   1209.2115    0.1006     0.0396     0.0014   463545.2667 1786304.618 280594.72   56168.68   -57534.0  -57462.062   72.399   
   2000     5598.17    1243.841    0.1039   1209.0081    0.1006     0.0318     0.0013   391630.5948 1786414.921 280483.23   56148.74   -57530.0  -57457.271   72.568   
   2100     5852.73   1243.9662    0.1039    1208.871    0.1006     0.0249     0.0012   334954.2816 1786525.5203 280810.73   56059.19   -57533.0  -57460.389   72.727   
   2200     6108.62   1244.0813    0.1039   1208.7729    0.1006     0.0188     0.0012   293123.4635 1786606.0392 280678.84   56070.79   -57536.0  -57463.133   72.875   
   2300     6363.27    1244.174    0.1039   1208.6996    0.1006     0.0166     0.0011   262239.7361 1786707.5039 280603.44   55969.72   -57537.0  -57463.784   73.015   
   2400     6618.71   1244.2765    0.1039   1208.6409    0.1006     0.0142     0.001    246418.0238 1786713.2376 280919.08   55977.89   -57537.0  -57463.536   73.147   
   2500     6875.26    1244.341    0.1039   1208.5914    0.1006     0.0112     0.001    231326.3589 1786777.9481 280898.82   55931.36   -57531.0  -57457.832   73.274   
   2600     7131.66   1244.4144    0.1039   1208.5473    0.1006     0.0089     0.0009   221484.5161 1786714.7815 280515.27   56129.29   -57525.0  -57451.93    73.394   
   2700     7387.93   1244.4715    0.1039   1208.5066    0.1006     0.007      0.0009   212760.7959 1786758.8243 280513.56   56082.23   -57521.0  -57447.282   73.509   
   2800     7645.53   1244.5068    0.104    1208.4682    0.1005     0.0061     0.0009   212003.9783 1786766.7051 280658.96   56193.5    -57538.0  -57464.156   73.62    
   2900     7901.28   1244.5411    0.104    1208.4311    0.1005     0.0056     0.0008   206884.8195 1786767.3472  280714.7   56059.62   -57540.0  -57466.188   73.726   
   3000     8158.55   1244.5627    0.104    1208.3947    0.1005     0.0058     0.0008   206833.8086 1786757.8368 280882.34   56185.2    -57534.0  -57460.606   73.829   
   3100     8414.72   1244.5796    0.104    1208.3588    0.1005     0.0058     0.0008   204382.676 1786773.3883  280657.7   56072.78   -57524.0  -57450.43    73.929   
   3200     8669.69   1244.6034    0.104    1208.3231    0.1005     0.0059     0.0007   204006.5319 1786833.2241 280726.28   56108.05   -57533.0  -57458.69    74.026   
   3300     8924.86   1244.6206    0.104    1208.2873    0.1005     0.0058     0.0007   204790.791 1786825.1755 280767.13   56109.71   -57528.0  -57453.895   74.12    
   3400     9180.58   1244.6274    0.104    1208.2516    0.1005     0.0058     0.0007   201797.6235 1786826.9697 280900.43   56103.57   -57540.0  -57465.434   74.21    
   3500     9434.41   1244.6224    0.104    1208.2157    0.1005     0.006      0.0007   203914.5553 1786904.0522  280711.6   56139.12   -57533.0  -57459.077   74.298   
   3600      9689.1   1244.6288    0.104    1208.1795    0.1005     0.0061     0.0006   205591.41  1786911.8499 280735.03   56017.39   -57524.0  -57449.902   74.384   
   3700      9944.7   1244.6342    0.104    1208.1432    0.1005     0.0059     0.0006   205645.3387 1786750.5263 280609.57   56030.8    -57536.0  -57461.569   74.468   
   3800     10198.35   1244.644    0.104    1208.1067    0.1005     0.0062     0.0006   206475.8261 1786801.1941 280741.67   55987.16   -57545.0  -57470.262   74.55    
   3900     10454.02   1244.632    0.104    1208.0701    0.1005     0.006      0.0006   205757.7516 1786785.6896 280776.35   56092.84   -57533.0  -57458.56    74.629   
   4000     10707.39  1244.6358    0.104    1208.0333    0.1005     0.006      0.0006   206193.7819 1786838.3555 280619.94   56077.67   -57539.0  -57464.554   74.707   
   4100     10961.09   1244.635    0.104    1207.9961    0.1005     0.0061     0.0005   206570.4645 1786839.5367 280631.95   56024.44   -57535.0  -57460.218   74.783   
   4200     11213.32  1244.6447    0.104    1207.9588    0.1005     0.0062     0.0005   206813.8873 1786867.9  280502.42   56034.02   -57538.0  -57462.888   74.858   
   4300     11467.82  1244.6512    0.104    1207.9212    0.1005     0.0061     0.0005   208108.6556 1786850.714 280959.41   56065.67   -57534.0  -57459.439   74.932   
   4400     11723.39  1244.6528    0.104    1207.8833    0.1005     0.0064     0.0005   208853.2803 1786850.9829 280666.09   56094.01   -57538.0  -57463.428   75.004   
   4500     11980.9   1244.6498    0.104    1207.8452    0.1005     0.0061     0.0005   209237.2157 1786824.757 281051.01   56209.49   -57555.0  -57480.122   75.075   
   4600     12234.85  1244.6429    0.104    1207.8068    0.1005     0.0063     0.0005   210685.772 1786916.6908 280729.98   56139.17   -57543.0  -57468.015   75.143   
   4700     12488.03  1244.6357    0.104    1207.7681    0.1005     0.0065     0.0005   210325.3722 1786892.8224 281082.48   56192.77   -57541.0  -57465.937   75.21    
   4800     12741.86  1244.6379    0.104     1207.729    0.1005     0.0064     0.0004   212260.1859 1786882.4467 280625.12   56147.77   -57540.0  -57464.372   75.277   
   4900     12995.29  1244.6284    0.104    1207.6897    0.1005     0.0062     0.0004   211551.0814 1786940.8569 281034.86   56192.69   -57535.0  -57460.05    75.343   
   5000     13249.16  1244.6234    0.104     1207.65     0.1005     0.0065     0.0004   214535.2795 1786965.6829 280691.25   56167.55   -57537.0  -57461.537   75.406   
   5100     13503.89   1244.642    0.104    1207.6101    0.1005     0.0064     0.0004   214295.1038 1786939.163 280887.41   56007.62   -57531.0  -57455.847   75.469   
   5200     13758.93  1244.6375    0.104    1207.5699    0.1005     0.0064     0.0004   213862.1326 1786972.5717 280938.08   56197.53   -57529.0  -57453.878   75.531   
   5300     14011.69  1244.6436    0.104    1207.5292    0.1005     0.0067     0.0004   215561.2458 1787027.5258 280709.25   56038.74   -57527.0  -57451.856   75.592   
   5400     14265.31  1244.6545    0.104    1207.4883    0.1005     0.0065     0.0004   215679.6431 1787037.992  280671.1   56194.67   -57538.0  -57462.429   75.652   
   5500     14517.17  1244.6604    0.104    1207.4469    0.1005     0.0067     0.0004   217203.9065 1787032.6969 281072.47   56045.08   -57536.0  -57460.338   75.71    
   5600     14770.3   1244.6519    0.104    1207.4052    0.1005     0.0067     0.0004   217099.3865 1787154.1659 280864.38   56089.14   -57537.0  -57461.329   75.768   
   5700     15023.23  1244.6493    0.104    1207.3631    0.1005     0.0068     0.0004   218226.9208 1787052.3701 281063.38   56201.5    -57538.0  -57462.533   75.825   
   5800     15275.22  1244.6512    0.104    1207.3205    0.1005     0.0068     0.0004   219719.3322 1787112.4335 280766.75   56290.08   -57541.0  -57464.742   75.882   
   5900     15530.79  1244.6434    0.104    1207.2777    0.1004     0.0068     0.0004   220523.6413 1787081.5104 280901.52   56315.65   -57547.0  -57471.325   75.937   
   6000     15782.51  1244.6462    0.104    1207.2344    0.1004     0.0068     0.0003   222185.4458 1787166.1585 280539.94   56128.71   -57538.0  -57461.559   75.991   
   6100     16035.66  1244.6416    0.104    1207.1907    0.1004     0.0068     0.0003   222931.5698 1787101.8659 280811.96   56099.32   -57546.0  -57469.766   76.045   
   6200     16288.82  1244.6277    0.104    1207.1466    0.1004     0.0069     0.0003   223487.1333 1787229.6723 280719.95   56136.72   -57536.0  -57459.809   76.097   
   6300     16541.24  1244.6258    0.104     1207.102    0.1004     0.007      0.0003   225961.9744 1787217.8761 280776.65   56133.15   -57544.0  -57468.054   76.149   
   6400     16797.33  1244.6341    0.104     1207.057    0.1004     0.0071     0.0003   225775.0397 1787267.1784  280550.7   56087.41   -57530.0  -57453.786    76.2    
   6500     17050.26   1244.654    0.104    1207.0115    0.1004     0.0071     0.0003   226123.5533 1787300.8932 280844.25   56097.44   -57540.0  -57463.699   76.252   
   6600     17306.19  1244.6398    0.104    1206.9656    0.1004     0.0072     0.0003   227647.036 1787350.1666 280551.43   56113.58   -57540.0  -57463.689   76.302   
   6700     17557.38  1244.6415    0.104    1206.9193    0.1004     0.0071     0.0003   229539.1468 1787346.8465 280864.99   56220.25   -57549.0  -57472.37    76.351   
   6800     17812.32  1244.6422    0.104    1206.8726    0.1004     0.0071     0.0003   228941.1923 1787380.3331 280963.22   56160.76   -57539.0  -57462.221   76.399   
   6900     18065.09  1244.6367    0.104    1206.8252    0.1004     0.0072     0.0003   231079.0714 1787380.288 280933.15   56051.49   -57530.0  -57453.239   76.448   
   7000     18317.54  1244.6308    0.104    1206.7774    0.1004     0.0072     0.0003   231692.179 1787429.0753 281182.22   56106.79   -57539.0  -57462.246   76.495   
   7100     18571.53  1244.6355    0.104    1206.7291    0.1004     0.0072     0.0003   233060.1998 1787475.5289 280871.53   56250.7    -57522.0  -57445.116   76.542   
   7200     18825.98  1244.6454    0.104    1206.6802    0.1004     0.0074     0.0003   235381.9598 1787482.275 280846.76   56171.56   -57534.0  -57457.739   76.588   
   7300     19076.76  1244.6594    0.104    1206.6309    0.1004     0.0074     0.0003   236202.6938 1787594.1253 281193.51   56065.47   -57532.0  -57455.294   76.635   
   7400     19331.49  1244.6663    0.104     1206.581    0.1004     0.0074     0.0003   236182.3987 1787594.1494 280863.91   56109.9    -57528.0  -57450.836   76.68    
   7500     19587.17  1244.6638    0.104    1206.5306    0.1004     0.0075     0.0003   237886.4332 1787631.0535 281155.32   56138.84   -57537.0  -57459.777   76.725   
   7600     19841.37  1244.6646    0.104    1206.4796    0.1004     0.0076     0.0003   238354.2444 1787657.1769 281129.72   56165.75   -57534.0  -57456.813   76.769   
   7700     20097.29  1244.6528    0.104    1206.4281    0.1004     0.0076     0.0003   241921.0662 1787715.6048 280666.22   56147.07   -57530.0  -57453.678   76.813   
   7800     20352.63   1244.653    0.104    1206.3759    0.1004     0.0077     0.0003   242046.412 1787787.2608 281143.37   56150.2    -57541.0  -57463.951   76.855   
   7900     20606.01  1244.6435    0.104    1206.3232    0.1004     0.0076     0.0002   243267.414 1787850.0688 280771.31   56139.91   -57539.0  -57462.296   76.898   
   8000     20859.1   1244.6342    0.104    1206.2698    0.1004     0.008      0.0002   244021.3323 1787831.2511 281066.02   56165.15   -57543.0  -57465.884   76.941   
   8100     21110.17   1244.632    0.104    1206.2159    0.1004     0.0077     0.0002   245832.2293 1787883.3283 280667.32   56179.26   -57538.0  -57461.137   76.983   
   8200     21360.17  1244.6411    0.104    1206.1613    0.1004     0.0078     0.0002   246562.2956 1787970.646 281107.48   56089.24   -57551.0  -57474.342   77.025   
   8300     21616.37  1244.6336    0.104    1206.1061    0.1004     0.008      0.0002   248605.6028 1788006.6484 281045.64   56236.18   -57538.0  -57461.162   77.066   
   8400     21868.19  1244.6405    0.104    1206.0502    0.1003     0.008      0.0002   249956.3774 1787993.8439 280790.78   56097.39   -57544.0  -57466.575   77.107   
   8500     22120.13  1244.6386    0.104    1205.9937    0.1003     0.0081     0.0002   251183.3499 1788054.2851 281022.35   56168.84   -57536.0  -57459.067   77.146   
   8600     22373.16  1244.6386    0.104    1205.9365    0.1003     0.0083     0.0002   251986.7216 1788140.2615 280898.81   56123.01   -57545.0  -57467.821   77.186   
   8700     22624.66  1244.6362    0.104    1205.8787    0.1003     0.008      0.0002   254493.0706 1788134.6826 280944.65   56205.02   -57533.0  -57455.835   77.225   
   8800     22879.29  1244.6315    0.104    1205.8202    0.1003     0.0082     0.0002   255166.9665 1788187.5939 280947.18   56264.77   -57545.0  -57468.228   77.264   
   8900     23134.75  1244.6312    0.104    1205.7608    0.1003     0.0082     0.0002   256561.0826 1788295.5383 280919.94   56132.77   -57537.0  -57459.228   77.303   
   9000     23385.48  1244.6368    0.104    1205.7008    0.1003     0.0083     0.0002   258212.1123 1788306.7167 280798.78   56089.92   -57535.0  -57457.646   77.341   
   9100     23641.17  1244.6263    0.104    1205.6401    0.1003     0.0085     0.0002   259732.8741 1788338.2472 281027.84   56115.93   -57525.0  -57448.055   77.378   
   9200     23894.23  1244.6318    0.104    1205.5786    0.1003     0.0086     0.0002   261750.3244 1788500.2838 280930.33   56191.68   -57542.0  -57464.827   77.415   
   9300     24147.83  1244.6371    0.104    1205.5165    0.1003     0.0085     0.0002   262511.1566 1788431.238 281007.48   56065.68   -57537.0  -57459.304   77.453   
   9400     24397.86  1244.6351    0.104    1205.4535    0.1003     0.0086     0.0002   263827.8354 1788491.567  280898.8   56220.83   -57549.0  -57471.633   77.49    
   9500     24649.98   1244.641    0.104    1205.3897    0.1003     0.0086     0.0002   265602.8372 1788625.1413 280994.46   56188.99   -57531.0  -57453.543   77.527   
   9600     24903.94  1244.6443    0.104    1205.3251    0.1003     0.0087     0.0002   268253.6238 1788689.8182 280953.78   56110.66   -57550.0  -57472.124   77.562   
   9700     25154.86  1244.6479    0.104    1205.2597    0.1003     0.0088     0.0002   269975.6037 1788663.7662 280851.21   56276.93   -57541.0  -57463.367   77.598   
   9800     25408.52  1244.6363    0.104    1205.1936    0.1003     0.0088     0.0002   270339.313 1788802.3663 281022.56   56216.88   -57538.0  -57460.811   77.633   
   9900     25658.44  1244.6344    0.104    1205.1266    0.1003     0.009      0.0002   271907.1165 1788808.3414 280942.36   56231.57   -57540.0  -57462.762   77.668   
  10000     25913.04  1244.6309    0.104    1205.0588    0.1003     0.009      0.0002   274527.2347 1788878.2246 281034.85   56114.0    -57540.0  -57462.676   77.702   
  10100     26167.05  1244.6206    0.104    1204.9901    0.1003     0.009      0.0002   275997.7825 1788966.036 281109.52   56099.98   -57531.0  -57452.881   77.737   
  10200     26420.43  1244.6254    0.104    1204.9204    0.1003     0.0092     0.0002   276801.6246 1789069.0608 281270.17   56175.66   -57541.0  -57462.801   77.771   
  10300     26671.07  1244.6296    0.104    1204.8499    0.1002     0.0091     0.0002   278871.6688 1789115.7927 280881.51   56087.66   -57533.0  -57455.515   77.806   
  10400     26922.03  1244.6281    0.104    1204.7785    0.1002     0.0091     0.0002   280061.9379 1789208.0965 281094.44   56264.47   -57541.0  -57462.695   77.839   
  10500     27172.89  1244.6266    0.104     1204.706    0.1002     0.0093     0.0002   282448.1438 1789224.2392 280998.62   56273.41   -57545.0  -57467.571   77.872   
  10600     27424.28   1244.619    0.104    1204.6325    0.1002     0.0092     0.0002   284123.4796 1789337.3994 281132.22   56129.92   -57545.0  -57467.355   77.905   
  10700     27677.45  1244.6321    0.104    1204.5583    0.1002     0.0094     0.0002   286162.8565 1789350.1499 280952.59   56045.64   -57537.0  -57458.959   77.938   
  10800     27931.54   1244.628    0.104    1204.4829    0.1002     0.0094     0.0002   287396.4215 1789459.9836 280848.81   56177.19   -57540.0  -57462.026   77.971   
  10900     28183.69  1244.6272    0.104    1204.4065    0.1002     0.0095     0.0002   289658.636 1789563.0465 281063.52   56244.18   -57550.0  -57472.051   78.003   
  11000     28436.79  1244.6266    0.104    1204.3293    0.1002     0.0096     0.0002   291420.6787 1789590.4266 281199.74   56197.18   -57546.0  -57468.12    78.036   
  11100     28689.38  1244.6263    0.104     1204.251    0.1002     0.0097     0.0002   293320.4703 1789730.5994 281197.47   56151.2    -57521.0  -57442.781   78.067   
  11200     28940.28  1244.6358    0.104    1204.1716    0.1002     0.0098     0.0002   295486.82  1789816.4091 281030.58   56256.25   -57542.0  -57464.161   78.099   
  11300     29191.71  1244.6309    0.104    1204.0911    0.1002     0.0098     0.0002   297720.538 1789892.0288 280922.24   56146.85   -57543.0  -57465.253   78.13    
  11400     29444.22  1244.6376    0.104    1204.0096    0.1002     0.0097     0.0002   299228.7999 1789859.503 281036.15   56139.81   -57544.0  -57465.341   78.161   
  11500     29697.97  1244.6319    0.104     1203.927    0.1002     0.0099     0.0002   300598.8726 1790019.958 281201.08   56170.17   -57544.0  -57465.374   78.192   
  11600     29950.66  1244.6335    0.104    1203.8433    0.1002     0.0101     0.0002   302685.6312 1790062.7306 280943.36   56138.98   -57541.0  -57462.746   78.224   
  11700     30202.51  1244.6462    0.104    1203.7584    0.1002     0.0102     0.0002   304742.2299 1790207.3567 281042.29   56214.07   -57539.0  -57461.112   78.255   
  11800     30453.69  1244.6432    0.104    1203.6725    0.1002     0.0102     0.0002   306804.4524 1790218.278 280917.95   56110.8    -57543.0  -57464.524   78.285   
  11900     30705.46   1244.654    0.104    1203.5853    0.1001     0.0103     0.0001   308955.9309 1790369.4522 281208.54   56155.83   -57545.0  -57466.839   78.315   
  12000     30961.21  1244.6493    0.104     1203.497    0.1001     0.0104     0.0001   311659.8451 1790408.4875 281134.64   56175.94   -57537.0  -57458.173   78.345   
