Generating synthetic real valued data ... 
Generating synthetic  real valued data took:  7.863335132598877
Evaluation for true params: 
 test_rsme | train_rsme | rel-te-err | rel-tr-err |  test_nll  |  train_nll |
    0.0          0.0          0.0          0.0       287494.79    1149836.49 
Using  0.05 of training data
Factorizing with max_iteration = 12000  fixing covariance?:  False
Tensor dimensions:  [50, 50, 50]
Optimization metrics: 
Using Ada Grad
Mean update scheme:  S
Covariance update :  N
Using diagonal covariance?:  True
Random start? True
k1 samples =  32  k2 samples =  128
eta =  1.0  cov eta =  1.0  sigma eta =  1
iteration |   time   |test_rsme |rel-te-err|train_rsme|rel-tr-err|   d_mean  |   d_cov  |avg_grad_m|avg_grad_c| test_nll | train_nll |    VLB   |  E-term  |    KL     
    0         0.71    9980.4386    0.9978   9977.7663    0.9978     3.1623     0.0278   92755.3291  14.0794   287823.14   57564.63   -57582.0  -57564.627   17.148   
    5        47.08    9975.6153    0.9974   9972.9164    0.9974     3.1623     0.0283   604520.401  98.5823   287823.14   57564.63   -57583.0  -57564.627   18.29    
    10       93.46     9970.36     0.9968   9967.6157    0.9968     3.1623     0.0286   1163360.4185  205.6849  287823.14   57564.63   -57584.0  -57564.627   19.39    
    20       143.44   9957.4125    0.9955    9954.657    0.9955     3.1623     0.0289   2528169.5992  511.2883  287823.14   57564.63   -57586.0  -57564.627   21.232   
    50       207.76   9898.7706    0.9896   9896.1438    0.9896     3.1623     0.0293   8585009.7319 2349.1504  287823.14   57564.63   -57592.0  -57564.627   27.591   
   100       286.38   9725.2678    0.972     9722.714    0.972      3.0671     0.0257   18916814.2989 9707.2743  287823.14   57564.63   -57600.0  -57564.627   35.718   
   200       398.29   9025.5664    0.901    9023.2394    0.901      2.8069     0.0198   46747199.3322 60245.7127 287823.14   57564.63   -57611.0  -57564.627   46.668   
   300       509.76   7813.4905    0.7779   7811.4949    0.7779     2.5298     0.0154   75056474.1881 192187.6255 287823.14   57564.63   -57618.0  -57564.627   53.837   
   400       621.23   6160.5745    0.6097    6159.008    0.6097     2.2386     0.0122   91946297.1938 430675.0067 287823.14   57564.63   -57624.0  -57564.627   58.928   
   500       732.74   4299.6422    0.4197   4298.5919    0.4197     1.9006     0.0098   89029193.8651 763842.8208 287823.14   57564.63   -57627.0  -57564.627   62.623   
   600       844.33   2612.4858    0.2459   2611.9268    0.2458     1.5049     0.008    67800068.1222 1126158.8155 287823.14   57564.63   -57630.0  -57564.627   65.236   
   700       955.71   1440.4374    0.1234   1440.0038    0.1234     1.0953     0.0065   40898899.383 1423645.4311 285248.23   57034.43   -57596.0  -57529.129    67.0    
   800       1067.4    817.7551    0.0634    816.7583    0.0635     0.7573     0.0053   20754809.7791 1608489.3186 276205.54   55406.2    -57483.0  -57415.232   68.176   
   900      1178.82    538.1503    0.0411    536.215     0.0411     0.524      0.0043   10181512.7707 1702301.9096  269770.4   54092.5    -57391.0  -57322.368   68.996   
   1000     1290.32    409.2633    0.0317    406.5633    0.0317     0.3783     0.0036   5641001.9316 1745223.1667 264023.39   53110.49   -57322.0  -57252.185   69.606   
   1100     1401.96    340.1963    0.0268    337.0005    0.0266     0.2819     0.0031   3625162.7635 1764222.2226 261225.39   52084.02   -57262.0  -57191.561   70.092   
   1200     1513.46    299.1881    0.0237    295.6813    0.0236     0.2174     0.0027   2555434.6418 1772798.6811 257962.33   51438.74   -57202.0  -57131.73    70.492   
   1300     1623.09    274.2709    0.0219    270.548     0.0217     0.1699     0.0024   1856198.9117 1776836.4203 255645.13   51047.72   -57192.0  -57121.31    70.834   
   1400     1735.12    259.204     0.0207    255.2877    0.0206     0.1347     0.0021   1376692.0604 1778793.8725 254501.47   50761.2    -57188.0  -57116.874   71.131   
   1500     1852.73    250.1943     0.02     246.1225    0.0199     0.1068     0.0019   1028752.4815 1779906.3606 252866.84   50636.12   -57158.0  -57086.59    71.394   
   1600      1967.3    244.816     0.0196    240.6096    0.0194     0.0847     0.0018   779500.8927 1780514.3482 252684.28   50168.62   -57120.0  -57047.991   71.629   
   1700     2081.25    241.6597    0.0194    237.3117    0.0192     0.0687     0.0016   592694.36  1780891.1828 252121.38   50406.02   -57129.0  -57056.995   71.84    
   1800     2190.72    239.7465    0.0192    235.3189    0.019      0.0548     0.0015   457008.4521 1781169.8795  251732.3   50346.19   -57124.0  -57052.208   72.035   
   1900     2304.12    238.6216    0.0191    234.1123    0.0189     0.0445     0.0014   350791.1381 1781383.7691 251700.78   50455.27   -57118.0  -57046.097   72.214   
   2000     2415.87    237.9727    0.0191    233.3831    0.0189     0.0349     0.0013   274061.6558 1781435.2909 251657.78   50428.25   -57141.0  -57068.192   72.381   
   2100     2526.48    237.5672    0.0191    232.9202    0.0188     0.0279     0.0012   222337.2973 1781562.3418 251872.22   50186.49   -57137.0  -57064.098   72.537   
   2200     2636.71    237.3175    0.019     232.6347    0.0188     0.0217     0.0012   177755.6595 1781586.9882 251636.77   49853.6    -57126.0  -57053.55    72.684   
   2300     2749.24    237.1842    0.019     232.4514    0.0188     0.0187     0.0011   145206.3879 1781642.0062  251524.6   50357.23   -57139.0  -57066.28    72.823   
   2400     2865.73    237.1026    0.019     232.3331    0.0188     0.0151     0.001    123809.4303 1781588.7638 251352.71   49973.56   -57126.0  -57052.72    72.956   
   2500     2976.53    237.0574    0.019     232.2563    0.0188     0.0126     0.001    106841.8736 1781705.8164 251546.49   50105.66   -57108.0  -57035.353   73.08    
   2600     3087.85    237.0225    0.019     232.2043    0.0188     0.0102     0.0009   88613.472  1781610.868 251629.11   50128.33   -57151.0  -57078.291   73.201   
   2700     3197.99    237.001     0.019     232.1671    0.0188     0.0089     0.0009   87862.9587 1781657.7962 251909.82   50141.26   -57139.0  -57065.216   73.314   
   2800      3306.5    236.9828    0.019     232.1395    0.0188     0.0065     0.0009   79512.2718 1781647.7919 251636.28   50172.53   -57148.0  -57075.034   73.424   
   2900     3414.82    236.9793    0.019     232.1186    0.0188     0.0064     0.0008   70750.5724 1781617.5918  251485.7   50509.13   -57122.0  -57048.256   73.531   
   3000     3523.17    236.9732    0.019     232.1014    0.0188     0.0036     0.0008   72260.4351 1781603.7764 250981.21   50342.82   -57128.0  -57054.424   73.635   
   3100     3634.21    236.9512    0.019     232.0866    0.0188     0.0037     0.0008   69075.3823 1781649.8414 252332.59   50091.86   -57127.0  -57053.115   73.734   
   3200      3747.0    236.9518    0.019     232.0734    0.0188     0.0027     0.0007   68251.809  1781619.8511  251960.6   50261.57   -57131.0  -57057.304   73.83    
   3300     3857.86    236.9338    0.019     232.0614    0.0188     0.0026     0.0007   64179.2676 1781630.6219 251584.44   50092.67   -57117.0  -57043.22    73.923   
   3400      3966.3    236.9319    0.019     232.0498    0.0188     0.0025     0.0007   62426.0995 1781600.9823  252044.0   50353.97   -57117.0  -57042.632   74.014   
   3500     4074.55    236.9297    0.019     232.0388    0.0188     0.0025     0.0007   63301.2463 1781620.9036 252164.41   50530.75   -57121.0  -57046.982   74.103   
   3600     4184.45    236.9328    0.019     232.0282    0.0188     0.0025     0.0006   62604.8913 1781637.0252 252141.08   50281.55   -57109.0  -57034.927   74.189   
   3700     4297.28    236.9167    0.019     232.0176    0.0188     0.0027     0.0006   65998.9437 1781469.3477 252217.42   50319.1    -57130.0  -57055.606   74.273   
   3800     4411.65    236.918     0.019     232.0072    0.0188     0.0026     0.0006   64251.0685 1781513.9783 251939.66   50469.66   -57109.0  -57034.411   74.355   
   3900     4524.24    236.9276    0.019     231.9968    0.0188     0.0023     0.0006   63789.2243 1781524.5436 251801.12   50246.72   -57118.0  -57044.026   74.434   
   4000     4634.38    236.9218    0.019     231.9865    0.0188     0.0024     0.0006   62195.2374 1781547.3838 252590.32   50562.2    -57134.0  -57059.48    74.513   
   4100      4747.0    236.9286    0.019     231.976     0.0188     0.002      0.0005   59487.6969 1781526.3711 252266.95   50405.19   -57144.0  -57069.513   74.588   
   4200     4864.76    236.9167    0.019     231.9657    0.0188     0.0031     0.0005   61922.0352 1781482.73 251787.51   50435.07   -57127.0  -57052.661   74.663   
   4300     4974.15    236.9144    0.019     231.9555    0.0188     0.0027     0.0005   61977.1986 1781491.9266 251786.94   50262.42   -57113.0  -57038.017   74.735   
   4400     5082.52    236.9093    0.019     231.9451    0.0188     0.0029     0.0005   63740.5508 1781417.0728  251571.2   50271.08   -57141.0  -57066.075   74.808   
   4500     5190.82    236.9067    0.019     231.9349    0.0188     0.0023     0.0005   62248.1247 1781394.1419 252102.97   50531.58   -57126.0  -57051.362   74.878   
   4600     5299.19    236.9104    0.019     231.9245    0.0188     0.0028     0.0005   63249.6312 1781481.59 251922.14   50271.52   -57084.0  -57009.103   74.947   
   4700     5411.64    236.9106    0.019     231.9142    0.0188     0.0025     0.0005   58484.7502 1781471.0909 251533.52   50279.03   -57099.0  -57024.383   75.014   
   4800     5524.63    236.9083    0.019     231.904     0.0188     0.0024     0.0004   60528.9433 1781413.9815 251948.87   50270.42   -57149.0  -57073.801   75.081   
   4900     5634.06    236.8979    0.019     231.8937    0.0188     0.0025     0.0004   58364.0052 1781436.8499 251786.78   50529.61   -57100.0  -57024.885   75.146   
   5000     5743.97    236.8916    0.019     231.8834    0.0188     0.003      0.0004   61490.4002 1781444.7847 251613.01   50422.74   -57119.0  -57043.488   75.21    
   5100      5856.0    236.8867    0.019     231.8732    0.0188     0.0027     0.0004   61012.4842 1781420.9332 251698.16   50648.92   -57119.0  -57043.471   75.273   
   5200     5968.97    236.8826    0.019     231.863     0.0188     0.0023     0.0004   59275.1995 1781401.0108 252410.89   50447.77   -57117.0  -57041.249   75.335   
   5300     6082.08    236.8857    0.019     231.8527    0.0188     0.0028     0.0004   63444.5143 1781377.6507 251926.22   50474.82   -57095.0  -57019.499   75.396   
   5400     6195.14    236.8847    0.019     231.8422    0.0188     0.0026     0.0004   61733.8695 1781375.5057 251566.41   50379.11   -57115.0  -57039.777   75.455   
   5500     6308.26    236.8784    0.019     231.832     0.0188     0.0026     0.0004   61707.8004 1781319.8059 251676.76   50426.71   -57117.0  -57041.838   75.514   
   5600     6421.46    236.8746    0.019     231.8217    0.0188     0.0022     0.0004   58876.456  1781390.2925 251843.86   50411.37   -57098.0  -57022.498   75.571   
   5700     6534.72    236.8744    0.019     231.8113    0.0188     0.0025     0.0004   59788.728  1781325.8858 252035.71   50303.85   -57135.0  -57059.046   75.629   
   5800     6647.66    236.8551    0.019     231.8009    0.0188     0.0024     0.0004   58944.8967 1781314.9823 252276.92   50229.52   -57108.0  -57032.347   75.684   
   5900     6761.32    236.8533    0.019     231.7907    0.0188     0.0022     0.0004    58398.74  1781320.5142 251804.25   50399.22   -57099.0  -57023.172   75.739   
   6000     6875.68    236.8406    0.019     231.7805    0.0188     0.0026     0.0003   62811.8146 1781330.8237  251575.0   50419.04   -57137.0  -57061.523   75.793   
   6100     6993.33    236.8454    0.019      231.77     0.0188     0.0021     0.0003   62279.6039 1781307.0977 252540.32   50644.81   -57113.0  -57037.154   75.848   
   6200     7109.17    236.8401    0.019     231.7597    0.0188     0.003      0.0003   62691.7744 1781317.2648 252284.31   50312.15   -57090.0  -57014.273   75.901   
   6300     7225.38    236.8239    0.019     231.7493    0.0188     0.0025     0.0003   61080.9396 1781255.0307  252055.0   50486.96   -57140.0  -57064.141   75.954   
   6400     7338.66    236.8213    0.019     231.7388    0.0188     0.0023     0.0003   62804.8951 1781302.0802 251597.26   50553.25   -57124.0  -57047.623   76.005   
   6500     7450.46    236.8166    0.019     231.7285    0.0188     0.0027     0.0003   58950.7101 1781308.6842 251574.39   50294.04   -57112.0  -57036.358   76.056   
   6600     7562.16    236.8079    0.019     231.7179    0.0188     0.0023     0.0003   59514.2245 1781327.6536 252720.49   50268.52   -57113.0  -57036.564   76.106   
   6700      7673.7    236.8083    0.019     231.7074    0.0188     0.002      0.0003   60285.4136 1781254.4082 252084.64   50489.87   -57139.0  -57062.971   76.155   
   6800     7785.76    236.808     0.019     231.6972    0.0188     0.0025     0.0003   58927.8519 1781288.619 251854.08   50497.04   -57117.0  -57041.042   76.204   
   6900     7897.85    236.7963    0.019     231.6867    0.0188     0.0025     0.0003   58275.0185 1781252.369 252112.78   50480.86   -57126.0  -57049.87    76.252   
   7000     8010.14    236.8013    0.019     231.6765    0.0188     0.0022     0.0003   59234.8451 1781224.3826 252463.66   50449.9    -57111.0  -57034.387   76.299   
   7100     8122.32    236.8065    0.019     231.6658    0.0188     0.0034     0.0003   62952.0728 1781283.3309 252170.21   50305.48   -57105.0  -57028.833   76.346   
   7200     8243.27    236.8149    0.019     231.6554    0.0188     0.0021     0.0003   60548.7714 1781224.6854 251504.81   50286.98   -57095.0  -57019.094   76.392   
   7300     8364.03    236.7934    0.019     231.6449    0.0188     0.0023     0.0003   57831.5947 1781317.9975 252628.24   50331.81   -57087.0  -57010.262   76.438   
   7400     8484.69    236.7779    0.019     231.6345    0.0188     0.0023     0.0003   61164.2046 1781236.0737 252804.34   50459.31   -57095.0  -57018.612   76.483   
   7500     8605.74    236.796     0.019     231.6241    0.0188     0.0022     0.0003   61342.9424 1781251.5636 252657.69   50237.45   -57107.0  -57030.731   76.528   
   7600     8726.39    236.7833    0.019     231.6136    0.0188     0.0029     0.0003   57554.1778 1781220.4797 253063.37   50277.79   -57107.0  -57030.549   76.572   
   7700     8847.22    236.7807    0.019     231.6031    0.0188     0.0027     0.0003   62608.7526 1781253.1683 252263.48   50639.4    -57078.0  -57001.217   76.616   
   7800     8969.01    236.782     0.019     231.5925    0.0188     0.0027     0.0003   60714.3585 1781211.6533 252197.14   50313.32   -57135.0  -57058.249   76.658   
   7900     9090.07    236.779     0.019     231.582     0.0188     0.0026     0.0002   60651.7101 1781243.7461 252194.66   50359.88   -57095.0  -57018.297   76.701   
   8000     9210.84    236.7726    0.019     231.5714    0.0188     0.0025     0.0002   58092.9057 1781247.8027  253049.0   50535.84   -57111.0  -57033.891   76.743   
   8100     9331.59    236.7517    0.019     231.5608    0.0188     0.0021     0.0002   58414.2542 1781215.1056 252275.77   50448.34   -57114.0  -57037.582   76.785   
   8200     9447.99    236.7519    0.019     231.5504    0.0188     0.002      0.0002   59600.7125 1781219.8833 252440.71   50508.14   -57102.0  -57025.101   76.826   
   8300     9564.09    236.7532    0.019     231.5397    0.0188     0.0024     0.0002   59771.7481 1781230.0484 252706.27   50287.69   -57112.0   -57035.0    76.867   
   8400     9681.96    236.7595    0.019     231.5292    0.0188     0.0023     0.0002   61965.9136 1781231.9884 252328.92   50505.12   -57103.0  -57026.455   76.908   
   8500      9794.0    236.7628    0.019     231.5188    0.0188     0.0022     0.0002   60095.3393 1781260.8376 252429.39   50539.35   -57124.0  -57047.007   76.948   
   8600     9905.99    236.7584    0.019     231.5082    0.0188     0.0022     0.0002   58291.6672 1781175.3927 252620.91   50243.93   -57112.0  -57035.121   76.988   
   8700     10018.7    236.7649    0.019     231.4976    0.0188     0.0022     0.0002   59047.7921 1781185.381 252694.23   50553.03   -57100.0  -57023.172   77.027   
   8800     10133.95   236.7601    0.019     231.4872    0.0188     0.002      0.0002   60630.5247 1781195.8967  252357.1   50323.8    -57116.0  -57038.469   77.066   
   8900     10248.83   236.747     0.019     231.4764    0.0188     0.0023     0.0002   59734.2805 1781215.2187 252529.89   50654.49   -57111.0  -57034.298   77.104   
   9000     10362.54   236.7423    0.019     231.4659    0.0188     0.0023     0.0002   58505.5628 1781205.7921 251913.13   50623.26   -57093.0  -57015.625   77.142   
   9100     10475.22   236.7384    0.019     231.4552    0.0188     0.0025     0.0002   59928.4424 1781165.3207 252563.05   50198.12   -57108.0  -57030.454   77.18    
   9200     10587.76   236.7378    0.019     231.4446    0.0188     0.0024     0.0002   60695.2305 1781240.72 252854.33   50478.17   -57093.0  -57015.471   77.218   
   9300     10700.4    236.7261    0.019     231.4341    0.0188     0.0022     0.0002   58954.5383 1781164.7183 252482.69   50542.09   -57137.0  -57059.558   77.255   
   9400     10813.15   236.7152    0.019     231.4233    0.0187     0.0024     0.0002   58412.5653 1781157.0078 252616.67   50469.53   -57130.0  -57052.706   77.292   
   9500     10925.02   236.7056    0.019     231.4126    0.0187     0.0023     0.0002   58316.5561 1781182.424  252253.4   50572.7    -57079.0  -57001.349   77.329   
   9600     11033.38   236.7042    0.019     231.402     0.0187     0.0022     0.0002   59139.2726 1781231.5767 252369.42   50383.6    -57118.0  -57040.452   77.365   
   9700     11141.73   236.7033    0.019     231.3913    0.0187     0.002      0.0002   57667.7093 1781104.3251 252289.26   50185.82   -57106.0  -57028.467    77.4    
   9800     11253.34   236.7008    0.019     231.3806    0.0187     0.0024     0.0002   58938.3072 1781190.519 252116.41   50404.25   -57126.0  -57048.794   77.435   
   9900     11364.35   236.706     0.019     231.3698    0.0187     0.0024     0.0002   58636.0429 1781156.31 252255.76   50498.1    -57117.0  -57039.759   77.47    
  10000     11476.47   236.6983    0.019     231.3591    0.0187     0.0024     0.0002   61893.5313 1781162.938 252468.39   50426.35   -57129.0  -57051.646   77.504   
  10100     11587.04   236.6852    0.019     231.3485    0.0187     0.0024     0.0002   60893.0104 1781164.816 252468.91   50335.61   -57117.0  -57039.778   77.538   
  10200     11698.79   236.685     0.019     231.3377    0.0187     0.002      0.0002   59136.7965 1781201.7872 252675.21   50544.67   -57112.0  -57034.386   77.572   
  10300     11809.93   236.6768    0.019     231.3269    0.0187     0.0021     0.0002   60463.7728 1781162.0836 252491.64   50462.43   -57111.0  -57033.572   77.606   
  10400     11921.1    236.6831    0.019     231.3161    0.0187     0.0023     0.0002   59243.1498 1781167.0649 251806.49   50192.98   -57130.0  -57051.89    77.639   
  10500     12032.35   236.6732    0.019     231.3052    0.0187     0.0029     0.0002   57820.8132 1781097.8661 252835.13   50596.0    -57106.0  -57028.605   77.672   
  10600     12144.29   236.6807    0.019     231.2943    0.0187     0.0022     0.0002   59707.9135 1781162.9124 252533.99   50650.82   -57113.0  -57035.412   77.705   
  10700     12259.51   236.673     0.019     231.2836    0.0187     0.0024     0.0002   59665.8149 1781123.0887 252387.83   50595.53   -57125.0  -57047.591   77.738   
  10800     12371.29   236.6715    0.019     231.2728    0.0187     0.0023     0.0002   59124.5029 1781112.2016 252108.89   50302.67   -57086.0  -57007.919   77.77    
  10900     12483.07   236.6739    0.019     231.2618    0.0187     0.0027     0.0002   57278.9032 1781192.2335  252386.1   50496.26   -57084.0  -57006.322   77.803   
  11000     12594.17   236.6641    0.019     231.251     0.0187     0.0019     0.0002   57752.6134 1781136.9859 252707.13   50819.17   -57124.0  -57046.367   77.835   
  11100     12707.57   236.6706    0.019     231.2402    0.0187     0.0021     0.0002   57711.693  1781160.9347 252500.77   50453.98   -57107.0  -57029.438   77.866   
  11200     12820.5    236.6556    0.019     231.2293    0.0187     0.002      0.0002   58779.6406 1781159.5767 252984.54   50396.19   -57134.0  -57056.375   77.899   
  11300     12927.62   236.6545    0.019     231.2183    0.0187     0.0024     0.0002   58637.9387 1781152.7612 252819.94   50231.96   -57092.0  -57014.159   77.93    
  11400     13038.81   236.6448    0.019     231.2074    0.0187     0.0025     0.0002   61583.4236 1781129.1342 252634.22   50533.9    -57097.0  -57018.873   77.961   
  11500     13151.62   236.6409    0.019     231.1966    0.0187     0.002      0.0002   59617.2759 1781145.9745 252629.16   50566.48   -57095.0  -57017.442   77.992   
  11600     13260.21   236.6355    0.019     231.1855    0.0187     0.0024     0.0002   59638.9932 1781156.3235 251874.08   50582.84   -57110.0  -57032.432   78.023   
  11700     13371.0    236.6259    0.019     231.1746    0.0187     0.0026     0.0002   59913.9331 1781150.9953 252472.28   50471.28   -57110.0  -57031.477   78.054   
  11800     13484.91    236.62     0.019     231.1636    0.0187     0.0021     0.0002   59037.0639 1781105.9769 253581.97   50540.1    -57106.0  -57028.282   78.083   
  11900     13592.44   236.6219    0.019     231.1525    0.0187     0.0023     0.0001   59671.2187 1781132.0484 252607.95   50617.45   -57126.0  -57047.407   78.112   
  12000     13699.43   236.6172    0.019     231.1417    0.0187     0.0025     0.0001   61003.2625 1781082.2853 253205.01   50816.08   -57116.0  -57037.547   78.142   
