Generating synthetic real valued data ... 
Generating synthetic  real valued data took:  8.182376861572266
Evaluation for true params: 
 test_rsme | train_rsme | rel-te-err | rel-tr-err |  test_nll  |  train_nll |
    0.0          0.0          0.0          0.0       287494.79    1149836.49 
Factorizing with max_iteration = 8000  fixing covariance?:  False
Tensor dimensions:  [50, 50, 50]
Optimization metrics: 
Using Ada Grad
Mean update scheme:  S
Covariance update :  N
Using diagonal covariance?:  False
Random start? True
k1 samples =  64  k2 samples =  64
eta =  1.0  cov eta =  1.0  sigma eta =  1
iteration |   time   |test_rsme |rel-te-err|train_rsme|rel-tr-err|  d_mean  |   d_cov  | test_nll | train_nll |    VLB   |  E-term  |    KL     |   dw   |
    0         2.72    9979.2052    0.9977   9976.6905    0.9977     3.1623     4.4274   287823.14  1151292.55 -1151301.0 -1151292.546   8.695       0.0    
    5        402.94   9974.2078    0.9972    9971.704    0.9972     3.1623     4.4274   287823.14  1151292.55 -1151301.0 -1151292.546   8.762       0.0    
    10       806.76   9968.7945    0.9967   9966.1611    0.9967     3.1623     4.4274   287823.14  1151292.55 -1151301.0 -1151292.546   8.872       0.0    
    20      1227.78   9955.5113    0.9953   9952.8637    0.9953     3.1623     4.4274   287823.14  1151292.55 -1151302.0 -1151292.546   9.062       0.0    
    50      1703.95   9895.4902    0.9892   9893.1151    0.9892     3.1623     4.4274   287823.14  1151292.55 -1151347.0 -1151292.546   54.582      0.0    
   100      2259.81   9719.6206    0.9713   9717.4249    0.9714     3.0751      0.0     287823.14  1151292.55 -1151353.0 -1151292.546   59.986      0.0    
   200      2941.35   9014.8916    0.8998   9013.1294    0.8998     2.8131      0.0     287823.14  1151292.55 -1151361.0 -1151292.546   68.372      0.0    
   300      3602.35   7799.7532    0.7762   7798.3748    0.7763     2.5394      0.0     287823.14  1151292.55 -1151367.0 -1151292.546   74.102      0.0    
   400      4263.04   6148.5455    0.6079   6147.4229    0.608      2.2421      0.0     287823.14  1151292.55 -1151371.0 -1151292.546   78.158      0.0    
   500      4924.17   4295.8076    0.418    4294.7749    0.4182     1.9014      0.0     287823.14  1151292.55 -1151374.0 -1151292.546   81.038      0.0    
   600      5584.93   2625.5205    0.2447   2624.2462    0.2449     1.5363      0.0     287779.24  1151155.47 -1151290.0 -1151206.841   82.986      0.0    
   700      6245.34   1474.5901    0.1241   1473.2457    0.1242     1.1432      0.0     284141.73  1136592.08 -1143296.0 -1143211.911   84.192      0.0    
   800       6906.8    868.882     0.0669    867.4923    0.0667     0.8216      0.0     274716.62  1098199.93 -1122349.0 -1122264.461   84.926      0.0    
   900      7568.68    587.5797    0.0449    586.2315    0.0447     0.5848      0.0     267897.28  1070772.76 -1107446.0 -1107360.687   85.372      0.0    
   1000     8231.84    449.7961    0.0348    448.7179    0.0348     0.4351      0.0     261727.75  1048005.18 -1095696.0 -1095609.972   85.662      0.0    
   1100     8895.15    368.8793    0.0289    367.8249    0.0289     0.3595      0.0     256590.04  1027101.36 -1084234.0 -1084147.815   85.846      0.0    
   1200     9558.85    319.3962    0.0253    318.4449    0.0252     0.2636      0.0     252269.35  1008021.6  -1075602.0 -1075515.699   85.979      0.0    
   1300     10222.98   289.042     0.023     288.1532    0.0229     0.205       0.0     248924.37   993752.6  -1067642.0 -1067555.923   86.075      0.0    
   1400     10887.49   269.8003    0.0215    269.0392    0.0214     0.1735      0.0      245831.0  982975.43  -1062222.0 -1062135.678   86.145      0.0    
   1500     11552.14   258.2873    0.0207    257.6027    0.0206     0.1352      0.0      244543.2   977712.5  -1056751.0 -1056664.893   86.207      0.0    
   1600     12216.99   251.2568    0.0201    250.6032    0.0201     0.1036      0.0     243224.65  971692.03  -1055362.0 -1055275.435   86.253      0.0    
   1700     12881.3    247.2677    0.0198    246.576     0.0198     0.076       0.0     242570.94  969974.56  -1053796.0 -1053709.53   86.291      0.0    
   1800     13547.14   244.847     0.0196    244.136     0.0196      0.08       0.0     242086.25  967728.43  -1052692.0 -1052605.327   86.314      0.0    
   1900     14212.37   243.4018    0.0195    242.6734    0.0195     0.0489      0.0     241825.58  966665.07  -1052567.0 -1052480.193   86.329      0.0    
   2000     14877.96   242.2655    0.0194    241.6736    0.0194     0.0499      0.0     241628.16  966138.58  -1052398.0 -1052311.397   86.334      0.0    
   2100     15543.19   241.5524    0.0194    240.9443    0.0194     0.0546      0.0     241902.86   966072.5  -1052282.0 -1052195.963   86.345      0.0    
   2200     16208.28   241.1235    0.0194    240.5487    0.0193     0.0433      0.0     241777.72  965618.43  -1052841.0 -1052754.592   86.359      0.0    
   2300     16873.35   240.8665    0.0194    240.3212    0.0193     0.028       0.0     241557.37  965494.39  -1051454.0 -1051367.46   86.358      0.0    
   2400     17541.44   240.6386    0.0193    240.1455    0.0193     0.0339      0.0      241513.3  965549.28  -1052677.0 -1052590.575   86.361      0.0    
   2500     18200.13   240.5856    0.0193    240.0201    0.0193     0.0359      0.0     241862.53  964982.48  -1051487.0 -1051400.93   86.361      0.0    
   2600     18867.37   240.5953    0.0193    239.9817    0.0193     0.0457      0.0      242115.0  965229.06  -1050898.0 -1050811.196   86.36       0.0    
   2700     19535.86   240.5934    0.0193    239.867     0.0193     0.0271      0.0     242174.03  964385.39  -1051225.0 -1051138.315   86.358      0.0    
   2800     20204.47   240.5004    0.0193    239.7858    0.0193     0.0322      0.0     241795.27  965157.39  -1051427.0 -1051340.152   86.361      0.0    
   2900     20871.36   240.3675    0.0193    239.6767    0.0193     0.031       0.0      241874.9   965363.6  -1051608.0 -1051521.589   86.375      0.0    
   3000     21536.69   240.3318    0.0193    239.6666    0.0193     0.0335      0.0      241532.2  965341.39  -1051051.0 -1050964.969   86.383      0.0    
   3100     22201.43   240.2387    0.0193    239.5784    0.0192     0.0343      0.0     241873.94  964829.34  -1051819.0 -1051732.338   86.37       0.0    
   3200     22866.53   240.1776    0.0193    239.5153    0.0192     0.0429      0.0     241360.51  964871.09  -1051263.0 -1051176.337   86.371      0.0    
   3300     23530.82   240.2383    0.0193    239.4777    0.0192     0.0316      0.0      242071.7  965028.63  -1051152.0 -1051065.884   86.378      0.0    
   3400     24196.14   240.0941    0.0193    239.438     0.0192     0.033       0.0     241564.16  965088.83  -1051334.0 -1051247.261   86.382      0.0    
   3500     24860.93   240.025     0.0193    239.3432    0.0192     0.027       0.0      241459.1  964488.62  -1050385.0 -1050298.269   86.377      0.0    
   3600     25525.64   239.9369    0.0193    239.2825    0.0192     0.0287      0.0     242000.97  964650.57  -1051812.0 -1051726.11   86.374      0.0    
   3700     26189.97   239.9055    0.0193    239.2397    0.0192     0.0299      0.0     241983.53  964678.33  -1051028.0 -1050941.378   86.368      0.0    
   3800     26855.58   239.8061    0.0193    239.1863    0.0192     0.0324      0.0     241796.32  964570.05  -1051465.0 -1051378.994   86.368      0.0    
   3900     27521.71   239.7456    0.0193    239.1518    0.0192     0.0337      0.0     241595.18  964380.46  -1051311.0 -1051224.851   86.37       0.0    
   4000     28189.56   239.7253    0.0193    239.1315    0.0192     0.036       0.0     241407.18  965790.17  -1051359.0 -1051272.96   86.365      0.0    
   4100     28853.86   239.603     0.0192    239.0667    0.0192     0.0268      0.0     241629.44  964421.14  -1051095.0 -1051009.084   86.363      0.0    
   4200     29517.84   239.5463    0.0193     239.0      0.0192     0.0387      0.0     241492.92   964371.8  -1053058.0 -1052972.024   86.369      0.0    
   4300     30183.65   239.4586    0.0192    238.9561    0.0192     0.0311      0.0     241455.31  964923.82  -1051500.0 -1051413.778   86.371      0.0    
   4400     30857.2    239.4152    0.0192    238.8751    0.0192     0.0327      0.0     242169.21  964107.53  -1052170.0 -1052083.893   86.373      0.0    
   4500     31522.18   239.3494    0.0192    238.8224    0.0192     0.0318      0.0     241385.51  963817.69  -1051119.0 -1051032.317   86.374      0.0    
   4600     32184.72   239.2176    0.0192    238.7416    0.0192     0.0374      0.0     241355.71  964555.67  -1051784.0 -1051697.874   86.373      0.0    
   4700     32845.97   239.1875    0.0192    238.7359    0.0192     0.0313      0.0     241367.74  964182.91  -1051211.0 -1051124.99   86.368      0.0    
   4800     33510.05   239.1345    0.0192    238.667     0.0192     0.0374      0.0     241961.83  964435.89  -1051099.0 -1051012.519   86.377      0.0    
   4900     34172.77   239.1755    0.0192    238.6556    0.0192     0.0291      0.0     241371.44  964098.14  -1051142.0 -1051055.35   86.38       0.0    
