Generating synthetic real valued data ... 
Generating synthetic  real valued data took:  9.358718156814575
Evaluation for true params: 
 test_rsme | train_rsme | rel-te-err | rel-tr-err |  test_nll  |  train_nll |
602.0920404727 601.2073392596 0.0489757024 0.0488317056  276943.71    1107496.99 
Factorizing with max_iteration = 8000  fixing covariance?:  False
Tensor dimensions:  [50, 50, 50]
Optimization metrics: 
Using Ada Grad
Mean update scheme:  S
Covariance update :  N
Using diagonal covariance?:  False
Random start? True
k1 samples =  64  k2 samples =  64
eta =  1.0  cov eta =  1.0  sigma eta =  1
iteration |   time   |test_rsme |rel-te-err|train_rsme|rel-tr-err|  d_mean  |   d_cov  | test_nll | train_nll |    VLB   |  E-term  |    KL     |   dw   |
    0         1.12    9995.1647    0.998    9999.8722    0.998      3.1623     4.4274   287823.14  1151292.55 -1151301.0 -1151292.546   8.159      0.0301  
    5        386.71   9990.6037    0.9976   9995.3134    0.9976     3.1623     4.4274   287823.14  1151292.55 -1151301.0 -1151292.546   8.269      0.0024  
    10       774.97   9985.6001    0.9971   9990.2247    0.997      3.1623     4.4274   287823.14  1151292.55 -1151301.0 -1151292.546   8.363      0.001   
    20      1171.72   9973.2737    0.9958   9977.9027    0.9958     3.1623     4.4274   287823.14  1151292.55 -1151301.0 -1151292.546   8.516      0.0005  
    50      1598.87   9916.9901     0.99    9921.6515     0.99      3.1623     4.4274   287823.14  1151292.55 -1151346.0 -1151292.546   53.567     0.0002  
   100      2065.79    9748.487    0.9728   9753.0769    0.9728     3.0826      0.0     287823.14  1151292.55 -1151352.0 -1151292.546   59.105     0.0001  
   200      2592.83   9062.2833    0.9025   9066.6608    0.9026     2.8257      0.0     287823.14  1151292.55 -1151360.0 -1151292.546   67.734      0.0    
   300       3122.4   7867.1836    0.7801   7871.2132    0.7802     2.5463      0.0     287823.14  1151292.55 -1151366.0 -1151292.546   73.626      0.0    
   400       3644.0   6234.2571    0.612    6237.7909    0.6123     2.2397      0.0     287823.14  1151292.55 -1151370.0 -1151292.546   77.778      0.0    
   500      4164.97   4399.3595    0.4215    4402.061    0.4219     1.8939      0.0     287823.14  1151292.55 -1151373.0 -1151292.546   80.749      0.0    
   600      4685.17   2750.7075    0.247    2752.1499    0.2475     1.4943      0.0     287294.65  1149446.92 -1151253.0 -1151169.849   82.754      0.0    
   700      5207.09   1636.3085    0.1322   1636.2624    0.1322     1.0404      0.0     283372.19  1133526.27 -1150160.0 -1150076.197   84.022      0.0    
   800      5728.29   1084.5489    0.0842   1082.7128    0.0839     0.7529      0.0     278880.06  1114316.07 -1148984.0 -1148899.672   84.734      0.0    
   900      6251.59    860.534     0.0679    857.2479    0.0674     0.5434      0.0     276036.14  1103171.79 -1148285.0 -1148199.398   85.198      0.0    
   1000     6772.78    764.9982    0.0614    760.6544    0.0609     0.3487      0.0     274783.93  1097605.14 -1147960.0 -1147874.153   85.483      0.0    
   1100     7295.47    714.9379    0.0579    710.2644    0.0573     0.3348      0.0     274099.13  1094123.44 -1147763.0 -1147677.788   85.69       0.0    
   1200     7817.83    687.8028    0.0559    683.0997    0.0554     0.2036      0.0     273332.35  1092331.72 -1147661.0 -1147574.713   85.863      0.0    
   1300     8339.83    672.4745    0.0547    667.8042    0.0542     0.1633      0.0     272852.23  1089926.08 -1147495.0 -1147409.306   85.984      0.0    
   1400     8861.69    663.0699    0.054     658.2656    0.0534     0.1555      0.0     272859.12  1089149.9  -1147551.0 -1147464.859   86.061      0.0    
   1500     9381.39    658.2853    0.0536    653.4782    0.0531     0.111       0.0     272833.51  1088248.06 -1147321.0 -1147234.631   86.134      0.0    
   1600     9903.29    655.1448    0.0534    650.4806    0.0528     0.1239      0.0     272961.32  1087817.8  -1147289.0 -1147202.825   86.18       0.0    
   1700     10425.34   653.3967    0.0532    648.8166    0.0527     0.0942      0.0     272879.97  1087992.7  -1147375.0 -1147288.667   86.223      0.0    
   1800     10949.24   652.4319    0.0532    647.9126    0.0526     0.0779      0.0     272911.34  1087403.06 -1147319.0 -1147232.75   86.26       0.0    
   1900     11473.49   651.8741    0.0531    647.4113    0.0526     0.0857      0.0     272620.98  1087759.87 -1147325.0 -1147238.981   86.263      0.0    
   2000     11997.74   651.7043    0.0531    647.0392    0.0526     0.1042      0.0     272547.09  1088225.36 -1147372.0 -1147285.599   86.275      0.0    
   2100     12520.52   651.5817    0.0531    646.8836    0.0525     0.0953      0.0     272753.16  1087462.5  -1147364.0 -1147277.883   86.293      0.0    
   2200     13043.33   651.1915    0.053     646.7821    0.0525     0.1011      0.0     272760.23  1088192.53 -1147322.0 -1147235.938   86.293      0.0    
   2300     13565.24   651.1722    0.053     646.6832    0.0525     0.0989      0.0     272177.45  1087228.1  -1147338.0 -1147251.56   86.304      0.0    
   2400     14087.27   651.3523    0.053     646.6407    0.0525     0.0837      0.0     272618.99  1087560.14 -1147309.0 -1147222.488   86.295      0.0    
   2500     14613.42   651.3099    0.053     646.5189    0.0525     0.0815      0.0     272649.39  1088100.05 -1147407.0 -1147320.631   86.282      0.0    
   2600     15135.75   651.2081    0.053     646.4734    0.0525     0.0849      0.0     272731.79  1087298.44 -1147301.0 -1147214.687   86.298      0.0    
   2700     15652.31   651.2492    0.0531    646.3666    0.0525     0.0876      0.0     272670.76  1087853.28 -1147306.0 -1147220.114   86.281      0.0    
   2800     16170.31   651.2192    0.053     646.3067    0.0525     0.0648      0.0     272421.86  1087100.03 -1147346.0 -1147259.895   86.303      0.0    
   2900     16686.17   651.0755    0.053     646.311     0.0525     0.0825      0.0     272513.95  1087644.87 -1147376.0 -1147290.171   86.304      0.0    
   3000     17203.07   650.9262    0.053     646.2727    0.0525     0.0804      0.0     272721.75  1088358.13 -1147367.0 -1147281.129   86.278      0.0    
   3100     17721.08   650.7603    0.053     646.3067    0.0525     0.0905      0.0     272643.56  1087568.6  -1147352.0 -1147265.73   86.286      0.0    
   3200     18240.53   650.9806    0.053     646.4117    0.0525     0.0759      0.0     272567.79  1087764.76 -1147343.0 -1147257.102   86.284      0.0    
   3300     18759.13   651.1706    0.053     646.3532    0.0525     0.0723      0.0      272490.3  1087853.47 -1147304.0 -1147217.996   86.283      0.0    
   3400     19278.69   651.0298    0.053     646.319     0.0525     0.0728      0.0     272565.88  1087569.42 -1147331.0 -1147244.974   86.275      0.0    
   3500     19798.72   650.9759    0.053     646.2746    0.0525     0.0754      0.0     272707.74  1087690.21 -1147359.0 -1147273.163   86.267      0.0    
   3600     20320.38   650.9925    0.053     646.2189    0.0525     0.0882      0.0     272552.89  1087826.15 -1147287.0 -1147200.777   86.292      0.0    
   3700     20843.01   650.9914    0.053     646.059     0.0525     0.1005      0.0     272630.86  1087134.21 -1147348.0 -1147261.6   86.345      0.0    
   3800     21362.6    651.052     0.053     645.9928    0.0525     0.0705      0.0     272517.79  1087932.3  -1147313.0 -1147227.091   86.34       0.0    
   3900     21883.39   651.1145    0.053     646.0185    0.0525     0.0778      0.0     272593.45  1087515.69 -1147308.0 -1147221.424   86.309      0.0    
   4000     22402.5    651.0932    0.053     645.9628    0.0524     0.1025      0.0     272583.61  1088019.87 -1147375.0 -1147288.659   86.322      0.0    
   4100     22919.02    651.05     0.053     645.9799    0.0524     0.072       0.0     272571.19  1087444.24 -1147284.0 -1147197.935   86.325      0.0    
   4200     23437.38   651.0625    0.053     645.948     0.0524     0.0637      0.0     272507.63  1087640.67 -1147347.0 -1147260.305   86.316      0.0    
   4300     23957.68   651.158     0.053     645.8998    0.0524     0.0897      0.0      272297.1  1087972.85 -1147418.0 -1147332.098   86.328      0.0    
   4400     24478.39   651.1633    0.053      645.91     0.0524     0.1005      0.0     272686.15  1087356.52 -1147370.0 -1147284.137   86.33       0.0    
   4500     24997.98   651.1902    0.053     645.9606    0.0524     0.0687      0.0     272553.68  1087426.22 -1147350.0 -1147263.434   86.326      0.0    
   4600     25517.37   651.0912    0.053     645.8707    0.0524     0.0941      0.0     272896.22  1088443.03 -1147330.0 -1147243.552   86.314      0.0    
   4700     26037.81   651.0096    0.053     645.8329    0.0524     0.1027      0.0     272630.65  1087164.68 -1147281.0 -1147194.905   86.341      0.0    
   4800     26557.62   651.2188    0.053     645.9213    0.0524     0.1091      0.0     272740.32  1087533.32 -1147354.0 -1147267.96   86.333      0.0    
   4900     27077.31   651.1322    0.053     645.8985    0.0524     0.0824      0.0     272728.18  1086913.24 -1147294.0 -1147207.668   86.318      0.0    
   5000     27596.56   651.1349    0.053     645.8904    0.0524     0.1036      0.0     272316.36  1087755.32 -1147303.0 -1147216.433   86.308      0.0    
   5100     28115.96   651.0241    0.053     645.8675    0.0525     0.067       0.0     272543.36  1088299.54 -1147433.0 -1147346.269   86.314      0.0    
   5200     28635.42   650.6837    0.053     645.7405    0.0524     0.0827      0.0     272374.43  1087549.91 -1147348.0 -1147261.929   86.321      0.0    
   5300     29155.48   650.5661    0.053     645.7567    0.0524     0.113       0.0      272420.7  1087767.79 -1147313.0 -1147226.285   86.311      0.0    
   5400     29677.11   651.0076    0.053     645.8029    0.0524     0.0914      0.0     272587.15  1087754.28 -1147233.0 -1147146.742   86.318      0.0    
   5500     30197.69   650.788     0.053     645.7363    0.0524     0.096       0.0     272597.42  1088037.23 -1147336.0 -1147249.396   86.29       0.0    
   5600     30716.91   650.8413    0.053     645.702     0.0524     0.0787      0.0     272787.06  1087695.65 -1147299.0 -1147212.837   86.283      0.0    
   5700     31236.95   650.9577    0.053     645.6818    0.0524     0.0852      0.0     272692.81  1087418.63 -1147291.0 -1147204.465   86.278      0.0    
   5800     31756.73   650.9802    0.053     645.7216    0.0524     0.0905      0.0     272584.73  1087266.12 -1147281.0 -1147194.372   86.287      0.0    
   5900     32276.33   650.7674    0.053     645.6153    0.0524     0.0769      0.0     272348.69  1087784.32 -1147318.0 -1147231.257   86.308      0.0    
   6000     32795.98   650.9834    0.053     645.578     0.0524     0.0782      0.0     272299.22  1087041.78 -1147307.0 -1147220.572   86.301      0.0    
   6100     33315.74   651.0353    0.053     645.4847    0.0524     0.1053      0.0     272487.29  1087379.56 -1147238.0 -1147151.401   86.294      0.0    
   6200     33835.16   650.801     0.053     645.5153    0.0524     0.0789      0.0     272523.66  1087490.0  -1147352.0 -1147265.638   86.268      0.0    
   6300     34355.0    650.7722    0.053     645.5432    0.0524     0.115       0.0     272216.12  1087924.48 -1147331.0 -1147244.721   86.287      0.0    
