Generating synthetic real valued data ... 
Generating synthetic  real valued data took:  9.633296251296997
Evaluation for true params: 
 test_rsme | train_rsme | rel-te-err | rel-tr-err |  test_nll  |  train_nll |
602.0920404727 601.2073392596 0.0489757024 0.0488317056  276943.71    1107496.99 
Factorizing with max_iteration = 8000  fixing covariance?:  False
Tensor dimensions:  [50, 50, 50]
Optimization metrics: 
Using Ada Grad
Mean update scheme:  S
Covariance update :  N
Using diagonal covariance?:  False
Random start? True
k1 samples =  64  k2 samples =  64
eta =  1.0  cov eta =  1.0  sigma eta =  1
iteration |   time   |test_rsme |rel-te-err|train_rsme|rel-tr-err|  d_mean  |   d_cov  | test_nll | train_nll |    VLB   |  E-term  |    KL     |   dw   |
    0         2.5     9995.1647    0.998    9999.8722    0.998      3.1623     4.4274   287823.14  1151292.55 -1151301.0 -1151292.546   8.159       0.0    
    5        395.61   9990.6037    0.9976   9995.3134    0.9976     3.1623     4.4274   287823.14  1151292.55 -1151301.0 -1151292.546   8.269       0.0    
    10       792.03   9985.6001    0.9971   9990.2247    0.997      3.1623     4.4274   287823.14  1151292.55 -1151301.0 -1151292.546   8.363       0.0    
    20      1204.97   9973.2737    0.9958   9977.9027    0.9958     3.1623     4.4274   287823.14  1151292.55 -1151301.0 -1151292.546   8.516       0.0    
    50      1667.98   9916.9897     0.99    9921.6513     0.99      3.1623     4.4274   287823.14  1151292.55 -1151346.0 -1151292.546   53.567      0.0    
   100      2195.03   9748.4424    0.9728   9753.0452    0.9728     3.0775      0.0     287823.14  1151292.55 -1151352.0 -1151292.546   59.113      0.0    
   200       2853.0    9062.227    0.9025   9066.6212    0.9026     2.8222      0.0     287823.14  1151292.55 -1151360.0 -1151292.546   67.738      0.0    
   300       3511.5   7867.7105    0.7801   7871.7646    0.7802     2.5511      0.0     287823.14  1151292.55 -1151366.0 -1151292.546   73.614      0.0    
   400      4173.69    6235.051    0.6121   6238.6275    0.6123     2.249       0.0     287823.14  1151292.55 -1151370.0 -1151292.546   77.788      0.0    
   500       4824.3    4400.768    0.4217   4403.5104    0.422      1.886       0.0     287823.14  1151292.55 -1151373.0 -1151292.546   80.737      0.0    
   600      5479.71   2753.9583    0.2474   2755.3743    0.2478     1.5314      0.0     287229.48  1149346.87 -1150339.0 -1150256.745   82.741      0.0    
   700      6129.96   1637.2845    0.1322   1637.0553    0.1322     1.0939      0.0     283169.18  1131684.46 -1140374.0 -1140290.283   83.994      0.0    
   800      6781.16   1087.2824    0.0844   1085.4008    0.084      0.7813      0.0      277806.1  1110216.91 -1129039.0 -1128954.519   84.764      0.0    
   900      7430.87    860.6037    0.0679    857.1617    0.0674     0.4961      0.0     274851.12  1097828.77 -1122574.0 -1122488.9   85.231      0.0    
   1000     8083.62    763.8703    0.0613    759.6375    0.0608     0.3744      0.0     273521.17  1091948.15 -1119506.0 -1119420.009   85.524      0.0    
   1100     8745.14    714.6206    0.0579    710.2386    0.0573     0.2953      0.0     272358.41  1087507.43 -1117844.0 -1117757.99   85.712      0.0    
   1200     9401.47    687.3774    0.0558    682.8791    0.0553     0.1957      0.0     271785.21  1084663.82 -1116052.0 -1115966.192   85.834      0.0    
   1300     10054.55   671.3272    0.0546    666.6784    0.0541     0.1903      0.0     271072.87  1082985.81 -1114389.0 -1114302.724   85.949      0.0    
   1400     10713.72   662.7972    0.054     658.3659    0.0534     0.1289      0.0     270991.42  1081494.53 -1114343.0 -1114256.944   86.019      0.0    
   1500     11369.8    658.1186    0.0536    653.4707    0.0531     0.1201      0.0     271075.96  1081779.42 -1114380.0 -1114294.368   86.058      0.0    
   1600     12024.35   655.0929    0.0534    650.5285    0.0528     0.116       0.0     270897.51  1081036.14 -1113552.0 -1113465.649   86.122      0.0    
   1700     12681.32   653.5443    0.0533    648.9744    0.0527     0.0848      0.0     270966.82  1080457.0  -1113570.0 -1113483.922   86.164      0.0    
   1800     13335.26   652.7581    0.0532    648.0441    0.0526     0.1119      0.0     271034.78  1080342.06 -1113722.0 -1113636.266   86.172      0.0    
   1900     14001.79   652.0719    0.0531    647.3972    0.0526     0.0933      0.0     271018.23  1080069.34 -1113775.0 -1113688.745   86.229      0.0    
   2000     14660.8    651.6793    0.0531    647.0326    0.0525     0.0782      0.0     271009.31  1080107.87 -1113923.0 -1113836.509   86.222      0.0    
   2100     15316.52   651.5404    0.0531    646.8887    0.0525     0.0783      0.0     270824.14  1080397.06 -1113630.0 -1113543.433   86.232      0.0    
   2200     15966.04   651.2864    0.053     646.7072    0.0525     0.0745      0.0     270836.86  1080372.38 -1113767.0 -1113681.167   86.233      0.0    
   2300     16614.05   650.906     0.053     646.5761    0.0525     0.0917      0.0     270772.35  1079789.54 -1113624.0 -1113537.72   86.229      0.0    
   2400     17265.68   651.1539    0.053     646.5894    0.0525     0.1044      0.0     270811.28  1079893.07 -1113118.0 -1113031.319   86.219      0.0    
   2500     17922.39   650.9964    0.053     646.6447    0.0525     0.079       0.0     270665.71  1080006.61 -1113758.0 -1113671.948   86.221      0.0    
   2600     18577.24   650.923     0.053     646.5307    0.0525     0.1249      0.0     271208.16  1080393.61 -1113967.0 -1113880.508   86.235      0.0    
   2700     19226.25   650.855     0.053     646.502     0.0525     0.0786      0.0     270977.65  1080187.87 -1113427.0 -1113340.721   86.247      0.0    
   2800     19883.19   651.0844    0.053     646.4707    0.0525     0.0822      0.0     271046.12  1080714.05 -1113752.0 -1113665.921   86.254      0.0    
   2900     20531.27   651.2125    0.053     646.3904    0.0525     0.0781      0.0     271200.92  1080316.82 -1113602.0 -1113515.959   86.255      0.0    
   3000     21182.55   650.9997    0.053     646.2762    0.0525     0.0769      0.0     271014.34  1079584.9  -1113643.0 -1113556.958   86.241      0.0    
   3100     21831.65   651.1172    0.053     646.2893    0.0525     0.0825      0.0      270999.1  1080133.37 -1113449.0 -1113362.554   86.276      0.0    
   3200     22488.45   651.1361    0.053     646.3486    0.0525     0.0817      0.0     270856.12  1080082.1  -1113671.0 -1113584.378   86.277      0.0    
   3300     23143.54   651.1727    0.053     646.2606    0.0525     0.1083      0.0     270859.23  1080002.41 -1113915.0 -1113828.617   86.269      0.0    
   3400     23799.24    651.08     0.053     646.1352    0.0525     0.0821      0.0     270683.37  1080161.32 -1113504.0 -1113417.538   86.246      0.0    
   3500     24455.87   651.0434    0.053     646.1592    0.0525     0.0875      0.0     271024.54  1080157.41 -1113147.0 -1113060.945   86.242      0.0    
   3600     25112.32   651.1645    0.053     646.1513    0.0525     0.0774      0.0     270779.73  1080577.08 -1113476.0 -1113389.868   86.245      0.0    
   3700     25770.22    651.39     0.053     646.1039    0.0525     0.0956      0.0     270714.83  1080174.45 -1113231.0 -1113145.232   86.261      0.0    
   3800     26427.81   651.3108    0.053      646.14     0.0525      0.08       0.0     270439.97  1080337.46 -1113496.0 -1113410.098   86.249      0.0    
   3900     27084.75   651.3424    0.053     646.2138    0.0525     0.0853      0.0     270562.02  1080216.43 -1113506.0 -1113419.845   86.247      0.0    
   4000     27735.05   651.2082    0.053     646.0825    0.0525     0.084       0.0     270534.11  1080002.6  -1114436.0 -1114350.099   86.272      0.0    
   4100     28385.82   650.9874    0.053     646.0074    0.0525     0.0782      0.0      270887.0  1080268.34 -1113268.0 -1113181.835   86.267      0.0    
   4200     29035.3    651.0764    0.053     645.9991    0.0525     0.0977      0.0      271033.1  1079749.0  -1113600.0 -1113513.354   86.268      0.0    
   4300     29685.04   651.0372    0.053     646.0073    0.0525     0.0777      0.0     271063.99  1080469.13 -1113008.0 -1112922.093   86.247      0.0    
   4400     30335.32   651.0033    0.053      645.98     0.0525     0.0885      0.0     270819.29  1080049.36 -1113903.0 -1113817.125   86.222      0.0    
   4500     30986.43   650.7731    0.053     645.8995    0.0525     0.1237      0.0      271030.1  1079886.86 -1112691.0 -1112604.388   86.235      0.0    
   4600     31637.79   650.723     0.053     645.9154    0.0524     0.0934      0.0     270943.97  1080167.51 -1113437.0 -1113350.308   86.232      0.0    
   4700     32294.9    650.9118    0.053     645.9867    0.0524     0.0824      0.0     271048.27  1080298.68 -1113640.0 -1113554.124   86.241      0.0    
   4800     32951.29   650.7968    0.053     645.9556    0.0525     0.0979      0.0     270680.61  1080671.29 -1113593.0 -1113507.243   86.236      0.0    
   4900     33602.11   650.7167    0.053     645.8687    0.0525     0.1144      0.0      271096.3  1080218.63 -1113681.0 -1113595.255   86.222      0.0    
   5000     34259.45   650.8652    0.053     645.8165    0.0524     0.0822      0.0     270813.33  1080254.34 -1113447.0 -1113361.212   86.225      0.0    
   5100     34917.63   650.8402    0.053     645.8455    0.0524     0.0806      0.0     270886.55  1079761.19 -1113529.0 -1113442.368   86.252      0.0    
   5200     35574.54   650.8005    0.053     645.7362    0.0524     0.0863      0.0     270492.29  1080253.43 -1113285.0 -1113198.582   86.258      0.0    
   5300     36227.4    650.7579    0.053     645.7244    0.0524     0.089       0.0     270619.62  1079953.03 -1112910.0 -1112823.53   86.268      0.0    
   5400     36872.25   650.8096    0.053     645.6796    0.0524     0.0823      0.0     270608.15  1080352.06 -1113271.0 -1113184.431   86.248      0.0    
   5500     37517.11   651.0442    0.053     645.6137    0.0524     0.0907      0.0     270752.26  1079994.88 -1113985.0 -1113898.575   86.257      0.0    
   5600     38166.64   650.952     0.053     645.693     0.0524     0.0772      0.0     270846.77  1080301.54 -1113671.0 -1113584.987   86.268      0.0    
   5700     38801.08   651.0007    0.053     645.625     0.0524     0.0927      0.0     270824.59  1080094.85 -1113313.0 -1113226.62   86.29       0.0    
   5800     39443.91   650.8685    0.053     645.6106    0.0524     0.0766      0.0     270771.41  1079839.96 -1113966.0 -1113879.94   86.279      0.0    
   5900     40073.57   650.9144    0.053     645.5906    0.0524     0.0645      0.0     270762.41  1080028.9  -1113514.0 -1113427.274   86.279      0.0    
   6000     40726.7    650.816     0.053     645.6023    0.0524     0.0831      0.0     270759.46  1079782.46 -1113497.0 -1113411.096   86.282      0.0    
   6100     41391.91   650.7458    0.053     645.6139    0.0524     0.0965      0.0     270684.61  1080461.14 -1113763.0 -1113677.053   86.268      0.0    
   6200     42051.26   650.6351    0.053     645.5404    0.0524     0.0887      0.0     270818.18  1080742.09 -1113996.0 -1113909.543   86.271      0.0    
   6300     42703.05   650.5047    0.053     645.5717    0.0524     0.1124      0.0     270733.89  1080577.34 -1113930.0 -1113843.344   86.281      0.0    
