Generating synthetic real valued data ... 
Generating synthetic  real valued data took:  9.504223346710205
Evaluation for true params: 
 test_rsme | train_rsme | rel-te-err | rel-tr-err |  test_nll  |  train_nll |
602.0920404727 601.2073392596 0.0489757024 0.0488317056  287424.78    1149895.59 
Factorizing with max_iteration = 8000  fixing covariance?:  False
Tensor dimensions:  [50, 50, 50]
Optimization metrics: 
Using Ada Grad
Mean update scheme:  S
Covariance update :  N
Using diagonal covariance?:  False
Random start? True
k1 samples =  64  k2 samples =  64
eta =  1.0  cov eta =  1.0  sigma eta =  1
iteration |   time   |test_rsme |rel-te-err|train_rsme|rel-tr-err|  d_mean  |   d_cov  | test_nll | train_nll |    VLB   |  E-term  |    KL     
    0         1.13    9995.1647    0.998    9999.8722    0.998      3.1623     4.4274   287823.14  1151292.55 -1151301.0 -1151292.546   8.159    
    5        298.88   9990.6037    0.9976   9995.3134    0.9976     3.1623     4.4274   287823.14  1151292.55 -1151301.0 -1151292.546   8.269    
    10       599.77   9985.6001    0.9971   9990.2247    0.997      3.1623     4.4274   287823.14  1151292.55 -1151301.0 -1151292.546   8.363    
    20       910.03   9973.2737    0.9958   9977.9027    0.9958     3.1623     4.4274   287823.14  1151292.55 -1151301.0 -1151292.546   8.516    
    50      1251.88   9916.9918     0.99    9921.6528     0.99      3.1623     4.4274   287823.14  1151292.55 -1151346.0 -1151292.546   53.568   
   100      1633.86   9748.5308    0.9728    9753.133    0.9728     3.0825      0.0     287823.14  1151292.55 -1151352.0 -1151292.546   59.111   
   200      2079.65   9062.0825    0.9025    9066.456    0.9026     2.8377      0.0     287823.14  1151292.55 -1151360.0 -1151292.546   67.73    
   300      2523.55   7867.6704    0.7801    7871.701    0.7802     2.5481      0.0     287823.14  1151292.55 -1151366.0 -1151292.546   73.63    
   400      2961.37   6235.1087    0.6121    6238.533    0.6123     2.2276      0.0     287823.14  1151292.55 -1151370.0 -1151292.546   77.798   
   500      3391.61   4399.0229    0.4215   4401.5826    0.4218     1.8928      0.0     287823.14  1151292.55 -1151373.0 -1151292.546   80.741   
   600      3816.53   2753.0864    0.2473   2754.5984    0.2477     1.4975      0.0     287292.52  1149546.69 -1151250.0 -1151167.709   82.714   
   700      4246.66    1639.058    0.1325    1639.008    0.1325     1.0957      0.0     283588.34  1133722.42 -1150193.0 -1150108.558   83.979   
   800      4677.98   1084.0096    0.0842   1082.1196    0.0838     0.7987      0.0      278819.0  1114789.26 -1148961.0 -1148876.376   84.732   
   900      5102.03    860.5839    0.068     857.2767    0.0674     0.5293      0.0     276154.01  1103404.2  -1148268.0 -1148182.498   85.197   
   1000     5530.32    762.488     0.0612    758.5255    0.0607     0.3397      0.0     274790.96  1098504.96 -1147930.0 -1147844.876   85.471   
   1100     5960.96    714.1419    0.0578    709.9058    0.0573     0.2608      0.0      274310.3  1094485.63 -1147783.0 -1147697.229   85.703   
   1200     6385.72    687.4554    0.0559    682.8121    0.0553     0.2209      0.0     273442.16  1092900.18 -1147652.0 -1147565.739   85.841   
   1300     6813.69    671.483     0.0546    666.9122    0.0541     0.1997      0.0     273180.22  1090760.32 -1147484.0 -1147398.499   85.938   
   1400     7238.96    662.699     0.054     658.3075    0.0534     0.1437      0.0     272988.12  1089440.63 -1147467.0 -1147380.504   86.027   
   1500     7668.95    657.5645    0.0536    653.3392    0.0531     0.115       0.0     273075.81  1089344.44 -1147312.0 -1147226.148   86.105   
   1600     8099.51    655.0252    0.0534    650.6887    0.0528     0.0997      0.0     273119.29  1088613.05 -1147376.0 -1147290.045   86.16    
   1700     8529.81    653.5816    0.0533    649.0575    0.0527     0.0969      0.0     273049.05  1089195.05 -1147258.0 -1147171.67    86.2    
   1800     8959.84    652.6056    0.0532    648.1339    0.0526     0.0943      0.0      273055.1  1088810.25 -1147317.0 -1147231.232   86.205   
   1900     9387.44    652.249     0.0531    647.5082    0.0526     0.0743      0.0     272872.33  1088284.09 -1147339.0 -1147252.776   86.232   
   2000     9816.61    652.1476    0.0531    647.1809    0.0526     0.0872      0.0     272960.98  1088497.56 -1147352.0 -1147265.405   86.212   
   2100     10240.87   652.0082    0.0532    646.9077    0.0525     0.1101      0.0     272941.14  1088816.28 -1147259.0 -1147173.136   86.239   
   2200     10665.28   651.6939    0.0531    646.7615    0.0525      0.09       0.0     272935.57  1088236.98 -1147333.0 -1147246.678   86.245   
   2300     11091.27   651.3786    0.053     646.7298    0.0525     0.0799      0.0     272922.39  1088651.11 -1147280.0 -1147193.264   86.281   
   2400     11521.07   651.4213    0.0531    646.6689    0.0525      0.09       0.0     272919.71  1088092.6  -1147330.0 -1147243.65   86.289   
   2500     11951.75   651.526     0.0531    646.5719    0.0525     0.0827      0.0     272890.46  1088320.76 -1147301.0 -1147214.389   86.295   
   2600     12382.65   651.4343    0.0531    646.4272    0.0525     0.0715      0.0      273009.1  1088421.02 -1147356.0 -1147269.818   86.272   
   2700     12813.37   651.3926    0.0531    646.3884    0.0525     0.0795      0.0     272874.11  1088181.05 -1147282.0 -1147195.87   86.289   
   2800     13243.15   651.2449    0.053     646.3527    0.0525     0.087       0.0     272692.24  1088331.95 -1147364.0 -1147277.814   86.302   
   2900     13673.93   651.1577    0.053     646.3527    0.0525     0.0977      0.0     272875.25  1088527.34 -1147371.0 -1147284.66   86.304   
   3000     14103.82   651.0437    0.053     646.3079    0.0525     0.0884      0.0     272653.98  1088174.7  -1147351.0 -1147264.612   86.334   
   3100     14528.42   651.2541    0.0531    646.3458    0.0525     0.0869      0.0     272821.64  1088283.4  -1147274.0 -1147187.416   86.288   
   3200     14958.98   650.952     0.053     646.3161    0.0525     0.0816      0.0     272574.31  1088032.47 -1147372.0 -1147285.709   86.254   
   3300     15388.38   650.8791    0.053     646.3201    0.0525     0.0779      0.0     272785.04  1088778.34 -1147374.0 -1147287.594   86.26    
   3400     15819.44   650.8433    0.053     646.2396    0.0525     0.0748      0.0     272998.78  1088636.22 -1147331.0 -1147244.928   86.255   
   3500     16244.03   650.9454    0.053     646.1962    0.0525     0.081       0.0     272783.37  1088661.99 -1147334.0 -1147247.34   86.281   
   3600     16674.53   651.0013    0.053     646.1801    0.0525     0.0873      0.0     272892.61  1088737.6  -1147356.0 -1147270.003   86.271   
   3700     17098.89   651.1344    0.053     646.2085    0.0525     0.0815      0.0     272962.29  1088245.94 -1147387.0 -1147300.976   86.301   
   3800     17529.4    650.964     0.053     646.143     0.0525     0.0918      0.0     272888.61  1088815.7  -1147320.0 -1147233.782   86.294   
   3900     17956.49   650.8674    0.053     646.1108    0.0525     0.0795      0.0     273105.89  1089109.73 -1147347.0 -1147261.025    86.3    
   4000     18384.76   650.8798    0.053     646.0753    0.0525     0.1073      0.0     273149.36  1088188.17 -1147330.0 -1147243.449   86.297   
   4100     18813.49   650.768     0.053     646.0195    0.0525     0.0773      0.0     272826.93  1088872.71 -1147390.0 -1147303.921   86.276   
   4200     19237.13   650.6885    0.053      645.99     0.0525     0.0918      0.0     272710.99  1088532.78 -1147364.0 -1147277.443   86.287   
   4300     19660.58   650.8537    0.053     645.9714    0.0525     0.0828      0.0     272837.37  1088535.84 -1147340.0 -1147253.662   86.318   
   4400     20084.1    651.1533    0.053     646.1145    0.0525     0.0767      0.0     272907.11  1088456.56 -1147353.0 -1147266.948   86.311   
   4500     20507.36   651.2082    0.053     646.0741    0.0525     0.0776      0.0     272740.75  1087911.32 -1147326.0 -1147239.838   86.301   
   4600     20931.12   650.9356    0.053     645.9653    0.0524     0.0902      0.0     272770.79  1088570.74 -1147330.0 -1147243.644   86.302   
   4700     21360.29   650.9206    0.053     645.9036    0.0524     0.1046      0.0     272896.75  1088552.56 -1147244.0 -1147158.002   86.297   
   4800     21783.91   650.7816    0.053     645.9138    0.0524     0.0744      0.0     272570.33  1088198.25 -1147278.0 -1147191.315   86.317   
   4900     22213.7    650.7364    0.053     645.8852    0.0524     0.1064      0.0     272930.15  1088499.51 -1147354.0 -1147268.105   86.321   
   5000     22644.0    650.7407    0.053     645.832     0.0524     0.1039      0.0     272769.03  1088840.77 -1147369.0 -1147282.591   86.314   
   5100     23073.14   650.7943    0.053     645.7526    0.0524     0.076       0.0     272689.39  1089105.51 -1147330.0 -1147243.47   86.334   
   5200     23503.96   650.6354    0.053     645.6716    0.0524     0.0975      0.0     272523.28  1088756.0  -1147403.0 -1147316.342   86.348   
   5300     23927.57   650.9558    0.053     645.7427    0.0524     0.0855      0.0     272765.43  1088781.62 -1147374.0 -1147288.025   86.319   
   5400     24352.21   651.0277    0.053     645.7553    0.0524     0.0859      0.0      272816.5  1088922.24 -1147319.0 -1147232.768   86.289   
   5500     24782.42   650.9108    0.053     645.6701    0.0524     0.0771      0.0      272386.7  1088531.28 -1147416.0 -1147329.835   86.278   
   5600     25212.28   650.6491    0.053     645.6952    0.0524     0.0771      0.0     272598.66  1088039.67 -1147205.0 -1147119.01   86.263   
   5700     25643.15   650.6039    0.053     645.7005    0.0524     0.0731      0.0     272702.09  1088071.2  -1147327.0 -1147240.44   86.253   
   5800     26072.45   650.6796    0.053     645.6024    0.0524     0.0724      0.0     273165.95  1088612.02 -1147392.0 -1147305.764   86.251   
   5900     26496.64   650.6748    0.053     645.6823    0.0524     0.0995      0.0     272723.88  1088329.7  -1147194.0 -1147107.852   86.255   
   6000     26926.26   650.4563    0.0529    645.5789    0.0524     0.0807      0.0     272878.26  1088259.54 -1147315.0 -1147228.745   86.276   
   6100     27350.66   650.7316    0.053     645.598     0.0524     0.0836      0.0     272761.59  1088586.94 -1147316.0 -1147229.851   86.291   
   6200     27775.61   650.6966    0.053     645.5831    0.0524     0.1033      0.0     272741.49  1087949.58 -1147337.0 -1147251.085   86.257   
   6300     28206.21   650.8538    0.053     645.6518    0.0524      0.08       0.0     272800.21  1088495.76 -1147326.0 -1147239.881   86.234   
   6400     28634.77   650.9219    0.053     645.534     0.0524     0.0981      0.0     272978.31  1088367.78 -1147314.0 -1147227.558   86.236   
   6500     29059.39   650.9352    0.053     645.5358    0.0524      0.09       0.0     272694.03  1088506.52 -1147342.0 -1147255.442   86.239   
   6600     29483.65   650.8873    0.053     645.4667    0.0524     0.0885      0.0     272400.62  1089123.96 -1147326.0 -1147239.853   86.21    
   6700     29914.68   650.8483    0.053     645.4471    0.0524     0.1076      0.0     272735.01  1088670.55 -1147353.0 -1147266.514   86.207   
   6800     30344.06   650.9777    0.053     645.4858    0.0524     0.0819      0.0     272506.81  1088636.01 -1147273.0 -1147186.624   86.232   
   6900     30778.16   650.7808    0.053     645.4731    0.0524     0.0967      0.0     272670.22  1088528.47 -1147337.0 -1147250.853   86.241   
   7000     31208.76   650.7612    0.053     645.4388    0.0524     0.1035      0.0     272469.81  1088485.56 -1147290.0 -1147203.438   86.252   
   7100     31632.81   650.6835    0.053     645.3072    0.0524     0.1026      0.0     272675.69  1088276.44 -1147256.0 -1147169.454   86.248   
   7200     32061.73   650.6241    0.053     645.3013    0.0524     0.0785      0.0     273015.17  1088338.32 -1147327.0 -1147240.385   86.254   
   7300     32492.24   650.6903    0.053     645.335     0.0524     0.1001      0.0     272531.98  1088255.07 -1147338.0 -1147251.368   86.25    
   7400     32920.47   650.7157    0.053     645.2562    0.0524     0.1065      0.0     272645.24  1088150.33 -1147254.0 -1147167.493   86.26    
   7500     33347.86   650.392     0.053     645.1987    0.0524     0.089       0.0     272910.36  1088211.29 -1147319.0 -1147232.92   86.261   
   7600     33770.53   650.6647    0.053     645.243     0.0524     0.0728      0.0     272775.64  1088492.28 -1147323.0 -1147237.078   86.263   
   7700     34194.11   650.5665    0.053     645.2123    0.0524     0.0844      0.0     272829.03  1088401.14 -1147332.0 -1147245.566   86.263   
   7800     34617.25   650.3753    0.053     645.167     0.0524     0.0806      0.0     272592.98  1088872.75 -1147318.0 -1147231.334   86.259   
   7900     35044.81    650.29     0.053     645.1755    0.0524     0.1086      0.0     272521.64  1088572.11 -1147367.0 -1147280.237   86.269   
   8000     35473.55   650.3154    0.053     645.1545    0.0524     0.0911      0.0     272674.88  1089245.93 -1147380.0 -1147294.078   86.274   
[ 8.76911302  5.9545822   6.80912083  6.53755308  7.96311076  7.59455193
  8.60398384  8.58074853  8.10322095  7.30229783  9.83143885 10.31188953
  7.61602692  6.36913293  8.22472444  8.46292827  8.26451267  7.37674676
  7.368078    8.24681426]
[7.82790165 6.09239512 8.80986945 8.91306243 7.17444152 8.18710351
 8.3021118  7.11243016 8.15997204 7.42531642 8.16625989 7.79183281
 7.787223   8.13743646 8.22944241 7.58805652 8.95789208 8.98560855
 8.5115304  7.13733952]
[7.68545477 7.95493941 8.56738626 6.71865964 7.15099341 6.69910268
 8.28914598 6.35211775 7.94871583 6.62947719 7.31542527 6.19481377
 7.50472975 8.14310868 7.64319614 6.81277934 6.74775843 6.01047811
 6.56479996 6.05453336]
