Generating synthetic real valued data ... 
Generating synthetic  real valued data took:  9.479488611221313
Evaluation for true params: 
 test_rsme | train_rsme | rel-te-err | rel-tr-err |  test_nll  |  train_nll |
1204.1840809454 1202.4146785192 0.1004525332 0.0999811243  287434.61    1149937.97 
Factorizing with max_iteration = 8000  fixing covariance?:  False
Tensor dimensions:  [50, 50, 50]
Optimization metrics: 
Using Ada Grad
Mean update scheme:  S
Covariance update :  N
Using diagonal covariance?:  False
Random start? True
k1 samples =  64  k2 samples =  64
eta =  1.0  cov eta =  1.0  sigma eta =  1
iteration |   time   |test_rsme |rel-te-err|train_rsme|rel-tr-err|  d_mean  |   d_cov  | test_nll | train_nll |    VLB   |  E-term  |    KL     
    0         1.41    10044.0901   0.998    10055.9479   0.998      3.1623     4.4274   287823.14  1151292.55 -1151301.0 -1151292.546   8.159    
    5        295.06   10039.5546   0.9975   10051.4112   0.9975     3.1623     4.4274   287823.14  1151292.55 -1151301.0 -1151292.546   8.269    
    10       591.72   10034.5834   0.997    10046.351    0.997      3.1623     4.4274   287823.14  1151292.55 -1151301.0 -1151292.546   8.363    
    20       889.37   10022.3216   0.9957   10034.0974   0.9957     3.1623     4.4274   287823.14  1151292.55 -1151301.0 -1151292.546   8.516    
    50      1222.12    9966.347    0.9899   9978.1459    0.9899     3.1623     4.4274   287823.14  1151292.55 -1151346.0 -1151292.546   53.567   
   100       1603.4   9798.8531    0.9724   9810.5719    0.9725     3.0825      0.0     287823.14  1151292.55 -1151352.0 -1151292.546   59.114   
   200      2055.26   9116.7032    0.9013   9128.1179    0.9014     2.8432      0.0     287823.14  1151292.55 -1151360.0 -1151292.546   67.722   
   300      2507.14   7931.4248    0.7773    7942.343    0.7777     2.5537      0.0     287823.14  1151292.55 -1151366.0 -1151292.546   73.63    
   400      2958.86   6317.2471    0.6073   6327.2357    0.6079     2.2339      0.0     287823.14  1151292.55 -1151370.0 -1151292.546   77.804   
   500      3411.55   4515.7893    0.4145   4524.3342    0.4153     1.9089      0.0     287709.82  1150982.89 -1151355.0 -1151273.987   80.749   
   600       3866.7   2940.6762    0.2453   2946.8545    0.2462     1.5006      0.0     286443.91  1145396.88 -1150948.0 -1150865.667   82.704   
   700      4320.57   1939.1469    0.1507   1941.5284    0.1505     1.1046      0.0     283220.92  1132724.86 -1150122.0 -1150038.171   83.968   
   800      4772.58   1501.5532    0.1187   1499.7078    0.118      0.8454      0.0     281438.79  1125105.37 -1149619.0 -1149534.648   84.715   
   900      5222.04   1352.5296     0.11    1347.8728    0.1092     0.5494      0.0     280328.59  1122192.8  -1149468.0 -1149383.222   85.186   
   1000     5669.24   1293.3361    0.1069   1287.6143    0.106      0.3503      0.0     280168.96  1120880.09 -1149404.0 -1149318.428   85.431   
   1100     6116.41   1266.2215    0.1053   1260.1128    0.1044     0.2873      0.0     279854.57  1119795.07 -1149370.0 -1149284.485   85.676   
   1200     6562.82   1252.0679    0.1046   1245.1822    0.1035     0.2591      0.0     280100.18  1118770.42 -1149313.0 -1149226.985   85.803   
   1300     7009.39   1243.0285    0.1039   1236.2212    0.1029     0.2411      0.0     279868.82  1118516.81 -1149294.0 -1149208.306   85.891   
   1400     7456.64   1238.0013    0.1034   1231.5729    0.1025     0.2232      0.0     279812.66  1118714.6  -1149265.0 -1149178.939   85.983   
   1500     7903.91   1235.1495    0.1032   1228.8917    0.1023     0.1955      0.0     279786.76  1118821.93 -1149261.0 -1149174.841   86.077   
   1600     8350.98   1234.0182    0.1032   1227.5396    0.1022     0.1666      0.0     279774.43  1118802.08 -1149294.0 -1149208.035   86.134   
   1700     8798.38   1233.4354    0.1031   1226.6984    0.1021     0.1633      0.0     279556.83  1118911.72 -1149239.0 -1149152.913   86.178   
   1800     9246.91   1232.7959    0.1031   1226.1874    0.102      0.1534      0.0     279747.44  1118302.65 -1149298.0 -1149212.024   86.157   
   1900     9694.85   1232.8119    0.103    1225.7866    0.102      0.1333      0.0     279848.92  1118470.57 -1149211.0 -1149124.935   86.187   
   2000     10141.73  1233.0505    0.1031   1225.6479    0.102      0.1534      0.0     280020.03  1118166.19 -1149303.0 -1149217.224   86.137   
   2100     10589.59  1233.1298    0.1032   1225.4387    0.102      0.1872      0.0      279981.6  1118196.66 -1149225.0 -1149138.909   86.184   
   2200     11037.06  1232.6871    0.1031   1225.4026    0.1019     0.1632      0.0     279790.43  1118646.64 -1149273.0 -1149186.444   86.19    
   2300     11485.77  1232.1903    0.1029   1225.4707    0.1019     0.1502      0.0     279936.93  1118170.0  -1149268.0 -1149182.15   86.246   
   2400     11940.09  1232.4183    0.103     1225.459    0.1019     0.1832      0.0     279800.08  1118127.18 -1149255.0 -1149168.905   86.256   
   2500     12387.08   1232.695    0.103    1225.3508    0.1019     0.1456      0.0     279871.79  1118155.55 -1149272.0 -1149185.459   86.268   
   2600     12834.02  1232.4628    0.103    1225.1135    0.1018     0.143       0.0      279852.7  1118519.74 -1149268.0 -1149181.909   86.223   
   2700     13280.55  1232.3669    0.103    1225.0474    0.1019     0.1431      0.0     279874.78  1118262.62 -1149266.0 -1149179.883   86.255   
   2800     13726.69  1232.1801    0.1029   1225.0553    0.1018     0.1512      0.0     279794.33  1118034.02 -1149224.0 -1149137.84   86.285   
   2900     14174.16  1231.9921    0.1029   1225.0697    0.1019     0.1812      0.0     279942.45  1118088.71 -1149257.0 -1149170.683   86.287   
   3000     14623.04  1231.7219    0.1029   1224.9707    0.1019     0.1647      0.0     279932.29  1118415.65 -1149255.0 -1149168.279   86.334   
   3100     15070.12  1232.1367    0.103    1225.0598    0.1019     0.1566      0.0      279950.6  1118012.0  -1149241.0 -1149154.878   86.249   
   3200     15516.9   1231.5909    0.1029   1225.0416    0.1019     0.1411      0.0     279986.23  1118168.57 -1149315.0 -1149228.855   86.182   
   3300     15964.95   1231.569    0.1029   1225.1369    0.1019     0.143       0.0     279941.94  1117682.21 -1149222.0 -1149135.672   86.193   
   3400     16414.19  1231.5373    0.1029   1225.0035    0.1019     0.1367      0.0     279896.91  1118620.5  -1149240.0 -1149154.213   86.187   
   3500     16869.95  1231.6601    0.103    1224.9099    0.1019     0.1525      0.0     279976.59  1118054.45 -1149292.0 -1149205.423   86.231   
   3600     17326.66   1231.823    0.1029   1224.8566    0.1019     0.1646      0.0     279875.92  1118410.91 -1149268.0 -1149182.23   86.215   
   3700     17784.16  1231.9408    0.103    1224.9457    0.1019     0.1625      0.0     279988.43  1118337.79 -1149317.0 -1149231.147   86.276   
   3800     18240.81  1231.7726    0.1029   1224.8909    0.1018     0.1821      0.0     279805.74  1118039.6  -1149294.0 -1149208.094   86.256   
   3900     18697.27  1231.6793    0.1029   1224.8772    0.1019     0.1598      0.0     280191.09  1118473.65 -1149288.0 -1149201.377   86.272   
   4000     19153.81  1231.7867    0.103    1224.7917    0.1019     0.1912      0.0      279987.5  1118012.35 -1149286.0 -1149199.39   86.266   
   4100     19609.17  1231.5789    0.1029   1224.7125    0.1019     0.1364      0.0     279916.96  1117907.33 -1149251.0 -1149164.805   86.228   
   4200     20064.57   1231.389    0.1029   1224.6723    0.1019     0.1738      0.0     280004.44  1117852.75 -1149248.0 -1149161.313   86.25    
   4300     20521.71  1231.6569    0.1029   1224.6503    0.1019     0.1509      0.0     279783.97  1118410.99 -1149243.0 -1149156.399   86.304   
   4400     20977.36  1232.2876    0.103    1224.9311    0.1019     0.1454      0.0      280141.0  1118410.91 -1149321.0 -1149235.034   86.29    
   4500     21433.45  1232.5316    0.103    1224.8344    0.1019     0.1456      0.0     279833.01  1118564.61 -1149290.0 -1149203.718   86.278   
   4600     21889.88  1232.1368    0.1029   1224.6944    0.1018     0.1976      0.0      279909.9  1118193.69 -1149229.0 -1149142.431   86.283   
   4700     22349.07  1232.0796    0.1029   1224.5996    0.1018     0.1979      0.0     279960.98  1118688.04 -1149223.0 -1149136.452   86.27    
   4800     22805.1    1231.882    0.1029   1224.6704    0.1019     0.1467      0.0     279934.89  1118617.1  -1149292.0 -1149205.221   86.303   
   4900     23261.52  1231.8815    0.1029   1224.6039    0.1018     0.2009      0.0     279805.91  1118008.42 -1149210.0 -1149123.436   86.308   
   5000     23719.19   1231.97     0.1029   1224.5833    0.1018     0.1813      0.0     279705.54  1117813.85 -1149225.0 -1149139.066   86.301   
   5100     24174.57  1231.9875    0.1029   1224.4681    0.1018     0.1585      0.0     279638.42  1118536.18 -1149257.0 -1149170.531   86.342   
   5200     24630.74  1231.6861    0.1029   1224.3471    0.1019     0.1828      0.0     279822.18  1118763.05 -1149250.0 -1149163.224   86.375   
   5300     25088.43  1232.2799    0.103    1224.4732    0.1019     0.149       0.0     279818.53  1118586.37 -1149268.0 -1149181.771   86.318   
   5400     25545.41  1232.3635    0.103    1224.5038    0.1019     0.1585      0.0     279948.14  1118498.53 -1149286.0 -1149199.492   86.253   
   5500     26001.6    1232.255    0.1029   1224.3806    0.1018     0.1441      0.0      279963.2  1118379.51 -1149259.0 -1149172.499   86.233   
   5600     26458.4   1231.7718    0.1028   1224.4436    0.1018     0.1303      0.0     279877.75  1118667.62 -1149317.0 -1149231.096   86.203   
   5700     26914.26   1231.666    0.1028   1224.4988    0.1018     0.1287      0.0     279715.37  1118746.25 -1149271.0 -1149185.27   86.188   
   5800     27369.4   1231.7561    0.1028   1224.3357    0.1018     0.1321      0.0     279920.15  1118440.7  -1149231.0 -1149145.178   86.186   
   5900     27825.33  1231.6882    0.1028   1224.4833    0.1018     0.1875      0.0     279956.35  1118135.7  -1149268.0 -1149181.561   86.19    
   6000     28282.83  1231.3646    0.1028   1224.2921    0.1017     0.1594      0.0     280116.23  1117945.54 -1149254.0 -1149167.751   86.234   
   6100     28739.34  1231.8772    0.103     1224.333    0.1019     0.1723      0.0     279985.22  1118227.66 -1149274.0 -1149188.051   86.26    
   6200     29195.86  1231.8389    0.1029   1224.3641    0.1018     0.2076      0.0     279920.96  1118088.29 -1149265.0 -1149178.455    86.2    
   6300     29652.8   1232.0838    0.1029   1224.4979    0.1018     0.1429      0.0     279920.22  1117679.76 -1149236.0 -1149149.674   86.149   
   6400     30109.27  1232.2553    0.103    1224.3149    0.1018     0.198       0.0     280026.41  1117689.79 -1149212.0 -1149125.668   86.152   
   6500     30564.63  1232.2611    0.1029   1224.3285    0.1018     0.1644      0.0     279980.07  1118228.65 -1149263.0 -1149176.667   86.153   
   6600     31021.03  1232.1992    0.1029    1224.243    0.1018     0.1596      0.0     279996.53  1118190.55 -1149232.0 -1149145.41   86.097   
   6700     31477.04  1232.2308    0.1029   1224.2432    0.1018     0.1893      0.0     279775.23  1118194.68 -1149262.0 -1149175.962   86.095   
   6800     31933.1   1232.4756    0.1029    1224.345    0.1018     0.1483      0.0     279738.22  1118375.91 -1149184.0 -1149098.341   86.137   
   6900     32389.51  1232.1408    0.1029   1224.3395    0.1018     0.1876      0.0     279997.17  1118343.03 -1149213.0 -1149127.084   86.161   
   7000     32846.49  1232.0175    0.1029    1224.257    0.1018     0.1985      0.0     279733.44  1118682.14 -1149234.0 -1149147.866   86.183   
   7100     33302.77  1232.0361    0.1029   1224.0391    0.1018     0.2007      0.0     279701.88  1118539.01 -1149273.0 -1149186.404   86.173   
   7200     33758.38  1232.0354    0.103    1224.0428    0.1018     0.136       0.0     279885.06  1118311.7  -1149200.0 -1149113.434   86.186   
   7300     34215.19  1232.1796    0.103    1224.1987    0.1018     0.1822      0.0     279891.41  1118501.96 -1149280.0 -1149193.728   86.173   
   7400     34671.1   1232.2686    0.103    1224.0233    0.1018     0.2079      0.0     279781.71  1118513.97 -1149175.0 -1149089.107   86.202   
   7500     35127.3   1231.8813    0.1029   1223.9856    0.1018     0.1591      0.0     279824.53  1118446.49 -1149251.0 -1149164.473   86.206   
   7600     35584.48  1232.3919    0.103    1224.0715    0.1018     0.1536      0.0     279724.55  1118171.92 -1149246.0 -1149159.321   86.214   
   7700     36040.42  1232.2216    0.103    1224.0095    0.1018     0.151       0.0     279902.37  1118414.48 -1149258.0 -1149171.712   86.208   
   7800     36495.72  1231.8755    0.1029   1223.9891    0.1018     0.162       0.0      279753.7  1118075.65 -1149281.0 -1149195.162   86.199   
   7900     36952.63  1231.6972    0.1029    1223.999    0.1018     0.2138      0.0     279654.98  1118407.69 -1149189.0 -1149102.933   86.223   
   8000     37409.65  1231.7056    0.1029   1223.9731    0.1018     0.191       0.0     279987.22  1118224.37 -1149230.0 -1149143.617   86.231   
[ 8.80338916  5.88862539  6.87707519  6.57439243  7.91981729  7.5700025
  8.60376808  8.59316458  8.05705534  7.20424306  9.76768508 10.27635024
  7.56481754  6.32437789  8.11418123  8.42686854  8.32320171  7.31700348
  7.34920654  8.13369843]
[7.8347549  6.03359916 8.74563676 8.88657508 7.1946718  8.13806832
 8.24853082 7.15416464 8.25339967 7.43722544 8.13935926 7.86609827
 7.83104521 8.19001908 8.22549899 7.57134837 8.97032028 8.93876314
 8.54659396 7.19468568]
[7.6461299  8.02649333 8.5489999  6.67536675 7.166222   6.68786235
 8.32070578 6.37968743 8.03928705 6.63605447 7.29976305 6.17858497
 7.47855591 8.09034541 7.65906185 6.79770384 6.74953592 5.94151366
 6.59625697 6.19065184]
