Generating synthetic real valued data ... 
Generating synthetic  real valued data took:  8.802363157272339
Evaluation for true params: 
 test_rsme | train_rsme | rel-te-err | rel-tr-err |  test_nll  |  train_nll |
1204.1840809454 1202.4146785192 0.1004525332 0.0999811243  278868.74    1115644.78 
Factorizing with max_iteration = 8000  fixing covariance?:  False
Tensor dimensions:  [50, 50, 50]
Optimization metrics: 
Using Ada Grad
Mean update scheme:  S
Covariance update :  N
Using diagonal covariance?:  False
Random start? True
k1 samples =  64  k2 samples =  64
eta =  1.0  cov eta =  1.0  sigma eta =  1
iteration |   time   |test_rsme |rel-te-err|train_rsme|rel-tr-err|  d_mean  |   d_cov  | test_nll | train_nll |    VLB   |  E-term  |    KL     |   dw   |
    0         2.48    10044.0901   0.998    10055.9479   0.998      3.1623     4.4274   287823.14  1151292.55 -1151301.0 -1151292.546   8.159       0.0    
    5        383.03   10039.5546   0.9975   10051.4112   0.9975     3.1623     4.4274   287823.14  1151292.55 -1151301.0 -1151292.546   8.269       0.0    
    10       766.69   10034.5834   0.997    10046.351    0.997      3.1623     4.4274   287823.14  1151292.55 -1151301.0 -1151292.546   8.363       0.0    
    20      1167.77   10022.3216   0.9957   10034.0974   0.9957     3.1623     4.4274   287823.14  1151292.55 -1151301.0 -1151292.546   8.516       0.0    
    50       1625.0   9966.3441    0.9899   9978.1435    0.9899     3.1623     4.4274   287823.14  1151292.55 -1151346.0 -1151292.546   53.567      0.0    
   100      2151.02   9798.7514    0.9724   9810.4717    0.9725     3.0781      0.0     287823.14  1151292.55 -1151352.0 -1151292.546   59.112      0.0    
   200      2798.73   9116.6734    0.9013   9128.1076    0.9014     2.8281      0.0     287823.14  1151292.55 -1151360.0 -1151292.546   67.734      0.0    
   300      3447.18   7931.5121    0.7773   7942.4607    0.7777     2.5627      0.0     287823.14  1151292.55 -1151366.0 -1151292.546   73.61       0.0    
   400      4097.52   6317.0205    0.6072   6327.1785    0.6079     2.2514      0.0     287823.14  1151292.55 -1151370.0 -1151292.546   77.792      0.0    
   500      4746.05   4517.7406    0.4147   4526.4171    0.4155     1.9077      0.0     287716.03  1150946.34 -1151155.0 -1151073.945   80.74       0.0    
   600      5395.94   2941.0543    0.2454   2947.1494    0.2462     1.5635      0.0     286273.18  1144876.48 -1147801.0 -1147718.575   82.746      0.0    
   700       6046.0   1938.1486    0.1506   1940.0996    0.1503     1.1041      0.0     282858.81  1130504.01 -1139758.0 -1139674.466   83.993      0.0    
   800      6696.73   1504.4008    0.1189   1502.2681    0.1182     0.7937      0.0     280453.66  1121817.22 -1135712.0 -1135627.098   84.764      0.0    
   900       7346.3   1352.2621     0.11    1347.4163    0.1092     0.488       0.0     279523.38  1118226.73 -1134222.0 -1134136.541   85.228      0.0    
   1000     7996.13   1294.7454    0.107    1288.6132    0.1061     0.3995      0.0     279330.14  1116413.45 -1133046.0 -1132960.357   85.516      0.0    
   1100     8647.45   1266.6614    0.1054   1260.4435    0.1045     0.3453      0.0      278982.6  1115673.96 -1132374.0 -1132288.54   85.682      0.0    
   1200     9297.12   1251.4319    0.1044   1244.9903    0.1034     0.2494      0.0     278564.01  1114816.4  -1132167.0 -1132081.212   85.776      0.0    
   1300     9947.54   1242.5654    0.1037   1235.7907    0.1027     0.2463      0.0     278608.71  1114714.69 -1132466.0 -1132380.062   85.892      0.0    
   1400     10597.34  1237.9096    0.1034   1231.5185    0.1024     0.1741      0.0     278743.26  1114779.72 -1131838.0 -1131751.72   85.963      0.0    
   1500     11247.07    1235.7     0.1033   1228.9203    0.1023     0.1883      0.0      278888.3  1114193.57 -1131986.0 -1131899.843   85.984      0.0    
   1600     11897.1   1234.0121    0.1032   1227.4211    0.1021     0.1765      0.0     278826.82  1114451.21 -1131858.0 -1131771.828   86.056      0.0    
   1700     12547.12  1233.1654    0.1031   1226.6052    0.1021     0.1662      0.0     278897.78  1114367.55 -1131611.0 -1131525.149   86.107      0.0    
   1800     13196.42  1232.8272    0.1031   1226.0754    0.102      0.2125      0.0      278869.0  1114212.07 -1131849.0 -1131763.07   86.102      0.0    
   1900     13846.09  1232.4381    0.103      1225.7     0.102      0.1691      0.0      278843.0  1113860.28 -1131221.0 -1131134.752   86.193      0.0    
   2000     14494.75   1232.22     0.1029    1225.492    0.1019     0.1653      0.0     278701.59  1113966.03 -1131986.0 -1131899.509   86.163      0.0    
   2100     15143.61  1232.1711    0.1029   1225.4576    0.1019     0.1489      0.0     278864.55  1113582.88 -1131499.0 -1131413.211   86.177      0.0    
   2200     15792.34  1232.0968    0.1029   1225.3698    0.1019     0.1419      0.0     278903.08  1114096.06 -1131600.0 -1131513.749   86.164      0.0    
   2300     16442.43  1231.5446    0.1028   1225.2752    0.1018     0.1742      0.0     278730.94  1113798.15 -1131323.0 -1131237.19   86.151      0.0    
   2400     17092.88  1231.9353    0.1029    1225.341    0.1018     0.2158      0.0     278802.54  1114255.02 -1131745.0 -1131658.664   86.138      0.0    
   2500     17742.36  1231.7586    0.1028   1225.5249    0.1018     0.1562      0.0     278871.74  1113832.02 -1130941.0 -1130855.033   86.141      0.0    
   2600     18393.26  1231.5226    0.1029   1225.3213    0.1019     0.2262      0.0     278821.29  1114075.1  -1131751.0 -1131665.319   86.17       0.0    
   2700     19043.29  1231.4319    0.1029   1225.3269    0.1019     0.1408      0.0     278774.08  1113818.43 -1131753.0 -1131666.477   86.188      0.0    
   2800     19693.25  1231.8156    0.1029   1225.2635    0.1018     0.1679      0.0     278797.76  1113752.15 -1131546.0 -1131460.008    86.2       0.0    
   2900     20342.61  1232.0788    0.1029   1225.0939    0.1019     0.1523      0.0      278619.2  1113783.26 -1131850.0 -1131764.182   86.194      0.0    
   3000     20993.56  1231.6107    0.1029   1224.9223    0.1019     0.1564      0.0     278977.89  1114552.72 -1131906.0 -1131819.756   86.167      0.0    
   3100     21643.94  1231.8924    0.103    1224.9714    0.1019     0.1445      0.0     278832.21  1113486.51 -1131580.0 -1131493.601   86.224      0.0    
   3200     22293.64  1231.9762    0.103     1225.144    0.102      0.1597      0.0     278990.09  1113392.18 -1131138.0 -1131051.298   86.22       0.0    
   3300     22942.93  1232.0981    0.103    1225.0033    0.1019     0.1748      0.0     278817.24  1113760.81 -1131263.0 -1131176.528   86.202      0.0    
   3400     23593.4   1232.0249    0.103     1224.756    0.1019     0.1541      0.0     278925.06  1113803.1  -1131634.0 -1131548.144   86.162      0.0    
   3500     24242.32   1232.027    0.1029   1224.8301    0.1018     0.1849      0.0     278720.39  1113757.31 -1131229.0 -1131142.645   86.148      0.0    
   3600     24891.95  1232.1716    0.1029   1224.8043    0.1018     0.1449      0.0     278850.17  1113535.22 -1131104.0 -1131017.968   86.159      0.0    
   3700     25542.6   1232.6266    0.103    1224.7589    0.1019     0.1889      0.0     278694.85  1113657.11 -1131175.0 -1131088.867   86.196      0.0    
   3800     26194.39  1232.6639    0.103    1224.9077    0.1019     0.1483      0.0     278634.29  1113758.86 -1131764.0 -1131677.352   86.173      0.0    
   3900     26843.24  1232.6063    0.103    1225.0151    0.1019     0.1544      0.0     278773.09  1113885.56 -1131230.0 -1131143.602   86.16       0.0    
   4000     27494.93  1232.4574    0.103    1224.8318    0.1019     0.1718      0.0     278855.79  1114129.12 -1131006.0 -1130919.931   86.213      0.0    
   4100     28144.84  1232.0924    0.1029   1224.7544    0.1019     0.141       0.0     278774.15  1114371.49 -1131921.0 -1131835.221   86.203      0.0    
   4200     28794.55  1232.2985    0.103    1224.7755    0.1019     0.1672      0.0     278955.49  1114055.61 -1131173.0 -1131086.9   86.204      0.0    
   4300     29444.48  1232.1823    0.103    1224.8089    0.1019     0.1479      0.0     278817.47  1114084.45 -1131411.0 -1131324.506   86.161      0.0    
   4400     30094.32  1232.1548    0.103    1224.7626    0.1019     0.1682      0.0      278816.2  1114238.33 -1131452.0 -1131365.655   86.117      0.0    
   4500     30744.74  1231.7496    0.1029   1224.6365    0.1019     0.2376      0.0     278746.98  1114314.22 -1131751.0 -1131664.748   86.137      0.0    
   4600     31388.21  1231.6721    0.1029   1224.6402    0.1018     0.1763      0.0     278824.37  1114156.27 -1131373.0 -1131287.225   86.129      0.0    
   4700     32029.24  1231.9873    0.1029    1224.794    0.1018     0.1439      0.0     278817.54  1114130.16 -1131380.0 -1131294.115   86.147      0.0    
   4800     32680.39  1231.8657    0.103    1224.7871    0.1019     0.1682      0.0     278892.58  1113656.81 -1131630.0 -1131543.442   86.141      0.0    
   4900     33343.49  1231.7841    0.103    1224.6646    0.1019     0.2088      0.0     278919.98  1114191.52 -1131674.0 -1131587.863   86.111      0.0    
   5000     34009.74  1232.0911    0.103    1224.5979    0.1019     0.1557      0.0      278956.1  1114057.11 -1131174.0 -1131088.341   86.115      0.0    
   5100     34678.08   1232.145    0.103    1224.6917    0.1019     0.1511      0.0     278965.96  1113601.22 -1131295.0 -1131209.043   86.162      0.0    
   5200     35335.05  1232.0611    0.103    1224.4891    0.1019     0.1632      0.0     278781.41  1113596.75 -1130854.0 -1130767.467   86.18       0.0    
   5300     35991.16  1232.0013    0.1029   1224.4642    0.1018     0.1633      0.0     278841.67  1114061.1  -1131674.0 -1131588.067   86.208      0.0    
   5400     36642.86   1232.063    0.1029   1224.3902    0.1018     0.1568      0.0     278884.19  1114315.13 -1131391.0 -1131304.853   86.18       0.0    
   5500     37299.19  1232.4428    0.1031   1224.2891    0.1019     0.1748      0.0     278874.91  1114101.53 -1131221.0 -1131134.936   86.196      0.0    
   5600     37956.74  1232.2356    0.103    1224.4026    0.1019     0.1488      0.0     278990.57  1113564.02 -1131354.0 -1131267.44   86.21       0.0    
   5700     38612.85  1232.3539    0.1031   1224.3443    0.1019     0.1828      0.0     278868.31  1113652.68 -1131377.0 -1131290.53   86.25       0.0    
   5800     39267.36  1232.1409    0.1031   1224.3755    0.1019     0.1413      0.0      278822.3  1113687.21 -1131637.0 -1131550.946   86.221      0.0    
   5900     39896.73   1232.343    0.1031   1224.3711    0.1019     0.1224      0.0     278941.09  1113853.18 -1131553.0 -1131467.108   86.229      0.0    
   6000     40531.43  1232.1039    0.103    1224.3575    0.1018     0.1603      0.0     278916.75  1113641.36 -1131291.0 -1131205.071   86.233      0.0    
   6100     41183.23  1232.0063    0.103    1224.3949    0.1019     0.1708      0.0     278987.66  1113306.42 -1131246.0 -1131159.807   86.209      0.0    
   6200     41839.75  1231.7363    0.103    1224.2816    0.1018     0.1572      0.0     278910.79  1113559.49 -1131016.0 -1130929.364   86.216      0.0    
   6300     42502.42  1231.6388    0.1029   1224.4046    0.1018     0.2069      0.0     278898.05  1113751.46 -1131372.0 -1131286.237   86.236      0.0    
   6400     43164.86  1232.0258    0.1029   1224.5644    0.1018     0.1809      0.0     278801.46  1113409.7  -1131152.0 -1131065.325   86.244      0.0    
   6500     43830.98   1231.769    0.1029   1224.2846    0.1018     0.1591      0.0     278752.61  1113568.12 -1131161.0 -1131075.031   86.265      0.0    
   6600     44502.07  1232.0642    0.103    1224.0992    0.1018     0.1406      0.0     278797.82  1113732.9  -1131846.0 -1131760.002   86.278      0.0    
   6700     45184.09  1232.0996    0.103    1224.1311    0.1018     0.2158      0.0     278893.18  1113335.36 -1131116.0 -1131029.997   86.28       0.0    
   6800     45865.65   1232.296    0.1029   1224.1423    0.1018     0.1622      0.0     278733.52  1113614.94 -1131189.0 -1131102.545   86.262      0.0    
   6900     46560.35  1232.0548    0.103     1224.113    0.1018     0.1814      0.0     278725.59  1113726.26 -1131449.0 -1131362.929   86.329      0.0    
   7000     47264.49  1231.8067    0.1029   1224.1109    0.1018      0.17       0.0     279037.32  1113203.98 -1131451.0 -1131364.61   86.268      0.0    
   7100     47971.28  1231.6764    0.1029   1223.9807    0.1018     0.1706      0.0     278883.75  1113447.24 -1131527.0 -1131440.349   86.24       0.0    
   7200     48680.44   1232.318    0.1029   1224.1557    0.1018     0.1495      0.0      278779.1  1113580.88 -1131536.0 -1131450.165   86.226      0.0    
   7300     49386.03  1231.8358    0.1029   1224.0698    0.1018     0.171       0.0     278913.12  1113493.73 -1131790.0 -1131703.304   86.236      0.0    
   7400     50097.9   1231.7175    0.1029   1224.0925    0.1018     0.1413      0.0      278935.7  1113780.83 -1131360.0 -1131274.2   86.227      0.0    
   7500     50810.06  1231.9525    0.103    1223.9707    0.1018     0.1715      0.0     279013.11  1113681.3  -1131350.0 -1131263.435   86.23       0.0    
   7600     51521.61   1232.248    0.103    1223.8933    0.1018     0.1341      0.0      279037.6  1113585.0  -1131375.0 -1131288.429   86.261      0.0    
   7700     52232.19  1232.0559    0.1029   1223.8766    0.1017     0.1811      0.0     278917.45  1113977.96 -1131534.0 -1131447.757   86.183      0.0    
   7800     52941.61  1232.0701    0.1029   1223.9386    0.1018     0.163       0.0      279024.8  1113675.36 -1131684.0 -1131597.867   86.181      0.0    
   7900     53653.12   1231.772    0.1029    1223.942    0.1018     0.1801      0.0     278849.62  1113909.12 -1131401.0 -1131314.734   86.203      0.0    
   8000     54356.25  1231.7412    0.1029   1223.8769    0.1018     0.1444      0.0     279027.87  1113696.92 -1131603.0 -1131517.111   86.211      0.0    
[ 8.87971582  5.9504399   7.03899467  6.56309464  8.02400971  7.65473901
  8.74081984  8.62567837  8.16896445  7.31685125  9.90952585 10.41435848
  7.68875711  6.39045292  8.29063476  8.52369085  8.36421283  7.39291943
  7.40814271  8.28229068]
[7.7654166  6.08094099 8.77678794 8.85087505 7.1795796  8.19511312
 8.18686308 7.1361019  8.23342828 7.40293556 7.93784067 7.75025431
 7.74735627 8.09158746 8.16239076 7.52089167 8.97839075 8.92244708
 8.51681945 7.11236201]
[7.66862376 8.00789329 8.67599329 6.73522982 7.13445602 6.69066171
 8.42739882 6.36889671 8.03120946 6.6567181  7.35354493 6.17595628
 7.53180963 8.13050557 7.78599639 6.78870333 6.75547279 5.98019142
 6.57939774 6.26747498]
