Generating synthetic binary valued data ... 
Generating synthetic  binary valued data took:  4.147611141204834
Evaluation for true params: 
 test_rsme | train_rsme | rel-te-err | rel-tr-err |  test_nll  |  train_nll |
    0.0          0.0          0.0          0.0          0.0          0.0     
Factorizing with max_iteration = 8000  fixing covariance?:  True
Tensor dimensions:  [100, 100]
Optimization metrics: 
Using Ada Grad
Mean update scheme:  S
Covariance update :  N
Using diagonal covariance?:  True
k1 samples =  64  k2 samples =  64
eta =  1  cov eta =  0.001  sigma eta =  1
iteration |   time   |test_rsme |rel-te-err|train_rsme|rel-tr-err|  d_mean  |   d_cov  | test_nll | train_nll  
    50        20.4      0.6309     0.0995     0.592      0.0876     3.1623       0       2497.29    9274.41   
   100       49.87      0.8414     0.177      0.821      0.1685     3.1623       0       2455.74     9396.8   
   200       99.32      0.3847     0.037      0.3667     0.0336     3.1622       0        202.15     811.75   
   500       228.54      0.0        0.0        0.0        0.0       3.1194       0        83.33      315.77   
   1000      437.53      0.0        0.0        0.0        0.0       1.0578       0        43.69      171.16   
   1500      646.52      0.0        0.0        0.0        0.0       0.7011       0        31.52      124.45   
   2000      855.5       0.0        0.0        0.0        0.0       0.4768       0        28.81      113.15   
   2500      1064.5      0.0        0.0        0.0        0.0       0.3652       0        27.02      106.15   
   3000     1273.48      0.0        0.0        0.0        0.0       0.3199       0        26.46      102.79   
   3500     1482.46      0.0        0.0        0.0        0.0       0.2917       0        25.15      100.13   
   4000     1691.44      0.0        0.0        0.0        0.0       0.223        0        25.46      98.93    
   4500     1900.42      0.0        0.0        0.0        0.0       0.2068       0        25.23      97.95    
   5000     2109.39      0.0        0.0        0.0        0.0       0.1676       0        25.15      98.52    
   5500     2318.38      0.0        0.0        0.0        0.0       0.2044       0        24.93       96.8    
   6000     2527.36      0.0        0.0        0.0        0.0       0.1972       0        24.77      96.96    
   6500     2736.35      0.0        0.0        0.0        0.0       0.2229       0        24.51       96.2    
   7000     2945.37      0.0        0.0        0.0        0.0       0.2199       0        24.92      96.49    
   7500     3154.37      0.0        0.0        0.0        0.0       0.2266       0        24.08      96.81    
   8000     3365.04      0.0        0.0        0.0        0.0       0.2114       0        24.67      97.27    
