Generating synthetic count valued data ... 
Generating synthetic  count valued data took:  4.796417236328125
max_count =  35  min count =  0
Evaluation for true params: 
 test_rsme | train_rsme | rel-te-err | rel-tr-err |  test_nll  |  train_nll |
2.8909242635 2.8446634448 1.9167732136 1.8790161198   12760.05     49819.52  
Factorizing with max_iteration = 8000  fixing covariance?:  True
Tensor dimensions:  [100, 100]
Optimization metrics: 
Using Ada Grad
Mean update scheme:  S
Covariance update :  N
Using diagonal covariance?:  True
k1 samples =  64  k2 samples =  64
eta =  1  cov eta =  0.001  sigma eta =  1
iteration |   time   |test_rsme |rel-te-err|train_rsme|rel-tr-err|  d_mean  |   d_cov  | test_nll | train_nll  
    50       23.21      7.8047     4.9831     7.5825     4.8531     0.3162       0       13334.99   52525.27  
   100       62.72      7.7821     4.9787      7.56      4.8463     0.3162       0       13209.42   51864.82  
   200       124.64     7.6925     4.9436     7.4699     4.8076     0.3135       0       12612.92   49405.06  
   500       277.2      7.1145     4.5801     6.8888     4.4124     0.2311       0       9744.55    37943.93  
   1000      520.75     6.0109     3.7775     5.7732     3.5914     0.1227       0       6721.38    25708.52  
   1500      764.23     5.2716     3.3024     5.0334     3.1252     0.0816       0       5533.29    21113.18  
   2000     1007.32     4.781      3.0135     4.5375     2.8319     0.0621       0       4966.04    18862.07  
   2500     1250.32     4.4267     2.8057     4.1797     2.6277     0.0505       0       4646.51    17633.95  
   3000     1492.91     4.1692     2.6566     3.9221     2.4905     0.0428       0       4444.68    16872.76  
   3500     1736.13     3.967      2.5379     3.7289     2.3825     0.0372       0       4320.39    16375.65  
   4000     1978.93     3.829      2.4582     3.5796     2.3048     0.0328       0       4224.32    16019.58  
   4500     2221.67     3.7159     2.3939     3.4669     2.2436     0.0295       0       4150.04    15797.92  
   5000     2464.58     3.6166     2.3433     3.3777     2.1967     0.0266       0       4098.44    15617.59  
   5500     2708.27     3.5535     2.3137     3.3046     2.1596     0.0244       0       4072.72    15481.2   
   6000      2951.5     3.4956     2.2814     3.2509     2.133      0.0225       0       4034.95    15361.64  
   6500     3194.86     3.454      2.2615     3.2054     2.113      0.0208       0       4023.72    15285.59  
   7000     3438.02     3.3912     2.2258     3.1703     2.098      0.0194       0       3997.86    15235.38  
   7500     3681.19     3.3611     2.2173     3.1328     2.0777     0.0181       0       3983.58    15169.27  
   8000     3924.33     3.3276     2.2004     3.1004     2.0589     0.017        0       3968.42    15137.39  
