Generating synthetic count valued data ... 
Generating synthetic  count valued data took:  4.998056173324585
max_count =  35  min count =  0
Evaluation for true params: 
 test_rsme | train_rsme | rel-te-err | rel-tr-err |  test_nll  |  train_nll |
2.8909242635 2.8446634448 1.9167732136 1.8790161198   12760.05     49819.52  
Factorizing with max_iteration = 8000  fixing covariance?:  False
Tensor dimensions:  [100, 100]
Optimization metrics: 
Using Ada Grad
Mean update scheme:  S
Covariance update :  N
Using diagonal covariance?:  True
k1 samples =  64  k2 samples =  64
eta =  1  cov eta =  0.001  sigma eta =  1
iteration |   time   |test_rsme |rel-te-err|train_rsme|rel-tr-err|  d_mean  |   d_cov  | test_nll | train_nll  
    50       23.36      7.278      4.9707     7.0275     4.7922     0.3162     0.2868    6106.46    24242.32  
   100        63.5      7.2692     4.9508     7.0418     4.7924     0.3162     0.2883    6218.89    24470.67  
   200       126.54     7.2391     4.9131     7.0355     4.7714     0.3093     0.213     6237.07    24616.49  
   500       280.53     6.8523     4.5583     6.6005     4.3724     0.2728     0.1229    5645.43    22193.4   
   1000      525.25     5.647      3.7474     5.4097     3.5697     0.1963     0.0709    4542.75    17772.48  
   1500      770.16     5.188      3.5896     5.0355     3.5088     0.1485     0.0472     4421.8    17201.82  
   2000     1014.66     5.9162     4.152      5.7712     4.0985     0.1172     0.0339    4872.17    18810.34  
   2500     1259.44     7.0194     5.0453     6.9148     4.9873     0.0957     0.0276    5508.71    21260.6   
   3000      1504.4     8.1578     5.9545     8.0837     5.9142     0.0798     0.0234    6108.02    23613.47  
   3500     1748.43     9.089      6.7306     9.0323     6.6943     0.0693     0.0202    6680.17    25831.02  
   4000     1991.96     9.9043     7.3863     9.8293     7.3448     0.0636     0.0177    7115.75    27605.59  
   4500     2235.48    10.4951     7.8763    10.4386     7.8446     0.0628     0.0158    7476.08    29025.82  
   5000     2478.66    10.9531     8.2435    10.9236      8.23      0.0642     0.0141    7791.91    30103.25  
   5500     2721.97    11.2978     8.5105    11.2616     8.4966     0.054      0.0128    8004.89    30912.9   
   6000     2964.77    11.5419     8.7014     11.468     8.6549     0.0507     0.0116     8092.3    31572.31  
   6500     3207.65    11.6757     8.7986    11.6654     8.794      0.0472     0.0106     8241.2    31848.99  
   7000     3450.25    11.7649     8.8705    11.7438     8.8512     0.0508     0.0098    8256.51    32167.7   
   7500     3692.77    11.7743     8.8587    11.7435     8.8385     0.0495     0.0091    8251.85    32147.69  
   8000     3935.12    11.7832     8.8661    11.7184     8.8144     0.0468     0.0084    8240.09    32111.25  
