Generating synthetic count valued data ... 
Generating synthetic  count valued data took:  17.109408140182495
max_count =  39.0  min count =  0.0
Evaluation for true params: 
 test_rsme | train_rsme | rel-te-err | rel-tr-err |  test_nll  |  train_nll |
0.4379040991 0.435901365    0.19008      0.18817      160649.2    639904.78  
Factorizing with max_iteration = 16000  fixing covariance?:  False
Tensor dimensions:  [50, 50, 50]
Optimization metrics: 
Using Ada Grad
Mean update scheme:  S
Covariance update :  N
Using diagonal covariance?:  False
Random start? True
k1 samples =  64  k2 samples =  64
eta =  1.0  cov eta =  1.0  sigma eta =  1
iteration |   time   |test_rsme |rel-te-err|train_rsme|rel-tr-err|  d_mean  |   d_cov  | test_nll | train_nll |    VLB   |  E-term  |    KL     |   dw   |
    0         1.89      8.766      6.7184     8.7888     6.7062     3.1623     4.4274    70268.07   281515.5  -1231081.0 -1231068.329   12.647     0.033   
    5        580.53     8.8798     6.6898     8.8933     6.6722     3.1623     4.4274    73810.47  294631.33  -1219969.0 -1219956.128   12.881     0.0003  
    10      1171.94     8.9598     6.6812     8.9746     6.6663     3.1623     4.4274    77136.91   307005.2  -1205745.0 -1205732.368   13.102     0.0002  
    20      1780.75     9.1653     6.6267     9.1363     6.5799     3.1623     4.4274    89214.47  354494.75  -1177983.0 -1177969.312   13.791     0.0002  
    50      2448.97     9.3538     6.212      9.3078     6.1658     3.1623     4.4274   159087.53  631713.36  -1022580.0 -1022526.15   53.53      0.0067  
   100      3217.26     7.499      4.4718     7.4582     4.4439     3.1463     0.0914   102740.32  407416.43  -541414.0  -541364.278   49.371     0.0001  
   200      4060.54     4.6484     2.7459     4.5881     2.7053     1.9397      0.06     57100.17  225647.94  -256954.0  -256909.344   44.469     0.0001  
   300      5114.61     3.7255     2.2278     3.6878     2.2076     1.6632     0.0547    49236.48  195472.45  -224905.0  -224863.209   42.166     0.0001  
   400      6261.13     3.3276     2.0084     3.3021     1.9973     1.5749     0.0493    45798.07  181737.22  -210648.0  -210607.405   40.39      0.0001  
   500      7434.58     3.0952     1.9084     3.0731     1.8939     1.3878     0.0442    44465.14  176913.55  -206498.0  -206459.035   39.128     0.0001  
   600      8620.62     2.906      1.813      2.8756     1.7938     1.2571     0.0395    43264.58  171978.89  -201900.0  -201861.248   38.454      0.0    
   700       9819.4     2.7831     1.7481     2.7651     1.7394      1.28      0.0352    42748.12  169951.88  -199486.0  -199447.226   38.346      0.0    
   800      11002.12    2.6913     1.6816     2.6647     1.6662     1.052      0.032     41948.61  166639.14  -196025.0  -195987.223   37.586      0.0    
   900      12173.5     2.6128     1.6329     2.5824     1.6169     0.9185     0.0295    41281.9   163965.02  -193731.0  -193693.863   37.344      0.0    
   1000     13343.74    2.594      1.6227     2.5647     1.605      0.8456     0.027     41111.98  163337.15  -192997.0  -192960.297   37.177      0.0    
   1100     14507.03    2.5231     1.5716     2.4969     1.5602     0.6456     0.025     40580.18   161341.5  -191085.0  -191048.305   37.118      0.0    
   1200     15668.09    2.4979     1.5578     2.4719     1.5471     0.7295     0.0235    40484.71  161096.59  -190780.0  -190742.046   37.469      0.0    
   1300     16828.52    2.4672     1.5371     2.4324     1.5179     0.8532     0.0217    40254.53  159894.98  -189435.0  -189397.339   37.213      0.0    
   1400     17981.34    2.4146     1.4991     2.3801     1.4792     0.7058     0.0206    39755.54  157951.28  -187523.0  -187486.21   37.144      0.0    
   1500     19131.03    2.3795     1.4678     2.3477     1.4519     0.6727     0.0189    39412.75  156522.96  -185774.0  -185736.158   37.475      0.0    
   1600     20277.39    2.367      1.4699     2.3308     1.4483     0.6975     0.0188    39310.79  155962.61  -185542.0  -185504.044   37.986      0.0    
   1700     21416.33    2.3269      1.44      2.2941     1.4205     0.6661     0.0175    38988.3   154752.04  -184280.0  -184242.567   37.705      0.0    
   1800     22549.06    2.2957     1.4084     2.2651     1.3896     0.6962     0.0171    38658.01  153371.86  -182633.0  -182594.9    37.917      0.0    
   1900     23677.05    2.2799     1.4028     2.2392     1.3749     0.6117     0.016     38498.59  152657.47  -181970.0  -181931.635   37.875      0.0    
   2000     24802.17    2.2344     1.3741     2.2003     1.3493     0.6632     0.0153    38282.59  151776.39  -181138.0  -181100.006   38.354      0.0    
   2100     25922.58    2.2119     1.3652     2.1842     1.3421     0.5835     0.0146    38187.26  151515.61  -180932.0  -180894.105   38.382      0.0    
   2200     27044.82    2.1782     1.3382     2.1466     1.3126     0.6127     0.0146    37901.5   150337.21  -179455.0  -179416.53   38.305      0.0    
   2300     28158.82    2.1716     1.3308     2.1325     1.3032     0.9035     0.0137    37841.44  149916.29  -179139.0  -179101.15   37.761      0.0    
   2400     29274.96    2.1468     1.3159     2.1069     1.286      0.5345     0.0133    37668.03  149231.06  -178570.0  -178532.996   37.503      0.0    
   2500     30396.48    2.1172     1.2951     2.0805     1.2678     0.4863     0.0131    37433.76  148461.08  -177719.0  -177681.756   37.483      0.0    
   2600     31517.7     2.0908     1.2762     2.061      1.2526     0.5041     0.0129    37300.02  147898.77  -176870.0  -176831.891   38.032      0.0    
   2700     32635.84    2.0791     1.2718     2.0368     1.2385     0.6656     0.0122    37250.57   147582.5  -176620.0  -176581.897    38.6       0.0    
   2800     33754.18    2.0584     1.2571     2.0239     1.2306     0.5272     0.0122    37076.68  147045.41  -176162.0  -176123.253    38.5       0.0    
   2900     34867.56    2.0327     1.2398     1.9933     1.2091     0.6484     0.0113    36896.15  146356.52  -175375.0  -175335.821   39.364      0.0    
   3000     35969.72    2.0113     1.2224     1.9724     1.1898     0.4366     0.0119    36781.56  145785.99  -174519.0  -174479.894   38.721      0.0    
   3100     37063.34    1.9995     1.2148     1.9577     1.1811     0.4815     0.0106    36688.92  145513.55  -174280.0  -174241.283   38.78       0.0    
   3200     38143.48    1.9833     1.212      1.9448     1.1781     0.745      0.0106    36681.76  145548.12  -174538.0  -174499.09   38.879      0.0    
   3300     39220.47    1.9726     1.1967     1.9299     1.166      0.5635     0.0106    36545.43   144842.7  -173740.0  -173700.29   39.21       0.0    
   3400     40294.81    1.9681     1.194      1.924      1.1604     0.4084     0.0101    36469.87   144600.3  -173411.0  -173371.545   39.575      0.0    
   3500     41367.3     1.9484     1.1864     1.9136     1.1574     0.5313     0.0097    36457.15  144667.41  -173721.0  -173680.518   40.05       0.0    
   3600     42439.47    1.9191     1.1594     1.879      1.1261     0.6553     0.0103    36234.09  143713.18  -172352.0  -172312.348   40.107      0.0    
   3700     43511.5     1.895      1.1455     1.8571     1.1135     0.775      0.0097    36101.07  143258.04  -171890.0  -171850.546   39.726      0.0    
   3800     44578.12    1.8861     1.1404     1.8474     1.1066     0.5838     0.0104    36080.87  143039.54  -171756.0  -171715.926   39.659      0.0    
   3900     45642.57    1.8733     1.1306     1.8346     1.0968     0.7518     0.0091    35968.46  142590.92  -171266.0  -171226.226   39.771      0.0    
   4000     46705.7     1.8662     1.1286     1.8277     1.0955     0.5159     0.0093    35961.25  142556.82  -171345.0  -171305.286   39.744      0.0    
   4100     47781.65    1.848      1.1206     1.8052     1.0841     0.944      0.0087    35895.32  142261.82  -171145.0  -171104.751   39.797      0.0    
   4200     48848.25    1.8383     1.1114     1.8004     1.0787     0.6364     0.0091    35823.11  142114.57  -170881.0  -170841.166    40.0       0.0    
   4300     49913.48    1.8256     1.099      1.782      1.0624     1.0466     0.0085    35719.43   141561.1  -170071.0  -170030.616   40.367      0.0    
   4400     50979.83    1.8133     1.0962     1.7734     1.0579     0.7793     0.0082    35697.25   141485.0  -170144.0  -170103.535   40.436      0.0    
   4500     52040.05    1.8049     1.0886     1.7651     1.0532     0.5464     0.0096    35628.83  141252.17  -169963.0  -169922.105   40.459      0.0    
   4600     53099.8     1.7887     1.0752     1.7554     1.0462     0.4373     0.0091    35538.77  141028.79  -169786.0  -169745.349   40.769      0.0    
   4700     54149.15    1.7839     1.0744     1.7497     1.0416     0.7042     0.0085    35534.93  140891.39  -169696.0  -169654.6    41.263      0.0    
   4800     55200.06    1.7778     1.0725     1.7359     1.0327     0.4773     0.0085    35486.53  140674.49  -169198.0  -169156.466   41.132      0.0    
   4900     56249.0     1.7629     1.0602     1.7276     1.0278     0.4109     0.0083    35401.8   140459.59  -169063.0  -169021.12   41.684      0.0    
   5000     57301.41    1.7615     1.0584     1.7217     1.0223     0.5176     0.0081    35380.16  140287.28  -168887.0  -168845.713   41.527      0.0    
   5100     58344.94    1.7647     1.0599     1.7193     1.021      0.4747     0.0078    35364.51  140184.15  -168759.0  -168717.764   41.236      0.0    
   5200     59402.74    1.7347     1.0424     1.6983     1.0103     0.3296     0.0078    35245.61  139927.68  -168625.0  -168583.813   41.236      0.0    
   5300     60451.27    1.7396     1.0451     1.7044     1.0152     0.4573     0.0077    35272.32  139991.54  -168728.0  -168686.556   41.408      0.0    
   5400     61498.41    1.7288     1.0394     1.6922     1.0055     0.4053     0.0073    35226.8   139839.21  -168615.0  -168573.414   41.957      0.0    
   5500     62553.07    1.7325     1.0429     1.6938     1.0096     0.3944     0.0082    35259.55  140013.39  -168725.0  -168683.075   42.195      0.0    
   5600     63613.02    1.717      1.0342     1.6822     0.9999     0.6477     0.007     35205.96  139715.21  -168283.0  -168240.77   41.888      0.0    
   5700     64669.46    1.7111     1.0274     1.6746     0.9928     0.3863     0.0072    35120.93  139439.01  -168068.0  -168026.545   41.712      0.0    
   5800     65731.4     1.7115     1.0296     1.6748     0.9954     0.6887     0.0072    35155.0   139619.35  -168328.0  -168286.203   41.777      0.0    
   5900     66784.8     1.6922     1.0108     1.658      0.9795     0.5102     0.0074    35019.06  139101.52  -167515.0  -167473.121   41.462      0.0    
   6000     67839.67    1.692      1.0098     1.6557     0.9753     0.5129     0.0071    34998.6   138971.47  -167465.0  -167423.955   41.453      0.0    
   6100     68889.31    1.6866     1.0118     1.6451     0.975      0.4698     0.0069    35007.38  138911.68  -167444.0  -167402.101   41.564      0.0    
   6200     69941.14    1.669      0.999      1.6334     0.9653     0.4697     0.0072    34939.03  138729.63  -167188.0  -167146.365    41.6       0.0    
   6300     71001.29    1.6659     0.9939     1.6287     0.9608     0.3643     0.0067    34909.71  138588.34  -167094.0  -167052.734   41.388      0.0    
   6400     72079.08    1.6694     0.9963     1.6359     0.9629     0.4953     0.0071    34895.7   138560.31  -167094.0  -167052.293   41.396      0.0    
   6500     73152.59    1.6559     0.9826     1.6193     0.9526     0.3843     0.0068    34837.55  138319.98  -166802.0  -166760.797   41.451      0.0    
   6600     74224.18    1.6552     0.9897     1.6184     0.9578     0.4313     0.0062    34898.25  138558.28  -167112.0  -167070.742   41.516      0.0    
   6700     75290.75    1.6583     0.9943     1.6197     0.9607     0.5928     0.0064    34904.99  138585.11  -167228.0  -167186.615   41.836      0.0    
   6800     76353.06    1.6412     0.981      1.6032     0.9458     0.386      0.0063    34821.07  138210.89  -166737.0  -166694.577   42.33       0.0    
   6900     77412.27    1.6346     0.9748     1.6017     0.9426     0.4692     0.0062    34815.88  138231.71  -166913.0  -166870.751   42.444      0.0    
   7000     78455.91    1.6283     0.9665     1.5951     0.9361     0.565      0.0062    34742.54  137998.91  -166456.0  -166413.165   42.596      0.0    
   7100     79500.4     1.6236     0.9598     1.5903     0.9316     0.4432     0.0061    34685.97  137843.45  -166127.0  -166084.307   42.369      0.0    
   7200     80542.91    1.6138     0.9577     1.5862     0.9299     0.4591     0.0061    34696.6   137867.22  -166186.0  -166143.59   42.045      0.0    
   7300     81604.99    1.6086     0.959      1.5834     0.9309      0.38      0.0066    34675.93  137832.33  -166293.0  -166250.739   42.135      0.0    
   7400     82667.22    1.617      0.9592     1.5842     0.9291     0.4733     0.0061    34687.09  137752.88  -166240.0  -166197.614   42.447      0.0    
   7500     83717.67    1.6029     0.9488      1.57      0.9198     0.4873     0.0062    34643.09  137585.41  -166032.0  -165989.925   42.388      0.0    
   7600     84760.28    1.6064     0.9493     1.5756     0.9221     0.4026     0.0062    34640.42  137534.38  -165779.0  -165736.618   42.122      0.0    
   7700     85819.38    1.6079     0.9532     1.5735     0.923      0.4662     0.0059    34677.37   137661.6  -166022.0  -165980.151   41.893      0.0    
   7800     86847.69    1.602      0.953      1.5685     0.9215      0.44      0.006     34644.16  137570.55  -166066.0  -166024.156   41.594      0.0    
   7900     87877.92    1.5947     0.9442     1.5631     0.9151     0.4059     0.0059    34607.15  137452.13  -165744.0  -165702.089   42.111      0.0    
   8000     88905.91    1.6002     0.9512     1.5668     0.9206     0.5515     0.0064    34655.92  137606.86  -166109.0  -166066.637   42.267      0.0    
   8100     89936.73    1.6011     0.948      1.5659     0.9184     0.6687     0.0057    34632.96  137405.27  -165701.0  -165659.017   42.187      0.0    
   8200     90969.7     1.5919     0.9426     1.5627     0.9157     0.4335     0.0064    34586.26  137327.48  -165661.0  -165618.98   42.443      0.0    
   8300     91990.81    1.5849     0.9372     1.5547     0.9121     0.4338     0.0071    34573.04  137278.87  -165555.0  -165512.719   42.182      0.0    
   8400     93010.25    1.5812     0.934      1.5526     0.9091     0.4594     0.0063    34539.2   137232.72  -165546.0  -165503.333   42.349      0.0    
   8500     94040.82    1.5785     0.9299     1.5498     0.9068     0.3773     0.0057    34515.58  137152.99  -165606.0  -165563.574   42.384      0.0    
   8600     95054.28    1.5823     0.9359     1.5491     0.9043     0.8095     0.006     34525.14  137171.65  -165366.0  -165323.954   41.805      0.0    
   8700     96076.26    1.5783     0.9348     1.5478     0.9047     0.3793     0.0055    34498.29   137118.1  -165460.0  -165417.207   42.387      0.0    
   8800     97087.54    1.5696     0.9268      1.54      0.8979     0.4573     0.0058    34459.54  136916.34  -165206.0  -165163.81   42.147      0.0    
   8900     98096.69    1.5689     0.926      1.5355     0.898      0.5528     0.0057    34478.37  137013.51  -165479.0  -165436.156   42.489      0.0    
   9000     99106.61    1.5646     0.9218     1.5388     0.8985     0.504      0.0055    34475.17  136993.17  -165395.0  -165352.725   42.265      0.0    
   9100    100113.11    1.571      0.929      1.5342     0.8986     0.7675     0.0057    34479.47  136940.25  -165263.0  -165221.059   42.13       0.0    
   9200    101144.86    1.5674     0.9296     1.5302     0.8974     0.4839     0.0055    34474.54  136918.16  -165355.0  -165312.659   42.267      0.0    
   9300    102183.18    1.5648     0.9224     1.528      0.8903     0.3827     0.0052    34421.53  136784.97  -165025.0  -164982.16   42.471      0.0    
   9400    103220.88    1.5616     0.922      1.5241     0.8896     0.4058     0.0056    34448.52   136752.9  -165055.0  -165012.916   42.462      0.0    
   9500    104232.95    1.5672     0.927      1.5307     0.8945     0.3863     0.0054    34472.73  136832.08  -165113.0  -165070.588   42.415      0.0    
   9600    105263.32    1.5639     0.9241     1.527      0.8935     0.3419     0.005     34418.76  136695.67  -165135.0  -165092.267   42.917      0.0    
   9700     106289.9    1.5561     0.9167     1.5236     0.8904     0.429      0.0053    34391.26  136618.45  -165053.0  -165010.312   42.712      0.0    
   9800    107318.55    1.5476     0.9175     1.515      0.8854     0.4177     0.0059    34394.0   136584.16  -164945.0  -164902.714   42.751      0.0    
   9900    108350.31    1.5458     0.9118     1.5145     0.8822     0.4241     0.0053    34342.18   136483.7  -164798.0  -164755.443   42.718      0.0    
  10000    109376.75    1.5424     0.9157     1.5155     0.8842     0.4704     0.0054    34392.41  136598.96  -164992.0  -164949.266   42.991      0.0    
  10100    110400.67    1.536      0.9071     1.5025     0.8756     0.8181     0.0053    34360.69  136498.49  -164700.0  -164656.811   42.743      0.0    
  10200    111431.31    1.5375     0.9046     1.5078     0.8774     0.3737     0.0052    34340.18  136467.03  -164638.0  -164595.059   42.776      0.0    
  10300    112454.63    1.5393     0.9079     1.5077     0.8786     0.3919     0.0056    34340.84  136508.36  -164710.0  -164667.516   42.856      0.0    
  10400    113465.42    1.5384     0.9044     1.5105     0.8786     0.4454     0.0052    34314.32   136402.2  -164642.0  -164598.425   43.528      0.0    
  10500    114459.48    1.5284     0.9015     1.5017     0.8773     0.3894     0.0051    34340.09  136431.04  -164897.0  -164853.274   43.335      0.0    
  10600    115470.62    1.5464     0.9153     1.516      0.8894     0.5246     0.0053    34416.29  136703.88  -165188.0  -165144.932   43.466      0.0    
  10700     116453.8    1.5417     0.9055     1.5067     0.8782     0.478      0.0051    34366.01  136494.57  -164861.0  -164817.875   43.122      0.0    
  10800    117429.23    1.5236     0.8941     1.4991     0.8713     0.5728     0.0049    34285.74  136325.79  -164644.0  -164600.557   42.96       0.0    
  10900    118419.12    1.5295     0.8996     1.5066     0.8808     0.5537     0.005     34316.0   136494.59  -164859.0  -164816.656   42.682      0.0    
  11000    119394.62    1.5318     0.9079     1.5036     0.8808     0.5449     0.0051    34316.27  136439.87  -164905.0  -164861.564   43.256      0.0    
  11100    120372.92    1.5198     0.9002     1.4897     0.867      0.4511     0.005     34265.27  136207.08  -164582.0  -164538.71   43.436      0.0    
  11200    121340.51    1.5193     0.8956     1.4868     0.864      0.3574     0.005     34272.22  136136.39  -164325.0  -164281.485   43.694      0.0    
  11300    122314.33    1.529      0.9016     1.4873     0.864      0.4457     0.0051    34275.44  136164.68  -164354.0  -164310.748   43.157      0.0    
  11400     123277.4    1.5259     0.8987     1.4879     0.8653     0.4436     0.005     34290.89  136197.96  -164443.0  -164400.122   43.055      0.0    
  11500    124244.97    1.5197     0.8965     1.4823     0.8645     0.5806     0.0053    34282.38  136201.66  -164560.0  -164516.658   43.202      0.0    
  11600    125216.57    1.5164     0.8903     1.4815     0.8596     0.4306     0.0047    34242.56  136059.74  -164369.0  -164325.352   43.428      0.0    
  11700    126197.85    1.5162     0.8906     1.4849     0.8597     0.356      0.0047    34232.58  135999.63  -164202.0  -164159.195   43.295      0.0    
  11800    127187.18    1.512      0.8872     1.4778     0.8563     0.4175     0.0048    34226.07  135971.26  -164016.0  -163971.884   43.716      0.0    
  11900    128179.47    1.5092     0.8846     1.4764     0.8536     0.6322     0.0048    34209.88  135899.31  -163999.0  -163954.887   43.638      0.0    
  12000    129172.07    1.512      0.8894     1.4759     0.8572     0.4116     0.0046    34222.24  135967.13  -164217.0  -164173.388   43.172      0.0    
  12100    130161.21    1.5144     0.894      1.4813     0.8641     0.6038     0.0046    34271.34  136186.28  -164682.0  -164638.222   43.462      0.0    
  12200    131150.82    1.5063     0.8858     1.4791     0.8596     0.4742     0.0052    34230.98  135975.49  -164308.0  -164264.42   43.448      0.0    
  12300    132109.28    1.5048     0.8852     1.4783     0.8567     0.2886     0.0046    34190.65  135899.36  -164290.0  -164246.445   43.722      0.0    
  12400     133065.5    1.5035     0.8814     1.4722     0.852      0.4552     0.0045    34158.38  135836.67  -164184.0  -164140.894   43.502      0.0    
  12500    134021.61    1.499      0.8803     1.4716     0.8514     0.4187     0.0047    34161.54  135838.61  -164117.0  -164073.577   43.36       0.0    
  12600    135013.46    1.4964     0.8728     1.4695     0.8488     0.5009     0.0047    34186.71  135814.78  -163967.0  -163923.634   43.77       0.0    
  12700    136001.81    1.5122     0.8825     1.4801     0.8559     0.5703     0.0045    34206.01  135947.35  -164391.0  -164347.458    43.9       0.0    
  12800    137001.67    1.5047     0.883      1.4704     0.8527     0.545      0.0046    34206.19  135860.95  -164210.0  -164166.397   44.066      0.0    
  12900    138001.75    1.5041     0.884      1.4723     0.8556     0.5483     0.0045    34223.87  135979.02  -164386.0  -164342.221   43.905      0.0    
  13000    138992.35    1.5022     0.8879     1.474      0.862      0.5003     0.0046    34264.87  136078.67  -164509.0  -164464.705   44.304      0.0    
  13100    139958.95    1.4974     0.8815     1.4633     0.8523     0.4974     0.0046    34227.12   135953.6  -164150.0  -164105.575   44.065      0.0    
  13200    140915.92    1.4962     0.878      1.465      0.8537     0.6154     0.0047    34221.55  135978.59  -164133.0  -164088.918   43.803      0.0    
  13300    141870.87    1.4886     0.8751     1.4594     0.8462     0.5554     0.0045    34151.69   135698.1  -163815.0  -163771.337   43.931      0.0    
  13400    142827.35    1.4966     0.8789     1.4673     0.8531     0.4619     0.0045    34179.86  135823.56  -164107.0  -164063.131   43.757      0.0    
  13500    143808.91    1.4904     0.8732     1.4603     0.8473     0.5721     0.0044    34164.11  135724.92  -164023.0  -163979.629   43.56       0.0    
  13600    144800.83    1.4843     0.874      1.459      0.8478     0.5371     0.0045    34170.97   135787.4  -164265.0  -164221.331   43.838      0.0    
  13700    145796.17    1.489      0.8775      1.46      0.8478     0.3689     0.0046    34138.13  135699.68  -163985.0  -163941.012   43.952      0.0    
  13800    146789.04    1.4854     0.8748     1.4575     0.8458     0.3968     0.0044    34158.23  135703.69  -163923.0  -163879.696   43.587      0.0    
  13900     147781.9    1.4897     0.8798     1.4597     0.8512     0.5383     0.0044    34199.86  135867.19  -164175.0  -164131.513   43.719      0.0    
  14000    148768.56    1.4913     0.8813     1.4666     0.8536     0.4654     0.0045    34187.3   135832.61  -164189.0  -164145.398   44.027      0.0    
  14100     149761.1    1.483      0.8707     1.4611     0.8499     0.4034     0.0044    34160.68  135772.71  -164045.0  -164001.091   43.736      0.0    
  14200    150756.18    1.4811     0.8662     1.4567     0.843      0.4501     0.0043    34115.08  135578.25  -163795.0  -163751.675   43.792      0.0    
  14300    151752.45    1.4672     0.8548     1.445      0.8352     0.5067     0.0043    34088.9   135528.09  -163639.0  -163595.447   43.751      0.0    
  14400    152713.31    1.479      0.8638     1.4495     0.8386     0.3737     0.0044    34090.85  135511.49  -163669.0  -163625.34   43.82       0.0    
  14500    153680.38    1.4705     0.857      1.4416     0.8318     0.6662     0.0043    34084.23  135466.74  -163798.0  -163753.802   43.941      0.0    
  14600    154636.72    1.4749     0.8623     1.4489     0.8417     0.4604     0.0048    34116.72  135667.93  -163927.0  -163883.221   43.981      0.0    
  14700    155595.69    1.4626     0.8543     1.4403     0.8313     0.3451     0.0042    34057.7   135437.12  -163418.0  -163373.249   44.321      0.0    
  14800    156560.32    1.4692     0.8614     1.4492     0.8413     0.3881     0.0044    34105.12  135569.39  -163782.0  -163737.808   43.845      0.0    
  14900    157515.79    1.4714     0.8615     1.4439     0.8358     0.3963     0.0043    34080.44  135471.17  -163643.0  -163599.177   43.925      0.0    
  15000    158480.74    1.4791     0.8645     1.4492     0.8393     0.408      0.0045    34109.9   135585.08  -163835.0  -163790.98   43.82       0.0    
  15100    159449.03    1.4727     0.8608     1.4484     0.8373     0.2834     0.004     34056.12  135406.71  -163749.0  -163705.079   44.208      0.0    
  15200    160421.09    1.4777     0.8689     1.4567     0.848      0.4744     0.0044    34125.85  135699.78  -163934.0  -163890.419   43.998      0.0    
  15300    161385.33    1.4662     0.8618     1.4422     0.8377     0.5269     0.004     34116.03  135607.47  -163762.0  -163717.946   43.725      0.0    
  15400    162358.73    1.4704     0.8644     1.4426     0.8368     0.5167     0.0041    34096.86   135486.0  -163725.0  -163681.439   43.769      0.0    
  15500    163341.62    1.4713     0.8664     1.4399     0.8391     0.442      0.0047    34100.95   135570.5  -164074.0  -164030.357   44.137      0.0    
  15600    164314.79    1.4656     0.8603     1.4425     0.8381     0.4311     0.0044    34084.14  135504.33  -163792.0  -163747.707   44.332      0.0    
  15700     165286.5    1.461      0.8555     1.4378     0.834      0.3094     0.0041    34052.31  135378.29  -163676.0  -163631.955   44.214      0.0    
  15800    166238.19    1.4696     0.8648     1.4421     0.8393     0.3714     0.0041    34089.82  135510.57  -163865.0  -163821.264   43.939      0.0    
  15900    167229.66    1.4623     0.8585     1.4379     0.837      0.6373     0.004     34113.5   135621.45  -163961.0  -163917.091   44.068      0.0    
  16000    168186.43    1.4709     0.8656     1.445      0.8424     0.5045     0.004     34114.25  135645.44  -164056.0  -164011.572   44.144      0.0    
[ 0.73782711 -0.86785991  0.67775118  0.07557466 -0.51017608 -0.34648843
 -0.36104908  0.90052534 -1.14253309  0.02209512 -0.92237515  0.95955919
 -1.24435954  0.23222244 -2.77615014 -0.29150731 -0.1404222   0.95021366
 -0.41392633 -0.76591241]
[-1.59545273  0.81252221  1.41011251  0.10073551 -0.80519095  0.39085265
  0.5963165   1.2891651  -0.53895117 -0.83638491  0.2338524   0.37129532
 -1.24869532  0.35235434  1.01286534 -0.91084991  2.11162777  1.29298598
 -0.81797634  0.41609113]
[ 1.44372148  0.85542019  0.90130503  0.92950424 -0.6195793   0.73027741
  1.27080891 -0.72367372 -0.69074669  0.86002948  1.09836104  0.94847846
  1.25238618 -1.25615304 -0.59965667 -0.85333408  1.58915511  1.38500736
  0.58167882  0.90288767]
