Generating synthetic count valued data ... 
Generating synthetic  count valued data took:  16.09441637992859
max_count =  39.0  min count =  0.0
Evaluation for true params: 
 test_rsme | train_rsme | rel-te-err | rel-tr-err |  test_nll  |  train_nll |
    0.0          0.0          0.0          0.0        164585.4    656063.03  
Factorizing with max_iteration = 16000  fixing covariance?:  False
Tensor dimensions:  [50, 50, 50]
Optimization metrics: 
Using Ada Grad
Mean update scheme:  S
Covariance update :  N
Using diagonal covariance?:  False
Random start? True
k1 samples =  64  k2 samples =  64
eta =  1.0  cov eta =  1.0  sigma eta =  1
iteration |   time   |test_rsme |rel-te-err|train_rsme|rel-tr-err|  d_mean  |   d_cov  | test_nll | train_nll |    VLB   |  E-term  |    KL     |   dw   |
    0         4.12      8.8189     6.766      8.8394     6.7627     3.1623     4.4274    70673.27   282610.4  -315938.0  -315925.497   12.254      0.0    
    5        622.03     8.9911     6.7006     9.0029     6.6904     3.1623     4.4274    76116.55  304115.83  -344532.0  -344518.888   12.63       0.0    
    10      1247.65     9.1318     6.7017     9.1416     6.6909     3.1623     4.4274    82077.77  326906.01  -374021.0  -374007.83   13.143      0.0    
    20      1899.47     9.4778     6.6853     9.4764     6.6661     3.1623     4.4274   101034.64  401486.05  -463099.0  -463084.203   14.718      0.0    
    50       2641.4     9.8931     6.5977     9.8892     6.5622     3.1623     4.4274   145096.52   575868.6  -655876.0  -655813.082   63.335      0.0    
   100       3499.7     8.6739     5.4839     8.6324     5.429      2.7468     3.487    110954.88  438414.19  -502368.0  -502309.57   58.46       0.0    
   200      4591.65     4.2291     2.6038     4.2195     2.5816     2.5141     2.7179    52914.73  210214.43  -232125.0  -232070.107   54.584      0.0    
   300      5776.52     3.3943     2.0776     3.395      2.0657     1.9934     2.4027    46282.68  183938.48  -205747.0  -205694.254   53.238      0.0    
   400      7103.49     2.9716     1.8393     2.9699     1.8308     1.6286     1.5565    43513.7   173094.75  -195248.0  -195197.283   50.812      0.0    
   500      8462.93     2.7989     1.7398     2.7932     1.7303     1.3523     0.4948    42273.64  167957.69  -190776.0  -190726.492   49.759      0.0    
   600      9878.97     2.6734     1.6586     2.6608     1.6478     1.9039     0.8043    41679.4   165682.74  -188296.0  -188247.195   48.339      0.0    
   700      11319.5     2.5582     1.5852     2.5554     1.5852     1.0435     4.2897    40806.67  162568.29  -185904.0  -185856.647   46.981      0.0    
   800      12780.49    2.5064     1.5653     2.4975     1.5622     1.0019     0.1936    40576.11  161538.15  -185255.0  -185209.421   45.253      0.0    
   900      14276.17    2.4668     1.5434     2.4663     1.5402     0.9888     8.8991    40244.22  160317.26  -184282.0  -184237.9    44.589      0.0    
   1000     15725.33    2.3832     1.4832     2.3695     1.4762     0.6974     0.7028    39617.89  157724.56  -181687.0  -181643.278   43.582      0.0    
   1100     17206.22    2.3254     1.4518     2.3188     1.4454     0.5545     0.5235    39325.69  156555.45  -180600.0  -180556.08   43.427      0.0    
   1200     18697.11    2.2932     1.4274     2.2737     1.411      1.1141     0.0835    39116.26  155480.63  -179252.0  -179209.139   42.848      0.0    
   1300     20194.99    2.2586     1.4015     2.2411     1.3884     0.8276     1.1829    38826.8   154404.33  -178531.0  -178488.254   42.45       0.0    
   1400     21694.1     2.2157     1.3695     2.2028     1.361      0.6953     1.1303    38537.04  153366.72  -177437.0  -177395.408   41.814      0.0    
   1500     23184.5     2.1774     1.3363      2.17      1.3304     0.6288     0.1904    38288.91  152378.07  -176444.0  -176403.035   41.372      0.0    
   1600     24683.97    2.1466     1.3173     2.1322     1.3062     0.7333     0.1646    38064.7   151565.61  -175732.0  -175690.674   41.179      0.0    
   1700     26173.66    2.1303     1.3094     2.1078     1.2924     0.6883     2.3483    38007.77  151222.38  -175350.0  -175308.976   40.553      0.0    
   1800     27664.4     2.1022     1.2876     2.0794      1.27      0.5962     1.6043    37767.86  150270.05  -174445.0  -174404.844   40.118      0.0    
   1900     29154.05    2.0686     1.266      2.0529     1.2541     0.6995     0.0326    37633.84  149739.53  -173874.0  -173834.16   40.074      0.0    
   2000     30644.52    2.0402     1.2536      2.02      1.2336     0.8104     0.094     37413.34  148783.85  -173278.0  -173238.485   39.73       0.0    
   2100     32128.96    2.0222     1.2397     2.0028     1.2187     1.0422     0.1644    37317.34  148390.91  -172747.0  -172707.57   39.441      0.0    
   2200     33609.03    2.0117     1.2293     1.9896     1.2112     0.632      0.3991    37243.15  148043.78  -172527.0  -172487.382   39.304      0.0    
   2300     35087.99    1.994      1.2156     1.9698     1.1944     0.6715     0.1235    37100.12  147491.79  -172081.0  -172042.017   38.929      0.0    
   2400     36559.08    1.9598     1.1879     1.9402     1.1703     0.7248     0.0717    36939.45  146826.56  -171228.0  -171189.135   38.939      0.0    
   2500     38028.7     1.9333     1.1715     1.915      1.1524     0.5562     0.0644    36755.71  146209.66  -170787.0  -170747.797   38.802      0.0    
   2600     39495.53    1.919      1.1603     1.9014     1.1426     0.7627     0.3628    36695.33  145894.05  -170465.0  -170425.981   38.664      0.0    
   2700     40960.41    1.894      1.1446     1.8738     1.1276     0.5987     0.1529    36540.41  145366.17  -170012.0  -169973.525   38.518      0.0    
   2800     42417.26    1.879      1.1401     1.8655     1.1226     0.5993     0.0497    36516.72   145250.3  -170094.0  -170055.596   38.337      0.0    
   2900     43861.12    1.8774     1.1444     1.8617     1.1265     0.7536     0.5622    36530.94  145286.71  -170255.0  -170217.001   38.355      0.0    
   3000     45312.15    1.857      1.1184     1.8361     1.0992     0.4431     0.1185    36341.54  144437.34  -169220.0  -169181.671   38.345      0.0    
   3100     46760.25    1.8536     1.1156     1.8286     1.094      0.3623     0.0182    36271.93  144228.77  -169014.0  -168975.81   38.313      0.0    
   3200     48210.22    1.8421     1.1095     1.8098     1.0847     0.6951     0.3309    36194.5   143875.84  -168721.0  -168683.236   38.26       0.0    
   3300     49659.0     1.8323     1.101      1.8018     1.0756     0.4413     0.0893    36176.63  143713.45  -168372.0  -168333.527   37.993      0.0    
   3400     51096.98    1.8233     1.0935     1.7958     1.0698     0.4522     0.0831    36172.98  143597.15  -168239.0  -168200.607   38.191      0.0    
   3500     52531.22    1.8149     1.0894     1.7867     1.0654     0.5121     0.0411    36071.97  143378.27  -168194.0  -168155.656   38.11       0.0    
   3600     53963.17    1.7904     1.0772     1.7686     1.0568     0.4867     0.0307    36003.4    143181.7  -168000.0  -167961.406   38.187      0.0    
   3700     55393.45    1.7812     1.0724     1.7604     1.0514     0.5579     0.0237    35970.46  143006.23  -167911.0  -167872.82   37.992      0.0    
   3800     56822.5     1.7714     1.0581     1.7488     1.0401     0.6126     0.0479    35895.5   142684.73  -167562.0  -167523.91   37.84       0.0    
   3900     58247.33    1.7644     1.0511     1.7371     1.029      0.4802     0.0251    35835.59  142447.67  -167259.0  -167221.317   37.752      0.0    
   4000     59678.0     1.759      1.0466     1.7286     1.0228     0.7607     0.0532    35796.47  142278.19  -167041.0  -167003.116   37.651      0.0    
   4100     61095.05    1.7545      1.04      1.7232     1.0183     0.4327     0.0325    35756.71  142171.08  -167010.0  -166972.623   37.542      0.0    
   4200     62510.25    1.7462     1.0428     1.7127     1.0141     0.5886     0.036     35720.26  141948.04  -166948.0  -166909.921   37.693      0.0    
   4300     63928.42    1.744      1.0446     1.7131     1.019      0.8898     0.0153    35734.07  141977.28  -167119.0  -167081.01   38.047      0.0    
   4400     65334.62    1.7304     1.0354     1.7028     1.0095     0.4381     0.0798    35642.7    141654.8  -166756.0  -166718.256   37.914      0.0    
   4500     66740.7     1.725      1.0309     1.6964     1.0034     0.4288     0.012     35596.47  141454.78  -166512.0  -166474.3    37.962      0.0    
   4600     68151.5     1.7121     1.0183     1.6864     0.9968     0.5176     0.0144    35588.5   141382.51  -166411.0  -166373.245   38.014      0.0    
   4700     69559.5     1.7037     1.0101     1.6782     0.9885     0.5001     0.0457    35526.66  141190.73  -166193.0  -166154.835   37.818      0.0    
   4800     70972.42    1.6969     1.0066     1.6762     0.9886     0.387      0.0401    35478.5   141072.84  -166105.0  -166067.187   37.921      0.0    
   4900     72372.61    1.6979     1.0005     1.6695     0.9816     0.4606     0.0363    35439.53  140910.52  -166013.0  -165975.404   37.929      0.0    
   5000     73772.13    1.6894     0.9997     1.6648     0.9777     0.3508     0.0141    35415.01  140789.62  -165935.0  -165897.349   38.101      0.0    
   5100     75166.83    1.6885     0.999      1.6579     0.9758     0.5141     0.0514    35407.76   140727.9  -165972.0  -165933.481   38.157      0.0    
   5200     76566.05    1.6802     0.9968     1.6537     0.9731     0.297      0.0085    35370.85  140555.72  -165764.0  -165726.64   37.857      0.0    
   5300     77961.94    1.6733     0.9929     1.6428     0.9664     0.4321     0.0378    35353.66  140472.32  -165761.0  -165722.814   37.876      0.0    
   5400     79359.7     1.6709     0.9858     1.6405     0.9614     0.4591     0.0081    35335.79  140361.77  -165566.0  -165528.456   37.919      0.0    
   5500     80752.26    1.6619     0.9785     1.6311     0.9548     0.3458     0.0233    35279.18  140224.94  -165373.0  -165335.002   37.859      0.0    
   5600     82146.59    1.656      0.9796     1.6278     0.9554     0.3595     0.0169    35276.73  140155.71  -165501.0  -165462.913   37.677      0.0    
   5700     83539.36    1.6525     0.9741     1.6216     0.9493     0.3681     0.0274    35243.62  140043.26  -165354.0  -165316.077   37.971      0.0    
   5800     84926.49    1.6321     0.9578     1.6072     0.9388     0.4144     0.0218    35158.6   139821.19  -165050.0  -165011.528   37.99       0.0    
   5900     86314.91    1.6473     0.9612     1.6127     0.9416     0.3397     0.0333    35195.94   139862.1  -165094.0  -165055.623   37.974      0.0    
   6000     87701.95    1.6429     0.9642     1.6133     0.9459     0.6153     0.0224    35175.75  139880.76  -165198.0  -165160.036   37.805      0.0    
   6100     89087.8     1.6409     0.9648     1.6113     0.9451     0.3474     0.4092    35185.49  139840.23  -165075.0  -165036.958   37.88       0.0    
   6200     90475.0     1.6332     0.9598     1.6065     0.9404     0.6335     0.0213    35142.89  139729.39  -164997.0  -164958.759   38.147      0.0    
   6300     91860.71    1.6332     0.9619     1.6084     0.9448     0.6212     0.0095    35133.22  139717.98  -165090.0  -165051.867   38.06       0.0    
   6400     93243.14    1.6293     0.9563     1.6024     0.9353     0.4523     0.0166    35123.28  139574.23  -164849.0  -164811.301   38.054      0.0    
   6500     94621.79    1.621      0.9476     1.594      0.9272     0.5475     0.0209    35070.36  139403.13  -164666.0  -164628.263   38.214      0.0    
   6600     96000.43    1.626      0.9586     1.5939     0.9336     0.4816     0.0086    35123.32   139646.0  -164980.0  -164941.865   38.006      0.0    
   6700     97381.88    1.6097     0.9449     1.5841     0.9246     0.4152     0.0261    35054.08  139375.56  -164684.0  -164646.414   37.922      0.0    
   6800     98756.63    1.6085     0.9404     1.5767     0.9149     0.3439     0.0113    35021.74  139229.52  -164524.0  -164486.453   37.816      0.0    
   6900     100131.9    1.6119     0.9495     1.5832     0.9231     0.5082     0.0148    35070.77  139456.29  -164817.0  -164779.133   37.726      0.0    
   7000    101503.14    1.5953     0.9326     1.5683     0.9117     0.4526     0.0339    34978.34  139028.69  -164444.0  -164406.252   37.683      0.0    
   7100     102873.3    1.5965     0.9316     1.5609     0.9049     0.4095     0.0095    34946.94  138927.38  -164280.0  -164242.117    37.7       0.0    
   7200    104241.34    1.5891     0.9292     1.5567     0.9019     0.3512     0.0109    34953.49  138923.66  -164233.0  -164195.411   37.709      0.0    
   7300    105611.85    1.5907     0.9316     1.5594     0.9051     0.5466     0.0141    34955.28  138936.86  -164250.0  -164212.637   37.687      0.0    
   7400    106986.28    1.5865     0.9289     1.5541     0.9036     0.5203     0.0137    34911.94  138834.13  -164314.0  -164276.175   37.606      0.0    
   7500    108351.38    1.5791     0.9243     1.5543     0.9041     0.5444     0.0702    34918.82  138866.19  -164203.0  -164165.185   37.909      0.0    
   7600    109724.85    1.5652     0.9121     1.5418     0.8962     0.4787     0.0704    34886.1    138703.2  -164029.0  -163990.948   38.093      0.0    
   7700    111088.49    1.5738     0.9178     1.5383     0.8907     0.4204     0.0364    34881.63  138614.22  -164050.0  -164011.69   37.914      0.0    
   7800    112457.25    1.557      0.9114     1.527      0.8867     0.385      0.0315    34858.64  138535.35  -164060.0  -164022.069   38.166      0.0    
   7900     113821.8    1.5624     0.9142     1.5318     0.8926     0.4885     0.0609    34824.85   138569.1  -164136.0  -164098.538   37.942      0.0    
   8000    115186.59    1.5667     0.9173     1.5385     0.8949     0.4173     0.0201    34866.76  138624.65  -164150.0  -164111.675   38.162      0.0    
   8100    116548.25    1.5542     0.9079     1.5288     0.8886     0.4429     0.0151    34832.69  138524.66  -164044.0  -164006.087   37.973      0.0    
   8200    117911.35    1.5633     0.9092     1.5273     0.8838     0.5115     0.0209    34864.68  138548.77  -163797.0  -163759.223   37.703      0.0    
   8300    119273.53    1.5509     0.8959     1.5198     0.8713     0.3714     0.0193    34777.05  138251.88  -163561.0  -163522.992   37.666      0.0    
   8400    120631.65    1.5514     0.8963     1.5166     0.8731     0.4145     0.0081    34798.75  138246.45  -163531.0  -163492.96   37.642      0.0    
   8500    121990.93    1.5476     0.9016     1.5155     0.8756     0.4617     0.0068    34804.16  138365.78  -163808.0  -163770.9    37.507      0.0    
   8600     123348.6    1.5507     0.9044     1.5195     0.879      0.4498     0.0149    34807.73  138336.35  -163706.0  -163668.159   37.393      0.0    
   8700    124703.84    1.5443     0.8997     1.508      0.8731     0.5553     0.0087    34771.44  138194.21  -163721.0  -163683.883   37.532      0.0    
   8800    126059.54    1.5332     0.8905     1.5028     0.8675     0.6023     0.0098    34736.1   138104.03  -163641.0  -163603.087   37.452      0.0    
   8900    127413.56    1.5331     0.8918     1.5017      0.87      0.4287     0.0118    34753.81  138121.93  -163636.0  -163598.656   37.666      0.0    
   9000    128767.52    1.5308     0.8917     1.5015     0.8673     0.3928     0.0104    34753.96  138169.11  -163506.0  -163467.859   37.67       0.0    
   9100    130122.67    1.5296     0.8907     1.4995     0.8657     0.4294     0.0057    34737.2    138085.9  -163588.0  -163549.821   37.801      0.0    
   9200    131474.54    1.5202     0.8805     1.4891     0.857      0.4518     0.0125    34683.66  137924.68  -163461.0  -163423.42   37.676      0.0    
   9300     132829.8    1.5145     0.8722     1.4858     0.8512     0.3322     0.0226    34682.63  137861.97  -163209.0  -163171.155   37.731      0.0    
   9400    134189.11    1.5096     0.8729     1.4835     0.8514     0.3463     0.0196    34643.24  137760.59  -163230.0  -163192.239   37.629      0.0    
   9500    135556.19     1.51      0.8744     1.4851     0.8557     0.3911     0.0213    34651.46  137824.91  -163314.0  -163276.642   37.52       0.0    
   9600    136916.43    1.5121     0.8774     1.482      0.8515     0.4027     0.0204    34645.81  137777.09  -163379.0  -163341.51   37.546      0.0    
   9700    138287.05    1.5025     0.8691     1.4744     0.8468     0.3079     0.0113    34623.04  137685.08  -163100.0  -163062.212   37.737      0.0    
   9800    139608.16    1.494      0.8619     1.4697     0.8449     0.409      0.0112    34630.23  137751.01  -163050.0  -163011.986   37.64       0.0    
   9900     140907.9    1.4972     0.8688     1.4775     0.8537     0.4846     0.0178    34637.35  137817.57  -163234.0  -163196.251   37.753      0.0    
  10000    142214.51    1.4921     0.8637     1.4658     0.8437     0.3913     0.0192    34568.94  137541.97  -162984.0  -162946.3    37.736      0.0    
  10100    143569.22    1.4937     0.8622     1.4674     0.8399     0.3228     0.0177    34583.55  137528.46  -162956.0  -162918.696   37.73       0.0    
  10200    144945.43     1.49      0.8635     1.4686     0.8396     0.4255     0.0175    34572.11  137554.29  -163036.0  -162998.355   37.785      0.0    
  10300    146323.27    1.4913     0.862      1.4672     0.8401     0.3072     0.0514    34558.75  137524.73  -163092.0  -163053.758   37.914      0.0    
  10400     147699.2    1.4831     0.8563     1.4588     0.8343     0.3148     0.006     34560.3   137450.26  -163010.0  -162972.348   38.004      0.0    
  10500    149073.32    1.4887     0.856      1.4629     0.8349     0.3504     0.0122    34534.2   137406.19  -162903.0  -162864.617   38.234      0.0    
  10600    150440.76    1.4902     0.8634     1.4618     0.837      0.3779     0.0088    34552.18  137460.79  -162990.0  -162952.098   38.213      0.0    
  10700    151799.48    1.4882     0.8623     1.4655     0.8444     0.4929     0.0105    34618.84   137705.9  -163172.0  -163133.435   38.241      0.0    
  10800    153124.93    1.4843     0.8587     1.4523     0.833      0.5088     0.0049    34559.48  137428.72  -162977.0  -162938.611   38.21       0.0    
  10900    154466.51    1.4801     0.8538     1.4499     0.8338     0.5357     0.0235    34551.35  137355.18  -162850.0  -162812.047   38.158      0.0    
  11000     155797.4    1.4774     0.8518     1.4441     0.8265     0.6269     0.0279    34556.72  137324.49  -162804.0  -162765.995   38.273      0.0    
  11100    157129.68    1.4718     0.849      1.4437     0.8273     0.4577     0.0094    34521.89  137255.94  -162739.0  -162700.375   38.357      0.0    
  11200    158495.54    1.4771     0.8561     1.4399     0.8274     0.3837     0.0047    34541.53  137329.82  -162896.0  -162857.717   38.172      0.0    
  11300    159838.72    1.4772     0.858      1.4546     0.8421     0.4632     0.0047    34587.45   137563.5  -163241.0  -163202.8    37.978      0.0    
  11400    161178.28    1.4725     0.8528     1.4443     0.8317     0.5035      0.01     34551.61  137391.01  -162971.0  -162933.174   37.877      0.0    
  11500    162520.49    1.4761     0.8588     1.4468     0.8359     0.616      0.0094    34577.89  137474.66  -162990.0  -162951.847   38.129      0.0    
  11600    163867.75    1.4693     0.8529     1.4365     0.8271     0.6946     0.0046    34555.07  137408.54  -162885.0  -162846.7    38.333      0.0    
  11700    165215.12    1.4683     0.8529     1.4377     0.8269     0.689      0.0054    34535.61  137301.11  -162800.0  -162760.956   38.569      0.0    
  11800    166550.83    1.4681     0.8536     1.4403     0.8317     0.503      0.0106    34529.43  137305.79  -162936.0  -162897.895   38.545      0.0    
  11900    167857.85    1.4544     0.8436     1.4293     0.8238     0.3402     0.0066    34488.88  137161.67  -162759.0  -162720.636   38.294      0.0    
  12000    169202.62    1.4516     0.8411     1.4263     0.8173     0.4469     0.0085    34474.81  137124.84  -162587.0  -162548.364   38.349      0.0    
  12100    170579.45    1.4492     0.836      1.4242     0.8161     0.6547     0.0105    34486.03  137097.15  -162483.0  -162444.758   38.297      0.0    
  12200    171901.84    1.4466     0.8332     1.4205     0.8113     0.5004     0.0045    34464.85  136983.33  -162462.0  -162423.377   38.514      0.0    
  12300    173231.04    1.4509     0.8354     1.4176     0.8094     0.3426     0.007     34449.22  136958.87  -162426.0  -162387.088   38.554      0.0    
  12400    174570.44    1.4377     0.8259     1.4123     0.8057     0.4784     0.0176    34456.12  136969.16  -162367.0  -162328.502   38.556      0.0    
  12500    175900.36    1.4491     0.8383     1.4219     0.8134     0.3599     0.0057    34477.35  137026.34  -162425.0  -162386.028   38.678      0.0    
  12600     177225.4    1.4469     0.8395     1.4229     0.8184     0.3962     0.0114    34477.32  137112.88  -162570.0  -162531.316   38.753      0.0    
  12700    178512.46    1.4373     0.8294     1.4153     0.8098     0.3602      0.01     34444.57  136954.53  -162449.0  -162410.617   38.707      0.0    
  12800    179800.71    1.443      0.8348     1.4197     0.8161     0.5626     0.006     34492.42  137067.81  -162668.0  -162629.497   38.901      0.0    
  12900    181093.75    1.4507     0.8446     1.424      0.8213     0.4536     0.0098    34507.16  137218.04  -162780.0  -162741.301   38.727      0.0    
  13000    182433.86    1.4421     0.839      1.422      0.8192     0.5657     0.0452    34475.22  137089.84  -162759.0  -162720.295   38.756      0.0    
  13100    183772.46    1.4351     0.8292     1.4096      0.81      0.3568     0.0175    34432.97  136901.95  -162470.0  -162431.191   38.505      0.0    
  13200    185082.13    1.4316     0.8264     1.4041     0.8047     0.434      0.0285    34417.33   136883.7  -162358.0  -162319.369   38.736      0.0    
  13300    186371.53    1.4381     0.8259     1.4076     0.8007     0.3465     0.0141    34427.4   136862.08  -162180.0  -162141.325   38.809      0.0    
  13400    187706.84    1.4275     0.821      1.3956     0.796      0.4592     0.0043    34428.53  136799.06  -162093.0  -162053.874   38.779      0.0    
  13500    189035.51    1.4252     0.8222     1.402      0.8038     0.3653     0.004     34411.38  136793.42  -162214.0  -162174.617   39.069      0.0    
  13600    190371.61    1.4257     0.8234     1.4056     0.8041     0.4979     0.0111    34412.37  136830.79  -162204.0  -162164.656   39.008      0.0    
  13700    191706.78    1.432      0.8241     1.4079     0.8033     0.4334     0.005     34410.38  136912.08  -162156.0  -162117.412   38.868      0.0    
  13800    193049.12    1.4291     0.827      1.4023     0.8029     0.4968     0.0042    34410.64  136868.15  -162213.0  -162174.144   38.907      0.0    
  13900    194388.42    1.4401     0.8364     1.4106     0.8111     0.5251     0.013     34443.7   136972.07  -162544.0  -162505.122   38.957      0.0    
  14000    195730.56    1.4299     0.8301     1.4036     0.8063     0.4242     0.0093    34423.08  136870.47  -162400.0  -162361.135   39.084      0.0    
  14100    197123.64    1.428      0.8242     1.4002     0.8035     0.3408     0.0097    34401.19  136792.43  -162335.0  -162296.237   39.096      0.0    
  14200    198525.85    1.4322     0.8318     1.4061     0.8098     0.5325     0.0095    34412.22  136863.18  -162517.0  -162478.59   38.885      0.0    
  14300    199918.94    1.4121     0.8145     1.3931     0.7983     0.3809     0.0039    34357.18  136666.98  -162250.0  -162211.399   38.979      0.0    
  14400    201310.42    1.4296     0.8296     1.4061     0.8119     0.541      0.0045    34412.65  136907.78  -162529.0  -162489.882   38.935      0.0    
  14500    202703.45    1.4215     0.8172     1.3921     0.7963     0.3202     0.0038    34363.63   136660.3  -162176.0  -162137.283   39.027      0.0    
  14600     204094.9    1.4298     0.8202     1.3924     0.7965     0.3534     0.0078    34396.57  136736.29  -162175.0  -162136.201   38.954      0.0    
  14700    205488.17    1.4241     0.8195     1.3882     0.793      0.372      0.0065    34396.65  136683.89  -162068.0  -162029.438   38.844      0.0    
  14800    206880.24    1.4328     0.8292     1.3994     0.8037     0.4103     0.0035    34427.39  136856.11  -162254.0  -162215.208   38.971      0.0    
  14900    208279.15    1.4224     0.8196     1.3937     0.7998     0.5146     0.0069    34416.48  136797.29  -162095.0  -162055.887   39.072      0.0    
  15000    209676.57    1.4175     0.8182     1.3917     0.7991     0.4547     0.0038    34412.34  136816.94  -162150.0  -162110.667   38.984      0.0    
  15100    211076.29    1.4076     0.8151     1.3832     0.7931     0.298      0.0037    34363.81  136634.03  -162220.0  -162180.957   39.059      0.0    
  15200    212476.32    1.4129     0.814      1.3847     0.7928     0.4396     0.0088    34356.76  136636.96  -162152.0  -162113.197   39.091      0.0    
  15300    213868.78    1.4237     0.8226     1.3979     0.8028     0.5063     0.0126    34399.35  136798.86  -162331.0  -162291.9    39.09       0.0    
  15400    215267.45    1.4052     0.8064     1.3776     0.7876     0.4005     0.0042    34338.96  136584.65  -162041.0  -162001.572   39.143      0.0    
  15500     216657.6    1.4024     0.8071     1.3769     0.788      0.3418     0.0049    34325.54  136572.08  -162133.0  -162093.282   39.25       0.0    
  15600    218049.84    1.4043     0.8079     1.3772     0.7882     0.4232     0.0035    34343.55  136571.97  -162013.0  -161973.317   39.505      0.0    
  15700    219456.97    1.4028     0.8112     1.3721     0.7882     0.4073     0.0034    34347.0   136528.42  -162088.0  -162048.936   39.46       0.0    
  15800    220850.35    1.4138     0.8193     1.3885     0.7994     0.6517     0.0151    34376.11  136760.19  -162362.0  -162323.327   39.156      0.0    
  15900    222259.94     1.41      0.8101     1.3847     0.7936     0.4324     0.0115    34348.22   136649.5  -162186.0  -162146.946   39.05       0.0    
  16000     223634.5    1.4016     0.8099     1.3739     0.7864     0.3431     0.0034    34326.54  136496.39  -162055.0  -162015.919   39.077      0.0    
[-0.84025537  0.18540224  0.01425101 -0.37944557 -0.53801596 -0.06334757
  0.53234497  1.09144814 -1.03796578 -0.99104137  0.81604665 -1.27684875
  0.24027221  1.2987785  -1.26163004 -0.29615837 -1.98335869 -1.01545881
 -0.1529166  -0.4232113 ]
[ 1.17770362  1.05897732  0.8387      0.87358047  0.38111129 -1.31643464
  0.59264708  1.73359794  1.33264287  0.97535538  1.98591008  0.10615156
  0.73391754 -0.09982514 -0.10890663  0.92982426  0.36510631  1.42085842
  0.58142424  1.03432756]
[ 1.3399486   1.31545388  0.94713213  0.68470553  0.99549125  0.74343408
  1.00358836  1.25691388  0.9756744  -0.76729841  1.28109545  1.05779374
  0.87157754  0.85920938  0.84706603 -0.57176884 -0.55263754  1.41388126
  1.27706173  1.05509098]
