Generating synthetic count valued data ... 
Generating synthetic  count valued data took:  17.330969095230103
max_count =  39.0  min count =  0.0
Evaluation for true params: 
 test_rsme | train_rsme | rel-te-err | rel-tr-err |  test_nll  |  train_nll |
0.4379040991 0.435901365    0.19008      0.18817      160649.2    639904.78  
Factorizing with max_iteration = 16000  fixing covariance?:  False
Tensor dimensions:  [50, 50, 50]
Optimization metrics: 
Using Ada Grad
Mean update scheme:  S
Covariance update :  N
Using diagonal covariance?:  False
Random start? True
k1 samples =  64  k2 samples =  64
eta =  1.0  cov eta =  1.0  sigma eta =  1
iteration |   time   |test_rsme |rel-te-err|train_rsme|rel-tr-err|  d_mean  |   d_cov  | test_nll | train_nll |    VLB   |  E-term  |    KL     |   dw   |
    0         4.18      8.7787     6.7162     8.7885     6.7004     3.1623     4.4274    70291.69  281798.03  -314582.0  -314569.498   12.679      0.0    
    5        611.8      8.9495     6.6533     8.9577     6.6255     3.1623     4.4274    76830.52  306188.55  -346489.0  -346475.481   13.112      0.0    
    10      1227.27     9.0808     6.6538     9.0866     6.6169     3.1623     4.4274    82183.79  328023.45  -374545.0  -374531.208   13.747      0.0    
    20      1870.92     9.4208     6.6286     9.4371     6.5969     3.1623     4.4274    98583.55  392694.59  -451639.0  -451623.981   15.218      0.0    
    50       2610.2     9.7946     6.441      9.7976     6.4175     3.1623     4.4274    141269.0   561344.1  -637062.0  -636999.194   62.633      0.0    
   100       3463.0     8.7056     5.4118     8.7062     5.3806     2.6587     1.7415    109814.5  436451.28  -497073.0  -497011.456   61.119      0.0    
   200      4589.39     5.0162     2.9594     5.0299     2.9494     1.9851     0.8017    57246.99  228370.64  -253381.0  -253322.714   58.411      0.0    
   300      5767.92     3.7332     2.2673     3.7564     2.2659     1.6929     9.7057    48258.99  193020.19  -216013.0  -215957.359   56.055      0.0    
   400      7110.27     3.2353     1.997      3.2279     1.9803     1.5737     0.2229    44891.92  178973.56  -202066.0  -202011.8    54.274      0.0    
   500      8525.72     2.9568     1.8319     2.9344     1.8103     1.0882     1.6343    43013.16  171182.74  -194716.0  -194660.418   55.433      0.0    
   600      9996.94     2.7655     1.7207     2.7343     1.6974     1.0854     0.3068    42053.16  167152.19  -190469.0  -190414.906   54.234      0.0    
   700      11490.41    2.6416     1.6494     2.6126     1.626      0.9154     0.3229    41291.44  164121.48  -187663.0  -187605.546   57.548      0.0    
   800      12994.45    2.5531     1.5995     2.5221     1.5766     1.0503     0.1084    40750.27  162103.19  -185749.0  -185693.709   55.312      0.0    
   900      14508.37    2.4732     1.5477     2.4441     1.5281     1.5644     0.1127    40439.24  160642.69  -183776.0  -183722.646   53.395      0.0    
   1000     16009.87    2.4429     1.5328     2.4162     1.5173     1.1726     0.0867    40285.93  160224.46  -183686.0  -183634.529   51.519      0.0    
   1100     17523.52    2.4009     1.5036     2.3804     1.4923     1.1477     1.4798    39965.79  159061.53  -182880.0  -182828.983   51.468      0.0    
   1200     19027.97    2.345      1.466      2.3186     1.441      0.7885     0.0399    39543.11  157141.11  -180798.0  -180747.319   50.393      0.0    
   1300     20537.84    2.3076     1.4296     2.2837     1.4077     0.7461     0.0908    39146.73  155557.12  -179221.0  -179172.27   48.885      0.0    
   1400     22058.95    2.2807      1.42      2.2577     1.3986     0.7701     0.0568    38974.18   154955.0  -178802.0  -178752.934   49.425      0.0    
   1500     23577.13    2.2468     1.4008     2.2137     1.3738     0.6733     0.6037    38806.42  154189.43  -178327.0  -178278.907   48.332      0.0    
   1600     25099.46    2.2134     1.3742     2.1848     1.3472     0.5892     0.4724    38528.19  153121.31  -177232.0  -177183.96   48.156      0.0    
   1700     26610.09    2.188      1.362      2.1636     1.338      0.5529     0.0304    38455.53  152836.25  -177098.0  -177050.603   47.621      0.0    
   1800     28114.03    2.1688     1.3512     2.1412      1.32      0.8876     0.578     38255.4    151863.7  -176177.0  -176128.964   47.888      0.0    
   1900     29619.34    2.1461     1.3307     2.1168     1.3024     0.6128     0.0533    38132.83  151325.97  -175627.0  -175579.625   47.162      0.0    
   2000     31135.68    2.136      1.3176     2.1052     1.2873     0.5774     0.0273    38009.61  150832.72  -175207.0  -175159.662   47.577      0.0    
   2100     32657.06    2.109      1.3024      2.08      1.2741     0.5483     0.0367    37891.87  150333.99  -174721.0  -174673.824   46.975      0.0    
   2200     34179.06    2.0834     1.2798     2.0493     1.2488     0.576      0.0387    37698.95   149429.8  -173645.0  -173597.601   47.595      0.0    
   2300     35681.12    2.0589     1.2648     2.0304     1.2337      0.64      0.0235    37592.94  149072.51  -173374.0  -173326.834   47.291      0.0    
   2400     37169.19    2.0576     1.2621     2.0269     1.2318     0.4399     0.0344    37503.8    148758.6  -173161.0  -173114.375   46.841      0.0    
   2500     38637.22    2.0335     1.2442     2.0046     1.2147     0.6395     0.2484    37428.1   148373.84  -172763.0  -172716.66   46.824      0.0    
   2600     40107.72    2.0223     1.2334     1.9859     1.1994     0.4628     8.3178    37282.16  147828.58  -172057.0  -172009.693   47.331      0.0    
   2700     41576.5     2.0201     1.2335     1.9815     1.198      0.4646     0.034     37268.93  147710.06  -172137.0  -172089.147   47.564      0.0    
   2800     43040.77    1.9921     1.2148     1.9578     1.1839     0.5247     0.1181    37100.12  147162.96  -171740.0  -171692.754   47.326      0.0    
   2900     44501.45    1.9774     1.2081     1.9452     1.1778     0.7322     0.1205    37048.54  146847.95  -171628.0  -171580.002   47.662      0.0    
   3000     45962.0     1.966      1.1944     1.9291     1.1621     0.5895     0.0418    36942.94   146462.8  -171213.0  -171164.731   47.855      0.0    
   3100     47434.63    1.9518     1.1836     1.9128     1.1496     0.4819     0.0423    36875.79  146210.32  -170864.0  -170816.937   47.426      0.0    
   3200     48910.79    1.9157     1.165      1.8846     1.1355      0.5       0.0467    36735.23  145773.49  -170469.0  -170421.215    47.8       0.0    
   3300     50372.08    1.9038     1.1596     1.8736     1.1302     0.4635     0.0332    36666.81  145504.37  -170333.0  -170285.26   48.005      0.0    
   3400     51836.83    1.9014     1.1576     1.8755     1.1327     0.5525     0.0521    36658.19  145509.28  -170244.0  -170195.77   48.093      0.0    
   3500     53295.43    1.8912     1.1476     1.859      1.1185     0.522      0.0301    36564.85  145068.44  -169860.0  -169811.398   49.097      0.0    
   3600     54740.55    1.8777     1.1334     1.8484     1.1064     0.4945     0.0292    36466.54  144666.79  -169375.0  -169325.034   49.898      0.0    
   3700     56191.11    1.8646     1.1246     1.8302     1.0933     0.4468     0.0278    36420.64  144437.15  -169075.0  -169024.949   49.585      0.0    
   3800     57654.58    1.8466     1.1122     1.8152     1.0845     0.6809     0.0458    36319.39  144122.88  -168952.0  -168902.414   49.302      0.0    
   3900     59109.65    1.8322     1.1072     1.8061     1.0811     0.7021     0.026     36311.56  144148.25  -169003.0  -168954.14   49.098      0.0    
   4000     60570.22    1.8246     1.1009     1.7914     1.0693     0.498      0.0979    36231.71  143709.21  -168608.0  -168559.542   48.912      0.0    
   4100     62031.65    1.8182     1.099      1.7862     1.0704     0.5211     0.0431    36198.18  143552.61  -168595.0  -168546.033   49.062      0.0    
   4200     63500.82    1.8027     1.0829     1.7716     1.0579     0.5671     0.0301    36138.13   143385.5  -168320.0  -168270.822   49.378      0.0    
   4300     64968.55    1.7933     1.0791     1.7651     1.052      0.5189     0.0436    36061.89  143113.13  -168105.0  -168055.771   49.151      0.0    
   4400     66445.6     1.7867     1.0731     1.7521     1.0415     0.5653     0.145     36013.3    142857.9  -167899.0  -167849.771   48.889      0.0    
   4500     67909.63    1.7787     1.0725     1.7507     1.0444     0.5607     0.058     36008.41  142931.29  -167971.0  -167921.952   48.95       0.0    
   4600     69373.95    1.7681     1.0608     1.737      1.0341     0.4962     0.2303    35941.74  142641.93  -167587.0  -167537.291   49.525      0.0    
   4700     70845.33    1.7613     1.0595     1.7277      1.03      0.5212     0.0247    35912.48  142527.05  -167670.0  -167620.333   49.174      0.0    
   4800     72340.24    1.7649     1.0636     1.7304     1.0316     0.5581      0.03     35935.59  142590.52  -167647.0  -167597.26   49.431      0.0    
   4900     73834.32    1.7602     1.0578     1.724      1.0273     0.4693     0.0325    35855.79  142254.35  -167281.0  -167231.108   49.553      0.0    
   5000     75308.85    1.7471     1.0469     1.707      1.0138     0.3591     0.0192    35787.59  142015.08  -167085.0  -167035.188   49.88       0.0    
   5100     76792.33    1.7521     1.0536     1.718      1.0225     0.6555     0.0283    35844.57   142252.9  -167359.0  -167309.865   49.595      0.0    
   5200     78252.82    1.7254     1.0332     1.6924     1.0022     0.4602     0.0168    35776.81  141895.58  -166680.0  -166630.123   49.812      0.0    
   5300     79701.27    1.7171     1.0314     1.6856     1.0018     0.4642     0.0118    35722.91   141778.4  -166812.0  -166761.982   49.861      0.0    
   5400     81162.5     1.708      1.0202     1.6787     0.9907     0.3494     0.0141    35676.35  141611.67  -166599.0  -166549.667   49.439      0.0    
   5500     82632.06    1.6986     1.0136     1.6658     0.9837     0.3984     0.0113    35640.19  141441.48  -166512.0  -166462.444   49.18       0.0    
   5600     84089.29    1.7049     1.0192     1.675      0.9917     0.3988     0.0123    35665.21  141530.87  -166528.0  -166478.345   49.329      0.0    
   5700     85547.59    1.7001     1.017      1.6672     0.9879     0.4278     0.0124    35640.67  141402.28  -166422.0  -166372.523   49.207      0.0    
   5800     86979.13    1.6878     1.007      1.6547     0.9761     0.4774     0.0248    35582.13  141266.11  -166156.0  -166106.185   49.738      0.0    
   5900     88408.47    1.6925     1.011      1.6578     0.9805     0.4281     0.0167    35535.53  141165.47  -166337.0  -166287.75   49.675      0.0    
   6000     89838.63    1.6739     1.002      1.6472     0.9759     0.6678     0.0204    35523.52  141208.34  -166282.0  -166231.562   49.959      0.0    
   6100     91267.98    1.6716     1.0015     1.6369     0.9698     0.4078     0.0089    35481.12  140957.31  -166174.0  -166124.128   49.496      0.0    
   6200     92683.45    1.6701     0.9995     1.6325     0.9654     0.4182     0.0111    35473.55  140839.31  -166008.0  -165957.688   49.846      0.0    
   6300     94117.33    1.6502     0.9837     1.6229     0.9542     0.3848     0.0107    35418.03  140638.93  -165798.0  -165747.922   49.708      0.0    
   6400     95536.78    1.6583      0.99      1.6306     0.962      0.6634     0.0085    35474.74  140876.04  -165972.0  -165922.128   49.728      0.0    
   6500     96949.42    1.645      0.9811     1.6134     0.9486     0.6691     0.0086    35394.17  140532.57  -165673.0  -165622.467   50.082      0.0    
   6600     98351.92    1.6439     0.9754     1.6154     0.9487     0.5031     0.011     35397.23  140585.86  -165578.0  -165527.31   50.193      0.0    
   6700     99760.31    1.6312     0.9708     1.604      0.9464     0.4957      0.01     35337.25  140377.82  -165583.0  -165533.583   49.81       0.0    
   6800    101190.45    1.6361     0.976      1.6053     0.9476     0.4323     0.0087    35347.9   140468.65  -165588.0  -165538.353   49.757      0.0    
   6900     102627.5    1.6291     0.9693     1.593      0.9382     0.417      0.0083    35315.61  140241.33  -165495.0  -165444.874   49.717      0.0    
   7000    104045.56    1.6206     0.9616     1.5906     0.935      0.5708     0.0911    35290.63  140183.53  -165395.0  -165344.186   50.355      0.0    
   7100    105471.67    1.6178     0.9633     1.585      0.9329     0.395      0.0164    35292.44  140180.02  -165312.0  -165262.157   49.851      0.0    
   7200    106901.05    1.6112     0.9568     1.5795     0.9308     0.5322     0.0194    35267.04  140139.88  -165195.0  -165144.737   50.077      0.0    
   7300    108332.15    1.6091     0.9568     1.5799     0.9313     0.7624     0.0079    35273.07  140185.73  -165345.0  -165294.738   50.197      0.0    
   7400    109760.08    1.6019     0.9493     1.5693     0.9222     0.7394     0.0105    35229.86  140046.22  -165166.0  -165115.943   50.412      0.0    
   7500    111192.45    1.589      0.9417     1.5681     0.918      0.541      0.0659    35192.37  139889.17  -164949.0  -164898.978   50.299      0.0    
   7600     112616.0    1.5894     0.9397     1.5699     0.9179     0.6209     0.0256    35163.12  139833.64  -164890.0  -164839.156   50.848      0.0    
   7700    114011.71    1.5855      0.94      1.5603     0.9141     0.488      0.0075    35133.28  139651.65  -164828.0  -164777.292   50.667      0.0    
   7800     115418.6    1.5834     0.9354     1.5565     0.9143     0.4583     0.0213    35110.01  139575.97  -164918.0  -164868.157   49.725      0.0    
   7900    116804.99    1.5884     0.9481     1.5625     0.9184     0.5591     0.013     35135.01  139733.59  -165078.0  -165027.44   50.246      0.0    
   8000    118180.64    1.5825     0.9364     1.5549     0.9109     0.555      0.0074    35121.15  139708.35  -164944.0  -164893.353   50.228      0.0    
   8100    119543.23    1.5773     0.933      1.548      0.9045     0.4226     0.0207    35097.24  139491.41  -164694.0  -164643.412   50.449      0.0    
   8200    120896.71    1.5749     0.9352     1.5502     0.9089     0.4619     0.0072    35095.42  139439.87  -164722.0  -164671.616   50.358      0.0    
   8300    122256.57    1.561      0.9246     1.5426     0.9028     0.4275     0.0116    35056.27  139360.43  -164680.0  -164629.572   50.378      0.0    
   8400    123623.01    1.5846     0.9435     1.5565     0.9167     0.5107     0.0176    35110.16  139583.13  -164845.0  -164794.633   49.916      0.0    
   8500    124987.73    1.5894     0.9454     1.5564     0.9198     0.5868     0.0072    35148.61  139707.48  -165103.0  -165052.796   49.707      0.0    
   8600    126349.01    1.5693     0.9326     1.5447     0.9097     0.6351     0.0101    35090.32  139565.15  -164987.0  -164937.182   49.888      0.0    
   8700    127729.25    1.5552     0.9229     1.5299     0.8942     0.4975     0.0131    35023.25  139242.96  -164607.0  -164556.418   50.437      0.0    
   8800    129111.25    1.5563     0.9223     1.5303     0.8926     0.4148     0.0068    34997.06  139193.13  -164379.0  -164328.999   50.284      0.0    
   8900    130491.74    1.5517     0.9171     1.532      0.8939     0.3968     0.0068    35029.11  139247.83  -164483.0  -164432.476   50.565      0.0    
   9000     131852.0     1.55      0.9166     1.5257     0.8945     0.4835     0.0067    35039.09  139280.08  -164499.0  -164449.298   50.166      0.0    
   9100    133185.86    1.5584     0.9245     1.534      0.8982     0.5099     0.0132    35017.89  139294.34  -164655.0  -164604.483   50.547      0.0    
   9200    134548.04    1.5521     0.9198     1.5324     0.8977     0.5715     0.0241    35012.36  139286.98  -164546.0  -164495.424   50.376      0.0    
   9300    135930.55    1.5513     0.9191     1.5168     0.8846     0.4983     0.0077    34967.97  139050.13  -164353.0  -164302.357   50.684      0.0    
   9400    137328.18    1.5431     0.9103     1.5186     0.8866     0.4583     0.0067    34971.77  138994.75  -164244.0  -164193.155   50.353      0.0    
   9500    138725.81    1.5397     0.9097     1.5131     0.8837     0.3687     0.0085    34940.24  138910.27  -164282.0  -164230.688   50.88       0.0    
   9600    140069.98    1.5422     0.9105     1.5138     0.8821     0.3182     0.0125    34930.95  138879.46  -164142.0  -164090.884   51.029      0.0    
   9700    141423.81    1.532      0.9065     1.5061     0.8796     0.423      0.0064    34906.39  138811.09  -164156.0  -164105.648   50.377      0.0    
   9800    142782.05    1.5457     0.9164     1.5127     0.8865     0.5615     0.0228    34954.45  138918.42  -164422.0  -164371.916   50.292      0.0    
   9900     144142.1    1.5345     0.9072     1.5086     0.8819     0.483      0.008     34928.55  138891.36  -164304.0  -164252.985   51.055      0.0    
  10000    145527.41    1.5273     0.9011     1.5004     0.8752     0.4149     0.0093    34918.99   138805.6  -164051.0  -164000.585   50.268      0.0    
  10100    146921.48    1.527      0.9002     1.5046     0.8764     0.3766     0.0065    34898.81  138817.85  -164084.0  -164032.832   51.165      0.0    
  10200    148314.89    1.5343     0.9111     1.5008     0.878      0.4144     0.021     34932.47  138837.05  -164106.0  -164055.152   50.564      0.0    
  10300    149697.84    1.5357     0.908      1.5053     0.8769     0.5183     0.0062    34927.42  138844.28  -164085.0  -164034.55   50.205      0.0    
  10400    151091.98     1.52      0.8984     1.4907     0.8687     0.636      0.0292    34901.3   138759.73  -164111.0  -164060.545   50.23       0.0    
  10500    152472.83    1.5186     0.8946     1.4943     0.8706     0.5003     0.0061    34921.76  138865.35  -164063.0  -164012.378   50.297      0.0    
  10600    153820.73    1.5267     0.9027     1.4982     0.8739     0.5961     0.0143    34910.06  138807.19  -164104.0  -164054.083   50.24       0.0    
  10700    155175.68    1.5141     0.8946     1.4872     0.8682     0.4756     0.0057    34883.3   138698.96  -163876.0  -163825.284   50.517      0.0    
  10800     156539.9    1.5123     0.889      1.4833     0.8625     0.3956     0.006     34842.41  138580.47  -163819.0  -163768.438   50.127      0.0    
  10900    157896.55    1.5141     0.8934     1.4878     0.8678     0.5106     0.0065    34859.52  138616.13  -163800.0  -163749.8    50.593      0.0    
  11000    159256.62    1.5172     0.8949     1.4884      0.87      0.4379     0.0525    34843.64  138507.46  -163922.0  -163871.089   50.43       0.0    
  11100    160611.31    1.514      0.8938     1.4879     0.8695     0.4864     0.0227    34830.86  138548.18  -163939.0  -163887.878   50.741      0.0    
  11200     161968.6    1.5007     0.8807     1.4771     0.8554     0.5183     0.0483    34808.33  138407.63  -163695.0  -163644.546   50.362      0.0    
  11300    163341.66    1.5101     0.8875     1.4803     0.8579     0.4385     0.0077    34825.06  138417.28  -163755.0  -163704.579   50.474      0.0    
  11400    164701.88    1.5117     0.8924     1.4843     0.867      0.5654     0.0056    34818.92  138500.59  -164052.0  -164001.522   50.406      0.0    
  11500    166041.31    1.5035     0.886      1.4776     0.8611     0.3808     0.0056    34818.54  138420.38  -163891.0  -163839.47   51.048      0.0    
  11600    167415.94    1.5055     0.8854     1.4679     0.8546     0.3734     0.0427    34804.3   138287.28  -163531.0  -163479.513   51.011      0.0    
  11700     168769.9    1.5113     0.8869     1.4734     0.8554     0.4402     0.0084    34813.51  138291.91  -163561.0  -163509.862   51.332      0.0    
  11800    170137.68    1.5094     0.8838     1.4714     0.8551     0.5069     0.0092    34824.05  138339.47  -163556.0  -163504.072   51.435      0.0    
  11900    171527.14    1.505      0.8806     1.4683     0.8523     0.529      0.0061    34791.1   138227.13  -163574.0  -163522.739   51.145      0.0    
  12000    172888.63    1.5001     0.8791     1.4682     0.8508     0.3472     0.0278    34788.16  138297.14  -163614.0  -163562.851   51.067      0.0    
  12100    174257.95    1.4929     0.8826     1.4639     0.8513     0.4359      0.01     34778.12  138295.08  -163674.0  -163623.056   50.794      0.0    
  12200    175619.71    1.4938     0.8788     1.4621     0.851      0.4437     0.0137    34797.12  138324.08  -163664.0  -163613.045   51.221      0.0    
  12300     176972.0    1.5008     0.8889     1.4692     0.8609     0.5101     0.0058    34835.48  138433.38  -163809.0  -163757.694   51.257      0.0    
  12400    178290.38    1.5009     0.8839     1.4665     0.8536     0.6298     0.0118    34800.6   138298.25  -163668.0  -163616.611   51.128      0.0    
  12500    179600.34    1.5005     0.8856     1.4633     0.8535     0.4636     0.0051    34791.38  138229.52  -163701.0  -163650.674   50.811      0.0    
  12600    180912.75    1.493      0.878      1.4579     0.8495     0.3489     0.0054    34773.91   138163.3  -163617.0  -163566.447   50.857      0.0    
  12700    182281.12    1.4866     0.8745     1.4545     0.849      0.5109     0.0054    34753.59  138153.51  -163658.0  -163607.017   50.619      0.0    
  12800    183665.32    1.4772     0.8715     1.451      0.8451     0.4984     0.0053    34756.52  138134.37  -163578.0  -163527.611   50.267      0.0    
  12900    185017.69    1.4831     0.872      1.4508     0.8425     0.4601     0.0051    34761.23  138089.96  -163399.0  -163348.803   50.056      0.0    
  13000    186326.39    1.4855     0.874      1.4532     0.843      0.3827     0.0077    34733.37  138004.94  -163353.0  -163303.026   50.434      0.0    
  13100     187708.5    1.4849     0.875      1.4555     0.8487     0.5147     0.0114    34764.22  138172.04  -163506.0  -163455.66   50.566      0.0    
  13200    189059.52    1.474      0.8655     1.4426     0.8362     0.4438     0.0078    34703.13  137965.12  -163278.0  -163227.818   50.563      0.0    
  13300     190449.5    1.4816     0.8681     1.4503     0.8435     0.3579     0.0185    34745.45  138104.71  -163447.0  -163396.413   50.384      0.0    
  13400    191850.25    1.4802     0.8684     1.4432     0.8377     0.3163     0.0049    34707.75  137951.54  -163406.0  -163355.67   50.162      0.0    
  13500    193241.17    1.4786     0.8692     1.442      0.8388     0.4673     0.0065    34705.42  137975.52  -163389.0  -163338.49   50.97       0.0    
  13600    194637.92    1.477      0.8681     1.4456     0.8412     0.4862     0.0055    34711.26  137996.89  -163463.0  -163412.708   50.764      0.0    
  13700    196033.23    1.475      0.863      1.4393     0.8344     0.2972     0.0051    34684.52  137848.26  -163260.0  -163210.057   50.306      0.0    
  13800    197521.41    1.4732     0.8663     1.4381     0.8374     0.3522     0.0052    34720.98  138019.81  -163466.0  -163416.037    50.4       0.0    
  13900    199013.91    1.4805     0.874      1.4413     0.8422     0.5528     0.0054    34740.33  138077.66  -163639.0  -163588.25   50.561      0.0    
  14000    200504.43    1.476      0.8702     1.4386     0.841      0.463      0.0052    34733.31  137995.53  -163579.0  -163528.912   50.358      0.0    
  14100     201988.7    1.475      0.8723     1.4407     0.8437     0.4958     0.0055    34727.07  138056.29  -163642.0  -163591.904   50.42       0.0    
  14200    203470.19    1.4677     0.8626     1.444      0.8405      0.4       0.0053    34693.36   137972.0  -163309.0  -163258.316   50.624      0.0    
  14300    204959.15    1.473      0.8624     1.4368     0.8334     0.3821     0.0057    34672.98   137855.2  -163141.0  -163090.311   50.478      0.0    
  14400    206457.86    1.4626     0.8582     1.4324     0.8326     0.3397     0.0046    34653.11  137781.88  -163216.0  -163165.789   50.513      0.0    
  14500     207954.8    1.4688     0.8637     1.4327     0.8314     0.278      0.0135    34642.65  137752.76  -163293.0  -163242.347   50.433      0.0    
  14600    209449.06    1.4711     0.8613     1.4323     0.8305     0.374      0.0084    34671.24  137821.75  -163155.0  -163103.879   50.73       0.0    
  14700    210932.61    1.4714     0.8676     1.438      0.8391     0.4529     0.0163    34687.96  137951.08  -163432.0  -163381.856   50.473      0.0    
  14800     212418.0    1.4593     0.859      1.4272     0.8346     0.4196     0.0046    34665.13  137842.56  -163461.0  -163410.133   50.582      0.0    
  14900     213908.4    1.4602     0.8602     1.4244     0.8306     0.4494     0.0054    34680.59  137813.81  -163379.0  -163328.536   50.962      0.0    
  15000    215394.28    1.4713     0.8674     1.4323     0.8372     0.329      0.0044    34655.51  137832.04  -163392.0  -163341.291   51.018      0.0    
  15100    216874.41    1.4676     0.8575     1.4238     0.8233     0.3471     0.0054    34640.4   137632.91  -162977.0  -162926.273   50.874      0.0    
  15200    218296.27    1.4783     0.8718     1.4332     0.8381     0.4313     0.005     34680.41  137822.28  -163427.0  -163376.163   50.906      0.0    
  15300    219725.08    1.463      0.8598     1.4272     0.8301     0.3705     0.0095    34644.61  137698.93  -163219.0  -163167.822   51.221      0.0    
  15400    221147.48    1.4609     0.8596     1.4255     0.8288     0.4505     0.006     34663.54  137697.34  -163148.0  -163096.286   51.249      0.0    
  15500    222573.93    1.4596     0.8582     1.4221     0.8269     0.3419     0.0053    34650.42   137709.6  -163212.0  -163160.834   50.889      0.0    
  15600    223991.95    1.4617     0.8572     1.4279     0.8305     0.4503     0.0045    34650.16  137751.99  -163242.0  -163191.26   50.692      0.0    
  15700    225420.31    1.453      0.8501     1.4204     0.8258     0.4403     0.0145    34628.56  137746.05  -163082.0  -163031.567   50.383      0.0    
  15800    226863.65    1.4545     0.8499     1.4179     0.8215     0.4504     0.0047    34633.78  137703.13  -163122.0  -163072.289   50.073      0.0    
  15900    228305.18    1.4479     0.8476     1.4163     0.822      0.4069     0.0048    34612.01  137635.45  -163033.0  -162983.025   50.292      0.0    
  16000     229736.6    1.4489     0.8454     1.4112     0.8168     0.3041     0.0043    34610.71  137536.64  -162953.0  -162902.368   50.275      0.0    
[-0.74155087  0.14045576  1.08613479 -0.73147986  1.31332492 -0.07681322
 -0.21799536  2.49670934  0.83380514 -0.65787202  0.59684485  0.05724263
 -0.20370205  0.06429452 -0.38671484 -1.57999349 -0.55813256 -0.22139624
  0.31288231 -0.16382308]
[ 0.60254446 -1.55234701 -0.39292201  0.69129961 -0.56412956  1.19434941
  0.27371794 -0.05750791  0.94764451  0.3094686   1.30113935  1.58310702
 -0.71691568 -1.97958806  0.34337266  1.74047165  2.13229419 -0.68630299
  0.77969728  0.05203209]
[ 1.10343319 -0.66328383 -0.56089673 -0.91707443  0.51798043 -0.87874753
  1.30004615 -0.77503875  0.45158674 -1.34206789 -0.59053171 -1.11624235
  0.99850052  1.19582191 -0.48226637 -0.97502299  1.7491853   1.15283704
  1.20819449  1.14542025]
