Generating synthetic count valued data ... 
Generating synthetic  count valued data took:  16.634785413742065
max_count =  39.0  min count =  0.0
Evaluation for true params: 
 test_rsme | train_rsme | rel-te-err | rel-tr-err |  test_nll  |  train_nll |
0.3122819239 0.3088850919   0.09752      0.09541     163511.02    651763.96  
Factorizing with max_iteration = 16000  fixing covariance?:  False
Tensor dimensions:  [50, 50, 50]
Optimization metrics: 
Using Ada Grad
Mean update scheme:  S
Covariance update :  N
Using diagonal covariance?:  False
Random start? True
k1 samples =  64  k2 samples =  64
eta =  1.0  cov eta =  1.0  sigma eta =  1
iteration |   time   |test_rsme |rel-te-err|train_rsme|rel-tr-err|  d_mean  |   d_cov  | test_nll | train_nll |    VLB   |  E-term  |    KL     |   dw   |
    0         4.1       8.7737     6.7124     8.7849     6.6999     3.1623     4.4274    70273.31  281703.41  -314369.0  -314356.29   12.674      0.0    
    5        596.29     8.9457     6.652      8.9524     6.6215     3.1623     4.4274    76811.81  305839.47  -346128.0  -346114.404   13.104      0.0    
    10      1193.42     9.078      6.6528     9.087      6.6186     3.1623     4.4274    82350.27   328306.4  -375155.0  -375141.318   13.733      0.0    
    20      1816.26     9.4246     6.6284     9.4386     6.6009     3.1623     4.4274    98722.2   393172.59  -452283.0  -452267.442   15.212      0.0    
    50      2531.64     9.7788     6.4262     9.7953     6.4143     3.1623     4.4274   140950.99  561460.36  -637002.0  -636937.149   65.063      0.0    
   100      3367.79     8.6816     5.3784     8.6845     5.3539     2.8249     1.312    109131.18  433693.82  -494135.0  -494073.607   61.83       0.0    
   200       4439.4     5.0057     2.9463     5.0166     2.9231     2.0523     0.6482    57415.12  228847.94  -252723.0  -252664.788   58.65       0.0    
   300      5560.07     3.6727     2.1942     3.694      2.1808     1.658      1.4531    47510.34   189544.7  -211899.0  -211845.276   53.931      0.0    
   400      6878.55     3.208      1.9529     3.2098     1.9439     1.5675     1.351     44584.93  177761.98  -200465.0  -200412.599   52.562      0.0    
   500      8239.19     2.9442     1.8217     2.9444     1.8135     1.508      0.8528    43057.04   171732.7  -195125.0  -195073.233   51.819      0.0    
   600      9632.73     2.7554     1.7145     2.7497     1.7053     1.3307     1.4655    42053.12  167497.92  -190800.0  -190749.226   51.23       0.0    
   700      11065.23    2.6375     1.6466     2.6216     1.6311     0.8847     0.3164    41296.75   164189.7  -187732.0  -187679.513   52.546      0.0    
   800      12548.07    2.5478     1.588      2.5293     1.5743     0.8249     0.327     40728.36  162065.51  -185755.0  -185704.226   50.323      0.0    
   900      14055.24    2.4815     1.5502     2.4626     1.5354     0.6416     0.044     40470.81  160913.51  -184134.0  -184082.948   50.742      0.0    
   1000     15549.69    2.4546     1.532      2.4322     1.5194     1.0415     0.1184    40345.02  160486.86  -183808.0  -183758.062   50.394      0.0    
   1100     17052.26    2.4216     1.5128     2.4077     1.5088     0.8256     0.5484    40126.36  159689.71  -183402.0  -183352.149   49.862      0.0    
   1200     18553.39    2.3668     1.481      2.3455     1.4619     0.8173     0.0698    39784.47  158130.04  -181633.0  -181583.97   49.324      0.0    
   1300     20054.62    2.332      1.4469     2.306      1.428      0.7851     0.1111    39368.92  156274.61  -179985.0  -179937.542   47.857      0.0    
   1400     21563.09    2.3054     1.4344     2.2842     1.4171     0.8147     3.6685    39154.36  155586.95  -179493.0  -179444.827   48.139      0.0    
   1500     23063.83    2.2688     1.4144     2.2419     1.3913     0.6878     0.5259    38963.03  154719.75  -178667.0  -178620.47   46.952      0.0    
   1600     24563.29    2.2319     1.389      2.2125     1.3684      0.58      1.8376    38686.08  153757.83  -177905.0  -177858.195   46.449      0.0    
   1700     26061.3     2.2162      1.38      2.1955     1.3608     0.6294     0.047     38647.07  153437.46  -177715.0  -177669.544   45.93       0.0    
   1800     27549.39    2.2054     1.3658     2.177      1.3413     0.8908     0.0374    38396.11  152349.02  -176556.0  -176509.26   46.296      0.0    
   1900     29037.42    2.171      1.3414     2.1379     1.3176     0.627      0.0996    38239.68  151711.09  -175875.0  -175829.561   45.893      0.0    
   2000     30529.47    2.159      1.3319     2.1216     1.3036     0.6416     0.0747    38136.95  151209.56  -175543.0  -175497.11   45.632      0.0    
   2100     32019.59    2.125      1.3126     2.0936     1.2867     0.6054     0.5547    37966.74  150572.11  -174824.0  -174778.006   45.682      0.0    
   2200     33514.66    2.0955     1.2892     2.0591     1.2593     0.6104     0.0296    37739.45  149613.38  -173726.0  -173680.145   45.974      0.0    
   2300     34997.74    2.0702     1.2704     2.0324     1.2379     0.5341     0.0394    37574.53  148971.08  -173203.0  -173156.966   46.101      0.0    
   2400     36479.01    2.0592     1.2593     2.0225     1.2312     0.3865     0.0285    37483.92  148659.11  -172914.0  -172868.541   45.351      0.0    
   2500     37944.27    2.0372     1.2471     2.0025     1.219      0.5543     0.0346    37418.03  148368.86  -172711.0  -172665.842   45.059      0.0    
   2600     39425.12    2.0191     1.2369     1.9813     1.2047     0.5704     0.0296    37287.31  147842.52  -172101.0  -172055.158   45.603      0.0    
   2700     40893.56    2.0173     1.2364     1.9801     1.2048     0.6299     0.0509    37250.25  147713.44  -172183.0  -172136.223   46.55       0.0    
   2800     42368.52    1.9815     1.2156     1.9528     1.1875     0.5036     0.0598    37094.8   147150.12  -171701.0  -171655.438   45.92       0.0    
   2900     43835.44    1.9711     1.2086     1.935      1.1755     0.576      0.0337    37021.8   146754.39  -171475.0  -171429.728   45.69       0.0    
   3000     45287.99    1.9565     1.1938     1.9213     1.1636     0.5142     0.0759    36911.49  146394.05  -171134.0  -171088.825   45.479      0.0    
   3100     46744.19    1.9439     1.1815     1.9037     1.1459     0.4948     0.0301    36842.65  146065.81  -170624.0  -170578.935   44.98       0.0    
   3200     48194.43    1.9139     1.1649     1.8769     1.1327     0.4708     0.0426    36700.04   145619.7  -170167.0  -170121.891   45.307      0.0    
   3300     49637.52    1.9096     1.1668     1.8684     1.1332      0.54      0.072     36687.57  145551.43  -170353.0  -170307.838   45.613      0.0    
   3400     51077.62    1.8973     1.1545     1.8653     1.1251     0.5741     0.0776    36624.85  145315.43  -169972.0  -169927.513   44.953      0.0    
   3500     52511.57    1.895      1.1501     1.8553     1.1176     0.4455     0.0271    36577.7   145035.12  -169773.0  -169727.559   45.368      0.0    
   3600     53928.98     1.88      1.1377     1.8476     1.1071     0.4774     0.0279    36465.31   144717.7  -169309.0  -169263.366   46.018      0.0    
   3700     55331.7     1.8557     1.1204     1.8259     1.0914     0.573      0.0545    36372.98  144360.95  -168992.0  -168945.926   45.622      0.0    
   3800     56726.46    1.8544     1.1203     1.8136     1.0866     0.5241     0.0307    36328.49  144169.48  -168938.0  -168892.916   45.337      0.0    
   3900     58116.46    1.8437     1.1153     1.8109     1.088      0.8878     0.0404    36339.1   144252.18  -169031.0  -168985.461   45.582      0.0    
   4000     59501.62    1.8323     1.1115     1.7951     1.0767     0.6901     0.0702    36254.51  143948.06  -168838.0  -168792.543   44.963      0.0    
   4100     60881.58    1.8182     1.099      1.7811     1.067      0.5335     0.0582    36170.81  143577.45  -168521.0  -168475.031   45.548      0.0    
   4200     62276.91    1.8074     1.0952     1.775      1.0655     0.5522     0.072     36163.38  143481.83  -168481.0  -168435.144   45.923      0.0    
   4300     63680.77    1.7947     1.0868     1.7656     1.0549     0.6095     0.0425    36043.72   143139.1  -168107.0  -168061.206   45.967      0.0    
   4400     65097.77    1.7951     1.083      1.7557      1.05      0.5213     0.0364    36033.02   142991.4  -168050.0  -168004.729   45.611      0.0    
   4500     66525.34    1.784      1.0758     1.7482     1.0459     0.5297     0.0274    35988.77  142908.19  -167974.0  -167929.386   45.089      0.0    
   4600     67944.72    1.7701     1.0662     1.7333     1.0348     0.6426     0.0706    35926.53  142640.63  -167626.0  -167580.774   45.589      0.0    
   4700     69357.93    1.7595      1.06      1.722      1.0269     0.4052     0.0324    35871.18  142452.47  -167518.0  -167472.513   44.994      0.0    
   4800     70778.54    1.7622     1.0646     1.7283     1.0341     0.6883     0.0236    35925.22  142618.59  -167653.0  -167607.358   45.664      0.0    
   4900     72199.45    1.7543     1.0587     1.7229     1.0302     0.4885     0.0498    35826.93  142235.14  -167315.0  -167269.287   45.937      0.0    
   5000     73612.28    1.7499     1.051      1.7101     1.0192     0.529      0.1517    35764.24  142120.54  -167249.0  -167203.04   46.166      0.0    
   5100     75023.56    1.7588      1.06      1.7215     1.0294     0.5608     0.0724    35873.63  142419.62  -167497.0  -167451.537   45.488      0.0    
   5200     76441.88    1.7353     1.0384     1.7003     1.0091     0.5595     0.0573    35744.45  141875.26  -166722.0  -166675.864   45.888      0.0    
   5300     77856.96    1.7191     1.027      1.6845     0.997      0.4441     0.1417    35673.65  141592.59  -166606.0  -166559.981   45.823      0.0    
   5400     79265.06    1.7166     1.0221     1.683      0.9957     0.4161     0.0582    35668.96  141590.67  -166645.0  -166599.546   45.897      0.0    
   5500     80675.28    1.707      1.019      1.6713     0.9908     0.4744     0.041     35638.04  141468.39  -166552.0  -166506.236   45.487      0.0    
   5600     82070.76    1.7132     1.0235     1.673      0.9908     0.4472     0.062     35632.29  141465.63  -166421.0  -166374.358   46.342      0.0    
   5700     83482.31    1.7113     1.0232      1.67      0.9918     0.5969     0.0125    35622.28  141356.98  -166474.0  -166427.882   46.181      0.0    
   5800     84884.2     1.6934     1.0132     1.6605     0.9855     0.3726     0.0288    35562.15   141215.1  -166292.0  -166245.368   46.232      0.0    
   5900     86287.08    1.697      1.0122     1.6599     0.982      0.3904      0.01     35536.91   141098.7  -166247.0  -166201.171   46.188      0.0    
   6000     87683.71    1.6847     1.008      1.6508     0.9804     0.7378     0.0336    35529.79  141164.59  -166319.0  -166272.924   46.161      0.0    
   6100     89087.4     1.6762     1.0001     1.6385     0.9706     0.4283     0.0124    35479.15  140872.46  -166092.0  -166046.834   45.649      0.0    
   6200     90480.78    1.664      0.9932     1.6296     0.9646     0.4003     0.0394    35427.91  140726.07  -165951.0  -165904.902   46.288      0.0    
   6300     91875.62    1.6657     0.9918     1.6245     0.959      0.5579     0.012     35398.5   140552.25  -165782.0  -165736.269   46.12       0.0    
   6400     93275.77    1.6729     0.9986     1.6331     0.9651     0.6308     0.0159    35449.71  140747.88  -165941.0  -165894.352   46.517      0.0    
   6500     94676.43    1.6517     0.9837     1.6113     0.9477     0.4591     0.0184    35366.83  140407.67  -165512.0  -165464.946   47.014      0.0    
   6600     96030.73    1.6551     0.9798     1.616      0.9505     0.5243     0.0195    35387.4   140557.56  -165496.0  -165449.873   46.616      0.0    
   6700     97382.59    1.6448     0.9775     1.6077     0.9493     0.6997     0.0115    35341.94   140446.5  -165658.0  -165611.356   46.389      0.0    
   6800     98742.28    1.642      0.9764     1.6047     0.9477     0.6447     0.018     35326.13  140327.29  -165549.0  -165502.33   46.489      0.0    
   6900    100135.05    1.6351     0.9729     1.5932     0.9438     0.5287     0.0088    35329.44   140188.7  -165568.0  -165521.332   46.414      0.0    
   7000    101514.97    1.6245     0.9608     1.5874     0.9324     0.359      0.0495    35276.35  140076.52  -165190.0  -165142.896   46.666      0.0    
   7100    102907.95    1.6209     0.9602     1.584      0.9338     0.5253     0.0084    35301.07  140123.45  -165306.0  -165259.451   46.633      0.0    
   7200    104294.38    1.6112     0.9515     1.5725     0.9262     0.5226     0.0416    35258.28  140043.89  -165101.0  -165054.516   46.544      0.0    
   7300    105688.83    1.6094     0.9515     1.5686     0.9219     0.4698     0.0126    35198.59  139860.92  -165079.0  -165032.89   46.059      0.0    
   7400    107069.73    1.6057     0.9497     1.5665     0.9225     0.8049     0.0078    35227.96  139918.07  -165082.0  -165034.985   46.561      0.0    
   7500    108458.71    1.5909     0.9407     1.5572     0.9099     0.6508     0.0642    35142.32   139604.5  -164757.0  -164710.025   46.584      0.0    
   7600     109841.1    1.5916     0.9397     1.5587     0.9125     0.5063     0.0203    35128.31  139611.16  -164690.0  -164643.037   47.099      0.0    
   7700    111231.39    1.593      0.9393     1.5517     0.9076     0.4269     0.0159    35114.84  139510.14  -164644.0  -164597.403   46.941      0.0    
   7800    112608.46    1.5866     0.9364     1.5462     0.9055     0.4039     0.0079    35094.99  139430.23  -164653.0  -164606.741   46.709      0.0    
   7900    113974.47    1.5911     0.9429     1.5542     0.9115     0.4636     0.011     35117.18  139569.55  -164908.0  -164860.682   47.36       0.0    
   8000    115329.51    1.5684     0.9307     1.5426     0.9087     0.6385     0.0074    35084.78  139480.15  -164846.0  -164798.474   47.284      0.0    
   8100     116685.9    1.5803     0.9343     1.542      0.9022     0.6278     0.0097    35098.94  139395.76  -164579.0  -164531.203   47.462      0.0    
   8200    118044.92    1.5819     0.9392     1.547      0.907      0.5091     0.0075    35089.17  139379.17  -164672.0  -164624.672    47.3       0.0    
   8300     119419.0    1.5734     0.9342     1.5401     0.906      0.4918     0.013     35085.62  139324.25  -164618.0  -164571.479   46.989      0.0    
   8400    120794.94    1.5886     0.9428     1.5461     0.9098     0.7065     0.0099    35088.69  139430.26  -164615.0  -164567.888   47.217      0.0    
   8500    122167.76    1.5787     0.9355     1.5403     0.9061     0.6369     0.0196    35086.25  139382.27  -164760.0  -164712.765   47.213      0.0    
   8600     123550.5    1.5607     0.9262     1.5277     0.8997     0.6978     0.0071    35084.44  139344.09  -164694.0  -164646.596   46.911      0.0    
   8700    124930.51    1.5504     0.9132     1.5142     0.8845     0.4071     0.0144    34979.51  138958.87  -164289.0  -164242.169   47.329      0.0    
   8800    126297.88    1.5479     0.9108     1.5144     0.8798     0.391      0.0083    34972.8   138956.31  -164159.0  -164111.947   47.172      0.0    
   8900    127657.87    1.5439     0.9065     1.5123     0.8818     0.5858     0.0091    34980.72  139003.26  -164206.0  -164158.784   47.262      0.0    
   9000    129028.27    1.5401     0.9052     1.5092     0.8819     0.5502     0.0067    34968.0   139020.48  -164324.0  -164276.439   47.357      0.0    
   9100     130391.9    1.5461     0.909      1.515      0.8849     0.4669     0.0078    34932.61  138941.23  -164318.0  -164270.279   47.712      0.0    
   9200    131758.67    1.5501     0.9149     1.5206     0.8902     0.6033     0.0082    35003.88  139174.55  -164442.0  -164394.248   47.546      0.0    
   9300    133115.18    1.544      0.9082     1.5087      0.88      0.7786     0.0152    34968.08  138912.31  -164165.0  -164117.218   48.115      0.0    
   9400    134472.04    1.5388     0.9064     1.507      0.8782     0.411      0.0149    34917.68  138745.76  -164148.0  -164100.742   47.414      0.0    
   9500    135839.47    1.5331     0.9026     1.5022     0.8758     0.4046     0.0068    34890.75  138628.52  -164022.0  -163974.24   47.569      0.0    
   9600    137200.15    1.534      0.8974     1.4994     0.8722     0.294      0.0087    34902.21  138654.63  -163889.0  -163840.983   48.213      0.0    
   9700    138567.46    1.5222     0.8962     1.4939     0.8695     0.5032     0.0107    34874.75  138602.11  -163938.0  -163890.809   47.348      0.0    
   9800    139883.43    1.5351     0.9046     1.5019     0.8788     0.7468     0.0075    34903.18  138751.25  -164263.0  -164215.112   47.525      0.0    
   9900    141195.38    1.5295     0.8971     1.4979     0.8728     0.4561     0.0202    34884.58  138686.81  -164066.0  -164018.396   47.849      0.0    
  10000    142512.16    1.5286     0.8948     1.4919     0.8677     0.5151     0.0592    34899.5   138655.71  -163797.0  -163749.071   47.811      0.0    
  10100    143824.89    1.5202     0.8882     1.4893     0.8633     0.435      0.0084    34844.74  138498.19  -163796.0  -163747.929   48.19       0.0    
  10200    145150.69    1.5224     0.8937     1.4866     0.864       0.45      0.031     34883.37   138572.8  -163750.0  -163701.842   47.879      0.0    
  10300    146476.66    1.5265     0.8962     1.4904     0.8678     0.4992     0.0061    34870.34  138531.91  -163811.0  -163763.088   47.843      0.0    
  10400    147802.84    1.5164     0.8897     1.4831     0.864      0.4873     0.0134    34854.9   138497.64  -163988.0  -163940.952   47.364      0.0    
  10500    149174.31     1.52      0.8953     1.493      0.8699     0.4073     0.0063    34883.99  138557.63  -163935.0  -163887.317   47.898      0.0    
  10600    150540.79    1.5235     0.8962     1.4866     0.8666     0.4468     0.006     34847.48  138421.71  -163941.0  -163892.586   48.035      0.0    
  10700     151905.0    1.5061     0.8816     1.4707     0.8552     0.3315     0.0107    34784.55  138240.71  -163604.0  -163555.47   48.531      0.0    
  10800    153229.81     1.5       0.8774     1.4709     0.8518     0.4582     0.0064    34769.64  138187.64  -163519.0  -163471.046   47.832      0.0    
  10900    154566.05    1.5082     0.8861     1.4739     0.856      0.3318     0.0061    34796.32  138216.72  -163574.0  -163525.581   48.001      0.0    
  11000    155902.22    1.5044     0.8814     1.4695     0.854      0.3383     0.0374    34777.26  138182.02  -163551.0  -163502.365   48.238      0.0    
  11100    157240.18    1.4994     0.8785     1.4734     0.8588     0.4977     0.0062    34767.63  138234.96  -163682.0  -163634.278   47.999      0.0    
  11200    158585.57    1.4978     0.876      1.4651     0.8496     0.3847     0.0057    34750.57  138103.53  -163511.0  -163463.688   47.777      0.0    
  11300    159930.95    1.5023     0.8781     1.4698     0.8497     0.3501     0.0245    34773.15   138126.1  -163542.0  -163494.029   48.035      0.0    
  11400    161273.72    1.5181     0.8948     1.4828     0.868      0.7242     0.0199    34825.29  138493.95  -164085.0  -164037.331   47.824      0.0    
  11500    162614.39    1.5059     0.8846     1.4696     0.8549     0.4624     0.0446    34783.39   138254.7  -163761.0  -163713.53   47.768      0.0    
  11600    163972.97    1.4873     0.8679     1.4606     0.8485     0.3363     0.0057    34733.01  138027.58  -163467.0  -163419.522   47.901      0.0    
  11700     165316.1    1.4962     0.8708     1.4626     0.8452     0.2969     0.0058    34722.37  137989.88  -163312.0  -163263.807   48.227      0.0    
  11800     166640.2    1.4953     0.8706     1.4602     0.8432     0.448      0.0066    34736.04  137984.18  -163196.0  -163147.646   48.398      0.0    
  11900    167966.55    1.4933     0.8685     1.4543     0.8371     0.5766     0.0055    34710.78  137940.56  -163222.0  -163173.402   48.374      0.0    
  12000    169287.48    1.4964      0.87      1.4612     0.8425     0.5266     0.009     34772.66  138170.68  -163286.0  -163237.784   48.298      0.0    
  12100     170649.4    1.4788     0.8632     1.4529     0.8387     0.4559     0.0087    34719.84  138019.89  -163319.0  -163269.753   48.825      0.0    
  12200     171970.8    1.4847     0.8632     1.4511     0.8383     0.4737     0.0115    34744.66  138078.29  -163354.0  -163304.705   48.809      0.0    
  12300    173325.24    1.483      0.8718     1.4592     0.851      0.6724     0.0053    34793.25   138256.6  -163623.0  -163574.773   48.41       0.0    
  12400    174678.84    1.4965     0.8767     1.4635     0.8513     0.6429     0.0232    34783.69  138156.57  -163604.0  -163555.791   48.597      0.0    
  12500    176006.28    1.4831     0.8669     1.4531     0.8423     0.3423     0.0051    34715.75  137905.56  -163363.0  -163314.115   48.85       0.0    
  12600    177327.53    1.4723     0.8594     1.444      0.8374     0.3265     0.0059    34698.12  137831.28  -163336.0  -163287.923   48.322      0.0    
  12700    178632.39    1.4747     0.8616     1.4415     0.8363     0.5469     0.0094    34673.95  137802.29  -163308.0  -163259.473   48.303      0.0    
  12800    179945.42    1.4693     0.8566     1.4398     0.8346     0.4396     0.0053    34685.85  137808.07  -163250.0  -163201.503   48.298      0.0    
  12900    181262.19    1.4733     0.8602     1.4405     0.834      0.4177     0.0076    34701.15  137867.62  -163181.0  -163133.053   47.818      0.0    
  13000     182575.4    1.4781     0.8655     1.4438     0.8357     0.6212     0.0051    34726.89   138024.0  -163287.0  -163238.543   48.502      0.0    
  13100    183892.73    1.4684     0.8591     1.4397     0.8356     0.5954     0.0051    34712.59  137979.38  -163264.0  -163215.484   48.332      0.0    
  13200    185195.26    1.4623     0.8504     1.4304     0.8272     0.6969     0.0076    34665.84   137813.6  -163050.0  -163001.711   48.183      0.0    
  13300    186506.83    1.4616     0.8521     1.4358     0.8292     0.5976     0.0198    34677.08  137815.98  -163060.0  -163011.275   48.44       0.0    
  13400    187820.39    1.4598     0.8507     1.429      0.8236     0.3208     0.0134    34621.18  137579.91  -162962.0  -162913.886   48.439      0.0    
  13500    189128.98    1.4602     0.8552     1.4299     0.8296     0.5203     0.0159    34651.81  137712.16  -163208.0  -163158.785    49.0       0.0    
  13600    190434.36    1.4608     0.8568     1.4259     0.8268     0.4108     0.0199    34641.72  137663.63  -163245.0  -163196.32   48.391      0.0    
  13700     191746.1    1.4595     0.8536     1.4267     0.8254     0.5227     0.0054    34653.54  137643.28  -163093.0  -163045.094   48.18       0.0    
  13800    193050.44    1.4674     0.8608     1.4282     0.8282     0.478      0.0143    34671.49  137709.85  -163179.0  -163131.128   48.297      0.0    
  13900    194346.54    1.4672     0.8612     1.4282     0.8311     0.5044     0.0108    34665.46  137742.15  -163284.0  -163236.434   47.837      0.0    
  14000     195643.5    1.4553     0.8522     1.4226     0.8267     0.3894     0.0048    34621.12  137599.55  -163225.0  -163176.83   47.722      0.0    
  14100    196940.15    1.4564     0.852      1.4225     0.8261     0.4342     0.0048    34622.18  137666.85  -163193.0  -163145.09   47.974      0.0    
  14200    198227.33    1.4548     0.847      1.4261     0.8243     0.5242     0.0054    34608.3   137641.54  -162963.0  -162914.518   48.738      0.0    
  14300    199514.54    1.4597     0.8484     1.4297     0.825      0.4873     0.0057    34614.6   137612.82  -162925.0  -162876.662   48.729      0.0    
  14400     200801.7    1.4458     0.8423     1.4133     0.8168     0.4691     0.0068    34614.9   137569.28  -162924.0  -162874.989   48.524      0.0    
  14500    202088.68    1.4498     0.8454     1.4177     0.8195     0.3585     0.0046    34593.92  137512.26  -163012.0  -162963.86   48.488      0.0    
  14600    203388.67    1.4528     0.8458     1.4148     0.8194     0.4022     0.0052    34615.7   137583.65  -162963.0  -162914.643   48.318      0.0    
  14700    204685.05    1.4538     0.849      1.4225     0.8266     0.4973     0.0291    34633.61  137604.04  -163138.0  -163089.798   48.542      0.0    
  14800    205980.19    1.4482     0.8484     1.4123     0.8232     0.452      0.0045    34624.73  137544.82  -163241.0  -163192.407   48.69       0.0    
  14900    207267.93    1.4434     0.845      1.4032     0.814      0.441      0.0045    34611.76  137499.45  -163094.0  -163045.66   48.531      0.0    
  15000    208565.53    1.4427     0.8396     1.4072     0.8157     0.3859     0.0044    34570.46  137371.44  -162950.0  -162901.852    48.6       0.0    
  15100    209859.96    1.4387     0.8358     1.4006     0.806      0.3244     0.0061    34574.54  137291.97  -162602.0  -162553.621   48.801      0.0    
  15200    211152.19    1.4397     0.8402     1.4093     0.817      0.3673     0.0062    34581.48  137368.79  -162915.0  -162866.414   48.828      0.0    
  15300    212436.75    1.4357     0.8366     1.4006     0.8109     0.4063     0.0046    34565.46  137326.12  -162777.0  -162728.047   48.514      0.0    
  15400    213729.61    1.4393     0.8402     1.3986     0.8113     0.7069     0.0142    34611.26  137444.01  -162736.0  -162686.815   48.834      0.0    
  15500    215017.17    1.4396     0.842      1.4011     0.8121     0.3537     0.0072    34568.36  137346.49  -162869.0  -162819.69   49.188      0.0    
  15600    216301.53    1.4429     0.8448     1.4042     0.8162     0.4543     0.0048    34586.03  137398.88  -162921.0  -162872.307   48.741      0.0    
  15700     217600.0    1.4266     0.8308     1.394      0.8055     0.4733     0.0044    34566.78  137322.81  -162676.0  -162626.514   48.992      0.0    
  15800    218900.04    1.4309     0.8362     1.3927     0.8067     0.514      0.0065    34570.09  137326.46  -162884.0  -162835.192   48.769      0.0    
  15900    220212.62    1.4273     0.832      1.3901     0.8047     0.5128     0.0045    34538.53  137229.81  -162786.0  -162737.266   49.026      0.0    
  16000    221514.49    1.4327     0.8344     1.3913     0.8065     0.4225     0.0124    34564.46  137346.85  -162777.0  -162727.914   48.868      0.0    
[-0.72143999  0.18202734  1.94765822 -1.01504108  0.64264038  0.56645253
 -0.70001036  2.06080428  1.07227137 -0.81196249  0.62028655 -0.1715945
 -0.64439826 -0.35896847 -0.27459173 -0.94382318 -0.43847209  0.23517466
 -0.18110016 -0.68581665]
[-0.25801491 -1.11143362  0.03399002  1.52479484 -0.57462273  0.97549209
 -0.06600457 -0.528836    0.89516973  0.96677202  0.49542395  1.72252559
 -0.48739264  0.82914     0.304421    0.25608932  2.30310088 -1.01871485
  1.5671007   0.44102735]
[ 1.24047447 -0.43040996 -0.53506339 -0.6799434   0.92624119 -0.90068691
  1.08789065 -0.83000622  1.01888207 -1.23976937 -0.85729013 -1.08221765
  0.99540927 -0.86066271 -0.54370728  0.79978071  1.66478964  1.21558007
  1.27056294  1.18932581]
