Generating synthetic real valued data ... 
Generating synthetic  real valued data took:  8.987444877624512
Evaluation for true params: 
 test_rsme | train_rsme | rel-te-err | rel-tr-err |  test_nll  |  train_nll |
1204.1840809454 1202.4146785192 0.1004525332 0.0999811243  287434.61    1149937.97 
Using  0.05 of training data
Factorizing with max_iteration = 16000  fixing covariance?:  False
Tensor dimensions:  [50, 50, 50]
Optimization metrics: 
Using Ada Grad
Mean update scheme:  S
Covariance update :  N
Using diagonal covariance?:  False
Random start? True
k1 samples =  64  k2 samples =  128
eta =  1.0  cov eta =  1.0  sigma eta =  1
iteration |   time   |test_rsme |rel-te-err|train_rsme|rel-tr-err|   d_mean  |   d_cov  |avg_grad_m|avg_grad_c| test_nll | train_nll |    VLB   |  E-term  |    KL     
    0         1.01    10043.0537   0.9979   10069.9993   0.9979     3.1623     0.3485   90933.9583  41.7988   287823.14   57564.63   -57581.0  -57564.627   16.839   
    5         53.4    10038.3944   0.9974   10065.3114   0.9974     3.1623     0.3605   589804.4431  308.9833  287823.14   57564.63   -57583.0  -57564.627   18.04    
    10       111.28   10033.3015   0.9969   10060.1839   0.9969     3.1623     0.372    1135344.4372  660.8878  287823.14   57564.63   -57584.0  -57564.627   19.081   
    20       179.29   10020.7267   0.9956   10047.5964   0.9956     3.1623     0.3776   2473019.1285 1713.2261  287823.14   57564.63   -57585.0  -57564.627   20.831   
    50       280.37   9963.6028    0.9896   9990.5559    0.9897     3.1623     0.3844   8431464.6599 8549.4126  287823.14   57564.63   -57609.0  -57564.627   43.923   
   100       424.55   9793.5594    0.9719   9820.5334    0.972       3.07      0.0263   18711082.5459 39030.8625 287823.14   57564.63   -57619.0  -57564.627   54.181   
   200       608.02   9104.7923    0.9003   9131.8358    0.9006     2.8069     0.0188   46534549.0022 257534.8047 287823.14   57564.63   -57631.0  -57564.627   66.165   
   300       770.91   7910.2807    0.7756   7937.3788    0.7763     2.5328     0.0088   74970269.9927 837296.4776 287823.14   57564.63   -57638.0  -57564.627   73.179   
   400       929.33   6285.4611    0.6049   6312.4308    0.6061     2.2404     0.0042   92114294.7946 1893148.1337 287823.14   57564.63   -57642.0  -57564.627   77.635   
   500      1085.56   4473.7537    0.4118   4499.8342    0.4135     1.9015     0.0019   89483627.2537 3374721.4866 287740.13   57556.83   -57644.0  -57563.737   80.652   
   600      1240.68   2881.7287    0.2409   2904.2913    0.2425     1.5039     0.0012   68419628.9416 4993480.624 286429.87   57315.18   -57628.0  -57545.568   82.683   
   700      1397.09   1879.0325    0.1458   1891.9868    0.1462     1.0903     0.0008   41463490.5997 6328854.3765 283459.79   56601.35   -57578.0  -57494.409   83.956   
   800      1552.61   1458.2398    0.1152   1456.9334    0.1152     0.7478      0.0     21102926.602 7162791.6918 280914.42   56414.18   -57573.0  -57487.92    84.718   
   900       1708.1   1324.7299    0.108    1311.8597    0.1071     0.5142      0.0     10480614.1379 7588075.1539 280501.67   56165.39   -57544.0  -57459.073   85.183   
   1000     1863.62   1280.1609    0.106    1260.0844    0.1043     0.3663      0.0     5832830.815 7784041.3809 279764.72   55981.61   -57542.0  -57456.34    85.487   
   1100     2020.11   1261.4863    0.1051   1236.9664    0.1029     0.2703      0.0     3803016.4111 7871524.9304 279792.85   55834.78   -57537.0  -57451.554   85.699   
   1200      2175.6   1252.3584    0.1046   1224.9267    0.102      0.2059      0.0     2718896.4052 7911376.7005 279907.81   55904.9    -57542.0  -57456.593   85.853   
   1300     2330.89   1247.6795    0.1043   1218.2261    0.1015     0.1592      0.0     2026858.377 7930414.3231 279811.62   55818.05   -57541.0  -57454.725   85.969   
   1400     2486.23    1245.317    0.1041   1214.3833    0.1012     0.1253      0.0     1540303.9455 7940080.6321 280206.36   55970.92   -57547.0  -57461.34    86.057   
   1500     2641.99   1244.1903    0.104    1212.1385    0.101      0.0989      0.0     1191637.9003 7945573.2823 280176.57   55893.09   -57543.0  -57456.603   86.125   
   1600     2797.78   1243.7174    0.104    1210.8118    0.1008     0.0773      0.0     917786.7193 7948955.7764  280094.5   56084.59   -57544.0  -57457.461   86.178   
   1700     2953.12   1243.5826    0.104     1210.012    0.1007     0.0626      0.0     718727.4302 7951173.5497 280201.66   55864.52   -57545.0  -57458.498   86.219   
   1800     3108.42   1243.6192    0.1039   1209.5209    0.1007     0.0497      0.0     568889.8749 7952378.1795 280115.15   56022.9    -57552.0  -57465.946   86.252   
   1900     3263.62   1243.7287    0.1039   1209.2104    0.1006     0.0391      0.0     464361.2442 7953538.3082 280015.15   55915.31   -57551.0  -57464.701   86.277   
   2000     3418.82    1243.85     0.1039   1209.0078    0.1006     0.032       0.0     387198.9717 7954300.9574 280014.98   55900.42   -57554.0  -57467.754   86.296   
   2100     3574.82   1243.9798    0.1039   1208.8705    0.1006     0.0257      0.0     332854.5928 7954796.4498 279967.87   56023.92   -57544.0  -57457.345   86.312   
   2200     3731.27   1244.1054    0.1039   1208.7727    0.1006     0.0208      0.0     292052.9686 7955265.582 279914.25   56010.37   -57551.0  -57464.598   86.324   
   2300      3886.7   1244.2027    0.1039   1208.6994    0.1006     0.0165      0.0     261847.8219 7955616.055 279979.43   56026.36   -57557.0  -57470.65    86.332   
   2400     4041.73   1244.2833    0.1039   1208.6411    0.1006     0.013       0.0     239263.3467 7955860.6143 280208.94   55915.31   -57555.0  -57468.615   86.341   
   2500     4196.52   1244.3532    0.1039   1208.5914    0.1006     0.011       0.0     228425.3965 7955856.6874 279971.71   55985.62   -57548.0   -57461.7    86.347   
   2600     4351.64   1244.4225    0.1039   1208.5475    0.1006     0.0086      0.0     218831.2853 7956126.2079 280125.51   56049.88   -57558.0  -57471.919   86.351   
   2700     4506.62   1244.4703    0.1039   1208.5071    0.1006     0.0073      0.0     211433.3849 7956206.8333 280070.93   56009.19   -57549.0  -57462.837   86.354   
   2800     4662.14   1244.5072    0.1039   1208.4689    0.1005     0.0064      0.0     206150.0064 7956363.8909 280178.57   55933.56   -57553.0  -57467.01    86.357   
   2900     4818.21   1244.5358    0.104    1208.4318    0.1005     0.0058      0.0     204384.9701 7956340.6975 280119.39   55966.81   -57561.0  -57474.827   86.359   
   3000     4973.55   1244.5583    0.104    1208.3953    0.1005     0.0057      0.0     202448.9959 7956456.3292 279986.69   55991.24   -57549.0  -57462.572   86.361   
   3100      5129.2   1244.5712    0.104    1208.3594    0.1005     0.0057      0.0     200890.1431 7956527.5126 280100.61   55956.24   -57563.0  -57476.82    86.363   
   3200     5284.06   1244.5911    0.104    1208.3236    0.1005     0.0057      0.0     201447.2136 7956497.6074 280097.41   55954.26   -57550.0  -57463.749   86.364   
   3300     5439.71   1244.6023    0.104    1208.2879    0.1005     0.0057      0.0     199137.22  7956505.3446 280118.37   56006.25   -57555.0  -57469.043   86.365   
   3400     5595.49   1244.6139    0.104    1208.2522    0.1005     0.0057      0.0     199692.5858 7956485.7067 279944.79   56036.7    -57545.0  -57458.833   86.366   
   3500     5751.06   1244.6267    0.104    1208.2163    0.1005     0.0061      0.0     200766.1289 7956629.202 280161.16   55945.23   -57566.0  -57479.783   86.366   
   3600     5906.34   1244.6228    0.104    1208.1803    0.1005     0.0058      0.0     200771.4137 7956520.3163 279985.82   55962.9    -57548.0  -57461.288   86.367   
   3700     6061.39   1244.6223    0.104    1208.1441    0.1005     0.0059      0.0     201462.7169 7956553.4385 279991.26   55985.83   -57556.0  -57469.343   86.368   
   3800      6216.3   1244.6291    0.104    1208.1077    0.1005     0.0059      0.0     201102.2883 7956599.3506 280099.81   56041.14   -57553.0  -57467.093   86.368   
   3900     6371.06   1244.6332    0.104    1208.0711    0.1005     0.0059      0.0     202233.561 7956615.023 280176.69   56026.81   -57566.0  -57479.229   86.368   
   4000     6526.16   1244.6393    0.104    1208.0342    0.1005     0.0059      0.0     202596.3043 7956572.7331  280024.0   56049.55   -57560.0  -57474.046   86.369   
   4100     6679.47   1244.6369    0.104    1207.9971    0.1005     0.006       0.0     203528.2563 7956494.2755 280095.02   55965.54   -57559.0  -57472.757   86.368   
   4200     6833.63   1244.6422    0.104    1207.9598    0.1005     0.0062      0.0     204196.7418 7956576.3905 280022.45   56056.48   -57554.0  -57468.099   86.369   
   4300     6987.06   1244.6434    0.104    1207.9222    0.1005     0.0061      0.0     205036.4526 7956446.8211 280053.76   55941.15   -57565.0  -57478.142   86.369   
   4400     7141.04   1244.6472    0.104    1207.8843    0.1005     0.0062      0.0     205133.8043 7956513.5924 280136.81   55982.18   -57556.0  -57469.374   86.368   
   4500      7294.0    1244.648    0.104    1207.8462    0.1005     0.0061      0.0     206269.8597 7956554.3676 280135.56   56049.8    -57549.0  -57463.116   86.368   
   4600     7447.38   1244.6499    0.104    1207.8077    0.1005     0.0062      0.0     206958.9425 7956496.2229 279977.64   55907.59   -57551.0  -57464.156   86.369   
   4700     7599.56   1244.6472    0.104     1207.769    0.1005     0.0062      0.0     207206.219 7956619.3357 279997.82   55963.38   -57553.0  -57466.403   86.369   
   4800     7751.66   1244.6447    0.104    1207.7301    0.1005     0.0062      0.0     208170.6921 7956586.1241 280206.99   56009.19   -57553.0  -57466.539   86.369   
   4900     7903.39   1244.6433    0.104    1207.6907    0.1005     0.0063      0.0     209008.1407 7956677.8167 280007.71   55888.1    -57554.0  -57467.31    86.369   
   5000     8055.97   1244.6367    0.104    1207.6511    0.1005     0.0064      0.0     209889.022 7956521.0039 280048.02   56031.22   -57554.0   -57467.4    86.369   
   5100     8207.61   1244.6399    0.104    1207.6111    0.1005     0.0065      0.0     210562.4836 7956698.3223  280014.8   55990.67   -57557.0  -57470.919   86.368   
   5200     8362.88   1244.6345    0.104    1207.5709    0.1005     0.0064      0.0     212036.7885 7956588.5598 280017.68   55961.55   -57549.0  -57462.514   86.368   
   5300     8519.49   1244.6286    0.104    1207.5303    0.1005     0.0064      0.0     212343.9235 7956575.484 280164.78   56049.94   -57562.0  -57476.109   86.369   
   5400     8676.33   1244.6227    0.104    1207.4893    0.1005     0.0064      0.0     213190.8775 7956610.9057 280144.43   56012.66   -57547.0  -57461.022   86.369   
   5500     8832.79   1244.6351    0.104     1207.448    0.1005     0.0066      0.0     214077.0936 7956650.3345 280035.48   55954.93   -57553.0  -57466.452   86.369   
   5600     8989.16   1244.6358    0.104    1207.4063    0.1005     0.0066      0.0     215214.457 7956567.3899 280135.58   56002.29   -57550.0  -57463.491   86.369   
   5700     9145.81   1244.6347    0.104    1207.3643    0.1005     0.0066      0.0     216410.8714 7956606.0093 280223.46   56055.4    -57558.0  -57471.419   86.369   
   5800     9302.32   1244.6356    0.104    1207.3218    0.1005     0.0066      0.0     216990.9067 7956789.2689 279882.29   55968.48   -57542.0  -57456.049   86.369   
   5900      9456.8    1244.637    0.104     1207.279    0.1004     0.0068      0.0     218050.7421 7956583.4332 280002.07   55966.16   -57555.0  -57468.987   86.368   
   6000     9611.02   1244.6371    0.104    1207.2357    0.1004     0.0067      0.0     219461.4879 7956547.3879 279952.17   55961.22   -57565.0  -57478.361   86.369   
   6100     9763.17   1244.6348    0.104     1207.192    0.1004     0.0068      0.0     219666.0324 7956585.0714 280009.44   55948.6    -57559.0  -57472.714   86.368   
   6200     9916.48   1244.6389    0.104    1207.1479    0.1004     0.0068      0.0     220742.7014 7956654.5267 279997.88   56097.32   -57552.0  -57465.443   86.369   
   6300     10069.58   1244.628    0.104    1207.1035    0.1004     0.0069      0.0     221793.2708 7956539.7648 279919.72   55887.17   -57545.0  -57458.732   86.369   
   6400     10223.52  1244.6273    0.104    1207.0585    0.1004     0.0069      0.0     222943.8973 7956584.3728 279938.16   55990.98   -57552.0  -57466.074   86.369   
   6500     10376.7    1244.628    0.104    1207.0131    0.1004     0.007       0.0     224095.6436 7956720.7612 280139.98   56047.78   -57549.0  -57463.079   86.369   
   6600     10530.83  1244.6293    0.104    1206.9672    0.1004     0.007       0.0     225262.4772 7956603.0804  280051.9   56031.13   -57545.0  -57458.784   86.369   
   6700     10683.05  1244.6297    0.104    1206.9209    0.1004     0.007       0.0     226110.2659 7956660.7535 279947.25   55968.09   -57559.0  -57472.734   86.369   
   6800     10836.4   1244.6315    0.104    1206.8741    0.1004     0.0072      0.0     227854.9547 7956612.8954 280013.33   56069.37   -57541.0  -57454.629   86.369   
   6900     10990.51   1244.635    0.104    1206.8268    0.1004     0.0072      0.0     228307.3454 7956664.4488 280068.93   55973.29   -57564.0  -57477.159   86.369   
   7000     11143.46  1244.6363    0.104    1206.7791    0.1004     0.0072      0.0     230057.4694 7956723.4109 280057.89   56021.04   -57554.0  -57467.777   86.369   
   7100     11295.8   1244.6441    0.104    1206.7308    0.1004     0.0073      0.0     231229.1552 7956742.7957 279906.35   55999.05   -57551.0   -57464.7    86.369   
   7200     11447.98  1244.6421    0.104     1206.682    0.1004     0.0074      0.0     232143.758 7956801.8804 280079.39   56008.45   -57549.0  -57462.62    86.369   
   7300     11601.53  1244.6423    0.104    1206.6327    0.1004     0.0074      0.0     233423.2993 7956707.7291 280048.22   55999.9    -57547.0  -57460.896   86.369   
   7400     11755.12  1244.6426    0.104    1206.5829    0.1004     0.0074      0.0     234645.5866 7956668.279 279906.07   56040.94   -57561.0  -57474.413   86.37    
   7500     11907.59  1244.6457    0.104    1206.5325    0.1004     0.0076      0.0     235211.5948 7956696.3308 280014.19   55983.43   -57546.0  -57459.37    86.369   
   7600     12060.67  1244.6407    0.104    1206.4816    0.1004     0.0076      0.0     236817.584 7956614.2685 280092.61   56031.12   -57552.0  -57465.69    86.369   
   7700     12212.94  1244.6365    0.104     1206.43     0.1004     0.0076      0.0     238822.1831 7956673.132 279970.55   56000.75   -57556.0  -57470.11    86.369   
   7800     12366.66  1244.6381    0.104     1206.378    0.1004     0.0077      0.0     239420.0566 7956627.8518 279994.39   55938.28   -57552.0  -57465.68    86.37    
   7900     12520.38  1244.6406    0.104    1206.3253    0.1004     0.0077      0.0     240994.1885 7956894.5656 280098.62   55995.76   -57545.0  -57458.194   86.37    
   8000     12673.15  1244.6356    0.104     1206.272    0.1004     0.0077      0.0     242030.0422 7956702.9274  280134.8   56003.63   -57549.0  -57462.498   86.37    
   8100     12825.71  1244.6349    0.104    1206.2182    0.1004     0.0078      0.0     243839.48  7956623.0885 279950.43   56016.67   -57550.0  -57463.955   86.37    
   8200     12978.51  1244.6385    0.104    1206.1636    0.1004     0.0078      0.0     245155.95  7956862.2936 280155.19   55957.32   -57551.0  -57464.214   86.371   
   8300     13131.06  1244.6345    0.104    1206.1085    0.1004     0.008       0.0     246151.5864 7956690.9855  280265.0   55935.94   -57544.0  -57457.827   86.37    
   8400     13284.45  1244.6364    0.104    1206.0527    0.1003     0.008       0.0     247865.6543 7956697.1002 280276.32   56035.76   -57547.0  -57460.601   86.37    
   8500     13436.92   1244.634    0.104    1205.9962    0.1003     0.0081      0.0     248793.4375 7956592.6437  280041.4   55982.4    -57560.0  -57473.168   86.37    
   8600     13589.88  1244.6347    0.104    1205.9391    0.1003     0.0081      0.0     250299.1283 7956632.4515 280065.82   56012.09   -57557.0  -57471.129   86.37    
   8700     13742.41  1244.6309    0.104    1205.8812    0.1003     0.0081      0.0     252050.7652 7956794.4053 279962.92   56012.99   -57562.0  -57475.969   86.37    
   8800     13895.63  1244.6397    0.104    1205.8227    0.1003     0.0082      0.0     253140.297 7956722.6462 280158.52   55963.97   -57551.0  -57464.387   86.37    
   8900     14047.96  1244.6328    0.104    1205.7636    0.1003     0.0082      0.0     254695.982 7956700.5926 279971.06   56004.69   -57554.0  -57468.053   86.37    
   9000     14201.15  1244.6258    0.104    1205.7036    0.1003     0.0083      0.0     256697.7864 7956770.8508 279974.66   56110.09   -57555.0  -57468.187   86.37    
   9100     14354.83  1244.6254    0.104     1205.643    0.1003     0.0084      0.0     258157.3107 7956773.3242 280084.97   56067.31   -57552.0  -57465.985   86.37    
   9200     14508.29  1244.6363    0.104    1205.5816    0.1003     0.0084      0.0     259110.9097 7956944.0633 280187.85   55946.9    -57557.0  -57471.105   86.37    
   9300     14660.64  1244.6306    0.104    1205.5195    0.1003     0.0085      0.0     260588.8826 7956796.2249 280022.03   56042.93   -57558.0  -57471.355   86.37    
   9400     14813.12  1244.6306    0.104    1205.4566    0.1003     0.0086      0.0     262027.3724 7956812.0957  279967.5   55991.16   -57554.0  -57467.952   86.37    
   9500     14966.58  1244.6313    0.104    1205.3929    0.1003     0.0086      0.0     263863.9683 7956842.1976 280023.99   56001.18   -57556.0  -57469.837   86.37    
   9600     15120.4   1244.6386    0.104    1205.3284    0.1003     0.0087      0.0     265660.457 7956790.7808 279963.31   55991.97   -57554.0  -57467.912   86.37    
   9700     15273.88   1244.636    0.104    1205.2631    0.1003     0.0087      0.0     267214.6178 7956803.6922 280114.51   56021.58   -57554.0  -57467.453   86.37    
   9800     15427.01  1244.6333    0.104     1205.197    0.1003     0.0087      0.0     268528.3332 7956758.3556 280072.86   55938.68   -57546.0  -57459.921   86.37    
   9900     15580.01  1244.6279    0.104     1205.13     0.1003     0.0089      0.0     270280.3986 7956692.0842 280108.39   55946.67   -57550.0  -57463.354   86.37    
  10000     15733.12  1244.6309    0.104    1205.0622    0.1003     0.009       0.0     271867.5264 7956699.8873 279990.99   55987.03   -57554.0  -57467.579   86.37    
  10100     15887.88  1244.6191    0.104    1204.9935    0.1003     0.009       0.0     273705.626 7956670.8454  280130.5   56095.17   -57567.0  -57480.334   86.37    
  10200     16040.78  1244.6281    0.104    1204.9239    0.1003     0.009       0.0     275464.2111 7956831.9629 280120.44   56077.88   -57558.0  -57472.039   86.37    
  10300     16193.36  1244.6317    0.104    1204.8535    0.1002     0.0092      0.0     277391.4786 7956767.9595 280015.17   56020.99   -57538.0  -57452.113   86.371   
  10400     16346.32  1244.6304    0.104     1204.782    0.1002     0.0091      0.0     279432.7399 7956782.7944 279904.05   56023.04   -57556.0  -57470.074   86.371   
  10500     16499.21  1244.6411    0.104    1204.7097    0.1002     0.0092      0.0     280953.797 7956805.0485 279997.53   55963.99   -57563.0  -57476.504   86.372   
  10600     16651.82  1244.6398    0.104    1204.6365    0.1002     0.0093      0.0     282301.877 7956886.5751 279971.07   56025.02   -57556.0  -57469.281   86.371   
  10700     16804.5   1244.6359    0.104    1204.5622    0.1002     0.0094      0.0     284551.4296 7956841.7338 280175.99   56000.37   -57552.0  -57465.339   86.371   
  10800     16957.13  1244.6266    0.104     1204.487    0.1002     0.0094      0.0     286094.0097 7956782.2273 280003.82   55972.93   -57553.0  -57467.087   86.371   
  10900     17110.02   1244.635    0.104    1204.4108    0.1002     0.0095      0.0     287852.3142 7956907.1798 280093.55   56036.04   -57549.0  -57462.878   86.371   
  11000     17262.62  1244.6356    0.104    1204.3337    0.1002     0.0095      0.0     289724.6192 7956843.4107 279925.85   55952.21   -57570.0  -57484.104   86.371   
  11100     17415.31  1244.6335    0.104    1204.2555    0.1002     0.0097      0.0     291469.0046 7956891.8513 279946.19   55990.23   -57544.0  -57457.812   86.371   
  11200     17568.03  1244.6308    0.104    1204.1762    0.1002     0.0097      0.0     293326.7462 7956757.6388 280157.81   56030.25   -57550.0  -57464.082   86.372   
  11300     17720.39  1244.6246    0.104     1204.096    0.1002     0.0097      0.0     295566.3748 7956883.2641 280010.59   56012.19   -57552.0  -57465.196   86.371   
  11400     17872.38  1244.6269    0.104    1204.0146    0.1002     0.0099      0.0     298033.2734 7956889.7519 279997.15   55995.14   -57549.0  -57462.884   86.371   
  11500     18024.55  1244.6229    0.104    1203.9322    0.1002     0.0099      0.0     298829.0634 7956943.0706  280124.4   55985.96   -57559.0  -57472.944   86.371   
  11600     18176.84  1244.6188    0.104    1203.8486    0.1002      0.01       0.0     301038.4956 7956880.4366  280048.6   55911.05   -57547.0  -57460.885   86.372   
  11700     18329.06  1244.6107    0.104    1203.7639    0.1002     0.0101      0.0     302757.5842 7956910.9393 280168.43   56007.84   -57562.0  -57475.498   86.372   
  11800     18481.34  1244.6127    0.104    1203.6781    0.1002     0.0102      0.0     305151.5607 7957032.0509 279926.97   56037.08   -57549.0  -57462.593   86.371   
  11900     18633.96   1244.617    0.104    1203.5912    0.1001     0.0102      0.0     306908.9653 7956850.9902 279968.88   56011.84   -57553.0  -57466.364   86.372   
  12000     18785.88  1244.6141    0.104    1203.5031    0.1001     0.0103      0.0     308757.9517 7956890.85 280139.04   56007.56   -57562.0  -57476.043   86.372   
  12100     18937.99   1244.615    0.104    1203.4137    0.1001     0.0104      0.0     310633.3016 7956815.6521  279939.7   55981.46   -57556.0  -57469.167   86.373   
  12200     19089.91  1244.6143    0.104    1203.3231    0.1001     0.0104      0.0     313124.8423 7956905.5521 279915.69   55927.61   -57560.0  -57473.278   86.373   
  12300     19242.52  1244.6164    0.104    1203.2312    0.1001     0.0105      0.0     315508.217 7956859.7379 280041.74   55989.31   -57550.0  -57463.946   86.373   
  12400     19394.49  1244.6183    0.104    1203.1381    0.1001     0.0106      0.0     317371.852 7956865.422 279983.83   55944.27   -57547.0  -57461.062   86.373   
  12500     19547.46  1244.6222    0.104    1203.0438    0.1001     0.0107      0.0     319992.1102 7956993.0941 279919.77   56061.74   -57552.0  -57465.386   86.373   
