Generating synthetic real valued data ... 
Generating synthetic  real valued data took:  7.898483514785767
Evaluation for true params: 
 test_rsme | train_rsme | rel-te-err | rel-tr-err |  test_nll  |  train_nll |
    0.0          0.0          0.0          0.0       287494.79    1149836.49 
Using  0.05 of training data
Factorizing with max_iteration = 16000  fixing covariance?:  False
Tensor dimensions:  [50, 50, 50]
Optimization metrics: 
Using Ada Grad
Mean update scheme:  S
Covariance update :  N
Using diagonal covariance?:  False
Random start? True
k1 samples =  64  k2 samples =  128
eta =  1.0  cov eta =  1.0  sigma eta =  1
iteration |   time   |test_rsme |rel-te-err|train_rsme|rel-tr-err|   d_mean  |   d_cov  |avg_grad_m|avg_grad_c| test_nll | train_nll |    VLB   |  E-term  |    KL     |   dw   |
    0         2.35    9980.4386    0.9978   9977.7663    0.9978     3.1623     0.4025   92508.3318 4.4536045541840403e+17 287823.14   57564.63   -57582.0  -57564.627   17.138      0.0    
    5        79.35    9975.6153    0.9974   9972.9164    0.9974     3.1623     0.4025   604296.9618 3.593348621220696e+18 287823.14   57564.63   -57583.0  -57564.627   18.231      0.0    
    10       156.62    9970.36     0.9968   9967.6157    0.9968     3.1623     0.4025   1163146.4785 7.285195399384346e+18 287823.14   57564.63   -57584.0  -57564.627   19.293      0.0    
    20       246.24   9957.4125    0.9955    9954.657    0.9955     3.1623     0.4025   2528267.9533 1.8675485555663925e+19 287823.14   57564.63   -57586.0  -57564.627   21.077      0.0    
    50       384.89   9898.7703    0.9896   9896.1434    0.9896     3.1623     0.4025   8584270.3953 8.90333393471559e+19 287823.14   57564.63   -57614.0  -57564.627   49.469      0.0    
   100       574.51   9725.2657    0.972    9722.7123    0.972      3.068       0.0     18915804.2213 3.841699335481445e+20 287823.14   57564.63   -57622.0  -57564.627   57.226      0.0    
   200       884.02   9025.5516    0.901    9023.2253    0.901      2.806       0.0     46748304.424 2.005427475951279e+21 287823.14   57564.63   -57632.0  -57564.627   67.204      0.0    
   300      1193.32   7813.4805    0.7779   7811.4829    0.7779     2.5299      0.0     75053271.1264 4.0686136846275896e+21 287823.14   57564.63   -57638.0  -57564.627   73.457      0.0    
   400      1502.18   6160.5475    0.6097   6158.9775    0.6097     2.2386      0.0     91945826.301 4.159916948414308e+21 287823.14   57564.63   -57642.0  -57564.627   77.739      0.0    
   500      1811.39   4299.6033    0.4197   4298.5463    0.4197     1.9007      0.0     89028091.4434 2.2211821153884884e+21 287823.14   57564.63   -57645.0  -57564.627   80.726      0.0    
   600      2121.62   2612.4699    0.2459   2611.9041    0.2458     1.5049      0.0     67799142.0573 6.224386677722441e+20 287823.14   57564.63   -57647.0  -57564.627   82.724      0.0    
   700      2432.73   1440.4678    0.1234   1440.0281    0.1234     1.095       0.0     40895392.9577 1.0810266548950283e+20 285099.16   57048.07   -57315.0  -57231.066   83.96       0.0    
   800       2742.1    817.8402    0.0634    816.8274    0.0635     0.7564      0.0     20748499.3031 1.7256274103634754e+19 274873.03   55029.6    -56278.0  -56193.544   84.687      0.0    
   900      3053.66    538.2696    0.0411    536.3067    0.0411     0.5249      0.0     10183372.4477 3.6061607086306084e+18  266451.7   53133.75   -55275.0  -55190.272   85.122      0.0    
   1000     3366.11    409.349     0.0317    406.6148    0.0317     0.3776      0.0     5638357.3806 1.1079982290756013e+18 259398.99   51988.44   -54665.0  -54579.403    85.4       0.0    
   1100     3679.55    340.2327    0.0268    337.0187    0.0266     0.2825      0.0     3622953.3525 4.6979968624532666e+17 254484.47   50915.04   -54159.0  -54073.848   85.591      0.0    
   1200     3992.02    299.231     0.0238    295.7148    0.0236     0.2172      0.0     2545323.6465 2.5318815990220643e+17 250761.71   50179.35   -53496.0  -53410.59    85.728      0.0    
   1300      4306.3    274.2992    0.0219    270.556     0.0217     0.1697      0.0     1862623.0229 1.6369024433594266e+17 247653.23   49503.4    -53411.0  -53324.943   85.831      0.0    
   1400      4619.4    259.2061    0.0207    255.2815    0.0206     0.1342      0.0     1383165.8993 1.221799666775431e+17 244618.54   48993.94   -53098.0  -53012.301   85.909      0.0    
   1500     4932.55    250.1832     0.02     246.0996    0.0198     0.1066      0.0     1029801.1727 1.0111762711714638e+17 243155.31   48654.81   -53001.0  -52914.576   85.969      0.0    
   1600     5245.86    244.825     0.0196    240.6013    0.0194     0.0849      0.0     774993.117 8.984724051103106e+16 242101.82   48378.07   -52953.0  -52867.302   86.016      0.0    
   1700     5561.91    241.6358    0.0194    237.2953    0.0192     0.0681      0.0     589702.4641 8.327999726346965e+16 241827.59   48199.12   -52569.0  -52482.489   86.053      0.0    
   1800     5876.58    239.7509    0.0192    235.3109    0.019      0.0548      0.0     450066.9498 7.971088508516562e+16 241255.96   48234.66   -52595.0  -52509.418   86.081      0.0    
   1900     6188.27    238.6398    0.0191    234.1095    0.0189     0.0437      0.0     346897.8177 7.754256209346555e+16 241299.75   48173.78   -52543.0  -52457.053   86.103      0.0    
   2000     6500.65    237.967     0.0191    233.3726    0.0189     0.0352      0.0     273209.9227 7.610789130675891e+16 240940.06   48229.98   -52733.0  -52646.897   86.121      0.0    
   2100     6811.36    237.5651    0.0191    232.9143    0.0188     0.0292      0.0     217095.765 7.54198166391597e+16 241143.53   48277.18   -52643.0  -52557.005   86.135      0.0    
   2200     7122.79    237.3226    0.019     232.6308    0.0188     0.0231      0.0     170264.0082 7.468645171005845e+16 241281.91   48188.74   -52501.0  -52414.755   86.145      0.0    
   2300     7432.94    237.1864    0.019     232.4502    0.0188     0.0192      0.0     139734.9779 7.443176082953256e+16 240929.95   48314.08   -52552.0  -52465.35    86.154      0.0    
   2400     7741.82    237.099     0.019     232.3323    0.0188     0.0152      0.0     116688.1227 7.41100889245577e+16 241005.19   48091.0    -52607.0  -52521.011   86.16       0.0    
   2500     8050.23    237.0527    0.019     232.2561    0.0188     0.0122      0.0     96279.3963 7.407090479183374e+16 241376.73   47948.55   -52390.0  -52304.321   86.165      0.0    
   2600     8363.84    237.015     0.019     232.204     0.0188     0.0099      0.0     83512.2643 7.394268399320421e+16 241249.97   48338.91   -52586.0  -52500.141   86.169      0.0    
   2700     8682.02    236.9974    0.019     232.1667    0.0188     0.0076      0.0     73092.3324 7.396030561132346e+16 241114.61   48225.11   -52791.0  -52704.819   86.172      0.0    
   2800      9000.6    236.9847    0.019     232.1393    0.0188     0.0066      0.0     66270.1797 7.378700684188658e+16 241338.21   48022.82   -52603.0  -52516.619   86.175      0.0    
   2900     9318.65    236.9741    0.019     232.1181    0.0188     0.005       0.0     61833.9927 7.384092166884949e+16 241562.72   48056.71   -52552.0  -52466.131   86.177      0.0    
   3000     9631.55    236.9665    0.019     232.1006    0.0188     0.0045      0.0     57785.0218 7.379216542828331e+16 241311.48   48207.16   -52560.0  -52474.223   86.178      0.0    
   3100     9942.06    236.9619    0.019     232.0859    0.0188     0.0032      0.0     55590.3648 7.377916649847938e+16 241259.27   48051.46   -52665.0  -52578.477   86.18       0.0    
   3200     10253.61   236.9526    0.019     232.0728    0.0188     0.0028      0.0     52891.238  7.356632155304093e+16 241285.47   48235.25   -52518.0  -52432.195   86.18       0.0    
   3300     10563.96   236.941     0.019     232.0607    0.0188     0.0027      0.0     51905.2114 7.363275920743941e+16 240870.62   48143.26   -52617.0  -52530.937   86.181      0.0    
   3400     10875.0    236.9404    0.019     232.0493    0.0188     0.0018      0.0     50454.4111 7.359581006637613e+16 240868.71   48347.93   -52548.0  -52461.344   86.182      0.0    
   3500     11185.0    236.9366    0.019     232.0383    0.0188     0.0019      0.0     49644.4634 7.36951396091065e+16 241047.76   48324.57   -52797.0  -52710.807   86.182      0.0    
   3600     11493.97   236.9357    0.019     232.0275    0.0188     0.0018      0.0     50288.5394 7.354204976952384e+16 241346.72   48247.07   -52552.0  -52465.37    86.183      0.0    
   3700     11804.34   236.9316    0.019     232.0169    0.0188     0.0015      0.0     49596.556  7.361988007915755e+16 241081.67   48262.09   -52456.0   -52370.2    86.183      0.0    
   3800     12114.42   236.9291    0.019     232.0065    0.0188     0.0015      0.0     48837.012  7.356353344231418e+16 241121.81   48189.07   -52583.0  -52496.402   86.184      0.0    
   3900     12425.18   236.9292    0.019     231.9961    0.0188     0.0015      0.0     49014.1608 7.362384024480776e+16 241045.82   48118.72   -52448.0  -52361.818   86.184      0.0    
   4000     12736.56   236.9241    0.019     231.9858    0.0188     0.0016      0.0     49051.7539 7.346286023792768e+16 241183.49   48239.26   -52641.0  -52554.784   86.184      0.0    
   4100     13046.93   236.9206    0.019     231.9755    0.0188     0.0015      0.0     48557.2398 7.358820163008856e+16 241719.91   48217.3    -52641.0  -52554.69    86.184      0.0    
   4200     13356.32   236.9125    0.019     231.9652    0.0188     0.0015      0.0     48031.224  7.356074327615685e+16 241049.21   48248.38   -52720.0  -52633.579   86.184      0.0    
   4300     13666.15   236.9126    0.019     231.9549    0.0188     0.0016      0.0     48212.9396 7.349608540871482e+16 241309.68   48263.87   -52718.0  -52631.532   86.184      0.0    
   4400     13976.72   236.9141    0.019     231.9446    0.0188     0.0016      0.0     49103.5395 7.354314622144474e+16 241289.51   48209.57   -52618.0  -52531.67    86.184      0.0    
   4500     14287.04   236.9066    0.019     231.9344    0.0188     0.0015      0.0     49016.005  7.359513424951926e+16 241095.01   48209.17   -52646.0  -52559.832   86.184      0.0    
   4600     14598.06   236.9048    0.019     231.9241    0.0188     0.0015      0.0     48717.0748 7.347224721324501e+16  241254.0   48153.49   -52632.0  -52546.307   86.184      0.0    
   4700     14906.96   236.9016    0.019     231.9138    0.0188     0.0015      0.0     49145.5096 7.34961025021918e+16 240785.64   48150.68   -52561.0  -52474.76    86.185      0.0    
   4800     15218.46   236.898     0.019     231.9035    0.0188     0.0019      0.0     48886.9719 7.342553391480946e+16  241136.2   48121.3    -52442.0  -52355.699   86.185      0.0    
   4900     15529.87   236.8951    0.019     231.8933    0.0188     0.0015      0.0     48544.2308 7.349700448900198e+16  241391.7   48190.81   -52552.0  -52466.277   86.185      0.0    
   5000     15841.44   236.8834    0.019     231.883     0.0188     0.0016      0.0     49031.9227 7.343465062023866e+16 241364.44   48215.8    -52608.0  -52521.635   86.185      0.0    
   5100     16151.33   236.8782    0.019     231.8727    0.0188     0.0015      0.0     49068.0007 7.346532739368242e+16 241061.58   48203.33   -52729.0  -52642.698   86.185      0.0    
   5200     16461.82   236.8771    0.019     231.8625    0.0188     0.0016      0.0     49401.8245 7.346528701746501e+16  241468.2   48203.62   -52671.0  -52584.619   86.184      0.0    
   5300     16771.52   236.8683    0.019     231.8522    0.0188     0.0015      0.0     48968.0053 7.3372194761801e+16  240663.7   48250.17   -52521.0  -52434.721   86.184      0.0    
   5400     17081.19   236.8686    0.019     231.8419    0.0188     0.0018      0.0     49763.2819 7.337349034261656e+16  241267.0   48218.17   -52640.0  -52553.757   86.184      0.0    
   5500     17390.63   236.8643    0.019     231.8315    0.0188     0.0017      0.0     48809.577  7.333232415754418e+16 240923.92   48212.26   -52721.0  -52634.569   86.185      0.0    
   5600     17700.25   236.8673    0.019     231.8212    0.0188     0.0016      0.0     48993.0096 7.3369092671173e+16 241125.93   48361.76   -52414.0  -52327.997   86.184      0.0    
   5700     18008.82   236.8616    0.019     231.8109    0.0188     0.0015      0.0     48693.585  7.332239412787291e+16 241417.77   48133.08   -52574.0  -52487.999   86.185      0.0    
   5800     18317.48   236.8593    0.019     231.8006    0.0188     0.0016      0.0     48810.7961 7.325543875809874e+16 241148.84   48138.05   -52622.0  -52535.552   86.184      0.0    
   5900     18627.92   236.8608    0.019     231.7903    0.0188     0.0015      0.0     49300.4128 7.34513782292585e+16 241262.43   48129.04   -52710.0  -52624.021   86.184      0.0    
   6000     18936.02   236.8568    0.019     231.7799    0.0188     0.0015      0.0     49495.7967 7.326906557998707e+16 241071.25   47942.66   -52718.0  -52631.352   86.184      0.0    
   6100     19244.52   236.8504    0.019     231.7696    0.0188     0.0015      0.0     49341.5859 7.331731404863469e+16 240975.73   48102.55   -52637.0  -52550.333   86.184      0.0    
   6200     19553.66   236.8446    0.019     231.7592    0.0188     0.0015      0.0     49290.2871 7.336111049247771e+16 240984.17   48135.83   -52683.0  -52597.293   86.184      0.0    
