Factorizing with max_iteration = 120000  fixing covariance?:  False
Tensor dimension: [135, 135, 49]
Mean update: S
Cov update: N
Using diagonal covariance: False
Factorization rank:  20
k1 samples =  64  k2 samples =  128
eta =  1.0  cov eta =  1.0  sigma eta =  1
iteration |   time   |  test_err  |  test_mae  |  trainerr  |  trainmae |
    0         2.57      0.9226     1.921      0.9243     1.9228  
    5        438.54     0.9007     1.8981     0.9017     1.8992  
    10       878.35     0.8626     1.8575     0.863      1.858   
    20      1333.75     0.8074     1.7971     0.8078     1.7976  
    50       1843.8     0.6321      1.59      0.6328     1.591   
   100      2420.68     0.4414     1.3288     0.4361     1.3207  
   200      3141.24     0.1803     0.8492     0.1781     0.844   
   5000     17137.63    0.0193     0.2777     0.0179     0.2677  
  10000     32040.64    0.0175     0.2648     0.0159     0.2523  
  15000     47066.13    0.0175     0.2645     0.0159     0.2518  
  20000     61965.61    0.0163     0.255      0.0145     0.241   
  25000     76794.25    0.0156      0.25      0.014      0.2365  
  30000     91565.18    0.0157     0.2503     0.0142     0.238   
  35000     106306.9    0.0162     0.2546     0.0142     0.238   
  40000    120955.48    0.0157     0.2503     0.0141     0.2379  
  45000    135679.29    0.0156     0.2496     0.0136     0.2328  
  50000    150339.55    0.0155     0.2489     0.0136     0.2333  
  55000    165022.27    0.0153     0.2472     0.0136     0.2334  
  60000    179651.44    0.0158     0.2511     0.0142     0.2382  
  65000    194317.56    0.0161     0.254      0.0145     0.2406  
  70000    208959.69    0.0171     0.2615     0.0158     0.2518  
  75000    223590.05    0.0162     0.2543     0.0145     0.2408  
  80000    238099.88    0.0165     0.2568     0.0149     0.2438  
  85000    252644.45    0.0162     0.2548     0.0148     0.2434  
  90000    267220.06    0.017      0.2609     0.0157     0.2506  
  95000    281640.78    0.0172     0.2619     0.0157     0.2502  
  100000   296056.51    0.0175     0.2648     0.0162     0.2546  
  105000    310470.3    0.0177     0.2658     0.0166     0.2573  
  110000   324850.06    0.0176     0.2653     0.0162     0.2544  
  115000   339197.98    0.0186     0.2725     0.017      0.2609  
