Factorizing with max_iteration = 120000  fixing covariance?:  False
Tensor dimension: [135, 135, 49]
Mean update: S
Cov update: N
Using diagonal covariance: False
Factorization rank:  20
k1 samples =  64  k2 samples =  128
eta =  1.0  cov eta =  1.0  sigma eta =  1
iteration |   time   |  test_err  |  test_mae  |  trainerr  |  trainmae |
    0         1.83      0.9273     1.926      0.9275     1.9262  
    5        441.78     0.9009     1.8983     0.9018     1.8992  
    10       887.47     0.8505     1.8444     0.8524     1.8465  
    20      1347.53     0.7735     1.759      0.7758     1.7616  
    50      1851.33     0.6176     1.5718     0.618      1.5723  
   100       2421.3     0.4678     1.3679     0.4641     1.3625  
   200      3121.07     0.2452     0.9904     0.2401      0.98   
   5000     14008.65    0.0187     0.2735     0.0166     0.2575  
  10000     25688.02    0.0165     0.257      0.0144     0.2397  
  15000     37286.6     0.016      0.2528     0.0132     0.2295  
  20000     49030.04    0.0155     0.2492     0.013      0.228   
  25000     60560.42    0.0153     0.2472     0.0126     0.2247  
  30000     72092.5     0.0154     0.2481     0.0122     0.2211  
  35000     83564.8     0.0149     0.2439     0.0123     0.2216  
  40000     95019.86    0.015      0.2453     0.0124     0.223   
  45000    106481.67    0.0152     0.247      0.0122     0.2205  
  50000    117910.42    0.0153     0.2473     0.0118     0.2175  
  55000    129345.93    0.0151     0.2461     0.012      0.2188  
  60000    140847.17    0.0149     0.2441     0.0118     0.217   
  65000    152265.13    0.015      0.2448     0.0121     0.2198  
  70000    163679.08    0.015      0.2449     0.0118     0.2177  
  75000    175108.22    0.0149     0.2441     0.0119     0.2182  
  80000    186551.85    0.0155     0.2488     0.0117     0.2165  
  85000    197948.72    0.0151     0.2457     0.0118     0.2172  
  90000    209342.24    0.0151     0.2456     0.0117     0.2168  
  95000    220824.91    0.0151     0.2455     0.0117     0.2164  
  100000   232227.61    0.0148     0.2434     0.0117     0.2167  
  105000   243630.89    0.0152     0.2462     0.0117     0.2164  
  110000   255048.77    0.0149     0.2441     0.0117     0.2162  
  115000    266471.8    0.0153     0.2477     0.0115     0.2149  
  120000   277864.53    0.0152     0.2462     0.0117     0.216   
