Factorizing with max_iteration = 20000  fixing covariance?:  False
Tensor dimension: [14, 14, 56]
Mean update: S
Cov update: N
Using diagonal covariance: True
k1 samples =  64  k2 samples =  128
eta =  1.0  cov eta =  1.0  sigma eta =  1
iteration |   time   |  test_err  |  test_mae  |  trainerr  |  trainmae |
    0         2.25      0.9817     0.9908     0.9823     0.9911  
    5        13.11      0.9817     0.9908     0.9823     0.9911  
    10        24.0      0.9817     0.9908     0.9823     0.9911  
    20       42.65      0.9817     0.9908     0.9823     0.9911  
    50       92.94      0.9817     0.9908     0.9823     0.9911  
   100       165.5      0.9817     0.9908     0.9823     0.9911  
   200       308.78     0.9817     0.9908     0.9823     0.9911  
   500       718.36     0.9817     0.9908     0.9823     0.9911  
   1000      1403.6     0.9817     0.9908     0.9823     0.9911  
   1500     2241.62     0.9817     0.9908     0.9823     0.9911  
   2000     2921.29     0.9817     0.9908     0.9823     0.9911  
   2500     3608.03     0.9817     0.9908     0.9823     0.9911  
   3000     4303.22     0.9817     0.9908     0.9823     0.9911  
   3500     4979.81     0.9817     0.9908     0.9823     0.9911  
   4000     5646.67     0.9817     0.9908     0.9823     0.9911  
   4500     6378.25     0.9817     0.9908     0.9823     0.9911  
   5000     7098.38     0.9817     0.9908     0.9823     0.9911  
   5500     7938.48     0.9817     0.9908     0.9823     0.9911  
   6000     8730.01     0.9817     0.9908     0.9823     0.9911  
   6500     9502.48     0.9817     0.9908     0.9823     0.9911  
   7000     10253.59    0.9817     0.9908     0.9823     0.9911  
   7500     11034.37    0.9817     0.9908     0.9823     0.9911  
   8000     11799.85    0.9817     0.9908     0.9823     0.9911  
   8500     12571.3     0.9817     0.9908     0.9823     0.9911  
   9000     13328.8     0.9817     0.9908     0.9823     0.9911  
   9500     14072.53    0.9817     0.9908     0.9823     0.9911  
  10000     14808.17    0.9817     0.9908     0.9823     0.9911  
  10500     15558.5     0.9817     0.9908     0.9823     0.9911  
  11000     16362.56    0.9817     0.9908     0.9823     0.9911  
  11500     17130.84    0.9817     0.9908     0.9823     0.9911  
  12000     17873.78    0.9817     0.9908     0.9823     0.9911  
  12500     18608.43    0.9817     0.9908     0.9823     0.9911  
  13000     19445.64    0.9817     0.9908     0.9823     0.9911  
  13500     20656.63    0.9817     0.9908     0.9823     0.9911  
  14000     21812.87    0.9817     0.9908     0.9823     0.9911  
  14500     23006.73    0.9817     0.9908     0.9823     0.9911  
  15000     24282.39    0.9817     0.9908     0.9823     0.9911  
  15500     25485.28    0.9817     0.9908     0.9823     0.9911  
  16000     26273.18    0.9817     0.9908     0.9823     0.9911  
  16500     27081.12    0.9817     0.9908     0.9823     0.9911  
  17000     27913.52    0.9817     0.9908     0.9823     0.9911  
  17500     28777.63    0.9817     0.9908     0.9823     0.9911  
  18000     29619.53    0.9817     0.9908     0.9823     0.9911  
  18500     30475.62    0.9817     0.9908     0.9823     0.9911  
  19000     31345.52    0.9817     0.9908     0.9823     0.9911  
  19500     32228.2     0.9817     0.9908     0.9823     0.9911  
  20000     33122.0     0.9817     0.9908     0.9823     0.9911  
