Factorizing with max_iteration = 20000  fixing covariance?:  False
Tensor dimension: [14, 14, 56]
Mean update: S
Cov update: N
Using diagonal covariance: True
k1 samples =  64  k2 samples =  128
eta =  1.0  cov eta =  1.0  sigma eta =  1
iteration |   time   |  test_err  |  test_mae  |  trainerr  |  trainmae |
    0         6.2       0.9814     0.9907     0.9823     0.9911  
    5       1938.44     0.9814     0.9907     0.9823     0.9912  
    10      3675.58     0.9814     0.9907     0.9823     0.9911  
    20      5678.11     0.9814     0.9907     0.9823     0.9911  
    50      7435.16     0.9814     0.9907     0.9823     0.9911  
   100      9524.69     0.9814     0.9907     0.9823     0.9911  
   200      11828.3     0.9814     0.9907     0.9823     0.9911  
   500      15020.62    0.9814     0.9907     0.9823     0.9911  
   1000     19590.4     0.9814     0.9907     0.9823     0.9911  
   1500     25082.3     0.9814     0.9907     0.9823     0.9911  
   2000     31151.74    0.9814     0.9907     0.9823     0.9911  
   2500     37147.56    0.9814     0.9907     0.9823     0.9911  
   3000     43473.52    0.9814     0.9907     0.9823     0.9911  
   3500     49879.24    0.9814     0.9907     0.9823     0.9911  
   4000     55820.98    0.9814     0.9907     0.9823     0.9911  
   4500     61948.28    0.9814     0.9907     0.9823     0.9911  
   5000     67754.38    0.9814     0.9907     0.9823     0.9911  
   5500     73557.12    0.9814     0.9907     0.9823     0.9911  
   6000     78756.29    0.9814     0.9907     0.9823     0.9911  
   6500     83546.17    0.9814     0.9907     0.9823     0.9911  
   7000     88272.66    0.9814     0.9907     0.9823     0.9911  
   7500     92770.81    0.9814     0.9907     0.9823     0.9911  
   8000     97248.38    0.9814     0.9907     0.9823     0.9911  
   8500    102106.77    0.9814     0.9907     0.9823     0.9911  
   9000    106801.58    0.9814     0.9907     0.9823     0.9911  
   9500    111490.69    0.9814     0.9907     0.9823     0.9911  
  10000    116200.48    0.9814     0.9907     0.9823     0.9911  
  10500    120813.43    0.9814     0.9907     0.9823     0.9911  
  11000    125719.26    0.9814     0.9907     0.9823     0.9911  
  11500    130869.62    0.9814     0.9907     0.9823     0.9911  
  12000    135973.81    0.9814     0.9907     0.9823     0.9911  
  12500    141748.28    0.9814     0.9907     0.9823     0.9911  
