Factorizing with max_iteration = 20000  fixing covariance?:  False
Tensor dimension: [14, 14, 56]
Mean update: S
Cov update: N
Using diagonal covariance: True
k1 samples =  64  k2 samples =  128
eta =  1.0  cov eta =  1.0  sigma eta =  1
iteration |   time   |  test_err  |  test_mae  |  trainerr  |  trainmae |
    0         0.36      0.0173     0.2629     0.0191     0.2767  
    5         2.4       0.0099     0.1988     0.0086     0.186   
    10        4.27       0.0        0.0       0.0012     0.0703  
    20        8.19       0.0        0.0        0.0        0.0    
    50       20.73       0.0        0.0        0.0        0.0    
   100       41.34       0.0        0.0        0.0        0.0    
   200       81.87       0.0        0.0        0.0        0.0    
   500       205.59      0.0        0.0        0.0        0.0    
   1000      411.73      0.0        0.0        0.0        0.0    
   1500      618.4       0.0        0.0        0.0        0.0    
   2000      823.2       0.0        0.0        0.0        0.0    
   2500      1027.4      0.0        0.0        0.0        0.0    
   3000     1232.26      0.0        0.0        0.0        0.0    
   3500     1437.12      0.0        0.0        0.0        0.0    
   4000     1641.26      0.0        0.0        0.0        0.0    
   4500     1847.69      0.0        0.0        0.0        0.0    
   5000     2053.56      0.0        0.0        0.0        0.0    
   5500      2259.8      0.0        0.0        0.0        0.0    
   6000     2466.86      0.0        0.0        0.0        0.0    
   6500     2674.32      0.0        0.0        0.0        0.0    
   7000     2882.08      0.0        0.0        0.0        0.0    
   7500     3087.07      0.0        0.0        0.0        0.0    
   8000      3295.1      0.0        0.0        0.0        0.0    
   8500     3502.69      0.0        0.0        0.0        0.0    
   9000     3708.71      0.0        0.0        0.0        0.0    
   9500     3913.19      0.0        0.0        0.0        0.0    
  10000     4119.18      0.0        0.0        0.0        0.0    
  10500     4324.93      0.0        0.0        0.0        0.0    
  11000     4529.96      0.0        0.0        0.0        0.0    
  11500     4739.06      0.0        0.0        0.0        0.0    
  12000     4950.48      0.0        0.0        0.0        0.0    
  12500     5155.99      0.0        0.0        0.0        0.0    
  13000     5361.64      0.0        0.0        0.0        0.0    
  13500      5565.2      0.0        0.0        0.0        0.0    
  14000     5766.79      0.0        0.0        0.0        0.0    
  14500     5967.91      0.0        0.0        0.0        0.0    
  15000     6169.38      0.0        0.0        0.0        0.0    
  15500     6370.77      0.0        0.0        0.0        0.0    
  16000      6571.9      0.0        0.0        0.0        0.0    
  16500     6772.87      0.0        0.0        0.0        0.0    
  17000      6974.5      0.0        0.0        0.0        0.0    
  17500     7176.22      0.0        0.0        0.0        0.0    
  18000     7377.39      0.0        0.0        0.0        0.0    
  18500     7579.02      0.0        0.0        0.0        0.0    
  19000     7780.56      0.0        0.0        0.0        0.0    
  19500     7982.21      0.0        0.0        0.0        0.0    
  20000     8183.55      0.0        0.0        0.0        0.0    
