Factorizing with max_iteration = 20000  fixing covariance?:  False
Tensor dimension: [14, 14, 56]
Mean update: S
Cov update: N
Using diagonal covariance: True
k1 samples =  64  k2 samples =  128
eta =  1.0  cov eta =  1.0  sigma eta =  1
iteration |   time   |  test_err  |  test_mae  |  trainerr  |  trainmae |
    0         0.86      0.0198     0.2811     0.0173     0.263   
    5         7.81      0.0099     0.1988     0.0105     0.2049  
    10       14.34       0.0        0.0       0.0031     0.1111  
    20       25.47       0.0        0.0        0.0        0.0    
    50       55.44       0.0        0.0        0.0        0.0    
   100       103.13      0.0        0.0        0.0        0.0    
   200       194.65      0.0        0.0        0.0        0.0    
   500       467.73      0.0        0.0        0.0        0.0    
   1000      918.32      0.0        0.0        0.0        0.0    
   1500     1370.89      0.0        0.0        0.0        0.0    
   2000     1824.29      0.0        0.0        0.0        0.0    
   2500     2280.04      0.0        0.0        0.0        0.0    
   3000     2741.08      0.0        0.0        0.0        0.0    
   3500     3210.11      0.0        0.0        0.0        0.0    
   4000      3680.6      0.0        0.0        0.0        0.0    
   4500     4144.55      0.0        0.0        0.0        0.0    
   5000     4594.63      0.0        0.0        0.0        0.0    
   5500     5032.46      0.0        0.0        0.0        0.0    
   6000     5459.82      0.0        0.0        0.0        0.0    
   6500     5882.26      0.0        0.0        0.0        0.0    
   7000     6300.25      0.0        0.0        0.0        0.0    
   7500     6716.24      0.0        0.0        0.0        0.0    
   8000     7132.59      0.0        0.0        0.0        0.0    
   8500     7551.67      0.0        0.0        0.0        0.0    
   9000     7966.57      0.0        0.0        0.0        0.0    
   9500     8381.08      0.0        0.0        0.0        0.0    
  10000     8797.25      0.0        0.0        0.0        0.0    
  10500     9215.19      0.0        0.0        0.0        0.0    
  11000      9630.9      0.0        0.0        0.0        0.0    
  11500     10048.61     0.0        0.0        0.0        0.0    
  12000     10466.37     0.0        0.0        0.0        0.0    
  12500     10884.06     0.0        0.0        0.0        0.0    
  13000     11302.68     0.0        0.0        0.0        0.0    
  13500     11720.45     0.0        0.0        0.0        0.0    
  14000     12138.08     0.0        0.0        0.0        0.0    
  14500     12557.35     0.0        0.0        0.0        0.0    
  15000     12974.77     0.0        0.0        0.0        0.0    
  15500     13392.2      0.0        0.0        0.0        0.0    
  16000     13809.2      0.0        0.0        0.0        0.0    
  16500     14225.68     0.0        0.0        0.0        0.0    
  17000     14642.42     0.0        0.0        0.0        0.0    
  17500     15058.81     0.0        0.0        0.0        0.0    
  18000     15473.65     0.0        0.0        0.0        0.0    
  18500     15889.62     0.0        0.0        0.0        0.0    
  19000     16305.38     0.0        0.0        0.0        0.0    
  19500     16721.54     0.0        0.0        0.0        0.0    
  20000     17136.62     0.0        0.0        0.0        0.0    
