Generating synthetic count valued data ... 
Generating synthetic  count valued data took:  16.502247095108032
max_count =  39.0  min count =  0.0
Evaluation for true params: 
 test_rsme | train_rsme | rel-te-err | rel-tr-err |  test_nll  |  train_nll |
    0.0          0.0          0.0          0.0        164585.4    656063.03  
Factorizing with max_iteration = 16000  fixing covariance?:  False
Tensor dimensions:  [50, 50, 50]
Optimization metrics: 
Using Ada Grad
Mean update scheme:  S
Covariance update :  N
Using diagonal covariance?:  True
Random start? True
k1 samples =  64  k2 samples =  64
eta =  1.0  cov eta =  1.0  sigma eta =  1
iteration |   time   |test_rsme |rel-te-err|train_rsme|rel-tr-err|  d_mean  |   d_cov  | test_nll | train_nll |    VLB   |  E-term  |    KL     
    0         1.24      8.7828     6.7633     8.8282     6.772      3.1623     0.2945    70177.45  280828.81  -1239064.0 -1239051.501   12.177   
    5        414.34     8.8199     6.786      8.8448     6.7937     3.1623     0.295     70207.72  281005.82  -1241168.0 -1241156.128   12.101   
    10       832.21     8.842      6.8162     8.8537     6.8057     3.1623     0.295     70207.66  281034.07  -1241776.0 -1241763.637   12.017   
    20      1247.27     8.7761     6.7535     8.7598     6.7224     3.1623     0.2951    70167.6   280136.35  -1235306.0 -1235293.962   11.962   
    50       1691.8     8.5913     6.5866     8.5725     6.5447     3.1623     0.2951    69399.91  276565.41  -1208618.0 -1208605.772   12.459   
   100      2163.09     7.5228     5.303      7.4233     5.2191     2.9923     0.2348    65421.61  259992.29  -963068.0  -963053.922   14.25    
   200      2694.58    40.0358    19.8178    40.3629     19.96      2.9751     0.1533   161823.62   652219.1  -1586969.0 -1586949.096   19.843   
   300      3226.83    28.2574    12.0837    28.6982    12.1959     2.8579     0.122     208933.2  838584.25  -1427781.0 -1427754.607   26.255   
   400      3757.05    10.5831     6.7723    10.5992     6.7631     2.7431     0.0953   268704.35  1076742.36 -1570674.0 -1570642.037   31.951   
   500      4283.57    10.6366     6.7963    10.6554     6.7877     2.6978     0.0817   273473.43  1095238.41 -1575115.0 -1575078.03   36.589   
   600      4818.26    10.6366     6.7963    10.6554     6.7877     2.5038     0.0763   273473.43  1095238.41 -1575118.0 -1575078.03   40.396   
   700      5356.18    10.6366     6.7963    10.6554     6.7877     2.3136     0.0675   273473.43  1095238.41 -1575122.0 -1575078.03   43.61    
   800      5880.18    10.6366     6.7963    10.6554     6.7877     2.1829     0.0668   273473.43  1095238.41 -1575124.0 -1575078.03   46.276   
   900      6403.75    10.6366     6.7963    10.6554     6.7877     2.0916     0.0731   273473.43  1095238.41 -1575127.0 -1575078.03   48.568   
   1000     6927.56    10.6366     6.7963    10.6554     6.7877     2.0091     0.0657   273473.43  1095238.41 -1575129.0 -1575078.03   50.652   
   1100     7451.71    10.6366     6.7963    10.6554     6.7877     1.9214     0.0632   273473.43  1095238.41 -1575131.0 -1575078.03   52.494   
   1200     7976.07    10.6366     6.7963    10.6554     6.7877     1.861      0.0526   273473.43  1095238.41 -1575132.0 -1575078.03   54.165   
   1300     8505.45    10.6366     6.7963    10.6554     6.7877      1.81      0.064    273473.43  1095238.41 -1575134.0 -1575078.03   55.68    
   1400     9045.54    10.6366     6.7963    10.6554     6.7877     1.7522     0.0593   273473.43  1095238.41 -1575135.0 -1575078.03   56.998   
   1500     9590.44    10.6366     6.7963    10.6554     6.7877     1.6845     0.0501   273473.43  1095238.41 -1575136.0 -1575078.03   58.21    
   1600     10131.1    10.6366     6.7963    10.6554     6.7877     1.6223     0.0452   273473.43  1095238.41 -1575137.0 -1575078.03   59.446   
   1700     10672.13   10.6366     6.7963    10.6554     6.7877     1.5731     0.0606   273473.43  1095238.41 -1575139.0 -1575078.03   60.513   
   1800     11212.77   10.6366     6.7963    10.6554     6.7877     1.5122     0.0631   273473.43  1095238.41 -1575139.0 -1575078.03   61.431   
   1900     11753.43   10.6366     6.7963    10.6554     6.7877     1.4536     0.0529   273473.43  1095238.41 -1575140.0 -1575078.03   62.393   
   2000     12293.95   10.6366     6.7963    10.6554     6.7877     1.4149     0.057    273473.43  1095238.41 -1575141.0 -1575078.03   63.173   
   2100     12834.65   10.6366     6.7963    10.6554     6.7877     1.3804     0.0653   273473.43  1095238.41 -1575142.0 -1575078.03   64.041   
   2200     13375.25   10.6366     6.7963    10.6554     6.7877     1.3392     0.0544   273473.43  1095238.41 -1575143.0 -1575078.03   64.752   
   2300     13915.78   10.6366     6.7963    10.6554     6.7877     1.3041     0.0461   273473.43  1095238.41 -1575144.0 -1575078.03   65.697   
   2400     14456.34   10.6366     6.7963    10.6554     6.7877     1.2723     0.0546   273473.43  1095238.41 -1575145.0 -1575078.03   66.481   
   2500     14996.84   10.6366     6.7963    10.6554     6.7877     1.2448     0.0589   273473.43  1095238.41 -1575145.0 -1575078.03   67.093   
   2600     15537.41   10.6366     6.7963    10.6554     6.7877     1.2172     0.0529   273473.43  1095238.41 -1575146.0 -1575078.03   67.763   
   2700     16077.83   10.6366     6.7963    10.6554     6.7877     1.1877     0.0491   273473.43  1095238.41 -1575146.0 -1575078.03   68.316   
   2800     16618.35   10.6366     6.7963    10.6554     6.7877     1.1689     0.0542   273473.43  1095238.41 -1575147.0 -1575078.03   68.951   
   2900     17158.99   10.6366     6.7963    10.6554     6.7877     1.1387     0.0521   273473.43  1095238.41 -1575148.0 -1575078.03   69.639   
   3000     17699.52   10.6366     6.7963    10.6554     6.7877     1.1212     0.0487   273473.43  1095238.41 -1575148.0 -1575078.03    70.1    
   3100     18240.09   10.6366     6.7963    10.6554     6.7877     1.1029     0.0431   273473.43  1095238.41 -1575149.0 -1575078.03   70.619   
   3200     18780.54   10.6366     6.7963    10.6554     6.7877     1.0787     0.0483   273473.43  1095238.41 -1575149.0 -1575078.03   71.049   
   3300     19320.96   10.6366     6.7963    10.6554     6.7877     1.0587     0.047    273473.43  1095238.41 -1575150.0 -1575078.03   71.675   
   3400     19861.44   10.6366     6.7963    10.6554     6.7877     1.0467     0.0483   273473.43  1095238.41 -1575150.0 -1575078.03   72.084   
   3500     20402.02   10.6366     6.7963    10.6554     6.7877     1.0272     0.0482   273473.43  1095238.41 -1575151.0 -1575078.03   72.493   
   3600     20942.46   10.6366     6.7963    10.6554     6.7877     1.0132     0.0415   273473.43  1095238.41 -1575151.0 -1575078.03   72.86    
   3700     21482.93   10.6366     6.7963    10.6554     6.7877     0.993      0.0429   273473.43  1095238.41 -1575151.0 -1575078.03   73.306   
   3800     22023.87   10.6366     6.7963    10.6554     6.7877     0.9818     0.0457   273473.43  1095238.41 -1575152.0 -1575078.03   73.656   
   3900     22564.38   10.6366     6.7963    10.6554     6.7877     0.9667     0.0488   273473.43  1095238.41 -1575152.0 -1575078.03   73.989   
   4000     23104.78   10.6366     6.7963    10.6554     6.7877     0.9537     0.0442   273473.43  1095238.41 -1575152.0 -1575078.03   74.312   
   4100     23645.13   10.6366     6.7963    10.6554     6.7877     0.9443     0.0359   273473.43  1095238.41 -1575153.0 -1575078.03   74.65    
   4200     24185.46   10.6366     6.7963    10.6554     6.7877     0.9294     0.0366   273473.43  1095238.41 -1575153.0 -1575078.03   75.007   
   4300     24726.16   10.6366     6.7963    10.6554     6.7877     0.9157     0.0391   273473.43  1095238.41 -1575153.0 -1575078.03   75.346   
   4400     25266.86   10.6366     6.7963    10.6554     6.7877     0.9074     0.0377   273473.43  1095238.41 -1575154.0 -1575078.03   75.644   
   4500     25807.19   10.6366     6.7963    10.6554     6.7877     0.8971     0.0367   273473.43  1095238.41 -1575154.0 -1575078.03   75.971   
   4600     26347.94   10.6366     6.7963    10.6554     6.7877     0.8835     0.0403   273473.43  1095238.41 -1575154.0 -1575078.03   76.247   
   4700     26888.5    10.6366     6.7963    10.6554     6.7877     0.8705     0.0349   273473.43  1095238.41 -1575155.0 -1575078.03   76.512   
   4800     27429.39   10.6366     6.7963    10.6554     6.7877     0.8653     0.0376   273473.43  1095238.41 -1575155.0 -1575078.03   76.905   
   4900     27970.12   10.6366     6.7963    10.6554     6.7877     0.8543     0.0387   273473.43  1095238.41 -1575155.0 -1575078.03   77.171   
   5000     28511.04   10.6366     6.7963    10.6554     6.7877     0.8446     0.0323   273473.43  1095238.41 -1575155.0 -1575078.03   77.424   
   5100     29051.67   10.6366     6.7963    10.6554     6.7877     0.8358     0.0329   273473.43  1095238.41 -1575156.0 -1575078.03   77.667   
   5200     29592.35   10.6366     6.7963    10.6554     6.7877     0.8251     0.0362   273473.43  1095238.41 -1575156.0 -1575078.03   77.906   
   5300     30133.12   10.6366     6.7963    10.6554     6.7877     0.821      0.0349   273473.43  1095238.41 -1575156.0 -1575078.03   78.204   
   5400     30673.87   10.6366     6.7963    10.6554     6.7877     0.8102     0.0313   273473.43  1095238.41 -1575157.0 -1575078.03   78.501   
   5500     31215.33   10.6366     6.7963    10.6554     6.7877     0.8057     0.0348   273473.43  1095238.41 -1575157.0 -1575078.03   78.773   
   5600     31756.1    10.6366     6.7963    10.6554     6.7877     0.7954     0.0337   273473.43  1095238.41 -1575157.0 -1575078.03   78.991   
   5700     32296.63   10.6366     6.7963    10.6554     6.7877     0.7864     0.0406   273473.43  1095238.41 -1575157.0 -1575078.03   79.205   
   5800     32837.26   10.6366     6.7963    10.6554     6.7877     0.7784     0.0375   273473.43  1095238.41 -1575157.0 -1575078.03   79.416   
   5900     33378.06   10.6366     6.7963    10.6554     6.7877     0.7715     0.0392   273473.43  1095238.41 -1575158.0 -1575078.03   79.74    
   6000     33918.57   10.6366     6.7963    10.6554     6.7877     0.7655     0.0357   273473.43  1095238.41 -1575158.0 -1575078.03   79.94    
   6100     34459.06   10.6366     6.7963    10.6554     6.7877     0.7561     0.0422   273473.43  1095238.41 -1575158.0 -1575078.03   80.142   
   6200     34999.68   10.6366     6.7963    10.6554     6.7877     0.7516     0.0249   273473.43  1095238.41 -1575158.0 -1575078.03   80.349   
   6300     35540.3    10.6366     6.7963    10.6554     6.7877     0.7465     0.0313   273473.43  1095238.41 -1575159.0 -1575078.03   80.542   
   6400     36080.91   10.6366     6.7963    10.6554     6.7877     0.7381     0.0363   273473.43  1095238.41 -1575159.0 -1575078.03   80.729   
   6500     36621.46   10.6366     6.7963    10.6554     6.7877     0.7317     0.0259   273473.43  1095238.41 -1575159.0 -1575078.03   80.915   
   6600     37162.26   10.6366     6.7963    10.6554     6.7877     0.7259     0.0324   273473.43  1095238.41 -1575159.0 -1575078.03   81.095   
   6700     37702.95   10.6366     6.7963    10.6554     6.7877     0.7208     0.0311   273473.43  1095238.41 -1575159.0 -1575078.03   81.272   
   6800     38243.75   10.6366     6.7963    10.6554     6.7877     0.7139     0.0292   273473.43  1095238.41 -1575159.0 -1575078.03   81.446   
   6900     38784.71   10.6366     6.7963    10.6554     6.7877     0.7075     0.0253   273473.43  1095238.41 -1575160.0 -1575078.03   81.731   
   7000     39325.87   10.6366     6.7963    10.6554     6.7877     0.7035     0.041    273473.43  1095238.41 -1575160.0 -1575078.03   81.911   
   7100     39866.84   10.6366     6.7963    10.6554     6.7877     0.6989     0.0302   273473.43  1095238.41 -1575160.0 -1575078.03   82.076   
   7200     40407.54   10.6366     6.7963    10.6554     6.7877     0.6939     0.0262   273473.43  1095238.41 -1575160.0 -1575078.03   82.243   
   7300     40948.39   10.6366     6.7963    10.6554     6.7877     0.6885     0.034    273473.43  1095238.41 -1575160.0 -1575078.03   82.404   
   7400     41489.36   10.6366     6.7963    10.6554     6.7877     0.6831     0.0358   273473.43  1095238.41 -1575161.0 -1575078.03   82.672   
   7500     42029.86   10.6366     6.7963    10.6554     6.7877     0.6792     0.0296   273473.43  1095238.41 -1575161.0 -1575078.03   82.83    
   7600     42570.59   10.6366     6.7963    10.6554     6.7877     0.6722     0.0287   273473.43  1095238.41 -1575161.0 -1575078.03   83.002   
   7700     43112.08   10.6366     6.7963    10.6554     6.7877     0.6693     0.0433   273473.43  1095238.41 -1575161.0 -1575078.03   83.164   
   7800     43652.92   10.6366     6.7963    10.6554     6.7877     0.6647     0.0303   273473.43  1095238.41 -1575161.0 -1575078.03   83.328   
   7900     44193.84   10.6366     6.7963    10.6554     6.7877     0.6599     0.0336   273473.43  1095238.41 -1575162.0 -1575078.03   83.492   
   8000     44734.68   10.6366     6.7963    10.6554     6.7877     0.6547     0.0295   273473.43  1095238.41 -1575162.0 -1575078.03   83.637   
   8100     45275.55   10.6366     6.7963    10.6554     6.7877     0.6494     0.0421   273473.43  1095238.41 -1575162.0 -1575078.03   84.095   
   8200     45816.58   10.6366     6.7963    10.6554     6.7877     0.6475     0.0346   273473.43  1095238.41 -1575162.0 -1575078.03   84.236   
   8300     46357.48   10.6366     6.7963    10.6554     6.7877     0.6423     0.0325   273473.43  1095238.41 -1575162.0 -1575078.03   84.375   
   8400     46898.76   10.6366     6.7963    10.6554     6.7877     0.6375     0.0319   273473.43  1095238.41 -1575163.0 -1575078.03   84.553   
   8500     47439.48   10.6366     6.7963    10.6554     6.7877     0.6333     0.0298   273473.43  1095238.41 -1575163.0 -1575078.03   84.689   
   8600     47982.73   10.6366     6.7963    10.6554     6.7877      0.63      0.0298   273473.43  1095238.41 -1575163.0 -1575078.03   84.824   
   8700     48526.3    10.6366     6.7963    10.6554     6.7877     0.6266     0.0328   273473.43  1095238.41 -1575163.0 -1575078.03   84.966   
   8800     49068.89   10.6366     6.7963    10.6554     6.7877     0.6221     0.0402   273473.43  1095238.41 -1575163.0 -1575078.03   85.096   
   8900     49612.11   10.6366     6.7963    10.6554     6.7877     0.6189     0.0314   273473.43  1095238.41 -1575163.0 -1575078.03   85.224   
   9000     50153.69   10.6366     6.7963    10.6554     6.7877     0.6155     0.0292   273473.43  1095238.41 -1575163.0 -1575078.03   85.352   
   9100     50696.19   10.6366     6.7963    10.6554     6.7877     0.6111     0.0313   273473.43  1095238.41 -1575164.0 -1575078.03   85.478   
   9200     51238.05   10.6366     6.7963    10.6554     6.7877     0.6088     0.0337   273473.43  1095238.41 -1575164.0 -1575078.03   85.602   
   9300     51778.64   10.6366     6.7963    10.6554     6.7877     0.6037     0.0344   273473.43  1095238.41 -1575164.0 -1575078.03   85.727   
   9400     52305.5    10.6366     6.7963    10.6554     6.7877     0.6003     0.0325   273473.43  1095238.41 -1575164.0 -1575078.03   85.854   
   9500     52831.78   10.6366     6.7963    10.6554     6.7877     0.5978     0.0288   273473.43  1095238.41 -1575164.0 -1575078.03   86.005   
   9600     53358.51   10.6366     6.7963    10.6554     6.7877     0.5955     0.0288   273473.43  1095238.41 -1575164.0 -1575078.03   86.124   
   9700     53883.09   10.6366     6.7963    10.6554     6.7877     0.5903     0.0232   273473.43  1095238.41 -1575164.0 -1575078.03   86.241   
   9800     54407.99   10.6366     6.7963    10.6554     6.7877     0.5881      0.03    273473.43  1095238.41 -1575164.0 -1575078.03   86.358   
   9900     54932.4    10.6366     6.7963    10.6554     6.7877     0.5845     0.0273   273473.43  1095238.41 -1575165.0 -1575078.03   86.526   
  10000     55455.67   10.6366     6.7963    10.6554     6.7877      0.58      0.0245   273473.43  1095238.41 -1575165.0 -1575078.03   86.64    
  10100     55979.89   10.6366     6.7963    10.6554     6.7877     0.578      0.0327   273473.43  1095238.41 -1575165.0 -1575078.03   86.76    
  10200     56506.13   10.6366     6.7963    10.6554     6.7877     0.5749     0.0362   273473.43  1095238.41 -1575165.0 -1575078.03   86.871   
  10300     57032.11   10.6366     6.7963    10.6554     6.7877     0.5721     0.0259   273473.43  1095238.41 -1575165.0 -1575078.03   86.981   
  10400     57558.33   10.6366     6.7963    10.6554     6.7877     0.5682     0.0311   273473.43  1095238.41 -1575165.0 -1575078.03   87.089   
  10500     58082.77   10.6366     6.7963    10.6554     6.7877     0.566      0.0302   273473.43  1095238.41 -1575165.0 -1575078.03   87.213   
  10600     58607.4    10.6366     6.7963    10.6554     6.7877     0.5622     0.0285   273473.43  1095238.41 -1575166.0 -1575078.03   87.483   
  10700     59131.32   10.6366     6.7963    10.6554     6.7877     0.5606     0.0215   273473.43  1095238.41 -1575166.0 -1575078.03   87.588   
  10800     59655.12   10.6366     6.7963    10.6554     6.7877     0.5582     0.0334   273473.43  1095238.41 -1575166.0 -1575078.03   87.692   
  10900     60178.88   10.6366     6.7963    10.6554     6.7877     0.5543     0.0351   273473.43  1095238.41 -1575166.0 -1575078.03   87.795   
  11000     60703.59   10.6366     6.7963    10.6554     6.7877     0.553      0.0103   273473.43  1095238.41 -1575166.0 -1575078.03   87.897   
  11100     61227.77   10.6366     6.7963    10.6554     6.7877     0.5492     0.0198   273473.43  1095238.41 -1575166.0 -1575078.03    88.0    
  11200     61752.51   10.6366     6.7963    10.6554     6.7877     0.5472     0.0339   273473.43  1095238.41 -1575166.0 -1575078.03   88.107   
  11300     62277.31   10.6366     6.7963    10.6554     6.7877     0.544      0.0069   273473.43  1095238.41 -1575166.0 -1575078.03   88.208   
  11400     62806.36   10.6366     6.7963    10.6554     6.7877     0.5422     0.0258   273473.43  1095238.41 -1575166.0 -1575078.03   88.307   
  11500     63331.87   10.6366     6.7963    10.6554     6.7877     0.5394     0.0286   273473.43  1095238.41 -1575166.0 -1575078.03   88.405   
  11600     63857.38   10.6366     6.7963    10.6554     6.7877     0.5384     0.0234   273473.43  1095238.41 -1575167.0 -1575078.03   88.502   
  11700     64382.66   10.6366     6.7963    10.6554     6.7877     0.5334     0.0258   273473.43  1095238.41 -1575167.0 -1575078.03   88.602   
  11800     64907.63   10.6366     6.7963    10.6554     6.7877     0.5327     0.0354   273473.43  1095238.41 -1575167.0 -1575078.03    88.7    
  11900     65433.38   10.6366     6.7963    10.6554     6.7877     0.5297     0.0292   273473.43  1095238.41 -1575167.0 -1575078.03   88.794   
  12000     65959.06   10.6366     6.7963    10.6554     6.7877     0.5271     0.033    273473.43  1095238.41 -1575167.0 -1575078.03   88.887   
  12100     66486.38   10.6366     6.7963    10.6554     6.7877     0.5247     0.0322   273473.43  1095238.41 -1575167.0 -1575078.03   88.979   
  12200     67012.97   10.6366     6.7963    10.6554     6.7877     0.5231     0.0332   273473.43  1095238.41 -1575167.0 -1575078.03   89.07    
  12300     67539.21   10.6366     6.7963    10.6554     6.7877     0.5209     0.0241   273473.43  1095238.41 -1575167.0 -1575078.03   89.161   
  12400     68063.42   10.6366     6.7963    10.6554     6.7877     0.5183     0.0157   273473.43  1095238.41 -1575167.0 -1575078.03   89.251   
  12500     68590.47   10.6366     6.7963    10.6554     6.7877     0.515      0.0333   273473.43  1095238.41 -1575167.0 -1575078.03   89.34    
  12600     69116.72   10.6366     6.7963    10.6554     6.7877     0.5145     0.021    273473.43  1095238.41 -1575167.0 -1575078.03   89.428   
  12700     69643.2    10.6366     6.7963    10.6554     6.7877     0.5121     0.0284   273473.43  1095238.41 -1575168.0 -1575078.03   89.517   
  12800     70169.67   10.6366     6.7963    10.6554     6.7877     0.509      0.0275   273473.43  1095238.41 -1575168.0 -1575078.03   89.604   
  12900     70695.87   10.6366     6.7963    10.6554     6.7877     0.5075     0.0205   273473.43  1095238.41 -1575168.0 -1575078.03   89.699   
  13000     71223.74   10.6366     6.7963    10.6554     6.7877     0.5058     0.027    273473.43  1095238.41 -1575168.0 -1575078.03   89.784   
  13100     71753.93   10.6366     6.7963    10.6554     6.7877     0.5033     0.0255   273473.43  1095238.41 -1575168.0 -1575078.03   89.87    
  13200     72283.09   10.6366     6.7963    10.6554     6.7877     0.502      0.0275   273473.43  1095238.41 -1575168.0 -1575078.03   89.954   
  13300     72810.08   10.6366     6.7963    10.6554     6.7877     0.499      0.022    273473.43  1095238.41 -1575168.0 -1575078.03   90.048   
  13400     73337.35   10.6366     6.7963    10.6554     6.7877     0.4968     0.0234   273473.43  1095238.41 -1575168.0 -1575078.03   90.131   
  13500     73866.17   10.6366     6.7963    10.6554     6.7877     0.4951     0.0269   273473.43  1095238.41 -1575168.0 -1575078.03   90.395   
  13600     74392.91   10.6366     6.7963    10.6554     6.7877     0.4931     0.0225   273473.43  1095238.41 -1575169.0 -1575078.03   90.478   
  13700     74918.32   10.6366     6.7963    10.6554     6.7877     0.4908     0.0234   273473.43  1095238.41 -1575169.0 -1575078.03   90.559   
  13800     75445.74   10.6366     6.7963    10.6554     6.7877     0.4897     0.0241   273473.43  1095238.41 -1575169.0 -1575078.03   90.639   
  13900     75971.44   10.6366     6.7963    10.6554     6.7877     0.4877     0.0248   273473.43  1095238.41 -1575169.0 -1575078.03   90.718   
  14000     76496.37   10.6366     6.7963    10.6554     6.7877     0.4854     0.0223   273473.43  1095238.41 -1575169.0 -1575078.03   90.797   
  14100     77022.34   10.6366     6.7963    10.6554     6.7877     0.4849     0.0214   273473.43  1095238.41 -1575169.0 -1575078.03   90.875   
  14200     77547.23   10.6366     6.7963    10.6554     6.7877     0.4819     0.0286   273473.43  1095238.41 -1575169.0 -1575078.03   90.956   
  14300     78071.09   10.6366     6.7963    10.6554     6.7877     0.4805     0.0321   273473.43  1095238.41 -1575169.0 -1575078.03   91.032   
  14400     78595.49   10.6366     6.7963    10.6554     6.7877     0.4785     0.0268   273473.43  1095238.41 -1575169.0 -1575078.03   91.109   
  14500     79119.82   10.6366     6.7963    10.6554     6.7877     0.4768     0.0277   273473.43  1095238.41 -1575169.0 -1575078.03   91.185   
  14600     79644.07   10.6366     6.7963    10.6554     6.7877     0.4752     0.0207   273473.43  1095238.41 -1575169.0 -1575078.03   91.26    
  14700     80170.06   10.6366     6.7963    10.6554     6.7877     0.4747     0.0296   273473.43  1095238.41 -1575169.0 -1575078.03   91.335   
  14800     80697.39   10.6366     6.7963    10.6554     6.7877     0.4727     0.0289   273473.43  1095238.41 -1575169.0 -1575078.03   91.409   
  14900     81223.92   10.6366     6.7963    10.6554     6.7877     0.4704     0.0018   273473.43  1095238.41 -1575170.0 -1575078.03    91.5    
  15000     81750.55   10.6366     6.7963    10.6554     6.7877     0.4681     0.0305   273473.43  1095238.41 -1575170.0 -1575078.03   91.574   
  15100     82275.13   10.6366     6.7963    10.6554     6.7877     0.4669     0.0267   273473.43  1095238.41 -1575170.0 -1575078.03   91.646   
  15200     82800.39   10.6366     6.7963    10.6554     6.7877     0.4652     0.0071   273473.43  1095238.41 -1575170.0 -1575078.03   91.718   
  15300     83325.81   10.6366     6.7963    10.6554     6.7877     0.4652     0.0257   273473.43  1095238.41 -1575170.0 -1575078.03   91.789   
  15400     83851.06   10.6366     6.7963    10.6554     6.7877     0.4632     0.0193   273473.43  1095238.41 -1575170.0 -1575078.03   91.86    
  15500     84376.08   10.6366     6.7963    10.6554     6.7877      0.46      0.0184   273473.43  1095238.41 -1575170.0 -1575078.03   91.931   
  15600     84900.73   10.6366     6.7963    10.6554     6.7877     0.4591     0.0048   273473.43  1095238.41 -1575170.0 -1575078.03   92.001   
  15700     85425.82   10.6366     6.7963    10.6554     6.7877     0.4572     0.014    273473.43  1095238.41 -1575170.0 -1575078.03   92.071   
