Generating synthetic count valued data ... 
Generating synthetic  count valued data took:  16.61318063735962
max_count =  39.0  min count =  0.0
Evaluation for true params: 
 test_rsme | train_rsme | rel-te-err | rel-tr-err |  test_nll  |  train_nll |
0.4379040991 0.435901365    0.19008      0.18817      160649.2    639904.78  
Factorizing with max_iteration = 16000  fixing covariance?:  False
Tensor dimensions:  [50, 50, 50]
Optimization metrics: 
Using Ada Grad
Mean update scheme:  S
Covariance update :  N
Using diagonal covariance?:  True
Random start? True
k1 samples =  64  k2 samples =  64
eta =  1.0  cov eta =  1.0  sigma eta =  1
iteration |   time   |test_rsme |rel-te-err|train_rsme|rel-tr-err|  d_mean  |   d_cov  | test_nll | train_nll |    VLB   |  E-term  |    KL     |   dw   |
    0         3.6       8.7597     6.725      8.7729     6.7118     3.1623     0.2953    69831.91  279988.52  -311767.0  -311754.273   12.629      0.0    
    5        608.74     8.7581     6.6782     8.7733     6.6613     3.1623     0.2953    70127.38  280535.52  -312952.0  -312938.881   12.764      0.0    
    10      1214.19     8.765      6.6643     8.7732     6.6309     3.1623     0.3419    70150.92  280978.07  -314031.0  -314018.353   12.976      0.0    
    20      1838.84     8.8615     6.6551     8.8642     6.6163     3.1623     0.3422    71170.51  285084.51  -320325.0  -320311.926   13.246      0.0    
    50      2537.49     8.9147     6.3999     8.9275     6.3801     3.1623     0.3426    73216.43   293016.4  -335215.0  -335203.92   11.415      0.0    
   100      3312.32     8.3454     5.631      8.3914     5.6373     2.5433     0.3406    69858.49  280247.56  -318624.0  -318614.302   10.166      0.0    
   200      4270.04     5.0989     3.2298     5.1636     3.2667     1.3568     0.2096    52236.21   209624.0  -232145.0  -232135.172    9.68       0.0    
   300      5247.75     4.4706     2.9445     4.5187     2.9748     0.9354     0.2011    50808.96  203684.78  -226052.0  -226042.768   9.222       0.0    
   400      6201.12     4.2417     2.831      4.2895     2.8687     1.0022     0.1642    50401.19  201986.59  -224787.0  -224777.314    9.2        0.0    
   500      7155.63     4.1855     2.7964     4.214      2.8143     0.6885     0.1093    50224.17  201091.57  -223883.0  -223873.928   9.548       0.0    
   600      8110.44     4.0265     2.6901     4.0454     2.7116     0.9205     0.1065    49939.97  200159.17  -223177.0  -223167.596   9.573       0.0    
   700      9085.35     3.9316     2.6132     3.9441     2.6373     0.6092     0.0899    49698.59  199113.29  -222066.0  -222056.149   9.434       0.0    
   800      10058.63    3.8056     2.5329     3.836      2.5588     0.6502     0.0765    49468.32   198229.8  -221292.0  -221282.41   9.396       0.0    
   900      11031.1     3.7866     2.5187     3.8103     2.5447     0.6182     0.074     49436.29  197925.05  -220853.0  -220843.269   9.485       0.0    
   1000     12005.53    3.7127     2.4792     3.7528     2.5163     0.6156     0.0937    49322.51  197665.47  -220744.0  -220735.026   9.223       0.0    
   1100     12974.5     3.6941     2.4752     3.7193     2.4951     0.5967     0.1373    49338.24  197531.95  -220799.0  -220789.59   9.189       0.0    
   1200     13950.28    3.6427     2.4252     3.6598     2.4407     0.4848     0.0652    49148.01  196797.65  -220022.0  -220012.993   9.025       0.0    
   1300     14925.64    3.5702     2.3705     3.5989     2.3955     0.4256     0.0734    49011.73  196288.31  -219489.0  -219479.911   9.044       0.0    
   1400     15898.72    3.6127     2.4059     3.637      2.4282     0.5879     0.0603    49053.38  196544.08  -219835.0  -219825.245   9.404       0.0    
   1500     16872.9     3.6167     2.4303     3.6487     2.4551     0.5211     0.0754    49156.04  196841.92  -220162.0  -220152.782   9.466       0.0    
   1600     17850.95    3.5503     2.3609     3.5636     2.3766     0.4571     0.0641    48890.63  195916.85  -219014.0  -219004.293   9.543       0.0    
   1700     18827.45    3.5217     2.3517     3.5514     2.3761     0.4598     0.0556    48935.59  196045.53  -219326.0  -219316.299   9.378       0.0    
   1800     19800.93    3.5552     2.3717     3.5779     2.3902     0.6855     0.0574    48868.48  195888.45  -219093.0  -219083.429   9.454       0.0    
   1900     20779.61    3.4924     2.3252     3.5174     2.3392     0.4254     0.0541    48796.02  195528.99  -218884.0  -218875.075   9.424       0.0    
   2000     21754.37    3.5275     2.3467     3.5418     2.3612     0.4351     0.0803    48807.55  195547.11  -218863.0  -218853.607   9.459       0.0    
   2100     22733.22    3.475      2.3275     3.5079     2.3426     0.4812     0.0573    48788.53  195427.37  -218821.0  -218812.026   9.314       0.0    
   2200     23711.71    3.4404     2.2813     3.483      2.3232     0.3762     0.0538    48700.1   195033.78  -218396.0  -218386.797    9.09       0.0    
   2300     24687.09    3.4184     2.2644     3.4229     2.2711     0.4446     0.046     48587.62  194740.55  -218002.0  -217992.661    9.17       0.0    
   2400     25659.68    3.4284     2.2787     3.4469     2.293      0.5378     0.0439    48631.84  194827.86  -217996.0  -217986.588   9.268       0.0    
   2500     26635.37    3.4049     2.2556     3.4271      2.28      0.4191     0.0637    48570.93  194621.08  -217789.0  -217779.367   9.387       0.0    
   2600     27612.42    3.3982     2.2422     3.4164     2.262      0.4615     0.054     48510.28  194194.79  -217384.0  -217374.638   9.452       0.0    
   2700     28587.97    3.4732     2.2993     3.4819     2.3096     0.3787     0.0442    48594.08  194586.71  -218059.0  -218049.606    9.59       0.0    
   2800     29567.67    3.3824     2.2459     3.4177     2.269      0.391      0.0506    48516.47  194359.47  -217509.0  -217499.252   9.647       0.0    
   2900     30542.41    3.4107     2.2752     3.4301     2.2851     0.426      0.0463    48612.42   194568.2  -218130.0  -218120.666   9.571       0.0    
   3000     31517.3     3.4002     2.2583     3.4213     2.2774     0.3876     0.0356    48506.6   194318.91  -217710.0  -217699.723   9.777       0.0    
   3100     32493.71    3.3471     2.2188     3.3794     2.2432      0.34      0.0429    48452.75  193968.83  -217427.0  -217417.534    9.56       0.0    
   3200     33468.28    3.3745     2.2278     3.3659     2.224      0.3786     0.0521    48435.69  193946.42  -217310.0  -217300.078   9.667       0.0    
   3300     34443.82    3.3594     2.2303     3.3807     2.2542     0.2921     0.0324    48461.06  194089.71  -217568.0  -217558.035   9.655       0.0    
   3400     35422.24    3.3861     2.2483     3.3965     2.2531      0.4       0.0445    48467.29  194181.16  -217467.0  -217456.874   9.863       0.0    
   3500     36403.97    3.3881     2.2446     3.3906     2.2466     0.3897     0.0507    48376.79  193893.75  -217293.0  -217283.76   9.633       0.0    
   3600     37379.68    3.2999     2.1819     3.3282     2.2048     0.3304     0.1228    48281.39  193470.67  -216861.0  -216851.517   9.528       0.0    
   3700     38356.06    3.3332     2.2032     3.3339     2.2092     0.3831     0.0408    48288.93  193541.57  -216723.0  -216713.668   9.362       0.0    
   3800     39332.05    3.3121     2.1944     3.3287     2.2082     0.3994     0.0478    48300.33  193479.47  -217036.0  -217026.806   9.558       0.0    
   3900     40307.44    3.3032     2.1843     3.3023     2.1861     0.4018     0.0353    48275.24  193326.45  -216742.0  -216732.005   9.687       0.0    
   4000     41280.76    3.3105     2.1853     3.3056     2.184      0.3264     0.0584    48260.2   193077.72  -216450.0  -216440.07   9.829       0.0    
   4100     42252.36    3.2934     2.1855     3.3154     2.2065     0.3571     0.039     48281.33  193376.22  -216885.0  -216875.27   9.473       0.0    
   4200     43224.17    3.3199     2.2036     3.3096     2.1942     0.3375     0.0459    48278.72  193232.72  -216812.0  -216802.857   9.415       0.0    
   4300     44198.54    3.3051     2.1853     3.3251     2.2045     0.3386     0.0452    48195.3   193162.76  -216476.0  -216466.247   9.593       0.0    
   4400     45176.57    3.2914     2.1806     3.298      2.1844     0.3636     0.0356    48208.74  193005.98  -216416.0  -216406.109   9.527       0.0    
   4500     46151.59    3.2974     2.175      3.3121     2.189      0.4297     0.0316    48192.82  193013.58  -216266.0  -216256.981    9.48       0.0    
   4600     47130.08    3.2705     2.1645     3.2751     2.1734     0.3354     0.0419    48220.89  193114.93  -216525.0  -216515.412   9.682       0.0    
   4700     48105.16    3.2769     2.1757     3.2727     2.1734     0.3386     0.0691    48209.89  192965.68  -216502.0  -216492.488   9.546       0.0    
   4800     49084.3     3.3289     2.2068     3.3366     2.2153     0.4413     0.0273    48204.22  193134.05  -216697.0  -216687.661   9.353       0.0    
   4900     50058.27    3.3284     2.195      3.3418     2.2042     0.2936     0.0444    48143.63  192896.27  -216324.0  -216313.928   9.603       0.0    
   5000     51037.15    3.2991     2.1773     3.3034     2.1846     0.3618     0.0605    48129.84  192677.57  -216152.0  -216142.254   9.566       0.0    
   5100     52014.27    3.2946     2.1834     3.3324     2.207      0.4703     0.0312    48231.45  193044.91  -216625.0  -216615.447   9.356       0.0    
   5200     52993.29    3.2581     2.1483     3.2841     2.1651     0.3162     0.0201    48035.28  192551.52  -215924.0  -215914.638   9.516       0.0    
   5300     53971.72    3.2339     2.1341     3.2578     2.1511     0.2758     0.034     48048.82  192527.35  -215888.0  -215878.569    9.38       0.0    
   5400     54944.7     3.2028     2.1068     3.2341     2.1346     0.3247     0.0352    48029.57  192434.09  -215829.0  -215819.603   9.455       0.0    
   5500     55921.59    3.2526     2.1518     3.2782     2.1715     0.2909     0.0443    48111.08  192761.76  -216182.0  -216172.298   9.328       0.0    
   5600     56895.35    3.2555     2.1513     3.281      2.1685     0.3183     0.0373    48022.68  192378.67  -215798.0  -215788.923   9.375       0.0    
   5700     57871.0     3.2575     2.1458     3.2596     2.1492     0.2868     0.044     48037.09  192323.47  -215884.0  -215874.815   9.468       0.0    
   5800     58851.07    3.2189     2.1292     3.2412     2.1445     0.255      0.0374    48011.6   192319.36  -215692.0  -215682.82   9.608       0.0    
   5900     59828.06    3.262      2.1556     3.2677     2.1631     0.345      0.0526    48031.89  192310.97  -215821.0  -215811.533   9.504       0.0    
   6000     60811.19    3.2484     2.1443     3.2601     2.1579     0.4352     0.0593    48008.21   192240.5  -215666.0  -215656.765   9.523       0.0    
   6100     61792.37    3.2514     2.1625     3.2771     2.1754     0.3308     0.0377    48097.1   192671.04  -216235.0  -216225.316    9.57       0.0    
   6200     62769.63    3.2627     2.1572     3.2728     2.1676     0.3547     0.033     48043.37  192347.93  -215836.0  -215826.572   9.594       0.0    
   6300     63748.66    3.2044     2.1158     3.2254     2.1325     0.3073     0.0363    47961.14  192059.56  -215632.0  -215622.751   9.457       0.0    
   6400     64723.48    3.2376     2.1396     3.2487     2.149      0.4114     0.0292    47958.41  192121.53  -215615.0  -215606.113   9.283       0.0    
   6500     65694.31    3.1726     2.0962     3.2074     2.1189     0.346      0.038     47912.09  192057.85  -215460.0  -215450.887   9.411       0.0    
   6600     66666.21    3.2189     2.1188     3.2253     2.1255     0.3706     0.0233    47941.69  191954.13  -215354.0  -215344.798   9.442       0.0    
   6700     67639.13    3.2267     2.1252     3.2512     2.1469     0.3271     0.029     47976.62  192100.64  -215571.0  -215561.694   9.647       0.0    
   6800     68614.93    3.2573     2.1512     3.2702     2.1597     0.2797     0.0451    48010.97  192280.24  -215647.0  -215637.558   9.816       0.0    
   6900     69587.27    3.207      2.1186     3.2203     2.1233     0.2232     0.0491    47920.95  191896.47  -215394.0  -215383.55   10.013      0.0    
   7000     70559.21    3.1642     2.0807     3.1906     2.0973     0.2737     0.0366    47843.09  191625.49  -214994.0  -214984.46   9.965       0.0    
   7100     71536.36    3.1764     2.089      3.1856     2.1008     0.2939     0.0442    47835.79  191701.64  -215091.0  -215081.335   9.899       0.0    
   7200     72511.87    3.1867     2.1008     3.2008     2.1118     0.2889     0.0349    47879.37   191666.5  -215230.0  -215220.414   9.922       0.0    
   7300     73487.32    3.2208     2.1256     3.2353     2.1346     0.2877     0.0335    47888.44  191748.49  -215175.0  -215165.354   9.839       0.0    
   7400     74465.43    3.176      2.1068     3.1954     2.1171     0.3464     0.0415    47914.05  191923.52  -215386.0  -215376.272   9.639       0.0    
   7500     75437.1     3.1549     2.0776     3.1689     2.0899     0.342      0.0461    47798.91  191496.39  -214934.0  -214924.327    9.55       0.0    
   7600     76413.97    3.1979     2.0985     3.217      2.1179     0.3629     0.0587    47828.34  191670.79  -215117.0  -215107.145   9.622       0.0    
   7700     77390.05    3.2034     2.115      3.219      2.1269     0.2412     0.0323    47874.01  191814.59  -215301.0  -215290.938   9.753       0.0    
   7800     78369.79    3.1959     2.1084     3.2132     2.1235     0.2539     0.0134    47918.79  191754.01  -215250.0  -215239.913   9.843       0.0    
   7900     79351.37    3.2194     2.1223     3.2219     2.1255     0.2764     0.0268    47869.43  191662.08  -215303.0  -215293.058   9.622       0.0    
   8000     80328.94    3.1922     2.0996     3.2133     2.1184     0.3674     0.0332    47852.05  191556.78  -215006.0  -214996.351   9.772       0.0    
   8100     81308.98    3.1825     2.1006     3.1812     2.1018     0.2631     0.0267    47800.87  191449.88  -214868.0  -214858.404   9.833       0.0    
   8200     82290.66    3.1966     2.108      3.2141     2.1186     0.2609     0.0223    47838.21  191523.45  -215027.0  -215017.367   9.555       0.0    
   8300     83271.81    3.1797     2.0892     3.1876     2.0975     0.2494     0.0349    47756.88  191408.54  -214850.0  -214840.302   9.532       0.0    
   8400     84247.46    3.1724     2.0866     3.1948     2.1045     0.2225     0.0287    47808.2   191450.91  -214932.0  -214922.164   9.457       0.0    
   8500     85220.38    3.1644     2.0864     3.1848     2.1008     0.3101     0.0405    47804.05  191485.56  -214895.0  -214885.166   9.442       0.0    
   8600     86191.44    3.1905     2.1037     3.2034     2.1214     0.3239     0.0597    47831.13  191593.53  -215145.0  -215135.624   9.576       0.0    
   8700     87146.39    3.1645     2.0839     3.1615     2.0863     0.2784     0.0259    47807.49  191514.48  -214960.0  -214950.382   9.443       0.0    
   8800     88090.17    3.173      2.0898     3.2017     2.1149     0.2927     0.0158    47805.84  191439.11  -214926.0  -214916.112   9.552       0.0    
   8900     89037.2     3.1867     2.1016     3.1954     2.1051     0.2304     0.0321    47790.36  191361.84  -214958.0  -214948.002   9.684       0.0    
   9000     89987.29    3.1358     2.0612     3.1573     2.0828     0.225      0.016     47748.89  191179.67  -214726.0  -214716.579   9.776       0.0    
   9100     90935.43    3.1617     2.0884     3.1732     2.0984     0.2658     0.0303    47760.28  191320.01  -214783.0  -214773.714   9.568       0.0    
   9200     91886.82    3.1665     2.0855     3.1933     2.108      0.2362     0.0299    47780.3   191334.49  -214905.0  -214895.1    9.798       0.0    
   9300     92835.17    3.1637     2.0872     3.1804     2.0951     0.2247     0.0198    47724.94  191242.21  -214773.0  -214762.611   9.929       0.0    
   9400     93784.84    3.1377     2.0686     3.173      2.0914     0.2917     0.0259    47729.01  191256.03  -214757.0  -214747.139   10.242      0.0    
   9500     94734.68    3.1632     2.0804     3.1882     2.0982     0.2816     0.0226    47731.22  191090.34  -214562.0  -214552.411   9.992       0.0    
   9600     95685.72    3.1903     2.0924     3.1836     2.0937     0.2369     0.0218    47673.2   191056.32  -214606.0  -214595.754   10.252      0.0    
   9700     96630.67    3.1847     2.0956     3.1897     2.1031     0.2662     0.0368    47752.8   191122.95  -214618.0  -214607.891   10.266      0.0    
   9800     97579.25    3.1473     2.0744     3.1654     2.0894     0.2917     0.0353    47719.64  191038.08  -214629.0  -214619.248   9.882       0.0    
   9900     98538.72    3.1548     2.0676     3.1736     2.0861     0.2331     0.027     47684.01  190967.37  -214551.0  -214540.767   9.883       0.0    
  10000     99489.94    3.1336     2.0664     3.1749      2.09      0.2441     0.0324    47678.7   190993.62  -214382.0  -214371.84   9.663       0.0    
  10100    100442.28    3.151      2.0801     3.1785     2.0959     0.3154     0.0323    47740.41  191090.76  -214566.0  -214556.166   9.753       0.0    
  10200     101395.5    3.1773     2.0982     3.1869     2.0962     0.2407     0.0291    47701.65  191081.95  -214603.0  -214593.123   9.995       0.0    
  10300    102338.62    3.2024     2.1034     3.2115     2.1113     0.2697     0.0352    47721.07  191010.16  -214648.0  -214637.714   9.885       0.0    
  10400    103288.55    3.1803     2.1014     3.1857     2.111      0.2565     0.0194    47799.23  191334.49  -215029.0  -215019.354   9.829       0.0    
  10500    104245.56    3.1581     2.0812     3.176      2.0959     0.2619     0.0121    47675.28  191045.68  -214659.0  -214649.504   9.935       0.0    
  10600     105199.5    3.1604     2.0754     3.1587     2.0845     0.2627     0.037     47705.27  190992.32  -214559.0  -214549.534   9.816       0.0    
  10700    106157.45    3.1299     2.0648     3.1552     2.0811     0.2916     0.0377    47640.12  190946.25  -214536.0  -214526.205   9.818       0.0    
  10800    107107.53    3.1078     2.0402     3.1284     2.062      0.1943     0.0253    47621.29  190771.39  -214343.0  -214333.605   9.706       0.0    
  10900    108060.47    3.1769     2.0869     3.1939     2.1043     0.2403     0.0168    47685.03  191055.14  -214500.0  -214490.128   9.832       0.0    
  11000    109015.74    3.1496     2.0699     3.1741     2.0886     0.2516     0.0259    47655.1   190894.66  -214575.0  -214564.975   9.766       0.0    
  11100    109970.67    3.1527     2.0748     3.1671     2.0866     0.2041     0.0297    47611.89  190785.81  -214159.0  -214149.074   9.595       0.0    
  11200    110922.21    3.1696     2.0855     3.1741     2.0902     0.2653     0.0197    47665.72  190888.87  -214272.0  -214262.161   9.726       0.0    
  11300    111877.72    3.1733     2.0853     3.1731     2.0891     0.2694     0.0203    47647.01  190815.86  -214280.0  -214270.437   9.751       0.0    
  11400     112828.9    3.1532     2.0754     3.171      2.0845     0.2356     0.0353    47710.67  190909.28  -214396.0  -214385.999   9.732       0.0    
  11500    113784.87    3.1517     2.0768     3.1567     2.0825     0.2091     0.0137    47653.4    190856.9  -214315.0  -214305.743   9.647       0.0    
