Generating synthetic count valued data ... 
Generating synthetic  count valued data took:  16.688494205474854
max_count =  39.0  min count =  0.0
Evaluation for true params: 
 test_rsme | train_rsme | rel-te-err | rel-tr-err |  test_nll  |  train_nll |
0.4379040991 0.435901365    0.19008      0.18817      160649.2    639904.78  
Factorizing with max_iteration = 16000  fixing covariance?:  False
Tensor dimensions:  [50, 50, 50]
Optimization metrics: 
Using Ada Grad
Mean update scheme:  S
Covariance update :  N
Using diagonal covariance?:  True
Random start? True
k1 samples =  64  k2 samples =  64
eta =  1.0  cov eta =  1.0  sigma eta =  1
iteration |   time   |test_rsme |rel-te-err|train_rsme|rel-tr-err|  d_mean  |   d_cov  | test_nll | train_nll |    VLB   |  E-term  |    KL     |   dw   |
    0         1.29      8.7583     6.731      8.7803     6.7185     3.1623     0.2944    70023.09  280529.23  -1234528.0 -1234515.306   12.598     0.0313  
    5        590.31     8.7628     6.7379     8.7853     6.7229     3.1623     0.295     70003.08  280360.86  -1235593.0 -1235580.328   12.605     0.0015  
    10      1179.56     8.7592     6.7214     8.7734     6.7099     3.1623     0.295     70009.48  280444.49  -1232465.0 -1232452.376   12.58      0.0007  
    20      1775.69     8.7217     6.6868     8.7103     6.6499     3.1623     0.2951    69804.07  279294.84  -1227588.0 -1227575.752   12.506     0.0005  
    50      2403.75     8.3368     6.2687     8.2784     6.2102     3.1623     0.2951    68311.53   272695.8  -1165546.0 -1165533.498   12.937      0.0    
   100      3054.45     7.8057     5.0089     7.7607     4.9572     2.8962     0.2317    64680.84   259476.9  -854906.0  -854891.554   14.906     0.0001  
   200      3775.07    41.5382    21.2048    41.3819    21.0786     2.7967     0.1429   163567.32  656679.65  -1637981.0 -1637963.43   17.941      0.0    
   300      4494.88    36.9258    15.4657    36.8076    15.3974     2.7947     0.1165   201251.98  811495.05  -1579005.0 -1578980.769   24.113      0.0    
   400      5205.56    10.3011     6.6167    10.3118     6.6073     2.8066     0.1016   254387.67  1021543.84 -1551456.0 -1551425.813   29.84       0.0    
   500      5902.87    10.6426      6.8       10.66      6.7907     2.7247     0.0887    273178.7  1095662.09 -1575974.0 -1575938.758   34.835      0.0    
   600      6593.57    10.6426      6.8       10.66      6.7907     2.6007     0.0781    273178.7  1095662.09 -1575978.0 -1575938.758   38.986      0.0    
   700      7287.54    10.6426      6.8       10.66      6.7907     2.4408     0.0721    273178.7  1095662.09 -1575981.0 -1575938.758   42.467      0.0    
   800      7971.56    10.6426      6.8       10.66      6.7907     2.2873     0.0679    273178.7  1095662.09 -1575984.0 -1575938.758   45.384      0.0    
   900      8649.91    10.6426      6.8       10.66      6.7907      2.17      0.067     273178.7  1095662.09 -1575987.0 -1575938.758   47.938      0.0    
   1000     9328.12    10.6426      6.8       10.66      6.7907     2.0439     0.0766    273178.7  1095662.09 -1575989.0 -1575938.758   50.148      0.0    
   1100     10013.64   10.6426      6.8       10.66      6.7907     1.9475     0.0665    273178.7  1095662.09 -1575991.0 -1575938.758   52.138      0.0    
   1200     10698.86   10.6426      6.8       10.66      6.7907     1.8495     0.069     273178.7  1095662.09 -1575993.0 -1575938.758   53.838      0.0    
   1300     11382.92   10.6426      6.8       10.66      6.7907     1.7671     0.0652    273178.7  1095662.09 -1575994.0 -1575938.758   55.433      0.0    
   1400     12061.15   10.6426      6.8       10.66      6.7907     1.685      0.0707    273178.7  1095662.09 -1575996.0 -1575938.758   56.98       0.0    
   1500     12746.01   10.6426      6.8       10.66      6.7907     1.6446     0.0594    273178.7  1095662.09 -1575997.0 -1575938.758   58.311      0.0    
   1600     13426.62   10.6426      6.8       10.66      6.7907     1.5771     0.0544    273178.7  1095662.09 -1575998.0 -1575938.758   59.504      0.0    
   1700     14105.93   10.6426      6.8       10.66      6.7907     1.5222     0.0522    273178.7  1095662.09 -1575999.0 -1575938.758   60.634      0.0    
   1800     14787.47   10.6426      6.8       10.66      6.7907     1.4866     0.0457    273178.7  1095662.09 -1576000.0 -1575938.758   61.674      0.0    
   1900     15468.52   10.6426      6.8       10.66      6.7907     1.4304     0.0479    273178.7  1095662.09 -1576001.0 -1575938.758   62.648      0.0    
   2000     16151.54   10.6426      6.8       10.66      6.7907     1.3889     0.0608    273178.7  1095662.09 -1576002.0 -1575938.758   63.473      0.0    
   2100     16834.74   10.6426      6.8       10.66      6.7907     1.3546     0.0546    273178.7  1095662.09 -1576003.0 -1575938.758   64.352      0.0    
   2200     17515.89   10.6426      6.8       10.66      6.7907     1.3212     0.0528    273178.7  1095662.09 -1576004.0 -1575938.758   65.213      0.0    
   2300     18194.44   10.6426      6.8       10.66      6.7907     1.2984     0.0506    273178.7  1095662.09 -1576005.0 -1575938.758   66.056      0.0    
   2400     18872.72   10.6426      6.8       10.66      6.7907     1.2573     0.0476    273178.7  1095662.09 -1576006.0 -1575938.758   66.845      0.0    
   2500     19551.28   10.6426      6.8       10.66      6.7907     1.2317     0.0491    273178.7  1095662.09 -1576006.0 -1575938.758   67.455      0.0    
   2600     20230.19   10.6426      6.8       10.66      6.7907     1.2006     0.0505    273178.7  1095662.09 -1576007.0 -1575938.758   68.09       0.0    
   2700     20908.54   10.6426      6.8       10.66      6.7907     1.1801     0.0484    273178.7  1095662.09 -1576007.0 -1575938.758   68.651      0.0    
   2800     21588.78   10.6426      6.8       10.66      6.7907     1.1595     0.0467    273178.7  1095662.09 -1576008.0 -1575938.758   69.291      0.0    
   2900     22270.24   10.6426      6.8       10.66      6.7907     1.1361     0.0408    273178.7  1095662.09 -1576009.0 -1575938.758   69.831      0.0    
   3000     22949.54   10.6426      6.8       10.66      6.7907     1.1126     0.0413    273178.7  1095662.09 -1576009.0 -1575938.758   70.312      0.0    
   3100     23629.06   10.6426      6.8       10.66      6.7907     1.0914     0.0429    273178.7  1095662.09 -1576010.0 -1575938.758   71.022      0.0    
   3200     24309.06   10.6426      6.8       10.66      6.7907     1.0734     0.0403    273178.7  1095662.09 -1576010.0 -1575938.758   71.452      0.0    
   3300     24992.95   10.6426      6.8       10.66      6.7907     1.0547     0.0404    273178.7  1095662.09 -1576011.0 -1575938.758   71.874      0.0    
   3400     25674.82   10.6426      6.8       10.66      6.7907     1.0439     0.0402    273178.7  1095662.09 -1576011.0 -1575938.758   72.438      0.0    
   3500     26357.96   10.6426      6.8       10.66      6.7907     1.022      0.0461    273178.7  1095662.09 -1576012.0 -1575938.758   72.883      0.0    
   3600     27036.57   10.6426      6.8       10.66      6.7907     1.0058     0.0328    273178.7  1095662.09 -1576012.0 -1575938.758   73.343      0.0    
   3700     27722.91   10.6426      6.8       10.66      6.7907     0.9923     0.0444    273178.7  1095662.09 -1576012.0 -1575938.758   73.741      0.0    
   3800     28405.49   10.6426      6.8       10.66      6.7907     0.9771      0.04     273178.7  1095662.09 -1576013.0 -1575938.758   74.203      0.0    
   3900     29084.45   10.6426      6.8       10.66      6.7907     0.9646     0.0338    273178.7  1095662.09 -1576014.0 -1575938.758   74.795      0.0    
   4000     29762.93   10.6426      6.8       10.66      6.7907     0.9509     0.0415    273178.7  1095662.09 -1576014.0 -1575938.758   75.189      0.0    
   4100     30446.76   10.6426      6.8       10.66      6.7907     0.9382     0.0401    273178.7  1095662.09 -1576014.0 -1575938.758   75.614      0.0    
   4200     31128.38   10.6426      6.8       10.66      6.7907     0.9275     0.0398    273178.7  1095662.09 -1576015.0 -1575938.758   75.941      0.0    
   4300     31807.07   10.6426      6.8       10.66      6.7907     0.9127     0.0478    273178.7  1095662.09 -1576015.0 -1575938.758   76.275      0.0    
   4400     32489.34   10.6426      6.8       10.66      6.7907     0.903      0.0399    273178.7  1095662.09 -1576015.0 -1575938.758   76.707      0.0    
   4500     33170.76   10.6426      6.8       10.66      6.7907     0.8918     0.0406    273178.7  1095662.09 -1576016.0 -1575938.758   77.074      0.0    
   4600     33853.89   10.6426      6.8       10.66      6.7907     0.8837     0.0363    273178.7  1095662.09 -1576016.0 -1575938.758   77.348      0.0    
   4700     34531.34   10.6426      6.8       10.66      6.7907     0.8701     0.036     273178.7  1095662.09 -1576017.0 -1575938.758   77.742      0.0    
   4800     35192.49   10.6426      6.8       10.66      6.7907     0.8591     0.0399    273178.7  1095662.09 -1576017.0 -1575938.758   78.005      0.0    
   4900     35850.53   10.6426      6.8       10.66      6.7907     0.8524     0.0366    273178.7  1095662.09 -1576017.0 -1575938.758   78.373      0.0    
   5000     36519.9    10.6426      6.8       10.66      6.7907     0.8397     0.0362    273178.7  1095662.09 -1576017.0 -1575938.758   78.638      0.0    
   5100     37190.74   10.6426      6.8       10.66      6.7907     0.833      0.0344    273178.7  1095662.09 -1576018.0 -1575938.758   78.889      0.0    
   5200     37851.33   10.6426      6.8       10.66      6.7907     0.8233     0.0278    273178.7  1095662.09 -1576018.0 -1575938.758   79.275      0.0    
