Generating synthetic count valued data ... 
Generating synthetic  count valued data took:  17.379196882247925
max_count =  39.0  min count =  0.0
Evaluation for true params: 
 test_rsme | train_rsme | rel-te-err | rel-tr-err |  test_nll  |  train_nll |
0.3122819239 0.3088850919   0.09752      0.09541     163511.02    651763.96  
Factorizing with max_iteration = 16000  fixing covariance?:  False
Tensor dimensions:  [50, 50, 50]
Optimization metrics: 
Using Ada Grad
Mean update scheme:  S
Covariance update :  N
Using diagonal covariance?:  True
Random start? True
k1 samples =  64  k2 samples =  64
eta =  1.0  cov eta =  1.0  sigma eta =  1
iteration |   time   |test_rsme |rel-te-err|train_rsme|rel-tr-err|  d_mean  |   d_cov  | test_nll | train_nll |    VLB   |  E-term  |    KL     |   dw   |
    0         1.31      8.7568     6.7302     8.7789     6.7202     3.1623     0.2944    70059.02  280513.57  -1234196.0 -1234183.211   12.598     0.0328  
    5        600.65     8.7652     6.7455     8.7892     6.7348     3.1623     0.295     69988.27  280420.39  -1236404.0 -1236391.815   12.592     0.0016  
    10      1199.57     8.7547     6.7231     8.7762     6.7177     3.1623     0.295     70064.82  280374.12  -1233430.0 -1233417.885   12.563     0.0007  
    20      1807.32     8.7395     6.7056     8.7266     6.6709     3.1623     0.2951    69836.15  279309.37  -1228091.0 -1228078.573   12.48      0.0005  
    50      2433.73     8.3503     6.2749     8.2918     6.2144     3.1623     0.2951    68268.89  272623.88  -1163312.0 -1163300.233   11.81      0.0001  
   100      3087.89     7.907      5.0239     7.773      4.937      3.0275     0.2301    65437.43  262068.28  -844120.0  -844107.152   12.982     0.0002  
   200      3810.88    41.2892    21.1408    41.1091    20.9914     2.6903     0.1389   164133.68  659939.85  -1622128.0 -1622110.094   17.482      0.0    
   300      4527.03    41.0296    17.2435    40.8357    17.1843     2.759      0.1156    203930.0  819263.27  -1671793.0 -1671769.906   23.102      0.0    
   400      5241.42     9.6716     6.1876     9.7058     6.2048     2.7992     0.0973   245809.09  986279.53  -1509255.0 -1509226.105   28.868      0.0    
   500      5950.17    10.6373     6.7974    10.6565     6.7887     2.7969     0.0853   273418.16  1095514.73 -1575380.0 -1575345.814   33.988      0.0    
   600      6655.65    10.6373     6.7974    10.6565     6.7887     2.6155     0.0812   273418.16  1095514.73 -1575384.0 -1575345.814   38.276      0.0    
   700      7354.44    10.6373     6.7974    10.6565     6.7887     2.4505     0.0825   273418.16  1095514.73 -1575388.0 -1575345.814   41.852      0.0    
   800       8044.9    10.6373     6.7974    10.6565     6.7887     2.3011     0.0821   273418.16  1095514.73 -1575391.0 -1575345.814   44.874      0.0    
   900      8738.59    10.6373     6.7974    10.6565     6.7887     2.1701     0.0732   273418.16  1095514.73 -1575393.0 -1575345.814   47.44       0.0    
   1000     9428.16    10.6373     6.7974    10.6565     6.7887     2.0457     0.0707   273418.16  1095514.73 -1575396.0 -1575345.814   49.69       0.0    
   1100     10118.87   10.6373     6.7974    10.6565     6.7887     1.9478     0.0678   273418.16  1095514.73 -1575398.0 -1575345.814   51.739      0.0    
   1200     10811.2    10.6373     6.7974    10.6565     6.7887     1.8536     0.0631   273418.16  1095514.73 -1575399.0 -1575345.814   53.499      0.0    
   1300     11503.86   10.6373     6.7974    10.6565     6.7887     1.7694     0.0674   273418.16  1095514.73 -1575401.0 -1575345.814   55.153      0.0    
   1400     12194.44   10.6373     6.7974    10.6565     6.7887     1.6933     0.066    273418.16  1095514.73 -1575402.0 -1575345.814   56.663      0.0    
   1500     12884.51   10.6373     6.7974    10.6565     6.7887     1.6442     0.059    273418.16  1095514.73 -1575404.0 -1575345.814   57.991      0.0    
   1600     13575.85   10.6373     6.7974    10.6565     6.7887     1.5776     0.0504   273418.16  1095514.73 -1575405.0 -1575345.814   59.272      0.0    
   1700     14271.98   10.6373     6.7974    10.6565     6.7887     1.5264     0.0629   273418.16  1095514.73 -1575406.0 -1575345.814   60.449      0.0    
   1800     14973.95   10.6373     6.7974    10.6565     6.7887     1.4921     0.0522   273418.16  1095514.73 -1575407.0 -1575345.814   61.526      0.0    
   1900     15673.01   10.6373     6.7974    10.6565     6.7887     1.4326     0.0505   273418.16  1095514.73 -1575408.0 -1575345.814   62.394      0.0    
   2000     16372.3    10.6373     6.7974    10.6565     6.7887     1.3939     0.0556   273418.16  1095514.73 -1575409.0 -1575345.814   63.406      0.0    
   2100     17073.28   10.6373     6.7974    10.6565     6.7887     1.3587     0.049    273418.16  1095514.73 -1575410.0 -1575345.814   64.328      0.0    
   2200     17771.84   10.6373     6.7974    10.6565     6.7887     1.3235     0.0547   273418.16  1095514.73 -1575411.0 -1575345.814   65.239      0.0    
   2300     18474.16   10.6373     6.7974    10.6565     6.7887     1.297      0.0509   273418.16  1095514.73 -1575412.0 -1575345.814   66.016      0.0    
   2400     19175.55   10.6373     6.7974    10.6565     6.7887     1.2587     0.046    273418.16  1095514.73 -1575413.0 -1575345.814   66.791      0.0    
   2500     19874.42   10.6373     6.7974    10.6565     6.7887     1.2323     0.0475   273418.16  1095514.73 -1575413.0 -1575345.814   67.387      0.0    
   2600     20572.87   10.6373     6.7974    10.6565     6.7887     1.2041     0.0519   273418.16  1095514.73 -1575414.0 -1575345.814   68.012      0.0    
   2700     21274.99   10.6373     6.7974    10.6565     6.7887     1.181      0.0499   273418.16  1095514.73 -1575414.0 -1575345.814   68.677      0.0    
   2800     21974.4    10.6373     6.7974    10.6565     6.7887     1.1585     0.0422   273418.16  1095514.73 -1575415.0 -1575345.814   69.193      0.0    
   2900     22677.04   10.6373     6.7974    10.6565     6.7887     1.1358     0.0485   273418.16  1095514.73 -1575416.0 -1575345.814   69.829      0.0    
   3000     23379.18   10.6373     6.7974    10.6565     6.7887     1.1155     0.0442   273418.16  1095514.73 -1575416.0 -1575345.814   70.511      0.0    
   3100     24080.49   10.6373     6.7974    10.6565     6.7887     1.0937     0.0433   273418.16  1095514.73 -1575417.0 -1575345.814   70.981      0.0    
   3200     24780.63   10.6373     6.7974    10.6565     6.7887     1.072      0.0471   273418.16  1095514.73 -1575417.0 -1575345.814   71.414      0.0    
   3300     25479.33   10.6373     6.7974    10.6565     6.7887     1.0551     0.0457   273418.16  1095514.73 -1575418.0 -1575345.814   71.945      0.0    
   3400     26177.35   10.6373     6.7974    10.6565     6.7887     1.0427     0.044    273418.16  1095514.73 -1575418.0 -1575345.814   72.399      0.0    
   3500     26875.98   10.6373     6.7974    10.6565     6.7887     1.0241     0.0304   273418.16  1095514.73 -1575419.0 -1575345.814   72.81       0.0    
   3600     27576.59   10.6373     6.7974    10.6565     6.7887     1.0078     0.041    273418.16  1095514.73 -1575419.0 -1575345.814   73.18       0.0    
   3700     28274.95   10.6373     6.7974    10.6565     6.7887     0.9933     0.0404   273418.16  1095514.73 -1575419.0 -1575345.814   73.539      0.0    
   3800     28975.77   10.6373     6.7974    10.6565     6.7887     0.9805     0.0399   273418.16  1095514.73 -1575420.0 -1575345.814   73.92       0.0    
   3900     29674.21   10.6373     6.7974    10.6565     6.7887     0.9635     0.0362   273418.16  1095514.73 -1575420.0 -1575345.814   74.439      0.0    
   4000     30373.15   10.6373     6.7974    10.6565     6.7887     0.9529     0.0436   273418.16  1095514.73 -1575421.0 -1575345.814   74.765      0.0    
   4100     31071.4    10.6373     6.7974    10.6565     6.7887     0.9392     0.0376   273418.16  1095514.73 -1575421.0 -1575345.814   75.396      0.0    
   4200     31772.62   10.6373     6.7974    10.6565     6.7887     0.9273     0.0391   273418.16  1095514.73 -1575422.0 -1575345.814   75.712      0.0    
   4300     32471.06   10.6373     6.7974    10.6565     6.7887     0.9123     0.0404   273418.16  1095514.73 -1575422.0 -1575345.814   76.181      0.0    
   4400     33169.85   10.6373     6.7974    10.6565     6.7887     0.902      0.0369   273418.16  1095514.73 -1575422.0 -1575345.814   76.497      0.0    
   4500     33871.04   10.6373     6.7974    10.6565     6.7887     0.8943     0.043    273418.16  1095514.73 -1575423.0 -1575345.814   76.791      0.0    
   4600     34569.37   10.6373     6.7974    10.6565     6.7887     0.8848     0.041    273418.16  1095514.73 -1575423.0 -1575345.814   77.067      0.0    
   4700     35254.65   10.6373     6.7974    10.6565     6.7887     0.8701     0.0361   273418.16  1095514.73 -1575423.0 -1575345.814   77.479      0.0    
   4800     35940.72   10.6373     6.7974    10.6565     6.7887     0.8605     0.0391   273418.16  1095514.73 -1575424.0 -1575345.814   77.753      0.0    
   4900     36635.67   10.6373     6.7974    10.6565     6.7887     0.8511     0.0351   273418.16  1095514.73 -1575424.0 -1575345.814   78.102      0.0    
   5000     37333.21   10.6373     6.7974    10.6565     6.7887     0.8435     0.0437   273418.16  1095514.73 -1575424.0 -1575345.814   78.352      0.0    
   5100     38027.61   10.6373     6.7974    10.6565     6.7887     0.8319      0.04    273418.16  1095514.73 -1575424.0 -1575345.814   78.607      0.0    
