Generating synthetic count valued data ... 
Generating synthetic  count valued data took:  16.698574542999268
max_count =  39.0  min count =  0.0
Evaluation for true params: 
 test_rsme | train_rsme | rel-te-err | rel-tr-err |  test_nll  |  train_nll |
0.3122819239 0.3088850919   0.09752      0.09541     163511.02    651763.96  
Factorizing with max_iteration = 16000  fixing covariance?:  False
Tensor dimensions:  [50, 50, 50]
Optimization metrics: 
Using Ada Grad
Mean update scheme:  S
Covariance update :  N
Using diagonal covariance?:  True
Random start? True
k1 samples =  64  k2 samples =  64
eta =  1.0  cov eta =  1.0  sigma eta =  1
iteration |   time   |test_rsme |rel-te-err|train_rsme|rel-tr-err|  d_mean  |   d_cov  | test_nll | train_nll |    VLB   |  E-term  |    KL     |   dw   |
    0         3.37      8.7574     6.7229     8.7701     6.7112     3.1623     0.2953    69866.07  280003.93  -311618.0  -311605.044   12.629      0.0    
    5        605.79     8.7577     6.6813     8.767      6.6549     3.1623     0.2953    70189.7    280454.6  -312939.0  -312925.885   12.764      0.0    
    10      1203.43     8.7524     6.6588     8.7647     6.6236     3.1623     0.3419    70147.94  280673.28  -313520.0  -313507.277   12.967      0.0    
    20      1819.59     8.853      6.6522     8.8463     6.6065     3.1623     0.3421    71084.49   284610.6  -319563.0  -319549.286   13.258      0.0    
    50      2515.17     8.9133     6.4043     8.9404     6.3975     3.1623     0.3427    73223.54   292925.6  -335016.0  -335003.058   13.394      0.0    
   100      3289.62     8.4637     5.734      8.4961     5.7324     2.602      0.3406    70951.02  284801.47  -325152.0  -325140.626   11.375      0.0    
   200      4247.48     5.4846     3.4554     5.5458     3.4778     1.4406      0.22     53772.68  215623.69  -239502.0  -239490.54   11.495      0.0    
   300      5223.15     4.6507     3.0665     4.7149     3.1158     1.1495     0.1677    51383.64  205916.08  -228732.0  -228719.768   12.089      0.0    
   400      6169.38     4.4078     2.9766     4.454      3.0209     1.2417     0.1765    50767.65  203233.42  -226425.0  -226412.822   12.345      0.0    
   500      7116.06     4.2659     2.8944     4.3063     2.9186     1.0179     0.1227    50413.9    201820.3  -224868.0  -224854.345   13.595      0.0    
   600      8059.55     4.069      2.7586     4.078      2.7728     1.1089     0.117     49994.47   200204.5  -223335.0  -223321.903   13.478      0.0    
   700      9019.11     3.9725     2.6674     4.0039     2.6943     0.8206     0.087     49701.95  198951.03  -222109.0  -222094.962   14.161      0.0    
   800      9987.92     3.9015     2.6143     3.9059     2.6211     0.7156     0.1051    49498.01  198097.14  -221101.0  -221087.856   13.406      0.0    
   900      10957.18    3.8173     2.5401     3.8198     2.5456     0.8029     0.0999    49263.86  197312.95  -220207.0  -220193.643   13.307      0.0    
   1000     11917.65    3.7223     2.5001     3.7408     2.5161     0.6656     0.0953    49290.53  197302.98  -220320.0  -220306.184   13.331      0.0    
   1100     12875.94    3.6679     2.465      3.6913     2.484      0.7793     0.0905    49218.41  196995.68  -220231.0  -220216.51   14.143      0.0    
   1200     13837.47    3.6771     2.4516     3.6843     2.4494     0.5537     0.0726    49064.01  196379.75  -219354.0  -219340.868   13.213      0.0    
   1300     14795.1     3.614      2.4019     3.628      2.4181     0.6256     0.0829    48933.89  195835.44  -218936.0  -218922.632   13.257      0.0    
   1400     15747.95    3.6046     2.3983     3.642      2.4241     0.7041     0.0598    48922.86   195877.9  -219131.0  -219117.297   13.621      0.0    
   1500     16708.73    3.6313     2.442      3.6386     2.4487     0.5862     0.0858    49070.62  196404.48  -219679.0  -219666.009   13.338      0.0    
   1600     17666.46    3.5593     2.3762     3.5895     2.3932     0.496      0.0667    48792.87  195442.26  -218725.0  -218711.814   13.61       0.0    
   1700     18619.56    3.4913     2.3353     3.5066     2.3424     0.711      0.0992    48772.02  195197.27  -218558.0  -218543.663   14.02       0.0    
   1800     19574.08    3.5365     2.3614     3.5395     2.3667     0.538      0.055     48720.33   194997.9  -218482.0  -218467.464   14.513      0.0    
   1900     20529.75    3.5113     2.3422     3.5353     2.3563     0.5792     0.0414    48687.28  194918.94  -218292.0  -218277.332   14.179      0.0    
   2000     21483.98    3.511      2.344      3.5153     2.3465     0.5378     0.0559    48657.5    194848.1  -218192.0  -218177.789   14.462      0.0    
   2100     22437.83    3.4606     2.3158     3.4759     2.3203     0.6519     0.0605    48668.93  194628.72  -217947.0  -217933.65   13.33       0.0    
   2200     23391.87    3.4162     2.2767     3.4351     2.2882     0.4959     0.0604    48518.95  194059.49  -217417.0  -217402.317   14.225      0.0    
   2300     24346.38    3.3989     2.2511     3.4182     2.2591     0.5032     0.066     48413.56   193840.5  -216869.0  -216855.033   14.206      0.0    
   2400     25298.43    3.4103     2.2615     3.4465     2.2822     0.5757     0.0493    48450.71  194112.51  -217376.0  -217361.603   14.017      0.0    
   2500     26251.04    3.4253     2.273      3.4304     2.2732     0.5208     0.0579    48440.9   193924.28  -217127.0  -217112.917   13.764      0.0    
   2600     27212.34    3.4148     2.2572     3.4281     2.2633     0.5109     0.0485    48311.46  193422.66  -216629.0  -216615.654   13.757      0.0    
   2700     28172.66    3.4313     2.2704     3.4557     2.2895     0.5303     0.0537    48395.72  193781.14  -217287.0  -217272.724   14.097      0.0    
   2800     29128.82    3.3895     2.2496     3.3987     2.2593     0.4273     0.0664    48362.34  193490.81  -216899.0  -216884.582   14.186      0.0    
   2900     30090.8     3.3838     2.2602     3.4122     2.2756     0.5113     0.0495    48437.64  193865.01  -217415.0  -217400.242   14.295      0.0    
   3000     31045.02    3.4252     2.2831     3.423      2.2815     0.4481     0.0547    48356.08  193583.15  -217163.0  -217148.591   14.743      0.0    
   3100     31998.61    3.3428     2.2058     3.3646     2.2265     0.3838     0.0487    48255.63  193007.53  -216360.0  -216345.15   14.393      0.0    
   3200     32961.57    3.3387     2.1997     3.3617     2.2178     0.5092     0.071     48233.73  192966.93  -216402.0  -216388.097   14.037      0.0    
   3300     33922.61    3.384      2.256      3.4112     2.2703     0.4473     0.0541    48365.05  193426.47  -216887.0  -216872.512   14.168      0.0    
   3400     34878.06    3.3563     2.2262     3.3772     2.2376     0.5172     0.0523    48257.59  193155.85  -216549.0  -216535.386   14.094      0.0    
   3500     35829.86    3.3754     2.2384     3.378      2.2407     0.4012     0.0478    48236.71  193148.38  -216632.0  -216616.967   15.271      0.0    
   3600     36788.01    3.3105     2.1872     3.3079     2.1856     0.3467     0.0508    48121.38  192591.36  -215851.0  -215837.154   14.263      0.0    
   3700     37743.42    3.3507     2.212      3.3463     2.2162     0.4972     0.0511    48150.13  192731.78  -216083.0  -216068.229   14.485      0.0    
