Generating synthetic real valued data ... 
Generating synthetic  real valued data took:  8.577415227890015
Evaluation for true params: 
 test_rsme | train_rsme | rel-te-err | rel-tr-err |  test_nll  |  train_nll |
    0.0          0.0          0.0          0.0       287494.79    1149836.49 
Using  0.5 of training data
Factorizing with max_iteration = 16000  fixing covariance?:  False
Tensor dimensions:  [50, 50, 50]
Optimization metrics: 
Using Ada Grad
Mean update scheme:  S
Covariance update :  N
Using diagonal covariance?:  False
Random start? True
k1 samples =  64  k2 samples =  128
eta =  1.0  cov eta =  1.0  sigma eta =  1
iteration |   time   |test_rsme |rel-te-err|train_rsme|rel-tr-err|   d_mean  |   d_cov  |avg_grad_m|avg_grad_c| test_nll | train_nll |    VLB   |  E-term  |    KL     
    0         1.58    9980.4386    0.9978   9980.3777    0.9978     3.1623     0.4025   932500.3758  447.7302  287823.14  575646.27  -575663.0  -575646.273   17.138   
    5        172.59   9975.6153    0.9974   9975.5088    0.9974     3.1623     0.4025   6034215.873 3148.0497  287823.14  575646.27  -575665.0  -575646.273   18.231   
    10       345.15    9970.36     0.9968   9970.1277    0.9968     3.1623     0.4025   11716504.6293 6828.3926  287823.14  575646.27  -575666.0  -575646.273   19.293   
    20       528.05   9957.4125    0.9955   9957.2415    0.9955     3.1623     0.4025   25192887.3461 17531.3107 287823.14  575646.27  -575667.0  -575646.273   21.077   
    50       747.32   9898.7702    0.9896   9898.7386    0.9896     3.1623     0.4025   86007569.8523 88756.6289 287823.14  575646.27  -575696.0  -575646.273   49.469   
   100      1011.89   9725.3461    0.972    9725.3528    0.972      3.0712      0.0     189156304.6757 399667.0142 287823.14  575646.27  -575703.0  -575646.273   57.226   
   200      1359.96    9025.833    0.901    9025.9051    0.901      2.8116      0.0     467996411.3288 2618164.0793 287823.14  575646.27  -575713.0  -575646.273   67.208   
   300      1708.19   7814.0617    0.7779   7814.1325    0.778      2.5337      0.0     751067973.4171 8458436.6142 287823.14  575646.27  -575720.0  -575646.273   73.461   
   400      2055.74    6161.352    0.6098   6161.4055    0.6099     2.224       0.0     920015035.5977 19050954.658 287823.14  575646.27  -575724.0  -575646.273   77.742   
   500      2404.18   4300.3767    0.4197   4300.2938    0.4198     1.8976      0.0     890409163.7461 33895109.8592 287823.14  575646.27  -575727.0  -575646.273   80.734   
   600      2752.46   2614.9171    0.246    2614.6203    0.2461     1.4969      0.0     677645079.4478 49996042.38 287823.14  575646.27  -575729.0  -575646.273   82.731   
   700      3100.07   1442.0588    0.1234    1441.694    0.1233     1.1049      0.0     409655797.6538 63383105.3215 285275.66  570355.85  -575348.0  -575263.66   83.978   
   800      3447.68    821.1256    0.0638    820.7956    0.0637     0.7403      0.0     207078918.0909 71651751.8014 276381.52  553025.35  -574188.0  -574103.405   84.728   
   900      3795.91    540.3755    0.0415    540.0397    0.0414     0.5167      0.0     102857151.1853 75736629.5509 269239.72  537554.26  -573243.0  -573157.587   85.17    
   1000     4143.36    410.2008    0.032     409.9913    0.0319     0.3791      0.0     57386813.5189 77737515.4955 263305.55  526931.27  -572593.0  -572507.047   85.456   
   1100     4492.05    339.1791    0.0268    338.9381    0.0267     0.2693      0.0     36573331.3018 78528086.9517 258164.06  516672.38  -571876.0  -571789.95   85.646   
   1200     4836.55    296.4442    0.0236    296.3253    0.0235     0.2263      0.0     26952504.0261 78943667.4852 254749.32  508833.87  -571380.0  -571294.302   85.786   
   1300     5180.79    271.2045    0.0217    271.0891    0.0216     0.1677      0.0     19415223.6098 79063717.9577 251602.78  502451.04  -570984.0  -570898.055   85.888   
   1400     5523.35    256.2915    0.0205    256.0641    0.0205     0.135       0.0     14534801.8313 79318610.6966  249142.1  498194.17  -570678.0  -570592.412   85.956   
   1500     5866.99    246.927     0.0198    246.6148    0.0198     0.0989      0.0     12066221.9279 79234710.2852 248002.16  495657.95  -570449.0  -570363.002   86.016   
   1600     6210.13    241.7278    0.0194    241.3379    0.0194     0.0901      0.0     8409069.9346 79262916.4988 246785.18   493947.7  -570417.0  -570331.237   86.064   
   1700     6553.26    238.6171    0.0191    238.2835    0.0191     0.0662      0.0     7180502.6821 79301914.0126 246523.18  492667.71  -570214.0  -570128.382   86.098   
   1800     6897.33    236.7244    0.019     236.324     0.019      0.066       0.0     6600034.5349 79388950.2504 246093.09  491874.78  -570225.0  -570139.25   86.13    
   1900     7241.66    235.5534    0.0189    235.1366    0.0189     0.0477      0.0     5835618.2057 79374797.8777 246295.36  491609.51  -570267.0  -570180.364   86.148   
   2000     7584.72    234.9669    0.0189    234.5517    0.0189      0.03       0.0     4958299.215 79334154.129 246186.56  492156.75  -570262.0  -570175.485   86.171   
   2100     7927.43    234.6839    0.0189    234.1602    0.0188     0.0306      0.0     5078852.8118 79438896.6726 246288.91  491548.79  -570196.0  -570109.497   86.179   
   2200     8270.46    234.4062    0.0188    233.8516    0.0188     0.0316      0.0     5019076.662 79467684.8996 246261.87  492018.31  -570315.0  -570229.137   86.179   
   2300     8613.89    234.2443    0.0188    233.7079    0.0188     0.031       0.0     4711780.9808 79311964.4735 246207.68  491485.39  -570213.0  -570126.42   86.181   
   2400     8957.89    234.283     0.0188    233.6175    0.0188     0.0359      0.0     5188904.8202 79413171.709 246465.76  492006.12  -570282.0  -570196.288   86.179   
   2500     9301.65    234.1806    0.0188    233.5745    0.0188     0.0285      0.0     5129692.5051 79363439.951 246488.41  491245.54  -570166.0  -570080.304   86.178   
   2600     9647.44    234.1132    0.0188    233.5182    0.0188     0.0368      0.0     4378029.0603 79301675.1451 246612.47  492082.65  -570272.0  -570185.892   86.19    
   2700     9991.18    234.0688    0.0188    233.5169    0.0188     0.0349      0.0     4632587.471 79246382.403 246085.18  490974.27  -570195.0  -570108.456   86.194   
   2800     10334.31   234.0568    0.0188    233.5038    0.0188     0.0307      0.0     4896257.6029 79380296.096 246290.73  491936.02  -570247.0  -570160.917   86.194   
   2900     10677.59   234.0367    0.0188    233.4628    0.0188     0.0325      0.0     4989450.7448 79325281.5416 246205.64  492332.99  -570286.0  -570200.083   86.207   
   3000     11020.85   234.0059    0.0188    233.4365    0.0188     0.0318      0.0     5029404.2651 79294192.3444 246166.47  492183.35  -570237.0  -570150.439   86.208   
   3100     11363.66   234.0624    0.0188    233.4596    0.0188     0.0272      0.0     4454726.5201 79362008.3463 246512.55  491315.33  -570241.0  -570154.585   86.211   
   3200     11706.19   234.0449    0.0188    233.4378    0.0188     0.0254      0.0     4186826.9283 79383756.4021 246565.32  491678.17  -570356.0  -570270.151   86.207   
   3300     12050.32   234.0407    0.0188    233.4565    0.0188     0.0415      0.0     3971782.0193 79405930.1996  246566.7  492158.58  -570185.0  -570099.266   86.202   
   3400     12393.71   234.0697    0.0188    233.4475    0.0188     0.0317      0.0     4444326.9825 79362661.9969 246454.51  492389.11  -570243.0  -570157.264    86.2    
   3500     12736.32   234.0965    0.0188    233.4042    0.0188     0.0287      0.0     4781408.1789 79402451.978  246098.3  491527.13  -570182.0  -570095.791   86.194   
   3600     13079.03   234.2245    0.0188    233.374     0.0188     0.0323      0.0     4744957.558 79356866.843  246842.4  491625.23  -570201.0  -570115.069   86.199   
   3700     13422.41   234.1469    0.0188    233.351     0.0188     0.0247      0.0     4354172.202 79280933.3911 246558.08  491634.81  -570295.0  -570208.785   86.197   
   3800     13766.27   234.097     0.0188    233.3776    0.0188     0.0261      0.0     4420552.3048 79289674.9363 246175.89  492413.68  -570234.0  -570147.526    86.2    
   3900     14109.65   234.1486    0.0188    233.3887    0.0188     0.0353      0.0     4445540.5657 79409009.0002 246220.28  491211.27  -570194.0  -570107.967   86.203   
   4000     14452.83   234.1507    0.0188    233.4058    0.0188     0.0449      0.0     4770793.89 79345766.9802 246343.34  491533.44  -570219.0  -570132.492   86.216   
   4100     14795.87   234.2189    0.0188    233.4174    0.0188     0.0401      0.0     4352823.7605 79389774.6592 246450.61  491936.45  -570273.0  -570186.393   86.212   
   4200     15139.42   234.2426    0.0188    233.421     0.0188     0.0298      0.0     4728361.9914 79412975.4863 246352.63  491772.41  -570276.0  -570189.801   86.203   
   4300     15482.29   234.1953    0.0188    233.3992    0.0188     0.0352      0.0     4734883.7466 79539706.4585 246489.14  491799.18  -570206.0  -570119.894   86.203   
   4400     15825.8    234.1511    0.0188    233.3759    0.0188     0.0283      0.0     4226092.2849 79415887.7137 246517.96  491656.64  -570268.0  -570181.763   86.201   
   4500     16167.87   234.1334    0.0188    233.3866    0.0188     0.028       0.0     4676122.0298 79335574.509  246165.9  491327.65  -570208.0  -570122.147   86.199   
   4600     16511.76   234.1238    0.0188    233.3591    0.0188     0.0354      0.0     4506299.3501 79310832.5102 246417.19  492356.17  -570261.0  -570174.804   86.193   
   4700     16855.66   234.0589    0.0188    233.3637    0.0188     0.0312      0.0     4185719.6822 79294280.1214 246462.89  491385.28  -570272.0  -570185.834   86.188   
   4800     17197.85   234.0231    0.0188    233.3501    0.0188     0.0234      0.0     4475767.2614 79367381.7369 246616.35  492337.99  -570202.0  -570115.691   86.194   
   4900     17540.33   233.9835    0.0188    233.3425    0.0188     0.0295      0.0     4527037.4917 79323582.6131 246639.53  492516.55  -570255.0  -570169.173   86.191   
   5000     17882.1    234.0611    0.0188    233.3608    0.0188     0.036       0.0     4871039.9239 79120563.431 246197.13  491644.43  -570129.0  -570042.339   86.203   
   5100     18225.25   233.9536    0.0188    233.3402    0.0188     0.0222      0.0     4000497.62 79467029.8506 246648.76  491853.73  -570260.0  -570174.251   86.207   
   5200     18568.09   234.0674    0.0188    233.3415    0.0188     0.0347      0.0     4497657.6225 79475014.2166 246372.36  491949.38  -570265.0  -570178.639   86.199   
   5300     18912.44   234.1293    0.0188    233.3327    0.0188     0.0359      0.0     4753834.0175 79338181.2739 246537.54  491723.03  -570263.0  -570176.966   86.199   
   5400     19254.6    234.1044    0.0188    233.3023    0.0188     0.0261      0.0     4623530.916 79366708.8215 246459.67  492264.32  -570266.0  -570180.28   86.19    
