Generating synthetic real valued data ... 
Generating synthetic  real valued data took:  9.449313163757324
Evaluation for true params: 
 test_rsme | train_rsme | rel-te-err | rel-tr-err |  test_nll  |  train_nll |
1204.1840809454 1202.4146785192 0.1004525332 0.0999811243  278868.74    1115644.78 
Using  0.5 of training data
Factorizing with max_iteration = 16000  fixing covariance?:  False
Tensor dimensions:  [50, 50, 50]
Optimization metrics: 
Using Ada Grad
Mean update scheme:  S
Covariance update :  N
Using diagonal covariance?:  False
Random start? True
k1 samples =  64  k2 samples =  128
eta =  1.0  cov eta =  1.0  sigma eta =  1
iteration |   time   |test_rsme |rel-te-err|train_rsme|rel-tr-err|   d_mean  |   d_cov  |avg_grad_m|avg_grad_c| test_nll | train_nll |    VLB   |  E-term  |    KL     |   dw   |
    0         1.44    10043.0537   0.9979   10058.9902   0.9979     3.1623     0.4025   920120.0027  434.6255  287823.14  575646.27  -575663.0  -575646.273   16.837     0.0227  
    5        222.83   10038.3944   0.9974   10054.284    0.9974     3.1623     0.4025   5867069.5318 3027.7221  287823.14  575646.27  -575664.0  -575646.273   18.031     0.0015  
    10       446.07   10033.3015   0.9969   10049.0739   0.9969     3.1623     0.4025   11339891.7805 6548.0572  287823.14  575646.27  -575665.0  -575646.273   19.067     0.0006  
    20       677.87   10020.7267   0.9956   10036.5672   0.9956     3.1623     0.4025   24539571.7197 16833.3298 287823.14  575646.27  -575667.0  -575646.273   20.812     0.0002  
    50       938.79   9963.6051    0.9896   9979.5095    0.9896     3.1623     0.4025   84025693.3664 85362.3267 287823.14  575646.27  -575695.0  -575646.273   49.112     0.0001  
   100      1238.93   9793.5565    0.9719   9809.4054    0.972      3.0822      0.0     186933573.773 391181.7086 287823.14  575646.27  -575703.0  -575646.273   56.949      0.0    
   200      1607.36   9105.1417    0.9003   9120.7719    0.9005     2.8169      0.0     464311983.8298 2572176.4437 287823.14  575646.27  -575713.0  -575646.273   67.004      0.0    
   300      1976.61   7912.0076    0.7757   7927.2896    0.7761     2.5406      0.0     746704201.2272 8349173.116 287823.14  575646.27  -575720.0  -575646.273   73.322      0.0    
   400      2345.45   6286.4696    0.605    6301.1169    0.6057     2.2414      0.0     921255657.4745 18917742.3129 287823.14  575646.27  -575724.0  -575646.273   77.632      0.0    
   500      2713.24   4473.6985    0.4117   4487.2966    0.4127     1.9159      0.0     895026913.979 33777679.5243 287731.63  575523.39  -575718.0  -575637.475   80.631      0.0    
   600      3081.31   2881.5325    0.2408   2892.6971    0.242      1.5004      0.0     684318937.9784 49968803.9858 286336.18   572817.4  -575519.0  -575436.279   82.64       0.0    
   700      3450.88   1886.8998    0.1464   1894.2674    0.1466     1.0672      0.0     405547454.9888 63241530.4309 283241.27  566166.22  -575123.0  -575038.764   83.877      0.0    
   800       3819.0   1463.9752    0.1155    1466.564    0.1152     0.7272      0.0     208576635.9994 71506239.7655 281122.43  561822.08  -574851.0  -574766.592   84.635      0.0    
   900      4187.55   1324.3799    0.1078   1323.3428    0.1073     0.507       0.0     102973063.4458 75692699.7231 280382.61  560399.51  -574814.0  -574729.178   85.074      0.0    
   1000     4556.38   1276.1973    0.1056   1273.4477    0.105      0.3686      0.0     62172789.5708 77730923.0965 279755.62  559903.27  -574765.0  -574679.489   85.427      0.0    
   1100     4921.86   1256.2152    0.1046   1252.7957    0.1039     0.2592      0.0     40726606.087 78588493.5982 279841.51  559812.16  -574737.0  -574651.269   85.617      0.0    
   1200     5287.22   1245.6936    0.104    1241.6689    0.1033     0.1928      0.0     35561889.8919 78961500.8714 280001.47  559662.87  -574699.0  -574612.76   85.748      0.0    
   1300     5652.75   1239.5203    0.1036   1235.4095    0.1029     0.1705      0.0     30219447.2201 79109792.9431  279574.8  559069.29  -574686.0  -574599.935   85.86       0.0    
   1400     6017.65    1235.29     0.1032   1231.4893    0.1025     0.1784      0.0     26427358.9296 79264071.7806 279686.75  559150.74  -574678.0  -574592.131   85.896      0.0    
   1500     6382.35   1233.2684    0.1031    1229.461    0.1024     0.1965      0.0     28256750.0337 79351426.7349 279755.36  558982.59  -574660.0  -574574.199   85.916      0.0    
   1600     6746.92   1232.4862    0.1031   1228.3512    0.1023     0.2054      0.0     24635757.3607 79299214.4964 279711.32  558824.32  -574687.0  -574600.988   85.958      0.0    
   1700     7110.19   1231.9724    0.103    1227.6786    0.1023     0.1606      0.0     24631384.1278 79510774.6454 279787.74  558861.05  -574654.0  -574568.411   85.978      0.0    
   1800     7473.53   1231.9819    0.103    1227.1304    0.1022     0.1678      0.0     25268743.7011 79575209.288 279807.59  558728.62  -574652.0  -574566.189   86.017      0.0    
   1900     7837.33   1231.7618    0.1029   1226.9863    0.1022     0.1683      0.0     24694201.4728 79497829.0828 279879.45  558664.29  -574632.0  -574545.86   86.112      0.0    
   2000     8200.98   1231.0573    0.1028   1226.9432    0.1021     0.2589      0.0     25293514.901 79264408.3466 279959.55  558993.38  -574655.0  -574568.494   86.136      0.0    
   2100     8564.62   1231.3679    0.1028   1226.8815    0.1021     0.1561      0.0     26623904.1378 79384694.8141  279524.8  558466.87  -574639.0  -574552.914   86.186      0.0    
   2200     8929.55   1231.3032    0.1029    1226.744    0.1021     0.1532      0.0     23849143.8267 79407333.6356 279713.92  558366.43  -574657.0  -574571.126   86.211      0.0    
   2300     9293.99   1231.5552    0.1028   1226.7421    0.1021     0.1467      0.0     21027008.7197 79319941.3176  279816.5  558474.31  -574635.0  -574548.463   86.21       0.0    
   2400     9658.05   1231.7627    0.1028   1226.9396    0.102      0.194       0.0     25803561.4451 79353719.3152 279632.09  558701.82  -574658.0  -574571.711   86.247      0.0    
   2500     10022.54  1231.6524    0.1028   1226.7104    0.102      0.1648      0.0     25981020.0642 79259012.7747 279727.58  558575.51  -574652.0  -574565.999   86.208      0.0    
   2600     10386.72  1231.5453    0.1029   1226.5397    0.1021     0.1441      0.0     25469164.5394 79293661.0762 279442.17  558685.81  -574648.0  -574561.804   86.215      0.0    
   2700     10750.02  1231.3413    0.1028   1226.5561    0.1021     0.1647      0.0     26200025.4429 79261546.1955 279844.12  558751.02  -574674.0  -574587.887   86.206      0.0    
   2800     11114.72  1231.0926    0.1028   1226.5694    0.1021     0.1592      0.0     26240109.1842 79348300.4382 279790.41  558836.66  -574636.0  -574550.006   86.147      0.0    
   2900     11477.86  1230.8897    0.1029   1226.5382    0.1022     0.1864      0.0     22316687.3663 79372988.931 279714.21  558703.42  -574657.0  -574570.478   86.12       0.0    
   3000     11842.28  1231.1726    0.1029   1226.6795    0.1021     0.157       0.0     19071377.3067 79463965.8898 279751.26  558710.96  -574652.0  -574565.896   86.14       0.0    
   3100     12207.0   1231.4858    0.1029   1226.6018    0.1021     0.1988      0.0     25615888.0661 79425480.3937 279717.21  558791.65  -574674.0  -574587.664   86.147      0.0    
   3200     12572.0   1231.4522    0.1029   1226.5483    0.1021     0.1534      0.0     23673536.0806 79353900.5871 279731.15  558895.69  -574631.0  -574545.309   86.181      0.0    
   3300     12935.0   1231.7071    0.1029   1226.6034    0.1021     0.1466      0.0     23990685.9264 79361056.9433  279825.4  559004.49  -574692.0  -574605.969   86.126      0.0    
   3400     13298.64  1231.5869    0.1029   1226.5807    0.1021     0.188       0.0     24554954.4483 79464348.5415 279434.72  559140.39  -574682.0  -574596.353   86.114      0.0    
   3500     13662.63  1231.9985    0.1029   1226.7124    0.1021     0.197       0.0     27355037.67 79475048.3097 280035.42  558994.85  -574675.0  -574589.043   86.065      0.0    
   3600     14027.21  1231.8105    0.103    1226.5966    0.1022     0.1281      0.0     23674532.5099 79418851.6395 279899.63  559110.24  -574679.0  -574592.85   86.132      0.0    
   3700     14392.35  1231.2144    0.1029   1226.6947    0.1021     0.1544      0.0     23796348.6934 79414962.7661 279581.49   559180.2  -574648.0  -574561.98   86.079      0.0    
   3800     14756.31  1231.5307    0.1029   1226.6264    0.1021     0.1788      0.0     25249767.1408 79552193.1041 279930.23  559095.83  -574650.0  -574563.578   86.113      0.0    
   3900     15120.26  1231.7037    0.1029   1226.6232    0.1021     0.1628      0.0     24866775.83 79382928.2837 279835.01   559213.4  -574675.0  -574588.573   86.112      0.0    
   4000     15483.81  1231.7375    0.1029   1226.6697    0.1021     0.1521      0.0     21604432.9905 79424600.7828 279833.35  558828.48  -574679.0  -574593.335   86.124      0.0    
   4100     15848.58  1231.5201    0.1029   1226.8815    0.1021     0.1795      0.0     24397741.6109 79376355.1399 279818.29   558792.2  -574705.0  -574618.982   86.165      0.0    
   4200     16212.12  1231.5056    0.1029   1226.7607    0.1022     0.1687      0.0     23860005.8773 79365787.4508 279780.84  558860.72  -574671.0  -574584.602   86.191      0.0    
   4300     16576.08  1231.3708    0.1029   1226.6592    0.1021     0.1626      0.0     23111818.6319 79532714.3731 279843.43  559131.26  -574668.0  -574581.373   86.205      0.0    
   4400     16939.79  1231.6531    0.1029   1226.5925    0.1021      0.16       0.0     23989184.2234 79331252.2774 279784.91  559119.55  -574713.0  -574626.989   86.227      0.0    
   4500     17303.41   1232.426    0.103    1226.8563    0.1021     0.1527      0.0     21263148.7927 79526647.11 279935.48  558932.34  -574706.0  -574619.913   86.213      0.0    
   4600     17667.29   1231.917    0.1029   1226.6507    0.1021     0.1158      0.0     19270406.2956 79475967.8067 279925.47  558652.47  -574661.0  -574574.881   86.181      0.0    
   4700     18031.18  1231.7843    0.103    1226.5647    0.1021     0.1609      0.0     24699653.0963 79412680.7457 279951.89  558965.57  -574677.0  -574591.077   86.218      0.0    
   4800     18394.39  1231.9607    0.1029   1226.6547    0.1021     0.1458      0.0     23714297.4174 79523901.5429  279579.7  559023.05  -574728.0  -574641.403   86.197      0.0    
   4900     18757.55   1231.549    0.1029   1226.5058    0.1021     0.1637      0.0     21875881.5059 79501132.2028 279801.28  558809.67  -574674.0  -574588.255   86.177      0.0    
   5000     19120.92  1231.6136    0.1029   1226.6673    0.1021     0.1294      0.0     25234051.1726 79436350.641 279696.32  558644.38  -574636.0  -574550.358   86.108      0.0    
   5100     19484.4   1231.6338    0.1029   1226.4549    0.1021     0.1725      0.0     21928421.1751 79346959.8308 279725.92  558925.47  -574656.0  -574569.391   86.114      0.0    
