Generating synthetic real valued data ... 
Generating synthetic  real valued data took:  8.059301853179932
Evaluation for true params: 
 test_rsme | train_rsme | rel-te-err | rel-tr-err |  test_nll  |  train_nll |
    0.0          0.0          0.0          0.0       287494.79    1149836.49 
Using  0.5 of training data
Factorizing with max_iteration = 16000  fixing covariance?:  False
Tensor dimensions:  [50, 50, 50]
Optimization metrics: 
Using Ada Grad
Mean update scheme:  S
Covariance update :  N
Using diagonal covariance?:  False
Random start? True
k1 samples =  64  k2 samples =  128
eta =  1.0  cov eta =  1.0  sigma eta =  1
iteration |   time   |test_rsme |rel-te-err|train_rsme|rel-tr-err|   d_mean  |   d_cov  |avg_grad_m|avg_grad_c| test_nll | train_nll |    VLB   |  E-term  |    KL     |   dw   |
    0         1.33    9980.4386    0.9978   9980.3777    0.9978     3.1623     0.4025   919558.7628  440.7456  287823.14  575646.27  -575663.0  -575646.273   17.138     0.0228  
    5        223.33   9975.6153    0.9974   9975.5088    0.9974     3.1623     0.4025   6020708.243 3137.6748  287823.14  575646.27  -575665.0  -575646.273   18.231     0.0016  
    10       447.18    9970.36     0.9968   9970.1277    0.9968     3.1623     0.4025   11738701.6596 6934.7724  287823.14  575646.27  -575666.0  -575646.273   19.293     0.0006  
    20       679.47   9957.4125    0.9955   9957.2415    0.9955     3.1623     0.4025   25353579.4665 17793.0951 287823.14  575646.27  -575667.0  -575646.273   21.077     0.0002  
    50       942.77   9898.7695    0.9896    9898.738    0.9896     3.1623     0.4025   86009497.6917 88575.9893 287823.14  575646.27  -575696.0  -575646.273   49.47      0.0001  
   100      1244.02   9725.3495    0.972     9725.348    0.972      3.0708      0.0     189232989.6919 399601.6681 287823.14  575646.27  -575703.0  -575646.273   57.222      0.0    
   200       1614.6   9026.1415    0.901    9026.1901    0.901      2.8117      0.0     467060485.084 2605379.6561 287823.14  575646.27  -575713.0  -575646.273   67.201      0.0    
   300      1983.81   7814.2311    0.7779   7814.3156    0.778      2.5355      0.0     750924118.1158 8443048.5232 287823.14  575646.27  -575720.0  -575646.273   73.455      0.0    
   400      2353.22   6161.1271    0.6098   6161.0981    0.6098     2.2357      0.0     920554949.0523 19051343.712 287823.14  575646.27  -575724.0  -575646.273   77.735      0.0    
   500      2722.77   4301.5984    0.4198   4301.3629    0.4199     1.9098      0.0     890143427.1966 33860342.231 287823.14  575646.27  -575727.0  -575646.273   80.729      0.0    
   600      3089.37   2614.2568    0.2459   2613.8561    0.246      1.5162      0.0     678980258.857 50037816.3502 287823.14  575646.27  -575729.0  -575646.273   82.735      0.0    
   700      3451.76   1442.2247    0.1233   1441.6308    0.1233     1.0851      0.0     410932386.4295 63330315.6335 285353.54  570332.83  -575384.0  -575300.061   83.988      0.0    
   800      3816.37    822.7361    0.0639    822.2749    0.0638     0.7417      0.0     207354368.088 71602563.1397 276505.45  552634.35  -574217.0  -574132.541   84.718      0.0    
   900      4179.76    540.857     0.0415    540.4847    0.0414     0.5274      0.0     103565126.0044 75867583.5499 268530.22  536648.97  -573272.0  -573186.528   85.158      0.0    
   1000     4545.45    410.9448    0.032     410.6253    0.0319     0.3823      0.0     56518852.8983 77695573.172 262597.31  526181.37  -572563.0  -572477.448   85.454      0.0    
   1100      4911.7    339.4676    0.0268    339.0189    0.0267     0.3169      0.0     38068240.0113 78495120.6874 257897.93   515568.2  -571954.0  -571868.809   85.649      0.0    
   1200     5277.27    297.224     0.0236    296.912     0.0236     0.2175      0.0     26908693.0444 78895427.3397 253926.78  506951.06  -571375.0  -571289.686   85.796      0.0    
   1300     5643.64    271.758     0.0217    271.4669    0.0217     0.1576      0.0     19949069.7351 79108639.8667 250760.63  501568.35  -571033.0  -570947.224   85.898      0.0    
   1400     6010.35    256.0193    0.0205    255.6415    0.0204     0.1464      0.0     15393960.3599 79284020.0608 248282.28  497517.31  -570702.0  -570615.762   85.983      0.0    
   1500     6377.26    246.8469    0.0198    246.4771    0.0197     0.1005      0.0     11965686.2957 79374003.2826 247248.46  493975.52  -570546.0  -570460.061   86.035      0.0    
   1600     6743.81    241.3134    0.0193    240.9261    0.0193     0.0909      0.0     9060467.9301 79310943.8001 245972.53  492045.04  -570469.0  -570382.638   86.074      0.0    
   1700     7111.29    238.3236    0.0191    237.9137    0.0191     0.0712      0.0     7220343.8561 79291970.8801 245672.77  490837.35  -570348.0  -570262.135   86.112      0.0    
   1800     7473.38    236.4915    0.019     236.0752    0.019      0.0649      0.0     6500401.9192 79379908.1088  245443.8  490573.28  -570239.0  -570152.514   86.127      0.0    
   1900     7833.07    235.615     0.0189    235.0932    0.0189     0.0359      0.0     5687270.9905 79270380.9527 245386.79  489593.57  -570288.0  -570201.625   86.148      0.0    
   2000     8193.66    235.0257    0.0189    234.4293    0.0188     0.0389      0.0     5004374.4953 79358977.3054 245325.67  489338.07  -570307.0  -570220.628   86.165      0.0    
   2100     8556.65    234.8083    0.0189    234.1121    0.0188     0.0253      0.0     4708143.77 79394208.6636 245327.37  489313.92  -570217.0  -570130.793   86.166      0.0    
   2200     8919.69    234.5898    0.0189    233.8508    0.0188     0.0257      0.0     5120683.4813 79381834.3467 245342.66   489749.0  -570318.0  -570231.691   86.178      0.0    
   2300     9285.74    234.3849    0.0189    233.709     0.0188     0.027       0.0     4365394.7515 79271891.2969 245131.38  489666.68  -570249.0  -570162.554   86.187      0.0    
   2400     9642.68    234.2933    0.0188    233.5892    0.0188     0.0238      0.0     4704252.4287 79374125.3789  244973.6  489880.92  -570269.0  -570182.81   86.189      0.0    
   2500     10003.44   234.1989    0.0188    233.5194    0.0188     0.0329      0.0     4280818.5645 79389035.4921 244622.45  489930.89  -570231.0  -570144.503   86.201      0.0    
   2600     10365.31   234.1763    0.0188    233.4682    0.0188     0.0295      0.0     4903180.9534 79300293.7377  245210.0  489377.72  -570217.0  -570130.968   86.203      0.0    
   2700     10728.69   234.1588    0.0188    233.4548    0.0188     0.0323      0.0     4221074.5118 79434128.167 245506.37  489988.58  -570260.0  -570174.094   86.209      0.0    
   2800     11094.13   234.2271    0.0188    233.4231    0.0188     0.031       0.0     4542900.3921 79306921.3477 245739.01  490085.26  -570220.0  -570133.68   86.208      0.0    
   2900     11459.53   234.2125    0.0188    233.4224    0.0188     0.0306      0.0     4211487.2823 79498407.9071 245375.48  490124.22  -570194.0  -570108.1    86.209      0.0    
   3000     11823.92   234.1856    0.0188    233.4472    0.0188     0.0257      0.0     4597161.2738 79460312.6405 245411.28  489431.77  -570241.0  -570154.325   86.212      0.0    
   3100     12189.99   234.1172    0.0188    233.4471    0.0188     0.0295      0.0     4617076.6868 79440852.5686 245612.76  490091.17  -570325.0  -570239.126   86.212      0.0    
   3200     12556.37   234.0804    0.0188    233.4513    0.0188     0.0294      0.0     4626942.0746 79256783.756 245534.08  489674.17  -570252.0  -570166.148   86.204      0.0    
   3300     12922.72   234.1185    0.0188    233.418     0.0188     0.0339      0.0     4401445.6351 79397882.146 245374.66  490449.75  -570326.0  -570239.898   86.209      0.0    
   3400     13288.29   234.1316    0.0188    233.441     0.0188     0.0313      0.0     4708362.5556 79298337.1618 245149.67  490130.57  -570261.0  -570174.695   86.207      0.0    
   3500     13653.94   234.0316    0.0188    233.4096    0.0188     0.0254      0.0     4388933.2264 79389674.477 245741.66  489756.08  -570362.0  -570275.601   86.198      0.0    
   3600     14019.67   234.0939    0.0188    233.4119    0.0188     0.0264      0.0     4861536.1804 79452596.0078 245478.75  490143.48  -570382.0  -570295.687   86.198      0.0    
   3700     14385.97   234.1176    0.0188    233.4243    0.0188     0.0332      0.0     4550554.5367 79343285.4722 245198.49  489871.67  -570232.0  -570145.929   86.204      0.0    
   3800     14748.51   234.0014    0.0188    233.401     0.0188     0.0335      0.0     4971222.1482 79440165.1856 245163.55  489576.18  -570316.0  -570230.127   86.206      0.0    
   3900     15109.83   234.053     0.0188    233.388     0.0188     0.0318      0.0     4342727.5448 79250902.4039 245695.64  489655.47  -570322.0  -570235.765   86.197      0.0    
   4000     15471.75   234.0555    0.0188    233.3769    0.0188     0.0229      0.0     4446415.1265 79527057.504 245600.64  489527.89  -570191.0  -570105.141   86.195      0.0    
   4100     15832.21   234.0459    0.0188    233.3751    0.0188     0.0293      0.0     4104200.7602 79316552.1505 244965.11  489798.71  -570324.0  -570237.858   86.183      0.0    
   4200     16193.53   234.073     0.0188    233.3566    0.0188     0.0302      0.0     4676223.4056 79367644.6447 245562.93  489783.53  -570222.0  -570135.446   86.188      0.0    
   4300     16555.73   234.0131    0.0188    233.3539    0.0188     0.0328      0.0     4316139.247 79369383.2317 245614.88  489414.16  -570225.0  -570138.581   86.185      0.0    
   4400     16921.42   233.9512    0.0188    233.3648    0.0188     0.0256      0.0     4771438.7036 79235505.6132 245700.51  489671.55  -570260.0  -570174.229   86.182      0.0    
   4500     17287.05   233.9593    0.0188    233.3796    0.0188     0.0325      0.0     4444652.231 79310956.8864 245357.19  490024.56  -570278.0  -570191.789   86.187      0.0    
   4600     17652.94   234.0084    0.0188    233.3886    0.0188     0.0326      0.0     4313744.9447 79408589.2404 245335.44   489736.0  -570319.0  -570232.779   86.187      0.0    
   4700     18019.16   234.1084    0.0188    233.4058    0.0188     0.0356      0.0     4773733.6007 79478313.3892 245320.28   489995.8  -570252.0  -570166.222   86.187      0.0    
   4800     18384.62   234.1442    0.0188    233.398     0.0188     0.0236      0.0     4403448.4751 79405783.7004 244819.68  490007.09  -570283.0  -570196.465   86.178      0.0    
   4900     18750.01   234.0881    0.0188    233.3585    0.0188     0.027       0.0     4108133.744 79485551.3434 245453.68  490350.36  -570192.0  -570105.475   86.191      0.0    
   5000     19113.63   233.9966    0.0188    233.3369    0.0188     0.028       0.0     4081752.8876 79329221.6198 245663.93  489727.28  -570288.0  -570201.708   86.19       0.0    
   5100     19473.05   234.0245    0.0188    233.358     0.0188     0.0284      0.0     4371851.4104 79377226.4982  245055.6  490009.68  -570250.0  -570164.301   86.192      0.0    
