Generating synthetic real valued data ... 
Generating synthetic  real valued data took:  9.099685668945312
Evaluation for true params: 
 test_rsme | train_rsme | rel-te-err | rel-tr-err |  test_nll  |  train_nll |
1204.1840809454 1202.4146785192 0.1004525332 0.0999811243  278868.74    1115644.78 
Using  0.5 of training data
Factorizing with max_iteration = 16000  fixing covariance?:  False
Tensor dimensions:  [50, 50, 50]
Optimization metrics: 
Using Ada Grad
Mean update scheme:  S
Covariance update :  N
Using diagonal covariance?:  False
Random start? True
k1 samples =  64  k2 samples =  128
eta =  1.0  cov eta =  1.0  sigma eta =  1
iteration |   time   |test_rsme |rel-te-err|train_rsme|rel-tr-err|   d_mean  |   d_cov  |avg_grad_m|avg_grad_c| test_nll | train_nll |    VLB   |  E-term  |    KL     |   dw   |
    0         3.04    10043.0537   0.9979   10058.9902   0.9979     3.1623     0.4025   903413.1444 4.688265326990652e+18 287823.14  575646.27  -575663.0  -575646.273   16.837      0.0    
    5        230.35   10038.3944   0.9974   10054.284    0.9974     3.1623     0.4025   5887331.5548 3.679727595951545e+19 287823.14  575646.27  -575664.0  -575646.273   18.031      0.0    
    10       459.84   10033.3015   0.9969   10049.0739   0.9969     3.1623     0.4025   11439773.3295 7.622155903090845e+19 287823.14  575646.27  -575665.0  -575646.273   19.067      0.0    
    20       705.81   10020.7267   0.9956   10036.5672   0.9956     3.1623     0.4025   24646183.7897 1.925101864864423e+20 287823.14  575646.27  -575667.0  -575646.273   20.812      0.0    
    50      1018.36   9963.6033    0.9896   9979.5076    0.9896     3.1623     0.4025   84083703.2186 9.323740220915234e+20 287823.14  575646.27  -575695.0  -575646.273   49.111      0.0    
   100      1402.44    9793.531    0.9719   9809.3828    0.972      3.0785      0.0     187328455.2362 4.107972204432926e+21 287823.14  575646.27  -575703.0  -575646.273   56.94       0.0    
   200      1941.13   9105.0861    0.9003   9120.7564    0.9005     2.8188      0.0     465085583.1788 2.1888249605119514e+22 287823.14  575646.27  -575713.0  -575646.273   67.014      0.0    
   300      2478.25    7910.963    0.7756   7926.2646    0.7761     2.5526      0.0     749717604.2691 4.599171608984633e+22 287823.14  575646.27  -575720.0  -575646.273   73.315      0.0    
   400      3016.66   6287.5862    0.6051   6302.2432    0.6058     2.2553      0.0     920601943.2317 4.983222258320901e+22 287823.14  575646.27  -575724.0  -575646.273   77.613      0.0    
   500      3555.23   4475.2983    0.4118   4488.7985    0.4129     1.9241      0.0     898027156.8578 3.0675733565189896e+22 287729.96  575530.31  -575639.0  -575558.845   80.632      0.0    
   600      4095.24   2887.4891    0.2415   2898.9647    0.2427     1.4958      0.0     681904624.8257 1.1138089778069314e+22 286234.57  572742.62  -574200.0  -574117.303   82.665      0.0    
   700      4627.04   1884.8592    0.1462   1892.3561    0.1465     1.0529      0.0     411864423.1974 3.249124176741119e+21 282776.04  565577.44  -570070.0  -569985.814   83.911      0.0    
   800      5159.54   1460.2317    0.1154   1462.9158    0.115      0.7696      0.0     209964802.7687 1.274877558275181e+21 280085.69  560049.01  -567432.0  -567347.284   84.66       0.0    
   900      5691.74   1321.4363    0.1078   1320.4059    0.1072     0.4919      0.0     107567019.3237 8.055854170638376e+20 279490.57  559090.21  -567000.0  -566914.697   85.116      0.0    
   1000     6225.23   1274.2036    0.1055   1271.5155    0.1049     0.4353      0.0     64367352.5344 6.40052155539352e+20 279058.18  558229.44  -566400.0  -566315.019   85.386      0.0    
   1100     6759.27   1254.5625    0.1046   1250.8514    0.1039     0.2631      0.0     43491895.4866 5.96298984251491e+20 278768.69  557804.29  -565932.0  -565846.852   85.627      0.0    
   1200     7293.31   1244.5375    0.104    1240.1634    0.1032     0.2532      0.0     38021192.5844 6.006970132942505e+20 278933.69  557491.36  -565962.0  -565876.436   85.805      0.0    
   1300     7825.87   1238.6774    0.1035   1234.2259    0.1028     0.2142      0.0     32410655.5377 5.462763831232811e+20 278745.44  557213.39  -565905.0  -565819.447   85.953      0.0    
   1400     8360.49   1235.4173    0.1033   1231.0775    0.1025     0.193       0.0     28549945.1238 5.270377955584712e+20 278852.45  557362.28  -565825.0  -565738.536   86.01       0.0    
   1500     8893.93   1233.4682    0.1031   1229.2977    0.1024     0.1507      0.0     27406454.467 5.333759006462139e+20 278911.96  557232.53  -565924.0  -565837.734   85.988      0.0    
   1600     9426.69   1232.7954    0.1031    1228.277    0.1023     0.1588      0.0     24766221.9507 5.2974394855995395e+20  278881.8  557481.04  -565838.0  -565751.651   86.052      0.0    
   1700     9959.66   1232.2227    0.103    1227.6607    0.1022     0.1565      0.0     23860325.9723 5.4058532242500754e+20 278910.39  557270.36  -565964.0  -565878.238   86.075      0.0    
   1800     10491.78  1231.5008    0.1029   1227.1573    0.1021     0.1867      0.0     24165887.9582 5.2933708157542885e+20 278691.22  557121.71  -565705.0  -565619.141   86.088      0.0    
   1900     11025.06   1231.202    0.1029   1227.0432    0.1021     0.1713      0.0     24236569.287 5.3322045559450344e+20 278839.92  557015.21  -565580.0  -565493.97   86.116      0.0    
   2000     11558.3   1231.3113    0.1029   1226.8894    0.1021     0.2053      0.0     26523434.7855 5.336388261545431e+20 278858.96  557046.14  -565412.0  -565326.324   86.136      0.0    
   2100     12091.64  1231.2282    0.1029   1226.7383    0.1021     0.194       0.0     25106780.4852 5.564295971959982e+20 279050.25  557003.33  -565611.0  -565524.415   86.15       0.0    
   2200     12624.77  1231.3231    0.1029   1226.6138    0.1021     0.1431      0.0     24152147.0682 5.357662042426364e+20 278767.55  556704.41  -565503.0  -565416.523   86.193      0.0    
   2300     13157.53  1231.1146    0.1028   1226.6772    0.1021     0.162       0.0     22738481.4316 5.272797027292935e+20 278872.53  556715.49  -565795.0  -565708.368   86.163      0.0    
   2400     13689.4   1230.7232    0.1028   1226.5238    0.1021     0.1423      0.0     22792226.851 5.4731993571154644e+20 278922.46  556914.43  -565912.0  -565825.504   86.175      0.0    
   2500     14222.4   1230.8251    0.1029   1226.5648    0.1021     0.2091      0.0     24166338.7895 5.3895429600809615e+20 278926.73   556741.4  -565567.0  -565481.158   86.15       0.0    
   2600     14754.38  1230.7388    0.1028   1226.6969    0.1021     0.1428      0.0     22147790.5281 5.237973557922898e+20 278923.37  556599.16  -565597.0  -565510.554   86.142      0.0    
   2700     15288.32  1230.2728    0.1028    1226.65     0.1021     0.1459      0.0     23921935.9764 5.3323786069767265e+20 279024.23  557013.77  -565698.0  -565611.544   86.148      0.0    
   2800     15822.28  1230.1026    0.1027    1226.606    0.102      0.1888      0.0     25481227.8368 5.16382566195766e+20 279255.04  556771.76  -566186.0  -566100.199   86.136      0.0    
   2900     16354.87  1230.9996    0.1028   1226.7617    0.1021     0.1345      0.0     24033798.0689 5.2030033207284485e+20 278916.65  557042.84  -565783.0  -565697.216   86.158      0.0    
   3000     16889.03  1231.2226    0.1029   1226.7127    0.1022     0.1267      0.0     22595419.7057 5.4194611391845623e+20 279048.46  557053.44  -565911.0  -565825.13   86.162      0.0    
   3100     17423.35  1231.0939    0.1029    1226.638    0.1022     0.1782      0.0     26366620.4704 5.299212692354482e+20 278867.19  557624.58  -565991.0  -565905.094   86.15       0.0    
   3200     17955.55  1231.0814    0.1029   1226.5954    0.1022     0.1322      0.0     22835720.5188 5.420330777542378e+20 279040.77  557356.09  -565969.0  -565882.698   86.154      0.0    
   3300     18487.88  1231.2393    0.1029   1226.5638    0.1021     0.1701      0.0     26446651.1204 5.437701632479408e+20 279095.31  557420.64  -565892.0  -565806.172   86.186      0.0    
   3400     19020.86  1231.2424    0.1029   1226.5969    0.1021     0.1344      0.0     20476469.9748 5.2440912446237534e+20 279107.02  557434.94  -565767.0  -565680.376   86.189      0.0    
   3500     19554.77  1231.9238    0.103    1226.7267    0.1022     0.1595      0.0     20775039.9891 5.155475076780377e+20 278978.79  557228.43  -566069.0  -565982.995   86.151      0.0    
   3600     20087.83  1231.8359    0.103    1226.7407    0.1021     0.1628      0.0     24345117.1608 5.444936005137609e+20 278910.78  556923.74  -565655.0  -565569.207   86.121      0.0    
   3700     20622.45  1231.7888    0.1029   1226.6369    0.1021     0.1773      0.0     21756370.6596 5.2441235975292106e+20  279147.9  556843.91  -565745.0  -565659.262   86.128      0.0    
   3800     21157.16  1231.5388    0.1029   1226.7413    0.1021     0.1626      0.0     23431867.4995 5.3240989425068566e+20 278937.03  556741.97  -565885.0  -565798.599   86.162      0.0    
   3900     21690.08  1231.1893    0.1029   1226.6478    0.1021     0.1399      0.0     23352172.3118 5.18428553460142e+20 279016.96  557206.85  -565879.0  -565792.95   86.182      0.0    
   4000     22223.15  1231.2047    0.1028   1226.5213    0.102      0.1438      0.0     25946292.1516 5.4753580780137716e+20 279205.18  556795.75  -565687.0  -565600.387   86.205      0.0    
   4100     22756.06  1231.0775    0.1029   1226.6096    0.1021     0.1614      0.0     23423140.4268 5.103242441303667e+20 278974.55  556881.65  -565797.0  -565711.015   86.262      0.0    
   4200     23290.81   1231.232    0.1028    1226.615    0.1021     0.155       0.0     22584462.9701 5.320561105314376e+20 279060.72  557499.63  -565797.0  -565711.06   86.24       0.0    
   4300     23826.04  1231.0004    0.1028   1226.5797    0.1021     0.1275      0.0     20999994.0302 5.523548110797401e+20 278953.24  557190.54  -566016.0  -565930.049   86.224      0.0    
   4400     24359.98  1231.4832    0.1029   1226.8014    0.1021     0.1376      0.0     21859543.2756 5.5579005349411055e+20 278799.72  557128.14  -565979.0  -565892.407   86.193      0.0    
   4500     24893.34  1231.5298    0.1029   1226.6667    0.1021     0.1524      0.0     24512033.9119 5.452310275069014e+20 279016.94  557074.77  -566007.0  -565920.878   86.155      0.0    
   4600     25427.49  1231.7294    0.1029   1226.6771    0.1021     0.1611      0.0     23444651.7493 5.267975972181809e+20 278980.71  557091.46  -565762.0  -565675.712   86.148      0.0    
   4700     25960.93  1231.4776    0.1029    1226.755    0.1021     0.1277      0.0     25877660.637 5.293789499643688e+20 278985.73  557079.34  -565504.0  -565417.4    86.178      0.0    
   4800     26496.18  1231.1616    0.1028   1226.7302    0.1021     0.1923      0.0     24593132.8166 5.355212284947629e+20 278856.48  557169.31  -565901.0  -565814.45   86.212      0.0    
   4900     27028.26   1231.34     0.1029   1226.6989    0.1021     0.1687      0.0     25312332.1497 5.54828025337966e+20 278930.47  557242.01  -565878.0  -565791.284   86.243      0.0    
   5000     27561.77  1231.3422    0.1028   1226.5528    0.102      0.1513      0.0     22041132.5626 5.2313406721193837e+20  278881.3  557199.45  -565520.0  -565434.184   86.239      0.0    
   5100     28095.46  1232.1905    0.1029   1226.6401    0.1021     0.1226      0.0     23540371.8681 5.3832987435501676e+20 278919.92  557409.07  -565686.0  -565600.12   86.288      0.0    
   5200     28628.74  1232.2452    0.1029   1226.7877    0.1021     0.139       0.0     24225085.7293 5.32590272427157e+20 279019.65  557086.13  -565862.0  -565775.904   86.264      0.0    
   5300     29162.04   1231.836    0.1029   1226.6504    0.1021     0.1773      0.0     25461495.191 5.375156993832294e+20 278778.01  556818.43  -566122.0  -566035.776   86.214      0.0    
   5400     29695.15  1231.7702    0.1029   1226.5535    0.1021     0.1348      0.0     23843571.3914 5.195790125486126e+20 279092.82  556869.31  -565864.0  -565777.585   86.216      0.0    
   5500     30227.3    1231.743    0.1029   1226.5615    0.1021     0.1488      0.0     19459901.9042 5.261117304807127e+20 278908.56  556787.64  -566028.0  -565941.469   86.205      0.0    
   5600     30760.35  1231.3653    0.1028   1226.5338    0.1021     0.1699      0.0     24663070.5713 5.2831791995081694e+20 278992.35  557173.29  -565908.0  -565822.054   86.197      0.0    
   5700     31292.22   1231.481    0.1028   1226.6219    0.102      0.1464      0.0     22057201.0926 5.288766621786862e+20 278887.86  557022.62  -565517.0  -565431.169   86.232      0.0    
   5800     31824.14  1231.7502    0.1029   1226.6447    0.1021     0.1576      0.0     24766505.8346 5.184180876353583e+20 278985.79  556907.57  -565664.0  -565578.079   86.225      0.0    
   5900     32355.89  1231.6012    0.1029    1226.624    0.1021     0.1508      0.0     24355485.003 5.500058201958626e+20 279008.71  556882.18  -565730.0  -565643.469   86.215      0.0    
   6000     32887.43  1231.2157    0.1029    1226.469    0.1021     0.1437      0.0     25890076.0011 5.159060206103203e+20 278902.77  557123.86  -565480.0  -565393.962   86.216      0.0    
   6100     33419.7   1231.0558    0.1029   1226.5584    0.1021     0.1506      0.0     27091798.0772 5.351516598833675e+20 279232.44  557201.95  -565912.0  -565825.92   86.181      0.0    
   6200     33951.96  1230.9371    0.1029   1226.5499    0.1021     0.1912      0.0     25996416.5202 5.604256359440433e+20 278864.86  557225.43  -565891.0  -565805.126   86.15       0.0    
