Generating synthetic count valued data ... 
Generating synthetic  count valued data took:  9.823916912078857
max_count =  24  min count =  0
Using  0.2  of training data 
Tensor dimensions:  [50, 50, 50]
Optimization metrics: 
Using Ada Grad
Mean update scheme:  S
Covariance update :  N
k1 samples =  64  k2 samples =  64
eta =  1  cov eta =  1  sigma eta =  1
iteration |   time   |test_rsme |train_rsme|  d_mean  |   d_cov  | test_nll | train_nll     dw   
   100       156.74     4.304      4.3372     0.3143     0.2842   129304.68  104760.08    0.0001  
   200       522.07     4.255      4.2881     0.2949     0.0237   120250.14   97368.69     0.0    
   300       885.61     4.0699     4.1009     0.2823     0.0244    98143.14   79403.12     0.0    
   400      1250.24     3.684      3.7123     0.2609     0.0168    71817.57   58082.89     0.0    
   500      1615.52     3.1832     3.208      0.2236      0.01     52265.51   42276.43     0.0    
   600      1980.49     2.7245     2.7466     0.2183     0.0108    41298.88   33418.74     0.0    
   700      2344.63     2.365      2.3826     0.1853     0.011     35570.35   28802.14    0.0001  
   800      2705.41     2.0969     2.1124     0.1539     0.0105    32494.29   26301.03     0.0    
   900      3066.74     1.8975     1.913      0.118      0.011     30726.25   24869.11     0.0    
   1000     3428.26     1.7524     1.7672     0.1682     0.0097    29642.64   23994.22     0.0    
   1100     3789.31     1.6434     1.6566     0.1711     0.0103    28930.47   23417.55     0.0    
   1200     4151.36     1.5673     1.5806     0.2398     0.009     28515.15   23070.71     0.0    
   1300      4512.3     1.5128     1.5246     0.1315     0.0085    28208.74   22831.19     0.0    
   1400     4873.42     1.4734     1.4823     0.0687     0.008     28021.28   22674.63     0.0    
   1500     5233.97     1.4459     1.4538     0.0964     0.0075    27881.5    22565.23     0.0    
   1600     5594.41     1.4268     1.434      0.1268     0.0073    27821.05   22504.96     0.0    
   1700     5955.54     1.4087     1.4155     0.0689     0.0068    27719.58   22421.34     0.0    
   1800     6316.64     1.3919     1.3975     0.1647     0.0063    27643.83   22361.31     0.0    
   1900     6677.29     1.3823     1.3866     0.1196     0.0059    27607.94   22330.71     0.0    
   2000     7038.04     1.3782     1.3828     0.2007     0.0057    27609.14   22324.53     0.0    
   2100     7399.48     1.3727     1.3787     0.1186     0.0054    27587.89   22307.78     0.0    
   2200     7760.08     1.3655      1.37      0.1452     0.0051    27553.81   22275.5      0.0    
   2300     8120.25     1.3602     1.3623     0.1083     0.0048    27501.67   22238.09     0.0    
   2400     8481.02     1.3571     1.3608     0.1343     0.0045    27499.59   22238.25     0.0    
   2500     8840.72     1.3573      1.36      0.101      0.0044    27514.46   22248.27     0.0    
   2600     9200.76     1.3546     1.3563     0.0774     0.0042    27505.15   22234.01     0.0    
   2700     9560.81     1.3546     1.3558     0.0754     0.004     27513.54   22233.64     0.0    
   2800     9922.43     1.3505     1.3488     0.1193     0.0039    27478.11   22200.43     0.0    
   2900     10282.64    1.3521     1.3513     0.1229     0.0036    27481.65   22217.16     0.0    
   3000     10641.34    1.3482     1.3501     0.0634     0.0034    27456.46   22199.9      0.0    
   3100     11001.02    1.3455     1.347      0.1586     0.0033    27438.38   22180.99     0.0    
   3200     11360.95    1.3476     1.3484     0.079      0.0035    27442.05   22189.19     0.0    
   3300     11721.28    1.3476     1.3511     0.1017     0.003     27476.4    22216.3      0.0    
   3400     12081.29    1.3472     1.3478     0.1161     0.003     27460.44   22198.69     0.0    
   3500     12441.25    1.3435     1.3466     0.0609     0.0032    27410.02   22167.33     0.0    
   3600     12801.77    1.3458     1.3462     0.1134     0.0028    27449.27   22185.74     0.0    
   3700     13161.1     1.348      1.3508     0.111      0.0026    27445.07   22195.21     0.0    
   3800     13520.09    1.3456     1.3466     0.1229     0.0026    27437.73   22181.28     0.0    
   3900     13879.24    1.3443     1.3482     0.0916     0.0025    27438.19   22181.47     0.0    
   4000     14238.17    1.345      1.3468     0.093      0.0026    27456.81   22188.34     0.0    
Using  0.4  of training data 
Tensor dimensions:  [50, 50, 50]
Optimization metrics: 
Using Ada Grad
Mean update scheme:  S
Covariance update :  N
k1 samples =  64  k2 samples =  64
eta =  1  cov eta =  1  sigma eta =  1
iteration |   time   |test_rsme |train_rsme|  d_mean  |   d_cov  | test_nll | train_nll     dw   
   100       155.77     4.3214     4.3382     0.3121     0.2467   130148.01  209927.55    0.0001  
   200       607.3      4.2787     4.2951      0.3       0.0224   122659.96  197782.69     0.0    
   300      1057.96      4.1       4.1155     0.2872     0.0202   101181.59  163074.02     0.0    
   400      1508.56     3.7169     3.7295     0.281      0.0141    73668.29  118730.46     0.0    
   500      1957.88     3.2114     3.2231     0.2344     0.0078    52911.07   85383.61     0.0    
   600      2407.59     2.753      2.7625     0.1941     0.0087    41627.19   67252.89     0.0    
   700      2857.95     2.3914     2.3999     0.1873     0.0088    35784.73   57856.11     0.0    
   800      3307.24     2.1192     2.1264     0.1282     0.0097    32580.06   52712.57     0.0    
   900       3756.6     1.9173     1.9236     0.2053      0.01     30749.35   49757.78     0.0    
   1000     4205.43     1.7682     1.7749     0.0814     0.0099    29606.96   47939.93     0.0    
   1100     4653.52     1.6581     1.6639     0.1562     0.0096    28891.07   46771.48     0.0    
   1200      5101.9     1.5779     1.585      0.1274     0.0091    28398.89   46020.26     0.0    
   1300     5549.66     1.5173     1.5242     0.1578     0.0086    28093.27   45510.39     0.0    
   1400     5999.03     1.4746     1.4812     0.0619     0.0082    27880.96   45167.72     0.0    
   1500     6449.27     1.4431     1.4488     0.145      0.0078    27737.58   44937.53     0.0    
   1600     6899.53     1.4167     1.4223     0.0878     0.0075    27604.61   44720.0      0.0    
   1700     7349.19     1.3983     1.4038     0.1857     0.007     27539.34   44599.34     0.0    
   1800     7798.03     1.3807     1.387      0.0963     0.0067    27455.12   44472.89     0.0    
   1900     8247.48     1.371      1.3769     0.1438     0.0062    27436.48   44441.21     0.0    
   2000     8696.65     1.3609     1.3664     0.1391     0.006     27377.31   44351.3      0.0    
   2100     9146.35     1.3523     1.3579     0.1399     0.0057    27334.66   44287.2      0.0    
   2200     9596.06     1.3453     1.3502     0.1194     0.0054    27316.21   44252.34     0.0    
   2300     10046.03    1.3404     1.3442     0.1044     0.0051    27290.33   44202.5      0.0    
   2400     10494.95    1.3359     1.3389     0.0883     0.0049    27273.01   44168.15     0.0    
   2500     10944.36    1.3311     1.3368     0.0904     0.0047    27264.48   44164.16     0.0    
   2600     11394.28    1.3304     1.3341     0.1005     0.0045    27253.45   44149.16     0.0    
   2700     11842.15    1.3254     1.3301     0.1158     0.0042    27225.52   44098.91     0.0    
   2800     12291.46    1.3238     1.3296     0.1083     0.0041    27216.04   44095.18     0.0    
   2900     12740.54    1.3234     1.3272     0.0901     0.0039    27210.63   44074.01     0.0    
   3000     13189.24    1.3238     1.3276     0.1659     0.0037    27213.98   44085.12     0.0    
   3100     13638.36    1.3206     1.3254     0.0847     0.0036    27201.22   44051.24     0.0    
   3200     14087.74    1.3214     1.3245     0.113      0.0035    27200.31   44049.06     0.0    
   3300     14536.02     1.32      1.3229     0.1014     0.0033    27199.76   44046.05     0.0    
   3400     14984.99    1.3181     1.3226     0.1357     0.0032    27186.75   44039.41     0.0    
   3500     15434.31    1.3181     1.3206     0.0568     0.0031    27183.21   44025.2      0.0    
   3600     15884.07    1.3179     1.3199     0.0922     0.003     27195.66   44019.52     0.0    
   3700     16334.41    1.3182     1.3211     0.1071     0.0029    27211.46   44043.49     0.0    
   3800     16783.99    1.3148     1.3178     0.1002     0.0028    27162.53   43984.19     0.0    
   3900     17233.86    1.3166     1.3193     0.0475     0.0027    27176.17   44009.52     0.0    
   4000     17683.9     1.3179     1.3205     0.0938     0.0027    27196.99   44025.73     0.0    
Using  0.6  of training data 
Tensor dimensions:  [50, 50, 50]
Optimization metrics: 
Using Ada Grad
Mean update scheme:  S
Covariance update :  N
k1 samples =  64  k2 samples =  64
eta =  1  cov eta =  1  sigma eta =  1
iteration |   time   |test_rsme |train_rsme|  d_mean  |   d_cov  | test_nll | train_nll     dw   
   100       156.93     4.3274     4.3372     0.3131     0.2283   130303.98  314141.89    0.0001  
   200       698.59     4.2839     4.2936     0.2996      0.02    123005.69   296554.1     0.0    
   300      1237.44     4.1018     4.1112     0.2925     0.0206   101376.79  244450.73     0.0    
   400      1779.69     3.7141     3.7238     0.2785     0.0125    73489.41  177317.69     0.0    
   500      2322.43     3.2111      3.22      0.2688     0.0071    52737.75  127390.59     0.0    
   600      2870.66     2.7535     2.7621     0.2449     0.0078    41510.36  100370.75     0.0    
   700      3413.42     2.3977     2.4059     0.1675     0.0091    35775.34   86579.72     0.0    
   800      3955.43     2.1283     2.136      0.1508     0.0099    32613.44   78937.32     0.0    
   900       4498.4     1.9227     1.9292     0.1428     0.0101    30729.35   74376.43     0.0    
   1000     5042.25     1.7718     1.7782     0.1382     0.0099    29580.21   71621.09     0.0    
   1100     5587.93     1.6598     1.6656     0.1773     0.0097    28854.07   69839.43     0.0    
   1200     6138.24     1.5791     1.585      0.151      0.0093    28391.93   68711.33     0.0    
   1300     6683.99     1.5181     1.522      0.1924     0.0089    28044.7    67899.68     0.0    
   1400     7231.36     1.4723     1.4766     0.2086     0.0084    27829.24   67369.97     0.0    
   1500     7779.54     1.437      1.4417     0.1042     0.0081    27654.62   66939.89     0.0    
   1600      8323.8     1.4137     1.4168     0.1458     0.0077    27554.52   66680.94     0.0    
   1700     8867.47     1.3939     1.397      0.1498     0.0073    27468.45   66473.05     0.0    
   1800      9411.2     1.3785     1.3807     0.1387     0.0069    27388.65   66314.16     0.0    
   1900     9957.98     1.3677     1.3703     0.1463     0.0065    27371.8    66232.24     0.0    
   2000     10502.83    1.3568     1.3598     0.1199     0.0063    27307.64   66106.61     0.0    
   2100     11047.7     1.3503     1.3524     0.0773     0.006     27278.32   66017.6      0.0    
   2200     11592.11    1.3432     1.344      0.0786     0.0057    27249.9    65934.65     0.0    
   2300     12137.16    1.3361     1.3375     0.0884     0.0054    27217.49   65858.11     0.0    
   2400     12680.09    1.3334     1.3335     0.0948     0.0052    27208.56   65827.32     0.0    
   2500     13223.59    1.3303     1.3295     0.1337     0.005     27204.92   65806.02     0.0    
   2600     13767.43    1.3257     1.3265     0.1032     0.0047    27181.85   65769.67     0.0    
   2700     14310.4     1.3222     1.3232     0.1063     0.0046    27150.42   65711.32     0.0    
   2800     14853.17    1.3206     1.3203     0.0857     0.0043    27142.26   65691.62     0.0    
   2900     15396.35    1.3187     1.3181     0.1152     0.0041    27141.55   65687.54     0.0    
   3000     15939.81    1.3167     1.317      0.1164     0.004     27141.4    65667.97     0.0    
   3100     16483.8     1.3144     1.3139     0.1326     0.0038    27120.47   65617.41     0.0    
   3200     17028.38    1.3122     1.3135     0.1359     0.0037    27126.37   65617.54     0.0    
   3300     17572.75    1.311      1.3134     0.1319     0.0036    27127.56   65627.68     0.0    
   3400     18116.32    1.3109     1.3106     0.0751     0.0034    27112.65   65588.93     0.0    
   3500     18659.59    1.3107     1.3098     0.0907     0.0034    27109.92   65581.96     0.0    
   3600     19203.25    1.3099     1.3088     0.0972     0.0032    27101.65   65557.03     0.0    
   3700     19747.24    1.3103     1.311      0.142      0.0032    27121.88   65607.79     0.0    
   3800     20290.32    1.3088     1.3091     0.1188     0.003     27103.8    65565.6      0.0    
   3900     20832.6     1.309      1.3082     0.1091     0.0029    27100.01   65549.02     0.0    
   4000     21374.97    1.3096     1.308      0.0786     0.0028    27096.11   65549.69     0.0    
Using  0.8  of training data 
Tensor dimensions:  [50, 50, 50]
Optimization metrics: 
Using Ada Grad
Mean update scheme:  S
Covariance update :  N
k1 samples =  64  k2 samples =  64
eta =  1  cov eta =  1  sigma eta =  1
iteration |   time   |test_rsme |train_rsme|  d_mean  |   d_cov  | test_nll | train_nll     dw   
   100       156.03     4.3307     4.339      0.3135     0.2454   130470.52  419166.23    0.0001  
   200       785.28     4.2911     4.2991     0.3023     0.0181   123924.74  398098.06     0.0    
   300      1412.43     4.1175     4.125      0.291      0.0181    103025.5  330954.77     0.0    
   400      2041.51     3.7404     3.7474     0.2793     0.0115    74982.87  241010.83     0.0    
   500      2669.06     3.2431     3.2503     0.2492     0.0067    53718.56  172884.85     0.0    
   600      3295.91     2.7857     2.7928     0.2121     0.0071    42102.15  135656.36     0.0    
   700      3921.99     2.4231      2.43      0.1932     0.0088    36072.35  116363.82     0.0    
   800      4548.42     2.156      2.1634     0.1672     0.0095    32855.36  106045.91     0.0    
   900      5175.41     1.9549     1.9612     0.1204     0.0099    30957.36   99937.58     0.0    
   1000     5800.83     1.8026     1.8089     0.2254     0.0097    29761.38   96081.75     0.0    
   1100     6427.28     1.6937     1.7006     0.1619     0.0093    29007.5    93701.95     0.0    
   1200     7060.12      1.61      1.6163     0.1612     0.009     28494.99   92046.7      0.0    
   1300     7688.49     1.5479     1.5551     0.1135     0.0086    28164.94   90998.21     0.0    
   1400     8315.89     1.5022     1.5101     0.2061     0.0082    27937.11   90284.32     0.0    
   1500      8942.0     1.4631     1.4713     0.1058     0.0079    27740.67   89638.35     0.0    
   1600     9569.87     1.4353     1.4431     0.1996     0.0075    27628.43   89266.57     0.0    
   1700     10200.44    1.4109      1.42      0.1213     0.0071    27487.48   88869.37     0.0    
   1800     10833.88    1.3942     1.4026     0.1025     0.0068    27419.27   88626.27     0.0    
   1900     11465.47    1.3793     1.3879     0.0938     0.0065    27361.91   88494.08     0.0    
   2000     12096.63    1.3692     1.3768     0.1109     0.0063    27339.87   88352.16     0.0    
   2100     12733.21    1.3576     1.3664     0.0837     0.0059    27280.68   88159.22     0.0    
   2200     13368.1     1.3498     1.3566     0.1324     0.0056    27235.47   88013.81     0.0    
   2300     13997.82    1.3426     1.3495     0.1064     0.0055    27198.9    87892.49     0.0    
   2400     14630.23    1.3387     1.3452     0.0771     0.0052    27192.28   87881.08     0.0    
   2500     15260.75    1.3348     1.3412     0.1115     0.005     27176.76   87825.11     0.0    
   2600     15887.67    1.329      1.3353     0.1083     0.0048    27147.76   87735.36     0.0    
   2700     16514.28    1.3267     1.3322     0.1482     0.0046    27155.25   87726.56     0.0    
   2800     17140.56    1.3235     1.3282     0.1462     0.0044    27138.74   87662.08     0.0    
   2900     17767.99    1.3205     1.3272     0.1205     0.0043    27119.46   87634.16     0.0    
   3000     18395.82    1.3184     1.324      0.1524     0.0041    27103.88   87607.57     0.0    
   3100     19023.9     1.316      1.3218     0.1109     0.004     27094.41   87558.59     0.0    
   3200     19651.76    1.3139     1.3207     0.1169     0.0039    27095.16   87550.39     0.0    
   3300     20280.3     1.3137     1.3189     0.1221     0.0037    27084.59   87499.5      0.0    
   3400     20907.79    1.3114     1.318      0.1465     0.0036    27081.39   87507.07     0.0    
   3500     21534.04    1.3099     1.317      0.0779     0.0034    27066.02   87476.5      0.0    
   3600     22160.98    1.3101     1.3162     0.0753     0.0033    27055.99   87442.77     0.0    
   3700     22787.36    1.3089     1.3144     0.0579     0.0032    27051.5    87410.18     0.0    
   3800     23416.59    1.3095     1.3138     0.0816     0.0031    27055.65   87419.11     0.0    
   3900     24045.2     1.3077     1.3135     0.1023     0.0031    27068.82   87437.02     0.0    
   4000     24673.46    1.3072     1.3127     0.1116     0.003     27061.35   87412.7      0.0    
Using  1  of training data 
Tensor dimensions:  [50, 50, 50]
Optimization metrics: 
Using Ada Grad
Mean update scheme:  S
Covariance update :  N
k1 samples =  64  k2 samples =  64
eta =  1  cov eta =  1  sigma eta =  1
iteration |   time   |test_rsme |train_rsme|  d_mean  |   d_cov  | test_nll | train_nll     dw   
   100       157.13     4.3324     4.3497     0.3133     0.217    130481.23  525536.68    0.0001  
   200       876.63     4.2911     4.308      0.3012     0.0171   123784.47  498439.08     0.0    
   300      1592.83     4.1113     4.1275     0.2956     0.0168   102418.27  412325.67     0.0    
   400      2309.32     3.7252     3.7401     0.2707     0.0114    74077.23  298355.13     0.0    
   500      3028.64     3.2296     3.2433     0.3047     0.006     53230.71  214571.75     0.0    
   600      3747.75     2.7732     2.7859     0.2102     0.0072    41816.3   168732.91     0.0    
   700      4468.68     2.4113     2.424      0.1572     0.0089    35902.26   145017.6     0.0    
   800      5189.54     2.1458     2.1576     0.1684     0.0095    32753.28  132318.11     0.0    
   900      5910.94     1.9435     1.956      0.1911     0.0097    30859.71  124749.74     0.0    
   1000     6631.71     1.7925     1.8048     0.1635     0.0095    29683.74  120000.83     0.0    
   1100     7353.26     1.6759     1.6895     0.2468     0.0092    28899.7   116886.27     0.0    
   1200     8075.92     1.592      1.6066     0.0987     0.009     28408.1   114929.04     0.0    
   1300     8797.24     1.5308     1.5444     0.1922     0.0086    28072.31  113573.08     0.0    
   1400     9517.36     1.4833     1.4981     0.1421     0.0082    27836.98  112626.82     0.0    
   1500     10239.15    1.4497     1.4643     0.1871     0.0078    27661.58  111979.96     0.0    
   1600     10961.92    1.4217     1.4357     0.163      0.0075    27545.75  111480.04     0.0    
   1700     11684.96    1.3993     1.4133     0.158      0.0072    27431.52  111018.07     0.0    
   1800     12406.56    1.3826     1.3962     0.1119     0.0069    27361.89  110725.15     0.0    
   1900     13129.14    1.3704     1.3838     0.1228     0.0065    27316.17   110529.3     0.0    
   2000     13851.7     1.3597     1.3727     0.1044     0.0062    27273.1    110324.7     0.0    
   2100     14574.51    1.3512     1.3641     0.193      0.006     27235.79  110189.28     0.0    
   2200     15297.27    1.3444     1.3569     0.0968     0.0058    27207.18  110045.87     0.0    
   2300     16019.86    1.3401     1.3516     0.1305     0.0055    27188.73  109998.35     0.0    
   2400     16741.51    1.3336     1.3461     0.1141     0.0053    27156.57  109874.21     0.0    
   2500     17463.73    1.331      1.3418     0.1991     0.0051    27150.87  109868.94     0.0    
   2600     18185.93    1.3267     1.3382     0.1033     0.005     27133.23   109758.0     0.0    
   2700     18910.33    1.3253     1.336      0.0828     0.0048    27144.82  109759.25     0.0    
   2800     19635.52    1.3214     1.3313     0.1753     0.0046    27110.98  109648.79     0.0    
   2900     20361.47    1.3174     1.3287     0.1332     0.0044    27083.67  109574.45     0.0    
   3000     21085.22    1.3151     1.3259     0.0981     0.0042    27072.13  109528.78     0.0    
   3100     21808.53    1.3134     1.3242     0.0538     0.0041    27071.84  109484.45     0.0    
   3200     22531.54    1.3119     1.3221     0.1046     0.004     27062.29  109450.75     0.0    
   3300     23254.57    1.3099     1.3201     0.1124     0.0038    27055.64  109420.29     0.0    
   3400     23976.75    1.3102     1.3199     0.0973     0.0038    27061.56  109435.55     0.0    
   3500     24699.51    1.3093     1.3187     0.1071     0.0036    27054.75  109397.42     0.0    
   3600     25422.72    1.3083     1.3171     0.0939     0.0035    27046.84  109372.48     0.0    
   3700     26146.03    1.3076     1.316      0.0407     0.0034    27038.89  109345.64     0.0    
   3800     26867.97    1.306      1.3145     0.1133     0.0034    27031.89  109310.92     0.0    
   3900     27593.59    1.3046     1.314      0.1128     0.0032    27025.27  109288.76     0.0    
   4000     28317.9     1.3047     1.3132     0.0707     0.0032    27025.83  109275.78     0.0    
