Generating synthetic binary valued data ... 
Generating synthetic  binary valued data took:  0.41007542610168457
Evaluation for true params: 
 test_rsme | train_rsme | rel-te-err | rel-tr-err |  test_nll  |  train_nll |
    0.0          0.0          0.0          0.0         20.03        86.24    
Factorizing with max_iteration = 6000  fixing covariance?:  True
Tensor dimensions:  [5, 5, 5]
Optimization metrics: 
Using Ada Grad
Mean update scheme:  S
Covariance update :  N
Using diagonal covariance?:  True
Random start? True
k1 samples =  64  k2 samples =  64
eta =  1.0  cov eta =  1.0  sigma eta =  1
iteration |   time   |test_rsme |rel-te-err|train_rsme|rel-tr-err|  d_mean  |   d_cov  | test_nll | train_nll |    VLB   |  E-term  |    KL     
    0         0.19      1.4422      0.52      1.2806      0.41      3.1623       0        20.09      68.59      -92.0      -82.69     9.462    
    5         1.4        1.2        0.36      0.4899      0.06      3.1623       0        15.01      27.49      -81.0     -69.049     11.905   
    10        2.45       0.8        0.16      0.5292      0.07      3.1213       0        17.72      16.06      -78.0     -62.112     15.988   
    20        4.28      0.6928      0.12      0.6928      0.12      2.9378       0        89.07      247.07     -86.0     -62.228     23.719   
    50        9.11      0.6928      0.12      0.6928      0.12      2.4275       0        110.52     442.1      -100.0    -62.477     37.333   
   100       16.92      0.6928      0.12      0.6928      0.12      1.8349       0        110.52     442.1      -110.0    -62.477     47.744   
   200       32.27      0.6928      0.12      0.6928      0.12      1.3254       0        110.52     442.1      -120.0    -62.477     57.304   
   300       47.63      0.6928      0.12      0.6928      0.12      1.0709       0        110.52     442.1      -125.0    -62.477     62.479   
   400       62.95      0.6928      0.12      0.6928      0.12      0.9232       0        110.52     442.1      -128.0    -62.477     65.994   
   500       78.35      0.6928      0.12      0.6928      0.12      0.8237       0        110.52     442.1      -131.0    -62.477     68.642   
   600       93.68      0.6928      0.12      0.6928      0.12      0.7506       0        110.52     442.1      -133.0    -62.477     70.761   
   700       109.04     0.6928      0.12      0.6928      0.12      0.6946       0        110.52     442.1      -135.0    -62.477     72.523   
   800       124.36     0.6928      0.12      0.6928      0.12      0.6501       0        110.52     442.1      -137.0    -62.477     74.029   
   900       139.69     0.6928      0.12      0.6928      0.12      0.6065       0        110.52     442.1      -138.0    -62.477     75.346   
   1000      155.01     0.6928      0.12      0.6928      0.12      0.5805       0        110.52     442.1      -139.0    -62.477     76.514   
   1100      170.34     0.6928      0.12      0.6928      0.12      0.5457       0        110.52     442.1      -140.0    -62.477     77.562   
   1200      185.67     0.6928      0.12      0.6928      0.12      0.5229       0        110.52     442.1      -141.0    -62.477     78.514   
   1300      200.99     0.6928      0.12      0.6928      0.12      0.5019       0        110.52     442.1      -142.0    -62.477     79.387   
   1400      216.38     0.6928      0.12      0.6928      0.12      0.4802       0        110.52     442.1      -143.0    -62.477     80.19    
   1500      231.71     0.6928      0.12      0.6928      0.12      0.4657       0        110.52     442.1      -143.0    -62.477     80.935   
   1600      247.03     0.6928      0.12      0.6928      0.12      0.4486       0        110.52     442.1      -144.0    -62.477     81.628   
   1700      262.36     0.6928      0.12      0.6928      0.12      0.4363       0        110.52     442.1      -145.0    -62.477     82.278   
   1800      277.84     0.6928      0.12      0.6928      0.12      0.428        0        110.52     442.1      -145.0    -62.477     82.889   
   1900      293.21     0.6928      0.12      0.6928      0.12      0.4095       0        110.52     442.1      -146.0    -62.477     83.465   
   2000      308.62     0.6928      0.12      0.6928      0.12      0.4026       0        110.52     442.1      -146.0    -62.477     84.01    
   2100      324.14     0.6928      0.12      0.6928      0.12      0.3942       0        110.52     442.1      -147.0    -62.477     84.528   
   2200      339.54     0.6928      0.12      0.6928      0.12      0.3843       0        110.52     442.1      -147.0    -62.477     85.02    
   2300      354.91     0.6928      0.12      0.6928      0.12      0.3767       0        110.52     442.1      -148.0    -62.477     85.49    
   2400      370.27     0.6928      0.12      0.6928      0.12      0.3628       0        110.52     442.1      -148.0    -62.477     85.939   
   2500      385.61     0.6928      0.12      0.6928      0.12      0.3582       0        110.52     442.1      -149.0    -62.477     86.369   
   2600      400.93     0.6928      0.12      0.6928      0.12      0.3513       0        110.52     442.1      -149.0    -62.477     86.781   
   2700      416.25     0.6928      0.12      0.6928      0.12      0.3446       0        110.52     442.1      -150.0    -62.477     87.177   
   2800      431.59     0.6928      0.12      0.6928      0.12      0.3373       0        110.52     442.1      -150.0    -62.477     87.558   
   2900      446.92     0.6928      0.12      0.6928      0.12      0.3329       0        110.52     442.1      -150.0    -62.477     87.925   
   3000      462.29     0.6928      0.12      0.6928      0.12      0.3268       0        110.52     442.1      -151.0    -62.477     88.28    
   3100      477.63     0.6928      0.12      0.6928      0.12      0.3207       0        110.52     442.1      -151.0    -62.477     88.622   
   3200      492.95     0.6928      0.12      0.6928      0.12      0.3176       0        110.52     442.1      -151.0    -62.477     88.953   
   3300      508.26     0.6928      0.12      0.6928      0.12      0.3089       0        110.52     442.1      -152.0    -62.477     89.274   
   3400      523.75     0.6928      0.12      0.6928      0.12      0.3039       0        110.52     442.1      -152.0    -62.477     89.586   
   3500      539.17     0.6928      0.12      0.6928      0.12      0.2999       0        110.52     442.1      -152.0    -62.477     89.888   
   3600      554.59     0.6928      0.12      0.6928      0.12      0.2995       0        110.52     442.1      -153.0    -62.477     90.181   
   3700      570.01     0.6928      0.12      0.6928      0.12      0.2919       0        110.52     442.1      -153.0    -62.477     90.466   
   3800      585.42     0.6928      0.12      0.6928      0.12      0.2878       0        110.52     442.1      -153.0    -62.477     90.743   
   3900      600.99     0.6928      0.12      0.6928      0.12      0.2862       0        110.52     442.1      -153.0    -62.477     91.012   
   4000      616.32     0.6928      0.12      0.6928      0.12      0.2803       0        110.52     442.1      -154.0    -62.477     91.274   
   4100      631.64     0.6928      0.12      0.6928      0.12      0.2776       0        110.52     442.1      -154.0    -62.477     91.53    
   4200      647.02     0.6928      0.12      0.6928      0.12      0.2791       0        110.52     442.1      -154.0    -62.477     91.779   
   4300      662.44     0.6928      0.12      0.6928      0.12      0.2705       0        110.52     442.1      -154.0    -62.477     92.023   
   4400      677.75     0.6928      0.12      0.6928      0.12      0.2697       0        110.52     442.1      -155.0    -62.477     92.26    
   4500      693.07     0.6928      0.12      0.6928      0.12      0.264        0        110.52     442.1      -155.0    -62.477     92.492   
   4600      708.4      0.6928      0.12      0.6928      0.12      0.2614       0        110.52     442.1      -155.0    -62.477     92.719   
   4700      723.78     0.6928      0.12      0.6928      0.12      0.2626       0        110.52     442.1      -155.0    -62.477     92.941   
   4800      739.26     0.6928      0.12      0.6928      0.12      0.2569       0        110.52     442.1      -156.0    -62.477     93.159   
   4900      754.62     0.6928      0.12      0.6928      0.12      0.253        0        110.52     442.1      -156.0    -62.477     93.371   
   5000      769.98     0.6928      0.12      0.6928      0.12      0.2521       0        110.52     442.1      -156.0    -62.477     93.579   
   5100      785.32     0.6928      0.12      0.6928      0.12      0.2485       0        110.52     442.1      -156.0    -62.477     93.783   
   5200      800.66     0.6928      0.12      0.6928      0.12      0.2448       0        110.52     442.1      -156.0    -62.477     93.983   
   5300      815.99     0.6928      0.12      0.6928      0.12      0.2425       0        110.52     442.1      -157.0    -62.477     94.179   
   5400      831.38     0.6928      0.12      0.6928      0.12      0.2412       0        110.52     442.1      -157.0    -62.477     94.371   
   5500      846.72     0.6928      0.12      0.6928      0.12      0.2386       0        110.52     442.1      -157.0    -62.477     94.56    
   5600      862.03     0.6928      0.12      0.6928      0.12      0.2352       0        110.52     442.1      -157.0    -62.477     94.745   
   5700      877.41     0.6928      0.12      0.6928      0.12      0.2363       0        110.52     442.1      -157.0    -62.477     94.927   
   5800      892.82     0.6928      0.12      0.6928      0.12      0.233        0        110.52     442.1      -158.0    -62.477     95.105   
   5900      908.23     0.6928      0.12      0.6928      0.12      0.2336       0        110.52     442.1      -158.0    -62.477     95.28    
   6000      923.57     0.6928      0.12      0.6928      0.12      0.2284       0        110.52     442.1      -158.0    -62.477     95.453   
[-117.02402352 -118.4327789   119.02939045  118.25480595 -118.15871564
  118.51476042 -113.79004371 -118.01672277  118.5307603   118.03706909
  118.18891648 -118.57398448 -117.48187822 -116.57891489  118.68369692
 -116.85143061  120.02023048 -116.60042067  118.93360494  117.78828863]
[ 119.23528335  118.33631602 -119.32641534  118.85135306  118.53984113
  118.86232781  116.9963341   118.01048505  120.04801722  117.45144919
 -117.47486493 -120.01305895 -118.51381808  119.53648128 -117.79920034
 -117.92558636 -116.89241391 -119.92139197 -117.36814465 -117.19783183]
[ 119.17833907  119.10542928  118.37347839 -117.25951498  117.85764219
 -117.14670531  117.96145806  117.8976081  -117.98663619 -116.98078094
  118.57003434 -116.75735534 -119.62490632  119.67927537  117.85740373
 -117.69748896  119.40505783 -116.58654733  119.87382821  117.70965952]
