Generating synthetic count valued data ... 
Generating synthetic  count valued data took:  1.7465636730194092
max_count =  13.0  min count =  0.0
Evaluation for true params: 
 test_rsme | train_rsme | rel-te-err | rel-tr-err |  test_nll  |  train_nll |
    0.0          0.0          0.0          0.0         109.0        396.75   
Factorizing with max_iteration = 6000  fixing covariance?:  True
Tensor dimensions:  [5, 5, 5]
Optimization metrics: 
Using Ada Grad
Mean update scheme:  S
Covariance update :  N
Using diagonal covariance?:  True
Random start? True
k1 samples =  64  k2 samples =  64
eta =  1.0  cov eta =  1.0  sigma eta =  1
iteration |   time   |test_rsme |rel-te-err|train_rsme|rel-tr-err|  d_mean  |   d_cov  | test_nll | train_nll |    VLB   |  E-term  |    KL     |   dw   |
    0         1.58      5.4553      4.48      4.0976      3.51      3.1623       0        64.65      232.87     -262.0    -252.802    8.967       0.0    
    5        16.62      4.0596      3.44      3.0708      2.57      3.1623       0        58.52      213.72     -235.0    -228.764    5.828       0.0    
    10       31.64      5.6569      4.48      4.9769      3.69      2.4928       0        57.52      204.57     -227.0    -220.235    6.347       0.0    
    20        54.0      5.6956      4.52      4.4744      3.22      1.5751       0        54.65      196.0      -215.0    -210.221    5.183       0.0    
    50       107.37     4.7074      3.52      3.6208      2.65      0.9901       0        52.66      194.04     -213.0    -209.07     3.556       0.0    
   100       190.41     4.0743      3.16      3.1859      2.31      0.714        0        51.68      193.56     -210.0    -207.801    2.507       0.0    
   200       349.92     4.8042      3.64      3.5185      2.48      0.6677       0        53.21      191.53     -213.0    -210.613     2.7        0.0    
   300       508.78     4.7371      3.64      3.4482      2.51      0.6153       0        51.93      189.84     -211.0    -208.023    2.657       0.0    
   400       668.41     5.0239      3.8       3.4684      2.57      0.4811       0        51.45      193.98     -213.0    -210.508    2.814       0.0    
   500       826.83     5.3217      3.92      3.5665      2.6       0.4631       0        53.01      192.03     -208.0    -205.894    2.455       0.0    
   600       986.23     4.5563      3.48      3.5861      2.6       0.3863       0        53.04      193.66     -212.0    -209.022    2.708       0.0    
   700      1144.69     4.7624      3.56      3.2741      2.4       0.4069       0        53.82      194.06     -209.0    -206.15      2.79       0.0    
   800      1303.47     4.9193      3.72      3.6851      2.54      0.3726       0         53.3      192.11     -211.0    -208.198    2.316       0.0    
   900       1462.0     4.5913      3.48       3.5        2.57      0.3354       0        54.23      191.56     -213.0    -210.371    2.574       0.0    
   1000     1620.54     4.8908      3.76      3.6359      2.6       0.3427       0        53.32      193.74     -215.0    -212.682    2.407       0.0    
   1100     1780.54     4.7666      3.68      3.3287      2.46      0.3032       0        53.69      192.22     -216.0    -213.214     2.66       0.0    
   1200     1939.39     4.5211      3.24      3.3749      2.49      0.3029       0        53.95      190.9      -210.0    -207.956    2.543       0.0    
   1300     2097.82     4.5607      3.36      3.2234      2.29      0.3152       0        53.46      190.5      -214.0    -211.623    2.311       0.0    
   1400     2256.84      5.2        3.92      3.9268      2.76      0.2888       0         54.0      192.99     -215.0    -212.216    2.465       0.0    
   1500     2415.66     4.4362      3.44      3.4957      2.5       0.2951       0        53.17      191.7      -208.0    -205.969    2.299       0.0    
   1600     2574.01     5.2574      3.88      3.6565      2.67      0.2644       0        53.02      191.97     -210.0    -207.373    2.468       0.0    
   1700     2733.31     4.4407      3.24      3.5903      2.61      0.2742       0        53.39      191.17     -212.0    -209.851    2.155       0.0    
   1800     2891.73     4.6174      3.48      3.4264      2.54      0.301        0        53.09      190.35     -211.0    -208.578    2.465       0.0    
   1900     3049.37     4.9679      3.72      3.593       2.61      0.2598       0        52.75      191.57     -210.0    -207.55     2.383       0.0    
   2000     3207.67     4.7413      3.36      3.5143      2.55      0.3141       0        53.12      190.66     -212.0    -209.308    2.307       0.0    
   2100      3366.6     5.1029      3.96       3.6        2.58      0.238        0        52.75      191.77     -213.0    -210.674    2.409       0.0    
   2200     3525.61     5.3254      3.96      3.7457      2.71      0.242        0        53.51      193.13     -208.0    -205.345    2.717       0.0    
   2300     3685.47     4.4452      3.2       3.5595      2.63      0.2398       0        54.92      192.74     -210.0    -207.379    2.698       0.0    
   2400     3844.38     4.9112      3.48      3.6014      2.61      0.2074       0        53.15      192.75     -209.0    -206.557    2.443       0.0    
   2500     4003.12      5.02       3.84      3.8079      2.74      0.2467       0        54.33      194.02     -213.0    -211.004    2.358       0.0    
   2600     4161.96     4.6861      3.56      3.5958      2.63      0.2316       0        53.78      191.6      -210.0    -207.462    2.321       0.0    
   2700     4320.11     4.7917      3.68      3.6973      2.61      0.2102       0        51.57      190.9      -212.0    -210.092    2.391       0.0    
   2800     4478.53     5.2383      3.92      3.4799      2.53      0.2273       0        54.28      191.5      -211.0    -208.762    2.434       0.0    
   2900     4637.48     4.5166      3.68      3.5861      2.64      0.1937       0         52.7      192.71     -211.0    -208.405    2.714       0.0    
   3000      4795.6     4.8621      3.56      3.4424      2.61      0.1858       0        54.03      190.75     -208.0    -205.624     2.68       0.0    
   3100     4954.05     5.0596      3.76      3.6455      2.65      0.2059       0        52.74      191.56     -213.0    -210.569    2.712       0.0    
   3200     5112.12     4.6303      3.28      3.6606      2.8       0.2483       0        51.43      191.42     -209.0    -206.168    2.402       0.0    
   3300     5270.83     4.4272      3.28      3.4438      2.56      0.2051       0        53.16      193.05     -213.0    -209.957    2.688       0.0    
   3400     5429.76     4.613       3.6       3.4307      2.45      0.2241       0        53.43      193.43     -211.0    -208.793    2.452       0.0    
   3500     5588.35     5.1029      3.88      3.681       2.59      0.173        0        53.28      194.48     -213.0    -209.949    2.632       0.0    
   3600      5747.6     4.7117      3.48       3.5        2.59      0.2042       0        52.59      192.84     -208.0    -205.955     2.54       0.0    
   3700     5906.52     5.016       3.72      3.2481      2.37      0.1786       0        53.89      192.5      -213.0    -210.041    2.707       0.0    
   3800     6064.72     4.988       3.92      3.5777      2.52      0.1865       0         54.7      193.14     -213.0    -210.169    2.416       0.0    
   3900     6223.23     4.4091      3.28      3.6235      2.61      0.1724       0        52.98      192.15     -211.0    -208.086    2.451       0.0    
   4000     6382.37     4.5738      3.4       3.5735      2.57      0.2012       0        53.33      191.45     -212.0    -209.515    2.339       0.0    
   4100     6541.17     4.1809      3.16      3.4971      2.57      0.1881       0        52.55      191.64     -211.0    -208.687    2.362       0.0    
   4200     6699.77     5.0636      3.8       3.7603      2.62      0.1888       0        53.22      191.15     -212.0    -209.962    2.522       0.0    
   4300     6857.18     4.7244      3.52      3.6483      2.71      0.1848       0         54.3      195.5      -210.0    -207.388    2.604       0.0    
   4400     7015.42     5.0557      3.72      3.3166      2.4       0.1941       0        52.57      193.06     -207.0    -204.608    2.874       0.0    
   4500     7175.56     4.639       3.44      3.6152      2.53      0.2134       0        55.08      190.03     -212.0    -209.124    2.471       0.0    
   4600     7335.12     4.7666      3.52      3.651       2.57      0.1742       0        51.97      192.06     -212.0    -209.434     2.62       0.0    
   4700      7493.8     4.4497      3.32      3.5341      2.59      0.1789       0        53.25      192.44     -214.0    -211.148    2.693       0.0    
   4800     7652.33     4.9031      3.8       3.6152      2.65      0.191        0        53.82      189.78     -209.0    -206.866    2.595       0.0    
   4900      7810.9     4.7624      3.64      3.8171      2.79      0.1848       0        52.31      190.42     -210.0    -208.002    2.444       0.0    
   5000     7969.59     5.0557      3.72      3.5454      2.57      0.1959       0        53.91      192.79     -214.0    -211.037    2.572       0.0    
   5100     8128.98     4.4181      3.36      3.618       2.65      0.1575       0        53.02      195.35     -210.0    -207.477    2.493       0.0    
   5200     8287.52     4.5387      3.56      3.2894      2.42      0.1718       0        52.72      193.65     -209.0    -206.697    2.582       0.0    
   5300     8446.02     4.858       3.68      3.8769      2.83      0.156        0        53.52      193.91     -212.0    -209.295    2.511       0.0    
   5400     8604.94     4.9071      3.68      3.4655      2.55      0.1575       0        52.49      192.87     -210.0    -207.262    2.654       0.0    
   5500     8763.66     4.2942      3.4       3.7283      2.74      0.1603       0        54.04      193.38     -212.0    -209.032    2.521       0.0    
   5600     8922.91     4.8456      3.8       3.5199      2.53      0.1347       0        52.87      191.76     -209.0    -206.806    2.527       0.0    
   5700     9080.61     4.9719      3.68      3.6674      2.55      0.149        0        52.54      193.16     -217.0    -214.374    2.596       0.0    
   5800     9240.04     5.0319      3.72      3.8275      2.77      0.1587       0        52.87      192.11     -211.0    -209.08     2.332       0.0    
   5900     9397.04     4.7624      3.56      3.6194      2.58      0.1886       0        53.29      194.47     -213.0    -211.026    2.471       0.0    
   6000     9554.17     5.0319      3.72      3.4293      2.54      0.1633       0        52.52      192.22     -211.0    -208.211    2.567       0.0    
[0.35576769 0.9020219  0.43105553 0.26751436 0.88694089 0.25077772
 0.25282118 0.40679616 0.86488524 0.23132229 0.76417944 0.92488657
 0.32077806 0.86626365 0.28378626 0.37128745 0.86911296 0.3603414
 0.28581246 0.83966319]
[0.43961439 1.11803773 0.38265002 0.32405295 1.04951797 0.24814972
 0.26348358 0.39849577 0.96798169 0.31316549 0.99921794 1.0736689
 0.30393479 1.03566217 0.3134987  0.32473535 1.03908619 0.44373039
 0.28991853 1.18317612]
[0.37519324 1.09577064 0.4524825  0.39853734 1.13834793 0.42580299
 0.39932543 0.33092898 1.04838365 0.32062204 1.00042533 0.97547421
 0.40279411 1.11776132 0.35434672 0.43435993 1.1685347  0.41362447
 0.36139727 1.1164316 ]
