Generating synthetic real valued data ... 
Generating synthetic  real valued data took:  0.4382963180541992
Evaluation for true params: 
 test_rsme | train_rsme | rel-te-err | rel-tr-err |  test_nll  |  train_nll |
    0.0          0.0          0.0          0.0         287.82       1131.0   
Factorizing with max_iteration = 6000  fixing covariance?:  True
Tensor dimensions:  [5, 5, 5]
Optimization metrics: 
Using Ada Grad
Mean update scheme:  S
Covariance update :  N
Using diagonal covariance?:  True
Random start? True
k1 samples =  64  k2 samples =  64
eta =  1.0  cov eta =  1.0  sigma eta =  1
iteration |   time   |test_rsme |rel-te-err|train_rsme|rel-tr-err|  d_mean  |   d_cov  | test_nll | train_nll |    VLB   |  E-term  |    KL     |   dw   |
    0         0.14    10599.5435   0.9973   10567.7662   0.9968     3.1623       0        287.82    1151.29    -1160.0   -1151.293    8.891      0.0213  
    5         1.23    10503.0171   0.9881   10466.9583   0.9873     3.1623       0        287.82    1151.29    -1164.0   -1151.293    13.172     0.0001  
    10        2.23    10309.8388   0.9698   10268.9659   0.9686     3.0536       0        287.82    1151.29    -1169.0   -1151.293    17.624     0.0001  
    20        3.84    9562.2231    0.8988   9511.0258    0.8969     2.7825       0        287.82    1151.29    -1176.0   -1151.293    24.806      0.0    
    50        7.87    4686.9302    0.4326   4609.3176    0.4302     1.8405       0        287.82    1151.29    -1188.0   -1151.293    36.288      0.0    
   100       14.31     566.2146    0.0387    384.2996    0.0279     0.4182       0        259.09     972.27    -1185.0   -1145.413    40.048      0.0    
   200       26.78      261.03     0.0194    211.2026    0.016      0.2985       0        227.06     999.9     -1185.0   -1145.449    39.919      0.0    
   300       39.16     280.059     0.0205    218.8204    0.0163     0.1874       0        240.8      1008.3    -1184.0   -1144.371    39.884      0.0    
   400       51.57     275.6947    0.0192    182.2176    0.0136     0.3459       0        263.01    1022.89    -1186.0   -1146.153    39.769      0.0    
   500       64.06     238.5567    0.0179    181.4289    0.0141     0.2243       0        236.52     966.13    -1187.0    -1147.49    39.535      0.0    
   600       76.54     276.3562    0.0206    179.5147    0.0139     0.2419       0        270.25    1014.22    -1187.0   -1147.057    39.473      0.0    
   700       88.96     291.4498    0.0203    183.9186    0.0142     0.2739       0        245.29    1003.25    -1186.0   -1147.035    39.408      0.0    
   800       101.34    270.1262    0.0177    194.0787    0.0145     0.3856       0        250.74     966.28    -1185.0   -1145.171    39.546      0.0    
   900       113.74    362.7233    0.0307    253.1872    0.0192     0.3364       0        275.86     991.86    -1186.0   -1146.477    39.419      0.0    
   1000      126.2     280.1562    0.0201    174.9805    0.0135     0.3132       0        244.95     948.84    -1186.0   -1146.483    39.545      0.0    
   1100      138.56    210.1232    0.0161    202.5172    0.0155     0.4665       0        248.9      977.01    -1184.0   -1145.221    39.152      0.0    
   1200      150.93    250.262     0.0163    169.1183    0.0117     0.3246       0        249.87     960.72    -1186.0   -1146.576    39.295      0.0    
   1300      163.32    214.0829    0.0161    169.8534    0.0129     0.2509       0        261.14    1016.87    -1185.0   -1146.259    39.219      0.0    
   1400      175.68    312.9947    0.0232    202.6945    0.0152     0.2347       0        251.94     989.96    -1186.0   -1146.716    38.985      0.0    
   1500      188.07    303.0746    0.0207    189.5901    0.0147     0.191        0        268.22     959.75    -1187.0   -1147.292    39.422      0.0    
   1600      200.48    233.8622    0.0163    152.5231    0.012      0.2752       0        256.46     980.37    -1187.0    -1147.79    39.145      0.0    
   1700      212.87    232.1086    0.0161    195.7446    0.0151     0.2808       0        260.13    1010.13    -1187.0   -1147.583    39.528      0.0    
   1800      225.27    297.0566    0.0224    198.7439    0.0148     0.2659       0        255.87     991.06    -1185.0   -1145.455    39.698      0.0    
   1900      237.65    264.4168    0.0198    193.8574    0.0145     0.2099       0        243.0     1004.54    -1188.0   -1148.142    39.819      0.0    
   2000      250.0     256.8363    0.0174    185.3749    0.014      0.2739       0        242.52    1007.07    -1186.0   -1146.459    39.975      0.0    
   2100      262.36    209.0173    0.0155     160.79     0.0121     0.2501       0        242.31    1011.54    -1187.0   -1146.847    39.829      0.0    
   2200      274.73    257.5698    0.0195    164.1769    0.0126     0.2561       0        249.4      996.88    -1186.0   -1146.373    39.768      0.0    
   2300      287.12    201.8881    0.0153    150.7148    0.0112     0.1871       0        251.47     964.64    -1187.0   -1146.998    39.865      0.0    
   2400      299.51    265.7592    0.0181    187.6593    0.0129     0.2386       0        236.63     969.31    -1188.0   -1147.523    40.036      0.0    
   2500      311.98    235.7415    0.0166    152.413     0.0111     0.2421       0        232.9     1020.43    -1187.0   -1146.862    40.039      0.0    
   2600      324.48    254.9021    0.0182    155.8913    0.0117     0.3237       0        249.23     937.68    -1185.0   -1144.827    40.11       0.0    
   2700      336.87    236.7578    0.0152    152.7671    0.0114     0.2436       0        237.1     1003.22    -1186.0   -1145.471    40.211      0.0    
   2800      349.3     253.3382    0.0193    140.4251    0.0105     0.2443       0        242.15     969.72    -1186.0   -1145.879    40.145      0.0    
   2900      361.78    245.746     0.0171    162.4695    0.0123     0.2588       0        258.0      986.15    -1185.0   -1145.349    40.132      0.0    
   3000      374.21    221.4675    0.0165    138.8743    0.0102     0.2147       0        246.01     996.36    -1184.0   -1143.461    40.147      0.0    
   3100      386.63    252.4029    0.0188    165.598     0.012      0.2003       0        261.38     982.36    -1188.0   -1147.375    40.137      0.0    
   3200      399.01    246.2377    0.0182    172.9388    0.0125     0.2738       0        263.94     971.04    -1186.0    -1145.71    40.149      0.0    
   3300      411.4     229.5424    0.0184    157.5494    0.0114     0.1722       0        251.86     973.36    -1186.0   -1146.519    39.912      0.0    
   3400      423.8     311.2328    0.0236    186.9535    0.0147     0.2525       0        264.18     942.39    -1187.0   -1146.973    39.893      0.0    
   3500      436.17    252.3021    0.0189    148.1558    0.0113     0.3763       0        240.62     970.74    -1185.0   -1144.785    40.071      0.0    
   3600      448.53    235.6342    0.018     145.5644    0.0105     0.2334       0        238.24     980.53    -1184.0   -1143.403    40.235      0.0    
   3700      460.89    245.2698    0.0173    172.5214    0.0129     0.1775       0        255.32     965.72    -1187.0   -1146.589    40.203      0.0    
   3800      473.3     202.0893    0.0137    133.4205    0.0099     0.2574       0        274.28    1005.21    -1188.0   -1148.163    40.158      0.0    
   3900      485.79    238.0299    0.0181    139.0775    0.0105     0.1992       0        248.27     960.3     -1186.0   -1145.598    39.947      0.0    
   4000      498.18    187.0316    0.0156    173.7684    0.0129     0.2201       0        249.06     991.0     -1186.0   -1146.191    40.054      0.0    
   4100      510.54    175.5418    0.0127    191.7338    0.0144     0.1095       0        243.78     963.13    -1186.0   -1145.704    40.026      0.0    
   4200      522.92    206.9809    0.0165    163.4212    0.0122     0.2577       0        251.41    1014.79    -1187.0   -1146.848    40.052      0.0    
   4300      535.29    239.1896    0.0166    161.3018    0.0127     0.2362       0        239.79     970.25    -1189.0   -1148.887    39.822      0.0    
   4400      547.73    216.6436    0.0163    133.9399    0.0105     0.2821       0        276.02    1007.01    -1189.0   -1148.923    39.86       0.0    
   4500      560.13    237.2042    0.0152    136.4959     0.01      0.2237       0        270.7      971.48    -1190.0   -1149.661    39.968      0.0    
   4600      572.55    215.3897    0.0152    137.3297    0.0106     0.1715       0        247.22    1019.77    -1186.0   -1145.764    40.018      0.0    
   4700      584.98    252.6461    0.0203    176.7995    0.0137     0.2548       0        248.59    1034.36    -1188.0   -1148.493    39.849      0.0    
   4800      597.37    217.1547    0.0141    149.8287    0.0111     0.1621       0        281.01     977.8     -1187.0   -1147.498    39.934      0.0    
   4900      609.81    228.462     0.0166    133.967     0.0102     0.3876       0        243.82    1007.67    -1185.0   -1144.987    39.565      0.0    
   5000      622.23    212.8399    0.0167    154.1955    0.0117     0.2289       0        248.91     982.54    -1184.0   -1144.527    39.632      0.0    
   5100      634.63    204.7271    0.0171    138.4247    0.0104     0.2132       0        255.26    1017.94    -1186.0   -1146.298    39.663      0.0    
   5200      647.02    205.5051    0.0157    127.9761    0.0098     0.3005       0        263.62    1004.31    -1184.0   -1144.567    39.832      0.0    
   5300      659.4     230.2281    0.0168    134.1633    0.0102     0.2259       0        263.51    1011.68    -1184.0    -1144.58    39.531      0.0    
   5400      671.85    230.8904    0.0175    174.2137    0.0133     0.1828       0        247.14     966.58    -1187.0    -1147.01    39.505      0.0    
   5500      684.23    206.8913    0.0144    136.3537    0.0102     0.1362       0        256.07    1024.38    -1184.0   -1144.467    39.496      0.0    
   5600      696.62    191.1343    0.014     131.311     0.0101     0.2399       0        253.61    1011.66    -1186.0    -1146.73    39.429      0.0    
   5700      709.05    233.1578    0.0157    144.2645    0.0108     0.2191       0        241.1      984.6     -1186.0   -1147.125    39.318      0.0    
   5800      721.44    220.6864    0.0171    137.2643    0.0108     0.2619       0        256.92     952.24    -1184.0   -1144.806    39.433      0.0    
   5900      733.86    209.771     0.0155     157.5      0.0118     0.1361       0        223.78    1003.26    -1186.0   -1146.457    39.399      0.0    
   6000      746.19    185.985     0.0127    141.8097    0.0106     0.3047       0        233.94     939.37    -1188.0   -1149.093    39.233      0.0    
[9.06917478 8.33478935 8.46026173 9.50852186 7.67711991 9.40512982
 8.7051303  7.72625134 8.97314228 8.79981117 7.69648097 7.53198453
 7.79104764 9.13122761 8.34109726 8.0262669  8.98040609 9.36023698
 8.2128891  7.13152089]
[9.49008208 9.06564828 5.85715741 8.99509644 8.56280641 9.11484563
 7.35747053 7.9654816  9.33947736 7.93014446 7.73208144 5.76267501
 8.49519958 9.59291055 8.44418738 8.20154045 9.08248518 6.90555924
 8.42094958 8.37047398]
[8.44636079 8.87248547 8.3465056  9.02816909 6.66164698 9.80922406
 7.30901762 8.58384289 7.45570438 8.165696   7.2766463  8.50784695
 5.77828373 8.97350266 8.33626985 7.84548236 8.28914731 8.09043264
 9.1025842  7.21503567]
