Factorizing with max_iteration = 120000  fixing covariance?:  False
Tensor dimension: [135, 135, 49]
Mean update: S
Cov update: N
Using diagonal covariance: False
Factorization rank:  20
k1 samples =  64  k2 samples =  128
eta =  1.0  cov eta =  1.0  sigma eta =  1
iteration |   time   |  test_err  |  test_mae  |  trainerr  |  trainmae |
    0         1.24       0.0      25.5324      0.0      25.5826  
    5        328.58      0.0      24.0025      0.0      24.0496  
    10       664.0       0.0      22.1476      0.0      22.1676  
    20      1021.85      0.0      18.6578      0.0      18.7099  
    50      1433.42      0.0       9.0175      0.0       9.0278  
   100      1954.67      0.0       5.1331      0.0       5.0812  
   200      2606.94      0.0       1.4169      0.0       1.4239  
  10000     19430.9      0.0        1.0        0.0        1.0    
  20000     36626.36     0.0        1.0        0.0        1.0    
  30000     53554.72     0.0        1.0        0.0        1.0    
  40000     70686.62     0.0        1.0        0.0        1.0    
  50000     88378.06     0.0       1.0001      0.0       1.0001  
  60000    106134.11     0.0        1.0        0.0        1.0    
  70000    123901.74     0.0        1.0        0.0       1.0001  
  80000    141086.34     0.0       1.0001      0.0        1.0    
  90000    157750.87     0.0        1.0        0.0        1.0    
  100000   174440.03     0.0        1.0        0.0       1.0001  
  110000   191111.85     0.0        1.0        0.0        1.0    
  120000    207725.6     0.0        1.0        0.0       1.0001  
