Factorizing with max_iteration = 120000  fixing covariance?:  False
Tensor dimension: [135, 135, 49]
Mean update: S
Cov update: N
Using diagonal covariance: False
Factorization rank:  20
k1 samples =  64  k2 samples =  128
eta =  1.0  cov eta =  1.0  sigma eta =  1
iteration |   time   |  test_err  |  test_mae  |  trainerr  |  trainmae |
    0         2.32       0.0       23.192      0.0      23.2054  
    5        429.38      0.0      22.0973      0.0      22.1027  
    10       864.19      0.0      20.2903      0.0      20.3314  
    20      1322.65      0.0      16.8082      0.0      16.8207  
    50      1852.78      0.0       7.943       0.0        inf    
   100      2500.62      0.0       4.6203      0.0        inf    
   200      3294.64      0.0       1.3778      0.0       1.3625  
  10000     29226.77     0.0        1.0        0.0        1.0    
  20000     54733.98     0.0        1.0        0.0        1.0    
  30000     81159.78     0.0        1.0        0.0        1.0    
  40000    108118.28     0.0        1.0        0.0        1.0    
  50000    134664.15     0.0        1.0        0.0        1.0    
  60000    159874.47     0.0        1.0        0.0        1.0    
  70000    185009.88     0.0        1.0        0.0        1.0    
  80000    209922.24     0.0        1.0        0.0        1.0    
  90000    235163.29     0.0        1.0        0.0        1.0    
  100000   259110.45     0.0        1.0        0.0        1.0    
  110000   283408.67     0.0        1.0        0.0        1.0    
  120000   307272.89     0.0        1.0        0.0        1.0    
