Generating synthetic binary valued data ... 
Generating synthetic  binary valued data took:  9.03500747680664
Evaluation for true params: 
 test_rsme | train_rsme | rel-te-err | rel-tr-err |  test_nll  |  train_nll |
0.5752216964 0.5837122579   0.08272      0.08518      22932.17     91132.68  
Using  0.05 of training data
Factorizing with max_iteration = 8000  fixing covariance?:  False
Tensor dimensions:  [50, 50, 50]
Optimization metrics: 
Using Ada Grad
Mean update scheme:  S
Covariance update :  N
Using diagonal covariance?:  True
k1 samples =  64  k2 samples =  64
eta =  1  cov eta =  0.01  sigma eta =  1
iteration |   time   |test_rsme |rel-te-err|train_rsme|rel-tr-err|  d_mean  |   d_cov  | test_nll | train_nll  |   dw   |
    50       41.67      1.0663     0.2842     1.0261     0.2632     3.1623     0.0215    14488.47   2781.53      0.0    
   100       171.95     0.8136     0.1655     0.806      0.1624     3.1584     0.0164    19394.22   3627.04      0.0    
   200       345.48     0.781      0.1525     0.7884     0.1554     3.0312     0.0119    67368.01   13457.03     0.0    
   500       682.77     0.781      0.1525     0.7884     0.1554     2.5649     0.0097    70219.64   14312.87     0.0    
   1000     1176.51     0.781      0.1525     0.7884     0.1554     1.9458     0.0141    70219.64   14312.87     0.0    
   1500     1668.94     0.781      0.1525     0.7884     0.1554     1.6673     0.0177    70219.64   14312.87     0.0    
   2000     2161.16     0.781      0.1525     0.7884     0.1554     1.3777     0.0212    70219.64   14312.87     0.0    
   2500     2653.36     0.781      0.1525     0.7884     0.1554     1.3889     0.0215    70219.64   14312.87     0.0    
   3000     3147.76     0.781      0.1525     0.7884     0.1554     1.3481     0.0228    70219.64   14312.87     0.0    
   3500     3641.96     0.781      0.1525     0.7884     0.1554     1.1226     0.0213    70219.64   14312.87     0.0    
   4000     4137.34     0.781      0.1525     0.7884     0.1554     1.0469     0.0264    70219.64   14312.87     0.0    
   4500     4630.41     0.781      0.1525     0.7884     0.1554     0.9349     0.0238    70219.64   14312.87     0.0    
   5000     5121.88     0.781      0.1525     0.7884     0.1554     0.944      0.0269    70219.64   14312.87     0.0    
   5500     5609.98     0.781      0.1525     0.7884     0.1554     0.8138     0.0208    70219.64   14312.87     0.0    
   6000     6098.53     0.781      0.1525     0.7884     0.1554     0.7898     0.0233    70219.64   14312.87     0.0    
   6500     6588.31     0.781      0.1525     0.7884     0.1554     0.7443     0.0235    70219.64   14312.87     0.0    
   7000     7078.77     0.781      0.1525     0.7884     0.1554     0.7156     0.0217    70219.64   14312.87     0.0    
   7500     7566.63     0.781      0.1525     0.7884     0.1554     0.7641     0.0278    70219.64   14312.87     0.0    
   8000     8053.96     0.781      0.1525     0.7884     0.1554     0.6827     0.0248    70219.64   14312.87     0.0    
[ 41.02861644  41.03379481  41.01782585  42.26081014  41.12163174
 -39.45707072  40.89973717  41.05834687  41.06568985  40.96765848
  39.53181168  40.95240586  41.01057494  40.87107369  41.01410988
  40.84694234  40.82382629  40.96450999  41.02771508  40.96081752]
[-40.40146776 -40.00756107 -40.72284838 -12.80556441 -41.49448645
  40.64481005 -40.31515194 -40.62091712 -40.78871044 -40.8960447
 -40.4474217  -40.11123435 -40.33965666 -41.77116458 -41.48043615
 -40.70600246 -40.39390894 -41.72896685 -40.59333966 -40.36245495]
[ 40.75219725  40.9015089   40.65376434  42.3504747   40.90578195
 -37.1235545   40.69140615  40.82796391  39.49768422  40.6972015
  40.91727449  40.6401567   39.54401338  40.78271994  40.82778779
  40.75740173  40.78437768  40.67737422  40.83141446  40.63445477]
