Generating synthetic binary valued data ... 
Generating synthetic  binary valued data took:  9.211227416992188
Evaluation for true params: 
 test_rsme | train_rsme | rel-te-err | rel-tr-err |  test_nll  |  train_nll |
0.5752216964 0.5837122579   0.08272      0.08518      24762.13     98334.13  
Using  0.05 of training data
Factorizing with max_iteration = 8000  fixing covariance?:  False
Tensor dimensions:  [50, 50, 50]
Optimization metrics: 
Using Ada Grad
Mean update scheme:  S
Covariance update :  N
Using diagonal covariance?:  True
k1 samples =  64  k2 samples =  64
eta =  1  cov eta =  0.01  sigma eta =  1
iteration |   time   |test_rsme |rel-te-err|train_rsme|rel-tr-err|  d_mean  |   d_cov  | test_nll | train_nll  
    50       42.92      1.019      0.2596     0.9899     0.245      3.1623     0.0219    14101.2    2723.85   
   100       124.25     0.8315     0.1728     0.8227     0.1692     3.1618     0.0163    23030.55   4400.53   
   200       249.22     0.781      0.1525     0.7884     0.1554     3.0381     0.0109    67817.51   13650.43  
   500       541.46     0.781      0.1525     0.7884     0.1554     2.5589     0.0114    70219.64   14312.87  
   1000      998.89     0.781      0.1525     0.7884     0.1554     1.9892     0.0139    70219.64   14312.87  
   1500      1454.9     0.781      0.1525     0.7884     0.1554     1.6903     0.0212    70219.64   14312.87  
   2000     1910.67     0.781      0.1525     0.7884     0.1554     1.8186     0.023     70219.64   14312.87  
   2500     2366.69     0.781      0.1525     0.7884     0.1554     1.2455     0.0231    70219.64   14312.87  
   3000     2822.69     0.781      0.1525     0.7884     0.1554     1.1696     0.0237    70219.64   14312.87  
   3500     3278.51     0.781      0.1525     0.7884     0.1554     1.2001     0.0241    70219.64   14312.87  
   4000     3734.93     0.781      0.1525     0.7884     0.1554     1.0725     0.0256    70219.64   14312.87  
   4500     4190.77     0.781      0.1525     0.7884     0.1554     1.0292     0.0251    70219.64   14312.87  
   5000     4648.67     0.781      0.1525     0.7884     0.1554     0.8527     0.0224    70219.64   14312.87  
   5500     5106.82     0.781      0.1525     0.7884     0.1554     0.819      0.0227    70219.64   14312.87  
   6000     5563.93     0.781      0.1525     0.7884     0.1554     0.8925     0.0227    70219.64   14312.87  
   6500     6016.91     0.781      0.1525     0.7884     0.1554     0.789      0.0246    70219.64   14312.87  
   7000     6469.81     0.781      0.1525     0.7884     0.1554     0.7782     0.0263    70219.64   14312.87  
   7500     6922.12     0.781      0.1525     0.7884     0.1554     0.6898     0.0235    70219.64   14312.87  
   8000     7374.04     0.781      0.1525     0.7884     0.1554     0.7388     0.0201    70219.64   14312.87  
[41.03549671 41.0313778  40.96378124 41.05637891 41.02552289 41.08522675
 41.00840279 40.9926383  41.03415932 41.01014706 41.18109054 40.96075308
 41.11842033 40.95727849 41.07606834 41.21298667 41.10020326 40.95440268
 40.98910533 40.95984115]
[-40.42368464 -41.77247369 -40.60105439 -40.19662057 -40.37133651
 -40.43366408 -40.29877519 -41.5844251  -40.64434039 -40.82006048
 -40.86097419 -40.56902773 -39.72856573 -40.63315409 -40.3340487
 -39.67256228 -40.61144527 -41.67488293 -40.48523839 -40.16524566]
[40.68225798 40.7834057  40.72089751 40.79728254 40.87416685 40.72475453
 40.78539585 40.87080292 40.9475555  40.68282879 40.8930488  40.69282691
 40.70407306 40.73674814 40.79763798 39.89627129 41.10858609 40.83829613
 40.85614417 40.7279689 ]
