Generating synthetic count valued data ... 
Generating synthetic  count valued data took:  11.714467525482178
max_count =  49  min count =  0
Evaluation for true params: 
 test_rsme | train_rsme | rel-te-err | rel-tr-err |  test_nll  |  train_nll |
2.9746545037 2.9574624556 1.9297919746  1.91721489   167707.12    670217.66  
Using  0.05 of training data
Factorizing with max_iteration = 8000  fixing covariance?:  False
Tensor dimensions:  [50, 50, 50]
Optimization metrics: 
Using Ada Grad
Mean update scheme:  S
Covariance update :  N
Using diagonal covariance?:  True
k1 samples =  64  k2 samples =  64
eta =  1  cov eta =  0.01  sigma eta =  1
iteration |   time   |test_rsme |rel-te-err|train_rsme|rel-tr-err|  d_mean  |   d_cov  | test_nll | train_nll  
    50       49.19      9.331      6.6675     9.108      6.4608     3.1623     0.0308    73931.35   14234.88  
   100       171.63     8.8225     6.8197     7.8156     5.9818     3.1503     0.0251    66146.2    12510.94  
   200       343.41    68.3367    46.5766    89.1124    63.6228     3.0351     0.0193   126840.97   31523.35  
   500       687.22      inf        inf        inf        inf       2.4953     0.0158      nan        nan     
   1000     1219.09      inf        inf        inf        inf       1.9615     0.0174      nan        nan     
   1500     1738.07      inf        inf        inf        inf       1.6048     0.0187      nan        nan     
   2000     2264.53      inf        inf        inf        inf       1.3959     0.0239      nan        nan     
   2500     2792.93      inf        inf        inf        inf       1.2504     0.0213      nan        nan     
   3000     3319.59      inf        inf        inf        inf       1.1469     0.0197      nan        nan     
   3500     3845.41      inf        inf        inf        inf       1.0669     0.0201      nan        nan     
   4000     4373.76      inf        inf        inf        inf       0.998      0.024       nan        nan     
   4500     4901.94      inf        inf        inf        inf       0.9482     0.0246      nan        nan     
   5000     5412.34      inf        inf        inf        inf       0.8994     0.0244      nan        nan     
   5500     5933.54      inf        inf        inf        inf       0.8586     0.0239      nan        nan     
   6000     6457.26      inf        inf        inf        inf       0.8293     0.0235      nan        nan     
   6500     6976.97      inf        inf        inf        inf       0.7835     0.022       nan        nan     
   7000      7498.1      inf        inf        inf        inf       0.7394     0.0233      nan        nan     
   7500     8021.69      inf        inf        inf        inf       0.7305     0.0173      nan        nan     
   8000     8533.66      inf        inf        inf        inf       0.6982     0.0102      nan        nan     
[-40.93700021  39.73996569  29.87978554  41.20130132  17.37219416
 -38.02844724   3.23782204  39.76168005 -40.63338552 -39.36916851
  38.6770195  -40.88457408  38.13722981  39.22033942 -41.00798441
  39.81561808  16.26334181  40.17248581  34.08700549 -38.90803776]
[-39.48624687  40.83422209  40.81337114 -42.62474603 -39.68173019
 -40.32108416  42.76216036  39.40121662  41.42451778  39.63661326
  38.28409201  40.78240497 -40.68924818 -40.4917102   41.19344403
 -40.25208045 -38.09511467  36.88197705  30.3216557   41.02317369]
[ 40.48426178  39.21159845 -38.46566136 -42.14722575 -40.56495143
  37.82131107 -44.39317643  40.52322695 -36.17179416 -40.89997262
  35.23704405 -40.46687872  40.23826563  41.33301985 -40.97332893
 -40.33452446  40.48138191  41.18518616  42.18386832 -40.18635303]
