Factorizing with max_iteration = 120000  fixing covariance?:  False
Tensor dimension: [2370, 8663, 4066]
Mean update: S
Cov update: N
Using diagonal covariance: False
Factorization rank:  20
k1 samples =  64  k2 samples =  128
eta =  1.0  cov eta =  1.0  sigma eta =  1
iteration |   time   |  test_err  |  test_mae  |  trainerr  |  trainmae |
    0         3.06       0.0      23.0128      0.0      23.0641  
    5       1694.09      0.0      22.8439      0.0      22.8953  
    10      3386.13      0.0      22.7898      0.0      22.8336  
    20      5084.24      0.0      22.6417      0.0      22.6882  
    50      6835.83      0.0      21.9146      0.0      21.9721  
   100      8671.11      0.0      20.8709      0.0      20.9129  
   200      10656.03     0.0      19.5156      0.0      19.5753  
   5000     25686.62     0.0       3.5028      0.0       3.783   
  10000     42118.46     0.0       2.2395      0.0       2.6351  
  15000     59285.66     0.0       1.9502      0.0       2.3806  
  20000     76258.34     0.0       1.8361      0.0       2.2463  
  25000     93500.58     0.0       1.7712      0.0       2.1573  
  30000    110862.93     0.0       1.7357      0.0       2.0999  
  35000    128152.75     0.0       1.6998      0.0       2.0385  
  40000    145356.37     0.0       1.6805      0.0       2.0077  
  45000    162654.84     0.0       1.6541      0.0        1.93   
  50000    180208.43     0.0       1.6324      0.0       1.8913  
