Generating synthetic count valued data ... 
Generating synthetic  count valued data took:  94.94580554962158
max_count =  71  min count =  0
Evaluation for true params: 
 test_rsme | train_rsme | rel-te-err | rel-tr-err |  test_nll  |  train_nll |
2.6875602319 2.6812497086   1.51845      1.516555    1476249.34   5913509.14 
Using  0.05 of training data
Factorizing with max_iteration = 12000  fixing covariance?:  False
Tensor dimensions:  [100, 100, 100]
Optimization metrics: 
Using Ada Grad
Mean update scheme:  S
Covariance update :  N
Using diagonal covariance?:  False
Random start? True
k1 samples =  32  k2 samples =  128
eta =  1.0  cov eta =  1.0  sigma eta =  1
iteration |   time   |test_rsme |rel-te-err|train_rsme|rel-tr-err|   d_mean  |   d_cov  |avg_grad_m|avg_grad_c| test_nll | train_nll |    VLB   |  E-term  |    KL     |   dw   |
    0         2.07     11.1655     6.9935    11.1447     6.9881     2.2361     0.1674     0.5467     0.5462   1424889.78 285508.21  -704128.0  -704102.315   25.467     0.0136  
    5        557.72    11.1665     6.9938    11.1454     6.988      2.2361     0.2664     5.518      4.9613   1426072.77 285430.11  -703771.0  -703747.65   23.036     0.0003  
    10      1121.24    11.1685     6.9949    11.1462     6.9881     2.2361     0.2668    10.3964    10.3657   1425291.46 285199.02  -703784.0  -703762.003   21.672     0.0005  
    20       1704.0    11.1741     6.9968    11.1494     6.9879     2.2361     0.2845    23.6626    23.8151   1425508.43  285051.3  -703080.0  -703059.734   19.907     0.0002  
    50       2346.5    11.1972     7.0067     11.159     6.9872     2.2361     0.2846    81.3243     80.166   1414260.46 282003.83  -703622.0  -703606.337   15.921      0.0    
   100      3074.88     11.226     7.0119    11.1326     6.9526     2.2361     0.2846    267.5408   271.8058  1421927.87 281366.49  -695434.0  -695402.031   32.319     0.0001  
   200      3952.78    10.3536     6.273     10.1853     6.1672     2.2315     0.1853   1082.1579   729.9551  1186570.32 232972.98  -464545.0  -464517.478   27.056     0.0001  
   300      4794.71     7.4631     4.264      7.2557     4.169      2.0854     0.0831   1453.9239  1334.7734  680140.72  132168.68  -165264.0  -165238.187   25.331     0.0001  
   400      5643.71     5.8215     3.377      5.5968     3.2629     1.8976     0.0461    520.4027   758.4455  510915.19   98719.11  -110618.0  -110594.211   23.819     0.0001  
   500      6524.25     5.1526     2.997      4.9175     2.8811     1.7171     0.044     275.315    611.7815  466160.68   90012.25  -101796.0  -101773.805   22.67      0.0001  
   600       7416.7     4.8011     2.8799     4.5638     2.7567     1.6318     0.0408    233.3019   598.6185  442459.09   85455.05   -94659.0  -94636.964   22.332     0.0001  
   700      8308.15     4.5421     2.6951     4.3029     2.5701     1.6961     0.0385    183.5509   581.9954  420623.79   81095.46   -89988.0  -89966.525   21.664     0.0001  
   800      9199.66     4.3558     2.6142     4.1295     2.4935     1.2396     0.0371    150.8884   568.3375  408445.32   79012.97   -87618.0  -87596.666   21.193      0.0    
   900      10092.8      4.24      2.549      4.0035     2.4189     1.5039     0.0346    135.9294   581.4519  401712.48   77534.42   -86036.0  -86015.098   21.192      0.0    
   1000     10986.59    4.1173     2.4766     3.8908     2.3522     1.1051     0.0333    117.873    564.5494  392228.57   75744.4    -84290.0  -84269.419   20.752      0.0    
   1100     11877.59    4.0779     2.4705     3.8503     2.3408     1.0858     0.0315    108.9133   610.1214  391801.59   75544.0    -84028.0  -84007.104   20.988      0.0    
   1200     12769.21    4.0343     2.4464     3.8038     2.3198     1.077      0.0299    104.9973   603.6685  389276.38   75131.78   -83609.0  -83587.966   20.789      0.0    
   1300     13661.72    3.987      2.4211     3.7595     2.288      0.9169     0.0288    98.6188    591.9457  385975.39   74382.96   -82815.0  -82794.924   20.331      0.0    
   1400     14555.78    3.9519     2.4006     3.7277     2.2701     1.2029     0.0271     92.842    588.6221  383427.98   73800.57   -82337.0  -82316.375   20.237      0.0    
   1500     15448.98    3.9314     2.4095     3.7099     2.2766     0.9629     0.027     91.3621    614.9271  384738.98   74054.52   -82465.0  -82445.551    19.8       0.0    
   1600     16341.14    3.8914     2.3718     3.6678     2.238      0.9047     0.0256     90.255    579.0271  380552.23   73086.67   -81649.0  -81629.377   19.521      0.0    
   1700     17236.37    3.8785     2.3664     3.6488     2.2292     0.7906     0.025     84.7999    615.4328  380086.47   73013.32   -81478.0  -81457.809   19.751      0.0    
   1800     18130.78    3.8655     2.3639     3.6392     2.2311     1.1652     0.025     86.7876    599.4339  379647.49   72856.62   -81397.0  -81376.654   20.208      0.0    
   1900     19024.59    3.8436     2.3514     3.6137     2.2109     0.8914     0.0229    77.5646    598.9909  378078.91   72536.02   -80746.0  -80725.656   19.99       0.0    
   2000     19918.2     3.8339     2.3438     3.5968     2.1983     0.7639     0.0232     71.26     597.6349  377308.61   72222.35   -80438.0  -80418.207   19.931      0.0    
   2100     20812.89    3.8255     2.3429     3.5888     2.1974     0.8615     0.0219    71.7435    598.6399   377190.8   72177.38   -80570.0  -80549.506   20.124      0.0    
   2200     21705.74    3.8268     2.3498     3.5842     2.1969     1.133      0.0218    74.9274    611.4598  378109.39   72165.71   -80319.0  -80299.378   19.861      0.0    
   2300     22596.6     3.8037     2.3269     3.5693     2.1772     0.8058     0.0201    73.5052    593.9358   375464.9   71726.97   -80028.0  -80008.27    19.846      0.0    
   2400     23489.23    3.8061     2.3364     3.5618     2.1808     0.562      0.0198    65.1591    599.6597  376375.84   71786.78   -79768.0  -79748.541   19.778      0.0    
   2500     24380.96    3.7832     2.3152     3.5481     2.1599      0.87      0.0193    63.4426    589.8979   374485.0   71404.17   -79644.0  -79624.49    19.858      0.0    
   2600     25272.17    3.799      2.338      3.5508     2.1752     0.7318     0.0191    63.7195    606.0829  376575.09   71679.54   -79693.0  -79672.892   19.849      0.0    
   2700     26164.31    3.7768     2.3143     3.532      2.1564     0.7019     0.0188     67.02     596.2257  374499.87   71255.45   -79482.0  -79461.776   20.184      0.0    
   2800     27055.9     3.7769     2.3115     3.5293     2.149      0.6334     0.0189    67.9985    590.2646  374418.84   71125.94   -79517.0  -79497.175   20.044      0.0    
   2900     27946.45    3.7853     2.3343     3.537      2.1703     0.6823     0.018     73.7476    607.0668  376090.26   71526.27   -79493.0  -79472.805   19.912      0.0    
   3000     28838.59    3.7701     2.2978     3.5208     2.132      0.7158     0.0168    73.0665    586.0601  373228.67   70825.2    -79213.0  -79192.61    20.015      0.0    
   3100     29730.64    3.7664     2.3158     3.5169     2.146      0.5924     0.0167    64.7144    599.9715  374198.55   71019.37   -78975.0  -78954.993   19.849      0.0    
   3200     30622.62    3.7641     2.3022     3.5135     2.1328     0.5783     0.0163    65.3879    585.6988  373230.88   70738.47   -79007.0  -78987.507   19.693      0.0    
   3300     31514.61    3.7594     2.3142     3.5106     2.1455     0.6826     0.0159    69.7942    602.845   374196.78   70958.38   -78969.0  -78949.65    19.548      0.0    
   3400     32405.67    3.7562     2.3017     3.494      2.1241     0.5563     0.0158    63.4181    593.3758  372939.72   70567.41   -78617.0  -78597.652   19.598      0.0    
   3500     33295.27    3.7483     2.3001     3.4973     2.1278     0.6448     0.016     60.8653    589.7675  372608.58   70570.76   -78614.0  -78594.717   19.162      0.0    
   3600     34183.97    3.7372     2.2915     3.4884     2.121      0.5991     0.0155    60.4834    597.7274  372167.69   70433.83   -78395.0  -78375.478   19.219      0.0    
   3700     35075.15    3.7453     2.2999      3.49      2.1252     0.5299     0.0148    62.8384    593.2037  372526.86   70519.44   -78450.0  -78430.533   19.284      0.0    
   3800     35966.0     3.7357     2.288      3.4856     2.1178     0.5899     0.0151    59.7542    582.2246  371840.04   70347.27   -78286.0  -78266.759   19.12       0.0    
   3900     36855.89    3.7374     2.2986     3.4776     2.1192     0.4912     0.0151     57.951    589.1632  372287.47   70341.87   -78194.0  -78174.822   19.348      0.0    
   4000     37745.27    3.7294     2.2826     3.4771     2.1069     0.6118     0.0142    56.0046    580.5761  371179.28   70126.97   -78073.0  -78053.418   19.686      0.0    
   4100     38632.89    3.7297     2.2895     3.4729     2.1117     0.5007     0.0139    58.2095    592.6404  371771.85   70188.72   -78017.0  -77996.959   19.542      0.0    
   4200     39521.33    3.7257     2.2881      3.47      2.1068     0.4613     0.0137    56.5278    586.9144  371230.73   70098.54   -77979.0  -77959.328   19.644      0.0    
   4300     40411.07    3.7254     2.2875     3.4652     2.1035     0.542      0.0136    59.6055    586.8887  371358.06   70048.04   -77912.0  -77892.295   19.968      0.0    
   4400     41301.02    3.7268     2.2916      3.46      2.1049     0.561      0.0136    62.9303    594.9216  371792.63   70105.1    -77956.0  -77936.671   19.77       0.0    
   4500     42190.82    3.7258     2.2851     3.4642     2.1019     0.558      0.0126    64.3595    581.5075  371212.69   69967.65   -77892.0  -77872.251   19.743      0.0    
   4600     43079.97    3.7203     2.2786     3.4547     2.092      0.6338     0.0126    61.7184     583.4    370594.28   69811.37   -77749.0  -77729.466   19.707      0.0    
   4700     43968.18    3.7167     2.2845     3.4518     2.0981     0.9932     0.0211    54.9993    603.9261  370906.39   69880.25   -77559.0  -77539.465   19.946      0.0    
   4800     44866.0     3.7229     2.2814     3.4543     2.0918     0.5675     0.0125    55.1567    582.5728  370732.08   69734.29   -77593.0  -77573.028   19.898      0.0    
