Generating synthetic count valued data ... 
Generating synthetic  count valued data took:  93.66450715065002
max_count =  69  min count =  0
Evaluation for true params: 
 test_rsme | train_rsme | rel-te-err | rel-tr-err |  test_nll  |  train_nll |
2.6963966696 2.7030940605   1.529215     1.532495    1477103.78   5915345.13 
Using  0.05 of training data
Factorizing with max_iteration = 12000  fixing covariance?:  False
Tensor dimensions:  [100, 100, 100]
Optimization metrics: 
Using Ada Grad
Mean update scheme:  S
Covariance update :  N
Using diagonal covariance?:  False
Random start? True
k1 samples =  32  k2 samples =  128
eta =  1.0  cov eta =  1.0  sigma eta =  1
iteration |   time   |test_rsme |rel-te-err|train_rsme|rel-tr-err|   d_mean  |   d_cov  |avg_grad_m|avg_grad_c| test_nll | train_nll |    VLB   |  E-term  |    KL     
    0         1.55     11.1808     7.0028    11.1484     6.985      2.2361     0.1901     0.6255     0.6576   1560267.72 311920.46  -693337.0  -693301.827   34.723   
    5        438.99     11.183     7.0036    11.1498     6.9853     2.2361     0.2646     5.2963     5.1549   1557033.88 311183.46  -693073.0  -693041.808   31.37    
    10       889.17    11.1867     7.0055    11.1521     6.9861     2.2361     0.2646    10.0747    10.2649   1551672.34  309986.8  -693394.0  -693365.756   28.533   
    20      1355.57    11.1964     7.0084     11.159     6.9867     2.2361     0.2845    24.0647     24.532   1544254.27 308430.11  -693326.0  -693301.393   24.91    
    50      1872.49     11.232     7.0209    11.1765     6.9838     2.2361     0.2846    79.9669    87.6927   1521749.2  302775.24  -693948.0  -693929.069   19.354   
   100      2465.24    11.2528     7.0025    11.1514     6.9314     2.2361     0.2846    267.6256   304.5873  1530614.17 303132.61  -689121.0  -689093.533   27.13    
   200      3181.53    10.1895     6.0888    10.0092     5.9767     2.2207     0.1789   1072.1544   774.3552  1223132.46 239931.16  -431407.0  -431377.248   29.576   
   300       3865.6     7.0975     4.0055     6.8525     3.8522     2.1235     0.0769   1338.0869  1275.2922  654864.39  125302.23  -145730.0  -145704.01   26.161   
   400      4568.01     5.7809     3.3562     5.5203     3.1951     1.9361     0.055     407.4077   614.8172  534615.25  102068.42  -109788.0  -109763.068   25.355   
   500      5308.91     5.2304     3.0271     4.9592     2.8707     1.797      0.0523    267.9962   570.0111  490725.72   93446.89   -99151.0  -99126.741   24.548   
   600      6057.62     4.8955     2.9047     4.6204     2.741      1.7879     0.0505    208.3017   537.0823  461383.65   87758.3    -91643.0  -91619.341   23.747   
   700      6806.74     4.5955     2.6655     4.311      2.5018     1.296      0.0441    156.8056   505.8317  434959.05   82508.58   -86514.0  -86490.069   23.478   
   800      7557.32     4.4302     2.6535     4.1514     2.4849     1.5815     0.043     144.2057   545.938   427859.27   81293.01   -84669.0  -84645.778   23.117   
   900      8307.98     4.2944     2.5305     4.0166     2.3645     1.4338      0.04     125.1108   556.0547  417281.37   79079.43   -82695.0  -82672.016   22.758   
   1000     9058.85     4.2282     2.5399     3.9454     2.3673     1.3559     0.055     116.3649   546.8165  415048.11   78718.46   -81928.0  -81905.498   22.515   
   1100     9809.36     4.1582     2.4828     3.8757     2.3142     1.3744     0.0353    117.1888   558.4665  412318.52   78092.83   -81604.0  -81581.422   22.248   
   1200     10559.44    4.126      2.4943     3.8398     2.323      1.1328     0.0359    116.3003   567.8514   411075.6   77907.53   -81099.0  -81076.994   21.715   
   1300     11309.04     4.07      2.4421     3.781      2.2662     1.2568     0.0354    108.0853   542.4995  406170.14   76703.1    -80025.0  -80003.454   21.327   
   1400     12061.18    4.011      2.4388     3.7236     2.2597     1.5036     0.0414    100.0533   553.5807  403640.49   76245.01   -79347.0  -79326.181   21.278   
   1500     12814.75    3.9859     2.4114     3.6961     2.2283     1.0651     0.0313    97.7596    578.9173  402983.22   75935.98   -79158.0  -79136.988   21.351   
   1600     13564.5     3.9629     2.4044     3.6703     2.222      1.0199      0.03     92.3361    552.9314  400633.76   75484.34   -78602.0  -78580.362   21.245   
   1700     14314.68    3.9398     2.3877     3.6442     2.2004     1.0424     0.0286    89.6601    570.3804  399142.44   75082.5    -78264.0  -78243.205   20.638   
   1800     15062.9     3.9029     2.3636     3.5998     2.1729     1.3104     0.029     83.9561    559.1625  396106.54   74254.3    -77397.0  -77375.905   20.624   
   1900     15811.25    3.8902     2.3594     3.5991     2.1743     0.9033     0.0273    75.1262    580.466   395044.39   74204.84   -77267.0  -77246.824   20.626   
   2000     16559.77    3.8775     2.353      3.5797     2.1627     0.8658     0.0263    78.3077    558.585   394660.05   73860.04   -77086.0  -77065.124   20.48    
   2100     17308.51    3.8689     2.3538     3.5696     2.1542     0.7894     0.0254    77.1639    598.6222  394371.38   73745.66   -76832.0  -76811.881   20.537   
   2200     18053.77    3.8488     2.3424     3.548      2.1469     0.7694     0.0253    71.9827    570.1856  391851.53   73330.63   -76331.0  -76310.445   20.438   
   2300     18793.0     3.8429     2.3214     3.5405     2.125      0.6883     0.0234    68.4417    570.8598  391920.83   73086.48   -76402.0  -76381.143   20.375   
   2400     19532.0     3.8519     2.3607     3.5447     2.1583     0.7848     0.0234    77.7154    598.8828  394231.79   73666.85   -76614.0  -76593.945   19.916   
   2500     20272.11    3.8199     2.3107     3.515      2.1094     0.6794     0.022     70.9403    545.0466  389558.73   72641.67   -75820.0  -75800.341   19.738   
   2600     21012.46    3.8171     2.3296     3.5053     2.1211     0.7229     0.0218    66.3408    596.2571  390530.45   72715.47   -75819.0  -75799.378   19.714   
   2700     21752.13    3.8091     2.316      3.4961     2.1074     0.9459     0.0222    70.3021    579.727   390932.13   72689.97   -75899.0  -75879.311   19.486   
   2800     22489.68    3.8081     2.3224     3.4909     2.1118     0.7877     0.0214    70.8537    588.0059  390168.72   72486.94   -75601.0  -75581.457   19.476   
   2900     23228.69    3.8046     2.3185     3.489      2.1054     0.9449     0.021     72.9474    573.2449  390615.47   72403.77   -75602.0  -75582.776   19.533   
   3000     23968.88     3.8       2.3201     3.4804     2.1027     0.7361     0.0194    75.0262    590.8708  390151.28   72344.74   -75492.0  -75472.166   19.339   
   3100     24707.4     3.7863     2.3064     3.4678     2.0907     0.8224     0.0204    71.4673    571.5723  388988.26   71941.28   -75085.0  -75066.065   19.224   
   3200     25446.65    3.7877     2.3075     3.4642     2.0868     0.6736     0.0182    63.6037    570.8142  388464.16   71854.13   -75063.0  -75043.312   19.246   
   3300     26187.33    3.7813     2.3024     3.452      2.0784     0.5751     0.0196    63.6867    581.7731  388676.21   71689.91   -74856.0  -74836.664   19.218   
   3400     26928.8     3.7845     2.3139     3.4523     2.0864     0.726      0.0189    68.6001    585.6955  388963.55   71909.67   -75058.0  -75038.776   19.16    
   3500     27669.57    3.7819     2.3078     3.4509     2.0798     0.7533     0.0177    71.9175    575.1421  388893.02   71644.33   -74850.0  -74830.964   19.015   
   3600     28412.4     3.7634     2.2924      3.43      2.063      0.4969     0.0178    65.3028    567.747    386422.5   71227.95   -74392.0  -74372.739   19.01    
   3700     29155.23    3.7688     2.2965     3.4345     2.0661     0.5702     0.0178    60.8139    579.6543  387583.55   71202.65   -74434.0  -74414.949   18.854   
   3800     29898.06    3.762      2.2912     3.4182     2.0557     0.561      0.0165    62.8348    576.4288  386815.61   71085.22   -74290.0  -74271.13    18.845   
   3900     30640.88    3.7628     2.2878     3.4167     2.0478     0.5351     0.0166    61.8668    572.5952  386737.14   70937.11   -74239.0  -74220.036   18.896   
   4000     31383.97    3.7637     2.2982     3.4204     2.0594     0.5993     0.0165    64.7889    585.2905  387455.35   71075.45   -74307.0  -74288.003   18.89    
   4100     32128.23    3.7627     2.2904     3.4121     2.0476     0.5694     0.0166    67.7888    574.0012  386557.35   70930.55   -74216.0  -74196.724   19.104   
   4200     32873.68    3.7595     2.2904     3.4096     2.047      0.6122     0.0162    69.9684    582.8273  386968.02   70821.66   -74153.0  -74134.279   19.173   
   4300     33617.51    3.7581     2.2894     3.4031     2.0461     0.7615     0.0162    67.7063    581.5834  386509.91   70787.95   -73992.0  -73972.677   19.114   
   4400     34363.12    3.7565     2.2905     3.4057     2.0466     0.7381     0.0158    68.7702    578.1964  386674.47   70800.87   -74034.0  -74015.266   19.169   
   4500     35106.2     3.7507     2.2856     3.3969     2.0378     0.5523     0.0151    70.4311    573.9743  385765.21   70610.81   -73894.0  -73874.981   18.916   
   4600     35850.74    3.744      2.2812     3.3892     2.0346     0.6019     0.0148    68.7158    579.7642  385466.78   70489.13   -73726.0  -73707.147   18.784   
   4700     36593.43    3.7441     2.2773     3.3884     2.0277     0.6074     0.0145     62.775    566.1025  384984.14   70248.97   -73590.0  -73570.941   18.768   
   4800     37338.7     3.7454     2.2824     3.3882     2.033      0.5011     0.0144    63.9536    589.1892  385051.42   70321.05   -73447.0  -73428.08    18.622   
   4900     38083.73    3.7408     2.2731     3.3745     2.0176     0.7559     0.0149    60.1355    559.7108  384305.86   70036.88   -73370.0  -73351.672   18.45    
   5000     38827.35    3.7393     2.2798     3.3796     2.029      0.5721     0.0142     58.764    586.6199  384502.81   70149.59   -73335.0  -73316.339   18.288   
   5100     39571.13    3.7407     2.2718     3.3781     2.0208     0.5352     0.0143    62.5163    559.3658  384178.03   70004.41   -73348.0  -73329.774   18.208   
   5200     40317.71    3.7404     2.2746     3.3764     2.0228     0.6277     0.0147     62.563    584.6789   383980.4   70046.56   -73342.0  -73323.246   18.429   
   5300     41061.52    3.7324     2.2702     3.3718     2.016      0.7367     0.0134    63.3754    576.0305  383765.94   69927.95   -73205.0  -73187.07    18.287   
   5400     41806.6     3.726      2.2639     3.3576     2.0056     0.4591     0.0133     58.565    566.3448  382954.12   69726.27   -73006.0  -72988.031   18.235   
   5500     42550.59    3.7332     2.2721     3.3698     2.0147     0.5386     0.0135    57.0441    581.6988  383117.16   69761.42   -73062.0  -73043.733   18.302   
   5600     43296.57    3.7267     2.2693     3.3618     2.0118     0.5457     0.0141    59.6978    579.975   383285.28   69751.0    -72947.0  -72928.56    18.206   
   5700     44040.21    3.7219     2.2601     3.3588     2.005      0.5212     0.0137    58.2327    563.8031  382419.12   69599.83   -72881.0  -72863.331   18.067   
   5800     44788.29    3.7216     2.2638     3.351      2.0013     0.6819     0.0129     55.712    581.9131  381758.66   69507.51   -72739.0  -72721.047   17.857   
   5900     45538.15    3.7182     2.2584     3.3474     1.9966     0.479      0.0124    54.4856    576.0043  381926.99   69386.25   -72676.0  -72658.387   17.945   
   6000     46286.54    3.7113     2.2558     3.3431     1.9933     0.5853     0.0125    54.2763    573.7629  381419.88   69338.53   -72590.0  -72572.183   18.262   
   6100     47032.78    3.7164     2.2596     3.3426     1.9978     0.5586     0.0125    57.5365    581.5036  381962.21   69415.61   -72640.0  -72622.137   18.236   
   6200     47780.02    3.7175     2.2558     3.3425     1.9897     0.4863     0.0124    59.6601    573.5542  381868.73   69261.18   -72579.0  -72560.28    18.222   
   6300     48528.59     3.72      2.2588     3.3435     1.9922     0.5448     0.0119    57.8239    581.0145  381594.08   69275.79   -72522.0  -72503.559   18.29    
   6400     49277.65    3.7182     2.2556     3.3392     1.9845     0.4447     0.0119    58.0595    566.9693  381555.56   69184.22   -72445.0  -72426.562   18.152   
   6500     50028.93    3.7115     2.2514     3.3338     1.9868     0.5478     0.0115    58.5142    580.4799  380909.09   69140.55   -72419.0  -72401.218   18.227   
   6600     50779.26    3.7087     2.2462     3.3351     1.9816     0.4474     0.0119    58.4055     573.16   380790.84   69090.27   -72451.0  -72432.351   18.231   
   6700     51527.83    3.711      2.2532     3.3363     1.9901     0.4787     0.0118    60.0002    574.4689  380701.44   69072.99   -72303.0  -72284.137   18.391   
   6800     52278.02    3.7118     2.2515     3.3351     1.9848     0.5004     0.011     59.3194    578.1725   381326.5   69065.72   -72380.0  -72361.461   18.356   
   6900     53029.08    3.7124     2.2534     3.325      1.9822     0.464      0.0112    59.3332    572.0042  380221.24   68923.99   -72196.0  -72178.045   18.206   
   7000     53778.11    3.7076     2.2519     3.3295     1.9832     0.6699     0.0118    55.8336    582.2744  380978.25   68961.81   -72257.0  -72239.414   18.037   
   7100     54527.76    3.7043     2.2497     3.3223     1.9812      0.51      0.0134    57.1402    571.1232  379880.41   68915.28   -72184.0  -72165.834   18.033   
   7200     55277.73    3.7022     2.2482     3.3213     1.9764     0.498      0.0106    56.5798    575.8379  379767.66   68839.38   -72061.0  -72042.768   17.986   
   7300     56026.37    3.707      2.2496     3.3247     1.9781     0.5696     0.0106    57.6586    578.3054   379990.2   68812.09   -72041.0  -72023.356   18.009   
   7400     56774.43    3.709      2.2486     3.3237     1.9768     0.509      0.0111    58.1815    571.8615  380212.02   68774.83   -72097.0  -72079.464   17.861   
   7500     57522.11    3.7049     2.2496     3.3176     1.9772     0.587      0.0112    60.7409    581.1835  379866.45   68808.45   -72039.0  -72021.069   18.082   
   7600     58271.7     3.6929     2.2406     3.3089     1.9654     0.4398     0.0101    58.3001    577.7233  378950.34   68614.57   -71853.0  -71835.096   18.331   
   7700     59021.5     3.6917     2.2425     3.3138     1.974      0.4745     0.0121    59.2515    586.2356  378914.19   68679.97   -71940.0  -71922.002   18.374   
   7800     59770.41    3.6943     2.2437     3.3133     1.9711     0.6208     0.0101    61.6377    574.2353  378856.43   68619.1    -71875.0  -71856.592   18.336   
   7900     60521.47    3.7008     2.2442     3.315       1.97      0.8392     0.011     61.3682    577.4494  379246.04   68669.48   -71927.0  -71908.641   18.358   
   8000     61271.39    3.7034     2.2504     3.3173     1.9782     0.5534     0.0095    66.6696    578.0658  379140.21   68681.62   -71905.0  -71887.066   18.352   
   8100     62019.39    3.6881     2.2356     3.3054     1.9646     0.4439     0.0102    62.2276    581.8651  377911.17   68428.15   -71690.0  -71671.595   18.284   
   8200     62767.94    3.6922     2.2377     3.3063     1.9656     0.5805      0.01     59.6957    578.1604  378340.53   68414.52   -71698.0  -71679.442   18.199   
   8300     63516.36    3.6868     2.2302     3.3023     1.9605     0.6067     0.013     60.8487     579.39   377757.65   68390.75   -71666.0  -71648.405   18.005   
   8400     64263.6     3.6905     2.2377     3.3032     1.9648     0.5346     0.0095    59.4631    579.845   377832.32   68364.44   -71618.0  -71599.738   18.157   
   8500     65012.54    3.6815     2.2254     3.2987     1.9551     0.4629     0.0096     58.203    578.4103  377517.58   68259.27   -71592.0  -71573.51    18.331   
   8600     65761.87    3.6852     2.2363     3.2996     1.962      0.7219     0.0157    63.2951    586.0365   378257.8   68385.43   -71620.0  -71601.525   18.165   
   8700     66510.37    3.6768     2.2231     3.2923     1.9536     0.4711     0.0131    60.8585    567.8037  377193.83   68154.81   -71470.0  -71451.651   18.353   
   8800     67260.18    3.6815     2.2368     3.2956     1.9638     0.5157     0.0117    61.0435    592.388   377988.57   68369.21   -71593.0  -71574.377   18.235   
   8900     68009.05    3.6729     2.2216     3.2903     1.9476     0.4224     0.0087    59.5081    569.9167  377118.95   68135.78   -71438.0  -71419.823   18.165   
   9000     68757.84    3.6773     2.2363     3.2961     1.9641     0.5411     0.0092    61.2726    592.5484  377526.46   68281.1    -71447.0  -71428.871   18.18    
   9100     69505.37    3.6696     2.2175     3.287       1.95      0.5014     0.0093    62.2245    564.8408  376320.08   68036.28   -71333.0  -71314.722   18.259   
   9200     70251.54    3.6745     2.2299     3.2842     1.9529     0.4326     0.009     59.8066    586.9361  376797.81   68170.7    -71310.0  -71291.467   18.196   
   9300     70999.99    3.663      2.2126     3.2782     1.9406     0.5042     0.011     57.4904    565.7459  375926.69   67938.44   -71210.0  -71192.103   18.183   
   9400     71747.6     3.6642     2.2186     3.284      1.9504     0.5495     0.0096    54.8725    585.4256  375801.74   68012.75   -71215.0  -71196.462   18.308   
   9500     72494.82    3.6679     2.2221     3.2858     1.9492     0.4768     0.0087    60.4711    582.1632  376501.61   68052.24   -71248.0  -71229.716   18.473   
   9600     73243.08    3.6699     2.2233     3.2806     1.9438     0.6239     0.0084    61.8281    585.4906  375942.61   68015.84   -71197.0  -71178.577   18.403   
   9700     73992.38    3.6603     2.2163     3.2782     1.9426     0.5342     0.0096    57.3612    580.6728  375399.03   67961.83   -71134.0  -71115.326   18.505   
   9800     74739.44    3.6648     2.2164      3.28      1.9418     0.4622     0.0087    58.1147    578.1187  375782.24   67904.15   -71169.0  -71150.02    18.548   
   9900     75487.5     3.6638     2.218      3.2825     1.9488     0.5186     0.0086    64.3094    582.9791   375923.8   67986.64   -71193.0  -71174.678   18.615   
  10000     76235.31    3.6544     2.2129     3.2736     1.9384     0.5131     0.0198    60.3735    575.1513   374914.3   67816.05   -71025.0  -71006.246   18.464   
  10100     76982.6     3.6583     2.2142     3.2697     1.9377     0.3575     0.0084    58.1918    581.214   375212.29   67764.35   -70945.0  -70926.645   18.523   
  10200     77729.96    3.6608     2.2146     3.277      1.9425     0.3766     0.0086    56.2968    579.2525  374812.07   67797.07   -70941.0  -70922.736   18.484   
  10300     78477.23    3.656      2.2118     3.2732     1.9372     0.418      0.0084    58.4404    574.7858  374700.27   67732.82   -70965.0  -70946.047   18.496   
  10400     79223.82    3.6504     2.2058     3.2679     1.9334     0.3991     0.0105    58.3369    581.0636  374288.58   67673.78   -70881.0  -70862.28    18.621   
  10500     79971.16    3.6547     2.2073     3.2656     1.9306     0.3907     0.0077    58.0646    573.6189  374505.51   67633.1    -70880.0  -70861.753   18.491   
  10600     80718.16    3.6584     2.2151     3.2698     1.9383     0.5042     0.0117    59.2035    582.9526  374394.74   67774.02   -70928.0  -70909.864   18.562   
  10700     81466.12    3.6502     2.2041     3.2645     1.9289     0.4969     0.0098    55.3654    573.9752  373804.87   67561.55   -70767.0  -70748.498   18.586   
  10800     82212.6     3.6474     2.2057     3.264      1.9309     0.3373     0.008     56.4301    579.5486  373804.52   67582.18   -70759.0   -70740.5    18.284   
  10900     82959.34    3.6477     2.2047     3.2639     1.931      0.3963     0.008     55.4316    576.7995  373429.15   67576.54   -70710.0  -70692.173   18.26    
  11000     83705.7     3.6482     2.2078     3.2611     1.9296     0.3623     0.0079    53.2703    582.5672  373574.47   67527.17   -70643.0  -70624.932   18.333   
  11100     84452.71    3.6469     2.2028     3.2636     1.9265     0.4683     0.0089    56.6289    579.4819  373763.19   67549.59   -70788.0  -70769.832   18.463   
  11200     85200.31    3.6403     2.2001     3.2606     1.9274     0.4134     0.0078    56.3375    578.4232  373272.36   67462.0    -70559.0  -70540.737    18.5    
