Generating synthetic count valued data ... 
Generating synthetic  count valued data took:  99.66250610351562
max_count =  71  min count =  0
Evaluation for true params: 
 test_rsme | train_rsme | rel-te-err | rel-tr-err |  test_nll  |  train_nll |
2.6875602319 2.6812497086   1.51845      1.516555    1476249.34   5913509.14 
Using  0.05 of training data
Factorizing with max_iteration = 12000  fixing covariance?:  False
Tensor dimensions:  [100, 100, 100]
Optimization metrics: 
Using Ada Grad
Mean update scheme:  S
Covariance update :  N
Using diagonal covariance?:  False
Random start? True
k1 samples =  32  k2 samples =  128
eta =  1.0  cov eta =  1.0  sigma eta =  1
iteration |   time   |test_rsme |rel-te-err|train_rsme|rel-tr-err|   d_mean  |   d_cov  |avg_grad_m|avg_grad_c| test_nll | train_nll |    VLB   |  E-term  |    KL     |   dw   |
    0         3.9      11.1652     6.9935    11.1443     6.988      2.2361     0.2846     0.4053   4896.6894  1167883.85 234086.31  -265583.0  -265557.73   25.559     0.0002  
    5        588.34    11.1651     6.9936     11.144     6.9879     2.2361     0.4761     4.5319   70949.6269 1167224.68 233481.52  -265560.0  -265536.095   23.555      0.0    
    10      1175.59    11.1651     6.9935    11.1436     6.9878     2.2361     0.773      8.7251   133561.3434 1166617.18 233426.28  -265216.0  -265194.132   22.164      0.0    
    20       1785.5    11.1645     6.9939    11.1404     6.9864     2.2361     3.7337    20.1913   362527.6315 1165644.11 233061.97  -264755.0  -264735.173   20.243      0.0    
    50      2483.35    11.1716     7.0237    11.1283     7.0029     2.2361    536.9493   70.5369   1387014.4539 1164231.15 232000.64  -263616.0  -263599.439   16.297      0.0    
   100      3274.82    11.1812     7.061     11.0842     7.0087     2.2361    536.9493   220.5722  49215887160.0314 1175731.94 232731.62  -263132.0  -263101.764   29.87       0.0    
   200      4282.25    11.0882     6.9553    10.9301     6.8741     2.2275    537.0258   460.7206  743853009458.1027 1164416.64  229747.7  -259779.0  -259753.076   26.416      0.0    
   300      5289.36    10.5802     6.4787    10.3499     6.3624     2.0565     6.1614    779.9305  73380692.1675 1053481.9  206503.45  -234205.0  -234182.381   22.48       0.0    
   400      6297.97     8.6038     4.9379     8.2857     4.7962     1.9843     0.8177    1164.699  53981725.9832 737746.71  142419.63  -160316.0  -160293.999   22.161      0.0    
   500      7298.89     6.5997     3.7372     6.264      3.588      1.8736     0.4294    650.0961  97418232.8302 536265.77  102922.37  -114643.0  -114620.801   22.427      0.0    
   600      8310.89     5.614      3.2254     5.2509     3.0605     1.5021     4.501     315.6811  89057846.1112 466841.87   89330.43   -99875.0  -99852.861   22.337      0.0    
   700      9357.65     5.1351     2.9538     4.7742     2.7875     1.6858     4.522     219.8217  45186420.9505 439954.64   84197.78   -94075.0  -94052.643   22.569      0.0    
   800      10395.07    4.852      2.8358     4.4831     2.6649     1.4744     2.2878    198.4995  177338814.0877 422139.82   80775.8    -90864.0  -90840.909   22.83       0.0    
   900      11444.5     4.5916     2.6749     4.2212     2.5013     1.4987     2.3163    156.5158  190507451.0364 403692.16   77377.29   -87368.0  -87345.049   22.912      0.0    
   1000     12495.96    4.446      2.5957     4.0746     2.4232     1.2182     0.8267    121.447   9664914903.1474 395713.82   75828.19   -85871.0  -85847.88    22.744      0.0    
   1100     13554.9     4.3197     2.5467     3.9552     2.3725     1.028      1.3083    110.046   47950656.7404 389607.95   74891.71   -84974.0  -84951.602   22.277      0.0    
   1200     14623.22    4.2358     2.4954     3.8727     2.3229     0.9421     1.367     94.9287   13318157.7824 386136.51   74130.32   -84167.0  -84145.102   22.129      0.0    
   1300     15692.8     4.1655     2.4676     3.8114     2.2928     0.973      0.8964    84.7021   22541967.8592 383638.12   73703.01   -83805.0  -83783.551   21.731      0.0    
   1400     16766.27    4.1303     2.451      3.7835     2.279      1.1422     0.9625    77.7504   25549711.0134 381205.74   73270.85   -83419.0  -83396.413   22.269      0.0    
   1500     17842.48    4.0667     2.4245     3.7254     2.252      0.7194     0.2023    74.4029   8084667.9954 379025.92   72981.09   -83054.0  -83031.058   22.476      0.0    
   1600     18918.04    4.054      2.4157     3.7238     2.2483     0.8318    16.3493    75.3527   22753767121.1095 379401.07   72952.01   -83113.0  -83090.987   22.511      0.0    
   1700     19985.3      4.01      2.3948     3.6774     2.2233     1.2986     16.401    83.1585   22521315122.2099 377409.76   72534.34   -82637.0  -82615.088   22.266      0.0    
   1800     21052.31    3.9849     2.3835     3.656      2.2126     0.9473     0.5391    65.4545   24044408.8502 376030.09   72368.22   -82478.0  -82455.297   22.579      0.0    
   1900     22122.39    3.9566     2.379      3.6284     2.2012     0.7649     1.2476    59.7299   8280573.4438 375452.88   72265.64   -82396.0  -82373.342   22.309      0.0    
   2000     23197.56    3.9423     2.3592     3.6136     2.1856     0.7745     1.3329    59.7173   31892702.7878 374100.63   71945.94   -82014.0  -81991.417   22.602      0.0    
   2100     24271.07    3.9267     2.3684     3.6063     2.1983     0.9502     0.4802    58.6305   15878491.4937 374004.02   72043.46   -82135.0  -82112.193   22.475      0.0    
   2200     25345.02    3.9154     2.3576     3.5943     2.1836     0.9461     1.341     61.8188   16705033.8728 373310.45   71785.79   -81859.0  -81836.173   22.343      0.0    
   2300     26421.35     3.9       2.3533     3.5908     2.1861     0.7864     2.5937    62.4605   24414701.7398 372757.58   71756.08   -81893.0  -81870.355   22.499      0.0    
   2400     27490.9     3.9002     2.3462     3.5829     2.1765     0.8102     2.6892    58.4817   23472435.0772 372405.29   71619.16   -81783.0  -81760.906   22.578      0.0    
   2500     28562.57    3.8861     2.3497     3.5797     2.1806     0.6865     2.0673     55.22    4608297.2055 373073.75   71685.07   -81832.0  -81809.831   22.356      0.0    
   2600     29637.0     3.8818     2.3457     3.5634     2.1701      0.7       0.393      54.673   26257209.7621 372708.04   71537.59   -81695.0  -81672.854   22.177      0.0    
   2700     30712.65    3.8603     2.3311     3.5417     2.1603     0.6289     0.5985    57.9612   5642290.8712 371403.41   71362.55   -81536.0  -81513.231   22.522      0.0    
   2800     31786.81    3.8482     2.3193     3.5358     2.1457     0.649      0.7347    58.4374   7709469.0999 371380.43   71296.95   -81387.0  -81364.364   22.372      0.0    
   2900     32861.11    3.8484     2.3368     3.5294     2.158      0.6325     0.3144    58.9209   8173778.1446 372019.27   71358.8    -81583.0  -81560.74    22.15       0.0    
   3000     33937.32    3.8485     2.3116     3.5284     2.1342     0.5461     2.1023    58.7063   10710931.3774 370563.36   71096.84   -81161.0  -81139.048   22.062      0.0    
   3100     35012.03    3.8308     2.3221     3.5217     2.1478     0.7857     2.2318    57.0769   7128919.1584 370660.17   71157.43   -81247.0  -81224.814   22.148      0.0    
   3200     36084.28    3.826      2.3095     3.5122     2.1326     0.5244     2.2575     54.176   19255163.2306 369793.44   70901.33   -81100.0  -81077.601   21.927      0.0    
   3300     37157.61    3.8424     2.3288     3.5237     2.1465     0.5116    19.5645    60.1127   186758012831.3978  372250.6   71415.79   -81665.0  -81642.63    22.08       0.0    
   3400     38222.76    3.8731     2.3398     3.5511     2.158      1.1611    19.8241    81.4177   45294307230.7091 372878.93   71330.57   -81478.0  -81456.601   21.884      0.0    
   3500     39275.48    3.8587     2.3312     3.5325     2.1452     0.516      3.9276     53.936   4315245.2187 372546.98   71262.18   -81393.0  -81371.138   21.689      0.0    
   3600     40338.41    3.8413     2.3206     3.5279     2.1384     0.6712     4.1086    57.6157   39620210.4577 371296.72   70967.57   -81138.0  -81116.456   21.617      0.0    
   3700     41398.05    3.8253     2.3199     3.5096     2.1316     0.5884     0.3433    52.2667   7915096.3662 371204.78   70901.06   -81076.0  -81054.608   21.817      0.0    
   3800     42465.36    3.8125     2.2997     3.4974     2.1179     0.5726     0.2036    52.6529   16442324.5616 369833.22   70676.86   -80776.0  -80754.726   21.734      0.0    
   3900     43534.87    3.8105     2.3108     3.4878     2.1176     0.5036     0.5936    48.1858   1084215.4755 370318.33   70638.96   -80859.0  -80837.266   21.612      0.0    
   4000     44611.44    3.8142     2.2994     3.4884     2.1091     0.4854     7.3396     49.72    16385471.0544 370402.53   70644.72   -80808.0  -80786.546   21.748      0.0    
