Generating synthetic count valued data ... 
Generating synthetic  count valued data took:  91.27445387840271
max_count =  71  min count =  0
Evaluation for true params: 
 test_rsme | train_rsme | rel-te-err | rel-tr-err |  test_nll  |  train_nll |
2.6799561564 2.6916005926   1.518405    1.52559625   1466478.05   5873781.97 
Using  0.05 of training data
Factorizing with max_iteration = 12000  fixing covariance?:  False
Tensor dimensions:  [100, 100, 100]
Optimization metrics: 
Using Ada Grad
Mean update scheme:  S
Covariance update :  N
Using diagonal covariance?:  False
Random start? True
k1 samples =  32  k2 samples =  128
eta =  1.0  cov eta =  1.0  sigma eta =  1
iteration |   time   |test_rsme |rel-te-err|train_rsme|rel-tr-err|   d_mean  |   d_cov  |avg_grad_m|avg_grad_c| test_nll | train_nll |    VLB   |  E-term  |    KL     |   dw   |
    0         2.09      11.155     6.989     11.1114     6.9658     2.2361     0.1535     0.6051     0.5052   1413356.53  282361.3  -702468.0  -702439.589   28.882     0.0024  
    5        560.24    11.1559     6.9892    11.1119     6.9659     2.2361     0.2624     6.0067     4.8667   1425673.03 284598.54  -700704.0  -700677.258   26.931     0.0024  
    10      1126.91    11.1577      6.99     11.1132     6.966      2.2361     0.2624    11.2315     9.8074   1425603.91 284699.89  -700814.0  -700788.941   25.069     0.0011  
    20      1712.18    11.1633     6.9914    11.1157     6.9649     2.2361     0.284      24.804    22.1964   1425798.8  284500.66  -700500.0  -700477.639   22.307     0.0001  
    50      2356.76    11.1864     6.9996    11.1249     6.9608     2.2361     0.2846    81.7701    79.6371   1412989.95 281105.24  -702271.0  -702253.595   16.918     0.0001  
   100      3086.72    11.1915     6.9738    11.0926     6.9087     2.2361     0.2846    284.6942   273.1292  1413230.6  279977.57  -688404.0  -688378.341   25.263      0.0    
   200       3965.6    10.0834     6.011      9.9262     5.9152     2.2178     0.1765   1215.8513   782.9584  1120974.76 219788.57  -418227.0  -418207.113   19.767      0.0    
   300      4810.92     7.1734     4.0627     6.9513     3.9429     2.0634      0.07    1354.0183  1236.3837  641613.31  124584.54  -153364.0  -153344.023   20.037     0.0002  
   400      5670.73     5.7597     3.2964     5.5187     3.1736     1.7734     0.0604    461.7874   719.6733  506083.24   97299.27  -110211.0  -110191.031   19.486     0.0001  
   500      6562.96     5.1706     3.0618     4.9201     2.9342     1.7718     0.0562    277.4558   615.6155  470865.99   90672.21  -102043.0  -102023.828   18.881     0.0001  
   600      7464.78     4.791      2.8417     4.5488     2.7202     1.609      0.0528    241.422    617.7879  438603.79   84389.17   -94111.0  -94092.32     18.5      0.0001  
   700      8368.85     4.5236     2.6899     4.2702     2.5593     1.5543     0.0473    184.0886   599.297   418164.73   80430.97   -89311.0  -89292.504   18.018     0.0001  
   800      9272.74     4.338      2.5783     4.1011     2.4598     1.4928     0.0431    137.3787   605.604    404302.4   77864.55   -86403.0  -86385.713   17.586     0.0001  
   900      10177.63    4.1975     2.5353     3.9648     2.4167     1.0682     0.0417    119.8999   598.0149  398698.15   76853.59   -85120.0  -85102.721   17.164      0.0    
   1000     11082.15    4.1093     2.4674     3.8794     2.3462     1.2621     0.0383    109.5652   611.9366  391704.89   75451.22   -84201.0  -84183.701   16.856      0.0    
   1100     11988.55    4.0643     2.4676     3.8342     2.3454     1.263      0.0377    104.9263   621.4425  392215.31   75553.0    -84096.0  -84079.045   16.696      0.0    
   1200     12894.23    4.0056     2.4408     3.7816     2.3187     1.1552     0.0356    103.0015   608.0346  387525.75   74670.49   -83118.0  -83101.954   16.393      0.0    
   1300     13797.81    3.9582     2.4171     3.7381     2.2944     1.2458     0.0337    93.8847    638.3614  385486.14   74264.15   -82748.0  -82731.958   16.227      0.0    
   1400     14693.23    3.9185     2.383      3.7014     2.2607     1.1243     0.0324    84.2326    617.7846  381869.13   73504.63   -82132.0  -82116.153   15.976      0.0    
   1500     15589.26    3.9072     2.3931     3.6874     2.2669     0.9038     0.0317    84.6783    636.4339  383491.87   73767.36   -82261.0  -82244.645   15.91       0.0    
   1600     16485.74    3.8723     2.3668     3.657      2.2364     0.8968     0.0311    85.8724    604.5174  380110.77   73058.48   -81848.0  -81832.655   15.661      0.0    
   1700     17382.76    3.8697     2.3782     3.6554     2.2529     0.8514     0.0287     83.934    649.7089  381883.19   73486.66   -81950.0  -81934.487   15.489      0.0    
   1800     18277.86    3.8491     2.3546     3.6255     2.2196     0.7511     0.0281     80.956    601.3778  378932.81   72704.5    -81455.0  -81439.417   15.172      0.0    
   1900     19174.26    3.8558     2.3727     3.6376     2.241      0.9563     0.0272    82.9818    642.202   381151.03   73219.53   -81724.0  -81709.003   15.07       0.0    
   2000     20069.47    3.8181     2.3387     3.5954     2.2053     0.9178     0.0269    78.1118    603.8181  377382.98   72297.46   -80979.0  -80963.963   14.889      0.0    
   2100     20968.75    3.8175     2.3456     3.5971     2.2119     0.7499     0.0247     72.752    635.7649  378432.83   72561.18   -81051.0  -81036.098   14.699      0.0    
   2200     21864.52    3.8206     2.357      3.5908     2.214      0.7116     0.0254    78.4341    611.5327  379501.96   72589.4    -81193.0  -81178.858   14.522      0.0    
   2300     22760.4     3.8104     2.3473     3.5808     2.2045      0.75      0.0238    77.7385    628.6643  378414.94   72372.35   -80822.0  -80807.228   14.523      0.0    
   2400     23656.07    3.7917     2.3285     3.5623     2.1854     0.8413     0.0237    79.2708    613.9817  377008.76   72012.55   -80807.0  -80792.627   14.644      0.0    
   2500     24550.78    3.8009     2.3454     3.5745     2.1995     0.6855     0.0221    73.1764    630.9948  378357.56   72278.23   -80671.0  -80656.059   14.633      0.0    
   2600     25448.78    3.7763     2.3173     3.5498     2.1723     0.6593     0.0214    79.6635    605.938   375446.05   71693.46   -80408.0  -80393.03    14.691      0.0    
   2700     26344.84    3.7824     2.3403     3.5528     2.1892     0.6981     0.0223    70.9379    637.0804  376938.98   71938.46   -80090.0  -80075.673   14.491      0.0    
   2800     27240.1     3.7673     2.3046     3.5355     2.1585     0.6991     0.0201    63.4805    604.1025  373912.35   71320.63   -79924.0  -79909.839   14.459      0.0    
   2900     28135.15    3.7701     2.3224     3.5374     2.1694     0.6213     0.0209    64.0941    636.0075  375708.26   71610.1    -79963.0  -79948.984   14.371      0.0    
   3000     29030.7     3.7671     2.3214     3.5285     2.1674     0.6265     0.0192    65.7112    615.9201  375156.91   71428.56   -79757.0  -79742.418   14.522      0.0    
   3100     29927.23    3.7726     2.3289     3.5289     2.1709     0.5599     0.0194    64.4211    637.0921  375776.03   71514.0    -79732.0  -79717.058   14.515      0.0    
   3200     30823.65    3.7644     2.3182     3.5216     2.1584     0.5657     0.0188     66.366    611.0097  374838.51   71257.34   -79558.0  -79543.423   14.452      0.0    
   3300     31721.26    3.767      2.3181     3.5262      2.16      0.645      0.0192    64.6326    620.3547  374764.12   71205.07   -79583.0  -79568.435   14.471      0.0    
   3400     32617.57    3.7574     2.3097     3.5174     2.1541     0.5967     0.0185    65.4508    619.0121  374360.59   71122.81   -79459.0  -79444.382   14.611      0.0    
   3500     33515.15    3.7556     2.3151     3.513      2.1543     0.7138     0.0169    63.2968    610.371   374332.73   71145.93   -79459.0  -79444.624   14.545      0.0    
   3600     34411.89    3.7594     2.3154     3.5146     2.1516     0.6019     0.0176    67.3159    627.2198  375043.82   71158.31   -79355.0  -79340.899   14.465      0.0    
   3700     35309.54    3.7505     2.3099     3.5008     2.1428     0.6741     0.0169    62.7005    598.796   374106.79   70895.74   -79151.0  -79136.934   14.444      0.0    
   3800     36207.0     3.7528     2.3124     3.5053     2.1454     0.5089     0.0176     59.344    623.8235  373872.84   70904.06   -78993.0  -78978.421   14.532      0.0    
   3900     37103.32    3.7363     2.2941     3.4892     2.1271     0.5644     0.0156    57.0594    605.1902  372790.13   70566.85   -78866.0  -78851.541   14.569      0.0    
   4000     37999.18    3.7411     2.303      3.4955     2.1366     0.4972     0.0155    59.6805    620.9786  373376.68   70678.57   -78879.0  -78863.97    14.642      0.0    
   4100     38896.53    3.7374     2.2962     3.4887     2.1312     0.5095     0.0152    56.8822    613.3984  372748.72   70553.58   -78709.0  -78694.499   14.689      0.0    
   4200     39793.54    3.7416     2.3001     3.491      2.1317     0.5412     0.0157    58.6069    610.3872  373008.79   70505.99   -78791.0  -78775.964   14.688      0.0    
   4300     40689.16    3.7441     2.307      3.492      2.1372     0.5206     0.0144    62.5803    613.493    373252.4   70597.05   -78695.0  -78680.257   14.778      0.0    
   4400     41585.28    3.7372     2.3029     3.4838     2.1279     0.4724     0.0149    60.7883    612.1428  373175.48   70519.89   -78560.0  -78545.263   14.733      0.0    
   4500     42483.55    3.7327     2.2955      3.48      2.127      0.5497     0.0152    60.1352    606.2275  372945.45   70479.6    -78710.0  -78695.381   14.676      0.0    
   4600     43379.53    3.7357      2.29      3.4793     2.1183     0.5693     0.0134    61.0745    607.7699  372295.85   70259.62   -78510.0  -78495.242   14.69       0.0    
   4700     44277.82    3.7356     2.3007     3.4784     2.1254     0.6382     0.0131    59.1965    608.5916  372889.59   70368.85   -78385.0  -78369.85    14.764      0.0    
   4800     45182.87    3.7229     2.2888     3.4731     2.1172     0.5902     0.0138    54.5147    601.4957  371932.11   70201.81   -78259.0  -78244.773   14.716      0.0    
   4900     46086.45    3.7233     2.2948     3.4727     2.1174     0.5048     0.0139    56.5546    616.5862  372154.46   70217.13   -78229.0  -78214.158   14.729      0.0    
   5000     46983.67    3.7199     2.2913     3.4678     2.1166     0.4284     0.0136    59.3363    606.8757   371766.0   70145.34   -78226.0  -78211.093   14.71       0.0    
   5100     47881.81    3.7209     2.2839     3.4622     2.1073     0.4438     0.0128    58.3543    606.5268  371367.77   69994.67   -78151.0  -78136.138   14.612      0.0    
   5200     48778.87    3.7187     2.2944     3.4562     2.1138     0.4296     0.0123    60.7215    609.7806  372340.01   70140.07   -78086.0  -78070.886   14.638      0.0    
   5300     49679.6     3.7237     2.2865     3.4596     2.1068     0.5771     0.0132    57.1842    595.4386  371594.12   69901.79   -78011.0  -77995.941   14.699      0.0    
   5400     50580.67    3.7267     2.297      3.4693     2.1159     0.5232     0.0121    59.2016    613.3208   372207.1   70062.7    -78058.0  -78043.307   14.594      0.0    
   5500     51481.17    3.7205     2.2883     3.4601     2.1051     0.553      0.0121    55.8113    600.3666  371537.91   69929.3    -77857.0  -77842.309   14.466      0.0    
   5600     52382.44    3.7219     2.2884     3.4615     2.1068     0.5817     0.0115    56.5377    603.2877   371829.2   69936.35   -77886.0  -77871.679   14.379      0.0    
   5700     53283.21    3.7127     2.2796     3.4427     2.0908     0.5005     0.0124    57.9141    594.3295  370807.57   69655.03   -77662.0  -77647.621   14.407      0.0    
   5800     54185.44    3.7132     2.2761     3.4466     2.0926     0.4925     0.0113    57.7433    605.5552  370684.46   69681.0    -77707.0  -77693.125   14.313      0.0    
   5900     55085.4     3.7058     2.2818     3.4414     2.0951     0.5798     0.011     56.1172    607.577   370988.27   69757.95   -77637.0  -77623.092   14.319      0.0    
   6000     55987.89    3.7066     2.272      3.4407     2.0844     0.3974     0.0108    55.2435    599.9405   370072.0   69508.6    -77600.0  -77585.445   14.381      0.0    
   6100     56886.86    3.7156     2.2811     3.4471     2.0926     0.5323     0.0105    52.8391    607.5142  371053.42   69597.54   -77614.0  -77599.236   14.35       0.0    
   6200     57786.03    3.7094     2.2787     3.4422     2.0902     0.4201     0.0109    52.9514    607.9931  370520.56   69559.92   -77478.0  -77463.609   14.335      0.0    
   6300     58686.64    3.7078     2.2675     3.4408     2.0815     0.467      0.0116    55.8048    597.0373  370259.19   69425.84   -77470.0  -77455.617   14.383      0.0    
   6400     59587.42    3.7105     2.2792     3.4389     2.0881     0.5715     0.0104     55.635    605.7422  370565.44   69505.64   -77356.0  -77342.155   14.343      0.0    
   6500     60489.25    3.711      2.276      3.434      2.0812     0.4854     0.0104    56.1918    591.9144  370328.95   69395.93   -77356.0  -77341.801   14.361      0.0    
   6600     61389.83    3.707      2.2748     3.4418     2.0858     0.4809     0.0101    54.5116    601.4705   369889.6   69400.3    -77293.0  -77278.97     14.3       0.0    
   6700     62289.11    3.7111     2.2817     3.4399     2.0858     0.4516      0.01     56.2335    599.8864  370471.04   69440.76   -77304.0  -77289.805   14.284      0.0    
   6800     63190.35    3.7015     2.2648     3.4276     2.0704     0.4593     0.0105    57.3324    593.0176  369492.97   69243.64   -77283.0  -77269.01    14.313      0.0    
   6900     64091.35    3.7081     2.2755     3.4339     2.0779     0.488      0.0103    57.1681    602.7561  370001.39   69319.56   -77199.0  -77185.097   14.304      0.0    
   7000     64991.47    3.7042     2.271      3.4261     2.0729     0.4897     0.0092    56.1549    598.9461  369534.19   69195.27   -77115.0  -77100.534   14.363      0.0    
   7100     65892.69    3.7016     2.2739     3.4323     2.0788     0.4612     0.0099    51.5753    604.3143  369833.77   69267.53   -77060.0  -77045.347   14.444      0.0    
   7200     66793.89    3.7095     2.2764     3.4323     2.0774     0.607      0.0144     51.246    596.7448  369919.75   69231.56   -77022.0  -77007.06    14.472      0.0    
   7300     67693.47    3.7002     2.2715     3.4271     2.0741     0.479      0.0091    53.4441    597.6185  369507.31   69187.05   -77020.0  -77005.672   14.486      0.0    
   7400     68592.71    3.7016     2.2699     3.429      2.0752     0.5176     0.0089    56.4057    589.434   369551.08   69162.93   -77031.0  -77016.343   14.484      0.0    
   7500     69491.78    3.6992     2.2738     3.4249     2.0747     0.4378     0.009     55.3627    594.6192  369760.38   69144.81   -76953.0  -76938.573   14.484      0.0    
   7600     70388.8     3.6905     2.2576     3.4222     2.063      0.4437     0.0089    55.2709    579.6474  368776.91   68956.1    -76908.0  -76893.146   14.481      0.0    
   7700     71288.46    3.6924     2.2749     3.4179     2.0753     0.4984     0.0091    56.9994    603.7981  369790.48   69152.32   -76844.0  -76829.277   14.571      0.0    
   7800     72187.83    3.6919     2.2629     3.416      2.0622     0.4446     0.0083    53.7511    593.8246  368861.24   68922.9    -76670.0  -76654.898   14.633      0.0    
   7900     73090.25    3.6989     2.2709     3.4222     2.0739     0.4401     0.0086    56.8505    596.7248  369403.88   69068.65   -76812.0  -76797.677   14.592      0.0    
   8000     73991.4     3.6951     2.2642     3.4145     2.0648     0.5284     0.0085    61.2642    587.2359  369058.78   68926.03   -76713.0  -76698.585   14.609      0.0    
   8100     74891.66    3.6895     2.2583     3.4087     2.0576     0.5132     0.0085    55.7053    588.6403  368370.66   68784.06   -76643.0  -76628.158   14.528      0.0    
   8200     75791.62    3.6943     2.2686     3.4155     2.0674     0.4705     0.008     53.6058    603.2978  368773.09   68948.79   -76601.0  -76586.855   14.525      0.0    
   8300     76692.36    3.6889     2.2623     3.4096     2.064      0.5328     0.0091    54.8466    594.8874  368556.44   68872.72   -76605.0  -76590.936   14.498      0.0    
   8400     77593.03    3.6787     2.2514     3.4048     2.0535     0.5936     0.008     55.7649    588.6427  367558.36   68721.68   -76540.0  -76525.797   14.411      0.0    
   8500     78493.46    3.6766     2.2454     3.3987     2.0459     0.4076     0.0084    53.5814    589.8297  367201.52   68616.01   -76497.0  -76482.442   14.508      0.0    
   8600     79391.84    3.6807     2.2607     3.4035     2.0588     0.4075     0.008     56.1343    601.9407  368338.45   68798.8    -76457.0  -76442.268   14.576      0.0    
   8700     80291.91    3.6765     2.2506     3.402      2.0516     0.4284     0.0083    55.8356    587.8248  367617.38   68644.54   -76414.0  -76399.088   14.597      0.0    
   8800     81193.21    3.681      2.2526     3.4021     2.0539     0.4036     0.008     55.3854    594.9852  367621.31   68696.46   -76377.0  -76362.794   14.63       0.0    
   8900     82092.87     3.68      2.248      3.4004     2.043      0.473      0.0094    53.3156    579.9599  367325.19   68564.02   -76337.0  -76322.706   14.67       0.0    
   9000     82994.03    3.6842     2.2661     3.4053     2.0626     0.4554     0.0092    54.8525    601.2243  368237.35   68805.39   -76354.0  -76339.524   14.605      0.0    
   9100     83894.12    3.6764     2.252      3.398      2.0467     0.4641     0.0077    52.6813    584.8987  367564.36   68565.43   -76236.0  -76221.161   14.647      0.0    
   9200     84796.27    3.6797     2.2537     3.3951     2.0476     0.4451     0.0075    54.5506    586.8639  367518.86   68550.7    -76190.0  -76174.903   14.718      0.0    
