min_count: 1
max_count: 863
Factorizing with max_iteration = 50000  fixing covariance?:  False
Tensor dimension: [53, 13438, 13438, 253]
Mean update: S
Cov update: N
Using diagonal covariance: True
k1 samples =  64  k2 samples =  64
eta =  1  cov eta =  1  sigma eta =  1
iteration |   time   |test_rsme|  d_mean  |   d_cov  |
    50       696.78    11.3237      5.0       0.467   
   100      17359.21   11.3094      5.0       0.467   
   150      33749.6    10.8647      5.0       0.467   
   200      50839.9     10.515      5.0       0.5056  
   250      68880.74   10.0315      5.0       0.554   
   300      88227.04    9.3306      5.0       0.554   
   350      104841.2    8.9408      5.0       0.554   
   400     121667.95    8.6503      5.0       0.554   
   450     153810.42    8.441       5.0       0.554   
   500     172678.37    8.1996      5.0       0.554   
   550     193487.47    7.5198      5.0       0.5139  
   600      212783.4    7.3513      5.0       0.5139  
   650     230607.16    7.2762      5.0       0.5139  
   700     246517.37    7.2083      5.0       0.5139  
   750     267090.24    7.2013      5.0       0.5139  
   800     285354.03    7.1819      5.0       0.5139  
   850     304923.08    7.2162      5.0       0.5139  
   900     321090.99    7.3017      5.0       0.5139  
