min_count: 1
max_count: 863
Factorizing with max_iteration = 50000  fixing covariance?:  False
Tensor dimension: [53, 13438, 13438, 253]
Mean update: S
Cov update: N
Using diagonal covariance: True
k1 samples =  64  k2 samples =  64
eta =  1  cov eta =  1  sigma eta =  1
iteration |   time   |test_rsme|  d_mean  |   d_cov  |
    50      1347.38    10.7455      5.0       0.467   
   100      35190.11   10.3882      5.0       0.467   
   150      57175.22    10.108      5.0       0.467   
   200      81112.69     9.74       5.0       0.5076  
   250     103663.32    9.4453      5.0       0.556   
   300     126052.82    8.9389      5.0       0.556   
   350     146519.18    8.7815      5.0       0.556   
   400     169812.32    8.7009      5.0       0.556   
   450     194602.08    8.6978      5.0       0.556   
   500     216712.36    8.7577      5.0       0.5545  
   550     238377.95    9.2136      5.0       0.5093  
   600     257582.09    9.8129      5.0       0.5093  
   650     276064.15   10.3698      5.0       0.5164  
   700     300320.12   10.8313      5.0       0.5164  
   750     322681.43   11.2943      5.0       0.5164  
