Generating synthetic binary valued data ... 
Generating synthetic  binary valued data took:  20.8414568901062
Evaluation for true params: 
 test_rsme | train_rsme | rel-te-err | rel-tr-err |  test_nll  |  train_nll |
0.5752216964 0.5837122579   0.08272      0.08518      24762.13     98334.13  
Using  0.05 of training data
Factorizing with max_iteration = 8000  fixing covariance?:  False
Tensor dimensions:  [50, 50, 50]
Optimization metrics: 
Using Ada Grad
Mean update scheme:  S
Covariance update :  N
Using diagonal covariance?:  True
k1 samples =  64  k2 samples =  64
eta =  1  cov eta =  1  sigma eta =  1
iteration |   time   |test_rsme |rel-te-err|train_rsme|rel-tr-err|  d_mean  |   d_cov  | test_nll | train_nll  
    50       47.24      0.9891     0.2446     0.9712     0.2358     3.1623     1.4866    13547.24   2638.43   
   100       138.07     0.8369     0.1751     0.8256     0.1704     3.1612     0.6274    35386.85   6970.76   
   200       276.22     0.7875     0.155      0.7843     0.1538     3.1431     0.2586    54248.01   10767.05  
   500       603.32     0.781      0.1525     0.7884     0.1554     2.5451     0.1033    70216.28   14312.87  
   1000     1113.44     0.781      0.1525     0.7884     0.1554     2.251      0.0766    70219.64   14312.87  
   1500     1623.27     0.781      0.1525     0.7884     0.1554     1.6333     0.0615    70219.64   14312.87  
   2000     2133.37     0.781      0.1525     0.7884     0.1554     2.114      0.0631    70219.64   14312.87  
   2500     2643.62     0.781      0.1525     0.7884     0.1554     1.493      0.0307    70219.64   14312.87  
   3000     3153.88     0.781      0.1525     0.7884     0.1554     1.4944     0.0377    70219.64   14312.87  
   3500     3664.28     0.781      0.1525     0.7884     0.1554     1.3622     0.0451    70219.64   14312.87  
   4000     4174.87     0.781      0.1525     0.7884     0.1554     1.5021     0.0287    70219.64   14312.87  
   4500     4685.55     0.781      0.1525     0.7884     0.1554     1.4371     0.0202    70219.64   14312.87  
   5000     5196.44     0.781      0.1525     0.7884     0.1554     1.0411     0.0183    70219.64   14312.87  
   5500     5707.39     0.781      0.1525     0.7884     0.1554     1.2364     0.0184    70219.64   14312.87  
   6000     6218.73     0.781      0.1525     0.7884     0.1554     1.0811     0.0253    70219.64   14312.87  
   6500     6729.75     0.781      0.1525     0.7884     0.1554     1.2907     0.0166    70219.64   14312.87  
   7000     7241.08     0.781      0.1525     0.7884     0.1554     0.9284     0.0154    70219.64   14312.87  
   7500     7752.21     0.781      0.1525     0.7884     0.1554     0.8993     0.0177    70219.64   14312.87  
   8000     8258.56     0.781      0.1525     0.7884     0.1554     1.0226     0.0207    70219.64   14312.87  
[41.52489448 41.59268045 41.32465412 41.52128474 41.58692795 41.35288303
 41.55015541 41.49723617 41.67436346 41.47387777 41.50436073 41.50723319
 41.56405457 41.64177617 41.49847976 41.61074805 41.52831582 41.47399257
 41.44612188 41.60362892]
[-25.78338268 -28.68710899  -9.86868114 -31.20807798 -29.68231747
 -29.91201833 -21.99785357 -30.34612957 -25.3650617  -29.82399334
 -12.76363262 -12.61437568 -27.82428152 -21.75865915 -29.18863072
 -29.60233788 -29.33658    -30.12234535 -29.07823227  12.67853739]
[40.83548148 40.86608008 40.98006653 40.86904991 41.14816887 40.79174213
 41.25222178 40.84464046 41.21015985 41.02608566 41.1788629  41.09430224
 39.70412812 41.18951871 40.32164056 41.15122135 41.03409471 40.81558536
 41.1243739  41.20843501]
