Generating synthetic binary valued data ... 
Generating synthetic  binary valued data took:  23.132710456848145
Evaluation for true params: 
 test_rsme | train_rsme | rel-te-err | rel-tr-err |  test_nll  |  train_nll |
0.4051666324 0.421615939    0.04104      0.04444      24176.61     96184.69  
Using  0.05 of training data
Factorizing with max_iteration = 8000  fixing covariance?:  False
Tensor dimensions:  [50, 50, 50]
Optimization metrics: 
Using Ada Grad
Mean update scheme:  S
Covariance update :  N
Using diagonal covariance?:  True
k1 samples =  64  k2 samples =  64
eta =  1  cov eta =  1  sigma eta =  1
iteration |   time   |test_rsme |rel-te-err|train_rsme|rel-tr-err|  d_mean  |   d_cov  | test_nll | train_nll  |   dw   |
    50       48.28      0.9983     0.2492     0.9541     0.2276     3.1623     1.4683    13076.48    2538.0      0.0    
   100       199.46     0.7391     0.1366     0.7408     0.1372     3.1618     0.6213    29885.01   5610.46      0.0    
   200       399.01     0.7369     0.1358     0.7414     0.1374     3.0879      0.26     52035.49   10012.4      0.0    
   500       790.03     0.7369     0.1358     0.7414     0.1374     2.5669     0.1083    62519.79   12655.01     0.0    
   1000     1366.25     0.7369     0.1358     0.7414     0.1374     1.9267     0.0733    62519.79   12655.01     0.0    
   1500     1943.15     0.7369     0.1358     0.7414     0.1374     1.7792     0.0565    62519.79   12655.01     0.0    
   2000     2521.06     0.7369     0.1358     0.7414     0.1374     1.5962     0.0429    62519.79   12655.01     0.0    
   2500     3097.51     0.7369     0.1358     0.7414     0.1374     1.6902     0.0389    62519.79   12655.01     0.0    
   3000     3673.96     0.7369     0.1358     0.7414     0.1374     1.1585     0.0364    62519.79   12655.01     0.0    
   3500     4250.46     0.7369     0.1358     0.7414     0.1374     1.6809     0.0252    62519.79   12655.01     0.0    
   4000     4827.81     0.7369     0.1358     0.7414     0.1374     1.4172     0.0261    62519.79   12655.01     0.0    
   4500     5405.82     0.7369     0.1358     0.7414     0.1374     1.2982     0.0276    62519.79   12655.01     0.0    
   5000     5982.92     0.7369     0.1358     0.7414     0.1374     1.3419     0.0181    62519.79   12655.01     0.0    
   5500     6561.11     0.7369     0.1358     0.7414     0.1374     1.0426     0.0408    62519.79   12655.01     0.0    
   6000     7138.59     0.7369     0.1358     0.7414     0.1374     1.0315     0.0158    62519.79   12655.01     0.0    
   6500     7715.44     0.7369     0.1358     0.7414     0.1374     0.9308     0.0437    62519.79   12655.01     0.0    
   7000     8293.16     0.7369     0.1358     0.7414     0.1374     1.0593     0.0315    62519.79   12655.01     0.0    
   7500     8871.44     0.7369     0.1358     0.7414     0.1374     0.9753     0.0229    62519.79   12655.01     0.0    
   8000     9450.17     0.7369     0.1358     0.7414     0.1374     0.9805     0.0171    62519.79   12655.01     0.0    
[41.80273056 41.92928254 41.8548556  41.85172816 41.79520019 41.80720147
 41.6223485  41.4294777  41.77083424 41.83573195 41.88405264 41.84118001
 41.82100897 41.89740396 41.87361288 41.79196665 41.7410968  41.8560814
 41.84958207 41.81790247]
[-30.13976452 -31.06085131 -29.97007234  22.62021019 -31.21399396
 -29.03193999  20.137103   -31.18045135 -28.42048726 -29.3364714
 -29.74173806 -29.74235143 -29.54247777   2.33739873 -23.8422996
 -30.40132786 -30.84650519 -28.82905553 -30.40114045 -31.04084441]
[40.84386004 40.73970348 40.77969582 41.11262784 40.70591371 40.78656216
 40.88358918 40.98133263 40.89455178 40.85197377 40.92836559 40.61226575
 40.89763271 39.77477056 40.87253036 39.39101094 40.90224095 40.85476632
 40.85594373 40.65045047]
