Generating synthetic binary valued data ... 
Generating synthetic  binary valued data took:  23.05282998085022
Evaluation for true params: 
 test_rsme | train_rsme | rel-te-err | rel-tr-err |  test_nll  |  train_nll |
0.4051666324 0.421615939    0.04104      0.04444      24176.61     96184.69  
Using  0.05 of training data
Factorizing with max_iteration = 8000  fixing covariance?:  False
Tensor dimensions:  [50, 50, 50]
Optimization metrics: 
Using Ada Grad
Mean update scheme:  S
Covariance update :  N
Using diagonal covariance?:  True
k1 samples =  64  k2 samples =  64
eta =  1  cov eta =  1e-05  sigma eta =  1
iteration |   time   |test_rsme |rel-te-err|train_rsme|rel-tr-err|  d_mean  |   d_cov  | test_nll | train_nll  |   dw   |
    50       116.06     1.4112     0.4978     1.3761     0.4734     3.1623   1962.4429   17379.49   3463.63     2.3782  
   100       336.33     1.2512     0.3914     1.2264     0.376      3.1387   3164.4511   16540.8    3287.42     0.4699  
   200       668.09     0.7848     0.154      0.803      0.1612     2.5775   2895.0503   8842.06    1709.37     0.0409  
   500      1452.79     0.7745      0.15      0.7621     0.1452     1.2199    67.6737    7594.87    1362.14     0.0007  
   1000     2688.56     0.7523     0.1415     0.5579     0.0778     1.052      1.639      7844.1     921.19     0.0003  
   1500     3923.39     0.7379     0.1361     0.3476     0.0302     0.848      0.615     8367.52     543.99     0.0001  
   2000      5157.9     0.7294     0.133      0.2227     0.0124     0.5839     0.3812    8844.24     379.5      0.0001  
   2500      6395.0     0.7317     0.1338     0.1673     0.007      0.8043     0.4076    9199.98     315.06      0.0    
   3000     7629.66     0.7324     0.1341     0.102      0.0026     0.454      0.1527    9268.56     284.24      0.0    
   3500     8862.21     0.7274     0.1323     0.0894     0.002      0.4679     0.198     9285.16     273.38      0.0    
   4000     10093.71    0.7321     0.134       0.08      0.0016     0.532      2.477      9199.3     275.36      0.0    
   4500     11325.37    0.7282     0.1326     0.0748     0.0014     0.589      7.8853    9192.27     286.12      0.0    
   5000     12555.93    0.7321     0.134      0.102      0.0026     0.5726    49.4065    9186.73     299.46      0.0    
   5500     13788.92    0.7345     0.1349     0.1833     0.0084     0.9231   1003.4483   9398.69     340.3       0.0    
   6000     15023.86    0.7366     0.1356     0.1697     0.0072     0.6501    29.6698    9249.97     358.29      0.0    
   6500     16253.13    0.7487     0.1401     0.2683     0.018      0.8045    365.6022   9611.46     456.92      0.0    
   7000     17471.3     0.7622     0.1452     0.3752     0.0352     0.9075    112.5056   9494.14     576.7       0.0    
   7500     18687.93    0.7686     0.1477     0.5261     0.0692     1.1059    412.454    9263.15     849.97      0.0    
   8000     19913.45    0.7727     0.1493     0.5755     0.0828     0.8508    230.6916   8709.85     952.6       0.0    
[ 3.31846916  0.57317133  0.1140382  -0.1921636  -0.51329203  0.62716738
  0.25756641  0.96767083  1.05638038  0.49818671  0.6258301  -0.05003558
  0.009209    0.71915778 -0.08085812  0.35805108  0.46941752  0.0168167
  3.96339197  0.04568063]
[ 1.14016188 -0.02255305  0.8215665  -0.02008032  0.07866993 -0.03610225
 -0.08667302 -0.05140903 -0.0347529  -0.15982539  0.16938238  1.08736966
  1.15639768 -0.0303722  -0.77124569  0.32824851 -0.03196761  0.05686175
 -0.04569158  0.17186   ]
[-0.55996973  0.53441222  0.56020367 -0.04707707 -0.0310305   0.12629324
  0.77570289  0.29704499 -0.19582534 -0.27190789 -0.0693258   0.70650217
  0.03460965  2.27767163 -2.01571383 -1.15715375  0.86495164  0.39239403
  2.78900434  1.31127793]
