Generating synthetic binary valued data ... 
Generating synthetic  binary valued data took:  20.660009145736694
Evaluation for true params: 
 test_rsme | train_rsme | rel-te-err | rel-tr-err |  test_nll  |  train_nll |
0.4051666324 0.421615939    0.04104      0.04444      24762.13     98489.55  
Using  0.05 of training data
Factorizing with max_iteration = 8000  fixing covariance?:  False
Tensor dimensions:  [50, 50, 50]
Optimization metrics: 
Using Ada Grad
Mean update scheme:  S
Covariance update :  N
Using diagonal covariance?:  True
k1 samples =  64  k2 samples =  64
eta =  1  cov eta =  1  sigma eta =  1
iteration |   time   |test_rsme |rel-te-err|train_rsme|rel-tr-err|  d_mean  |   d_cov  | test_nll | train_nll  
    50       47.35      0.998      0.249      0.9741     0.2372     3.1623     1.4866    13423.35   2608.67   
   100       138.42     0.8051     0.162      0.8085     0.1634     3.1608     0.6292    30846.16    5920.9   
   200       276.91     0.7372     0.1359     0.7408     0.1372     3.098      0.2517    49097.53   9396.73   
   500       605.36     0.7369     0.1358     0.7414     0.1374     2.5243     0.111     62519.79   12655.01  
   1000     1116.86     0.7369     0.1358     0.7414     0.1374     2.2512     0.0661    62519.79   12655.01  
   1500     1628.09     0.7369     0.1358     0.7414     0.1374     1.7015     0.0639    62519.79   12655.01  
   2000     2139.45     0.7369     0.1358     0.7414     0.1374     1.7589     0.0534    62519.79   12655.01  
   2500     2650.55     0.7369     0.1358     0.7414     0.1374     1.6427     0.0361    62519.79   12655.01  
   3000     3162.34     0.7369     0.1358     0.7414     0.1374     1.3582     0.0311    62519.79   12655.01  
   3500      3674.2     0.7369     0.1358     0.7414     0.1374     1.5163     0.038     62519.79   12655.01  
   4000     4186.37     0.7369     0.1358     0.7414     0.1374     1.3759     0.0354    62519.79   12655.01  
   4500     4698.42     0.7369     0.1358     0.7414     0.1374     1.4916     0.0337    62519.79   12655.01  
   5000     5210.69     0.7369     0.1358     0.7414     0.1374     1.0377     0.0608    62519.79   12655.01  
   5500     5722.78     0.7369     0.1358     0.7414     0.1374     1.0511     0.0196    62519.79   12655.01  
   6000     6231.11     0.7369     0.1358     0.7414     0.1374     1.1973     0.0218    62519.79   12655.01  
   6500     6739.14     0.7369     0.1358     0.7414     0.1374     1.3906     0.0189    62519.79   12655.01  
   7000     7247.02     0.7369     0.1358     0.7414     0.1374     1.1537     0.0189    62519.79   12655.01  
   7500     7755.31     0.7369     0.1358     0.7414     0.1374     0.9861     0.0202    62519.79   12655.01  
   8000     8263.57     0.7369     0.1358     0.7414     0.1374     0.9846     0.0139    62519.79   12655.01  
[41.68900212 41.70969217 41.60078624 41.72225389 41.77904763 41.63587088
 41.70621112 41.75058858 41.71801913 41.67858083 41.74289244 41.70064528
 40.3448335  41.7147687  41.65068813 41.83813041 41.98107295 40.27777774
 41.81469679 41.73945314]
[-24.67974094 -29.29000488   4.30906728 -32.25057665 -27.29768791
 -23.58979261 -25.99434924 -32.51738699   5.85038657 -30.19316702
 -28.49265469 -23.59331222 -15.04460094 -12.17774083 -28.84412161
 -29.57651372 -29.87267117 -20.54970315 -31.58706562 -13.27713017]
[41.10382492 41.27153226 41.17066334 40.9676794  41.08848857 41.08478194
 41.18455496 40.92662077 41.09471951 41.08982337 41.25443527 41.16777652
 41.28373977 41.20493238 41.19520642 41.11515004 40.06290889 41.23522317
 41.06119251 41.24250271]
