Generating synthetic binary valued data ... 
Generating synthetic  binary valued data took:  21.151018142700195
Evaluation for true params: 
 test_rsme | train_rsme | rel-te-err | rel-tr-err |  test_nll  |  train_nll |
0.1867618805 0.1879361594   0.00872      0.00883      24792.83     98454.9   
Using  0.05 of training data
Factorizing with max_iteration = 8000  fixing covariance?:  False
Tensor dimensions:  [50, 50, 50]
Optimization metrics: 
Using Ada Grad
Mean update scheme:  S
Covariance update :  N
Using diagonal covariance?:  True
k1 samples =  64  k2 samples =  64
eta =  1  cov eta =  1  sigma eta =  1
iteration |   time   |test_rsme |rel-te-err|train_rsme|rel-tr-err|  d_mean  |   d_cov  | test_nll | train_nll  |   dw   |
    50       47.55      0.945      0.2232     0.9372     0.2196     3.1623     1.4686    12776.16    2519.3      0.0    
   100       197.43     0.7221     0.1304     0.7261     0.1318     3.1619     0.6164    29159.98   5779.21      0.0    
   200       395.21     0.7178     0.1288     0.7228     0.1306     3.1307     0.2606    51259.53   10158.59     0.0    
   500       782.55     0.7178     0.1288     0.7233     0.1308     2.563      0.1175    59314.59   12047.13     0.0    
   1000     1353.46     0.7178     0.1288     0.7233     0.1308     2.0643     0.0798    59314.59   12047.13     0.0    
   1500     1924.02     0.7178     0.1288     0.7233     0.1308     1.6244     0.0593    59314.59   12047.13     0.0    
   2000      2494.9     0.7178     0.1288     0.7233     0.1308     1.4648     0.041     59314.59   12047.13     0.0    
   2500     3065.68     0.7178     0.1288     0.7233     0.1308     1.4293     0.0328    59314.59   12047.13     0.0    
   3000     3636.61     0.7178     0.1288     0.7233     0.1308     1.5605     0.0262    59314.59   12047.13     0.0    
   3500     4207.88     0.7178     0.1288     0.7233     0.1308     1.1903     0.0326    59314.59   12047.13     0.0    
   4000     4778.87     0.7178     0.1288     0.7233     0.1308     1.2299     0.027     59314.59   12047.13     0.0    
   4500      5350.0     0.7178     0.1288     0.7233     0.1308     1.0371     0.041     59314.59   12047.13     0.0    
   5000     5921.28     0.7178     0.1288     0.7233     0.1308     1.1119     0.0446    59314.59   12047.13     0.0    
   5500     6492.66     0.7178     0.1288     0.7233     0.1308     1.0435     0.0667    59314.59   12047.13     0.0    
   6000     7063.79     0.7178     0.1288     0.7233     0.1308     0.9787     0.0333    59314.59   12047.13     0.0    
   6500     7635.46     0.7178     0.1288     0.7233     0.1308     0.9322     0.0189    59314.59   12047.13     0.0    
   7000      8207.2     0.7178     0.1288     0.7233     0.1308     1.0633     0.0313    59314.59   12047.13     0.0    
   7500     8775.48     0.7178     0.1288     0.7233     0.1308     0.8529     0.029     59314.59   12047.13     0.0    
   8000     9342.71     0.7178     0.1288     0.7233     0.1308     0.9715     0.0314    59314.59   12047.13     0.0    
[41.6137554  41.71076702 41.70848468 41.87062947 41.71548766 41.78613504
 41.60360767 41.65234394 41.7445947  41.64827905 41.75861124 41.73861038
 41.66706957 41.80479658 42.08777039 41.61227484 41.56920162 41.70353244
 41.68032752 41.640372  ]
[-34.49722291 -35.33865696 -34.39270575 -33.44355116 -34.08392293
 -34.02224845 -33.81098174 -33.56570817 -33.71806281 -18.87072399
 -34.46535601 -33.92417558 -34.63612002 -34.08821741 -32.29349047
 -34.78119457 -34.16138067 -33.94784253 -34.45880746 -34.46678914]
[41.02446623 41.17522316 40.99989802 41.50584043 40.96968232 41.0161112
 41.04673146 41.01372885 40.93719222 41.03571605 40.90833902 41.04441136
 40.97846395 41.3859527  41.33383327 41.01862594 41.00123083 40.95426594
 40.97413737 40.9656919 ]
