Generating synthetic binary valued data ... 
Generating synthetic  binary valued data took:  11.002660989761353
Evaluation for true params: 
 test_rsme | train_rsme | rel-te-err | rel-tr-err |  test_nll  |  train_nll |
0.5752216964 0.5837122579   0.08272      0.08518      22932.17     91132.68  
Using  0.05 of training data
Factorizing with max_iteration = 8000  fixing covariance?:  False
Tensor dimensions:  [50, 50, 50]
Optimization metrics: 
Using Ada Grad
Mean update scheme:  S
Covariance update :  N
Using diagonal covariance?:  True
k1 samples =  64  k2 samples =  64
eta =  1  cov eta =  1  sigma eta =  1
iteration |   time   |test_rsme |rel-te-err|train_rsme|rel-tr-err|  d_mean  |   d_cov  | test_nll | train_nll  |   dw   |
    50        45.1      1.0505     0.2759     1.0167     0.2584     3.1623     1.4682    14150.28    2699.6      0.0    
   100       186.54     0.8191     0.1677     0.794      0.1576     3.1589     0.6263    29349.85   5485.02      0.0    
   200       373.06     0.7819     0.1528     0.7725     0.1492     3.1005     0.2527    52194.01   10370.92     0.0    
   500       737.05     0.781      0.1525     0.7884     0.1554     2.585      0.1004    69343.61   14049.3      0.0    
   1000     1269.27     0.781      0.1525     0.7884     0.1554     2.0136     0.0668    70219.64   14312.87     0.0    
   1500     1800.35     0.781      0.1525     0.7884     0.1554     1.6249     0.0539    70219.64   14312.87     0.0    
   2000     2331.48     0.781      0.1525     0.7884     0.1554     1.7813     0.0471    70219.64   14312.87     0.0    
   2500      2863.3     0.781      0.1525     0.7884     0.1554     1.6338     0.0471    70219.64   14312.87     0.0    
   3000     3395.34     0.781      0.1525     0.7884     0.1554     1.2764     0.0258    70219.64   14312.87     0.0    
   3500     3927.39     0.781      0.1525     0.7884     0.1554     1.7291     0.0249    70219.64   14312.87     0.0    
   4000      4459.0     0.781      0.1525     0.7884     0.1554     1.4159     0.0308    70219.64   14312.87     0.0    
   4500     4990.46     0.781      0.1525     0.7884     0.1554     1.2514     0.0211    70219.64   14312.87     0.0    
   5000      5522.3     0.781      0.1525     0.7884     0.1554     1.0784     0.0219    70219.64   14312.87     0.0    
   5500     6050.94     0.781      0.1525     0.7884     0.1554     1.0819     0.0219    70219.64   14312.87     0.0    
   6000     6578.98     0.781      0.1525     0.7884     0.1554     0.9953     0.016     70219.64   14312.87     0.0    
   6500     7106.65     0.781      0.1525     0.7884     0.1554     0.9154     0.0223    70219.64   14312.87     0.0    
   7000     7634.97     0.781      0.1525     0.7884     0.1554     0.9514     0.016     70219.64   14312.87     0.0    
   7500     8163.41     0.781      0.1525     0.7884     0.1554     1.0056     0.035     70219.64   14312.87     0.0    
   8000      8690.5     0.781      0.1525     0.7884     0.1554     0.9891     0.0182    70219.64   14312.87     0.0    
[42.00596562 41.40943719 41.29838973 41.37371522 41.63568648 41.61594029
 41.23709129 41.52491232 41.57461949 41.37602334 41.4081097  41.47176433
 40.40428048 41.33984903 41.40879125 41.27240304 41.24676062 41.5613711
 41.30725658 41.34624024]
[-20.59405028 -26.89579619  -7.24291231  18.05081704 -29.48615563
 -28.97066719   8.33631387 -31.12435487 -32.3192672  -29.92839685
 -32.02123625 -32.47278324 -21.37430592 -30.83848204 -28.32457546
 -27.17392283 -32.06916002 -27.9553481  -30.07681096 -29.2363497 ]
[39.25131703 41.37217007 41.23948019 41.64597058 41.24533918 41.06933986
 41.37819056 41.3435526  41.26014463 41.13970212 41.36834743 41.04009989
 41.71724468 39.87745555 41.29882337 41.43473517 39.75480458 41.32327836
 41.1805153  41.43598671]
