Generating synthetic binary valued data ... 
Generating synthetic  binary valued data took:  24.335387468338013
Evaluation for true params: 
 test_rsme | train_rsme | rel-te-err | rel-tr-err |  test_nll  |  train_nll |
0.1867618805 0.1879361594   0.00872      0.00883      24792.83     98454.9   
Using  0.05 of training data
Factorizing with max_iteration = 8000  fixing covariance?:  False
Tensor dimensions:  [50, 50, 50]
Optimization metrics: 
Using Ada Grad
Mean update scheme:  S
Covariance update :  N
Using diagonal covariance?:  True
k1 samples =  64  k2 samples =  64
eta =  1  cov eta =  1e-05  sigma eta =  1
iteration |   time   |test_rsme |rel-te-err|train_rsme|rel-tr-err|  d_mean  |   d_cov  | test_nll | train_nll  |   dw   |
    50       116.05     1.3707     0.4697     1.3485     0.4546     3.1623    718.0333   17188.5    3414.89      0.0    
   100       334.77     0.8393     0.1761     0.8256     0.1704     3.1473   3738.3075   11497.06   2266.93     0.3787  
   200       666.59     0.8455     0.1787     0.8222     0.169      2.4811   2190.5859   8806.69    1564.28     0.026   
   500      1445.57     0.7345     0.1349     0.6306     0.0994     1.2238    224.2469   7713.06    1084.82     0.0001  
   1000     2676.31     0.7039     0.1239     0.4907     0.0602     0.9257     0.6851    7440.58     746.34     0.0001  
   1500     3902.65     0.6799     0.1156     0.3175     0.0252     0.6732     0.3574    7153.23     496.83      0.0    
   2000     5131.72     0.684      0.117      0.2098     0.011      0.639      0.3663    7327.32     369.96      0.0    
   2500     6361.74     0.6873     0.1181     0.1523     0.0058     0.5016     0.4907     7565.1     312.11      0.0    
   3000     7590.43     0.697      0.1214      0.12      0.0036     0.5789     0.2037    7855.72     283.12      0.0    
   3500     8817.92     0.6975     0.1216     0.1166     0.0034     0.5113     1.0757     8060.5     274.78      0.0    
   4000     10043.46    0.7034     0.1237     0.147      0.0054     0.6658    98.4023     8533.1     289.02      0.0    
   4500     11265.65    0.7131     0.1271     0.1497     0.0056     1.4051    428.0144   9271.54     281.03      0.0    
   5000     12490.14    0.7221     0.1304     0.2668     0.0178      1.2      254.2937   9495.11     384.04      0.0    
   5500     13712.07    0.7386     0.1364     0.398      0.0396     1.0087   1413.6718   9546.09     582.03      0.0    
   6000     14936.27    0.7267     0.132      0.4147     0.043      1.0793    830.273    8668.35     678.12      0.0    
   6500     16155.29    0.7197     0.1295     0.3262     0.0266     0.5672   1042.3643   8373.95     546.72     0.0001  
   7000     17364.39    0.7198     0.1295     0.3655     0.0334     0.8485    211.5926    8073.9     585.6      0.0001  
   7500     18574.61    0.7242     0.1311     0.402      0.0404     0.7045    82.4416    8116.91     654.23     0.0001  
   8000     19787.41    0.7348     0.135      0.5083     0.0646     1.1728   36946.9012  8227.02     806.78      0.0    
[ 1.14583567  4.39370411  1.70873288 -0.03720461  0.68287517  0.60081292
  1.05232851  0.14762452  0.11309561  0.77692848  0.36990872 -0.05605841
  0.84223811  1.27139359  0.7185326  -0.17693468  0.93293306  0.16231201
  0.63817218  1.02718772]
[-0.07665191 -0.12425555  0.274839    0.05252266 -0.17922076  0.17294149
  0.01487578  0.01152304 -0.13480733  0.04410089  0.28471826 -0.13024252
  0.02767342  0.16517775 -0.01325817 -0.01310202 -0.08658681  0.26936365
  0.00107607  0.60334261]
[ 3.47937387  3.85452279 -0.03529283  0.80477266 -0.62147881 -0.19809436
 -0.10395379  1.43428261 -0.19648669  0.23663719  1.14007679  0.8587572
  0.98057592  0.93076366 -0.17977086  2.72733297  0.8767693   0.47552678
  0.44570338 -0.23376696]
