Generating synthetic binary valued data ... 
Generating synthetic  binary valued data took:  10.740030527114868
Evaluation for true params: 
 test_rsme | train_rsme | rel-te-err | rel-tr-err |  test_nll  |  train_nll |
0.5752216964 0.5837122579   0.08272      0.08518      22932.17     91132.68  
Using  0.05 of training data
Factorizing with max_iteration = 8000  fixing covariance?:  False
Tensor dimensions:  [50, 50, 50]
Optimization metrics: 
Using Ada Grad
Mean update scheme:  S
Covariance update :  N
Using diagonal covariance?:  True
k1 samples =  64  k2 samples =  64
eta =  1  cov eta =  1e-05  sigma eta =  1
iteration |   time   |test_rsme |rel-te-err|train_rsme|rel-tr-err|  d_mean  |   d_cov  | test_nll | train_nll  |   dw   |
    50       84.35      1.3367     0.4467     1.3273     0.4404     3.1623    539.7311   17057.01   3406.25    39.2958  
   100       260.8      0.8332     0.1736     0.8295     0.172      3.1424   6850.8967   12208.75   2393.94     1.1256  
   200       518.03     0.8876     0.197      0.8386     0.1758     2.4159   118067.5431  10367.06   1694.73     0.0343  
   500      1102.41     0.8184     0.1674     0.6419     0.103      1.3304    33.6287    9608.42    1094.73     0.0001  
   1000     2016.25     0.7894     0.1558     0.4699     0.0552     1.179      1.2037     9431.0     809.2      0.0001  
   1500     2941.43     0.7875     0.155      0.3441     0.0296     0.8655     1.0159    9870.65     548.53      0.0    
   2000     3865.29     0.7952     0.1581     0.2514     0.0158     0.7853     1.7445    10633.91    461.37     0.0001  
   2500     4813.81     0.8063     0.1625     0.2263     0.0128     1.1641    51.9626    11176.83    420.04     0.0001  
   3000     5766.36     0.8211     0.1686     0.3499     0.0306     1.3586    172.981    13489.38    512.73     0.0002  
   3500     6696.42     0.8406     0.1766     0.401      0.0402     1.7821   30143.3149  14833.61    589.8      0.0001  
   4000     7615.43     0.8194     0.1678     0.3878     0.0376     0.8825    93.1207    12401.12    611.52     0.0001  
   4500     8537.61     0.8172     0.167      0.2786     0.0194     0.6346    145.9126   12567.26    485.62     0.0001  
   5000     9448.22     0.8228     0.1692     0.2449     0.015      0.7025    391.9315   12032.61    470.8      0.0001  
   5500     10386.17    0.824      0.1698     0.2349     0.0138     0.841     22.2602    12359.38    443.11      0.0    
   6000     11310.06    0.8237     0.1696     0.2209     0.0122     0.4191    29.8437    12090.72    457.54      0.0    
   6500     12242.23    0.8155     0.1663     0.3111     0.0242     0.7225    149.9363   11249.72    544.66      0.0    
   7000     13168.88    0.8128     0.1652     0.3418     0.0292     0.6882    16.9259    10452.86    601.94      0.0    
   7500     14113.49    0.8178     0.1672     0.4707     0.0554     0.9436   2016.2598   10037.79    803.0       0.0    
   8000     15014.12    0.8062     0.1625     0.4767     0.0568     0.7478   2300.6294   9412.66     870.02      0.0    
[ 0.87301039  0.71108193  0.20827306  0.06619715  0.12461504  0.39693905
  0.06264263  0.23441013  0.3127892   0.82277247  1.28542471  0.73072011
 -0.12740129 -0.16712392  0.5737199   0.06226941  2.27326469  0.33801124
  0.73916442  0.67773631]
[ 0.46506274  0.10185083  2.9706715   0.05123774  0.55247954 -0.41222941
 -2.977954    0.01754939  0.15071613  0.03572825  0.27761062 -0.00846299
 -1.05134864  0.91103631  0.06668667  2.13124872 -0.1232452   0.06551488
  0.04273791  0.01389517]
[ 0.43283029 -0.15395828  0.03364044  0.22037874 -0.01201599 -1.67399201
  0.931768    0.13874063  0.02511327  0.45890829 -0.69614274  0.5704105
  1.83874398  1.33411143  0.66281784  1.84527625  4.0004387   1.64083866
  0.27868324  1.27304738]
