Generating synthetic count valued data ... 
Generating synthetic  count valued data took:  21.06581711769104
max_count =  49  min count =  0
Evaluation for true params: 
 test_rsme | train_rsme | rel-te-err | rel-tr-err |  test_nll  |  train_nll |
2.9746545037 2.9574624556 1.9297919746  1.91721489   167707.12    670217.66  
Using  0.05 of training data
Factorizing with max_iteration = 8000  fixing covariance?:  False
Tensor dimensions:  [50, 50, 50]
Optimization metrics: 
Using Ada Grad
Mean update scheme:  S
Covariance update :  N
Using diagonal covariance?:  True
k1 samples =  64  k2 samples =  64
eta =  1  cov eta =  1  sigma eta =  1
iteration |   time   |test_rsme |rel-te-err|train_rsme|rel-tr-err|  d_mean  |   d_cov  | test_nll | train_nll  
    50        55.0     10.0643     6.7562     10.16      6.7936     0.3162     0.2901   102372.69   20514.56  
   100       193.54    10.1125     6.7687    10.2011     6.799      0.2796     0.2136   106479.34   21369.42  
   200       385.84     10.187     6.7827    10.2818     6.8185     0.2194     0.1417   113017.91   22642.64  
   500       791.68    10.3122     6.815     10.3966     6.8467     0.163      0.0697   126861.55   25343.68  
   1000     1410.19    10.1379     6.6662    10.2204     6.6983     0.2049     0.0373   120977.83   24316.66  
   1500     2030.83     7.3457     4.8629     7.4225     4.8768     0.2011     0.0247    64449.41   12936.84  
   2000     2653.97     9.4498     6.8345     9.5171     6.8841     0.1587     0.0182    76254.5    15156.83  
   2500     3279.72    21.1571    16.5226    21.1625    16.5087     0.1292     0.0147   146856.15   29043.82  
   3000     3902.92    36.9422    29.2464    36.9194    29.2126     0.1122     0.0124   239863.91   47768.46  
   3500     4525.81    56.6362    44.8092    56.6493    44.8088     0.1036     0.0106    289790.1   57699.65  
   4000      5143.6    81.0068    64.0034    80.9056    63.8913     0.0982     0.0091   297348.79   59281.41  
   4500      5759.8    110.9365   87.5095    110.9058   87.4494     0.0944     0.0079   300218.79   59851.54  
   5000     6377.26    147.4378   116.2796   147.4286   116.2461    0.092      0.007    303651.87   60450.55  
   5500     6995.92    191.4497   150.9484   191.3612   150.8467    0.0901     0.0063   307149.24   61243.67  
   6000     7617.44    243.7971   192.3012   243.6483   192.1556    0.0886     0.0057   310499.37   61940.24  
   6500     8240.69    304.4693   240.2697   304.4981   240.2411    0.1167     0.0053   313181.84   62444.94  
   7000     8863.64      inf        inf        inf        inf       0.0885     0.005       nan        nan     
   7500     9486.29      inf        inf        inf        inf       0.0891     0.0047      nan        nan     
   8000     10106.15     inf        inf        inf        inf       0.1037     0.0044      nan        nan     
[2.55833518 2.18258308 2.36534833 2.53746558 2.51044904 1.62388594
 1.99911126 2.05133683 2.11511705 2.60825792 2.19419884 2.35068168
 2.01962105 2.75843711 2.51105828 2.05113797 1.75990631 2.53701417
 2.19217329 2.14133634]
[3.35781932 3.28717588 3.31718028 3.36434638 3.195768   2.99858607
 3.26246766 3.29331628 3.19864258 3.3956651  3.3077585  3.3070578
 3.04038121 3.37448906 3.41855468 3.20287505 3.29138965 3.51506385
 3.32874225 3.18357078]
[3.39431954 3.29210258 3.42690581 3.30420793 3.11070996 3.14767164
 3.249127   3.23048042 3.28230581 3.38993266 3.10400728 3.55336209
 3.16076829 3.41083026 3.32927571 3.13339356 3.21946205 3.38556197
 3.31920395 3.2867805 ]
