Generating synthetic count valued data ... 
Generating synthetic  count valued data took:  25.432737350463867
max_count =  40  min count =  0
Evaluation for true params: 
 test_rsme | train_rsme | rel-te-err | rel-tr-err |  test_nll  |  train_nll |
0.7915550353 0.7891646734 0.5042172629 0.5014567524  164761.16    656881.41  
Using  0.05 of training data
Factorizing with max_iteration = 8000  fixing covariance?:  False
Tensor dimensions:  [50, 50, 50]
Optimization metrics: 
Using Ada Grad
Mean update scheme:  S
Covariance update :  N
Using diagonal covariance?:  True
k1 samples =  64  k2 samples =  64
eta =  1  cov eta =  1  sigma eta =  1
iteration |   time   |test_rsme |rel-te-err|train_rsme|rel-tr-err|  d_mean  |   d_cov  | test_nll | train_nll  
    50       54.37      9.6646     6.5646      9.68      6.5441     0.3162     0.2901    99883.85   19999.83  
   100       191.68     9.7103     6.5697     9.7344     6.5607     0.2842     0.2137   103951.62   20964.79  
   200       382.11     9.7856     6.5891     9.8133     6.5848     0.2328     0.1416   110698.08   22125.02  
   500       783.76     9.9113     6.6275     9.9223     6.6123     0.1673     0.0697   124650.85   24703.22  
   1000     1396.36     9.5135     6.2902     9.5324     6.2774     0.2184     0.038    107151.69   21289.48  
   1500     2010.37     6.1064     3.9332     6.1374     3.9317     0.1962     0.0243    55414.78   11063.83  
   2000     2627.59    10.7935     7.6104    10.9106     7.6829     0.1514     0.018     75810.69   15160.07  
   2500     3246.11    23.8046    17.9832    23.9041    18.0306     0.1256     0.0143   152911.64   30624.69  
   3000     3862.76    40.6773    30.9176    40.7711    30.9632     0.1102     0.0122   246191.64   49180.85  
   3500     4478.65    61.5756     46.745    61.7083    46.8221     0.1068     0.0103   274776.99   54839.12  
   4000     5094.03    87.3446    66.1921    87.3987    66.1948     0.0977     0.0088   276877.73   55180.41  
   4500     5709.62    118.9008   89.9851    118.9836   89.9953     0.0941     0.0078   277684.98   55343.12  
   5000     6325.73    157.0556   118.785    157.1762   118.8372    0.0916     0.0068   278084.83   55425.03  
   5500     6944.18    202.6599   153.2795   202.7304   153.2607    0.0894     0.0062   278276.39   55460.94  
   6000     7565.27    256.3085   193.8214   256.284    193.7394    0.0879     0.0057   278358.23   55485.58  
   6500     8187.29    317.9113   240.4754   318.1124   240.5202    0.089      0.0053   278496.94   55513.69  
   7000     8809.33      inf        inf        inf        inf       0.0874     0.0049      nan        nan     
   7500     9429.95      inf        inf        inf        inf       0.089      0.0047      nan        nan     
   8000     10047.75     inf        inf        inf        inf       0.0841     0.0045      nan        nan     
[1.63019538 1.92983738 2.33262832 2.06991625 2.24717819 2.20309189
 1.87632233 1.00706315 1.80836568 1.95574626 2.2477367  1.9636735
 2.26582624 2.17750454 2.41463777 1.70077075 1.68812533 2.40631832
 1.87382671 2.41094188]
[3.26921423 3.38272286 3.44675801 3.29066178 3.46486666 3.45812049
 3.29163577 3.22263842 3.33522875 3.46235681 3.32293084 3.25608799
 3.36166611 3.29546402 3.52974008 3.1549312  3.30661493 3.37047959
 3.32942601 3.51605244]
[3.33771576 3.34657012 3.49431504 3.28538617 3.48252482 3.39585203
 3.31789709 3.28016542 3.46216823 3.48765669 3.26765018 3.27855559
 3.42895366 3.42402373 3.44873505 3.24594314 3.3282337  3.45082759
 3.26410648 3.39299817]
