Generating synthetic count valued data ... 
Generating synthetic  count valued data took:  20.896315813064575
max_count =  39  min count =  0
Evaluation for true params: 
 test_rsme | train_rsme | rel-te-err | rel-tr-err |  test_nll  |  train_nll |
0.4430950826 0.442977547  0.2863093864 0.286037292   158650.87    632052.24  
Using  0.05 of training data
Factorizing with max_iteration = 8000  fixing covariance?:  False
Tensor dimensions:  [50, 50, 50]
Optimization metrics: 
Using Ada Grad
Mean update scheme:  S
Covariance update :  N
Using diagonal covariance?:  True
k1 samples =  64  k2 samples =  64
eta =  1  cov eta =  1  sigma eta =  1
iteration |   time   |test_rsme |rel-te-err|train_rsme|rel-tr-err|  d_mean  |   d_cov  | test_nll | train_nll  |   dw   |
    50       55.41      9.5982     6.5451     9.6021     6.5233     0.3162     0.2898    95196.11   18891.65    0.0002  
   100       251.87     9.6476     6.5562     9.6567     6.5388     0.2757     0.2128    98008.33   19581.69    0.0001  
   200       501.93     9.7191     6.5762     9.7171     6.556      0.2223     0.1404   103814.15   20561.4     0.0001  
   500       967.56     9.833      6.6067     9.8291     6.5887     0.1669     0.0685   114006.44   22718.74     0.0    
   1000     1648.73     9.4993     6.3226     9.5014     6.3013     0.2121     0.0375   102587.03   20442.94     0.0    
   1500     2331.16     6.208      4.0095     6.2106     3.9849     0.202      0.0258    55725.57   11100.72     0.0    
   2000     3015.64    11.0805     7.7767    11.1778     7.8301     0.1509     0.0191    75060.88   15121.55     0.0    
   2500     3700.29    24.2751    18.3034    24.4076    18.3728     0.1227     0.0152   152781.52   30756.78     0.0    
   3000     4386.23    40.8742    31.0276    41.0691    31.1447     0.1088     0.0127   245683.91   48909.64     0.0    
   3500     5068.09    61.0018    46.2481    61.0512    46.2567     0.1007     0.0107   275096.01   54746.31     0.0    
   4000     5750.98    85.1876    64.4705    85.2634    64.4894     0.0949     0.0091   277193.82   55102.33     0.0    
   4500     6431.17    114.2682   86.3405    114.3185   86.3253     0.0915     0.008    277455.06   55169.24     0.0    
   5000      7109.4    149.1057   112.5767   149.2922   112.6558    0.0892     0.0071   277592.91   55195.48     0.0    
   5500     7786.68    190.6046   143.8459   190.5994   143.7682    0.0869     0.0061   277683.72   55214.7      0.0    
   6000      8466.1    239.3748   180.6625   239.4824   180.651     0.0853     0.0056   277768.97   55229.82     0.0    
   6500     9147.78    295.803    223.2457   296.1045   223.3611    0.0861     0.0054   277850.22   55255.26     0.0    
   7000     9833.74      inf        inf      360.3701   271.9433    0.0861     0.0048      nan        nan        0.0    
   7500     10515.86     inf        inf        inf        inf       0.0878     0.0045      nan        nan        0.0    
   8000     11195.52     inf        inf        inf        inf       0.0853     0.0044      nan        nan        0.0    
[2.01936646 1.86136744 1.76499628 1.46276905 1.3427092  1.89035071
 1.52053421 1.92664391 2.36623631 1.62410228 2.21220441 2.11438451
 2.55529922 2.11913482 2.01383003 1.23199306 2.04105565 1.55817425
 2.40915749 1.59022884]
[3.29672509 3.22662182 3.21022255 3.14214803 3.12542976 3.30290001
 3.16753619 3.44287025 3.17979922 3.34464795 3.31346033 3.45291645
 3.37941221 3.24720941 3.24649355 3.24118702 3.3209198  3.1629455
 3.17653675 3.16743025]
[3.32186396 3.31265801 3.28311807 3.19055377 3.21245791 3.27551098
 3.30450953 3.42222164 3.45291042 3.22763814 3.40591885 3.32887495
 3.28970149 3.09214848 3.28809127 3.25770817 3.16639564 3.23366912
 3.23628461 3.18337475]
