Generating synthetic count valued data ... 
Generating synthetic  count valued data took:  24.593352794647217
max_count =  49  min count =  0
Evaluation for true params: 
 test_rsme | train_rsme | rel-te-err | rel-tr-err |  test_nll  |  train_nll |
2.9746545037 2.9574624556 1.9297919746  1.91721489    91479.81    367436.95  
Using  0.05 of training data
Factorizing with max_iteration = 8000  fixing covariance?:  False
Tensor dimensions:  [50, 50, 50]
Optimization metrics: 
Using Ada Grad
Mean update scheme:  S
Covariance update :  N
Using diagonal covariance?:  True
k1 samples =  64  k2 samples =  64
eta =  1  cov eta =  1  sigma eta =  1
iteration |   time   |test_rsme |rel-te-err|train_rsme|rel-tr-err|  d_mean  |   d_cov  | test_nll | train_nll  |   dw   |
    50       55.66     10.0172     6.745     10.1207     6.7918     0.3162     0.2897    97303.75   19621.12    0.0002  
   100       252.84    10.0704     6.7614    10.1652     6.8003     0.2732     0.213    100581.36   20262.1     0.0001  
   200       504.27    10.1375     6.7728    10.2295     6.8081     0.2256     0.1404    106080.1   21384.24    0.0001  
   500       972.14    10.2515     6.8008    10.3464     6.839      0.1597     0.0684   116921.24   23346.98     0.0    
   1000     1656.07    10.0322     6.6358    10.1188     6.6615     0.2183     0.0372   109882.24   22060.81     0.0    
   1500     2341.24     7.0752     4.7853     7.135      4.8022     0.2029     0.0261    62099.57   12419.39     0.0    
   2000     3029.16    10.9951     8.0427     11.039     8.0732     0.1524     0.0194    81856.92   16223.73     0.0    
   2500     3717.67    23.6956    18.6257    23.7208    18.6108     0.1239     0.0154    159062.5   31820.81     0.0    
   3000     4405.15    39.8541    31.6128    39.9288    31.6502     0.1091     0.0127   250088.96   49919.56     0.0    
   3500     5090.76    59.4028    47.0611    59.3604    47.0163     0.1006     0.0107   291351.38   58061.4      0.0    
   4000     5775.76    82.8379    65.5011    82.8228    65.4583     0.0948     0.0091   297542.77   59285.46     0.0    
   4500     6460.23    111.0139   87.6497    110.9842   87.5785     0.0912     0.008    300414.06   59970.07     0.0    
   5000     7144.83    144.772    114.1713   144.8779   114.209     0.0886     0.0071   303472.07   60505.16     0.0    
   5500     7830.91    185.1652   145.956    185.1214   145.8676    0.0866     0.0065   306542.79   61066.92     0.0    
   6000     8519.01    232.8709   183.5765   232.9207   183.5532    0.0885     0.0056   309698.94   61730.42     0.0    
   6500     9206.12    288.4748   227.5406   288.6488   227.5755    0.1016     0.0053   313335.98   62392.92     0.0    
   7000     9892.17    352.2295   278.0028   352.3936   278.0368    0.0951     0.0048   315009.25   62839.19     0.0    
   7500     10577.36     inf        inf        inf        inf       0.0944     0.0045      nan        nan        0.0    
   8000     11259.68     inf        inf        inf        inf       0.0953     0.0042      nan        nan        0.0    
[2.14324071 2.45855516 2.04335134 1.80313922 2.01155128 2.47853101
 2.04896592 2.72856208 2.24276907 2.3269806  2.66220186 1.7721174
 2.08946231 2.56740899 2.17342667 1.92869521 1.86237848 2.09367676
 1.94236277 1.75131642]
[3.1432465  3.16226177 3.28517065 3.17626948 3.28051387 3.32164774
 3.2134741  3.36949914 3.13120625 3.34590691 3.25058124 3.21775347
 3.1487762  3.40685366 3.38338696 3.20361561 3.00392107 3.22167572
 3.14986596 3.00583198]
[3.25218243 3.32945994 3.0747321  3.08833516 3.11048888 3.37360342
 3.21934735 3.2841936  3.24267688 3.17998694 3.24144143 3.2606334
 3.26733009 3.21889588 3.15758448 3.17638187 3.01137936 3.16966196
 3.32462627 3.00954823]
