Generating synthetic count valued data ... 
Generating synthetic  count valued data took:  23.895012855529785
max_count =  40  min count =  0
Evaluation for true params: 
 test_rsme | train_rsme | rel-te-err | rel-tr-err |  test_nll  |  train_nll |
0.7915550353 0.7891646734 0.5042172629 0.5014567524  146263.47    582970.19  
Using  0.05 of training data
Factorizing with max_iteration = 8000  fixing covariance?:  False
Tensor dimensions:  [50, 50, 50]
Optimization metrics: 
Using Ada Grad
Mean update scheme:  S
Covariance update :  N
Using diagonal covariance?:  True
k1 samples =  64  k2 samples =  64
eta =  1  cov eta =  1  sigma eta =  1
iteration |   time   |test_rsme |rel-te-err|train_rsme|rel-tr-err|  d_mean  |   d_cov  | test_nll | train_nll  |   dw   |
    50       55.24      9.6194     6.5548     9.6379     6.5397     0.3162     0.2898    95132.57   19008.44    0.0002  
   100       250.81     9.6706     6.5665     9.6899     6.5541     0.2731     0.2128    98271.94   19617.64    0.0001  
   200       499.95     9.7359     6.5836     9.7552     6.5739     0.2277     0.1406   103684.04   20736.25    0.0001  
   500       963.92     9.8537     6.6147     9.8754     6.6144     0.1616     0.0684   114214.27   22805.43     0.0    
   1000     1642.36     9.5736     6.384      9.5854     6.3701     0.2221     0.0377   104740.12   20911.14     0.0    
   1500     2322.62     6.2563     4.0524     6.2731     4.0517     0.2007     0.026     56107.58   11209.63     0.0    
   2000     3005.09    11.0521     7.7803    11.1437     7.8242     0.1498     0.0191    75217.18   15129.88     0.0    
   2500     3687.82    24.1483    18.2397    24.2276    18.2623     0.1223     0.0152   151957.81   30554.76     0.0    
   3000     4369.17    40.5954    30.8663    40.7463    30.9525     0.1085     0.0127   243967.69   48695.56     0.0    
   3500     5048.26    60.5211    45.9558    60.5323    45.9331     0.1003     0.0107   274049.78   54662.62     0.0    
   4000     5726.44     84.454    64.0191    84.4861    64.0095     0.0945     0.0091   276526.99   55139.47     0.0    
   4500     6404.61    113.214    85.6754    113.2377   85.6422     0.0912     0.0078   277530.69   55312.27     0.0    
   5000     7083.01    147.7167   111.6957   147.8971   111.7801    0.0889     0.0071   278033.96   55407.02     0.0    
   5500     7763.38    188.8771   142.7463   188.8694   142.6655    0.0868     0.0062   278159.96   55443.74     0.0    
   6000      8445.8    237.2955   179.3553   237.3784   179.3339    0.0854     0.0058   278332.57   55475.49     0.0    
   6500     9130.11    293.4171   221.7685   293.6215   221.8055    0.0844     0.0053   278392.92   55499.76     0.0    
   7000     9815.78      inf        inf        inf        inf       0.0875     0.0049      nan        nan        0.0    
   7500     10500.6      inf        inf        inf        inf       0.0882     0.0047      nan        nan        0.0    
   8000     11180.99     inf        inf        inf        inf       0.0934     0.0043      nan        nan        0.0    
[1.59866156 1.95363109 2.04585287 1.9987776  2.30474466 2.00589013
 1.32961517 2.19650836 1.81367287 1.88005616 2.11753117 1.60018508
 1.96225    1.49267414 2.53019287 1.86660826 1.93415862 1.30221393
 2.17216418 2.07669697]
[3.17296514 3.32425496 3.20398995 3.34187989 3.54586081 3.33393741
 3.39726967 3.40065712 3.22330094 3.2661359  3.29964003 3.2257647
 3.24189121 3.18383315 3.28990129 3.13896185 3.32806436 3.11364191
 3.22412055 3.24746623]
[3.13497543 3.36192747 3.29560353 3.38430101 3.23491789 3.26204887
 3.2783615  3.33429261 3.17095642 3.36440301 3.36380271 3.16572782
 3.18329742 3.22634749 3.36316403 3.09613684 3.18336826 3.37567494
 3.37220397 3.23800029]
