Generating synthetic count valued data ... 
Generating synthetic  count valued data took:  23.466530323028564
max_count =  49  min count =  0
Evaluation for true params: 
 test_rsme | train_rsme | rel-te-err | rel-tr-err |  test_nll  |  train_nll |
2.9746545037 2.9574624556 1.9297919746  1.91721489    91479.81    367436.95  
Using  0.05 of training data
Factorizing with max_iteration = 8000  fixing covariance?:  False
Tensor dimensions:  [50, 50, 50]
Optimization metrics: 
Using Ada Grad
Mean update scheme:  S
Covariance update :  N
Using diagonal covariance?:  True
k1 samples =  64  k2 samples =  64
eta =  1  cov eta =  0.001  sigma eta =  1
iteration |   time   |test_rsme |rel-te-err|train_rsme|rel-tr-err|  d_mean  |   d_cov  | test_nll | train_nll  |   dw   |
    50       225.6     10.0194     6.7669    10.1088     6.8043     0.3162     0.4431    97076.75   19474.43     0.0    
   100       588.59    10.0715     6.7891    10.1628     6.8263     0.2782     0.4079    99890.34   20200.41     0.0    
   200      1172.19    10.1342     6.8217     10.216     6.8497     0.2347     0.3831   104341.09   21137.19     0.0    
   500      2642.05    10.2258     6.8869    10.3252     6.9221     0.157      0.4474   111618.12   22465.45     0.0    
   1000     4996.12    10.3038     6.9753    10.3936     7.0097     0.1109     0.7585   117383.01   23533.55     0.0    
   1500     7356.24    10.3624     7.0844    10.4488     7.1201     0.0879     1.7176   120745.77   24294.16     0.0    
   2000     9716.01     10.456     7.306     10.5396     7.3253     0.0744     6.2879    122926.6   24628.97     0.0    
   2500     12061.75   11.1667     8.3199    11.1665     8.2575     0.0766   3609.9711  124655.06   25076.85     0.0    
   3000     14301.49     inf        inf        inf        inf       0.0956   14883.0799 125917.81   25306.59     0.0    
   3500     16464.2    10.3471     6.744     10.4428     6.7891     0.0998     0.032    126548.03   25375.34     0.0    
   4000     18585.31    10.255     6.6817    10.3373     6.7148     0.0822     0.0258   121281.82   24405.18     0.0    
   4500     21175.63    9.7583     6.2866     9.8448     6.315      0.0911     0.0237    99525.47   20065.72     0.0    
   5000     23448.41    8.6272     5.4654     8.717      5.4883     0.1008     0.0535    74731.49   15027.55     0.0    
   5500     25589.39    7.1073     4.4695     7.1753     4.4767     0.079      0.056     60311.4    12080.53     0.0    
   6000     27690.37    5.9089     3.7731     5.9601     3.7766     0.0632     0.0256    54367.89   10862.21     0.0    
   6500     29790.72    5.2283     3.407      5.2287     3.3884     0.0686     0.022     52175.77   10408.76     0.0    
   7000     31884.55    4.8565     3.2187     4.8112     3.1789     0.0513     0.0199    51234.58   10207.66     0.0    
   7500     33978.64    4.6286     3.1023     4.567      3.0506     0.048      0.014     50711.2    10094.44     0.0    
   8000     36076.69    4.5115     3.0393     4.435      2.9749     0.0755     0.0176    50476.56   10031.42     0.0    
[0.24693022 0.2184696  0.22695577 0.21752389 0.23613327 0.25644568
 0.28923815 0.41434638 0.23953986 0.24441622 0.19564301 0.23764947
 0.32845709 0.26350082 0.24635355 0.27217239 0.2298868  0.2203209
 0.23757937 0.20139468]
[0.67735699 0.18098239 0.58710298 0.45215628 0.32341201 0.32240359
 0.9467575  1.44699693 0.87183796 0.52064411 0.52166206 0.82729371
 1.27151663 0.82489181 0.95716188 1.12783771 0.28324302 0.45622938
 0.20054489 0.79192762]
[0.64207528 0.16207633 0.73836011 0.4359012  0.35489108 0.30655891
 0.94555613 1.33288294 0.81008397 0.51823178 0.62143666 0.6609047
 1.23303953 0.82317732 0.87640216 1.03975886 0.25641965 0.49674927
 0.2740041  0.73360693]
