Generating synthetic count valued data ... 
Generating synthetic  count valued data took:  24.599401712417603
max_count =  39  min count =  0
Evaluation for true params: 
 test_rsme | train_rsme | rel-te-err | rel-tr-err |  test_nll  |  train_nll |
0.4430950826 0.442977547  0.2863093864 0.286037292   158650.87    632052.24  
Using  0.05 of training data
Factorizing with max_iteration = 8000  fixing covariance?:  False
Tensor dimensions:  [50, 50, 50]
Optimization metrics: 
Using Ada Grad
Mean update scheme:  S
Covariance update :  N
Using diagonal covariance?:  True
k1 samples =  64  k2 samples =  64
eta =  1  cov eta =  0.001  sigma eta =  1
iteration |   time   |test_rsme |rel-te-err|train_rsme|rel-tr-err|  d_mean  |   d_cov  | test_nll | train_nll  |   dw   |
    50       226.15     9.6055     6.5688     9.6023     6.5491     0.3162     0.4427    94731.83   18976.82     0.0    
   100       587.85     9.6514     6.5947     9.6547     6.5647     0.2857     0.4114    97662.53   19550.39     0.0    
   200      1171.14     9.7188     6.6348     9.7178     6.6143     0.2249     0.3898   102098.94   20338.32     0.0    
   500      2637.55     9.8177     6.7102     9.8132     6.6863     0.1512     0.4523   109570.74   21959.16     0.0    
   1000     4992.12     9.9007     6.8181     9.8984     6.7945     0.1119     0.7653   115740.79   23012.89     0.0    
   1500     7348.88     9.9663     6.9536     9.9724     6.9446     0.0866     1.7624   119136.88   23739.61     0.0    
   2000     9706.27    10.0873     7.2382    10.0819     7.2157     0.0782     8.6192   121563.75   24197.37     0.0    
   2500     12058.79     inf        inf      11.3744     8.6893     0.0791   8123.5994  123429.23   24595.84     0.0    
   3000     14386.42     inf        inf      11.2274     8.3585     0.0904   44361.5624 124524.08   24884.75     0.0    
   3500     16659.59     9.94      6.5456     9.9413     6.5257     0.1175     0.0227   125599.27   25011.0      0.0    
   4000     18925.01    9.9303     6.5502     9.9283     6.527      0.0773     0.0239   125287.09   24959.97     0.0    
   4500     21507.4     9.6511     6.3168     9.6448     6.2868     0.1026     0.0261   110519.04   21999.43     0.0    
   5000     24121.52    8.5506     5.4001     8.5614     5.3745     0.106      0.0396    78466.57   15707.98     0.0    
   5500     26307.99    6.8197     4.1261     6.7924     4.0707     0.0804     0.0302    58500.89   11622.79     0.0    
   6000     28485.84    5.4003     3.2316     5.4039     3.2119     0.0676     0.047     51137.79   10175.63     0.0    
   6500     30627.12    4.5315     2.7574     4.5303     2.7377     0.0576     0.0235    48307.45   9610.76      0.0    
   7000     32776.7     4.0066     2.4907     3.9733     2.463      0.0511     0.0168    47149.19   9375.28      0.0    
   7500     34924.83    3.6768     2.3291     3.644      2.3092     0.0589     0.0258    46472.14   9253.72      0.0    
   8000     37173.06    3.4574     2.222      3.4049     2.1908     0.0611     0.0171    46110.44   9165.48      0.0    
[0.29762149 0.19354494 0.23017306 0.23778042 0.24558356 0.25777403
 0.18921982 0.2058866  0.18992568 0.22736231 0.21181065 0.21227851
 0.21510107 0.20363207 0.20449369 0.21389917 0.2109911  0.25280264
 0.24433954 0.28042444]
[1.35317301 0.36993975 0.66696709 0.30598846 0.98823848 0.43177119
 0.5058977  1.01663146 0.53521212 0.56547297 0.97677124 0.2712232
 0.3299738  0.92570526 0.39742503 0.40197188 0.37652414 1.16804977
 0.26913679 1.31832922]
[1.33250148 0.4888158  0.66778174 0.34082633 1.09784635 0.4848497
 0.53346843 1.1486568  0.60305709 0.56255731 1.03383937 0.32228116
 0.34120547 0.95247056 0.50232009 0.42786848 0.36550448 1.20256791
 0.26928915 1.35620979]
