Generating synthetic count valued data ... 
Generating synthetic  count valued data took:  25.54149055480957
max_count =  39  min count =  0
Evaluation for true params: 
 test_rsme | train_rsme | rel-te-err | rel-tr-err |  test_nll  |  train_nll |
0.4430950826 0.442977547  0.2863093864 0.286037292   164694.26    656281.24  
Using  0.05 of training data
Factorizing with max_iteration = 8000  fixing covariance?:  False
Tensor dimensions:  [50, 50, 50]
Optimization metrics: 
Using Ada Grad
Mean update scheme:  S
Covariance update :  N
Using diagonal covariance?:  True
k1 samples =  64  k2 samples =  64
eta =  1  cov eta =  1  sigma eta =  1
iteration |   time   |test_rsme |rel-te-err|train_rsme|rel-tr-err|  d_mean  |   d_cov  | test_nll | train_nll  
    50        54.6      9.6418     6.5509     9.6511     6.5369     0.3162     0.2901    99684.26   19913.59  
   100       191.83     9.6921     6.5627     9.6919     6.543      0.2765     0.2137   103885.49   20688.28  
   200       382.44     9.7673     6.5832     9.7733     6.5658     0.2233     0.1416   110597.23   22078.92  
   500       785.58     9.8905     6.6168     9.8983     6.6014     0.1561     0.0697    124823.4   24905.58  
   1000     1401.27     9.6952     6.4359     9.6983     6.4155     0.2098     0.0373   117371.84   23293.76  
   1500     2017.68     6.5806     4.1534     6.5993     4.1238     0.2065     0.0249    58147.08   11592.63  
   2000     2637.03     9.2986     6.4541     9.4138     6.532      0.1539     0.0181    68925.42   13766.48  
   2500     3258.06    21.5434    16.1804     21.626    16.2119     0.1256     0.0145   138322.53   27623.01  
   3000     3877.53    37.6083    28.5149    37.7026    28.5606     0.1105     0.0121   235444.83   46873.41  
   3500     4495.57    57.5476    43.5958    57.6755    43.6728     0.1027     0.0103   274067.07   54521.59  
   4000     5112.74    82.1954    62.1662    82.2061    62.1408     0.0977     0.0088   277130.89   55085.41  
   4500     5730.24    112.4698   84.9487    112.5424   84.9539     0.0943     0.0076   277453.23   55174.4   
   5000     6348.02    149.2704   112.6635   149.3807   112.7075    0.0929     0.0068   277592.62   55198.12  
   5500     6967.76    193.5579   146.092    193.6034   146.0615    0.0903     0.0061   277708.49   55225.96  
   6000     7590.66    246.0139   185.6578   245.945    185.5377    0.0882     0.0057   277784.43   55234.96  
   6500     8214.97    306.5243   231.3827   306.6614   231.3895    0.0894     0.0053   277868.75   55264.71  
   7000     8839.91      inf        inf        inf        inf       0.0872     0.005       nan        nan     
   7500     9464.26      inf        inf        inf        inf       0.0906     0.0048      nan        nan     
   8000     10085.09     inf        inf        inf        inf       0.0849     0.0045      nan        nan     
[1.42523676 1.85701524 1.7371562  1.65502397 2.08872659 2.50406742
 2.28415473 2.03858738 1.7665615  2.43890327 2.16354419 1.99537232
 1.24686073 1.65161964 2.16585363 1.64948906 2.18754621 2.10666647
 1.69101806 2.31611333]
[3.40082905 3.30631231 3.37820131 3.15841262 3.43350696 3.49240919
 3.36499991 3.40109236 3.28112383 3.36124109 3.26012473 3.33631792
 3.26559524 3.24762094 3.33711559 3.30086724 3.45027763 3.35904654
 3.12867486 3.44509172]
[3.43651953 3.25811674 3.37987632 3.28856211 3.25613988 3.37028068
 3.28060851 3.45847786 3.2563766  3.40198136 3.24757637 3.26947985
 3.24463421 3.08013738 3.40316329 3.31358602 3.41842611 3.29165703
 3.33194197 3.4013821 ]
