Generating synthetic real valued data ... 
Generating synthetic  real valued data took:  18.757899045944214
Evaluation for true params: 
 test_rsme | train_rsme | rel-te-err | rel-tr-err |  test_nll  |  train_nll |
200.6973468242 200.4024464199  0.01620332  0.0161727915  278579.07    1113683.25 
Using  0.05 of training data
Factorizing with max_iteration = 8000  fixing covariance?:  False
Tensor dimensions:  [50, 50, 50]
Optimization metrics: 
Using Ada Grad
Mean update scheme:  S
Covariance update :  N
Using diagonal covariance?:  True
k1 samples =  64  k2 samples =  64
eta =  1  cov eta =  1  sigma eta =  1
iteration |   time   |test_rsme |rel-te-err|train_rsme|rel-tr-err|  d_mean  |   d_cov  | test_nll | train_nll  |   dw   |
    50       127.33   9900.4227    0.9897    9902.722    0.9897     3.1623     1.8524   287823.14   57564.63     0.0    
   100       316.97    9728.169    0.9722   9730.4535    0.9722     3.0681     0.7527   287823.14   57564.63     0.0    
   200       634.72   9031.5259    0.9015   9033.7901    0.9015     2.8061     0.2587   287823.14   57564.63     0.0    
   500      1453.47   4312.0063    0.4205   4314.6303    0.4206     1.8949     0.0333   287823.14   57564.63     0.0    
   1000     2771.26    452.2864    0.0355    449.0054    0.0353     0.3522     0.0001   245337.92   48948.59     0.0    
   1500     4078.05    322.5901    0.026     315.9719    0.0254     0.0919      0.0     233869.78   46661.07     0.0    
   2000     5389.43    314.0995    0.0253    306.7213    0.0247     0.0301      0.0     232514.26   46046.64     0.0    
   2500     6704.66    313.5409    0.0253    305.9558    0.0246     0.0092      0.0     232235.29   46112.54     0.0    
   3000     8017.27    313.5452    0.0253    305.8826    0.0246     0.0051      0.0     232363.87   46193.87     0.0    
   3500     9333.29    313.5653    0.0253    305.8726    0.0246     0.0037      0.0     232404.42   45990.05     0.0    
   4000     10647.89   313.5443    0.0253    305.8726    0.0246     0.0028      0.0     232459.61   46425.14     0.0    
   4500     11963.4    313.5696    0.0253    305.8712    0.0246     0.0039      0.0     232658.44   46385.03     0.0    
   5000     13280.25   313.5474    0.0253    305.8725    0.0246     0.0052      0.0     232166.71   46300.33     0.0    
   5500     14596.76   313.5495    0.0253    305.8724    0.0246     0.0036      0.0     232841.05   46331.29     0.0    
   6000     15915.57   313.5409    0.0253    305.8713    0.0246     0.0038      0.0     232470.98   46371.16     0.0    
   6500     17229.56   313.5462    0.0253    305.8718    0.0246     0.0054      0.0     232324.44   46150.79     0.0    
   7000     18548.63   313.5304    0.0253    305.8717    0.0246     0.0035      0.0      232311.5   46344.69     0.0    
   7500     19864.35   313.5243    0.0253    305.8711    0.0246     0.0036      0.0     232452.84   46243.42     0.0    
   8000     21176.5    313.5361    0.0253    305.8708    0.0246     0.0038      0.0     232483.09   46257.22     0.0    
[7.98660511 7.98072166 7.98661593 7.98558711 7.9832452  7.98348662
 7.98657975 7.98507005 7.99073404 7.98887328 7.98779205 7.98499052
 7.98347697 7.98539659 7.98532057 7.98590616 7.98350298 7.98326314
 7.98273219 7.98921624]
[7.93967907 7.93989784 7.9420759  7.93682611 7.93802181 7.93975718
 7.93833132 7.93476654 7.94099589 7.94122025 7.93659141 7.93831796
 7.93853863 7.93874925 7.94121321 7.93925153 7.93700764 7.93950431
 7.93876631 7.93901773]
[8.06330749 8.06294681 8.06296188 8.06109633 8.06478971 8.06407472
 8.06596331 8.06185058 8.063303   8.06482292 8.05897673 8.0643857
 8.06187239 8.06217687 8.06635748 8.06403102 8.06203201 8.06379683
 8.06281185 8.06704648]
