Generating synthetic real valued data ... 
Generating synthetic  real valued data took:  18.771050930023193
Evaluation for true params: 
 test_rsme | train_rsme | rel-te-err | rel-tr-err |  test_nll  |  train_nll |
100.3486734121 100.2012232099 0.0080951612 0.0080819863  280413.36    1120390.86 
Using  0.05 of training data
Factorizing with max_iteration = 8000  fixing covariance?:  False
Tensor dimensions:  [50, 50, 50]
Optimization metrics: 
Using Ada Grad
Mean update scheme:  S
Covariance update :  N
Using diagonal covariance?:  True
k1 samples =  64  k2 samples =  64
eta =  1  cov eta =  1  sigma eta =  1
iteration |   time   |test_rsme |rel-te-err|train_rsme|rel-tr-err|  d_mean  |   d_cov  | test_nll | train_nll  |   dw   |
    50       126.47    9899.791    0.9897   9899.5904    0.9897     3.1623     1.8524   287823.14   57564.63     0.0    
   100       314.29   9727.5113    0.9722   9727.2981    0.9722     3.068      0.7527   287823.14   57564.63     0.0    
   200       628.63    9030.747    0.9015   9030.5185    0.9015     2.8063     0.2587   287823.14   57564.63     0.0    
   500      1443.37   4309.5172    0.4208   4309.7202    0.4207     1.8945     0.0332   287823.14   57564.63     0.0    
   1000     2757.39    417.0141    0.0324    414.3525    0.0323     0.3511     0.0001   242175.32   48244.9      0.0    
   1500     4067.52    269.8591    0.0217    265.0404    0.0213     0.0914      0.0     226704.18   44892.91     0.0    
   2000      5377.1    259.4543    0.0209    254.0117    0.0204     0.0301      0.0     224501.63   44854.07     0.0    
   2500     6690.15    258.7092    0.0208    253.0946    0.0203     0.0093      0.0     225250.58   44958.7      0.0    
   3000     8002.95    258.6917    0.0208    253.0074    0.0203     0.0051      0.0     225096.79   44858.3      0.0    
   3500     9313.69    258.7055    0.0208    252.9953    0.0203     0.0038      0.0     224331.93   44694.52     0.0    
   4000     10624.73   258.6864    0.0208    252.9952    0.0203     0.0028      0.0     224355.95   44909.42     0.0    
   4500     11941.64   258.7093    0.0208    252.9936    0.0203     0.004       0.0     225360.18   44969.4      0.0    
   5000     13255.11   258.6823    0.0208    252.9953    0.0203     0.0051      0.0     224752.56   44997.55     0.0    
   5500     14567.97   258.7034    0.0208    252.9952    0.0203     0.0037      0.0      225417.6   44862.36     0.0    
   6000     15882.05   258.6895    0.0208    252.9938    0.0203     0.0038      0.0     225247.64   44933.2      0.0    
   6500     17194.05   258.687     0.0208    252.9943    0.0203     0.0055      0.0     224594.91   44665.6      0.0    
   7000     18508.33   258.6847    0.0208    252.9942    0.0203     0.0037      0.0     224727.59   44839.04     0.0    
   7500     19820.47   258.6632    0.0208    252.9933    0.0203     0.0035      0.0     225015.44   44778.18     0.0    
   8000     21129.37   258.6807    0.0208    252.9933    0.0203     0.0035      0.0     225119.17   45102.59     0.0    
[7.99098    7.98798946 7.99308067 7.99317712 7.99364236 7.99023941
 7.99454467 7.99450035 7.99618142 7.99537798 7.99424563 7.99505784
 7.99385404 7.98861459 7.99398041 7.99019188 7.99029441 7.99316915
 7.98851059 7.99378688]
[7.93580134 7.93360829 7.93745226 7.9345213  7.93637557 7.93579088
 7.93598699 7.9329261  7.93596863 7.93803414 7.93291816 7.93392625
 7.93475946 7.93217238 7.93737489 7.93593704 7.9373749  7.93758784
 7.93631441 7.93504184]
[8.07084911 8.07120529 8.07464134 8.07195969 8.07043033 8.07452397
 8.07206827 8.07279149 8.07357189 8.07368927 8.06792636 8.07192631
 8.07186036 8.0691964  8.07701211 8.07092562 8.07415837 8.07561254
 8.06945281 8.07393996]
