Generating synthetic real valued data ... 
Generating synthetic  real valued data took:  22.696327924728394
Evaluation for true params: 
 test_rsme | train_rsme | rel-te-err | rel-tr-err |  test_nll  |  train_nll |
200.6973468242 200.4024464199  0.01620332  0.0161727915  278579.07    1113683.25 
Using  0.05 of training data
Factorizing with max_iteration = 8000  fixing covariance?:  False
Tensor dimensions:  [50, 50, 50]
Optimization metrics: 
Using Ada Grad
Mean update scheme:  S
Covariance update :  N
Using diagonal covariance?:  True
k1 samples =  64  k2 samples =  64
eta =  1  cov eta =  1  sigma eta =  1
iteration |   time   |test_rsme |rel-te-err|train_rsme|rel-tr-err|  d_mean  |   d_cov  | test_nll | train_nll  |   dw   |
    50        35.5    9900.4229    0.9897   9902.7222    0.9897     3.1623     1.8517   287823.14   57564.63     0.0    
   100       140.72   9728.1705    0.9722   9730.4553    0.9722     3.0688     0.7542   287823.14   57564.63     0.0    
   200       280.82   9031.5295    0.9015   9033.7975    0.9015     2.8064     0.2612   287823.14   57564.63     0.0    
   500       560.59   4311.9751    0.4205    4314.596    0.4206     1.8948     0.0499   287823.14   57564.63     0.0    
   1000      979.43    452.3147    0.0355    449.0149    0.0353     0.3487     0.0113   249842.52   49929.91     0.0    
   1500     1398.65    322.571     0.026     315.906     0.0254     0.0965     0.0051   238834.11   47703.74     0.0    
   2000     1818.03    314.1666    0.0253    306.7396    0.0247      0.03      0.0032   239088.55   47100.03     0.0    
   2500     2237.48    313.6206    0.0253    305.9651    0.0246     0.0127     0.0022   239193.37   47355.12     0.0    
   3000     2656.92    313.5831    0.0253    305.8868    0.0246     0.0081     0.0017   239410.43   47568.75     0.0    
   3500     3076.28    313.5581    0.0253     305.88     0.0246     0.0109     0.0013   240008.57   47737.28     0.0    
   4000     3495.73    313.5735    0.0253    305.8731    0.0246     0.0093     0.0011   240406.24   47670.03     0.0    
   4500     3915.11    313.6237    0.0253    305.8716    0.0246     0.0098     0.0009   241094.07   47826.01     0.0    
   5000     4334.54    313.5317    0.0253    305.8719    0.0246     0.0089     0.0008   241183.12   47883.42     0.0    
   5500      4753.8    313.5366    0.0253    305.8704    0.0246     0.0081     0.0007   241449.24   47982.0      0.0    
   6000     5173.21    313.5437    0.0253    305.8688    0.0246     0.0076     0.0006   241587.76   47993.12     0.0    
   6500     5592.84    313.5874    0.0253    305.8697    0.0246     0.0063     0.0006   241383.21   48207.61     0.0    
   7000     6012.23    313.6149    0.0253    305.8695    0.0246     0.0067     0.0005   242361.46   48211.78     0.0    
   7500     6431.37    313.5032    0.0253    305.8688    0.0246     0.0059     0.0005   242042.38   48288.41     0.0    
   8000     6849.13    313.5429    0.0253    305.8679    0.0246     0.0075     0.0004   242390.65   47912.02     0.0    
[7.9844494  7.98208753 7.985814   7.98247861 7.98244213 7.98054537
 7.98367511 7.98184044 7.98201174 7.9835377  7.97949432 7.98661507
 7.98391833 7.98134575 7.98523703 7.98882866 7.98074507 7.9850406
 7.98396024 7.98536707]
[7.94244795 7.93971315 7.93998794 7.94000832 7.93980634 7.93853032
 7.93672201 7.93805688 7.93884884 7.93980919 7.93985969 7.93949347
 7.93873926 7.93976694 7.93982746 7.94281152 7.9410057  7.93887135
 7.93748783 7.93903725]
[8.06635798 8.06982307 8.0657766  8.06272877 8.06658347 8.0626535
 8.0643417  8.06665408 8.06414058 8.06431504 8.06287776 8.06539507
 8.06476349 8.06417798 8.06368471 8.06528387 8.06496476 8.06583731
 8.06266376 8.06776805]
