Generating synthetic real valued data ... 
Generating synthetic  real valued data took:  19.445038557052612
Evaluation for true params: 
 test_rsme | train_rsme | rel-te-err | rel-tr-err |  test_nll  |  train_nll |
501.7433670606 501.0061160497 0.0407099902 0.0406012665  287511.11    1149802.54 
Using  0.05 of training data
Factorizing with max_iteration = 8000  fixing covariance?:  False
Tensor dimensions:  [50, 50, 50]
Optimization metrics: 
Using Ada Grad
Mean update scheme:  S
Covariance update :  N
Using diagonal covariance?:  True
k1 samples =  64  k2 samples =  64
eta =  1  cov eta =  1  sigma eta =  1
iteration |   time   |test_rsme |rel-te-err|train_rsme|rel-tr-err|  d_mean  |   d_cov  | test_nll | train_nll  
    50       35.54    9908.4175    0.9897    9918.184    0.9897     3.1623     1.8517   287823.14   57564.63  
   100       119.78   9736.3547    0.9721   9746.1004    0.9722     3.0695     0.7541   287823.14   57564.63  
   200       238.88    9040.553    0.9012   9050.2612    0.9013     2.8071     0.2613   287823.14   57564.63  
   500       497.85   4333.4953    0.419    4343.2561    0.4196     1.8962     0.0499   287823.14   57564.63  
   1000      896.29    646.6052    0.0518    639.0413    0.0512     0.3545     0.0113   265263.09   53072.0   
   1500     1294.97    566.8668    0.046     552.9833    0.0449     0.0963     0.0051   262652.86   52411.0   
   2000     1693.65    562.6543    0.0457    547.5709    0.0444     0.0283     0.0032   262575.79   52367.59  
   2500     2092.33    562.5588    0.0456    547.1209    0.0444     0.0128     0.0022   263229.26   52732.37  
   3000     2491.56    562.5431    0.0456     547.08     0.0444     0.0098     0.0017   263345.42   52590.8   
   3500     2890.34    562.6321    0.0456    547.0744    0.0444     0.0069     0.0013   263107.18   52680.84  
   4000     3289.04     562.63     0.0456    547.0742    0.0444     0.0083     0.0011   264019.25   52537.17  
   4500     3687.98    562.5913    0.0456    547.0729    0.0444     0.0106     0.0009   263633.53   52747.09  
   5000     4087.31    562.6581    0.0456    547.0709    0.0444     0.008      0.0008   264512.94   52813.81  
   5500     4485.98    562.5748    0.0456    547.0709    0.0444     0.0078     0.0007   264384.44   52731.34  
   6000     4885.23    562.598     0.0456    547.0713    0.0444     0.0075     0.0006   264850.65   52889.47  
   6500     5283.85    562.5456    0.0456    547.0704    0.0444     0.007      0.0006   264634.21   53080.77  
   7000     5682.44    562.616     0.0456    547.0703    0.0444     0.0055     0.0005   265107.25   53018.99  
   7500     6081.43    562.6387    0.0456    547.0692    0.0444     0.0071     0.0005   265178.09   52894.65  
   8000     6480.26    562.5138    0.0456    547.0699    0.0444     0.007      0.0004    265068.7   53073.3   
[7.96747902 7.96836911 7.96725778 7.9651563  7.96386289 7.96289558
 7.96733154 7.96175052 7.96532681 7.96444659 7.96304399 7.96543226
 7.96556462 7.96651039 7.96891575 7.96521851 7.96714761 7.96289463
 7.96572869 7.96330292]
[7.94913869 7.94641584 7.94788929 7.95126117 7.94994111 7.94704111
 7.94633318 7.94589392 7.94708883 7.94507257 7.94994568 7.95040891
 7.94919441 7.94672703 7.94834339 7.94681619 7.9484297  7.9453086
 7.94719553 7.94452138]
[8.03904467 8.04278953 8.03707894 8.03751183 8.04559006 8.04466628
 8.03877855 8.03965986 8.03671673 8.03693433 8.04045382 8.0384412
 8.03922244 8.03931585 8.0369342  8.03813455 8.03961435 8.03847871
 8.04268416 8.03979871]
