Generating synthetic real valued data ... 
Generating synthetic  real valued data took:  19.74728488922119
Evaluation for true params: 
 test_rsme | train_rsme | rel-te-err | rel-tr-err |  test_nll  |  train_nll |
100.3486734121 100.2012232099 0.0080951612 0.0080819863  287426.28    1149605.33 
Using  0.05 of training data
Factorizing with max_iteration = 8000  fixing covariance?:  False
Tensor dimensions:  [50, 50, 50]
Optimization metrics: 
Using Ada Grad
Mean update scheme:  S
Covariance update :  N
Using diagonal covariance?:  True
k1 samples =  64  k2 samples =  64
eta =  1  cov eta =  1  sigma eta =  1
iteration |   time   |test_rsme |rel-te-err|train_rsme|rel-tr-err|  d_mean  |   d_cov  | test_nll | train_nll  
    50       35.39    9899.7914    0.9897   9899.5908    0.9897     3.1623     1.8517   287823.14   57564.63  
   100       119.08    9727.509    0.9722   9727.2958    0.9722     3.0695     0.7541   287823.14   57564.63  
   200       237.43   9030.7387    0.9015   9030.5132    0.9015     2.8072     0.2613   287823.14   57564.63  
   500       495.39   4309.4988    0.4208   4309.7126    0.4207     1.8949     0.0499   287823.14   57564.63  
   1000      892.34    416.4006    0.0324    413.7279    0.0323     0.3503     0.0113   252523.55   50559.11  
   1500     1289.41    270.0631    0.0217    265.1606    0.0213     0.0945     0.0051   239089.29   47569.4   
   2000     1686.37    259.4959    0.0209    254.0276    0.0204     0.0275     0.0032    238804.7   47450.49  
   2500     2083.25    258.7734    0.0208    253.0958    0.0203     0.013      0.0022   238480.11   47399.51  
   3000     2480.16    258.6751    0.0208    253.0111    0.0203     0.0099     0.0017   238336.08   47623.83  
   3500     2877.12    258.743     0.0208    252.9996    0.0203     0.0068     0.0013   238373.26   47533.66  
   4000     3273.91    258.665     0.0208    252.9993    0.0203     0.0084     0.0011   238980.96   47679.66  
   4500      3670.9    258.6793    0.0208    252.9965    0.0203     0.0106     0.0009   239194.86   47596.45  
   5000     4067.73    258.7251    0.0208    252.9921    0.0203     0.008      0.0008   239482.89   47465.23  
   5500      4464.8    258.6684    0.0208    252.9921    0.0203     0.0078     0.0007   239701.85   47574.95  
   6000     4861.88    258.7313    0.0208    252.993     0.0203     0.0074     0.0006   239818.11   47758.58  
   6500      5258.4    258.6414    0.0208    252.9911    0.0203     0.007      0.0006   239603.17   47755.19  
   7000     5654.64    258.7432    0.0208    252.9909    0.0203     0.0055     0.0005    240608.7   47953.71  
   7500     6048.09    258.7466    0.0208    252.9886    0.0203     0.0071     0.0005   240523.04   47967.95  
   8000     6441.15    258.6334    0.0208     252.99     0.0203     0.0069     0.0004   241157.95   47795.43  
[7.99472168 7.99572732 7.99379056 7.99616293 7.99013953 7.99398485
 7.99510386 7.99145794 7.99671143 7.99524902 7.99210992 7.99396028
 7.99502455 7.99485646 7.99377996 7.99648832 7.99190122 7.99237706
 7.99395308 7.99209791]
[7.93447635 7.93219067 7.9340019  7.93457914 7.93552947 7.93291291
 7.93396901 7.93088841 7.93269423 7.93306834 7.93696693 7.93763472
 7.93442154 7.93333934 7.93433158 7.93173627 7.93630903 7.93260291
 7.93366142 7.93250551]
[8.07671288 8.07851969 8.07599405 8.07761744 8.07783922 8.08008305
 8.07213232 8.07469399 8.07378893 8.07517731 8.07799674 8.07465078
 8.07335387 8.07566583 8.07470316 8.07275952 8.07428284 8.07282459
 8.07652459 8.07540322]
