Generating synthetic real valued data ... 
Generating synthetic  real valued data took:  19.698299884796143
Evaluation for true params: 
 test_rsme | train_rsme | rel-te-err | rel-tr-err |  test_nll  |  train_nll |
200.6973468242 200.4024464199  0.01620332  0.0161727915  287504.18    1149919.77 
Using  0.05 of training data
Factorizing with max_iteration = 8000  fixing covariance?:  False
Tensor dimensions:  [50, 50, 50]
Optimization metrics: 
Using Ada Grad
Mean update scheme:  S
Covariance update :  N
Using diagonal covariance?:  True
k1 samples =  64  k2 samples =  64
eta =  1  cov eta =  1  sigma eta =  1
iteration |   time   |test_rsme |rel-te-err|train_rsme|rel-tr-err|  d_mean  |   d_cov  | test_nll | train_nll  
    50        35.8     9900.423    0.9897   9902.7223    0.9897     3.1623     1.8517   287823.14   57564.63  
   100       119.91   9728.1686    0.9722   9730.4534    0.9722     3.0695     0.7541   287823.14   57564.63  
   200       239.22   9031.5191    0.9015   9033.7863    0.9015     2.8072     0.2613   287823.14   57564.63  
   500       499.54   4312.0159    0.4205   4314.6495    0.4206     1.8952     0.0499   287823.14   57564.63  
   1000      900.5     451.7147    0.0355    448.4296    0.0352     0.3513     0.0113   255379.04   51188.36  
   1500     1301.69    322.7669    0.026     316.074     0.0254     0.095      0.0051   245866.81   49001.6   
   2000     1702.63    314.1483    0.0253    306.7347    0.0247     0.0277     0.0032   245967.55   48776.84  
   2500     2103.48    313.6133    0.0253    305.9566    0.0246     0.0129     0.0022   246007.53   48876.61  
   3000     2504.56    313.5324    0.0253    305.8858    0.0246     0.0099     0.0017   246177.12   49148.56  
   3500     2905.56    313.6103    0.0253    305.8762    0.0246     0.0068     0.0013   246851.11   48958.86  
   4000     3306.48    313.5601    0.0253    305.8759    0.0246     0.0084     0.0011   246753.88   49194.4   
   4500     3707.38    313.5515    0.0253    305.8736    0.0246     0.0106     0.0009   246324.84   49032.35  
   5000     4108.39    313.6096    0.0253     305.87     0.0246     0.008      0.0008   247164.21   49184.57  
   5500     4509.34    313.537     0.0253     305.87     0.0246     0.0078     0.0007   247021.18   49198.86  
   6000     4910.32    313.5865    0.0253    305.8707    0.0246     0.0074     0.0006   247422.29   48984.02  
   6500     5311.19    313.5071    0.0253    305.8692    0.0246     0.007      0.0006    247895.3   49037.32  
   7000     5712.39    313.6018    0.0253    305.869     0.0246     0.0055     0.0005   247316.64   49218.93  
   7500     6114.08    313.614     0.0253    305.8671    0.0246     0.0071     0.0005   248096.68   49426.21  
   8000     6515.25    313.4878    0.0253    305.8682    0.0246     0.0069     0.0004   248084.25   49392.84  
[7.98892454 7.98657829 7.98703925 7.98691027 7.98265293 7.98481337
 7.98763685 7.98539413 7.98863783 7.98603475 7.98632139 7.98542779
 7.98832745 7.98641419 7.98786721 7.98801425 7.98878023 7.98713884
 7.98841983 7.98682441]
[7.93687788 7.93604384 7.9353409  7.93754146 7.93817026 7.93654982
 7.94032989 7.93405655 7.9346537  7.93703325 7.94012724 7.93932949
 7.93862283 7.93883797 7.93959073 7.93604495 7.9381749  7.9371103
 7.93713964 7.93463814]
[8.06805934 8.06824103 8.06326636 8.06762823 8.0704045  8.07224335
 8.06351477 8.06429407 8.06413055 8.06485875 8.06852589 8.06458203
 8.06558458 8.06830259 8.06461573 8.06354517 8.0657927  8.06642972
 8.06771192 8.06751537]
