Generating synthetic binary valued data ... 
Generating synthetic  binary valued data took:  0.3907890319824219
Evaluation for true params: 
 test_rsme | train_rsme | rel-te-err | rel-tr-err |  test_nll  |  train_nll |
    0.0          0.0          0.0          0.0         20.03        86.24    
Factorizing with max_iteration = 1500  fixing covariance?:  False
Tensor dimensions:  [5, 5, 5]
Optimization metrics: 
Using Ada Grad
Mean update scheme:  S
Covariance update :  N
Using diagonal covariance?:  False
Random start? True
k1 samples =  64  k2 samples =  64
eta =  1.0  cov eta =  1.0  sigma eta =  1
iteration |   time   |test_rsme |rel-te-err|train_rsme|rel-tr-err|  d_mean  |   d_cov  | test_nll | train_nll |    VLB   |  E-term  |    KL     
    0         0.31      1.4422      0.52      1.2806      0.41      3.1623     1.3956     20.51      66.81      -92.0     -82.424      9.6     
    5         2.09      1.1314      0.32      0.5657      0.08      3.1623     1.9673      14.7      27.83      -80.0     -69.069     11.214   
    10        4.31       0.8        0.16      0.4472      0.05      3.1074     1.3492      9.27      17.01      -77.0     -63.158     13.917   
    20        8.12      0.6928      0.12      0.6928      0.12      2.9668     1.4725     44.13      235.47     -81.0     -62.181     18.533   
    50       17.83      0.6928      0.12      0.6928      0.12      2.3809     1.4335     110.52     442.1      -89.0     -62.477     26.683   
   100       33.48      0.6928      0.12      0.6928      0.12      1.8416     2.1086     110.52     442.1      -95.0     -62.477     32.903   
   200       66.61      0.6928      0.12      0.6928      0.12      1.368      2.0099     110.52     442.1      -100.0    -62.477     37.803   
   300       101.3      0.6928      0.12      0.6928      0.12      1.1049     8.5518     110.52     442.1      -103.0    -62.477     40.525   
   400       135.12     0.6928      0.12      0.6928      0.12      0.9461     1.0515     110.52     442.1      -104.0    -62.477     41.296   
   500       168.43     0.6928      0.12      0.6928      0.12      0.856     16.8828     110.52     442.1      -104.0    -62.477     41.765   
   600       198.84     0.6928      0.12      0.6928      0.12      0.778      1.031      110.52     442.1      -105.0    -62.477     42.097   
   700       230.69     0.6928      0.12      0.6928      0.12      0.7065     1.0275     110.52     442.1      -105.0    -62.477     42.343   
   800       263.53     0.6928      0.12      0.6928      0.12      0.6638     1.0245     110.52     442.1      -105.0    -62.477     42.534   
   900       296.76     0.6928      0.12      0.6928      0.12      0.616      1.0219     110.52     442.1      -105.0    -62.477     42.689   
   1000      330.17     0.6928      0.12      0.6928      0.12      0.5883     1.0196     110.52     442.1      -105.0    -62.477     42.816   
   1100      362.85     0.6928      0.12      0.6928      0.12      0.551      1.0175     110.52     442.1      -105.0    -62.477     42.921   
   1200      395.4      0.6928      0.12      0.6928      0.12      0.5284     1.0156     110.52     442.1      -105.0    -62.477     43.012   
   1300      427.96     0.6928      0.12      0.6928      0.12      0.5051     1.0139     110.52     442.1      -106.0    -62.477     43.092   
   1400      460.44     0.6928      0.12      0.6928      0.12      0.483      1.0123     110.52     442.1      -106.0    -62.477     43.161   
   1500      493.24     0.6928      0.12      0.6928      0.12      0.4685     1.0108     110.52     442.1      -106.0    -62.477     43.222   
[-57.15879865 -57.99008755 -57.32089413  56.55893371 -57.5721167
  57.68499088 -55.13797805 -57.27810978  57.98460281  57.45294506
  56.46686321 -57.91470178 -56.85716968 -55.93536445  58.06923515
 -56.15976555  58.98630018 -55.92333348  58.40488086  56.97609216]
[ 58.31856591  58.12937803 -59.69927322  58.40113762  57.81529526
  58.14268782  56.79244912  57.31471761  59.26813195  56.72418201
 -57.05831262 -59.35808078 -57.69580605  58.77714844 -57.25950855
 -57.43102898 -56.00567042 -59.10796052 -56.86163095 -56.50103016]
[ 57.44806602  58.24734448 -57.23298466 -56.91360484  57.16477482
 -56.25054095  56.59506279  57.30500222 -57.25282174 -56.25486573
  58.53234344 -56.00730719 -58.82015237  58.72215436  57.21748718
 -57.1627246   58.41029124 -55.72800644  59.0085157   56.89012523]
