Generating synthetic binary valued data ... 
Generating synthetic  binary valued data took:  0.455935001373291
Evaluation for true params: 
 test_rsme | train_rsme | rel-te-err | rel-tr-err |  test_nll  |  train_nll |
    0.0          0.0          0.0          0.0         20.03        86.24    
Factorizing with max_iteration = 1500  fixing covariance?:  False
Tensor dimensions:  [5, 5, 5]
Optimization metrics: 
Using Ada Grad
Mean update scheme:  S
Covariance update :  N
Using diagonal covariance?:  False
Random start? True
k1 samples =  64  k2 samples =  64
eta =  1.0  cov eta =  1.0  sigma eta =  1
iteration |   time   |test_rsme |rel-te-err|train_rsme|rel-tr-err|  d_mean  |   d_cov  | test_nll | train_nll |    VLB   |  E-term  |    KL     |   dw   |
    0         0.41      1.3266      0.44      1.3115      0.43      3.1623    40.3631     18.43      70.47      -91.0     -81.773      9.13       0.0    
    5         2.73      1.5492      0.6       1.1832      0.35      3.1623    404.7474    18.92      63.56      -149.0    -79.219     69.702     0.7845  
    10        5.37      1.4422      0.52      0.8718      0.19      2.8502    388.4744    18.19      48.98      -145.0    -74.296     71.12      0.4412  
    20        10.1      0.5657      0.08       0.4        0.04      1.972      8.3641      5.82       18.5      -122.0    -65.336     56.756     0.008   
    50       22.59       0.4        0.04      0.5292      0.07      1.5369     0.1418      4.72      17.82      -114.0    -64.684     49.586     0.0014  
   100       44.55       0.0        0.0        0.2        0.01      1.1155      0.03       3.45      11.19      -106.0    -62.466     43.805     0.0005  
   200       90.27       0.4        0.04       0.0        0.0       0.596      0.0091      2.88       9.82      -101.0     -61.83     39.272     0.0001  
   300       135.72      0.4        0.04      0.2828      0.02      0.3236     0.004       2.87       9.38      -97.0     -61.452     35.959     0.0001  
   400       181.35      0.4        0.04       0.2        0.01      0.3151     0.0027      2.87       9.63      -96.0     -61.561     34.327      0.0    
   500       226.64      0.4        0.04       0.2        0.01      0.3022     0.002       3.16       9.91      -94.0     -61.525     32.46       0.0    
   600       271.42      0.0        0.0        0.2        0.01      0.2577     0.0009      3.13       9.71      -93.0     -61.848     31.105      0.0    
   700       317.89      0.4        0.04       0.0        0.0       0.2241     0.0008      2.66       9.14      -92.0     -61.339     30.348      0.0    
   800       361.95      0.4        0.04       0.2        0.01      0.1742     0.0006      2.82       9.23      -91.0     -61.717     29.021      0.0    
   900       406.09      0.4        0.04       0.2        0.01      0.2433     0.0006      2.79       9.47      -90.0     -61.621     28.279      0.0    
   1000      453.08      0.4        0.04       0.0        0.0       0.2037     0.0006      3.16       9.82      -89.0     -61.831     27.601      0.0    
   1100      498.66      0.4        0.04       0.2        0.01      0.223      0.0006      3.1        9.53      -88.0     -61.426     26.976      0.0    
   1200      544.93      0.4        0.04       0.2        0.01      0.1846     0.0005      3.1        9.24      -88.0      -61.49     26.226      0.0    
   1300      591.42      0.4        0.04       0.2        0.01      0.187      0.0005      3.31       9.54      -87.0     -61.692     25.597      0.0    
   1400      636.57      0.4        0.04       0.0        0.0       0.1088     0.0005      3.04       9.9       -87.0     -61.796     25.149      0.0    
   1500      680.92      0.0        0.0        0.2        0.01      0.2072     0.0005      2.91       9.52      -86.0     -61.734     24.659      0.0    
[0.68052013 0.71943329 0.68967886 0.65896681 0.63485516 0.73091303
 0.77393967 0.61596292 0.65031444 2.64108167 0.790661   0.5231868
 0.74791993 0.77119299 0.80056136 0.5830494  0.94472146 0.53285993
 0.88746268 1.47047648]
[0.52382779 0.59796122 0.55769438 0.50943204 0.57897028 0.589759
 0.55827077 0.44462346 0.65698761 3.01140915 0.59390551 0.45342361
 0.57381601 0.57403853 0.54564219 0.67412549 0.64002586 0.31797333
 0.62627745 0.38926174]
[ 0.84182315  0.78113433  0.79084994  0.77820506  0.77815451  0.76520075
  0.78205928  0.87476182  0.74456103 -1.82827829  0.72261388  0.85783597
  0.74589851  0.77954811  0.67471941  0.77107509  0.68220104  0.97108838
  0.68450174  0.4622626 ]
