Generating synthetic binary valued data ... 
Generating synthetic  binary valued data took:  0.4588892459869385
Evaluation for true params: 
 test_rsme | train_rsme | rel-te-err | rel-tr-err |  test_nll  |  train_nll |
    0.0          0.0          0.0          0.0         20.03        86.24    
Factorizing with max_iteration = 1500  fixing covariance?:  False
Tensor dimensions:  [5, 5, 5]
Optimization metrics: 
Using Ada Grad
Mean update scheme:  S
Covariance update :  N
Using diagonal covariance?:  False
Random start? True
k1 samples =  64  k2 samples =  64
eta =  1.0  cov eta =  1.0  sigma eta =  1
iteration |   time   |test_rsme |rel-te-err|train_rsme|rel-tr-err|  d_mean  |   d_cov  | test_nll | train_nll |    VLB   |  E-term  |    KL     |   dw   |
    0         0.3        1.6        0.64      1.3115      0.43      3.1623     1.3733     19.63      64.45      -92.0     -82.834     9.601      0.0039  
    5         2.31      1.1314      0.32      0.5657      0.08      3.1623     1.933      14.04      27.31      -79.0     -68.786     10.382      0.0    
    10        4.95       0.8        0.16      0.5657      0.08      3.1174     1.3694      8.54      19.26      -76.0     -62.687     12.965      0.0    
    20        9.13      0.6928      0.12      0.6928      0.12      2.9611     1.4009      78.1      240.83     -80.0     -62.287     17.937      0.0    
    50       19.09      0.6928      0.12      0.6928      0.12      2.3805     1.4414     110.52     442.1      -89.0     -62.477     26.46       0.0    
   100       34.76      0.6928      0.12      0.6928      0.12      1.8902     1.8238     110.52     442.1      -95.0     -62.477     32.804      0.0    
   200        65.3      0.6928      0.12      0.6928      0.12      1.4647     5.0637     110.52     442.1      -100.0    -62.477     37.257      0.0    
   300       95.54      0.6928      0.12      0.6928      0.12      1.1401     6.4252     110.52     442.1      -102.0    -62.477     39.373      0.0    
   400       128.42     0.6928      0.12      0.6928      0.12      0.9577     1.2014     110.52     442.1      -103.0    -62.477     40.109      0.0    
   500       160.48     0.6928      0.12      0.6928      0.12      0.8558     1.1711     110.52     442.1      -103.0    -62.477     40.586      0.0    
   600       191.17     0.6928      0.12      0.6928      0.12      0.7746     1.166      110.52     442.1      -105.0    -62.477     42.332      0.0    
   700       223.7      0.6928      0.12      0.6928      0.12      0.7143     1.1346     110.52     442.1      -106.0    -62.477     43.829      0.0    
   800       255.98     0.6928      0.12      0.6928      0.12      0.6533     1.131      110.52     442.1      -107.0    -62.477     44.023      0.0    
   900       289.4      0.6928      0.12      0.6928      0.12      0.6206     1.1279     110.52     442.1      -107.0    -62.477     44.18       0.0    
   1000      321.81     0.6928      0.12      0.6928      0.12      0.5883     1.1251     110.52     442.1      -107.0    -62.477     44.308      0.0    
   1100      353.12     0.6928      0.12      0.6928      0.12      0.5556    18.2693     110.52     442.1      -107.0    -62.477     44.418      0.0    
   1200      383.42     0.6928      0.12      0.6928      0.12      0.5305     1.1202     110.52     442.1      -107.0    -62.477     44.509      0.0    
   1300      413.61     0.6928      0.12      0.6928      0.12      0.5035     1.1181     110.52     442.1      -108.0    -62.477     45.755      0.0    
   1400      444.05     0.6928      0.12      0.6928      0.12      0.4924     1.1162     110.52     442.1      -108.0    -62.477     45.823      0.0    
   1500      474.25     0.6928      0.12      0.6928      0.12      0.4666    35.3069     110.52     442.1      -108.0    -62.477     45.884      0.0    
[-56.18833109 -57.71757609 -57.39915568  57.57387297 -57.58333744
  57.78023871 -54.9040785  -57.32175836  58.05025568  57.48398175
  56.40259169 -57.95500314 -56.80632775 -55.96614975  58.07196621
  58.40808486  59.04703096 -55.7821191   58.16249614  56.98480686]
[ 58.63283901  57.18977362 -59.78292142  58.19372457  57.91724928
  58.26546605  57.13009758  57.41159327  59.25495411  56.82229925
 -57.11934324 -59.45349317 -57.77913779  58.86130561 -57.4190555
 -57.71895228 -56.16488556 -59.24643538 -56.68664289 -56.59012418]
[ 58.0837707   57.79454154 -57.2368611  -56.45961489  57.10868413
 -56.26831612  56.82084994  57.14107057 -57.119602   -56.25929005
  58.42408273 -55.98512634 -58.76411442  58.70853563  57.23200689
  58.39527625  58.42052137 -55.72660138  58.86217904  57.12032623]
