Generating synthetic count valued data ... 
Generating synthetic  count valued data took:  0.5403542518615723
max_count =  13.0  min count =  0.0
Evaluation for true params: 
 test_rsme | train_rsme | rel-te-err | rel-tr-err |  test_nll  |  train_nll |
    0.0          0.0          0.0          0.0         109.0        396.75   
Factorizing with max_iteration = 10000  fixing covariance?:  False
Tensor dimensions:  [5, 5, 5]
Optimization metrics: 
Using Ada Grad
Mean update scheme:  S
Covariance update :  N
Using diagonal covariance?:  False
Random start? True
k1 samples =  64  k2 samples =  64
eta =  1.0  cov eta =  1.0  sigma eta =  1
iteration |   time   |test_rsme |rel-te-err|train_rsme|rel-tr-err|  d_mean  |   d_cov  | test_nll | train_nll |    VLB   |  E-term  |    KL     
    0         0.39      5.6391      4.52      4.0915      3.36      3.1623     2.955      65.43      230.87     -555.0    -546.046    9.091    
    5         2.72      6.7882      5.2      11.9507      7.6       3.1623     3.2653     69.16      414.43     -641.0    -627.037    14.151   
    10        5.55     17.7708      11.0     23.4327     14.25      3.0601     0.7281     100.86     627.74    -1061.0   -1042.563    18.531   
    20       10.15     32.5595     19.96     29.8898      17.7      2.5155     0.4932     253.25     953.77    -1346.0    -1325.66    20.399   
    50       23.38     95.1594     46.92     76.3447     34.44      2.5888     0.6417    1109.91     4974.0    -3092.0    -3056.9     34.932   
   100       42.64     87.6379     43.04     75.1067     33.74      2.0933     0.6407    1542.37    8269.76    -3081.0   -3032.954    48.293   
   200       78.69      5.6991      3.52      4.8062      3.2       1.4675     0.8953    3359.57    10922.44    -631.0    -573.79     57.515   
   300       115.39     5.6991      3.52      4.9285      3.31      1.2316     0.6091    3359.57    12588.04    -645.0    -584.176    60.552   
   400       150.97     5.6991      3.52      4.9285      3.31      1.0903     1.7162    3359.57    12588.04    -647.0    -584.176    62.55    
   500       186.28     5.6991      3.52      4.9285      3.31      0.9586     0.6887    3359.57    12588.04    -649.0    -584.176    64.38    
   600       221.56     5.6991      3.52      4.9285      3.31      1.0296     0.4884    3359.57    12588.04    -649.0    -584.176    65.206   
   700       255.32     5.6991      3.52      4.9285      3.31      1.0602     0.4779    3359.57    12588.04    -651.0    -584.176    66.402   
   800       289.24     5.6991      3.52      4.9285      3.31      0.8015     0.4771    3359.57    12588.04    -651.0    -584.176    67.022   
   900       322.78     5.6991      3.52      4.9285      3.31      0.7497     0.4707    3359.57    12588.04    -652.0    -584.176    67.571   
   1000      356.95     5.6991      3.52      4.9285      3.31      0.8088     2.2301    3359.57    12588.04    -653.0    -584.176    68.455   
   1100      391.02     5.6991      3.52      4.9285      3.31      0.7022     0.7994    3359.57    12588.04    -654.0    -584.176    70.069   
   1200      424.8      5.6991      3.52      4.9285      3.31      0.7605     0.458     3359.57    12588.04    -655.0    -584.176    71.001   
   1300      458.8      5.6991      3.52      4.9285      3.31      0.5825     0.4517    3359.57    12588.04    -655.0    -584.176    71.157   
   1400      492.46     5.6991      3.52      4.9285      3.31      0.6015     0.9058    3359.57    12588.04    -656.0    -584.176    71.356   
   1500      526.38     5.6991      3.52      4.9285      3.31      0.6333     0.451     3359.57    12588.04    -656.0    -584.176    71.55    
   1600      560.15     5.6991      3.52      4.9285      3.31      0.685      0.4507    3359.57    12588.04    -656.0    -584.176    71.69    
   1700      593.7      5.6991      3.52      4.9285      3.31      0.5172     0.4504    3359.57    12588.04    -656.0    -584.176    71.844   
   1800      627.45     5.6991      3.52      4.9285      3.31      0.5711     0.5277    3359.57    12588.04    -657.0    -584.176    72.919   
   1900      661.16     5.6991      3.52      4.9285      3.31      0.5672     0.9853    3359.57    12588.04    -657.0    -584.176    73.009   
   2000      695.21     5.6991      3.52      4.9285      3.31      0.566      2.6706    3359.57    12588.04    -658.0    -584.176    73.35    
   2100      730.66     5.6991      3.52      4.9285      3.31      0.5737     0.4495    3359.57    12588.04    -658.0    -584.176    73.442   
   2200      764.25     5.6991      3.52      4.9285      3.31      0.5513     0.4493    3359.57    12588.04    -658.0    -584.176    73.651   
   2300      797.92     5.6991      3.52      4.9285      3.31      0.547      0.4491    3359.57    12588.04    -658.0    -584.176    73.73    
   2400      831.46     5.6991      3.52      4.9285      3.31      0.4838     1.7853    3359.57    12588.04    -658.0    -584.176    73.797   
   2500      865.44     5.6991      3.52      4.9285      3.31      0.4692     0.4488    3359.57    12588.04    -659.0    -584.176    74.621   
   2600      899.32     5.6991      3.52      4.9285      3.31      0.4907     2.9039    3359.57    12588.04    -659.0    -584.176    74.675   
   2700      932.84     5.6991      3.52      4.9285      3.31      0.4757     0.4485    3359.57    12588.04    -659.0    -584.176    74.717   
   2800      966.71     5.6991      3.52      4.9285      3.31      0.4544     0.4483    3359.57    12588.04    -659.0    -584.176    74.792   
   2900     1000.26     5.6991      3.52      4.9285      3.31      0.419      0.4482    3359.57    12588.04    -659.0    -584.176    75.14    
   3000     1034.12     5.6991      3.52      4.9285      3.31      0.4333     1.0489    3359.57    12588.04    -659.0    -584.176    75.17    
   3100      1068.0     5.6991      3.52      4.9285      3.31      0.4477     3.2335    3359.57    12588.04    -659.0    -584.176    75.213   
   3200     1101.73     5.6991      3.52      4.9285      3.31      0.4369     0.4478    3359.57    12588.04    -659.0    -584.176    75.243   
   3300     1135.43     5.6991      3.52      4.9285      3.31      0.387      1.8822    3359.57    12588.04    -660.0    -584.176    75.399   
   3400     1169.32     5.6991      3.52      4.9285      3.31      0.4018     0.4475    3359.57    12588.04    -660.0    -584.176    75.425   
   3500     1202.79     5.6991      3.52      4.9285      3.31      0.4533     0.4474    3359.57    12588.04    -660.0    -584.176    75.53    
   3600     1237.03     5.6991      3.52      4.9285      3.31      0.4073     5.4029    3359.57    12588.04    -660.0    -584.176    75.57    
   3700     1271.03     5.6991      3.52      4.9285      3.31      0.4248     0.4472    3359.57    12588.04    -660.0    -584.176    75.599   
   3800      1305.0     5.6991      3.52      4.9285      3.31      0.3926     0.4471    3359.57    12588.04    -660.0    -584.176    76.018   
   3900     1339.18     5.6991      3.52      4.9285      3.31      0.4413     0.447     3359.57    12588.04    -660.0    -584.176    76.034   
   4000     1372.97     5.6991      3.52      4.9285      3.31      0.4699     0.4469    3359.57    12588.04    -660.0    -584.176    76.059   
