Generating synthetic real valued data ... 
Generating synthetic  real valued data took:  0.7886972427368164
Evaluation for true params: 
 test_rsme | train_rsme | rel-te-err | rel-tr-err |  test_nll  |  train_nll |
    0.0          0.0          0.0          0.0         287.82       1131.0   
Factorizing with max_iteration = 1500  fixing covariance?:  False
Tensor dimensions:  [5, 5, 5]
Optimization metrics: 
Using Ada Grad
Mean update scheme:  S
Covariance update :  N
Using diagonal covariance?:  False
Random start? True
k1 samples =  64  k2 samples =  64
eta =  1.0  cov eta =  1.0  sigma eta =  1
iteration |   time   |test_rsme |rel-te-err|train_rsme|rel-tr-err|  d_mean  |   d_cov  | test_nll | train_nll |    VLB   |  E-term  |    KL     
    0         0.91    10599.6855   0.9973   10567.8592   0.9968     3.1623     4.4399     287.82    1151.29    -1160.0   -1151.293    8.712    
    5        13.43    10503.5903   0.9882   10467.5671   0.9874     3.1623     4.4301     287.82    1151.29    -1197.0   -1151.293    45.761   
    10        25.5    10311.0624   0.9699   10270.3107   0.9688     3.0557     0.4412     287.82    1151.29    -1207.0   -1151.293    55.221   
    20       44.04    9564.9547    0.899    9513.9293    0.8972     2.7859     0.0782     287.82    1151.29    -1219.0   -1151.293    67.928   
    50       86.03    4689.1504    0.4327    4609.058    0.4302     1.811      0.0118     287.82    1151.29    -1238.0   -1151.293    86.864   
   100       151.32    596.5511    0.0421    402.2816    0.0296     0.2613     0.0021     280.42    1128.36    -1239.0   -1143.956    94.736   
   200       279.66    256.0576    0.018     155.6529    0.0118     0.0214     0.0007     270.92    1074.13    -1218.0   -1121.235    96.396   
   300       414.09    247.5877    0.0175    148.9887    0.0114     0.0057     0.0004     282.68     1113.1    -1239.0   -1142.218    96.821   
   400       548.94    245.594     0.0174    146.3157    0.0112     0.0055     0.0004     279.92    1106.75    -1239.0   -1142.414    97.039   
   500       685.7     243.6634    0.0172    143.805     0.011      0.0053     0.0004     274.16    1104.59    -1239.0   -1141.519    97.193   
   600       821.37    241.7396    0.0171    141.3929    0.0108     0.0052     0.0004     272.67    1104.13    -1240.0   -1142.902    97.316   
   700       955.45    239.8428    0.017     139.0679    0.0106     0.005      0.0004     272.3     1100.09    -1238.0   -1140.081    97.42    
   800      1090.33    238.0129    0.0168    136.8191    0.0104     0.0049     0.0003     272.24    1099.03    -1235.0   -1137.325    97.515   
   900       1225.4    236.1889    0.0167    134.6378    0.0103     0.0048     0.0003     271.42    1091.34    -1238.0   -1140.608    97.608   
   1000      1358.0    234.3953    0.0166    132.5175    0.0101     0.0046     0.0004     270.53    1089.43    -1230.0    -1132.12    97.695   
