Generating synthetic real valued data ... 
Generating synthetic  real valued data took:  0.7686874866485596
Evaluation for true params: 
 test_rsme | train_rsme | rel-te-err | rel-tr-err |  test_nll  |  train_nll |
    0.0          0.0          0.0          0.0         287.82       1131.0   
Factorizing with max_iteration = 1500  fixing covariance?:  False
Tensor dimensions:  [5, 5, 5]
Optimization metrics: 
Using Ada Grad
Mean update scheme:  S
Covariance update :  N
Using diagonal covariance?:  False
Random start? True
k1 samples =  64  k2 samples =  64
eta =  1.0  cov eta =  1.0  sigma eta =  1
iteration |   time   |test_rsme |rel-te-err|train_rsme|rel-tr-err|  d_mean  |   d_cov  | test_nll | train_nll |    VLB   |  E-term  |    KL     |   dw   |
    0         1.14    10599.5435   0.9973   10567.7662   0.9968     3.1623     4.4391     287.82    1151.29    -1160.0   -1151.293    8.712      0.0213  
    5        12.86    10503.0184   0.9881   10466.9658   0.9873     3.1623     4.4305     287.82    1151.29    -1197.0   -1151.293    45.681     0.0001  
    10       24.83    10309.8136   0.9698   10268.9649   0.9686     3.0532     0.4278     287.82    1151.29    -1206.0   -1151.293    55.076     0.0001  
    20       43.92    9561.9626    0.8988   9510.7622    0.8969     2.7857     0.0772     287.82    1151.29    -1219.0   -1151.293    67.758      0.0    
    50       84.41    4683.0467    0.4321   4603.3066    0.4296     1.8088     0.0118     287.82    1151.29    -1238.0   -1151.293    86.717      0.0    
   100       148.64    595.976     0.0418    401.8839    0.0296     0.261      0.0019     287.82    1134.23    -1239.0   -1144.477    94.582      0.0    
   200       272.84    255.4568    0.0179    153.3607    0.0116     0.0212     0.0006     263.83    1063.83    -1223.0   -1126.666    96.239      0.0    
   300       395.03    246.6654    0.0174    146.9398    0.0112     0.0055     0.0004     272.53    1111.44    -1238.0   -1141.137    96.654      0.0    
   400       517.62    244.7367    0.0172    144.4853    0.011      0.0053     0.0004     273.1     1100.13    -1237.0   -1139.883    96.883      0.0    
   500       639.18    242.878     0.0171    142.1731    0.0109     0.0052     0.0004     270.7     1093.13    -1236.0    -1139.43    97.039      0.0    
   600       755.59    241.0782    0.017     139.9426    0.0107     0.0051     0.0004     270.6     1096.89    -1236.0   -1139.302    97.158      0.0    
   700       879.12    239.2852    0.0169    137.7845    0.0105     0.0049     0.0004     270.55    1087.77    -1234.0   -1137.015    97.267      0.0    
   800       999.59    237.5564    0.0168    135.6892    0.0103     0.0048     0.0003     270.17    1091.58    -1234.0   -1137.028    97.365      0.0    
   900      1123.03    235.8041    0.0167    133.6496    0.0102     0.0047     0.0003     270.29    1088.35    -1227.0   -1129.915    97.455      0.0    
   1000     1247.38    234.1035    0.0165    131.6607     0.01      0.0046     0.0003     271.73    1087.27    -1234.0   -1136.498    97.542      0.0    
   1100     1369.64    232.3678    0.0165    129.7165    0.0098     0.0045     0.0003     271.6     1082.99    -1229.0   -1131.351    97.625      0.0    
