Generating synthetic real valued data ... 
Generating synthetic  real valued data took:  0.5900132656097412
Evaluation for true params: 
 test_rsme | train_rsme | rel-te-err | rel-tr-err |  test_nll  |  train_nll |
    0.0          0.0          0.0          0.0         287.82       1131.0   
Factorizing with max_iteration = 1500  fixing covariance?:  False
Tensor dimensions:  [5, 5, 5]
Optimization metrics: 
Using Ada Grad
Mean update scheme:  S
Covariance update :  N
Using diagonal covariance?:  False
Random start? True
k1 samples =  64  k2 samples =  64
eta =  1.0  cov eta =  1.0  sigma eta =  1
iteration |   time   |test_rsme |rel-te-err|train_rsme|rel-tr-err|  d_mean  |   d_cov  | test_nll | train_nll |    VLB   |  E-term  |    KL     |   dw   |
    0         1.79    10599.5435   0.9973   10567.7662   0.9968     3.1623     4.4717     287.82    1151.29    -1160.0   -1151.293    8.711       0.0    
    5        16.45    10503.0157   0.9881   10466.9662   0.9873     3.1623     4.4717     287.82    1151.29    -1254.0   -1151.293   102.414      0.0    
    10        31.1    10309.8381   0.9698   10268.9971   0.9686     3.0527      0.0       287.82    1151.29    -1259.0   -1151.293   107.972      0.0    
    20       54.24    9562.0546    0.8988   9510.8638    0.8969     2.7858      0.0       287.82    1151.29    -1267.0   -1151.293   116.073      0.0    
    50       111.64   4683.2187    0.4321   4603.5166    0.4296     1.8089      0.0       287.82    1151.29    -1279.0   -1151.293   128.139      0.0    
   100       203.7     595.8073    0.0418    401.7561    0.0296     0.2608      0.0       287.82     1130.4    -1263.0   -1130.988   131.965      0.0    
   200       382.2     255.4436    0.0179    153.3721    0.0116     0.0212      0.0       264.46    1065.92    -1208.0   -1076.294   132.055      0.0    
   300       559.33    246.6332    0.0174    146.9605    0.0112     0.0055      0.0       272.4     1107.83    -1242.0   -1109.631   132.045      0.0    
   400       736.99    244.7099    0.0172    144.5092    0.011      0.0053      0.0       271.64    1105.69    -1241.0   -1108.981   132.043      0.0    
   500       915.08    242.8671    0.0171    142.1998    0.0109     0.0052      0.0       270.78     1099.5    -1242.0   -1109.922   132.042      0.0    
   600      1092.67    241.0752    0.017     139.9716    0.0107     0.005       0.0       270.42    1092.71    -1251.0   -1118.632   132.042      0.0    
   700       1271.0    239.2697    0.0169    137.8144    0.0105     0.0049      0.0       270.55    1091.76    -1228.0   -1095.951   132.041      0.0    
