Generating synthetic count valued data ... 
Generating synthetic  count valued data took:  9.24655294418335
max_count =  19  min count =  0
Using  0.2  of training data 
Tensor dimensions:  [50, 50, 50]
Optimization metrics: 
Using Ada Grad
Mean update scheme:  S
Covariance update :  N
k1 samples =  64  k2 samples =  64
eta =  1  cov eta =  1  sigma eta =  1
iteration |   time   |test_rsme |train_rsme|  d_mean  |   d_cov  | test_nll | train_nll     dw   
   100       145.47     4.2238     4.2617     0.3143     0.2851   128071.33  103978.89    0.0001  
   200       477.09     4.1734     4.2111     0.2954     0.0235   118992.84   96557.83     0.0    
   300       808.29     3.9828     4.0187     0.2829     0.0241    96892.46   78566.33     0.0    
   400      1140.31     3.5864     3.6186     0.2632     0.0167    70585.37   57212.2      0.0    
   500      1470.09     3.0697     3.097      0.2244      0.01     51080.02   41391.6      0.0    
   600      1803.45     2.5928     2.6141     0.2101     0.0106    40172.13   32545.12     0.0    
   700      2134.18     2.2138     2.2318     0.2017     0.0107    34509.17   27951.86    0.0001  
   800      2464.55     1.9298     1.9408     0.1506     0.0105    31473.65   25473.57     0.0    
   900      2794.44     1.7137     1.7238     0.1083     0.0107    29725.57   24052.47     0.0    
   1000     3123.89     1.5523     1.5617     0.188      0.0098    28670.91   23195.03     0.0    
   1100     3453.67     1.4343     1.439      0.1173     0.0104    27985.76   22631.24     0.0    
   1200     3783.27     1.3473     1.3502     0.2098     0.0089    27568.47   22289.42     0.0    
   1300     4112.31     1.2839     1.2863     0.1603     0.0084    27273.65   22056.72     0.0    
   1400     4445.12     1.2353     1.2354     0.0588     0.008     27081.07   21893.87     0.0    
   1500     4773.75     1.2049     1.2039     0.117      0.0074    26950.03   21795.78     0.0    
   1600     5101.87     1.1828     1.1779     0.1418     0.0071    26884.74   21729.26     0.0    
   1700     5430.98     1.1601     1.1542     0.0673     0.0067    26784.9    21647.32     0.0    
   1800     5759.33     1.1417     1.1361     0.1705     0.0062    26723.4    21596.21     0.0    
   1900     6087.64     1.1302     1.1262     0.1307     0.0059    26682.77   21570.78     0.0    
   2000     6419.96     1.1258     1.1182     0.1936     0.0057    26692.54   21565.38     0.0    
   2100     6755.03     1.1178     1.1116     0.0982     0.0054    26652.44   21538.38     0.0    
   2200      7086.7     1.1106     1.1041     0.1611     0.0051    26632.89   21517.5      0.0    
   2300     7416.27     1.1029     1.0958      0.11      0.0048    26579.89   21475.12     0.0    
   2400     7744.88     1.1008     1.0931     0.1289     0.0045    26587.23   21487.26     0.0    
   2500     8073.56     1.0988     1.0912     0.0835     0.0044    26586.59   21486.07     0.0    
   2600     8402.65     1.0955     1.0889     0.0651     0.0042    26578.4    21473.86     0.0    
   2700      8732.0     1.0965     1.0876     0.0902     0.0039    26590.81   21480.29     0.0    
   2800     9060.52     1.0925     1.082      0.1136     0.0038    26566.33   21452.57     0.0    
   2900     9389.49     1.0916     1.0819     0.1182     0.0036    26555.4    21458.58     0.0    
   3000     9717.91     1.0882     1.081      0.0668     0.0034    26539.27   21448.88     0.0    
   3100     10053.4     1.0857     1.0784     0.1625     0.0033    26525.99   21431.54     0.0    
   3200     10384.1     1.0864     1.077      0.0505     0.0035    26525.93   21437.5      0.0    
   3300     10713.2     1.0886     1.0828     0.0775     0.003     26553.28   21458.06     0.0    
   3400     11042.19    1.0858     1.0777     0.1119     0.003     26542.38   21445.07     0.0    
   3500     11371.24    1.0827     1.075      0.0675     0.0031    26496.98   21414.51     0.0    
   3600     11701.64    1.0872     1.0763     0.1137     0.0028    26534.72   21436.17     0.0    
   3700     12031.8     1.0883     1.0809     0.1223     0.0026    26537.46   21447.6      0.0    
   3800     12367.06    1.0858     1.0769     0.1144     0.0025    26520.39   21428.0      0.0    
   3900     12702.41    1.0853     1.077      0.087      0.0025    26531.59   21439.56     0.0    
   4000     13032.24    1.0858     1.0766     0.0873     0.0025    26538.82   21438.2      0.0    
Using  0.4  of training data 
Tensor dimensions:  [50, 50, 50]
Optimization metrics: 
Using Ada Grad
Mean update scheme:  S
Covariance update :  N
k1 samples =  64  k2 samples =  64
eta =  1  cov eta =  1  sigma eta =  1
iteration |   time   |test_rsme |train_rsme|  d_mean  |   d_cov  | test_nll | train_nll     dw   
   100       141.62     4.1696     4.1926     0.0417     0.906     89557.97  144864.79    0.0001  
   200       547.93     4.1946     4.2181     0.0234     0.2844   108815.51  176043.75    0.0001  
   300       954.31     4.2022     4.2261     0.023      0.1625   116148.31  187883.09    0.0001  
   400      1360.65     4.2072     4.231      0.0214     0.1139   119746.37  193685.08     0.0    
   500      1767.43     4.211      4.2351     0.022      0.0853    121822.2   197028.9     0.0    
   600       2173.5     4.214      4.2375     0.0237     0.0655   123155.15  199175.37     0.0    
   700       2580.5     4.2163     4.2402     0.0236     0.0539   124077.86  200660.77     0.0    
   800       2986.2     4.2181     4.2424     0.0224     0.0447   124743.31  201731.64     0.0    
   900       3393.3     4.2203     4.2444     0.0217     0.0383   125242.67   202535.2     0.0    
   1000     3800.28     4.2218     4.2455     0.0236     0.0329   125626.46   203152.9     0.0    
   1100     4209.07     4.2229     4.2472     0.0225     0.0287   125921.33  203627.18     0.0    
   1200     4614.63     4.224      4.2482     0.0294     0.0253   126146.09  203988.46     0.0    
   1300     5019.86     4.225      4.2492     0.0271     0.0227   126309.73  204251.22     0.0    
   1400      5424.1     4.2258     4.2498     0.0306     0.0204   126413.33  204417.07     0.0    
   1500     5831.17     4.226      4.2502     0.0336     0.0186   126449.51  204473.85     0.0    
   1600     6236.72     4.2263     4.2501     0.0373     0.0171    126396.5  204386.84     0.0    
   1700     6641.75     4.2257     4.2496     0.0474     0.0158   126218.93  204098.55     0.0    
   1800     7046.27     4.224      4.2482     0.056      0.0146   125837.09  203479.11     0.0    
   1900     7451.13     4.2209     4.2448     0.0669     0.0138    125097.4   202280.8     0.0    
   2000     7858.06     4.2138     4.2374     0.0807     0.0132   123657.01   199949.2     0.0    
   2100     8260.94     4.1974     4.2214     0.1104     0.0132   120732.99  195216.75     0.0    
   2200     8664.94     4.1608     4.1843     0.1552     0.0144   114753.88  185546.25     0.0    
   2300     9066.48     4.0786     4.1014     0.1681     0.0166   103847.54  167881.88     0.0    
   2400     9467.63     3.9133     3.9364     0.1921     0.0223    87990.22  142236.58     0.0    
   2500     9868.48     3.6475     3.6684     0.1941     0.0237    70877.72  114586.54     0.0    
   2600     10267.42    3.3092     3.3274     0.1797     0.0212    56598.1    91522.92     0.0    
   2700     10665.79    2.9598     2.9766     0.1508     0.0172    46611.55   75408.62     0.0    
   2800     11063.38    2.6474     2.662      0.144      0.014     40245.81   65128.62     0.0    
   2900     11465.15    2.3715     2.3829     0.1321     0.0129    36035.79   58319.94     0.0    
   3000     11861.97    2.1454     2.1546     0.1097     0.0126    33330.76   53955.35     0.0    
   3100     12258.17    1.9563     1.9653     0.1249     0.0116    31488.76   50963.88     0.0    
   3200     12654.64    1.801      1.8063     0.1039     0.0109    30207.13   48894.59     0.0    
   3300     13051.02    1.6738      1.68      0.0832     0.0103    29308.7    47443.39     0.0    
   3400     13446.71    1.569      1.5739     0.1022     0.0096    28632.36   46360.14     0.0    
   3500     13842.47    1.4812     1.486      0.061      0.0087    28139.9    45565.67     0.0    
   3600     14237.54    1.4136     1.4164     0.0952     0.0085    27796.96   44993.06     0.0    
   3700     14642.9     1.3617     1.3609     0.1121     0.0081    27542.34   44582.68     0.0    
   3800     15047.45    1.3102     1.3125     0.0865     0.0075    27294.43   44190.72     0.0    
   3900     15454.11    1.2702     1.2717     0.0525     0.0069    27126.33   43923.27     0.0    
   4000     15858.33    1.2387     1.2387     0.0804     0.0069    27010.28   43719.91     0.0    
Using  0.6  of training data 
Tensor dimensions:  [50, 50, 50]
Optimization metrics: 
Using Ada Grad
Mean update scheme:  S
Covariance update :  N
k1 samples =  64  k2 samples =  64
eta =  1  cov eta =  1  sigma eta =  1
iteration |   time   |test_rsme |train_rsme|  d_mean  |   d_cov  | test_nll | train_nll     dw   
   100       146.56     4.1851     4.2018     0.0313     0.9606    82970.79   200653.4     0.0    
   200       642.94     4.2188     4.2365     0.0211     0.2946    103996.0  251507.57     0.0    
   300      1138.18     4.2262     4.2436     0.0158     0.1744   112936.62  273066.79     0.0    
   400      1633.94     4.229      4.2463     0.0152     0.1188   117457.89  283959.95     0.0    
   500      2133.56     4.2305     4.2482     0.0145     0.0873    120099.8  290320.76     0.0    
   600      2630.97     4.2318     4.2495     0.0139     0.0688   121808.14   294432.0     0.0    
   700      3127.66     4.2326     4.2502     0.0122     0.056    122993.04  297282.77     0.0    
   800      3621.47     4.2334     4.251      0.0153     0.0461   123856.43  299359.76     0.0    
   900      4116.17     4.2343     4.2518     0.0144     0.0396    124515.5   300945.0     0.0    
   1000     4609.43     4.2347     4.2521     0.0131     0.034    125030.21  302182.73     0.0    
   1100     5107.63     4.2351     4.2527     0.0138     0.0299   125443.03  303175.49     0.0    
   1200     5603.53     4.2357     4.2532     0.0138     0.0266   125780.93   303988.0     0.0    
   1300     6100.27     4.2361     4.2536     0.0133     0.0237   126061.88  304663.41     0.0    
   1400     6591.11     4.2366     4.254      0.0132     0.0215   126298.01  305231.08     0.0    
   1500     7085.67     4.237      4.2543     0.0147     0.0197   126497.45  305710.51     0.0    
   1600     7581.97     4.2372     4.2546     0.0138     0.0177   126667.67  306119.76     0.0    
   1700     8077.21     4.2376     4.255      0.0147     0.0164   126812.82  306468.59     0.0    
   1800     8567.06     4.2378     4.2553     0.0151     0.0153   126936.26  306765.29     0.0    
   1900      9060.2     4.2383     4.2556     0.0165     0.0141   127039.01  307012.15     0.0    
   2000     9557.08     4.2381     4.2559     0.0177     0.0133   127122.84  307213.37     0.0    
   2100     10046.82    4.2385     4.2558      0.02      0.0123   127187.06   307367.3     0.0    
   2200     10535.88    4.2384     4.256      0.0193     0.0116   127226.85  307462.43     0.0    
   2300     11030.74    4.2385     4.2559     0.0235     0.0108    127234.5  307480.17     0.0    
   2400     11527.41    4.2382     4.2556     0.0281     0.0103   127197.16   307389.5     0.0    
   2500     12025.46    4.2374     4.2548     0.0316     0.0098   127079.85  307105.47     0.0    
   2600     12524.4     4.2361     4.2535     0.0403     0.0093   126807.06  306447.49     0.0    
   2700     13019.79    4.2328     4.2504     0.0527     0.009    126198.35  304979.44     0.0    
   2800     13512.15    4.2255     4.243      0.0675     0.0089    124805.2  301621.49     0.0    
   2900     14003.9     4.2086     4.226      0.0837     0.0096   121765.04   294285.5     0.0    
   3000     14496.66    4.1741     4.1912     0.0943     0.0113    116083.0  280566.44     0.0    
   3100     14985.13    4.1135     4.1305     0.1001     0.0143   107493.01  259835.91     0.0    
   3200     15466.27    4.0222     4.0393     0.0965     0.0167    96998.29  234517.49     0.0    
   3300     15951.16    3.8957     3.9125     0.1005     0.0172    85863.78  207639.56     0.0    
   3400     16433.88    3.738      3.755      0.0926     0.0161    75250.91  182045.27     0.0    
   3500     16915.73    3.557      3.5737     0.0868     0.0135    65872.01  159396.13     0.0    
   3600     17396.74    3.3649     3.3812     0.0953     0.0108    58038.98  140498.83     0.0    
   3700     17875.02    3.1696     3.1854     0.0769     0.0087    51681.94  125156.06     0.0    
   3800     18350.31    2.9825     2.9991     0.0771     0.0068    46732.79   113202.9     0.0    
   3900     18824.46    2.8055     2.8205     0.0796     0.0065    42844.2   103785.89     0.0    
   4000     19298.46    2.643      2.6584     0.0538     0.0062    39856.77   96552.27     0.0    
Using  0.8  of training data 
Tensor dimensions:  [50, 50, 50]
Optimization metrics: 
Using Ada Grad
Mean update scheme:  S
Covariance update :  N
k1 samples =  64  k2 samples =  64
eta =  1  cov eta =  1  sigma eta =  1
iteration |   time   |test_rsme |train_rsme|  d_mean  |   d_cov  | test_nll | train_nll     dw   
   100       146.75     4.1835     4.1988     0.0392     0.9551    80401.21  259066.04     0.0    
   200       728.38     4.2259     4.2417     0.0205     0.3194   101854.02  328204.21     0.0    
   300      1308.99     4.2351     4.2497     0.0168     0.1793   111467.55  359134.62     0.0    
   400      1884.26     4.2374     4.2528     0.014      0.1212   116388.02  374944.69     0.0    
   500      2460.69     4.2395     4.2544     0.0154     0.0896   119290.24  384260.95     0.0    
   600      3039.73     4.2402     4.2555     0.015      0.0695   121177.21  390318.79     0.0    
   700      3616.52     4.2408     4.2561     0.0117     0.0568   122481.56  394503.83     0.0    
   800       4191.0     4.2415     4.2566     0.0141     0.0475   123434.72  397561.99     0.0    
   900      4760.09     4.2416     4.2568     0.0119     0.0402   124159.44  399885.84     0.0    
   1000     5333.49     4.2423     4.2574     0.0117     0.0345   124728.41  401711.24     0.0    
   1100     5913.36     4.2426     4.2575     0.0122     0.0301   125185.37  403176.74     0.0    
   1200     6491.45     4.2429     4.2579     0.0123     0.0268    125559.1  404375.33     0.0    
   1300     7064.69     4.2431     4.2582     0.011      0.0242   125870.05  405372.27     0.0    
   1400     7642.88     4.2431     4.2584     0.0123     0.0216   126133.75  406217.72     0.0    
   1500     8212.18     4.2434     4.2586     0.0128     0.0198   126358.72   406939.0     0.0    
   1600     8777.55     4.2437     4.2586     0.0123     0.018    126553.47  407563.21     0.0    
   1700     9347.68     4.2434     4.259      0.0126     0.0166   126722.82  408106.07     0.0    
   1800     9916.04     4.2437     4.259      0.0115     0.0154   126870.18  408578.48     0.0    
   1900     10480.18    4.244      4.2591     0.0139     0.0143   126999.92  408994.33     0.0    
   2000     11045.85    4.2443     4.2592     0.0138     0.0134   127113.39  409358.09     0.0    
   2100     11612.17    4.2443     4.2594     0.0129     0.0124   127212.91   409676.8     0.0    
   2200     12176.07    4.2442     4.2595     0.0131     0.0117   127299.78  409955.06     0.0    
   2300     12749.57    4.2446     4.2597     0.0134     0.011    127374.31   410193.8     0.0    
   2400     13319.77    4.2446     4.2597     0.0154     0.0103   127436.71  410393.49     0.0    
   2500     13886.6     4.2446     4.2598     0.0155     0.0097   127487.11  410554.67     0.0    
   2600     14454.26    4.2447     4.2597     0.0158     0.0093   127522.99  410669.36     0.0    
   2700     15022.36    4.2444     4.2596     0.0179     0.0088   127542.17  410730.13     0.0    
   2800     15587.84    4.2443     4.2595     0.0219     0.0084   127541.06  410725.65     0.0    
   2900     16154.43    4.2441     4.2592     0.0245     0.0081   127509.48  410623.35     0.0    
   3000     16725.33    4.2436     4.2587     0.0268     0.0078   127432.31  410374.83     0.0    
   3100     17304.95    4.2427     4.2579     0.0306     0.0074   127280.41  409885.32     0.0    
   3200     17876.78    4.2411     4.2562     0.0399     0.0073   126994.48  408965.58     0.0    
   3300     18448.89    4.2384     4.2533     0.0525     0.0071   126430.76  407153.27     0.0    
   3400     19019.77    4.232      4.2471     0.0644     0.0071    125294.0  403497.02     0.0    
   3500     19593.52    4.2186     4.2338     0.0788     0.0076   122928.09  395880.74     0.0    
   3600     20169.54    4.1908     4.2057     0.0988     0.0089   118284.61  380952.34     0.0    
   3700     20741.42    4.1384     4.1534     0.108      0.0112   110546.91  356076.16     0.0    
   3800     21326.29     4.05      4.0647     0.1181     0.0142    99814.12  321550.58     0.0    
   3900     21888.21    3.9147     3.9295     0.1259     0.0167    87270.29  281193.07     0.0    
   4000     22442.93    3.7329     3.7476     0.1235     0.0167    74813.08  241146.81     0.0    
Using  1  of training data 
Tensor dimensions:  [50, 50, 50]
Optimization metrics: 
Using Ada Grad
Mean update scheme:  S
Covariance update :  N
k1 samples =  64  k2 samples =  64
eta =  1  cov eta =  1  sigma eta =  1
iteration |   time   |test_rsme |train_rsme|  d_mean  |   d_cov  | test_nll | train_nll     dw   
   100       141.15     4.184      4.2055     0.0275     0.9989    79067.28  319060.42     0.0    
   200       785.35     4.2288     4.2519     0.0203     0.3283   100552.68   405905.0     0.0    
   300      1435.57     4.2381     4.2612     0.0187     0.1729   110566.89  446341.42     0.0    
   400      2082.37     4.2415     4.2647     0.0146     0.1245    115768.7  467324.04     0.0    
   500      2723.25     4.2435     4.2661     0.0134     0.0902   118826.16  479651.84     0.0    
   600      3369.86     4.2439     4.2672     0.0119     0.0704   120801.48  487614.31     0.0    
   700       4022.7     4.2447     4.268      0.0127     0.058    122181.95   493177.5     0.0    
   800      4669.55     4.2453     4.2681     0.0111     0.0479   123188.07  497231.99     0.0    
   900      5313.82     4.2462     4.2688     0.012      0.0402   123953.29  500315.06     0.0    
   1000     5955.31     4.2461     4.269      0.0105     0.0351   124554.58  502737.61     0.0    
   1100     6599.81     4.2463     4.2693     0.0105     0.0307   125038.53  504687.11     0.0    
   1200     7240.64     4.2463     4.2694     0.0109     0.0272   125434.28   506280.9     0.0    
   1300     7885.42     4.2469     4.2697     0.0103     0.0242   125764.99  507613.02     0.0    
   1400      8543.0     4.2466     4.2698     0.0111     0.0219   126044.37  508738.27     0.0    
   1500     9196.79     4.2468      4.27       0.01      0.0199   126283.83  509702.66     0.0    
   1600     9843.63     4.247       4.27      0.0117     0.0182   126490.72   510535.9     0.0    
   1700     10498.75    4.2471     4.2702     0.0122     0.0168   126671.54   511264.3     0.0    
   1800     11139.71    4.2473     4.2702     0.0112     0.0155   126830.58  511904.77     0.0    
   1900     11786.55    4.2475     4.2703     0.0106     0.0145   126971.23  512471.18     0.0    
   2000     12427.58    4.2476     4.2705     0.012      0.0135   127096.17  512974.26     0.0    
   2100     13069.22    4.2475     4.2705     0.012      0.0125   127207.39  513422.05     0.0    
   2200     13710.13    4.2475     4.2707     0.0133     0.0117   127307.46  513824.99     0.0    
   2300     14350.97    4.2475     4.2707     0.0103     0.0109   127396.84   514184.9     0.0    
   2400     14990.61    4.2477     4.2709     0.0109     0.0104   127477.22  514508.56     0.0    
   2500     15633.4     4.2478     4.2708     0.014      0.0098    127548.8  514796.87     0.0    
   2600     16276.03    4.2478     4.271      0.0126     0.0094   127612.76  515054.35     0.0    
   2700     16916.28    4.2478     4.2709     0.0121     0.0088    127668.8  515279.94     0.0    
   2800     17556.85    4.2481     4.271      0.0134     0.0084   127717.24  515474.84     0.0    
   2900     18203.12    4.248      4.2711     0.0143     0.008    127758.22  515639.69     0.0    
   3000     18856.66    4.2479     4.271      0.0135     0.0077   127790.63  515770.04     0.0    
   3100     19502.48    4.2479     4.2709     0.0147     0.0074   127813.76  515863.17     0.0    
   3200     20147.31    4.2478     4.2709     0.0168     0.0071   127824.35  515905.77     0.0    
   3300     20788.46    4.2476     4.2707     0.0177     0.0069   127820.41   515889.7     0.0    
   3400     21433.67    4.2473     4.2705     0.0205     0.0065   127794.89  515786.62     0.0    
   3500     22092.54    4.2469     4.2701     0.0219     0.0064    127738.0  515557.33     0.0    
   3600     22753.83    4.2464     4.2694     0.028      0.0062   127630.58  515124.99     0.0    
   3700     23415.94    4.2452     4.2684     0.0304     0.006    127434.64  514335.54     0.0    
   3800     24078.61    4.2433     4.2663     0.0429     0.0058   127067.06  512854.69     0.0    
   3900     24742.58    4.2394     4.2625     0.0496     0.0059   126347.31  509955.28     0.0    
   4000     25407.63    4.2312     4.2543     0.0688     0.0061   124875.35  504029.07     0.0    
