Generating synthetic real valued data ... 
Generating synthetic  real valued data took:  17.314985275268555
Evaluation for true params: 
 test_rsme | train_rsme | rel-te-err | rel-tr-err |  test_nll  |  train_nll |
1204.1840809454 1202.4146785192 0.1004525332 0.0999811243  282742.83    1130385.63 
Using  0.05 of training data
Factorizing with max_iteration = 12000  fixing covariance?:  False
Tensor dimensions:  [50, 50, 50]
Optimization metrics: 
Using Ada Grad
Mean update scheme:  S
Covariance update :  N
Using diagonal covariance?:  True
Random start? True
k1 samples =  32  k2 samples =  128
eta =  1.0  cov eta =  1.0  sigma eta =  1
iteration |   time   |test_rsme |rel-te-err|train_rsme|rel-tr-err|   d_mean  |   d_cov  |avg_grad_m|avg_grad_c| test_nll | train_nll |    VLB   |  E-term  |    KL     |   dw   |
    0         1.76    10043.0537   0.9979   10069.9993   0.9979     3.1623     0.0295   90871.6452 1.489012444649553e+17 287823.14   57564.63   -57581.0  -57564.627   16.849      0.0    
    5         55.1    10038.3944   0.9974   10065.3114   0.9974     3.1623     0.0295   589900.8773 1.146616541183469e+18 287823.14   57564.63   -57583.0  -57564.627   18.091      0.0    
    10       108.27   10033.3015   0.9969   10060.1839   0.9969     3.1623     0.0295   1135750.988 2.306236668225524e+18 287823.14   57564.63   -57584.0  -57564.627   19.166      0.0    
    20       170.47   10020.7267   0.9956   10047.5964   0.9956     3.1623     0.0295   2472947.0517 5.671569524168752e+18 287823.14   57564.63   -57586.0  -57564.627   20.97       0.0    
    50       269.39   9963.6027    0.9896   9990.5558    0.9897     3.1623     0.0295   8431324.1429 2.500214915139664e+19 287823.14   57564.63   -57592.0  -57564.627   27.253      0.0    
   100       404.94   9793.5611    0.9719    9820.535    0.972      3.0696     0.0257   18709615.6056 9.993662938229504e+19 287823.14   57564.63   -57600.0  -57564.627   35.446      0.0    
   200       633.34   9104.7897    0.9003   9131.8314    0.9006     2.8069     0.0194   46534480.0334 5.066516553467062e+20 287823.14   57564.63   -57611.0  -57564.627   46.473      0.0    
   300       862.14    7910.296    0.7756   7937.3933    0.7763     2.5324     0.0146   74965895.8002 1.0455213228179712e+21 287823.14   57564.63   -57618.0  -57564.627   53.635      0.0    
   400      1090.84   6285.5133    0.6049   6312.4792    0.6061     2.2397     0.0104   92106891.8844 1.1281561575645432e+21 287823.14   57564.63   -57623.0  -57564.627   58.61       0.0    
   500      1320.62   4473.8721    0.4118   4499.9495    0.4135     1.9014     0.0064   89473515.9802 6.824470368692816e+20 287755.89   57539.85   -57609.0  -57546.685   62.027      0.0    
   600      1549.96   2881.9723    0.241    2904.5313    0.2426     1.5038     0.0029   68411006.4579 2.5289198728752962e+20 285831.83   57186.52   -57392.0  -57328.03    64.229      0.0    
   700      1777.89   1879.3573    0.1458    1892.325    0.1462     1.0895     0.0011   41453743.2819 7.59482087643555e+19 282019.87   56461.16   -57063.0  -56997.817   65.559      0.0    
   800      2005.05   1458.4179    0.1153   1457.1557    0.1152     0.7485     0.0004   21101501.6757 2.87982339529832e+19 278879.96   56020.84   -56780.0  -56713.892   66.342      0.0    
   900      2233.72   1324.8338    0.108    1312.0024    0.1071     0.5134     0.0003   10469146.5888 1.744960117416122e+19 278102.69   55682.12   -56669.0  -56602.523   66.818      0.0    
   1000     2462.78   1280.2092    0.106    1260.1831    0.1043     0.3654     0.0002   5830678.9152 1.4265852223062432e+19 278080.03   55745.94   -56443.0  -56375.813   67.13       0.0    
   1100     2692.96   1261.4665    0.1051   1237.0075    0.1028     0.271      0.0002   3804727.8721 1.3082564261593197e+19 277962.27   55481.48   -56371.0  -56303.872   67.346      0.0    
   1200     2920.92   1252.3136    0.1046   1224.9564    0.102      0.2053     0.0002   2718333.8098 1.2505805501488187e+19 277931.27   55425.83   -56444.0  -56376.72    67.504      0.0    
   1300     3147.11    1247.645    0.1043    1218.233    0.1015     0.1606     0.0002   2026393.2681 1.222670285054773e+19 277913.21   55281.91   -56519.0  -56451.178   67.624      0.0    
   1400     3376.22   1245.2786    0.1041   1214.3857    0.1012     0.1246     0.0002   1548337.3449 1.2055647758625835e+19 277935.65   55565.06   -56530.0  -56462.121   67.717      0.0    
   1500     3604.45   1244.1621    0.104    1212.1417    0.101       0.1       0.0002   1190307.7478 1.195909899046539e+19 277895.23   55494.53   -56383.0  -56314.916   67.788      0.0    
   1600     3833.79   1243.6859    0.104     1210.81     0.1008     0.0788     0.0002   913354.064 1.1896356870588275e+19 277759.44   55453.93   -56428.0  -56360.614   67.844      0.0    
   1700     4062.99   1243.5667    0.1039   1210.0122    0.1007     0.0613     0.0002   722689.5435 1.1885894490256239e+19 277929.21   55680.47   -56588.0  -56519.934   67.888      0.0    
   1800     4291.51   1243.5878    0.1039   1209.5188    0.1007     0.0497     0.0002   575363.1867 1.1854049203136367e+19 277643.63   55462.85   -56514.0  -56445.86    67.923      0.0    
   1900     4518.26   1243.6872    0.1039   1209.2117    0.1006     0.0399     0.0002   456925.6279 1.1846176293508016e+19 277856.57   55571.43   -56487.0  -56419.28    67.951      0.0    
   2000     4745.13   1243.8226    0.1039    1209.007    0.1006     0.0305     0.0002   392381.1471 1.1820016522724342e+19  278053.6   55599.26   -56502.0  -56433.544   67.974      0.0    
   2100     4972.55   1243.9542    0.1039   1208.8707    0.1006     0.0255     0.0002   334860.9911 1.1843095407121687e+19 277620.27   55548.75   -56420.0  -56351.706   67.993      0.0    
   2200     5202.32   1244.0672    0.1039   1208.7735    0.1006     0.0213     0.0002   298221.7902 1.1848132705089591e+19 277834.94   55477.14   -56524.0  -56456.216   68.007      0.0    
   2300     5430.97   1244.1752    0.1039   1208.7002    0.1006     0.018      0.0002   267979.4657 1.1838474028615655e+19 278177.02   55648.35   -56407.0  -56338.677   68.02       0.0    
   2400     5659.72   1244.2518    0.1039   1208.6422    0.1006     0.0134     0.0002   246140.1012 1.1831048092248087e+19 278022.55   55565.64   -56506.0  -56438.449   68.03       0.0    
   2500     5888.48   1244.3284    0.1039   1208.5926    0.1006     0.0103     0.0002   233236.4119 1.179555952973883e+19 277824.94   55500.22   -56526.0  -56457.58    68.038      0.0    
   2600      6115.6   1244.3925    0.1039    1208.548    0.1006     0.0099     0.0002   228161.2616 1.1822525139051219e+19 277889.19   55328.71   -56466.0  -56398.186   68.046      0.0    
   2700     6342.72   1244.4339    0.1039   1208.5073    0.1005     0.0074     0.0002   222903.8436 1.1824514089689369e+19 277914.45   55625.44   -56475.0  -56407.268   68.053      0.0    
   2800     6572.39   1244.4644    0.1039    1208.469    0.1005     0.006      0.0002   215766.8333 1.1812872837259696e+19 278009.77   55554.75   -56473.0   -56405.3    68.059      0.0    
   2900     6801.21   1244.4919    0.1039   1208.4321    0.1005     0.0059     0.0002   213444.9996 1.1815563681863903e+19 278071.82   55598.45   -56426.0  -56357.999   68.065      0.0    
   3000     7029.53   1244.5242    0.1039   1208.3958    0.1005     0.0059     0.0002   212577.899 1.183828183406154e+19 277881.19   55575.26   -56435.0  -56366.973   68.07       0.0    
   3100     7258.59   1244.5279    0.1039    1208.36     0.1005     0.0059     0.0002   211034.4947 1.1825941892581427e+19 277796.35   55486.52   -56505.0  -56436.622   68.074      0.0    
   3200     7485.85   1244.5459    0.1039   1208.3245    0.1005     0.0058     0.0002   206966.4366 1.180490662719401e+19  277644.4   55512.95   -56667.0  -56599.384   68.078      0.0    
   3300     7716.14   1244.5585    0.1039   1208.2889    0.1005     0.006      0.0002   210955.216 1.1804789842661054e+19 277763.55   55536.29   -56599.0  -56531.03    68.082      0.0    
   3400     7945.72   1244.5671    0.1039   1208.2533    0.1005     0.0059     0.0002   208507.3721 1.1805572219675437e+19 277823.11   55426.54   -56422.0  -56354.231   68.087      0.0    
   3500     8175.59   1244.5915    0.1039   1208.2175    0.1005     0.006      0.0002   209498.8338 1.1801814831313924e+19 277778.96   55598.95   -56588.0  -56519.651   68.09       0.0    
   3600     8403.58   1244.6061    0.1039   1208.1815    0.1005     0.0061     0.0002   208178.1211 1.1821210425510175e+19 277868.06   55527.78   -56459.0  -56391.375   68.095      0.0    
   3700     8632.27   1244.5882    0.1039   1208.1455    0.1005     0.0062     0.0002   207918.8617 1.1823156011161913e+19 277857.75   55524.69   -56427.0  -56358.946   68.097      0.0    
   3800     8861.51   1244.5829    0.1039   1208.1092    0.1005     0.006      0.0002   208702.3932 1.1810411591106335e+19 277918.94   55578.95   -56494.0  -56425.875   68.099      0.0    
   3900     9092.06   1244.5932    0.1039   1208.0726    0.1005     0.0062     0.0002   209639.9712 1.1807290664744966e+19 277913.49   55618.31   -56459.0  -56391.308   68.103      0.0    
   4000      9320.1   1244.5877    0.1039   1208.0361    0.1005     0.0065     0.0002   212044.0814 1.1808740013811956e+19 277833.38   55638.06   -56527.0  -56459.152   68.107      0.0    
   4100     9550.83   1244.5987    0.1039    1207.999    0.1005     0.0066     0.0002   212310.0818 1.1802710209013359e+19  277814.8   55539.29   -56346.0  -56277.993   68.111      0.0    
   4200     9780.08    1244.601    0.1039   1207.9616    0.1005     0.0063     0.0002   211323.3414 1.180002303174797e+19  277855.8   55431.85   -56483.0  -56414.537   68.115      0.0    
   4300     10008.95  1244.5866    0.1039   1207.9243    0.1005     0.0063     0.0002   213869.7528 1.1797821199499205e+19 277603.83   55678.46   -56527.0  -56458.811   68.117      0.0    
   4400     10238.39  1244.6058    0.1039   1207.8867    0.1005     0.0062     0.0002   213838.2277 1.1791500111523176e+19 277811.06   55470.51   -56446.0  -56377.673   68.12       0.0    
   4500     10468.52   1244.613    0.1039   1207.8487    0.1005     0.0063     0.0002   212614.07  1.1804762328151302e+19 277753.32   55576.05   -56543.0  -56474.867   68.124      0.0    
   4600     10696.46  1244.6254    0.1039   1207.8105    0.1005     0.0063     0.0002   214227.2137 1.1795760776018242e+19 277750.08   55471.5    -56552.0  -56483.439   68.126      0.0    
   4700     10924.79  1244.6129    0.1039   1207.7719    0.1005     0.0062     0.0002   214723.1564 1.179058313615029e+19 277817.76   55608.94   -56514.0  -56445.934   68.129      0.0    
   4800     11154.84  1244.6332    0.1039    1207.733    0.1005     0.0067     0.0002   215996.9584 1.1808522508771981e+19 277908.02   55332.02   -56417.0  -56348.954   68.133      0.0    
   4900     11384.71  1244.6239    0.1039   1207.6937    0.1005     0.0065     0.0002   218222.961 1.178547164446633e+19 277780.13   55444.78   -56448.0  -56379.459   68.137      0.0    
   5000     11613.33  1244.6214    0.1039   1207.6544    0.1005     0.0065     0.0002   216661.1426 1.178058168242204e+19 277637.84   55545.3    -56472.0  -56404.061   68.14       0.0    
   5100     11844.11  1244.6082    0.1039   1207.6147    0.1005     0.0065     0.0002   216862.3191 1.1787906438419823e+19 278001.07   55588.66   -56465.0  -56397.223   68.143      0.0    
   5200     12074.08  1244.6045    0.1039   1207.5746    0.1005     0.0066     0.0002   218279.0542 1.1784614598450481e+19 278073.84   55553.21   -56306.0  -56237.804   68.147      0.0    
   5300     12303.21  1244.6138    0.1039    1207.534    0.1005     0.0068     0.0002   220058.2014 1.1797068421238925e+19  277716.0   55562.05   -56494.0  -56426.32    68.149      0.0    
   5400     12533.55  1244.6198    0.1039   1207.4932    0.1005     0.0065     0.0002   219461.2749 1.1794952876005042e+19 277803.28   55439.66   -56483.0  -56414.781   68.151      0.0    
   5500     12763.89  1244.6564    0.1039   1207.4518    0.1005     0.0067     0.0002   223208.0602 1.177354281563083e+19 278116.91   55647.06   -56422.0  -56353.812   68.155      0.0    
   5600     12994.03  1244.6447    0.1039   1207.4103    0.1005     0.0067     0.0002   222538.2404 1.1767245572836e+19 277950.01   55556.31   -56520.0  -56451.828   68.16       0.0    
   5700     13222.77  1244.6637    0.1039   1207.3686    0.1004     0.0069     0.0002   224442.2978 1.1784043027515083e+19  278036.1   55481.36   -56338.0  -56269.486   68.163      0.0    
   5800     13449.03  1244.6446    0.1039   1207.3264    0.1004     0.0069     0.0002   224491.1471 1.1779964127038372e+19 277821.76   55558.87   -56330.0  -56262.024   68.165      0.0    
   5900     13676.91  1244.6236    0.1039   1207.2837    0.1004     0.0068     0.0002   225687.8717 1.175319268862129e+19 277920.63   55422.89   -56541.0  -56473.121   68.169      0.0    
   6000     13906.17  1244.6124    0.1039   1207.2406    0.1004     0.0072     0.0002   225431.9263 1.1766226674577615e+19 278158.74   55656.96   -56469.0  -56400.735   68.172      0.0    
   6100     14134.33  1244.6045    0.1039   1207.1973    0.1004     0.0069     0.0002   228053.0449 1.1783729476499343e+19  277800.7   55628.44   -56603.0  -56534.425   68.174      0.0    
   6200     14364.28  1244.5915    0.1039   1207.1533    0.1004     0.0075     0.0002   227415.2269 1.176795620861918e+19 278141.99   55616.16   -56566.0  -56498.011   68.177      0.0    
   6300     14591.58  1244.6058    0.1039   1207.1089    0.1004     0.0071     0.0002   230596.5344 1.1753751837140816e+19 278129.83   55490.62   -56467.0  -56399.022   68.181      0.0    
   6400     14821.87  1244.6083    0.1039   1207.0644    0.1004     0.0073     0.0002   229763.5724 1.1774420361768681e+19 277988.74   55665.57   -56439.0  -56371.043   68.183      0.0    
   6500     15050.33  1244.6009    0.1039   1207.0191    0.1004     0.0074     0.0002   231224.7167 1.1772197575879322e+19 278122.68   55601.5    -56422.0  -56353.897   68.186      0.0    
   6600     15277.27  1244.5994    0.1039   1206.9735    0.1004     0.007      0.0002   232243.5846 1.176028156281597e+19 277965.05   55545.52   -56362.0  -56294.098   68.19       0.0    
   6700     15504.31  1244.6114    0.1039   1206.9275    0.1004     0.0073     0.0002   232252.6762 1.1765322389610031e+19 278303.39   55537.85   -56383.0  -56314.889   68.194      0.0    
   6800     15732.8   1244.6188    0.1039   1206.8809    0.1004     0.0072     0.0002   234147.2616 1.1769092314871613e+19  277922.8   55411.98   -56420.0   -56352.2    68.198      0.0    
   6900     15960.03  1244.6089    0.1039   1206.8336    0.1004     0.0075     0.0002   236588.1361 1.1759064078159153e+19  277875.8   55518.52   -56586.0  -56518.013    68.2       0.0    
   7000     16187.98  1244.6081    0.1039   1206.7862    0.1004     0.0072     0.0002   236016.1424 1.1779244739112913e+19 278200.65   55563.44   -56447.0  -56378.669   68.203      0.0    
   7100     16416.7   1244.6106    0.1039   1206.7383    0.1004     0.0074     0.0002   238993.7985 1.1763219836276558e+19 277833.05   55567.98   -56494.0  -56425.834   68.205      0.0    
   7200     16648.06  1244.6179    0.1039   1206.6897    0.1004     0.0076     0.0002   237771.2006 1.1735549627796947e+19 278128.13   55511.62   -56415.0  -56346.978   68.206      0.0    
   7300     16874.97  1244.6388    0.1039   1206.6408    0.1004     0.0072     0.0002   242185.2926 1.1736961656508537e+19  278292.1   55404.2    -56577.0  -56509.113   68.208      0.0    
   7400     17102.44  1244.6373    0.1039   1206.5911    0.1004     0.0077     0.0002   240031.9382 1.175756327411172e+19 278021.35   55519.68   -56511.0  -56443.22    68.211      0.0    
   7500     17332.84  1244.6475    0.1039    1206.541    0.1004     0.0076     0.0002   241707.1822 1.174917642177763e+19 277674.01   55554.95   -56511.0  -56442.834   68.214      0.0    
   7600     17563.96  1244.6351    0.1039   1206.4905    0.1004     0.0076     0.0002   243783.9993 1.173908074422121e+19  278066.0   55500.62   -56502.0  -56433.892   68.219      0.0    
   7700     17794.79   1244.603    0.1039   1206.4394    0.1004     0.0075     0.0002   244992.6302 1.1743899330953691e+19 278052.52   55399.09   -56555.0  -56486.353   68.222      0.0    
   7800     18025.05   1244.622    0.1039   1206.3878    0.1004     0.0076     0.0002   246837.9925 1.1736814881084072e+19 278408.23   55479.79   -56508.0  -56439.594   68.224      0.0    
   7900     18254.25  1244.6306    0.1039   1206.3353    0.1004     0.0076     0.0002   246781.4931 1.1759120766469896e+19  278011.0   55523.64   -56580.0  -56512.186   68.227      0.0    
   8000     18484.35  1244.6433    0.1039   1206.2822    0.1004     0.0078     0.0002   246940.442 1.1742393351911893e+19 278053.13   55477.81   -56626.0  -56558.062   68.231      0.0    
   8100     18713.04  1244.6389    0.1039   1206.2287    0.1004     0.0077     0.0002   249755.881 1.1746577156467962e+19 277970.15   55473.05   -56550.0  -56482.251   68.235      0.0    
   8200     18942.41  1244.6297    0.1039   1206.1746    0.1003     0.0078     0.0002   250108.888 1.1740367882144586e+19 277954.89   55612.15   -56543.0  -56475.061   68.238      0.0    
   8300     19172.67  1244.6164    0.1039    1206.12     0.1003     0.0079     0.0002   251050.2544 1.1737924151564927e+19 277855.14   55549.4    -56500.0  -56431.317   68.242      0.0    
   8400     19400.85  1244.6239    0.1039   1206.0644    0.1003     0.008      0.0002   252542.109 1.1740801070677828e+19 278096.55   55625.48   -56455.0  -56386.898   68.245      0.0    
   8500     19629.59  1244.6144    0.1039   1206.0082    0.1003     0.0082     0.0002   256058.0113 1.1733364442240057e+19 277895.46   55534.82   -56394.0  -56325.642   68.246      0.0    
   8600     19857.9   1244.6087    0.1039   1205.9515    0.1003     0.0082     0.0002   254608.2239 1.1734202658700409e+19 277758.75   55458.11   -56404.0  -56335.353   68.249      0.0    
   8700     20085.79  1244.6188    0.1039    1205.894    0.1003     0.0082     0.0002   256826.3376 1.1729167836407167e+19 277741.22   55581.34   -56490.0  -56421.862   68.25       0.0    
   8800     20315.38  1244.6338    0.1039   1205.8361    0.1003     0.0083     0.0002   258848.7998 1.1733636335450003e+19  277889.3   55555.34   -56567.0  -56498.645   68.255      0.0    
   8900     20543.05  1244.6325    0.1039   1205.7773    0.1003     0.0083     0.0002   261241.8932 1.1734649611962563e+19  278221.3   55541.14   -56416.0  -56348.051   68.259      0.0    
   9000     20772.47  1244.6319    0.1039   1205.7176    0.1003     0.0083     0.0002   259303.7325 1.172362853964462e+19 277945.54   55650.0    -56533.0  -56464.338   68.262      0.0    
   9100     21001.61  1244.6324    0.1039   1205.6574    0.1003     0.0086     0.0002   262207.3849 1.1703053771301464e+19 278088.63   55661.21   -56528.0  -56459.809   68.265      0.0    
   9200     21230.56  1244.6176    0.1039   1205.5962    0.1003     0.0085     0.0002   267132.2731 1.1721863497226254e+19  277852.0   55473.89   -56283.0  -56214.933   68.268      0.0    
   9300     21460.15  1244.6163    0.1039   1205.5344    0.1003     0.0085     0.0002   265261.2608 1.1732944885140603e+19 277744.28   55479.01   -56567.0  -56499.003   68.271      0.0    
   9400     21688.53   1244.601    0.1039    1205.472    0.1003     0.0086     0.0002   267700.9707 1.1709704909604948e+19 278028.12   55633.86   -56608.0  -56539.598   68.274      0.0    
   9500     21916.8   1244.6016    0.1039   1205.4086    0.1003     0.009      0.0002   269577.9268 1.1716827810859368e+19 278139.43   55410.66   -56475.0  -56406.521   68.278      0.0    
   9600     22146.03  1244.6085    0.1039   1205.3445    0.1003     0.0086     0.0002   272620.7346 1.171020534924072e+19 277984.79   55446.06   -56352.0  -56284.177   68.28       0.0    
   9700     22373.76  1244.6088    0.1039   1205.2794    0.1003     0.0088     0.0002   273429.2137 1.1712348988595927e+19 277956.05   55419.47   -56697.0  -56628.775   68.284      0.0    
   9800     22602.56  1244.5915    0.1039   1205.2137    0.1003     0.0087     0.0002   273669.1994 1.1693607157997502e+19 277843.39   55454.49   -56515.0  -56446.981   68.287      0.0    
   9900     22829.44  1244.5966    0.1039   1205.1472    0.1003     0.0088     0.0002   275007.8345 1.17033980900883e+19 277926.23   55488.11   -56511.0  -56442.283   68.29       0.0    
  10000     23059.39  1244.6004    0.1039   1205.0798    0.1003     0.0089     0.0002   277152.1883 1.1706531501543256e+19 277961.91   55409.46   -56313.0  -56244.892   68.293      0.0    
  10100     23289.88  1244.6021    0.1039   1205.0116    0.1003     0.0091     0.0002   279462.2137 1.170358131610893e+19 278315.51   55590.64   -56493.0  -56424.554   68.296      0.0    
  10200     23516.85  1244.5949    0.1039   1204.9423    0.1003     0.0092     0.0002   280269.1567 1.1711010776739502e+19 277978.45   55473.65   -56576.0  -56507.578    68.3       0.0    
  10300     23746.11  1244.5869    0.1039   1204.8722    0.1002     0.0091     0.0002   282990.2261 1.1700841598121073e+19 277862.04   55515.76   -56498.0  -56430.139   68.304      0.0    
  10400     23973.06  1244.5961    0.1039   1204.8013    0.1002     0.0093     0.0002   282306.1915 1.1690218469093636e+19 277847.61   55552.4    -56426.0  -56357.444   68.306      0.0    
  10500     24201.17  1244.6045    0.1039   1204.7297    0.1002     0.0095     0.0002   285172.1767 1.1696685496478515e+19 278056.91   55448.34   -56518.0  -56450.067   68.31       0.0    
  10600     24430.39  1244.5903    0.1039    1204.657    0.1002     0.0094     0.0002   288355.611 1.1692317092989962e+19 278001.17   55543.68   -56538.0  -56469.801   68.313      0.0    
  10700     24658.55  1244.5891    0.1039   1204.5832    0.1002     0.0095     0.0002   289036.2231 1.1697177327869649e+19 278110.75   55480.39   -56477.0  -56408.667   68.315      0.0    
  10800     24887.85  1244.5712    0.1039   1204.5084    0.1002     0.0095     0.0002   290686.225 1.168486946178711e+19 278134.78   55545.17   -56599.0  -56530.266   68.318      0.0    
  10900     25115.59  1244.5874    0.1039   1204.4329    0.1002     0.0097     0.0002   292698.0262 1.169560352269356e+19 278019.48   55529.68   -56502.0  -56433.192   68.321      0.0    
  11000     25342.95  1244.5926    0.1039   1204.3561    0.1002     0.0096     0.0002   294436.6202 1.1684837692752886e+19 277948.98   55464.63   -56584.0  -56515.876   68.324      0.0    
  11100     25573.75  1244.5973    0.1039   1204.2784    0.1002     0.0097     0.0002   296200.3347 1.167914433573359e+19 278075.57   55568.5    -56427.0  -56358.316   68.328      0.0    
  11200     25804.06  1244.5876    0.1039   1204.1999    0.1002     0.0095     0.0002   296871.2102 1.1674161195126237e+19 278154.28   55453.69   -56556.0  -56487.986   68.33       0.0    
  11300     26032.19  1244.5879    0.1039   1204.1202    0.1002     0.0099     0.0002   300071.3921 1.1688457607572634e+19 278069.45   55567.78   -56553.0  -56484.537   68.334      0.0    
  11400     26259.78  1244.5791    0.1039   1204.0394    0.1002     0.0098     0.0002   301443.7932 1.1657738752695656e+19  277776.0   55379.58   -56605.0  -56536.296   68.337      0.0    
  11500     26487.86  1244.5873    0.1039   1203.9576    0.1002      0.01      0.0002   302473.1761 1.1673154455397128e+19 277868.18   55646.69   -56465.0  -56396.961   68.34       0.0    
  11600     26718.73  1244.5936    0.1039   1203.8748    0.1002     0.0101     0.0002   304907.7441 1.1655811547504073e+19 278018.06   55474.37   -56440.0  -56371.602   68.342      0.0    
  11700     26947.48  1244.6061    0.1039   1203.7906    0.1002     0.0101     0.0002   307755.609 1.1644684517304596e+19 277740.35   55527.98   -56441.0  -56372.329   68.344      0.0    
  11800     27176.71  1244.6193    0.1039   1203.7053    0.1001     0.0102     0.0002   310146.372 1.1674241727183667e+19 278078.39   55518.86   -56458.0  -56389.482   68.348      0.0    
  11900     27406.52   1244.616    0.1039   1203.6191    0.1001     0.0101     0.0002   311226.8488 1.166926696051054e+19 277698.68   55543.82   -56392.0  -56323.296   68.351      0.0    
  12000     27637.78  1244.6231    0.1039   1203.5317    0.1001     0.0106     0.0002   313215.0808 1.1660636794749614e+19 277866.35   55520.2    -56503.0  -56434.845   68.354      0.0    
[8.0295685  7.26682573 7.20671494 7.33783119 7.82679149 7.96347144
 7.80022124 8.16224463 8.00380222 7.88465282 8.87656342 9.0925104
 7.84513927 7.30348284 7.87364093 8.32789829 7.59843957 8.04171547
 7.67515503 8.0003493 ]
[7.88289491 7.13160819 8.42807477 8.35658148 7.67989028 7.98492592
 8.01057718 7.77960016 8.14335846 7.69828362 8.05087836 7.97422139
 7.64920344 7.90657492 8.2483711  7.75129229 8.45550716 8.31483508
 8.03384366 7.7629577 ]
[6.89725613 8.10080385 7.56730278 6.78340113 7.40744619 6.6009984
 7.97642751 7.11837448 7.47771562 7.36392694 6.94876504 6.90494724
 7.29723779 7.59354948 7.20843667 6.93825753 7.12414098 6.59914221
 6.77996063 6.70774549]
