Factorizing with max_iteration = 120000  fixing covariance?:  False
Tensor dimension: [14, 14, 56]
Mean update: S
Cov update: N
Using diagonal covariance: False
Factorization rank:  20
k1 samples =  64  k2 samples =  128
eta =  1.0  cov eta =  1.0  sigma eta =  1
iteration |   time   |  test_err  |  test_mae  |  trainerr  |  trainmae |
    0         2.46      0.9209     1.9193     0.9226     1.921   
    5        163.09     0.7938     1.7819     0.7967     1.7851  
    10       327.82     0.6579     1.6223     0.6617     1.6268  
    20       509.25     0.5041      1.42      0.504      1.4198  
    50       748.29     0.154      0.7849     0.1573     0.7932  
   100      1085.16     0.0425     0.4122     0.0422     0.4109  
   200      1645.41     0.0191     0.2764     0.0197     0.281   
   5000     15475.47    0.0174     0.264      0.018      0.2681  
  10000     29929.81    0.0174     0.264      0.018      0.2681  
  15000     44380.26    0.0174     0.264      0.018      0.2681  
  20000     58903.35    0.0174     0.264      0.018      0.2681  
  25000     73352.03    0.0174     0.264      0.018      0.2681  
  30000     87748.03    0.0174     0.264      0.018      0.2681  
  35000    102146.19    0.0174     0.264      0.018      0.2681  
  40000    116542.38    0.0174     0.264      0.018      0.2681  
  45000     130923.0    0.0174     0.264      0.018      0.2681  
  50000    145313.73    0.0174     0.264      0.018      0.2681  
  55000    159687.16    0.0174     0.264      0.018      0.2681  
  60000    174052.14    0.0174     0.264      0.018      0.2681  
  65000    188430.29    0.0174     0.264      0.018      0.2681  
  70000    202789.41    0.0174     0.264      0.018      0.2681  
  75000    217166.46    0.0174     0.264      0.018      0.2681  
  80000    231537.76    0.0174     0.264      0.018      0.2681  
  85000    245915.37    0.0174     0.264      0.018      0.2681  
  90000    260339.96    0.0174     0.264      0.018      0.2681  
  95000    274701.63    0.0174     0.264      0.018      0.2681  
  100000   289081.97    0.0174     0.264      0.018      0.2681  
  105000   303511.29    0.0174     0.264      0.018      0.2681  
  110000   317914.67    0.0174     0.264      0.018      0.2681  
  115000   332325.62    0.0174     0.264      0.018      0.2681  
