Factorizing with max_iteration = 120000  fixing covariance?:  False
Tensor dimension: [14, 14, 56]
Mean update: S
Cov update: N
Using diagonal covariance: False
Factorization rank:  20
k1 samples =  64  k2 samples =  128
eta =  1.0  cov eta =  1.0  sigma eta =  1
iteration |   time   |  test_err  |  test_mae  |  trainerr  |  trainmae |
    0         1.91      0.8707     1.8662     0.8739     1.8697  
    5        160.93     0.7754     1.7611     0.7752     1.761   
    10       324.92     0.6715     1.6389      0.67      1.6371  
    20       504.35     0.4747     1.3779     0.469      1.3697  
    50       730.55     0.0866     0.5887     0.0847     0.5822  
   100      1028.15     0.0254     0.3188     0.0245     0.3132  
   200       1519.2     0.0197     0.2805     0.0194     0.2786  
   5000     12093.23    0.0176     0.2657     0.0179     0.2677  
  10000     23178.36    0.0177     0.266      0.0179     0.2673  
  15000     34268.06    0.0178     0.2667     0.0179     0.2675  
  20000     45391.08    0.0178     0.2667     0.0179     0.2674  
  25000     56533.16    0.0177     0.266      0.0179     0.2673  
  30000     67631.38    0.0176     0.2657     0.0179     0.2677  
  35000     78684.41    0.0177     0.266      0.0179     0.2676  
  40000     89751.32    0.0177     0.266      0.0179     0.2672  
  45000    100810.82    0.0176     0.2657     0.0179     0.2676  
  50000    111861.52    0.0176     0.2657     0.0179     0.2675  
  55000    122893.29    0.0179     0.2673     0.0179     0.2675  
  60000    133928.89    0.0176     0.2657     0.0179     0.2677  
  65000    144953.16    0.0177     0.266      0.0179     0.2675  
  70000     155952.9    0.0176     0.2657     0.0179     0.2675  
  75000    166952.84    0.0177     0.266      0.0179     0.2675  
  80000    177945.11    0.0177     0.2663     0.0179     0.2676  
  85000    188943.98    0.0177     0.266      0.0179     0.2676  
  90000    199908.05    0.0177     0.2663     0.0179     0.2675  
  95000    210877.41    0.0177     0.266      0.0179     0.2673  
  100000   221870.95    0.0177     0.266      0.0179     0.2677  
  105000   232841.37    0.0177     0.2663     0.0179     0.2677  
  110000   243803.96    0.0178     0.267      0.0179     0.2676  
  115000   254766.81    0.0177     0.2663     0.0179     0.2676  
  120000   265732.19    0.0178     0.267      0.0179     0.2676  
