Generating synthetic count valued data ... 
Generating synthetic  count valued data took:  11.2532320022583
max_count =  39.0  min count =  0.0
Evaluation for true params: 
 test_rsme | train_rsme | rel-te-err | rel-tr-err |  test_nll  |  train_nll |
    0.0          0.0          0.0          0.0        164585.4    656063.03  
Using  0.05 of training data
Factorizing with max_iteration = 10000  fixing covariance?:  False
Tensor dimensions:  [50, 50, 50]
Optimization metrics: 
Using Ada Grad
Mean update scheme:  S
Covariance update :  N
Using diagonal covariance?:  False
Random start? True
k1 samples =  64  k2 samples =  64
eta =  1  cov eta =  1.0  sigma eta =  1
iteration |   time   |test_rsme |rel-te-err|train_rsme|rel-tr-err|  d_mean  |   d_cov  | test_nll | train_nll  
    0         1.66      8.8085     6.771      8.8323     6.7674     3.1623     4.2212    70396.04   13951.97  
    10       88.16      9.006      6.7993     8.7148     6.5526     3.1623     4.3781    75797.7    14445.08  
    20       193.23     9.1421     6.7665     8.5696     6.2982     3.1623     4.3858    85753.45   15585.93  
    50       353.42     9.8821     7.0613     8.5105     5.8726     3.1623     4.3858   139136.83   21797.25  
   100       598.5      8.9527     6.0054     6.7724     4.4294     2.923      0.7271   124167.17   16658.62  
   200       920.53     6.8628     4.1412     3.9983     2.4396     2.4235     0.1475    82374.91   9647.71   
   500      1601.58     5.3707     3.112      2.5001     1.5238     1.1471     0.0897    61214.98    7890.2   
   1000     2650.33     4.3373     2.5029     1.9863     1.2178     0.6804     0.0614    51566.93   7376.28   
   1500     3688.14     3.8068     2.2354     1.8561     1.1294     0.681      0.0489    48147.58   7248.16   
   2000     4741.58     3.4352     2.0352     1.7614     1.075      0.5564     0.0414    46139.53   7148.67   
   2500     5787.55     3.1998     1.9147     1.7172      1.03      0.4783     0.0363    44964.04   7101.79   
   3000      6835.3     3.0225     1.8196     1.7029     1.025      0.5749     0.033     44162.06   7073.32   
   3500     7875.03     2.9071     1.7604     1.6879     1.0058     0.5453     0.0304    43615.91   7059.27   
   4000     8917.24     2.7998     1.704      1.6932     1.0158     0.5315     0.029     43181.04   7053.03   
   4500     9961.55     2.7503     1.6787     1.7139     1.0214     0.5137     0.0285    42954.45   7071.32   
   5000     11010.45    2.7316     1.6786     1.7833     1.066      0.5489     0.0282    43089.18    7125.9   
   5500     12064.0     2.8017     1.7323     2.0001     1.2108     0.6169     0.0286    43661.87   7284.08   
   6000     13107.73    3.7476     2.3439     3.2134     1.9698     0.8868     0.0322    49109.55   8373.41   
   6500     14138.49    20.765    12.7779    20.3954     12.61      2.0866     0.0648   150260.03   29303.78  
   7000     15176.47   72.3743    43.2765      inf        inf       2.6074     0.0434   221364.85     nan     
   7500     16200.3      inf        inf        inf        inf       2.1948     0.0537      nan        nan     
   8000     17214.65     inf        inf        inf        inf       2.0186     0.1252      nan        nan     
   8500     18218.32     inf        inf        inf        inf       1.7754     0.1701      nan        nan     
   9000     19215.17     inf        inf        inf        inf       1.6689     0.189       nan        nan     
   9500     20217.3      inf        inf        inf        inf       1.5329     0.2864      nan        nan     
  10000     21205.26     inf        inf        inf        inf       1.4461     0.1692      nan        nan     
[ 0.72311424 -1.57909306 -0.93143565 -1.47301621  2.17267703 -3.30660277
  1.29759941  1.61325555 -2.55520388 -2.33790999  0.31174233 -0.60217055
 -1.66629537 -2.41391358 -4.72014731  1.95614488 -1.40569518 -4.2415436
 -4.33875416  5.85504877]
[ 2.74669054e+01  1.44276847e+01  1.45849704e+01  2.27581778e+01
  2.02197014e+01  1.97776151e+01  3.20664447e+00  2.91237672e+01
  1.80200957e+01  1.05972018e+00  2.38215067e+01 -6.26891304e+00
 -9.90103263e+00  1.66301595e+01 -1.60984905e-02 -1.02789213e+01
  2.02140621e+01 -1.87725476e+01  2.01804766e+01  2.28452758e+01]
[ 26.14256883  22.50259522   5.37260361  18.26231691  20.96042509
  19.76912442  16.51618992  26.65745461  19.30077797   8.90834092
  21.21828853  15.36355366  20.23797039  23.42350774  -8.38847112
  17.34099238 -15.25238991  23.46067397  20.23072375  21.3427467 ]
