Generating synthetic count valued data ... 
Generating synthetic  count valued data took:  11.030308246612549
max_count =  39.0  min count =  0.0
Evaluation for true params: 
 test_rsme | train_rsme | rel-te-err | rel-tr-err |  test_nll  |  train_nll |
    0.0          0.0          0.0          0.0        164585.4    656063.03  
Using  0.05 of training data
Factorizing with max_iteration = 10000  fixing covariance?:  False
Tensor dimensions:  [50, 50, 50]
Optimization metrics: 
Using Ada Grad
Mean update scheme:  S
Covariance update :  N
Using diagonal covariance?:  False
Random start? True
k1 samples =  64  k2 samples =  64
eta =  1  cov eta =  1.0  sigma eta =  1
iteration |   time   |test_rsme |rel-te-err|train_rsme|rel-tr-err|  d_mean  |   d_cov  | test_nll | train_nll  |   dw   |
    0         1.28      8.8113     6.7775     8.7845     6.7472     3.1623     4.2129    70153.41   13938.26    0.0093  
    10       136.99     8.9932     6.793      8.7213     6.5576     3.1623     4.3767    74681.3    14295.79    0.0002  
    20       292.6      9.1511     6.8141     8.5694     6.352      3.1623     4.3813    82909.45   15199.46    0.0001  
    50       496.42     9.8853     7.1022     8.5577     5.9834     3.1623     4.3813   127391.72   19854.52    0.0006  
   100       780.66     9.0977     6.2051     7.0167     4.667      2.9581     0.7076   113997.11   15308.81    0.0001  
   200      1130.46     6.9797     4.2675     4.1582     2.5216     1.812      0.1482    77399.42   9479.35      0.0    
   500      1779.05     5.5242     3.2263     2.6684     1.6134     2.0876     0.0897    59831.88   8051.38      0.0    
   1000     2736.15     4.5247     2.6318     2.1494     1.3048     0.8251     0.0645    51989.63   7554.96      0.0    
   1500     3694.51     3.9855     2.3396     1.999      1.2206     0.6133     0.0543    48828.55   7408.94      0.0    
   2000      4657.2     3.6656     2.1826     1.9433     1.1896     0.5768     0.0472    47319.41   7355.89      0.0    
   2500     5622.34     3.4714     2.095      1.9737     1.214      0.6002     0.044     46599.15   7368.56      0.0    
   3000     6579.92     3.3765     2.0648     2.0761     1.2742     0.6613     0.0418    46448.79   7437.42      0.0    
   3500     7532.98     3.7199     2.3043     2.7897     1.724      1.3012     0.0436    48935.84   8002.72      0.0    
   4000     8480.07    13.3663     7.9889    13.0071     7.6662     2.0396     0.0834   105830.84   19378.52     0.0    
   4500     9421.07    55.5018    35.0685      inf        inf       2.1589     0.0575   226318.72     nan        0.0    
   5000     10349.22     inf        inf        inf        inf       2.4024     0.0587      nan        nan        0.0    
   5500     11275.39     inf        inf        inf        inf       2.1071     0.0875      nan        nan        0.0    
   6000     12193.48     inf        inf        inf        inf       2.3086     0.1868      nan        nan        0.0    
   6500     13097.91     inf        inf        inf        inf       2.0894     0.2046      nan        nan        0.0    
   7000     13994.78     inf        inf        inf        inf       2.2882     0.2115      nan        nan        0.0    
   7500     14887.95     inf        inf        inf        inf       1.794      0.2817      nan        nan        0.0    
   8000     15779.49     inf        inf        inf        inf       2.0579     0.2291      nan        nan        0.0    
   8500     16667.48     inf        inf        inf        inf       2.1919     0.4598      nan        nan        0.0    
   9000     17560.59     inf        inf        inf        inf       2.7273     0.4745      nan        nan        0.0    
   9500     18455.98     inf        inf        inf        inf       2.2614     0.3891      nan        nan        0.0    
  10000     19347.32     inf        inf        inf        inf       2.3994     0.3369      nan        nan        0.0    
[-0.39782291  1.35275787 -1.0859553   0.96448944 -2.04784908 -0.2265134
  2.47985048  1.17221219  0.25094148 -2.97905254 -0.39120298  0.81257178
 -2.46550895 -0.03131842 -1.03166741  1.66614243 -0.85208628 -2.20352187
  2.09283749  0.6880455 ]
[ 36.57535452  31.74015576  29.1247389   29.61656461  27.31256578
  28.80878848  34.40758748  36.16283651  13.46973127  32.35863235
  33.98665286  13.11804904  24.88289758  33.04636242  26.46149869
  19.35446122  30.37802466 -28.08218367  26.5946498   31.94414688]
[ 36.26269586  32.39937497  25.95846605  31.97345964  25.32509677
  25.74996219  32.21487006  33.74226198   3.74723315  -6.38717291
  34.30871893 -33.47731989   2.91795273  35.46716227  12.9484714
  17.40682332 -33.12658058  22.06642664 -16.91673946  30.8608728 ]
