Generating synthetic binary valued data ... 
Generating synthetic  binary valued data took:  26.231273889541626
Evaluation for true params: 
 test_rsme | train_rsme | rel-te-err | rel-tr-err |  test_nll  |  train_nll |
0.7319016327 0.7379701891   0.13392      0.13615      24593.08     97734.26  
Using  0.05 of training data
Factorizing with max_iteration = 12000  fixing covariance?:  False
Tensor dimensions:  [50, 50, 50]
Optimization metrics: 
Using Ada Grad
Mean update scheme:  S
Covariance update :  N
Using diagonal covariance?:  True
Random start? True
k1 samples =  32  k2 samples =  128
eta =  1.0  cov eta =  1.0  sigma eta =  1
iteration |   time   |test_rsme |rel-te-err|train_rsme|rel-tr-err|   d_mean  |   d_cov  |avg_grad_m|avg_grad_c| test_nll | train_nll |    VLB   |  E-term  |    KL     
    0         1.71      1.4123     0.4987     1.4122     0.4986     3.1623     0.1974     0.1106     0.1749    17382.38    3474.6    -3644.0   -3568.733    74.835   
    5        65.15      1.4116     0.4982     1.4091     0.4964     3.1623     0.1974     2.0973     2.7246    17616.68   3541.02    -3769.0   -3706.532    62.124   
    10       127.68     1.4155     0.5009     1.4168     0.5018     3.1623     0.1974     3.836      5.1229    18247.08    3679.6    -3981.0    -3926.06    55.294   
    20       206.11     1.4204     0.5044     1.3905     0.4834     3.1623     0.1974     6.9152    10.0767    20910.38   4128.13    -4640.0   -4594.166    45.597   
    50       310.84     1.2027     0.3616     1.1461     0.3284     3.1623     0.1173    23.2958    28.7218    30231.93   5465.07    -6573.0    -6558.07    15.26    
   100       459.55     1.0509     0.2761     0.9749     0.2376     3.1486     0.0628    18.7103    18.3272    13707.72   2461.78    -2828.0   -2815.882    12.228   
   200       700.43     0.8916     0.1987     0.8129     0.1652     2.8839     0.0536    10.9708    22.5282    11908.51   1793.05    -2216.0   -2204.764    10.974   
   300       929.06     0.8998     0.2024      0.68      0.1156     2.7091     0.0605     9.9739    26.7416    12267.15   1358.63    -1871.0   -1859.395    11.84    
   400      1173.99     0.9114     0.2077     0.4716     0.0556     1.6546     0.0654     8.3534    30.3574    13248.53    870.66    -1447.0   -1433.139    13.807   
   500      1400.56     0.9217     0.2124      0.32      0.0256     1.5682     0.0731      7.96     32.4623    16286.35    569.65    -1177.0   -1161.491    15.901   
   600      1636.02     0.9352     0.2186     0.1918     0.0092     1.4043     0.0764     6.7932     32.929    20437.53    371.91     -912.0    -893.841    17.94    
   700      1883.12     0.9373     0.2196     0.102      0.0026     1.0628     0.0757      5.95     31.5848    25853.06    252.2      -741.0    -721.403    19.692   
   800      2133.22     0.9434     0.2225     0.0632     0.001      1.0008     0.0911     5.3574    29.9214    31951.72    182.76     -623.0    -602.15     21.078   
   900      2379.69     0.9506     0.2259      0.0        0.0       0.9957     0.0882     5.0922    28.2953    37898.86    135.02     -501.0    -478.758    22.134   
   1000     2626.31     0.9533     0.2272      0.0        0.0       0.9325     0.0933     4.7882    26.7593    43023.62    113.26     -470.0    -446.854    22.859   
   1100     2872.93     0.9541     0.2276     0.0283     0.0002     0.8705     0.1039     4.6944    25.3064    48015.37    89.21      -425.0    -401.95     23.417   
   1200     3119.52     0.9544     0.2277      0.0        0.0       0.9014     0.1096     4.484      23.743    52461.83    76.07      -386.0    -361.719    23.866   
   1300      3366.4     0.9563     0.2286      0.0        0.0       0.9741     0.1047     4.4779    22.5961    56867.59    68.23      -354.0    -330.334    24.069   
   1400     3620.47     0.9548     0.2279      0.0        0.0       0.7738     0.1441     4.3246    21.5908    60356.96    59.56      -358.0     -334.1     24.37    
   1500     3870.08     0.9566     0.2288      0.0        0.0       0.7027     0.1459     4.1569    20.4357    62756.89    53.76      -322.0    -297.36     24.641   
   1600     4126.98     0.9569     0.2289      0.0        0.0       0.834      0.1321     4.2985    20.5405    65621.69    49.06      -334.0    -309.01     24.668   
   1700      4366.8     0.9552     0.2281      0.0        0.0       0.9018     0.1462     4.2249    19.5985    69059.11    46.18      -308.0    -283.728    24.685   
   1800     4586.12     0.9553     0.2282      0.0        0.0       0.8125     0.1455     4.306     19.2571    70702.31    42.23      -322.0    -297.307    24.827   
   1900     4799.91     0.9599     0.2304      0.0        0.0       0.8132     0.1463     4.2542    18.4594    73534.59    39.67      -301.0    -276.497    24.996   
   2000     5027.71     0.9589     0.2299      0.0        0.0       0.7753     0.2351     4.379     18.8669    74866.27     37.1      -297.0    -271.825    25.116   
   2100     5275.93     0.961      0.2309      0.0        0.0       0.7219     0.4573     4.1724    18.2315    77608.23    34.62      -303.0    -277.338    25.33    
   2200     5490.83     0.9604     0.2306      0.0        0.0       0.9566     0.1456     4.1827    18.3943    78917.14    32.87      -321.0    -295.743     25.4    
   2300     5710.58     0.9603     0.2306      0.0        0.0       0.7634     0.2722     4.3606    18.0866    80703.07    32.43      -304.0    -278.549    25.793   
   2400     5944.28     0.9607     0.2307      0.0        0.0       0.8652     0.2691     4.396     17.0112    81892.73    29.48      -295.0    -269.178    25.912   
   2500     6154.41     0.9602     0.2305      0.0        0.0       0.8825     0.1944     4.5877    18.1526    82661.27    28.95      -275.0    -248.856    26.047   
   2600     6370.92     0.9608     0.2308      0.0        0.0       0.733      0.2611     4.6191    17.2192    84936.91    28.35      -283.0    -256.98     26.125   
   2700     6583.39     0.9615     0.2311      0.0        0.0       0.8604     0.927      4.485     16.6287    86742.77    26.75      -297.0    -270.87     26.145   
   2800     6799.47     0.962      0.2314      0.0        0.0       0.9397     0.2941     4.5732    16.3388    88379.12    25.75      -268.0    -241.904    26.11    
   2900     7012.71     0.9605     0.2306      0.0        0.0       0.7075     0.3194     4.6736     16.606    89194.6     24.17      -294.0    -267.904    26.084   
   3000     7226.31     0.9606     0.2307      0.0        0.0       0.7461     0.6712     4.6599    16.5251    89864.32    25.84      -259.0    -232.731    26.372   
   3100     7446.32     0.9605     0.2306      0.0        0.0       0.6956     0.3378     4.5727    17.1901    90618.05    22.35      -274.0    -246.763    26.788   
   3200     7669.36     0.9611     0.2309      0.0        0.0       0.8851     0.3291     4.6229    15.9787    91626.72     21.0      -286.0    -259.134    26.834   
   3300     7941.97     0.9615     0.2311      0.0        0.0       0.8892     0.5997     4.5827    15.0231    92066.25    21.61      -292.0    -265.306    26.894   
   3400     8213.21     0.9616     0.2312      0.0        0.0       0.9602     0.4591     4.9208    17.4329    93457.38    19.15      -286.0    -259.31     27.144   
   3500     8439.62     0.9605     0.2306      0.0        0.0       0.7185     0.4761     4.9408    16.2741    95584.4     18.76      -250.0    -222.255    27.593   
   3600     8661.44     0.9585     0.2297      0.0        0.0       0.7588     0.3782     4.7908    16.1807    95957.53    18.81      -245.0    -217.608    27.53    
   3700     8889.45     0.9595     0.2302      0.0        0.0       0.8031     0.918      5.1097    16.0503    96540.23    17.34      -266.0    -237.896    27.617   
   3800     9143.79     0.9597     0.2303      0.0        0.0       0.7533     0.4152     5.1402    15.9708    97399.49    16.92      -262.0    -233.984    27.73    
   3900     9397.14     0.9598     0.2303      0.0        0.0       0.7438     0.3421     4.7794    14.9918    97966.97    16.61      -223.0    -195.534    27.695   
   4000     9646.89     0.9611     0.2309      0.0        0.0       0.7774     0.7506     4.8413    16.1292    98232.69    15.48      -283.0    -254.687    27.898   
   4100     9862.03     0.9639     0.2323      0.0        0.0       0.8569     0.7352     5.0306    16.1744    99717.25    14.98      -250.0    -222.215    28.244   
   4200     10082.29    0.9632     0.2319      0.0        0.0       0.9629     0.6106     4.8359    15.7076   100205.11    15.22      -242.0    -213.234    28.815   
   4300     10302.57    0.9638     0.2322      0.0        0.0       0.885      0.455      5.2254    15.1653   100813.79    15.12      -249.0    -220.126    28.55    
   4400     10517.58    0.9628     0.2318      0.0        0.0       0.7091     0.8143     5.1764    15.8078   101563.57     14.8      -243.0    -214.21     28.81    
   4500     10737.81    0.9624     0.2316      0.0        0.0       0.7658     0.672      5.004     15.6263   102677.92    13.06      -234.0    -204.681    29.328   
   4600     10956.71    0.9604     0.2306      0.0        0.0       0.7972     0.9515     5.0117    15.1021   102736.26    14.28      -237.0    -207.753    29.284   
   4700     11177.5     0.9621     0.2314      0.0        0.0       0.7349     0.6711     5.1589    16.2368   102537.83    13.29      -223.0    -193.336    29.302   
   4800     11396.19    0.9631     0.2319      0.0        0.0       0.8652     0.9854     5.1789    17.1306   104485.09    12.04      -204.0    -174.914    29.532   
   4900     11611.1     0.9625     0.2316      0.0        0.0       0.746      0.7401     5.015     14.4531   104106.47    11.97      -234.0    -204.683    29.169   
   5000     11837.15    0.9626     0.2316      0.0        0.0       0.8505     1.5991     5.0818    15.4086   105035.11    13.23      -221.0    -191.991    29.25    
   5100     12060.55    0.9611     0.2309      0.0        0.0       0.7375     0.699      5.3017    16.5636   106537.17    11.29      -233.0    -203.501    29.68    
   5200     12274.67    0.9624     0.2316      0.0        0.0       0.7148     0.7759      5.29     16.1115   105961.01     12.9      -213.0    -183.36     29.601   
   5300     12488.99    0.9637     0.2322      0.0        0.0       0.9484     2.5837     5.5825    14.5515   107393.89    11.01      -246.0    -216.545    29.852   
   5400     12703.23    0.9617     0.2312      0.0        0.0       1.0706     1.0076     5.3968    15.7558   106700.57    11.01      -229.0    -199.257    29.54    
   5500     12917.41    0.9623     0.2315      0.0        0.0       0.6913     0.8781     5.7952    14.8912   107288.87    10.66      -229.0    -199.275    29.461   
   5600     13131.6     0.9612     0.231       0.0        0.0       0.7372     1.1676     5.5399    13.5937   107357.09     9.85      -209.0    -179.434    29.296   
   5700     13357.79    0.9633     0.232       0.0        0.0       0.6697     0.9989     5.721     16.5585   107368.11    10.63      -230.0    -200.666    29.756   
   5800     13583.6     0.9647     0.2327      0.0        0.0       0.8105     0.8711     5.6347    13.1103   107788.05     10.4      -227.0    -197.929    29.518   
   5900     13795.4     0.9633     0.232       0.0        0.0       0.7247     1.4053     5.6584    14.9428   109214.84     9.66      -237.0    -207.609    29.503   
   6000     14006.87    0.9631     0.2319      0.0        0.0       0.6613     2.1531     5.3267    14.6063   108176.17     9.66      -188.0    -159.176    29.236   
   6100     14237.12    0.9636     0.2321      0.0        0.0       0.6729     3.2138     5.4224    12.9824   108817.97     9.68      -215.0    -185.696    28.911   
   6200     14476.63    0.9626     0.2316      0.0        0.0       0.8768     1.9566     5.6023    14.2421   110388.46     9.5       -202.0    -173.379    29.059   
   6300     14712.43    0.9643     0.2325      0.0        0.0       0.7767     5.0407     5.6793    15.1697   109432.26     9.53      -220.0    -189.69     30.185   
   6400     14956.77    0.964      0.2323      0.0        0.0       0.7266     0.8175     5.5889    14.3844   110122.52     8.49      -220.0    -189.842    30.176   
   6500     15168.15    0.9659     0.2332      0.0        0.0       0.7668     2.1054     5.7147    16.2527   111562.27     7.8       -220.0    -189.41     30.593   
   6600     15387.07    0.9633     0.232       0.0        0.0       0.7388     1.368      5.6485    15.5222   111112.87     8.62      -219.0    -188.952    30.223   
   6700     15601.79    0.9644     0.2325      0.0        0.0       0.859      1.7115     5.5472    13.2945   111537.24     8.38      -214.0    -184.364    29.846   
   6800     15821.48    0.9647     0.2326      0.0        0.0       0.9251     1.0819     6.3731    13.7028   111631.35     7.84      -228.0    -197.82     30.145   
   6900     16039.71    0.9631     0.2319      0.0        0.0       0.8392     1.6662     5.919     13.0485   111908.07     8.38      -220.0    -190.301    29.945   
   7000     16259.83    0.9633     0.232       0.0        0.0       0.8892     2.8379     5.6415    13.1417   111932.83     8.34      -204.0    -174.239    30.192   
   7100     16481.92    0.9625     0.2316      0.0        0.0       0.7917     1.8347     5.8137    14.5663   112984.72     8.15      -237.0    -206.411    30.114   
   7200     16725.79    0.9618     0.2313      0.0        0.0       0.7464     2.7709     5.8261    13.5275   112159.44     8.07      -212.0    -182.508    29.953   
   7300     16976.38    0.9623     0.2315      0.0        0.0       0.6963     0.7743     5.8454    14.0635    113153.4     7.76      -233.0    -203.738    29.627   
   7400     17227.29    0.9622     0.2314      0.0        0.0       0.6707     0.9878     6.1111    15.8441   112718.94     7.94      -212.0    -181.978    29.601   
   7500     17445.32    0.9638     0.2322      0.0        0.0       0.7074     1.4324     5.9193    17.2492   113826.75     8.06      -213.0    -182.716    30.119   
   7600     17663.95    0.9636     0.2321      0.0        0.0       0.7769     3.6985     6.2371    15.6334   113388.47     7.36      -217.0    -186.352    30.607   
   7700     17882.51    0.9611     0.2309      0.0        0.0       0.7702     2.7122     6.285     15.6376   113134.02     6.12      -173.0    -142.499    30.553   
   7800     18099.91    0.9619     0.2313      0.0        0.0       0.7798     0.9454     6.1032    13.9391   113683.32     6.1       -174.0    -143.19     30.526   
   7900     18325.29    0.964      0.2323      0.0        0.0       0.7209     1.4918     5.9722     12.511   112875.52     7.07      -201.0    -169.993    31.042   
   8000     18578.19    0.966      0.2333      0.0        0.0       0.6772     5.5398     6.0714    13.3193   114629.67     5.89      -169.0    -137.654    30.873   
   8100     18788.0     0.9639     0.2323      0.0        0.0       0.5774     1.0967     5.9975    13.5593   114520.64     6.11      -178.0    -147.871    30.563   
   8200     19006.41    0.963      0.2318      0.0        0.0       0.718      2.0933     5.9399    12.5366   115423.02     5.98      -197.0    -167.052    30.182   
   8300     19227.52    0.9632     0.232       0.0        0.0       0.7883     5.2759     6.1411    13.9805   114906.96     6.71      -189.0    -159.235    29.922   
   8400     19448.93    0.9649     0.2328      0.0        0.0       0.7365     2.7551     6.1118    13.8995   113699.03     6.07      -138.0    -106.784    31.195   
   8500     19677.1     0.9652     0.2329      0.0        0.0       0.6136     2.4118     6.2744    12.0312   114600.78     5.5       -194.0    -163.031    30.809   
   8600     19898.1     0.9655     0.233       0.0        0.0       0.7735     3.068      6.2905    12.1704   114743.45     6.83      -169.0    -137.639    31.222   
   8700     20127.02    0.9649     0.2328      0.0        0.0       0.7381     2.8231     6.1149    13.8707   114657.34     6.52      -165.0    -132.914    31.927   
   8800     20360.25    0.9645     0.2326      0.0        0.0       0.6125     1.4975     5.7629    10.2647   115274.81     5.53      -172.0    -140.43     31.53    
   8900     20589.03    0.9652     0.2329      0.0        0.0       0.7221     5.8925     6.1461    15.7953   116213.49     5.4       -183.0    -150.286    32.234   
   9000     20824.33    0.9647     0.2326      0.0        0.0        0.76      4.9854     6.4502    11.9658   114741.75     5.98      -175.0    -143.371    31.897   
   9100     21063.6     0.9655     0.233       0.0        0.0       0.6844     1.4591     5.8372    13.0557   116648.01     5.2       -190.0    -158.697    31.705   
   9200     21287.02    0.965      0.2328      0.0        0.0       0.6995     2.3595     6.3222    15.5014   115888.54     5.58      -205.0    -173.459    31.674   
   9300     21511.91    0.9685     0.2345      0.0        0.0       0.6599     4.0286     6.3836    11.6858   116049.09     5.62      -169.0    -137.542    31.41    
   9400     21734.68    0.9684     0.2344      0.0        0.0       0.7773     1.3117     6.3674    13.1349   115288.16     5.56      -176.0    -145.022    31.162   
   9500     21960.28    0.9651     0.2328      0.0        0.0       0.6764     9.3325     6.6375    15.3556   116779.16     6.47      -160.0     -129.2     31.195   
   9600     22185.39    0.9667     0.2336      0.0        0.0       0.7033     2.3614     6.7608    13.3392   116253.21     6.06      -156.0    -124.504    31.445   
   9700     22407.31    0.9656     0.2331      0.0        0.0       0.8004     2.7872     6.2891    11.7711   115336.71     5.37      -183.0    -151.553    31.274   
   9800     22637.44    0.9664     0.2335      0.0        0.0       0.6793     2.0019     6.2315    14.8091   116270.31     5.48      -168.0    -137.157    30.933   
   9900     22869.54    0.9658     0.2332      0.0        0.0       0.7929     1.9338     6.8969    13.0759   116622.68     5.0       -157.0    -126.302    30.648   
  10000     23112.05    0.9666     0.2336      0.0        0.0       0.7544     4.2756     6.1854    14.2881   117552.47     4.7       -177.0    -147.068    30.263   
  10100     23353.43    0.9684     0.2344      0.0        0.0       0.8105     4.193      6.5288    15.5774   117719.53     5.09      -151.0    -120.39     30.673   
  10200     23572.99    0.9666     0.2336      0.0        0.0       0.7793     8.1192     6.0959     12.333    117917.9     5.29      -183.0    -153.013    30.269   
  10300     23788.36    0.9666     0.2336      0.0        0.0       0.714      5.1384     6.3034    12.8381   118606.86     5.08      -174.0    -144.409    29.891   
  10400     24014.99    0.9679     0.2342      0.0        0.0       0.9277     4.9518     6.702     13.5487   117467.65     5.45      -158.0    -128.34     29.652   
  10500     24262.79    0.9668     0.2337      0.0        0.0       0.9192     2.0278     6.8783    13.0778   117942.56     5.38      -156.0    -126.893    29.303   
  10600     24478.08    0.9663     0.2334      0.0        0.0       0.742      6.1577     6.7713    14.6526   118086.32     5.46      -142.0    -112.12     29.602   
  10700     24699.41    0.9642     0.2324      0.0        0.0       0.8254     4.5594     7.0042    12.1727   117919.86     4.63      -161.0    -131.078    29.632   
  10800     24902.72    0.9662     0.2334      0.0        0.0       0.7737     4.3376     6.818     14.5169   118240.04     4.32      -160.0    -130.913    29.273   
  10900     25106.57    0.9647     0.2326      0.0        0.0       0.6362     5.5205     6.2573    12.7275   119259.66     4.18      -138.0    -108.881    29.176   
  11000     25310.54    0.9644     0.2325      0.0        0.0       0.7235     5.1543     6.3311     9.5852   119375.64     4.11      -126.0    -95.667     29.914   
  11100     25527.02    0.9647     0.2327      0.0        0.0       0.7499     2.4401     6.6085    14.6507   118591.32     5.0       -141.0     -111.1     29.514   
  11200     25748.04    0.965      0.2328      0.0        0.0       1.0165     3.5592     6.6767    13.4586   120561.21     4.38      -151.0    -121.831    29.116   
  11300     25979.54    0.9652     0.2329      0.0        0.0       0.6111     4.8392     6.8296    15.0176   120270.43     3.65      -168.0    -139.411    28.756   
  11400     26199.33    0.9655     0.233       0.0        0.0       0.9877     9.4715     6.3255    11.6712   121097.35     4.14      -136.0    -107.336    29.141   
  11500     26421.4     0.9656     0.2331      0.0        0.0       0.787      3.961      6.5528     11.73    119484.88     4.52      -140.0    -111.594    28.79    
  11600     26640.46    0.9659     0.2332      0.0        0.0       0.8366     2.8738     6.4891    11.0776   118401.06     4.4       -155.0    -125.763    29.304   
  11700     26862.91    0.9646     0.2326      0.0        0.0       0.7479     5.0044     6.4892    13.8211   119083.63     4.22      -129.0    -99.549     28.997   
  11800     27078.82    0.9671     0.2338      0.0        0.0       0.7507     6.2271     6.6349    12.4411   119506.79     3.7       -156.0    -127.104    28.701   
  11900     27303.87    0.9671     0.2338      0.0        0.0       0.614      0.9649     6.9155    11.3513   119318.11     4.78      -144.0    -115.811    28.523   
  12000     27527.13    0.9657     0.2331      0.0        0.0       0.7192    10.4824     6.5682    11.5768   119704.96     4.14      -141.0    -112.767    28.283   
[-0.45006703  0.88046321  6.69718731  4.85071669 13.02829178  7.54295429
  0.10168346  4.48424094 -4.18772295 -3.56290664  6.76361528  9.6392499
  3.64116017  8.21084376  7.34814303  7.46359736  8.38312491  1.94879183
  5.38315238 -1.18903091]
[ 4.3167894  -5.01792069  5.12906462  0.77775741 -0.39447775 -3.54003677
 -1.92352528  7.07417937  3.15417725 13.44297217 -2.46720802 -1.74049761
  5.88557658 -6.61608004  1.22642718  6.57437276  1.81522289 -3.8849151
  4.65386006 -1.29938123]
[ 3.48632635  3.45515999 -1.83530472  7.06358748  7.9685235   9.24695179
  5.72487078 -5.82955588 -5.01538586  4.81798494  0.51948081  0.14940108
  8.52802519  7.43283174 11.00081545 -1.84481049 -0.10250799  5.61008653
  1.03022792  2.3694005 ]
