Generating synthetic binary valued data ... 
Generating synthetic  binary valued data took:  22.47023105621338
Evaluation for true params: 
 test_rsme | train_rsme | rel-te-err | rel-tr-err |  test_nll  |  train_nll |
0.7965927441 0.7917070165   0.15864       0.1567      24507.19     97190.28  
Using  0.05 of training data
Factorizing with max_iteration = 12000  fixing covariance?:  False
Tensor dimensions:  [50, 50, 50]
Optimization metrics: 
Using Ada Grad
Mean update scheme:  S
Covariance update :  N
Using diagonal covariance?:  True
Random start? True
k1 samples =  32  k2 samples =  128
eta =  1.0  cov eta =  1.0  sigma eta =  1
iteration |   time   |test_rsme |rel-te-err|train_rsme|rel-tr-err|   d_mean  |   d_cov  |avg_grad_m|avg_grad_c| test_nll | train_nll |    VLB   |  E-term  |    KL     
    0         1.16      1.4105     0.4974     1.4139     0.4998     3.1623     0.1905     0.1014     0.1793    17403.63   3479.78    -3628.0   -3568.081    59.697   
    5        38.46      1.4139     0.4998     1.4122     0.4986     3.1623     0.1905     2.2472     2.7185    17593.92   3540.85    -3741.0   -3690.342    50.93    
    10       75.86      1.4166     0.5017     1.4187     0.5032     3.1623     0.1905     3.916      5.1304    18171.2     3686.7    -3987.0   -3942.502    44.363   
    20       119.31     1.4094     0.4966     1.4057     0.494      3.1623     0.1905     6.9605    10.0575    20316.57   4024.13    -4536.0   -4498.404    37.209   
    50       186.3      1.146      0.3283     1.1157     0.3112     3.1623     0.1273    23.9951    28.9503    29200.77   5361.95    -6495.0   -6481.366    13.495   
   100       277.39     1.0847     0.2942     0.9904     0.2452     3.149      0.0646    18.1513     17.874    14497.37   2570.85    -2951.0   -2940.592    10.826   
   200       426.96     0.9324     0.2173     0.8065     0.1626     2.8875     0.0608    10.5468    21.7852    12582.59   1847.79    -2303.0   -2291.143    11.79    
   300       577.9      0.9505     0.2258     0.6882     0.1184     2.7506     0.0709    10.1585    25.5366    13531.68   1409.57    -1980.0   -1966.826    12.823   
   400       727.37     0.9612     0.231      0.4883     0.0596     1.5982     0.081      8.1829    28.3038    14742.73    927.36    -1567.0   -1552.286    15.116   
   500       880.59     0.9711     0.2358     0.3406     0.029      1.3717     0.0809     7.5482    31.7099    18486.9     634.18    -1311.0    -1293.0     17.576   
   600      1032.45     0.9825     0.2413     0.2332     0.0136     1.2876     0.0886     7.3481    33.5463    24352.25    434.3     -1093.0   -1073.116    19.874   
   700      1184.93     0.9949     0.2475     0.1356     0.0046     1.321      0.0922     7.2911    33.4555    32219.68    305.28     -936.0    -913.802    22.006   
   800       1338.3     0.9964     0.2482     0.0748     0.0014     1.0927     0.0774     6.6411    31.7645    40914.19    206.46     -746.0    -722.421    23.65    
   900      1491.02     1.003      0.2515      0.0        0.0       1.0153     0.1284     6.008     30.4302    48631.43    153.07     -636.0    -611.299    25.157   
   1000     1642.84     1.0053     0.2526      0.0        0.0       1.0789     0.1153     5.8576    29.2494    57806.99    126.04     -555.0    -528.311    26.573   
   1100     1796.21     1.0056     0.2528      0.0        0.0       1.0575     0.1196     5.2155    27.3865    64455.47    101.53     -499.0    -471.015    27.637   
   1200     1948.44     1.0061     0.2531      0.0        0.0       0.8628     0.1412     5.1709    26.7331    70425.33    85.75      -451.0    -422.667    28.354   
   1300     2099.08     1.0091     0.2546      0.0        0.0       1.0326     0.1208     5.1179    24.9037    75836.48    71.23      -418.0    -388.578    28.974   
   1400     2256.64     1.0096     0.2548      0.0        0.0       1.1011     0.1628     5.0451    24.0811    81035.24    64.82      -390.0    -360.366    29.544   
   1500     2411.86      1.01      0.255       0.0        0.0       0.8867     0.1478     5.0456    22.8959    84514.38    59.09      -376.0    -345.946    29.871   
   1600     2563.58     1.0119     0.256       0.0        0.0       0.8748     0.1653     4.8476    22.3088    87918.33    50.17      -362.0    -332.137    30.303   
   1700     2715.16     1.0122     0.2561      0.0        0.0       0.902      0.1816     4.7312    21.9132    91256.2     47.75      -349.0    -319.086    30.409   
   1800     2865.91     1.0119     0.256       0.0        0.0       0.814      0.2218     4.9064    20.8774    93614.86    45.86      -339.0    -307.914    30.739   
   1900     3016.57     1.0105     0.2553      0.0        0.0       0.833      0.1519     4.7888    20.3984    95817.59    40.63      -333.0    -302.007    31.007   
   2000     3168.26     1.0096     0.2548      0.0        0.0       0.8136     0.356      4.9905    20.5363    98192.69    38.08      -296.0    -265.253    31.234   
   2100     3319.76     1.0131     0.2566      0.0        0.0       0.7357     0.2806     4.7641    19.9827   100194.57    35.51      -305.0    -273.399    31.476   
   2200     3472.13     1.0125     0.2563      0.0        0.0       0.7605     0.4504     4.6293    18.8141    101585.5    33.94      -293.0    -261.363    31.622   
   2300     3624.43     1.0115     0.2558      0.0        0.0       0.8087     0.3129     4.821     19.1708   103523.46     34.5      -308.0    -276.662    31.735   
   2400     3776.74     1.0111     0.2556      0.0        0.0       0.806      0.3611     4.8626    20.0159    105556.3    31.07      -293.0    -261.34     31.925   
   2500     3928.02     1.0104     0.2552      0.0        0.0        0.89      0.4305     5.1144    19.4479    107576.5    29.83      -300.0    -267.984    31.969   
   2600     4079.84     1.0111     0.2556      0.0        0.0       0.7579     0.318      4.9572    18.0851    107950.9    29.47      -298.0    -265.981    32.182   
   2700      4231.5     1.0102     0.2551      0.0        0.0       1.0198     1.1594     5.1498     18.963   109492.82     28.1      -303.0    -270.505    32.362   
   2800     4382.89     1.0098     0.2549      0.0        0.0       0.9917     0.3098     5.1022    18.7109   110496.32    25.81      -264.0    -231.085    32.643   
   2900     4536.65     1.0084     0.2542      0.0        0.0       0.8769     0.5074     5.103     18.4768   112121.99    24.09      -289.0    -256.341    32.799   
   3000     4687.42     1.0117     0.2559      0.0        0.0       0.6649     0.5691     4.8085    18.2091   113192.73    23.66      -288.0    -254.845    32.776   
   3100     4837.61     1.0119     0.256       0.0        0.0       0.8095     0.3668     5.0617    17.6975   113975.66    23.64      -300.0    -267.252    32.966   
   3200     4992.06      1.01      0.255       0.0        0.0       0.798      0.5756     5.1635    18.4807   116107.82    21.26      -300.0    -266.942    33.073   
   3300      5143.1     1.0111     0.2556      0.0        0.0       0.7617     0.7707     4.9268    16.5481   116089.98    21.87      -291.0    -257.926    33.077   
   3400     5295.97     1.0104     0.2552      0.0        0.0       0.7956     1.1729     4.8051    17.8631   117332.44    20.96      -276.0    -242.246    33.264   
   3500     5447.79     1.0103     0.2552      0.0        0.0        0.85      0.5807     5.0753    18.0469   117472.06    20.88      -278.0    -244.926    33.386   
   3600     5599.97     1.0126     0.2563      0.0        0.0       0.8014     0.5067     5.2838    17.6206   118054.83    19.51      -247.0    -213.463    33.579   
   3700     5753.34     1.0111     0.2556      0.0        0.0       0.8012     0.8893      5.4      16.7127   119338.92    18.83      -255.0    -221.571    33.479   
   3800     5905.02     1.0104     0.2552      0.0        0.0       0.7713     0.812      5.1165    17.5934   119914.95    17.29      -284.0    -250.477    33.292   
   3900     6057.26     1.0103     0.2552      0.0        0.0       0.8344     0.3851     5.3017    17.6736   121147.62    19.06      -253.0    -218.944    33.778   
   4000     6209.01     1.0111     0.2556      0.0        0.0       0.8632     0.5049     5.2369    17.0619   121219.83    17.72      -264.0    -230.019    33.645   
   4100     6362.33     1.0086     0.2543      0.0        0.0       0.8501     0.5591     5.6131    16.2643   121888.07    15.43      -262.0    -228.826    33.635   
   4200     6514.75     1.0125     0.2563      0.0        0.0       0.8232     0.4176     5.2478     17.478   123104.08    16.34      -264.0    -230.586    33.608   
   4300     6667.47     1.0112     0.2556      0.0        0.0       0.7768     0.8969     5.1877    17.4771   122843.28    16.75      -242.0    -208.517    33.593   
   4400     6819.18     1.0128     0.2564      0.0        0.0       0.6547     1.1914     5.2487    17.0007   123966.77    15.46      -229.0    -195.801    33.46    
   4500     6972.05     1.0118     0.2559      0.0        0.0       0.7168     0.3776     5.1894    16.5838   124011.91    15.07      -278.0    -243.93     33.677   
   4600     7125.04     1.0115     0.2558      0.0        0.0       0.7839     0.366      5.5185    17.1583   125483.49    13.58      -239.0    -205.725    33.762   
   4700     7277.16     1.0122     0.2562      0.0        0.0       0.7572     0.387      5.2609    17.8646   124768.51    15.25      -266.0    -231.742    33.824   
   4800     7428.47     1.0118     0.256       0.0        0.0       0.7008     1.0458     5.7025    15.4788   125305.84    13.76      -232.0    -198.527    33.972   
   4900     7579.28     1.0137     0.2569      0.0        0.0       0.6999     1.0462     5.5417    18.7595   126655.34    13.41      -248.0    -213.902    34.075   
   5000     7731.77     1.0126     0.2563      0.0        0.0       0.7544     1.6756     5.5434    16.8592   127355.93     12.1      -235.0    -201.461    33.976   
   5100     7883.21     1.0137     0.2569      0.0        0.0       0.6598     0.5856     5.5205    16.4778   127468.62    13.33      -276.0    -242.078    33.995   
   5200     8034.78     1.0123     0.2562      0.0        0.0       0.7069     2.5411     5.6084    17.8462   127986.29    12.95      -271.0    -236.505    34.079   
   5300      8189.0     1.0151     0.2576      0.0        0.0       0.6378     0.4288     5.5883    14.2635    128431.7    11.44      -246.0    -212.017    34.424   
   5400     8340.51     1.0126     0.2563      0.0        0.0       0.6999     0.835      5.9807    17.2846   129086.83    11.32      -234.0    -199.337    34.422   
   5500     8493.72     1.014      0.257       0.0        0.0       0.906      2.1988     5.6139    16.4557   128471.01    11.71      -235.0    -200.714    34.501   
   5600     8644.84     1.0129     0.2565      0.0        0.0       0.7368     1.0468     5.7602     16.704   129958.07    11.91      -241.0    -206.847    34.363   
   5700     8796.78     1.0115     0.2558      0.0        0.0       0.7089     3.101      5.7635    18.7289   129314.89    11.59      -210.0    -176.04     34.105   
   5800     8949.75     1.0137     0.2569      0.0        0.0       0.7277     0.6716     5.7576    15.1268   129004.25    10.48      -235.0    -201.08     34.263   
   5900     9103.84     1.0129     0.2565      0.0        0.0       0.6422     1.8777     5.6744    16.3393   129186.22    11.09      -245.0    -211.138    33.997   
   6000     9255.56     1.0126     0.2563      0.0        0.0       0.8028     1.2099     5.7259     17.085   129690.96    10.68      -219.0    -185.255    34.116   
   6100     9407.15     1.0137     0.2569      0.0        0.0       0.9112     0.4666     5.8909    17.8482    131176.5    10.07      -210.0    -175.501    34.426   
   6200      9559.0     1.0144     0.2572      0.0        0.0       0.7317     2.108      5.8661    16.8394   130103.09     11.0      -240.0    -205.697    34.754   
   6300     9710.35     1.0134     0.2568      0.0        0.0       0.7523     2.2951     5.894     16.1978   132358.12    10.13      -229.0    -194.175    34.775   
   6400     9861.16     1.0124     0.2562      0.0        0.0       0.7364     1.7117     6.0025    15.7943   132396.32    10.27      -222.0    -187.506    34.719   
   6500     10015.77    1.0134     0.2567      0.0        0.0       0.7242     2.275      6.0351    15.3289   131228.43    10.02      -234.0    -198.807    34.697   
   6600     10167.9     1.0129     0.2565      0.0        0.0       0.7503     3.2216     5.9529    16.4145    132504.9     11.1      -224.0    -189.345    34.678   
   6700     10321.7     1.0125     0.2563      0.0        0.0       0.8223     3.4837     6.0644    16.3371   133391.01     9.35      -194.0    -159.058    34.75    
   6800     10475.25    1.0127     0.2564      0.0        0.0       0.8128     0.7741     6.1114    16.0407   132614.24     9.16      -224.0    -188.937    35.034   
   6900     10626.67    1.0139     0.257       0.0        0.0       0.8403     1.9084     5.9075     13.761   132652.52     9.1       -223.0    -187.788    34.952   
   7000     10777.56    1.0125     0.2563      0.0        0.0       0.6383     1.1227     5.7689    14.4497   133851.96     9.61      -242.0    -207.248    34.755   
   7100     10931.82    1.0141     0.2571      0.0        0.0       0.7259     1.1134     6.2601    16.5061   134112.83     8.55      -234.0    -199.228    34.676   
   7200     11085.44    1.0134     0.2567      0.0        0.0       0.5889     2.8849     5.9184    16.1163   134370.61     8.41      -224.0    -189.043    34.627   
   7300     11239.68    1.0111     0.2556      0.0        0.0       0.656      1.5725     5.978     14.5946   134217.08     8.45      -228.0    -193.446    34.787   
   7400     11394.7     1.0128     0.2564      0.0        0.0       0.7126     0.718      6.0862    15.4914   134752.52     8.54      -211.0    -175.929    35.46    
   7500     11548.88    1.0143     0.2572      0.0        0.0       0.7602     0.5976     6.2316     16.244   135599.53     7.93      -211.0    -175.645    35.674   
   7600     11700.17    1.0135     0.2568      0.0        0.0       0.758      1.1873     6.103     16.7408    134927.8     8.58      -203.0    -166.74     35.868   
   7700     11852.77    1.0134     0.2567      0.0        0.0       0.7728     2.9332     6.2126    14.4691   135111.77     6.93      -229.0    -193.385    35.586   
   7800     12004.75    1.013      0.2565      0.0        0.0       0.7923     1.9261     6.0958    15.9749   135522.22     8.82      -212.0    -176.931    35.281   
   7900     12156.36    1.0135     0.2568      0.0        0.0       0.7168     1.3564     6.3544    15.5988   134017.59     7.77      -196.0    -161.173    35.08    
   8000     12309.4     1.0123     0.2562      0.0        0.0       0.6535     3.0492     6.0638     16.091   135861.42     8.13      -180.0    -144.867    35.011   
   8100     12460.87    1.0125     0.2563      0.0        0.0       0.711      1.2027     6.2038    15.9865    134850.2     7.39      -181.0    -145.67     35.211   
   8200     12614.39    1.0123     0.2562      0.0        0.0       0.7821     1.3813     6.6696     18.068   135580.32     7.61      -229.0    -193.033    35.723   
   8300     12767.22    1.0125     0.2563      0.0        0.0       0.6581     0.8965     6.3189    14.1992   135389.93     6.56      -189.0    -153.272    35.835   
   8400     12918.77    1.0146     0.2574      0.0        0.0       0.9643     7.4462     6.5097    16.6205   135979.83     6.38      -207.0    -170.296    36.265   
   8500     13071.44    1.0149     0.2575      0.0        0.0       0.6944     1.3129     6.6386    14.7781   136257.24     7.14      -177.0    -140.762    36.125   
   8600     13223.23    1.0149     0.2575      0.0        0.0       0.6354     0.6584     6.2826    14.1375   136488.16     6.64      -183.0    -147.635    35.86    
   8700     13376.55    1.0143     0.2572      0.0        0.0       0.8095     1.998      6.2761    14.9894   136576.69     5.7       -196.0    -160.788    35.629   
   8800     13530.04    1.0156     0.2578      0.0        0.0       0.7478     3.6511     6.5004    17.5463   136504.12     6.53      -176.0    -140.83     35.478   
   8900     13682.37    1.0162     0.2582      0.0        0.0       0.8197     1.2957     6.2999    15.4641   137178.91     6.25      -195.0    -159.929    35.398   
   9000     13836.22    1.0152     0.2576      0.0        0.0       0.7449     4.3746     6.6382    17.1191   137411.34     6.34      -179.0    -143.619    35.358   
   9100     13988.63    1.0144     0.2572      0.0        0.0       0.6514     1.2829     6.4346    13.8228   136726.21     6.37      -197.0    -161.273    35.238   
   9200     14143.46    1.0142     0.2572      0.0        0.0       0.687      1.1908     6.5301    14.2015   137687.82     6.04      -204.0    -168.217    35.713   
   9300     14295.89    1.0141     0.2571      0.0        0.0       0.6909     3.7019     6.458     15.2558   137818.35     5.68      -217.0    -180.32     36.365   
   9400     14448.43    1.0149     0.2575      0.0        0.0       0.7206     4.8178     6.6514    15.3927   138012.14     5.76      -174.0    -137.184    36.386   
   9500     14599.45    1.0147     0.2574      0.0        0.0       0.6634     5.5531     6.4758    14.6187    138315.4     6.33      -195.0    -158.264    36.315   
   9600     14751.02    1.0134     0.2568      0.0        0.0       0.6753     2.5684     6.5771    15.8978   137446.24     5.91      -192.0    -155.807    36.148   
   9700     14903.71    1.0144     0.2572      0.0        0.0       0.6319     1.3209     6.7337    12.2725   137202.42     5.92      -175.0    -139.336    35.841   
   9800     15056.72    1.0165     0.2583      0.0        0.0       0.6993     2.4535     6.4189    15.9202   138426.95     6.36      -172.0    -136.147    35.81    
   9900     15211.29    1.017      0.2586      0.0        0.0       0.7205     0.831      6.619     16.1325   138613.27     5.81      -165.0    -128.553    36.11    
  10000     15364.88    1.0167     0.2584      0.0        0.0       0.6677     4.8284     6.6126    14.6291    139356.8     5.97      -165.0    -128.877    36.407   
  10100     15517.62    1.0167     0.2584      0.0        0.0       0.6624     1.9196     6.4719    13.8506   138735.06     6.12      -184.0    -146.88     36.823   
  10200     15669.12    1.0162     0.2582      0.0        0.0       0.8101     1.9236     6.6969    15.5659    139360.8     5.67      -185.0    -148.018    36.615   
  10300     15821.66    1.016      0.2581      0.0        0.0       0.7153     3.5114     6.968     16.7248    137869.4     6.02      -162.0    -125.386    36.427   
  10400     15974.82    1.0151     0.2576      0.0        0.0       0.6938     2.1833     6.7547    13.7669   138234.09     5.92      -183.0    -146.33     36.176   
  10500     16128.75    1.0153     0.2577      0.0        0.0       0.9068     1.3651     6.875     11.9117   139654.85     5.34      -198.0    -161.508    36.162   
  10600     16281.58    1.0163     0.2582      0.0        0.0       0.8272     2.7304     6.9239    16.2322   139275.64     5.51      -164.0    -128.023    36.065   
  10700     16434.31    1.0171     0.2586      0.0        0.0       0.8744     3.1075     7.2938    17.7886    139946.4     5.71      -180.0    -144.069    36.001   
  10800     16586.87    1.0169     0.2585      0.0        0.0       0.6765     6.1572     7.0099    13.7782   138845.91     4.97      -182.0    -146.315    36.077   
  10900     16739.83    1.0182     0.2592      0.0        0.0       0.6772     1.8259     7.3572    14.3048   139864.86     5.05      -168.0    -131.95     35.805   
  11000     16892.01    1.0169     0.2585      0.0        0.0       0.702      2.7269     6.906     10.3854   139341.23     4.3       -151.0    -114.965    35.582   
  11100     17047.36    1.0167     0.2584      0.0        0.0       0.7311     2.3209     7.0102    11.6977   139320.12     5.14      -164.0    -128.164    36.101   
  11200     17201.35    1.0153     0.2577      0.0        0.0       0.803      1.4242     6.7798    12.1065   139925.36     4.98      -153.0    -117.34     35.883   
  11300     17354.26    1.0152     0.2577      0.0        0.0       0.7395     1.8242     6.8239    13.2832   139921.27     5.81      -187.0    -151.067    35.772   
  11400     17507.89    1.0143     0.2572      0.0        0.0       0.6038     3.8922     7.2372    12.7776   141217.86     5.69      -180.0    -143.436    36.388   
  11500     17660.57    1.0148     0.2575      0.0        0.0       0.6334     0.9821     6.7629    11.5501   139874.73     5.14      -163.0    -126.885    36.193   
  11600     17813.64    1.016      0.2581      0.0        0.0       0.7601     4.831      7.3587    13.9701   139227.45     4.82      -166.0    -129.616    35.921   
  11700     17966.81    1.0162     0.2582      0.0        0.0       0.7503     2.5827     6.9945    14.4214   140995.46     4.91      -182.0    -145.69     36.015   
  11800     18120.6     1.0146     0.2574      0.0        0.0       0.6797     6.671      7.5767    15.1451   140317.23     4.78      -159.0    -121.556    37.301   
  11900     18273.96    1.0145     0.2573      0.0        0.0       0.8112     1.0296     7.1284    12.7918   139271.96     5.58      -146.0    -108.547    37.041   
  12000     18427.25    1.0121     0.2561      0.0        0.0       0.7961     2.9537     7.0724    12.7721   140464.78     4.62      -158.0    -121.127    37.33    
[-3.77220602 -0.06657124  2.27458226  5.12256144  2.95780385  6.26348916
  4.13466364 -1.38914388  4.44478251  6.93986232 -1.25973191 -1.51328748
  0.36294247 -2.0294595  12.89067227 -0.38335161 11.31896467  0.02180634
 -3.93429061  7.3588982 ]
[ 7.95637095 10.24957879  3.84787944 -1.02646522  2.88537231 -7.04775922
 -1.85274376  2.03947902 -2.20519326 -3.4691397   8.80232058 -5.09599502
  1.755156    3.79253625  1.3695385   4.62078554 -6.19278182  4.67589205
 -3.77762684  4.39134024]
[-5.73299894  6.6261616   4.37698716 -4.46789819  0.4303205   1.89883274
  7.37443935 -1.4996609   4.96322395  7.43327464  2.33619825  7.7989121
 -2.54953555  4.63057082 -0.95112971  8.94872128  7.92617118  1.35552336
  3.67533185  6.3650674 ]
