Factorizing with max_iteration = 75000  fixing covariance?:  False
Tensor dimension: [63728, 63715, 1847]
Mean update: S
Cov update: N
Using diagonal covariance: False
k1 samples =  64  k2 samples =  128
eta =  1.0  cov eta =  1.0  sigma eta =  1
iteration |   time   |  test_err  |  test_mae  |  trainerr  |  trainmae |
    0         2.32       0.0      23.6793      0.0      23.6748  
    5        908.13      0.0      23.6837      0.0      23.6868  
    10       1817.9      0.0      23.6933      0.0      23.6787  
    20      2739.66      0.0      23.6813      0.0       23.67   
    50      3700.99      0.0      23.6636      0.0      23.6619  
   100      4711.69      0.0      23.6424      0.0      23.6227  
   200      5844.87      0.0       23.515      0.0      23.4842  
   5000     19073.44     0.0       4.6957      0.0       4.6011  
  10000     33113.13     0.0       3.1774      0.0       3.1272  
  15000     47542.47     0.0       1.5998      0.0       1.5614  
  20000     61614.5      0.0       1.2088      0.0       1.1584  
  25000     75500.29     0.0       1.0157      0.0       0.9583  
  30000     89662.28     0.0       0.8978      0.0       0.837   
  35000    104229.87     0.0       0.8992      0.0       0.8351  
  40000    118737.44     0.0       0.8894      0.0       0.8282  
  45000    133363.29     0.0       0.8875      0.0       0.8238  
  50000    148240.27     0.0       0.8868      0.0       0.822   
  55000    162602.96     0.0       0.8891      0.0       0.8252  
  60000     176688.7     0.0       0.8838      0.0       0.8153  
  65000    191143.04     0.0       0.886       0.0       0.8202  
  70000    206343.48     0.0       0.8855      0.0       0.8209  
  75000    221006.31     0.0       0.8972      0.0       0.8305  
