Generating synthetic count valued data ... 
Generating synthetic  count valued data took:  9.02023434638977
max_count =  19  min count =  0
Using  0.2  of training data 
Tensor dimensions:  [50, 50, 50]
Optimization metrics: 
Using Ada Grad
Mean update scheme:  S
Covariance update :  N
k1 samples =  64  k2 samples =  64
eta =  1  cov eta =  1  sigma eta =  1
iteration |   time   |test_rsme |train_rsme|  d_mean  |   d_cov  | test_nll | train_nll     dw   
   100       91.71      3.874      3.908      0.281      0.2264    57857.2    46700.93    0.0001  
   200       292.58     3.9092     3.9417     0.2344     0.1538    56333.24   45471.69     0.0    
   300       493.19     3.9453     3.9827     0.1888     0.1192    55304.24   44640.1      0.0    
   400       693.8      3.9703     4.0021     0.1845     0.0932    54546.27   44026.27    0.0001  
   500       895.63     3.9932     4.0264     0.1579     0.077     53961.29   43551.56     0.0    
   600      1097.84     4.0114     4.0398     0.1406     0.0672    53494.34   43172.28     0.0    
   700      1296.46     4.023      4.0561     0.1268     0.0576    53107.22   42857.94     0.0    
   800      1495.09     4.0355     4.0698     0.1271     0.0503    52784.51   42596.35     0.0    
   900      1693.79     4.0444     4.0817     0.1272     0.0467    52516.45   42379.17     0.0    
   1000      1892.5     4.0542     4.0896     0.1142     0.0416    52287.07   42193.38     0.0    
   1100     2091.26     4.0601     4.0977      0.11      0.0377    52093.02   42036.47     0.0    
   1200     2290.16     4.0681     4.1043     0.112      0.0347    51931.53   41906.16     0.0    
   1300     2489.25     4.0692     4.1061     0.1159     0.0305    51790.54   41792.51     0.0    
   1400     2688.34     4.0606     4.0957     0.1332     0.0293    51646.56   41676.55     0.0    
   1500     2887.39     4.0326     4.0669     0.135      0.028     51461.93   41528.84     0.0    
   1600     3086.48     3.9689     4.002      0.1506     0.025     51193.52   41315.22     0.0    
   1700     3285.57     3.8467     3.8867     0.1804     0.0242    50853.55   41045.94     0.0    
   1800     3484.59     3.6492     3.6808     0.1804     0.0237    50522.62   40784.48     0.0    
   1900     3683.64     3.3525     3.3851     0.1872     0.0229    50353.91   40646.09     0.0    
   2000     3882.48     2.971      2.9992     0.1927     0.0225    50328.48   40615.71     0.0    
   2100     4081.35     2.5595     2.587      0.1827     0.0212    50290.25   40593.39     0.0    
   2200     4280.21     2.2764     2.2927     0.1829     0.0195    50414.72   40724.52     0.0    
   2300     4478.91     2.2686     2.2882     0.1797     0.0183    51137.84   41311.11     0.0    
   2400     4677.61     2.6776     2.6965     0.1722     0.0178    52464.87   42370.15     0.0    
   2500     4876.34     3.4133     3.4292     0.1712     0.0169    54174.69   43763.89     0.0    
   2600     5075.17     4.3023     4.3265     0.1569     0.0152    56309.17   45505.15     0.0    
   2700     5274.17     5.3144     5.3316     0.154      0.0152    58784.94   47496.52     0.0    
   2800     5473.31     6.3397     6.3677     0.1778     0.0148    60893.08   49247.48     0.0    
   2900     5672.61     7.4378     7.4859     0.1484     0.0138    62147.66   50288.59     0.0    
   3000     5872.05     8.4977     8.565      0.1346     0.0134    61750.46   49927.57     0.0    
   3100      6071.6     9.5566     9.6211     0.2317     0.0131    60332.83   48793.92     0.0    
   3200     6271.16     10.63     10.7121     0.1338     0.0128    58926.89   47674.81     0.0    
   3300     6470.58    11.7187    11.8035     0.1759     0.0127    58015.4    46920.4      0.0    
   3400     6670.05    12.7096    12.7984     0.2147     0.0127    57608.23   46554.66     0.0    
   3500     6869.45    13.6743    13.7639     0.1525     0.0114    58111.54   46938.9      0.0    
   3600     7068.76    14.6489    14.7619     0.2032     0.0112    59507.83   48116.93     0.0    
   3700     7268.03    15.5926    15.7369     0.1886     0.0111    61764.38   49917.74     0.0    
   3800     7467.22    16.4485    16.5584     0.1361     0.0106    64387.56   52054.98     0.0    
   3900     7666.36    17.3083     17.44      0.1744     0.0106    67556.86   54649.03     0.0    
   4000     7865.51    18.0843    18.2206     0.1578     0.0103    70211.48   56843.29     0.0    
Using  0.4  of training data 
Tensor dimensions:  [50, 50, 50]
Optimization metrics: 
Using Ada Grad
Mean update scheme:  S
Covariance update :  N
k1 samples =  64  k2 samples =  64
eta =  1  cov eta =  1  sigma eta =  1
iteration |   time   |test_rsme |train_rsme|  d_mean  |   d_cov  | test_nll | train_nll     dw   
   100       91.23      3.8321     3.8474     0.0789     0.0833    59785.59   96670.61     0.0    
   200       340.56     3.8502     3.8658     0.077      0.0784    59095.09   95549.77     0.0    
   300       589.81     3.8609     3.8806     0.0689     0.0746    58466.95   94530.81     0.0    
   400       838.83     3.8811     3.8981     0.0717     0.068     57892.55   93598.07     0.0    
   500      1087.88     3.8882      3.91      0.0636     0.064     57370.02   92749.68     0.0    
   600      1336.86     3.9085     3.9221     0.0606     0.0562    56894.92   91977.21     0.0    
   700      1585.82     3.9214     3.9362     0.067      0.0559    56459.25   91268.31     0.0    
   800      1834.68     3.9263     3.949      0.0559     0.0555    56059.35   90616.85     0.0    
   900       2083.3     3.9413     3.9591     0.0527     0.0478    55691.76   90017.06     0.0    
   1000     2332.23     3.9496     3.9713     0.0552     0.0433    55353.11   89464.03     0.0    
   1100     2581.03     3.9578     3.9822     0.0489     0.0432    55041.56   88954.88     0.0    
   1200     2829.88     3.9697     3.9891     0.0614     0.0381    54752.45   88482.27     0.0    
   1300     3078.56     3.9797     3.9996     0.0486     0.0406    54485.1    88045.05     0.0    
   1400     3327.34     3.9904     4.0099     0.0507     0.0387    54234.97   87635.47     0.0    
   1500     3576.22     3.9969     4.0167     0.0404     0.034     54004.27   87257.89     0.0    
   1600     3824.99     4.0006     4.0252     0.0447     0.0334    53788.13   86904.33     0.0    
   1700     4073.78     4.0117     4.0314     0.0419     0.0308    53587.51   86575.94     0.0    
   1800     4322.58     4.0181     4.039      0.0528     0.0297    53398.43   86266.62     0.0    
   1900     4571.22     4.0249     4.0489     0.0447     0.0277    53222.82   85979.15     0.0    
   2000     4819.98     4.0332     4.0543     0.0488     0.0263    53058.22   85709.82     0.0    
   2100     5068.65     4.0375     4.0595     0.0434     0.0266    52903.73   85457.1      0.0    
   2200     5317.46     4.0436     4.0663     0.039      0.0249    52758.77   85220.17     0.0    
   2300     5566.23     4.049      4.071      0.0395     0.0234    52623.56   84999.16     0.0    
   2400     5815.01     4.0551     4.0764     0.0403     0.0227    52496.86   84792.25     0.0    
   2500     6063.88     4.0574     4.0824     0.0402     0.0224    52378.6    84599.23     0.0    
   2600     6312.82     4.0641     4.0863     0.0355     0.0228    52268.36   84419.16     0.0    
   2700     6561.58     4.0682     4.092      0.0347      0.02     52166.07   84252.25     0.0    
   2800     6810.54     4.0728     4.0956     0.0351     0.0184    52070.81   84096.91     0.0    
   2900     7059.52     4.0765     4.1005     0.0329     0.0188    51980.64   83949.98     0.0    
   3000     7308.57     4.0836     4.1026     0.0354     0.0179    51896.86   83813.4      0.0    
   3100     7557.68     4.0862     4.1076     0.0389     0.0171    51820.52   83689.05     0.0    
   3200      7806.9     4.0903     4.1107     0.0429     0.0168    51749.0    83572.45     0.0    
   3300      8056.1     4.0942     4.1147     0.0358     0.016     51682.96   83464.73     0.0    
   3400     8305.14     4.0967     4.1186     0.0332     0.0152    51622.48   83366.23     0.0    
   3500     8554.31     4.0996     4.1212     0.0413     0.0158    51567.0    83275.66     0.0    
   3600     8803.67     4.1037     4.1261     0.0298     0.0145    51515.93   83192.33     0.0    
   3700     9053.18     4.1064     4.1292     0.0408     0.0141    51469.73   83116.96     0.0    
   3800     9302.61     4.1093     4.133      0.0295     0.0132    51427.64   83048.25     0.0    
   3900     9551.99     4.1114     4.1344     0.037      0.0133    51389.48   82985.91     0.0    
   4000     9801.38     4.1153     4.1372     0.0343     0.0132    51355.04   82929.67     0.0    
Using  0.6  of training data 
Tensor dimensions:  [50, 50, 50]
Optimization metrics: 
Using Ada Grad
Mean update scheme:  S
Covariance update :  N
k1 samples =  64  k2 samples =  64
eta =  1  cov eta =  1  sigma eta =  1
iteration |   time   |test_rsme |train_rsme|  d_mean  |   d_cov  | test_nll | train_nll     dw   
   100       90.99      3.8367     3.8473     0.0758     0.0689    59959.7   144845.88     0.0    
   200       394.62     3.8481     3.8638     0.0633     0.0609    59410.29   143515.9     0.0    
   300       700.23     3.8603     3.8787     0.0719     0.0583    58892.2   142262.73     0.0    
   400      1003.62     3.8716     3.8872     0.0567     0.0534    58404.98  141084.88     0.0    
   500      1300.91     3.8878     3.8989     0.0649     0.0517    57946.18  139975.05     0.0    
   600      1598.24     3.8965     3.9119     0.0606     0.0521    57517.58   138938.2     0.0    
   700      1895.46     3.9066     3.9196     0.0666     0.0465    57116.19  137966.62     0.0    
   800      2196.27     3.9168     3.9292     0.0612     0.0465    56741.98  137059.71     0.0    
   900      2506.67     3.9283     3.9411     0.0612     0.0432    56385.78  136196.76     0.0    
   1000     2816.74     3.9436     3.9513     0.0441     0.0421    56054.91  135394.18     0.0    
   1100     3127.64     3.9464     3.9627     0.0452     0.0408    55743.85  134639.26     0.0    
   1200     3437.47     3.9591     3.9688     0.0509     0.0392    55453.17   133933.6     0.0    
   1300     3746.99     3.9615     3.9769     0.0469     0.0374    55180.93  133271.96     0.0    
   1400     4057.19      3.97      3.9885     0.0549     0.0363    54922.78  132644.46     0.0    
   1500     4367.03     3.9806     3.9942     0.0497     0.0339    54679.88  132053.77     0.0    
   1600     4678.39     3.9878     4.0022     0.0481     0.0336    54450.04  131494.34     0.0    
   1700     4988.39     3.9951     4.0116     0.042      0.0298    54235.92  130973.06     0.0    
   1800     5298.19     4.001      4.0181     0.0458     0.0327    54033.66  130481.23     0.0    
   1900     5608.19     4.0083     4.0235     0.0457     0.0289    53841.33  130013.17     0.0    
   2000     5919.17     4.0151     4.0302     0.0399     0.0277    53660.29   129572.5     0.0    
   2100      6229.4     4.0192     4.0372     0.0451     0.0277    53488.95  129155.13     0.0    
   2200     6540.19     4.0272     4.0428     0.0406     0.0255    53327.1    128761.4     0.0    
   2300     6850.62     4.0318     4.0482     0.0399     0.0242    53173.62  128388.09     0.0    
   2400     7164.11     4.0388     4.0534     0.0397     0.0241    53028.63  128035.47     0.0    
   2500      7480.0     4.0447     4.0597     0.0401     0.0221    52891.58  127701.98     0.0    
   2600     7804.22     4.0497     4.0646     0.0358     0.0214    52760.72  127383.66     0.0    
   2700     8128.34     4.0539     4.0706     0.0379     0.0214    52637.38  127083.83     0.0    
   2800     8447.59     4.0585     4.0743     0.0387     0.0206    52520.76  126800.24     0.0    
   2900     8765.26     4.0648     4.0808     0.0385     0.0198    52410.34  126531.97     0.0    
   3000     9078.47     4.0673     4.083      0.0354     0.0189    52306.31  126279.34     0.0    
   3100      9390.5     4.0722     4.0881     0.0329     0.019     52207.87  126040.22     0.0    
   3200      9705.0     4.0767     4.0921     0.0357     0.0175    52115.89  125817.06     0.0    
   3300     10019.55    4.0792     4.0946     0.039      0.0179    52028.91  125606.02     0.0    
   3400     10330.19    4.0831     4.099      0.0348     0.0182    51946.97  125407.11     0.0    
   3500     10649.9     4.0852     4.1033     0.0327     0.0157    51870.31  125221.21     0.0    
   3600     10964.75    4.0899     4.1058     0.0348     0.0159    51798.6   125047.16     0.0    
   3700     11284.4     4.0923     4.1102     0.0318     0.0163    51730.42  124881.83     0.0    
   3800     11604.14    4.0962     4.1132     0.0314     0.0152    51667.36  124728.94     0.0    
   3900     11906.81    4.099      4.1162     0.0327     0.0151    51607.79  124584.45     0.0    
   4000     12207.76    4.105      4.1192     0.0343     0.0149    51552.5   124450.42     0.0    
Using  0.8  of training data 
Tensor dimensions:  [50, 50, 50]
Optimization metrics: 
Using Ada Grad
Mean update scheme:  S
Covariance update :  N
k1 samples =  64  k2 samples =  64
eta =  1  cov eta =  1  sigma eta =  1
iteration |   time   |test_rsme |train_rsme|  d_mean  |   d_cov  | test_nll | train_nll     dw   
   100       92.27      3.8331     3.8465     0.073      0.0525    60065.59  193628.79     0.0    
   200       442.28     3.8464     3.8583     0.057      0.0525    59601.68  192130.46     0.0    
   300       790.63     3.8613     3.8685     0.0636     0.0487    59160.84  190708.63     0.0    
   400      1138.71     3.8714     3.8773     0.0572     0.0486    58740.42  189352.45     0.0    
   500      1486.72     3.8757     3.8867     0.0596     0.0452    58337.82  188052.62     0.0    
   600      1834.76     3.8862     3.8985     0.0688     0.0444    57954.16  186813.42     0.0    
   700      2186.07     3.8997     3.9069     0.0539     0.0417    57588.1   185631.41     0.0    
   800      2541.94     3.9055     3.9172     0.0548     0.0408    57244.87  184522.97     0.0    
   900      2905.64     3.9128     3.9275     0.0561     0.0397    56916.61   183462.4     0.0    
   1000     3269.62     3.9257     3.9341     0.0512     0.0376    56606.42  182459.75     0.0    
   1100     3633.46     3.932      3.9423     0.0484     0.0364    56313.4   181511.88     0.0    
   1200     3997.45     3.9389     3.952      0.0454     0.0332    56036.0   180614.12     0.0    
   1300     4361.82     3.9464     3.959      0.061      0.035     55771.68  179758.55     0.0    
   1400     4725.34     3.9554     3.967      0.0412     0.0317    55521.56  178947.54     0.0    
   1500     5089.41     3.9663     3.9749     0.0459     0.0319    55283.15  178174.83     0.0    
   1600     5453.35     3.9709     3.9818     0.0453     0.0298    55056.92  177441.02     0.0    
   1700     5817.15     3.9769     3.9898     0.0511      0.03     54840.52  176738.86     0.0    
   1800     6179.17     3.9846     3.9977     0.0429     0.0288    54635.24  176072.84     0.0    
   1900      6539.8     3.9924     4.0034     0.0423     0.0273    54439.17  175436.59     0.0    
   2000     6900.57     4.0011     4.0092     0.0453     0.0264    54251.92  174828.69     0.0    
   2100     7261.88     4.0033     4.0154     0.0415     0.0257    54073.6   174249.84     0.0    
   2200     7623.09     4.0085     4.0218     0.0423     0.0241    53902.95  173696.06     0.0    
   2300     7984.04     4.0176     4.0261     0.0396     0.0242    53740.76  173169.31     0.0    
   2400      8344.8     4.021      4.0346     0.0431     0.0239    53585.66  172665.62     0.0    
   2500     8706.42     4.0262     4.0396     0.0357     0.0228    53438.14   172186.3     0.0    
   2600     9067.56     4.0305     4.0445     0.0369     0.022     53297.2   171728.68     0.0    
   2700     9428.62     4.039      4.0507     0.0383     0.022     53162.33  171290.89     0.0    
   2800     9791.11     4.0392     4.0544     0.0379     0.0209    53034.36  170875.08     0.0    
   2900     10152.84    4.0453     4.0591     0.0398     0.0195    52912.28  170478.64     0.0    
   3000     10514.7     4.0492     4.065      0.0397     0.0193    52795.1   170098.47     0.0    
   3100     10876.57    4.0566     4.0692     0.0407     0.0187    52683.36  169735.87     0.0    
   3200     11238.55    4.0569     4.0734     0.0347     0.0193    52577.45  169392.19     0.0    
   3300     11600.73    4.0612     4.0764     0.0357     0.0176    52475.81  169062.36     0.0    
   3400     11962.78    4.0653     4.0803     0.0346     0.0176    52379.32   168749.3     0.0    
   3500     12325.09    4.072      4.0839     0.0361     0.0164    52287.65   168452.0     0.0    
   3600     12689.94    4.0736     4.0876     0.035      0.0169    52200.01  168167.72     0.0    
   3700     13054.75    4.077      4.0924     0.0344     0.0167    52117.2   167899.27     0.0    
   3800     13417.0     4.0831     4.0941     0.0346     0.0149    52038.5   167644.09     0.0    
   3900     13778.78    4.0861     4.0994     0.0331     0.0156    51963.03  167399.43     0.0    
   4000     14141.0     4.088      4.1005     0.0353     0.0154    51891.9   167168.61     0.0    
Using  1  of training data 
Tensor dimensions:  [50, 50, 50]
Optimization metrics: 
Using Ada Grad
Mean update scheme:  S
Covariance update :  N
k1 samples =  64  k2 samples =  64
eta =  1  cov eta =  1  sigma eta =  1
iteration |   time   |test_rsme |train_rsme|  d_mean  |   d_cov  | test_nll | train_nll     dw   
   100       95.49      3.8398     3.8527     0.0551     0.0464    60126.36  242421.62     0.0    
   200       509.53     3.845      3.8634     0.0567     0.0414    59721.08   240786.0     0.0    
   300       924.01     3.8554     3.8719     0.0618     0.0429    59328.91  239201.61     0.0    
   400      1337.99     3.8615     3.8821     0.0574     0.0407    58950.04  237672.25     0.0    
   500      1752.08     3.8751     3.8884     0.0498     0.0403    58588.01  236210.34     0.0    
   600      2165.77     3.883      3.899      0.0551     0.0419    58240.82  234808.03     0.0    
   700      2579.56     3.8935     3.9079     0.0484     0.0397    57908.42  233467.33     0.0    
   800      2993.29     3.8971     3.9143     0.0514     0.0351    57591.97  232189.41     0.0    
   900      3407.17     3.9067     3.9234     0.0605     0.0379    57288.95   230965.4     0.0    
   1000     3821.04     3.9132     3.9307     0.0509     0.0333    56999.14  229795.14     0.0    
   1100     4234.77     3.9218     3.9395     0.0464     0.0321    56721.25  228670.51     0.0    
   1200     4648.68     3.9269     3.9458     0.0444     0.0335    56454.73  227591.79     0.0    
   1300     5062.12     3.9395     3.9571     0.0448     0.0311    56202.09  226569.14     0.0    
   1400      5475.7     3.9407     3.9617     0.0479     0.033     55959.29  225585.54     0.0    
   1500     5888.84     3.951      3.9704     0.0439     0.0306    55727.25  224645.54     0.0    
   1600     6302.33     3.9595     3.9776     0.0412     0.0292    55506.3   223749.33     0.0    
   1700     6716.26     3.9632     3.9839     0.0565     0.0293    55293.27  222885.48     0.0    
   1800     7129.61     3.9722     3.9918     0.048      0.0277    55090.04  222060.56     0.0    
   1900     7542.87     3.9748     3.9978     0.0454     0.0263    54894.19  221266.08     0.0    
   2000     7955.89     3.9833     4.0032     0.0423     0.0254    54707.55  220508.08     0.0    
   2100     8369.19     3.9893     4.0103     0.0368     0.0244    54531.34  219792.62     0.0    
   2200     8782.71     3.9959     4.0151     0.0415     0.0248    54358.51  219090.79     0.0    
   2300     9196.01     4.0019     4.0203     0.0418     0.024     54194.56  218423.79     0.0    
   2400     9609.41     4.0065     4.0271     0.0402     0.0222    54037.48   217785.4     0.0    
   2500     10022.72    4.0109     4.033      0.0394     0.0222    53886.79  217173.41     0.0    
   2600     10435.92    4.016      4.0375     0.0383     0.0219    53742.55   216587.5     0.0    
   2700     10848.89    4.0227     4.0426     0.0384     0.0211    53603.48  216021.91     0.0    
   2800     11262.29    4.027      4.0479     0.0357     0.0214    53468.98  215475.34     0.0    
   2900     11675.15    4.029      4.0526     0.0396     0.0203    53341.05  214955.28     0.0    
   3000     12087.63    4.0346     4.0577      0.04      0.0203    53217.08  214451.42     0.0    
   3100     12500.01    4.0406     4.0622     0.0353     0.0201    53098.33  213968.99     0.0    
   3200     12912.31    4.0449     4.0664     0.0377     0.0185    52985.04  213508.84     0.0    
   3300     13324.54    4.0502     4.0703     0.0351     0.0178    52876.74  213069.11     0.0    
   3400     13736.84    4.0541     4.0735     0.0377     0.0174    52771.73  212642.84     0.0    
   3500     14149.35    4.0579     4.0782     0.0374     0.0173    52671.41  212235.72     0.0    
   3600     14561.89    4.0616     4.0824     0.0392     0.0166    52575.37  211846.06     0.0    
   3700     14974.51    4.0638     4.0865     0.038      0.0166    52483.38  211472.77     0.0    
   3800     15386.92    4.068      4.0891     0.034      0.0164    52394.94  211114.27     0.0    
   3900     15799.64    4.0715     4.0935     0.033      0.0158    52310.25  210770.68     0.0    
   4000     16202.72    4.0773     4.0969     0.0366     0.0154    52229.24  210442.35     0.0    
