/cluster/home/mnguye16/SSVI/SSVI-TF/SSVI/SSVI_TF_interface.py:388: RuntimeWarning: covariance is not positive-semidefinite.
  vj_sample = np.random.multivariate_normal(mi, np.diag(Si), size=k)
/cluster/home/mnguye16/SSVI/SSVI-TF/SSVI/SSVI_TF_interface.py:666: RuntimeWarning: covariance is not positive-semidefinite.
  samples = np.random.multivariate_normal(m, np.diag(S), size=(self.predict_num_samples))
/cluster/home/mnguye16/SSVI/SSVI-TF/SSVI/SSVI_TF_robust.py:40: RuntimeWarning: covariance is not positive-semidefinite.
  uis_batch = np.random.multivariate_normal(m, np.diag(S), size=(num_subsamples,self.k1))
Traceback (most recent call last):
  File "learning_curve.py", line 102, in <module>
    test_learning_curve(datatype, model, diag, noise)
  File "learning_curve.py", line 81, in test_learning_curve
    do_learning_curve(factorizer, tensor)
  File "learning_curve.py", line 22, in do_learning_curve
    factorizer.factorize(report=100, max_iteration=4000)
  File "/cluster/home/mnguye16/SSVI/SSVI-TF/SSVI/SSVI_TF_interface.py", line 108, in factorize
    self.update_natural_param_batch(dim, col)
  File "/cluster/home/mnguye16/SSVI/SSVI-TF/SSVI/SSVI_TF_interface.py", line 160, in update_natural_param_batch
    di, Di, si = self.estimate_di_Di_si_batch(dim, i, coords, ys, m, S)
  File "/cluster/home/mnguye16/SSVI/SSVI-TF/SSVI/SSVI_TF_robust.py", line 36, in estimate_di_Di_si_batch
    vjs_batch = self.sample_vjs_batch(othercols_concat, otherdims, self.k1)
  File "/cluster/home/mnguye16/SSVI/SSVI-TF/SSVI/SSVI_TF_interface.py", line 388, in sample_vjs_batch
    vj_sample = np.random.multivariate_normal(mi, np.diag(Si), size=k)
  File "mtrand.pyx", line 4524, in mtrand.RandomState.multivariate_normal
  File "/cluster/home/mnguye16/.local/lib/python3.5/site-packages/scipy/linalg/decomp_svd.py", line 109, in svd
    a1 = _asarray_validated(a, check_finite=check_finite)
  File "/cluster/home/mnguye16/.local/lib/python3.5/site-packages/scipy/_lib/_util.py", line 238, in _asarray_validated
    a = toarray(a)
  File "/cluster/home/mnguye16/.local/lib/python3.5/site-packages/numpy/lib/function_base.py", line 1233, in asarray_chkfinite
    "array must not contain infs or NaNs")
ValueError: array must not contain infs or NaNs
