Generating synthetic binary valued data ... 
Generating synthetic  binary valued data took:  9.74830412864685
Evaluation for true params: 
 test_rsme | train_rsme | rel-te-err | rel-tr-err |  test_nll  |  train_nll |
0.5752216964 0.5837122579   0.08272      0.08518      24762.13     98334.13  
Factorizing with max_iteration = 8000  fixing covariance?:  True
Tensor dimensions:  [50, 50, 50]
Optimization metrics: 
Using Ada Grad
Mean update scheme:  S
Covariance update :  N
Using diagonal covariance?:  True
k1 samples =  64  k2 samples =  64
eta =  1  cov eta =  0.001  sigma eta =  1
iteration |   time   |test_rsme |rel-te-err|train_rsme|rel-tr-err|  d_mean  |   d_cov  | test_nll | train_nll  
    50       53.11      1.0558     0.2787     1.0492     0.2752     3.1623       0       22699.33   90871.04  
   100       264.43     1.0477     0.2744     1.0399     0.2704     3.1622       0       13550.03   54344.8   
   200       528.02     0.7894     0.1558     0.7835     0.1535     2.8611       0       8708.12    34484.33  
   500       999.66     0.7501     0.1407     0.7398     0.1368     1.7549       0        7768.7    30453.69  
   1000     1679.56     0.7267     0.132      0.7057     0.1245     1.3517       0       7286.49    28343.05  
   1500     2361.67     0.7035     0.1237     0.6876     0.1182     1.0931       0       7026.22    27318.28  
   2000     3043.14     0.7067     0.1248     0.683      0.1166     1.119        0       7019.81    27100.82  
   2500     3725.09     0.6979     0.1218     0.6739     0.1136     0.9366       0       6975.56    26650.16  
   3000     4406.67     0.7023     0.1233     0.6796     0.1155     1.3339       0       6882.93    26400.67  
   3500     5087.94     0.6788     0.1152     0.6575     0.1081     0.9566       0       6776.24    26039.65  
   4000     5766.19     0.6847     0.1172     0.6589     0.1085     1.0661       0       6739.93    25773.91  
   4500     6442.71     0.6775     0.1148     0.6566     0.1078     0.6716       0       6722.55    25825.0   
   5000      7119.4     0.6786     0.1151     0.6574     0.108      0.8697       0       6691.37    25648.46  
   5500     7795.33     0.6789     0.1152     0.6533     0.1067     0.7587       0       6671.96    25554.63  
   6000     8472.16     0.6819     0.1162     0.6533     0.1067     0.6315       0       6650.49    25294.96  
   6500     9149.84     0.6768     0.1145     0.6497     0.1055     0.6956       0       6617.67    25296.99  
   7000     9826.19     0.6717     0.1128     0.6488     0.1052     0.5914       0       6604.73    25178.8   
   7500     10502.28    0.6747     0.1138     0.6507     0.1058     0.5348       0       6631.38    25270.53  
   8000     11179.53    0.6715     0.1127     0.6452     0.1041     0.5905       0       6564.78    25002.34  
[ 0.65467827  0.49837079  0.23600692  0.62273811 -0.05100152  0.55370574
  0.62119439  1.09933426  0.77036091  0.89955532  0.33532625  0.76219634
  1.03494148  0.72651087 -0.08524165  0.38643111  0.16577956  0.67726291
  0.93771477  0.11276271]
[-0.23291613  0.12356947  0.3756803  -0.09727233 -0.36145391  0.52749254
  0.97842898  0.60240679 -0.99445758  0.22417938  0.07219552 -0.33647189
 -0.54257734 -1.03355576 -0.15155932  0.16219931  0.34048163 -0.25043334
  0.11483373 -0.5883985 ]
[ 1.1805401   0.42801995  0.14460688  1.19501046 -0.03077248  0.99063872
  1.74379009  0.54047019  0.78410045  0.04815336  0.83068285  0.03872962
  0.44463714 -0.00310223  0.2758955   0.79941194  0.51131482  0.70596059
  0.25310156  0.32827281]
