Generating synthetic binary valued data ... 
Generating synthetic  binary valued data took:  9.41207218170166
Evaluation for true params: 
 test_rsme | train_rsme | rel-te-err | rel-tr-err |  test_nll  |  train_nll |
0.5752216964 0.5837122579   0.08272      0.08518      22932.17     91132.68  
Factorizing with max_iteration = 8000  fixing covariance?:  True
Tensor dimensions:  [50, 50, 50]
Optimization metrics: 
Using Ada Grad
Mean update scheme:  S
Covariance update :  N
Using diagonal covariance?:  True
k1 samples =  64  k2 samples =  64
eta =  1  cov eta =  0.01  sigma eta =  0.01
iteration |   time   |test_rsme |rel-te-err|train_rsme|rel-tr-err|  d_mean  |   d_cov  | test_nll | train_nll  |   dw   |
    50       454.12     1.2883     0.415      1.2741     0.4058     3.1623       0       18457.2    73115.35    0.0011  
   100      1299.63     0.9295     0.216      0.9157     0.2096     3.1589       0       10977.81   43734.12     0.0    
   200      2590.84     0.7959     0.1584     0.7857     0.1543     2.3161       0       8614.29    34100.4      0.0    
   500      5622.52     0.7512     0.1411     0.7387     0.1364     2.1978       0       7794.68    30513.04     0.0    
   1000     10432.76    0.7276     0.1324     0.7019     0.1232     1.7901       0       7266.44    27921.46     0.0    
   1500     15258.23    0.7059     0.1246     0.679      0.1153     1.6183       0       6980.74    26711.57     0.0    
   2000     20075.68    0.692      0.1197     0.671      0.1126     1.1095       0       6892.25    26330.2      0.0    
   2500     24930.38    0.6927      0.12      0.6633      0.11      0.9498       0       6766.15    25597.83     0.0    
   3000     29793.14    0.6868     0.1179     0.6602     0.109      1.0255       0       6726.55    25549.57     0.0    
   3500     34649.48    0.6775     0.1148     0.6558     0.1075     1.1096       0       6686.12    25529.01     0.0    
   4000     39477.81    0.673      0.1132     0.6496     0.1055     0.7531       0       6587.47    25068.7      0.0    
   4500     44290.05    0.6759     0.1142     0.6486     0.1052     1.056        0       6594.16    25049.44     0.0    
   5000     49097.21    0.6773     0.1147     0.6518     0.1062     1.0105       0       6553.53    24944.36     0.0    
   5500     53947.26    0.6793     0.1154     0.6511     0.106      1.0537       0       6561.42    24845.38     0.0    
   6000     58745.02    0.6785     0.1151     0.6491     0.1053     0.883        0       6589.84    24800.59     0.0    
   6500     63546.25    0.6728     0.1132     0.6471     0.1047     0.7653       0        6487.3    24508.45     0.0    
   7000     68351.97    0.6756     0.1141     0.6472     0.1047     0.8492       0       6519.92    24524.37     0.0    
   7500     73149.12    0.6716     0.1128     0.6413     0.1028     0.7474       0       6537.53    24605.79     0.0    
   8000     77952.22    0.6665     0.111      0.6361     0.1012     0.8346       0       6493.75    24368.95     0.0    
[ 0.91184202  0.82916353  0.2924732   0.66659285  0.73144847  0.34654808
  0.60843786  0.78271459  0.88129719  0.64924719  0.33789387  1.19096537
  0.7667595   0.34217071  0.86322558  0.72876295  1.62221568 -0.11793428
  0.799972    0.84360463]
[ 0.44384468  1.15987235 -1.25119396 -1.2007537   0.91187577  0.88169507
 -0.00506521 -0.48495342  0.04747423 -0.20243613 -0.75740791  1.09482742
  0.45730688 -0.03080989 -0.18476391  0.36072589 -1.18325732 -0.58411169
  0.33757675 -0.58390666]
[ 1.32926337  0.73081488  0.29033602  0.34040091  1.08146371  1.75092199
  0.74052766 -0.22981189  1.36206948  1.09420456  0.74624323 -0.38963821
  1.49678748  0.24713985  0.84940035 -0.14804016  0.80926372  0.60603012
  1.37075852  0.41321496]
