Generating synthetic binary valued data ... 
Generating synthetic  binary valued data took:  9.934431552886963
Evaluation for true params: 
 test_rsme | train_rsme | rel-te-err | rel-tr-err |  test_nll  |  train_nll |
0.5752216964 0.5837122579   0.08272      0.08518      22932.17     91132.68  
Factorizing with max_iteration = 8000  fixing covariance?:  True
Tensor dimensions:  [50, 50, 50]
Optimization metrics: 
Using Ada Grad
Mean update scheme:  S
Covariance update :  N
Using diagonal covariance?:  True
k1 samples =  64  k2 samples =  64
eta =  1  cov eta =  0.001  sigma eta =  1
iteration |   time   |test_rsme |rel-te-err|train_rsme|rel-tr-err|  d_mean  |   d_cov  | test_nll | train_nll  |   dw   |
    50       56.49      1.001      0.2505     1.0005     0.2503     3.1623       0       20207.56   81341.67    0.0007  
   100       508.97     1.0303     0.2654     1.0355     0.268      3.1622       0       12844.19   51065.61    0.0001  
   200      1016.67     0.7984     0.1594     0.7908     0.1563     2.563        0       8461.96    33337.72    0.0001  
   500      1745.53     0.7394     0.1367     0.729      0.1329     1.927        0       7585.86    29761.64     0.0    
   1000     2693.65     0.7122     0.1268     0.6924     0.1198     1.5207       0       7137.18    27647.96     0.0    
   1500     3634.55     0.7078     0.1252     0.6847     0.1172     1.3367       0       6989.06    26712.56     0.0    
   2000     4575.55     0.6967     0.1214     0.6742     0.1136     1.2297       0       6797.85    25813.77     0.0    
   2500     5516.25     0.6876     0.1182     0.6591     0.1086     1.1136       0       6717.28    25128.03     0.0    
   3000     6456.95     0.6864     0.1178     0.6515     0.1061     1.2927       0       6722.75    25085.49     0.0    
   3500     7397.26     0.6806     0.1158     0.654      0.1069     0.911        0       6656.03    24885.68     0.0    
   4000      8342.8     0.6849     0.1173     0.6547     0.1072     0.7963       0        6604.1    24578.46     0.0    
   4500     9295.32     0.6728     0.1132     0.6482     0.105      0.7408       0       6492.54    24338.45     0.0    
   5000     10249.24    0.6779     0.1149     0.6486     0.1052     0.7298       0       6546.39    24262.89     0.0    
   5500     11202.99    0.6781     0.115      0.6527     0.1065     0.789        0       6550.39    24385.6      0.0    
   6000     12154.8     0.6746     0.1138     0.6434     0.1035     0.7843       0       6457.42    24015.37     0.0    
   6500     13100.15    0.6766     0.1144     0.6398     0.1023     0.7167       0       6478.68    23821.58     0.0    
   7000     14046.65    0.6756     0.1141     0.6429     0.1033     0.7187       0       6452.71    23852.41     0.0    
   7500     14998.02    0.6744     0.1137     0.6415     0.1029     0.596        0       6485.58    23779.29     0.0    
   8000     15956.0     0.6725     0.1131      0.64      0.1024     0.7341       0       6448.69    23741.66     0.0    
[0.72558087 0.48126201 0.21297854 0.68158511 0.70306168 0.70115045
 0.46150817 0.4150101  0.41847746 1.5841337  0.8795776  0.52717884
 1.33261353 1.24821702 0.59204341 0.73716656 0.24844309 0.16976309
 0.96898101 0.34622694]
[ 0.03109134 -1.11006321  0.04024128 -0.54868576 -0.71179212 -0.46215969
  0.95530061  0.76224621 -1.01984401 -0.02087281 -0.62390006  0.15820703
  1.1894159  -0.56769082 -1.43090149 -0.58618832 -0.72494565  0.99257456
  0.22149788  0.41738966]
[-0.1053692   0.09873509  0.84472272  0.56146088 -0.48808085  1.17998249
  1.53174725  1.35568995  0.97045606  1.37532774  0.79317687  0.50497822
  0.91771991  0.82444238  0.30020925  0.64438444  0.6867579   0.83415933
  0.09485061  0.82369522]
