Generating synthetic count valued data ... 
Generating synthetic  count valued data took:  11.439080953598022
max_count =  49  min count =  0
Evaluation for true params: 
 test_rsme | train_rsme | rel-te-err | rel-tr-err |  test_nll  |  train_nll |
2.9746545037 2.9574624556 1.9297919746  1.91721489    91479.81    367436.95  
Factorizing with max_iteration = 8000  fixing covariance?:  True
Tensor dimensions:  [50, 50, 50]
Optimization metrics: 
Using Ada Grad
Mean update scheme:  S
Covariance update :  N
Using diagonal covariance?:  True
k1 samples =  64  k2 samples =  64
eta =  1  cov eta =  0.001  sigma eta =  1
iteration |   time   |test_rsme |rel-te-err|train_rsme|rel-tr-err|  d_mean  |   d_cov  | test_nll | train_nll  |   dw   |
    50       62.38     10.6162     6.8571    10.6528     6.8774     0.3162       0      194654.92  779356.66    0.0001  
   100       638.77    10.6111     6.8549    10.6477     6.8755     0.3129       0      195105.38  780776.39    0.0001  
   200      1276.21     10.532     6.7898    10.5682     6.8098     0.3107       0      189792.65  759311.11     0.0    
   500      2157.69     9.1342     5.6811     9.1704     5.6902     0.2845       0      127165.22  508183.03     0.0    
   1000     3280.04     6.6161     4.0571     6.6453     4.0532     0.2018       0       74467.28  297968.24     0.0    
   1500     4399.29     5.4067     3.373      5.4277     3.3686     0.1788       0       61403.68  245032.02     0.0    
   2000     5517.88     4.8079     3.0669     4.8202     3.0616     0.1474       0       57105.6    227682.3     0.0    
   2500     6631.58     4.4829     2.9127     4.4818     2.9023     0.1345       0       55331.07  220242.57     0.0    
   3000     7740.36     4.2874     2.8125     4.2801     2.7981     0.1262       0       54289.31  215967.31     0.0    
   3500     8849.15     4.1594     2.746      4.1452     2.7318     0.1186       0       53691.21  213527.79     0.0    
   4000     9957.74     4.0844     2.7069     4.0632     2.686      0.1381       0       53356.38  212008.84     0.0    
   4500     11065.8     4.0224     2.6671     3.9994     2.6476     0.1238       0       53013.36  210636.22     0.0    
   5000     12175.0     3.9801     2.652      3.9607     2.6371     0.0945       0       52959.75  210506.16     0.0    
   5500     13282.28    3.9478     2.6305     3.9209     2.6087     0.0882       0       52700.88  209373.99     0.0    
   6000     14389.81    3.9202     2.6096     3.8911     2.5893     0.0885       0       52534.02  208679.86     0.0    
   6500     15497.06    3.9008     2.6082     3.8765     2.5894     0.0789       0       52664.67  209106.97     0.0    
   7000     16603.96    3.886      2.5966     3.8552     2.5758     0.0908       0       52501.85  208485.21     0.0    
   7500     17710.73    3.8769     2.5885     3.8435     2.5671     0.0602       0       52424.67  208079.57     0.0    
   8000     18817.7     3.8718     2.5887     3.8365     2.5667     0.0685       0       52435.02  208219.75     0.0    
[0.31970233 0.26916844 0.14225785 0.1858861  0.08583657 0.18350827
 0.22310573 0.23127463 0.13674483 0.24362815 0.19068036 0.22962781
 0.27963931 0.34555563 0.29828048 0.20314755 0.29728098 0.07918159
 0.25699059 0.26010277]
[0.82064514 0.85869503 0.83468853 0.96603236 0.87209768 0.82806169
 0.87936782 0.94354126 1.0264591  0.95963799 0.98151755 0.9448841
 0.94612333 0.94924616 0.94575696 0.81953441 0.95197169 0.83609029
 0.99062011 0.9012065 ]
[0.92444928 0.95784521 0.94542385 0.97372352 1.00793506 0.94135977
 0.83953854 0.94726374 1.0137509  0.94230462 0.94279161 0.95216201
 0.80818757 0.97153851 0.94135926 0.94580145 0.88036714 0.97670275
 0.82517318 0.94529094]
