Generating synthetic count valued data ... 
Generating synthetic  count valued data took:  12.467740774154663
max_count =  49  min count =  0
Evaluation for true params: 
 test_rsme | train_rsme | rel-te-err | rel-tr-err |  test_nll  |  train_nll |
2.9746545037 2.9574624556 1.9297919746  1.91721489   167707.12    670217.66  
Factorizing with max_iteration = 8000  fixing covariance?:  True
Tensor dimensions:  [50, 50, 50]
Optimization metrics: 
Using Ada Grad
Mean update scheme:  S
Covariance update :  N
Using diagonal covariance?:  True
k1 samples =  64  k2 samples =  64
eta =  1  cov eta =  0.001  sigma eta =  1
iteration |   time   |test_rsme |rel-te-err|train_rsme|rel-tr-err|  d_mean  |   d_cov  | test_nll | train_nll  
    50       62.57     10.6284     6.8605    10.6651     6.8811     0.3162       0      203931.55   816998.5  
   100       429.95    10.6221     6.8581    10.6589     6.8787     0.3127       0      203332.12  814451.07  
   200       855.05     10.541     6.7915    10.5773     6.8118     0.3098       0      196573.87  786567.57  
   500      1521.38     9.1414     5.6834     9.1756     5.6926     0.2775       0       128979.8   515712.2  
   1000     2428.58     6.6394     4.0568     6.6739     4.0551     0.2805       0       75168.04  300949.24  
   1500     3331.28     5.4307     3.3822     5.4513     3.3778     0.2037       0       61781.62  246595.18  
   2000     4232.55     4.8112     3.0704     4.8231     3.0633     0.206        0       57273.18  228366.64  
   2500     5129.35     4.4695     2.8921     4.4702     2.882      0.0988       0       55233.43   219797.4  
   3000     6032.64     4.2621     2.7975     4.2596     2.7893     0.1458       0       54309.12   216124.2  
   3500     6933.22     4.1287     2.7181     4.1166     2.706      0.1224       0       53461.08  212720.54  
   4000     7825.89     4.0458     2.6764     4.0318     2.6617     0.1163       0       53179.65  211421.96  
   4500     8723.46     3.9902     2.648      3.9678     2.6303     0.0958       0       52965.24  210504.76  
   5000     9633.88     3.9473     2.622      3.9225     2.6036     0.0903       0       52753.53  209613.88  
   5500     10544.71    3.917      2.6093     3.891      2.5893     0.103        0       52709.78  209390.53  
   6000     11461.07    3.8962     2.5956     3.8687     2.5753     0.1069       0       52623.34   209101.0  
   6500     12336.52    3.8805     2.5834     3.8464     2.5579     0.1115       0       52463.65  208348.21  
   7000     13212.2     3.8548     2.567      3.8257     2.545      0.0913       0       52327.23  207831.69  
   7500     14083.0     3.8515     2.567      3.8189     2.5448     0.0746       0       52363.18  207934.51  
   8000     14953.63    3.8435     2.5668     3.8085     2.5421     0.1097       0       52429.77  208157.47  
[0.03065942 0.16817633 0.28653596 0.26903434 0.2388075  0.14531645
 0.2559462  0.138162   0.26149288 0.30759477 0.21181619 0.10808189
 0.21573346 0.17259608 0.30670364 0.37337355 0.34546449 0.24193628
 0.19832919 0.18888648]
[0.79134793 0.97299638 0.97218357 0.82999886 0.95495627 0.93234296
 0.91234593 0.94999297 0.93699788 0.92526459 0.81441835 0.89526907
 0.80053764 0.81851908 0.9116055  0.89637717 0.9662083  0.94189845
 0.94073678 0.94181714]
[1.02873733 1.0064239  1.01967513 1.00329231 0.85521251 0.99478846
 0.95118487 0.91282767 0.99493993 0.84924422 0.99606775 0.76771261
 0.86032937 0.98727386 0.84113898 0.99588642 0.97795337 0.86522806
 0.99477548 0.89132537]
