Generating synthetic count valued data ... 
Generating synthetic  count valued data took:  13.460176944732666
max_count =  49  min count =  0
Evaluation for true params: 
 test_rsme | train_rsme | rel-te-err | rel-tr-err |  test_nll  |  train_nll |
2.9746545037 2.9574624556 1.9297919746  1.91721489    91479.81    367436.95  
Factorizing with max_iteration = 8000  fixing covariance?:  True
Tensor dimensions:  [50, 50, 50]
Optimization metrics: 
Using Ada Grad
Mean update scheme:  S
Covariance update :  N
Using diagonal covariance?:  True
k1 samples =  64  k2 samples =  64
eta =  1  cov eta =  0.01  sigma eta =  0.01
iteration |   time   |test_rsme |rel-te-err|train_rsme|rel-tr-err|  d_mean  |   d_cov  | test_nll | train_nll  |   dw   |
    50      1259.96     10.516     6.8277    10.5522     6.8474     0.3162       0      145544.75  582546.15     0.0    
   100      3012.28    10.5082     6.8242     10.545     6.8446     0.3118       0      145221.65   581333.5     0.0    
   200      5999.31    10.4253     6.7592    10.4611     6.7789     0.3086       0       141843.6  568471.88     0.0    
   500      13847.67    9.0798     5.6534     9.1158     5.662      0.2987       0      105537.23  422393.84     0.0    
   1000     26584.2     6.5942     3.9987     6.6249     3.9962     0.2636       0       68387.93  273737.85     0.0    
   1500     39288.0     5.3661     3.3092     5.3893     3.3073     0.1726       0       57729.92  230577.39     0.0    
   2000     51971.27    4.7402     2.9963     4.7519     2.9896     0.1936       0       53883.9    215102.3     0.0    
   2500     64614.03    4.3979     2.8181     4.3947     2.8076     0.1307       0       52071.02  207683.42     0.0    
   3000     77271.39    4.2003     2.7231     4.1914     2.7088     0.1763       0       51260.44   204160.1     0.0    
