Generating synthetic count valued data ... 
Generating synthetic  count valued data took:  3.921003580093384
max_count =  28  min count =  0
Evaluation for true params: 
 test_rsme | train_rsme | rel-te-err | rel-tr-err |  test_nll  |  train_nll |
0.450406572  0.4313080657 0.2961395321 0.2831138653   12243.25     48465.57  
Factorizing with max_iteration = 16000  fixing covariance?:  False
Tensor dimensions:  [100, 100]
Optimization metrics: 
Using Ada Grad
Mean update scheme:  S
Covariance update :  N
Using diagonal covariance?:  True
k1 samples =  64  k2 samples =  64
eta =  1  cov eta =  0.1  sigma eta =  1
iteration |   time   |test_rsme |rel-te-err|train_rsme|rel-tr-err|  d_mean  |   d_cov  | test_nll | train_nll  
    50       23.26      6.6363     4.5682     6.4949     4.4742     0.3162     0.2867    5883.01    23257.56  
   100        63.3      6.641      4.5524     6.5048     4.4627     0.3162     0.2884    5925.38    23359.27  
   200       126.31     6.601      4.4967     6.4762     4.4111     0.3104     0.2132    5932.45    23445.04  
   500       280.21     6.1453     4.0007     6.0025     3.8772     0.272      0.123     5267.83    20620.57  
   1000      525.47     4.7477     2.9251     4.6255     2.845      0.1943     0.0708    4019.34    15830.63  
   1500      770.06     4.0595     2.6518     3.958      2.5638     0.1472     0.047     3680.79    14558.24  
   2000     1014.73     4.6777     3.1234     4.5967     3.0545     0.1162     0.0337    3860.47    15285.73  
   2500     1259.91     5.8794     4.0383     5.8018     3.9656     0.0956     0.0275    4245.81    16900.6   
   3000     1505.35     7.0634     4.9876     7.026      4.9391     0.0803     0.0233    4683.92    18764.53  
   3500     1750.75     8.1224     5.8193     8.076      5.7699     0.0698     0.0202    5127.59    20542.9   
   4000     1996.01     9.0127     6.5086     8.9794     6.4512     0.0614     0.0175    5513.51    22064.29  
   4500     2241.09     9.7241     7.037      9.6984     6.9898     0.0548     0.0157    5857.86    23465.84  
   5000     2485.97    10.2594     7.4445    10.2727     7.4164     0.0498     0.0141    6166.13    24626.57  
   5500     2730.68    10.7572     7.8095    10.6948     7.7268     0.0444     0.0127    6375.69    25476.65  
   6000     2975.29    11.0465     8.0234    11.0138     7.9556     0.0413     0.0116    6535.85    26204.48  
   6500     3219.72    11.2914     8.2008    11.2707     8.134      0.0378     0.0106    6694.57    26673.18  
   7000     3464.01    11.4502     8.3081    11.4258     8.2442     0.0349     0.0098    6730.28    27022.92  
   7500     3707.96    11.5615     8.3854     11.535     8.3125     0.0419     0.0091    6800.83    27221.31  
   8000     3951.78    11.6108     8.4197    11.5913     8.3441     0.0389     0.0084    6835.29    27384.27  
   8500     4195.53    11.6149     8.4115    11.5765     8.3268     0.0304     0.0079    6833.48    27374.3   
   9000     4439.28    11.6242     8.4003    11.5619     8.3066     0.0349     0.0074    6831.06    27301.65  
   9500     4683.14    11.5561     8.3495    11.5075     8.2604     0.0269     0.0069    6809.72    27104.78  
  10000     4926.92    11.4488     8.2611    11.3973     8.1695     0.0268     0.0065    6744.04    26940.32  
  10500     5170.71    11.3892     8.2129    11.3078     8.1012     0.0228     0.0061    6693.56    26725.38  
  11000     5414.44    11.1997     8.0738    11.1869     8.0066     0.0267     0.0058    6609.84    26450.74  
  11500     5658.13    11.0981     7.9944    11.0609     7.9067     0.0326     0.0055    6537.84    26191.46  
  12000     5901.79     10.935     7.8776    10.8906     7.7803     0.055      0.0052     6469.9    25846.15  
  12500     6145.42     10.803     7.7723    10.7513     7.6729     0.0319     0.005      6388.3    25548.3   
  13000     6389.07    10.6552     7.6652      10.6      7.5623     0.0228     0.0048    6330.53    25259.79  
  13500     6631.61    10.4729      7.52     10.4406     7.4407     0.0429     0.0046    6242.34    24894.49  
  14000     6873.08    10.3103     7.4029     10.281     7.326      0.027      0.0045    6152.73    24570.93  
  14500     7114.65    10.1338     7.2669    10.0875     7.1834     0.0223     0.0045     6054.7    24215.48  
  15000     7356.39     9.997      7.1701     9.9387     7.0745     0.0237     0.0046    5991.77    23917.68  
  15500     7598.11     9.8479     7.0655     9.7881     6.9618     0.0228     0.0048    5884.23    23544.27  
  16000     7839.84     9.6841     6.9454     9.6206     6.8439     0.0546     0.0047     5816.2    23242.56  
