Generating synthetic real valued data ... 
Generating synthetic  real valued data took:  9.705060720443726
Evaluation for true params: 
 test_rsme | train_rsme | rel-te-err | rel-tr-err |  test_nll  |  train_nll |
501.7433670606 501.0061160497 0.0407099902 0.0406012665  276963.91    1107334.01 
Using  0.05 of training data
Factorizing with max_iteration = 8000  fixing covariance?:  False
Tensor dimensions:  [50, 50, 50]
Optimization metrics: 
Using Ada Grad
Mean update scheme:  S
Covariance update :  N
k1 samples =  64  k2 samples =  64
eta =  1  cov eta =  1  sigma eta =  1
iteration |   time   |test_rsme |rel-te-err|train_rsme|rel-tr-err|  d_mean  |   d_cov  | test_nll | train_nll  |   dw   |
   500       633.4    4333.1845    0.419    4342.9385    0.4195     1.8957     0.0071   287823.14   57564.63     0.0    
   1000     1387.98    646.7258    0.0518    639.1009    0.0512     0.3549     0.0009   286085.86   57268.06     0.0    
   1500     2141.17    566.7778    0.046     552.889     0.0449     0.0954     0.0003    285860.1   57099.82     0.0    
   2000     2889.43    562.6074    0.0457    547.5418    0.0444     0.0308     0.0001   285741.55   57078.81     0.0    
   2500     3637.11    562.5171    0.0456    547.1113    0.0444     0.0103     0.0001   285823.19   57211.36     0.0    
   3000     4384.21    562.5746    0.0456    547.0704    0.0444     0.0036     0.0001   285839.86   57218.5      0.0    
   3500     5131.48    562.5985    0.0456    547.0661    0.0444     0.0012      0.0      285844.5   57219.82     0.0    
   4000     5874.17    562.606     0.0456    547.0656    0.0444     0.0004      0.0     285864.63   57220.5      0.0    
   4500     6616.51    562.6082    0.0456    547.0656    0.0444     0.0002      0.0     285847.03   57222.28     0.0    
