Generating synthetic binary valued data ... 
Generating synthetic  binary valued data took:  19.5588116645813
Evaluation for true params: 
 test_rsme | train_rsme | rel-te-err | rel-tr-err |  test_nll  |  train_nll |
0.7439354811 0.741161251    0.13836      0.13733      24647.61     97630.65  
Using  0.05 of training data
Factorizing with max_iteration = 16000  fixing covariance?:  False
Tensor dimensions:  [50, 50, 50]
Optimization metrics: 
Using Ada Grad
Mean update scheme:  S
Covariance update :  N
Using diagonal covariance?:  False
Random start? True
k1 samples =  64  k2 samples =  128
eta =  1.0  cov eta =  1.0  sigma eta =  1
iteration |   time   |test_rsme |rel-te-err|train_rsme|rel-tr-err|   d_mean  |   d_cov  |avg_grad_m|avg_grad_c| test_nll | train_nll |    VLB   |  E-term  |    KL     
    0         1.6       1.4147     0.5004     1.4232     0.5064     3.1623     1.8516     0.0999     0.183     17397.74   3480.73    -3640.0   -3581.598    58.752   
    5        57.35      1.4196     0.5038     1.4119     0.4984     3.1623     1.8516     2.2418     2.7101    17548.24   3525.25    -3772.0   -3722.317    49.852   
    10       118.12     1.4225     0.5059     1.4204     0.5044     3.1623     1.8516     3.9214     5.126     17957.02   3630.33    -3991.0   -3947.793    43.277   
    20       193.29     1.421      0.5048     1.4054     0.4938     3.1623     1.8516     7.0024    10.2485    19258.41   3814.82    -4439.0   -4402.136    36.385   
    50       318.98     1.1334     0.3212     1.1031     0.3042     3.1623     0.7797    23.8584    34.3536    24367.6    4591.59    -6013.0   -6001.358    11.996   
   100       526.99     1.0145     0.2573     0.9521     0.2266     3.1411     0.3999    17.5826    20.0079    13641.47    2555.0    -3061.0   -3053.289     7.87    
   200       838.15     0.9091     0.2066     0.8509     0.181      3.0201     0.1289     9.7735    23.1531    11865.17   2054.52    -2561.0   -2552.754    8.197    
   300      1156.19     0.9121     0.208      0.8304     0.1724     2.3763     0.0869     8.2672    26.5941    11697.03   1884.95    -2381.0   -2371.973    8.568    
   400      1474.85     0.9077     0.206      0.792      0.1568     1.9523     0.0551     7.3393    28.8666    11203.88   1698.07    -2254.0   -2244.857    9.584    
   500      1793.17     0.8937     0.1997     0.6997     0.1224     2.0858     0.0463     8.5847    32.3221    11281.51   1489.21    -2083.0   -2072.989    10.417   
   600      2115.03     0.8936     0.1996     0.645      0.104      1.4236     0.0313     7.9923    35.1997    11430.84   1303.25    -1952.0   -1939.983    11.772   
   700      2441.15     0.9013     0.2031     0.5621     0.079      1.2926     0.0357     9.2528    38.8315    12307.76   1104.86    -1830.0   -1816.701    13.072   
   800      2770.53     0.9096     0.2068     0.4499     0.0506     1.6318     0.0301     8.8839    40.7861    13046.07    870.65    -1602.0    -1587.85    14.174   
   900      3102.88     0.9211     0.2121     0.3578     0.032      1.4486     0.0301     9.1843    43.8071    14436.81    682.79    -1427.0   -1410.879    15.693   
   1000     3436.29     0.9333     0.2178     0.2577     0.0166     1.2064     0.0289     9.0721    48.6939    16358.92    533.81    -1247.0   -1229.718    17.671   
   1100     3770.35     0.9449     0.2232     0.172      0.0074     1.2302     0.0301     9.436     50.4629    18925.37    405.69    -1102.0    -1082.75    19.399   
   1200      4105.0     0.9529     0.227      0.1327     0.0044     1.2543     0.0289     9.9941    56.6444    22158.22    324.02     -982.0    -960.358    21.248   
   1300     4440.32     0.9543     0.2277     0.0938     0.0022     1.2418     0.0264     9.3393    58.7436    25403.16    255.73     -852.0    -829.336    22.42    
   1400     4775.82     0.9647     0.2327      0.0        0.0       1.1848     0.026      7.4459    61.9878    28140.53    203.1      -737.0    -712.651    24.024   
   1500      5111.4     0.963      0.2318      0.0        0.0       1.0579     0.0244     6.8227    65.1234    31745.29    170.09     -636.0    -610.854    24.901   
   1600      5447.8     0.9592      0.23       0.0        0.0       0.816      0.0216     6.3524    66.2916    33982.75    148.06     -555.0    -529.67     25.433   
   1700     5778.97     0.9611     0.2309      0.0        0.0       1.0133     0.0181     5.9489    69.5523    36734.97    133.75     -535.0    -509.19     26.113   
   1800     6112.14     0.9616     0.2312      0.0        0.0       0.8602     0.0167     5.3027    71.7079    38016.89    118.76     -484.0    -457.051    26.544   
   1900     6444.56     0.9638     0.2322      0.0        0.0       0.8401     0.0165     5.025     74.6418    39991.07    115.19     -493.0    -465.967    26.876   
   2000     6778.61     0.9671     0.2338      0.0        0.0       0.8814     0.0146     5.3002    78.3394    40679.3     109.78     -480.0    -452.841    27.225   
   2100     7111.93     0.9629     0.2318      0.0        0.0       0.7804     0.0137     5.5804    80.5473    42560.13    105.46     -449.0    -421.291    27.648   
   2200     7441.84     0.9683     0.2344      0.0        0.0       0.6626     0.0117     5.2131    80.9851    43493.3     97.45      -452.0    -423.99     27.771   
   2300     7772.86     0.9695     0.235       0.0        0.0       0.8037     0.0111     5.1621    83.8659    44583.5      95.8      -435.0    -406.749    27.896   
   2400     8104.44     0.9661     0.2334      0.0        0.0       0.8093     0.0103     5.1111    83.9498    45334.04     90.5      -437.0    -409.361    27.742   
   2500      8433.8     0.9648     0.2327      0.0        0.0       0.8232     0.0107     4.8844    86.3927    46334.49    86.32      -415.0    -387.216    27.977   
   2600     8765.38     0.9656     0.2331      0.0        0.0       0.6696     0.0093     4.8442    85.9229    47248.21    84.75      -409.0    -381.11     28.24    
   2700     9095.47     0.9661     0.2333      0.0        0.0       0.7247     0.0082     5.0962    86.0663    47460.93    84.74      -398.0    -369.825    28.262   
   2800     9422.71     0.9638     0.2322      0.0        0.0       0.7842     0.0083     5.4859    87.5616    48398.36    86.24      -427.0    -398.516    28.254   
   2900     9749.17     0.966      0.2333      0.0        0.0       0.697      0.0081      5.17     87.6123    49047.86     83.6      -404.0    -375.459    28.329   
   3000     10074.98    0.965      0.2328      0.0        0.0       0.6467     0.0075     5.2188    86.9155    49737.6     82.09      -406.0    -377.986    28.377   
   3100     10402.61    0.9647     0.2327      0.0        0.0       0.7326     0.0068     4.843     88.6508    50470.14    77.81      -430.0    -401.499    28.544   
   3200     10729.98    0.9661     0.2334      0.0        0.0       0.6373     0.0069     4.9377    90.1035    50681.61    79.08      -408.0    -379.623    28.619   
   3300     11060.1     0.9607     0.2308      0.0        0.0       0.7561     0.0064     5.1051    89.1899    51752.74    76.07      -389.0    -360.684    28.816   
   3400     11389.35    0.9637     0.2322      0.0        0.0       0.5824     0.0066     4.6998     88.362    52701.93    74.86      -421.0    -392.031    28.834   
   3500     11715.21    0.963      0.2318      0.0        0.0       0.6658     0.006      4.5948    88.1795    52188.36    74.35      -401.0    -372.473    28.992   
   3600     12041.6     0.9649     0.2328      0.0        0.0       0.7125     0.0061     4.9274    90.0341    53036.11    74.75      -408.0    -379.282    29.002   
   3700     12370.54    0.9653     0.233       0.0        0.0       0.7436     0.0058     4.9994    89.4368    53635.55    75.76      -416.0    -387.051    28.988   
   3800     12700.3     0.9644     0.2325      0.0        0.0       0.7208     0.0056     5.0866    88.5356    54026.71    72.85      -415.0    -386.037    29.037   
   3900     13028.72    0.9647     0.2327      0.0        0.0       0.6735     0.0052     4.6777     87.959    54937.22    73.22      -421.0    -392.311    29.071   
   4000     13357.62    0.9651     0.2328      0.0        0.0       0.6969     0.0053     4.5085    88.5551    55162.1     71.71      -387.0    -357.967    29.165   
   4100     13685.47    0.9641     0.2324      0.0        0.0       0.6847     0.0054     4.7736    89.1952    55516.41    71.11      -399.0    -369.936    29.201   
   4200     14013.36    0.9649     0.2328      0.0        0.0       0.6511     0.0052      4.4       89.29     55511.1     69.77      -392.0    -362.386    29.22    
   4300     14341.72    0.9631     0.2319      0.0        0.0       0.5861     0.0049     4.6114    88.7072    56609.91    71.08      -387.0    -357.99     29.346   
   4400     14669.07    0.9657     0.2332      0.0        0.0       0.684      0.0047     4.7004    89.3988    56834.93    71.07      -408.0     -378.9     29.278   
   4500     14996.19    0.9649     0.2328      0.0        0.0       0.6075     0.0045     5.0147    89.6507    57272.4     71.78      -456.0    -426.364    29.498   
   4600     15322.16    0.9662     0.2334      0.0        0.0       0.6895     0.0044     4.8813    88.8235    57953.34     73.4      -414.0    -384.779    29.51    
   4700     15650.08    0.9637     0.2322      0.0        0.0       0.6503     0.0043     4.7355    88.1559    58691.42    67.88      -394.0    -364.592    29.618   
   4800     15975.22    0.9634     0.232       0.0        0.0       0.6081     0.004      4.5732    87.7871    59591.8     70.68      -431.0    -401.376    29.713   
   4900     16303.01    0.9652     0.2329      0.0        0.0       0.6687     0.0041     5.1383    86.2703    59750.65    69.58      -422.0    -392.609    29.783   
   5000     16626.63    0.9663     0.2334      0.0        0.0       0.6203     0.004      4.5983    86.1353    60688.23    69.41      -429.0     -398.9     29.881   
   5100     16950.35    0.964      0.2323      0.0        0.0       0.7745     0.0041     5.152     86.3379    60874.05    68.28      -445.0    -414.996    29.757   
   5200     17273.84    0.9675     0.234       0.0        0.0       0.5924     0.0038     4.7142    85.9682    61268.3     68.87      -431.0    -401.438    29.892   
   5300     17599.2     0.9655     0.233       0.0        0.0       0.7337     0.0041     5.1293    87.7383    62235.78    67.82      -454.0    -424.035    29.954   
   5400     17926.29    0.9666     0.2336      0.0        0.0       0.647      0.0039     4.7928    87.9877    62548.06    67.89      -450.0    -420.524    29.87    
   5500     18252.56    0.9658     0.2332      0.0        0.0       0.7232     0.0036     5.0984    87.5283    63061.43    68.63      -447.0    -417.087    29.995   
   5600     18577.15    0.9672     0.2339      0.0        0.0       0.6343     0.0037     5.1563    87.5014    63620.09    67.51      -444.0    -413.576    29.931   
   5700     18900.35    0.9656     0.2331      0.0        0.0       0.6547     0.0035     4.8491    87.8515    63611.31    69.39      -463.0    -433.094    30.109   
   5800     19226.59    0.9663     0.2334      0.0        0.0       0.6034     0.0037     5.0208    87.7405    63690.08    67.58      -458.0    -427.911    30.12    
   5900     19551.01    0.9671     0.2338      0.0        0.0       0.6635     0.0036     5.122     86.7602    64806.44    64.25      -479.0    -448.567    30.179   
   6000     19874.91    0.9655     0.233       0.0        0.0       0.5809     0.0035     4.8182    86.4131    65286.69    66.32      -470.0    -440.154    30.135   
   6100     20198.53    0.963      0.2318      0.0        0.0       0.6764     0.0034     5.3428    85.7667    66513.66    66.42      -470.0    -439.719    30.221   
   6200     20524.17    0.9642     0.2324      0.0        0.0       0.5883     0.0034     4.9333    84.7746    66772.53    63.28      -483.0    -453.208    30.232   
   6300     20850.41    0.9643     0.2325      0.0        0.0       0.826      0.0033     5.1875     84.233    67664.14    64.49      -480.0    -449.691    30.292   
   6400     21176.01    0.9692     0.2348      0.0        0.0       0.7213     0.0036     5.274     84.1169    68101.84    64.95      -488.0    -457.862    30.353   
   6500     21501.23    0.969      0.2347      0.0        0.0       0.812      0.0035     5.4248    85.0641    69157.35    64.35      -467.0    -436.647    30.359   
   6600     21827.04    0.9671     0.2338      0.0        0.0       0.5911     0.0035     4.992     84.8097    69136.63     63.4      -472.0    -441.803    30.421   
   6700     22153.32    0.9682     0.2344      0.0        0.0       0.656      0.0033     5.1713    85.2397    69414.66    62.56      -442.0    -411.509    30.476   
   6800     22481.03    0.9686     0.2346      0.0        0.0       0.7086     0.0033     5.3488    85.4247    70307.39    64.84      -499.0    -468.761    30.502   
   6900     22806.63    0.9699     0.2352      0.0        0.0       0.6166     0.0032     5.4041    84.5037    70658.72    63.46      -524.0    -493.74     30.647   
   7000     23133.08    0.972      0.2362      0.0        0.0       0.6164     0.0033     5.2254     85.185    71148.05    64.55      -500.0    -469.672    30.682   
   7100     23459.71    0.9705     0.2355      0.0        0.0       0.5957     0.0031     5.1383    84.8779    71752.5     63.22      -469.0    -437.786    30.779   
   7200     23785.15    0.9699     0.2352      0.0        0.0       0.6287     0.003      5.5084    84.0854    71929.68    63.13      -478.0    -447.335    30.761   
   7300     24110.83    0.9713     0.2358      0.0        0.0       0.8279     0.0032     5.6673    84.2974    72916.55    62.06      -489.0    -457.701    30.884   
   7400     24437.99    0.9705     0.2355      0.0        0.0       0.5853     0.0032     5.209     84.4239    73339.77    62.92      -545.0    -513.776    30.938   
   7500     24763.1     0.9726     0.2365      0.0        0.0       0.8092     0.003      6.009     84.3327    73975.05    61.74      -537.0    -506.21     31.03    
   7600     25090.3     0.9713     0.2358      0.0        0.0       0.8573     0.003      5.7903    84.8094    74689.84    62.61      -547.0    -515.355    31.179   
   7700     25415.69    0.9722     0.2363      0.0        0.0       0.6715     0.003      5.7822    83.8556    75726.67    61.99      -489.0    -457.877    31.243   
   7800     25742.77    0.9717     0.236       0.0        0.0       0.753      0.0029     5.4802    83.2227    76554.38    63.63      -525.0    -493.317    31.296   
   7900     26071.16    0.9709     0.2357      0.0        0.0       0.7427     0.0032     5.7591    83.2825    77167.49    62.52      -530.0    -498.169    31.417   
   8000     26398.36    0.9704     0.2354      0.0        0.0       0.8281     0.0029     5.937     83.2853    77943.51    62.85      -540.0    -508.028    31.515   
   8100     26725.1     0.9723     0.2363      0.0        0.0       0.9585     0.0029     5.8807    83.3966    77523.65    64.64      -567.0    -534.958    31.599   
   8200     27051.64    0.9701     0.2353      0.0        0.0       0.6154     0.0029     5.8977    84.2844    78319.7     60.01      -516.0    -484.666    31.732   
   8300     27377.52    0.9695     0.235       0.0        0.0       0.5729     0.0029     6.1463    85.4928    78819.68    59.06      -535.0    -502.89     31.808   
   8400     27705.6     0.9715     0.236       0.0        0.0       0.6785     0.0031     5.9549    85.5022    79460.16     60.9      -540.0    -507.82     31.907   
   8500     28032.75    0.9741     0.2372      0.0        0.0       0.7147     0.0029     6.0923    85.1613    80332.78    59.51      -556.0    -523.838    32.024   
   8600     28359.98    0.9726     0.2365      0.0        0.0       0.8028     0.0028     6.323     84.9135    80387.84    58.93      -533.0    -501.089    32.19    
   8700     28687.53    0.9755     0.2379      0.0        0.0       0.6756     0.0029     6.3209    84.5899    81831.19     59.1      -575.0    -543.002    32.261   
