Generating synthetic count valued data ... 
Generating synthetic  count valued data took:  18.752372980117798
max_count =  55  min count =  0
Evaluation for true params: 
 test_rsme | train_rsme | rel-te-err | rel-tr-err |  test_nll  |  train_nll |
2.6157905115 2.6387724419   1.50604       1.5161     163434.99    650812.53  
Using  0.05 of training data
Factorizing with max_iteration = 16000  fixing covariance?:  False
Tensor dimensions:  [50, 50, 50]
Optimization metrics: 
Using Ada Grad
Mean update scheme:  S
Covariance update :  N
Using diagonal covariance?:  False
Random start? True
k1 samples =  64  k2 samples =  128
eta =  1.0  cov eta =  1.0  sigma eta =  1
iteration |   time   |test_rsme |rel-te-err|train_rsme|rel-tr-err|   d_mean  |   d_cov  |avg_grad_m|avg_grad_c| test_nll | train_nll |    VLB   |  E-term  |    KL     
    0         1.96     10.3756     6.6564     10.207     6.554      3.1623     0.9858     0.6068     0.4929   194272.81   38805.88   -65064.0  -65006.946   56.929   
    5        94.39     10.3841     6.6586    10.2036     6.5472     3.1623     0.9858     4.9979     5.7123   191846.59   38212.17   -64446.0  -64397.352   48.189   
    10       198.28    10.3909     6.6624    10.1898     6.532      3.1623     0.9858    10.6182    11.6753   188513.58   37313.23   -63595.0  -63553.344   41.788   
    20       323.52    10.3683     6.6457    10.0711     6.4508     3.1623     0.9858    29.8039    30.5208   181854.11   35459.49   -60427.0  -60392.879   34.367   
    50       515.08     9.8221     6.2434     8.9521     5.658      3.1623     0.8681    176.1127   138.0674  150594.94   26527.8    -39969.0  -39932.032   37.285   
   100       810.62     6.5415     3.878      4.9311     3.0082     3.1005     0.2975    209.0465   209.8843   73665.47   11550.87   -13550.0  -13517.572   32.607   
   200      1218.38     5.3415     3.0925     3.3397     2.0012     2.3999     0.1722    34.9983     87.034    59268.85   8784.49    -10543.0  -10515.19    28.018   
   300      1634.95     4.8346      2.82      2.9349     1.7626     1.7388     0.1245    22.1885    90.2139    55196.81   8222.86    -9973.0   -9947.246    25.635   
   400      2045.17     4.6113     2.7115     2.735      1.634      1.3884     0.1009    19.5473    91.1166    53184.64   7932.57    -9680.0   -9655.597    24.183   
   500      2454.17     4.4358     2.6272     2.6163     1.5608     1.4198     0.0852    16.2623    93.6895    51945.4    7773.46    -9532.0   -9508.926    23.191   
   600      2872.68     4.3354     2.5801      2.54      1.5098     1.0483     0.0758    14.7898    95.4457    51327.41   7680.65    -9449.0   -9426.651    22.473   
   700       3286.3     4.2771     2.5541     2.4886     1.4744     0.9645     0.067     13.8021    96.8693    50864.96   7604.61    -9376.0   -9354.121    21.958   
   800      3701.93     4.2452     2.5407     2.4622     1.455      0.9672     0.0624     13.501    98.0963    50609.35   7565.04    -9344.0   -9322.758    21.593   
   900      4118.72     4.2045     2.5224     2.4207     1.4258     0.9316     0.0575    13.0235    99.3394    50265.71   7530.71    -9300.0   -9278.779    21.219   
   1000     4532.89     4.1879     2.5144     2.3816     1.407      0.8431     0.0537    12.7482    100.1011   50082.98   7496.56    -9263.0   -9241.778    20.964   
   1100     4952.81     4.1542     2.5016     2.371      1.3974     0.8372     0.0501     12.478    101.0047   49885.01   7473.36    -9238.0   -9216.762    20.798   
   1200     5370.32     4.1476     2.4974     2.3459     1.3776     0.8746     0.0483    12.6578    101.6269   49811.01    7457.1    -9219.0    -9198.56    20.587   
   1300     5787.78     4.1314     2.4877     2.317       1.36      0.8626     0.0458     12.666    101.9525   49727.9    7437.93    -9200.0   -9179.367    20.491   
   1400     6202.36     4.1237     2.4836     2.3207     1.3554     0.8248     0.0442    12.7001    102.6797   49723.35   7413.95    -9215.0   -9194.233    20.284   
   1500     6616.01     4.113      2.4799     2.2773     1.3376     0.8577     0.043     12.4498    103.4495   49525.24   7399.31    -9167.0   -9146.615    20.233   
   1600     7028.38     4.1075     2.4767     2.268      1.3272     0.7459     0.0412    12.1528    103.8917   49474.77   7380.74    -9161.0   -9140.906    20.224   
   1700     7437.92     4.0967     2.4678     2.2654     1.3174     0.6824     0.0401    11.9401    104.6097   49364.62   7365.81    -9125.0   -9104.571    20.128   
   1800     7847.67     4.0903     2.4676     2.2498     1.3202     0.7368     0.0402    12.0186    105.3245   49342.03    7354.8    -9124.0   -9104.028    20.075   
   1900      8259.2     4.0804     2.4644     2.2315     1.3064     0.7157     0.0385    12.0276    105.8857   49271.72   7340.64    -9115.0    -9095.1     20.027   
   2000     8672.61     4.0821     2.4609     2.2086     1.2864     0.7236     0.0379     12.071    106.344    49257.66   7332.98    -9103.0    -9083.51    19.936   
   2100     9090.76     4.0809     2.4651     2.2433     1.3038     0.6791     0.037     12.2108    107.3185   49192.69   7330.12    -9105.0    -9085.49    19.933   
   2200     9503.84     4.0708     2.4616     2.2113     1.2854     0.6622     0.0365    11.8361    107.7162   49124.77   7319.94    -9088.0   -9068.523    19.893   
   2300     9918.84     4.0643     2.4557     2.1937     1.2746     0.6383     0.0361    11.4487    108.488    49063.85   7307.37    -9083.0   -9063.361    19.877   
   2400     10331.13    4.0539     2.4475     2.1835     1.2676     0.6899     0.0359    11.2628    108.9972   48912.69   7307.09    -9081.0   -9061.561    19.817   
   2500     10740.47    4.0509     2.4472     2.1885     1.2704     0.6745     0.0355     11.465    109.7432   48971.5    7305.46    -9065.0   -9044.974    19.811   
   2600     11147.35    4.0433     2.4462     2.2095     1.282      0.6368     0.0349    11.5937    110.6707   48891.95   7297.79    -9074.0   -9054.585    19.788   
   2700     11554.55    4.0453     2.4448     2.1948     1.2684     0.6082     0.0347    11.7791    111.2531   48989.27   7300.84    -9080.0   -9059.834    19.773   
   2800     11964.71    4.0509     2.4488     2.186      1.2684     0.579      0.0345    12.1319    111.6703   48977.7    7292.18    -9058.0   -9038.192    19.783   
   2900     12374.2     4.0459     2.4437     2.175      1.263      0.6287     0.0344    11.9648    112.0694   48918.7    7290.22    -9056.0   -9036.589    19.816   
   3000     12784.18    4.0397     2.4444     2.1562     1.2442     0.6309     0.0337    11.9428    112.8812   48852.49   7280.98    -9057.0   -9037.138    19.786   
   3100     13192.12    4.0387     2.4433     2.1851     1.257      0.608      0.0342    11.8459    113.6675   48904.89   7281.03    -9063.0   -9042.901    19.809   
   3200     13602.11    4.0324     2.4421     2.176      1.2528     0.6062     0.0335    12.3199    114.2231   48847.4    7287.07    -9057.0   -9037.372    19.862   
   3300     14012.01     4.03      2.4366     2.1752     1.2586     0.5725     0.0338    12.5901    114.5856   48903.02    7280.2    -9046.0   -9025.904    19.891   
   3400     14418.19    4.0212     2.4344     2.1736     1.2568     0.6021     0.0336    12.8016    115.2841   48882.36   7281.27    -9044.0   -9023.653    19.888   
   3500     14824.01    4.0221     2.4316     2.1756     1.2502     0.6745     0.0332    13.1483    115.6226   48834.58   7280.84    -9039.0   -9018.999    19.951   
   3600     15231.49    4.018      2.432      2.1814     1.2498      0.64      0.0333    13.1384    116.4129   48835.1     7273.9    -9040.0   -9019.661    20.015   
   3700     15638.6     4.0206     2.4378     2.1776     1.2546     0.6303     0.0333    13.2117    117.4167   48856.81   7281.45    -9049.0   -9028.823    20.003   
   3800     16052.49    4.0231     2.4373     2.1652     1.2504     0.6425     0.0331    13.6088    118.5159   48833.84   7280.01    -9037.0   -9017.266    20.069   
   3900     16465.46    4.019      2.4367     2.1723     1.2546     0.5725     0.0332    13.6259    119.7961   48767.3    7280.45    -9060.0   -9039.468    20.123   
   4000     16877.9     4.022      2.4366     2.1604     1.2442     0.5744     0.0328    14.1362    120.792    48816.96   7288.16    -9064.0   -9043.568    20.073   
   4100     17292.31    4.0265     2.4373     2.1777     1.255      0.6026     0.0329    14.8358    121.7468   48935.89   7295.25    -9076.0   -9055.453    20.164   
   4200     17706.46    4.0377     2.4452     2.192      1.2592      0.6       0.0331    15.5345    122.9023   48903.96    7298.3    -9071.0   -9051.237    20.212   
   4300     18116.77    4.0392     2.4453     2.1928     1.2658     0.6482     0.0327    16.0023    124.0612   48959.91   7304.58    -9066.0   -9045.483    20.276   
   4400     18526.36    4.037      2.4471     2.2078     1.2712     0.6748     0.033     16.3595    125.7202   48944.6    7314.95    -9113.0   -9093.144    20.324   
   4500     18936.41    4.0345     2.4455     2.2191     1.2794     0.6464     0.0331    17.2074    126.5109   49042.08   7318.88    -9096.0   -9076.096    20.321   
   4600     19345.24    4.0333     2.4426     2.212      1.2778     0.6567     0.0331    17.6317    128.0326   49092.24   7321.58    -9097.0   -9076.404    20.409   
   4700     19752.49    4.0481     2.4526     2.2342     1.2876     0.6895     0.0329    18.3828    129.9086   49199.43   7346.16    -9136.0   -9115.463    20.396   
   4800     20163.25    4.0506     2.4556     2.2389     1.2946     0.6439     0.0329    19.2844    131.0031   49208.13   7345.42    -9114.0   -9093.516    20.502   
   4900     20572.71    4.0658     2.4613     2.2631     1.3088     0.6206     0.033     20.2264    132.182    49260.29   7362.95    -9122.0    -9101.7     20.58    
   5000     20983.36    4.0744     2.4686     2.278      1.322      0.6959     0.0333    21.0559    134.1594   49393.83   7360.93    -9171.0   -9150.657    20.659   
   5100     21390.49    4.091      2.4772      2.3       1.3244     0.7183     0.0335    22.3366    136.0755   49550.57    7389.3    -9195.0   -9174.233    20.803   
   5200     21796.02    4.107      2.4872     2.3131     1.3408     0.7369     0.0334    23.7744    138.3216   49669.73   7412.92    -9205.0   -9183.762    20.927   
   5300     22200.66    4.1458     2.5137     2.3472     1.3606     0.7663     0.0334    25.9294    141.4167   50018.54   7466.53    -9265.0   -9243.648    21.114   
   5400     22605.38    4.1666     2.5221     2.3968     1.3954     0.7583     0.0339    28.2418    143.8411   50231.6    7499.97    -9296.0   -9274.738    21.217   
   5500     23009.72    4.2219     2.5552     2.4729     1.4418     0.7918     0.0338    31.6569    148.1084   50647.23    7582.7    -9421.0   -9399.267    21.529   
   5600     23417.21    4.3138     2.6067     2.5985     1.5194     0.8404     0.0343    36.4214    154.7482   51397.15   7698.49    -9569.0   -9546.898    21.882   
   5700     23821.7     4.5442     2.731      2.8941     1.6838     0.925      0.035     46.0635    164.4759   52947.25   7937.24    -9872.0   -9849.648    22.511   
   5800     24228.21    5.0838     3.0119     3.5567     2.0242     1.2065     0.0367    65.7389    183.1552   56176.43   8522.85    -10556.0  -10533.061   23.421   
   5900     24636.88    6.7325     3.8334     5.3461     2.9114     1.4311     0.0452    108.532    238.8573   64517.9    10094.58   -12528.0  -12503.047   25.272   
   6000     25046.26   10.5654     5.8212     9.1606     4.8484     1.8812     0.0731    201.7673   361.138    83524.87   13678.12   -17412.0  -17383.351   28.41    
   6100     25455.08   17.6626     9.6734     15.926     8.5506     2.1838     0.087     352.7012   566.2814  116854.64   20429.05   -28247.0  -28214.16    32.694   
   6200     25862.86   28.8101    16.6648    26.3917     15.212     2.2965     0.0858    553.9303   834.3276  161008.95   29194.75   -50075.0  -50037.312   37.523   
   6300     26271.68   44.7365    26.0272    41.2217    23.8304     2.4132     0.0811    700.0126   1146.275  195716.65   36656.03   -82455.0  -82412.84    42.133   
   6400     26679.61   63.6042    36.7916    58.4853    33.7274     2.448      0.0785    854.1683  1473.1662   218629.8   42195.15  -122497.0  -122451.058   46.148   
   6500     27084.03   75.0499    40.4116    68.6169    36.5216     2.4505     0.0714    891.581    1979.513  216619.63   41431.26  -135616.0  -135566.301   49.685   
   6600     27486.79   71.4281    31.9241    65.1176    28.4722     2.4134     0.0652    963.5211  2630.8423  198373.91   38948.15  -111701.0  -111647.996   52.843   
   6700     27890.31   53.0374    20.0231    47.7899    17.8622     2.2191     0.0551   1083.5738  3136.5442  227200.67   45481.86   -83703.0  -83647.085   55.753   
   6800     28293.07   25.5202     9.1808    22.5409     8.5428     2.0814     0.0533   1208.8595  3204.8939  241863.96   49019.86   -70525.0  -70466.977   57.978   
   6900     28696.19   11.6061     6.8522     10.691     6.6304      1.92      0.0491   1315.4897  2918.9337  263894.57   53050.03   -76149.0  -76089.189   59.838   
   7000     29096.85   10.9608     6.8145    10.7984     6.7254     1.9869     0.0561   1477.2949  2532.3602  267354.45   53924.47   -78802.0  -78740.302   61.571   
   7100     29491.88   10.9645     6.816     10.7984     6.7254     2.0253     0.0626   1709.8607  1921.2369  267431.44   53935.75   -78804.0  -78740.302   63.203   
   7200     29883.09   10.9645     6.816     10.7984     6.7254     2.0409     0.0602   1994.2145  1543.6224  267431.44   53935.75   -78805.0  -78740.302   64.776   
   7300     30274.18   10.9645     6.816     10.7984     6.7254     1.9739     0.0618   2315.5982  1251.5495  267431.44   53935.75   -78807.0  -78740.302   66.24    
   7400     30666.84   10.9645     6.816     10.7984     6.7254     1.9215     0.0671   2639.1155  1033.0539  267431.44   53935.75   -78808.0  -78740.302   67.619   
   7500     31063.15   10.9645     6.816     10.7984     6.7254     1.8678     0.069    2966.3858   887.9828  267431.44   53935.75   -78809.0  -78740.302   68.856   
   7600     31456.82   10.9645     6.816     10.7984     6.7254     1.8062     0.0807   3260.8834   812.0037  267431.44   53935.75   -78810.0  -78740.302   69.906   
   7700     31850.22   10.9645     6.816     10.7984     6.7254     1.7362     0.0721   3506.1521   689.2399  267431.44   53935.75   -78811.0  -78740.302   70.836   
   7800     32246.11   10.9645     6.816     10.7984     6.7254     1.6593     0.0713   3704.6501   757.0088  267431.44   53935.75   -78812.0  -78740.302   71.693   
   7900     32641.46   10.9645     6.816     10.7984     6.7254     1.5662     0.0792   3885.8613   700.7746  267431.44   53935.75   -78813.0  -78740.302   72.43    
   8000     33034.46   10.9645     6.816     10.7984     6.7254     1.5124     0.0741   3969.1451   635.7128  267431.44   53935.75   -78814.0  -78740.302   73.239   
   8100     33430.26   10.9645     6.816     10.7984     6.7254     1.489      0.0624   4102.8289   657.1079  267431.44   53935.75   -78814.0  -78740.302   73.892   
   8200     33826.21   10.9645     6.816     10.7984     6.7254     1.401      0.0745    4226.979   634.3166  267431.44   53935.75   -78815.0  -78740.302   74.493   
   8300     34221.7    10.9645     6.816     10.7984     6.7254     1.3911     0.0742   4309.5299   699.1876  267431.44   53935.75   -78815.0  -78740.302   75.078   
   8400     34615.97   10.9645     6.816     10.7984     6.7254     1.3326     0.0746   4361.8171   686.0069  267431.44   53935.75   -78816.0  -78740.302   75.591   
   8500     35006.26   10.9645     6.816     10.7984     6.7254     1.5867     0.0675   4440.5713   590.8943  267431.44   53935.75   -78816.0  -78740.302   75.921   
   8600     35396.34   10.9645     6.816     10.7984     6.7254     1.3828     0.0851   4496.5415   596.6069  267431.44   53935.75   -78817.0  -78740.302   76.209   
   8700     35789.58   10.9645     6.816     10.7984     6.7254     1.3211     0.0713   4607.7914   566.3254  267431.44   53935.75   -78817.0  -78740.302   76.463   
   8800     36190.47   10.9645     6.816     10.7984     6.7254     1.3838     0.0862   4758.9819   623.3038  267431.44   53935.75   -78817.0  -78740.302   76.706   
   8900     36586.2    10.9645     6.816     10.7984     6.7254     1.2384     0.0827   4760.1697   581.893   267431.44   53935.75   -78817.0  -78740.302   76.985   
   9000     36986.68   10.9645     6.816     10.7984     6.7254     1.7119     0.0622   4862.2491   639.9663  267431.44   53935.75   -78818.0  -78740.302   77.208   
   9100     37386.46   10.9645     6.816     10.7984     6.7254     1.3356     0.0898   4945.6851   691.3533  267431.44   53935.75   -78818.0  -78740.302   77.535   
   9200     37786.41   10.9645     6.816     10.7984     6.7254     1.3204     0.0924   5002.5262   647.2659  267431.44   53935.75   -78818.0  -78740.302   77.736   
   9300     38184.53   10.9645     6.816     10.7984     6.7254     1.2142     0.085    5074.1988   722.8899  267431.44   53935.75   -78818.0  -78740.302   78.07    
   9400     38582.81   10.9645     6.816     10.7984     6.7254     1.1719     0.0766   5148.5236   746.7045  267431.44   53935.75   -78819.0  -78740.302   78.331   
   9500     38987.62   10.9645     6.816     10.7984     6.7254     1.1915     0.0873   5238.7332   659.5329  267431.44   53935.75   -78819.0  -78740.302   78.485   
   9600     39390.65   10.9645     6.816     10.7984     6.7254     2.2746     0.0911   5389.0428   725.3255  267431.44   53935.75   -78819.0  -78740.302   78.739   
   9700     39789.61   10.9645     6.816     10.7984     6.7254     1.9787     0.0658   5496.9922   685.4273  267431.44   53935.75   -78819.0  -78740.302   78.958   
   9800     40192.24   10.9645     6.816     10.7984     6.7254     2.1589     0.0916   5613.0631   784.5454  267431.44   53935.75   -78819.0  -78740.302   79.185   
   9900     40593.05   10.9645     6.816     10.7984     6.7254     1.7039     0.0794   5687.4585   895.0383  267431.44   53935.75   -78820.0  -78740.302   79.39    
  10000     41008.85   10.9645     6.816     10.7984     6.7254     1.4565     0.0736   5781.0611   746.8968  267431.44   53935.75   -78820.0  -78740.302   79.561   
  10100     41417.67   10.9645     6.816     10.7984     6.7254     1.4046     0.0849   5869.1087   792.0663  267431.44   53935.75   -78820.0  -78740.302   79.713   
  10200     41818.39   10.9645     6.816     10.7984     6.7254     1.5281     0.0845   5910.7672   748.2185  267431.44   53935.75   -78820.0  -78740.302   79.88    
  10300     42223.27   10.9645     6.816     10.7984     6.7254     1.156      0.0934   5978.7227   764.1726  267431.44   53935.75   -78820.0  -78740.302   80.047   
  10400     42625.36   10.9645     6.816     10.7984     6.7254     1.4413     0.0716   6190.2208   881.9972  267431.44   53935.75   -78820.0  -78740.302   80.183   
  10500     43026.54   10.9645     6.816     10.7984     6.7254     1.234      0.0764   6339.2903   817.4689  267431.44   53935.75   -78821.0  -78740.302   80.416   
  10600     43433.37   10.9645     6.816     10.7984     6.7254     1.2048     0.0659   6518.6916   804.6917  267431.44   53935.75   -78821.0  -78740.302   80.593   
  10700     43834.23   10.9645     6.816     10.7984     6.7254     2.8997     0.0719   7234.9953   845.9965  267431.44   53935.75   -78821.0  -78740.302   80.779   
  10800     44233.96   10.9645     6.816     10.7984     6.7254     1.5307     0.0902   6996.8902   998.5352  267431.44   53935.75   -78821.0  -78740.302   80.983   
  10900     44640.67   10.9645     6.816     10.7984     6.7254     2.1024      0.06    7292.6425   964.2852  267431.44   53935.75   -78821.0  -78740.302   81.177   
  11000     45040.87   10.9645     6.816     10.7984     6.7254     1.4418     0.075    7529.2505   942.4276  267431.44   53935.75   -78822.0  -78740.302   81.227   
  11100     45434.04   10.9645     6.816     10.7984     6.7254     2.2531     0.103    7972.7764  1061.6868  267431.44   53935.75   -78822.0  -78740.302   81.557   
  11200     45830.35   10.9645     6.816     10.7984     6.7254     2.0025     0.0606   8130.1386  1297.8176  267431.44   53935.75   -78822.0  -78740.302   81.877   
  11300     46226.1    10.9645     6.816     10.7984     6.7254     2.6968     0.1415   8275.9235   1063.088  267431.44   53935.75   -78823.0  -78740.302   82.204   
  11400     46619.7    10.9645     6.816     10.7984     6.7254     2.8677     0.1005   8864.4392  1261.4493  267431.44   53935.75   -78823.0  -78740.302   82.513   
  11500     47013.09   10.9645     6.816     10.7984     6.7254     1.7226     0.0703   8696.2465   962.8261  267431.44   53935.75   -78823.0  -78740.302   82.725   
  11600     47404.23   10.9645     6.816     10.7984     6.7254     2.1818     0.0811   9212.8535  1066.2272  267431.44   53935.75   -78823.0  -78740.302   82.931   
  11700     47797.08   10.9645     6.816     10.7984     6.7254     2.5452     0.1033   9811.6935   1198.641  267431.44   53935.75   -78823.0  -78740.302   83.113   
  11800     48193.64   10.9645     6.816     10.7984     6.7254     1.8566     0.0827   9774.1728  1461.7463  267431.44   53935.75   -78824.0  -78740.302   83.281   
  11900     48596.69   10.9645     6.816     10.7984     6.7254     3.039      0.1057   10542.9893 1380.5004  267431.44   53935.75   -78824.0  -78740.302   83.485   
  12000     48993.93   10.9645     6.816     10.7984     6.7254     2.1161     0.0509   10566.1146 1255.9977  267431.44   53935.75   -78824.0  -78740.302   83.662   
  12100     49396.01   10.9645     6.816     10.7984     6.7254     2.3605     0.0684   11025.3372 1538.1335  267431.44   53935.75   -78824.0  -78740.302   83.862   
  12200     49803.31   10.9645     6.816     10.7984     6.7254     2.9528     0.0785   11261.8755 1285.0784  267431.44   53935.75   -78824.0  -78740.302   84.001   
  12300     50214.27   10.9645     6.816     10.7984     6.7254     1.8331     0.0919   11655.5612 1329.1708  267431.44   53935.75   -78825.0  -78740.302   84.257   
  12400     50624.94   10.9645     6.816     10.7984     6.7254     1.9517     0.1096   12900.4566 1645.3429  267431.44   53935.75   -78825.0  -78740.302   84.459   
  12500     51037.03   10.9645     6.816     10.7984     6.7254     2.7117     0.1435   13390.4036 1623.6333  267431.44   53935.75   -78825.0  -78740.302   84.71    
  12600     51447.99   10.9645     6.816     10.7984     6.7254     2.0052     0.0858   13070.4027 1687.2557  267431.44   53935.75   -78825.0  -78740.302   84.89    
  12700     51858.11   10.9645     6.816     10.7984     6.7254     2.0871     0.4336   13874.5811 2066.7642  267431.44   53935.75   -78825.0  -78740.302   85.112   
  12800     52265.33   10.9645     6.816     10.7984     6.7254     1.7309     0.129    14054.8766 1744.4738  267431.44   53935.75   -78826.0  -78740.302   85.253   
  12900     52669.12   10.9645     6.816     10.7984     6.7254     2.5131     0.0873   15214.8951 1727.0883  267431.44   53935.75   -78826.0  -78740.302   85.419   
  13000     53073.49   10.9645     6.816     10.7984     6.7254     2.6362     1.8877   15952.2582 1680.7944  267431.44   53935.75   -78826.0  -78740.302   85.572   
  13100     53467.91   10.9645     6.816     10.7984     6.7254     2.4356     0.6261   17915.3421 1813.1197  267431.44   53935.75   -78826.0  -78740.302   85.73    
  13200     53862.43   10.9645     6.816     10.7984     6.7254     2.1509    14.1531   17135.1824 2047.0094  267431.44   53935.75   -78826.0  -78740.302    85.9    
  13300     54257.24   10.9645     6.816     10.7984     6.7254     2.8308     0.6435   19423.4217 2034.3228  267431.44   53935.75   -78826.0  -78740.302   86.14    
  13400     54649.49   10.9645     6.816     10.7984     6.7254     2.9365     0.9199   20181.9683 2006.8788  267431.44   53935.75   -78827.0  -78740.302   86.282   
  13500     55038.52   10.9645     6.816     10.7984     6.7254     2.1474     0.1009   19736.5388 2265.3001  267431.44   53935.75   -78827.0  -78740.302   86.432   
  13600     55428.76   10.9645     6.816     10.7984     6.7254     2.7124     0.0667   20868.6983 2158.2098  267431.44   53935.75   -78827.0  -78740.302   86.355   
  13700     55821.3    10.9645     6.816     10.7984     6.7254     2.9813     0.2925   23872.4114 3007.8997  267431.44   53935.75   -78827.0  -78740.302   86.726   
  13800     56215.59   10.9645     6.816     10.7984     6.7254     2.9958     0.1931   24537.9693 2063.7464  267431.44   53935.75   -78827.0  -78740.302   87.002   
  13900     56620.52   10.9645     6.816     10.7984     6.7254     2.9366     0.2073   28140.8187 2649.1328  267431.44   53935.75   -78828.0  -78740.302   87.37    
  14000     57021.27   10.9645     6.816     10.7984     6.7254     2.171      0.364    27753.1934 3110.6186  267431.44   53935.75   -78828.0  -78740.302   87.502   
  14100     57424.2    10.9645     6.816     10.7984     6.7254     2.5362    16.8613   24510.4467 2464.4108  267431.44   53935.75   -78828.0  -78740.302   87.66    
  14200     57824.69   10.9645     6.816     10.7984     6.7254     2.5994     1.6724   30539.6493 2742.0143  267431.44   53935.75   -78828.0  -78740.302   87.792   
  14300     58228.46   10.9645     6.816     10.7984     6.7254     2.2879     0.2881   31633.2809 2797.5979  267431.44   53935.75   -78828.0  -78740.302   87.906   
  14400     58631.84   10.9645     6.816     10.7984     6.7254     2.6071    15.9599   26016.3621 2624.5482  267431.44   53935.75   -78828.0  -78740.302   88.048   
  14500     59034.75   10.9645     6.816     10.7984     6.7254     2.7078     0.7712   30510.4921 3097.0008  267431.44   53935.75   -78828.0  -78740.302   88.068   
  14600     59438.18   10.9645     6.816     10.7984     6.7254     2.0183     0.1338   29867.1086 3195.8879  267431.44   53935.75   -78829.0  -78740.302   88.273   
  14700     59841.16   10.9645     6.816     10.7984     6.7254     1.8574     0.256    26676.3722 3315.4256  267431.44   53935.75   -78828.0  -78740.302   87.901   
  14800     60248.07   10.9645     6.816     10.7984     6.7254     2.3089    23.9646   31492.3458 3284.7511  267431.44   53935.75   -78829.0  -78740.302   88.223   
  14900     60653.28   10.9645     6.816     10.7984     6.7254     2.4501     0.3455   31210.1184 3100.6467  267431.44   53935.75   -78829.0  -78740.302   88.893   
  15000     61057.48   10.9645     6.816     10.7984     6.7254     2.5711     0.618    33873.4934 3215.8653  267431.44   53935.75   -78830.0  -78740.302   89.245   
  15100     61460.23   10.9645     6.816     10.7984     6.7254     2.661      0.3314   33364.7004 3297.3744  267431.44   53935.75   -78830.0  -78740.302   89.301   
  15200     61855.53   10.9645     6.816     10.7984     6.7254     2.3791     0.2877   39332.6158 3818.6975  267431.44   53935.75   -78830.0  -78740.302   89.347   
  15300     62253.04   10.9645     6.816     10.7984     6.7254     2.3447     0.2607   42135.2298 3320.6444  267431.44   53935.75   -78830.0  -78740.302   89.372   
  15400     62648.69   10.9645     6.816     10.7984     6.7254     2.9118     0.7014   41831.244  3355.5298  267431.44   53935.75   -78830.0  -78740.302   89.428   
  15500     63047.56   10.9645     6.816     10.7984     6.7254     2.474      1.2515   44682.0317 4758.1328  267431.44   53935.75   -78830.0  -78740.302   89.483   
  15600     63449.67   10.9645     6.816     10.7984     6.7254      2.42      0.3084   46182.2191 3516.9862  267431.44   53935.75   -78830.0  -78740.302   89.499   
  15700     63846.15   10.9645     6.816     10.7984     6.7254     2.8698     0.2772   51918.4429 4638.7585  267431.44   53935.75   -78830.0  -78740.302   89.582   
  15800     64247.74   10.9645     6.816     10.7984     6.7254     2.3123    11.7234   49001.8227  4036.926  267431.44   53935.75   -78830.0  -78740.302   89.638   
  15900     64650.61   10.9645     6.816     10.7984     6.7254     2.8188     0.5166   49392.7043 4857.7657  267431.44   53935.75   -78830.0  -78740.302   89.683   
  16000     65051.13   10.9645     6.816     10.7984     6.7254     2.6059     0.8167   47278.3619 4498.8653  267431.44   53935.75   -78830.0  -78740.302   89.735   
[-40.93277582 -34.98353856 -40.15193161  43.24133155 -35.05300937
 -39.65127478 -34.13031513  45.58067463 -36.61190878 -28.08392392
  39.25912664 -35.72748797 -36.93619743  38.84368098 -35.52207852
  44.46292552  45.44076053  41.4019537  -40.32840689 -35.50070157]
[ 35.19758677  41.84002241  40.08585101 -34.92479828  37.10974764
  40.88598663  41.97341427  42.99546209  43.42219886  42.55354333
 -41.62553747  39.97764526  44.1429858   -4.83306085  41.79010328
 -41.31756509  41.87473293  37.88292595  42.60441448  41.45507109]
[ 43.86750766  43.64240766  38.3841191   40.73926197  42.06308891
  39.11809292  40.92483332 -42.06198446  43.81537822  41.15717694
  41.35718733  43.23461417  42.99654482  36.42691126  41.0850044
  39.41489226 -41.00292822 -45.41812982  42.53464402  41.64855648]
