Generating synthetic count valued data ... 
Generating synthetic  count valued data took:  17.32147741317749
max_count =  55  min count =  0
Evaluation for true params: 
 test_rsme | train_rsme | rel-te-err | rel-tr-err |  test_nll  |  train_nll |
2.6157905115 2.6387724419   1.50604       1.5161     159574.82    635256.82  
Using  0.05 of training data
Factorizing with max_iteration = 16000  fixing covariance?:  False
Tensor dimensions:  [50, 50, 50]
Optimization metrics: 
Using Ada Grad
Mean update scheme:  S
Covariance update :  N
Using diagonal covariance?:  False
Random start? True
k1 samples =  64  k2 samples =  128
eta =  1.0  cov eta =  1.0  sigma eta =  1
iteration |   time   |test_rsme |rel-te-err|train_rsme|rel-tr-err|   d_mean  |   d_cov  |avg_grad_m|avg_grad_c| test_nll | train_nll |    VLB   |  E-term  |    KL     |   dw   |
    0         1.79     10.3727     6.6546    10.2056     6.5536     3.1623     1.2143     0.5437     0.4341   156634.53   31056.4    -64148.0  -64090.956   56.832     0.0213  
    5        125.8     10.3738     6.655     10.1968     6.548      3.1623     1.2143     4.9944     5.2073   157108.75   31044.52   -63596.0  -63547.764   48.451     0.0009  
    10       260.27    10.3698     6.653     10.1764     6.5336     3.1623     1.2143    10.4986    10.5783    154607.3   30318.08   -62761.0  -62719.021   42.031     0.0015  
    20       415.55    10.3314     6.6337    10.0306     6.446      3.1623     1.2143    29.7088    27.4818   150892.23   29212.02   -59745.0  -59710.425   34.368     0.0008  
    50       634.85     9.7316     6.1765     8.8887     5.6038     3.1623     0.9777    180.8864   120.3315  128157.05   22574.94   -39959.0  -39921.06    37.512     0.0003  
   100       948.82     6.4005     3.8403     5.1819     3.1878     3.1187     0.288     226.9812   216.9144   68017.41   11473.53   -13986.0  -13953.229   33.194     0.0003  
   200      1361.25     5.2231     3.0888     3.447      2.0884     2.8219     0.1888     36.302    91.5576    55961.46   8816.57    -10977.0  -10947.61    29.073      0.0    
   300      1769.99     4.6863     2.7983     3.0288     1.8254     1.6376     0.1401    20.1514    92.5731    52003.9    8280.61    -10353.0  -10326.395   26.911      0.0    
   400       2178.1     4.5053     2.7107     2.8425     1.7004     1.3565     0.1126    17.8846    93.8279    50804.28   8059.06    -10116.0  -10090.462   25.691      0.0    
   500      2585.53     4.3919     2.6604     2.7449     1.642      1.2779     0.0983    16.0678    95.1876    50093.06   7923.36    -9963.0   -9937.942    24.893      0.0    
   600      3001.66     4.3139     2.6239     2.6698     1.5852     1.0393     0.0878     14.518    97.0183    49670.88   7839.44    -9868.0    -9843.21    24.38       0.0    
   700      3415.02     4.2801     2.6063     2.6389     1.568      1.0608     0.0801    14.1382    98.5391    49522.55   7796.25    -9807.0   -9783.227    23.962      0.0    
   800       3828.8     4.2638     2.6002     2.5972     1.5488     1.0328     0.0756    14.5298    99.8894    49396.68   7764.57    -9772.0   -9748.568    23.686      0.0    
   900       4239.4     4.249      2.5892     2.6002     1.5514     1.1068     0.0706    14.5133    101.1913   49401.07   7737.73    -9731.0   -9708.025    23.449      0.0    
   1000     4647.52     4.2254     2.5777     2.5703     1.5274     0.9045     0.0679    14.4675    102.2943   49328.42   7710.54    -9706.0    -9682.72    23.255      0.0    
   1100     5057.26     4.2098     2.5727     2.553      1.5184     0.8517     0.0651    14.2283    103.0534   49231.33   7684.62    -9670.0   -9646.839    23.016      0.0    
   1200     5468.48     4.2001     2.5645     2.5404     1.509       0.79      0.0635    14.1226    103.9425   49140.31    7676.2    -9662.0   -9639.046    22.998      0.0    
   1300     5890.45     4.1876     2.5571     2.5303     1.5002     0.813      0.0613    13.9744    104.8349   49153.75    7658.8    -9648.0   -9624.802    22.918      0.0    
   1400     6312.24     4.1814     2.5554     2.5194     1.4936     0.8313     0.0603    13.9424    105.7636   49159.29   7647.87    -9639.0   -9616.125    22.856      0.0    
   1500      6732.1     4.1693     2.5461     2.5196     1.4834     0.8111     0.0592    13.9865    106.7251   49111.33   7634.26    -9621.0   -9598.249    22.835      0.0    
   1600     7152.14     4.1672     2.5489     2.5191     1.487      0.8245     0.0582     14.151    107.6075   49116.01    7637.7    -9608.0   -9585.373    22.856      0.0    
   1700     7571.55     4.1721     2.5454     2.5018     1.466      0.7806     0.0573    14.3868    108.4957   49154.57   7626.16    -9606.0   -9582.775    22.913      0.0    
   1800     7991.15     4.1693     2.5474     2.5181     1.4782     0.7368     0.0569     14.515    109.5616   49117.76   7616.95    -9616.0   -9593.515    22.952      0.0    
   1900     8407.07     4.1668     2.5459     2.5026     1.4702     0.6944     0.0566    14.6325    110.5047   49181.11    7615.7    -9597.0   -9573.741    22.869      0.0    
   2000     8820.93     4.1816     2.5553     2.5116     1.4742     0.7586     0.0565    14.7697    111.5976   49209.57   7602.63    -9623.0   -9599.596    22.943      0.0    
   2100      9238.2     4.1938     2.5662     2.5185     1.4772     0.7427     0.0561    15.4873    112.8265   49349.38   7624.66    -9621.0   -9598.201    22.968      0.0    
   2200     9657.02     4.1967     2.5684     2.5393     1.4846     0.7686     0.0558    16.1637    114.1727   49449.9    7624.65    -9631.0   -9607.677    23.012      0.0    
   2300     10079.89    4.216      2.5781     2.5517     1.492      0.8889     0.056     17.8202    115.843    49566.46   7652.39    -9661.0   -9637.864    23.068      0.0    
   2400     10503.47    4.241      2.5913     2.5764     1.5102     0.935      0.0556    19.1735    117.6082   49787.4    7680.02    -9684.0   -9661.272    23.157      0.0    
   2500     10928.72    4.2665     2.6092     2.6048     1.5262     0.8837     0.0559    20.4638    120.1054   49966.81   7692.97    -9727.0   -9703.919    23.255      0.0    
   2600     11353.65    4.2971     2.6268     2.6566     1.5568     0.7934     0.0564    22.3201    122.476    50243.04   7744.07    -9767.0   -9743.182    23.334      0.0    
   2700     11776.43    4.3699     2.6703     2.7427     1.6134     0.8752     0.0562    25.1811    125.8362   50757.71   7819.73    -9850.0   -9826.189    23.393      0.0    
   2800     12201.85    4.4421     2.7184     2.8301     1.6648     0.9821     0.0568    28.6782    130.0708   51331.14   7905.72    -9963.0   -9939.377    23.55       0.0    
   2900     12623.65    4.5941     2.8012     3.0308     1.784      0.9721     0.0571    33.6701    136.5039   52248.68   8048.87    -10168.0  -10144.179   23.759      0.0    
   3000     13044.21    4.8741     2.9716     3.3678     1.9794     1.3233     0.058     42.7592    148.6219   54237.55   8357.95    -10540.0  -10515.839   24.093      0.0    
   3100     13465.83    5.4553     3.3151     4.0719     2.3768     1.362      0.0589     61.219    172.6019   58039.8    9037.19    -11438.0  -11412.893   24.728      0.0    
   3200     13888.83    7.1514     4.2596      6.05      3.4476     1.5071     0.0686    103.2374   239.6309   67666.78   10816.62   -13737.0  -13711.389   26.093      0.0    
   3300     14310.16   10.8595     6.3453     9.7533     5.458      1.8345     0.1017    202.2269   404.461    89047.01   14847.65   -19090.0  -19061.719   28.592      0.0    
   3400     14732.51    16.164     9.5186    14.7619     8.5388     1.9902     0.1095    334.381    668.9707  119847.78   20796.04   -28147.0  -28114.286   32.279      0.0    
   3500     15155.07   26.9078    16.2506    24.9483     14.877     2.5092     0.0993    573.6578  1174.0749  163339.74   29449.82   -49137.0  -49100.991   36.034      0.0    
   3600     15576.77   37.6585     23.279    34.6322    21.2926     2.1202     0.0832    596.7891  1378.4552  194408.75   35978.27   -71662.0  -71621.986   39.795      0.0    
   3700     15993.58   58.1844    35.8513    53.5814     32.804     2.213      0.0763    706.0593  1754.1967  225347.56   43251.29  -117789.0  -117745.29   43.447      0.0    
   3800     16407.4    74.1995    43.7596    68.3255    39.6634     2.3734     0.0748    742.7069  2171.1536  234990.45   45184.47  -147283.0  -147235.691   47.113      0.0    
   3900     16820.35   76.4543    40.3586    70.3038    35.9668     2.335      0.084     837.9229  2631.2819  218539.05   41766.67  -136355.0  -136304.397   50.116      0.0    
   4000     17232.12    64.303    28.8155    58.9597     25.863     2.2597     0.0814    949.1406  3192.7433  225103.27   44746.5   -106500.0  -106446.732   52.782      0.0    
   4100     17642.49   42.1961    16.5519    36.9728    14.6794     2.141      0.0684   1024.0623  3421.1062  235576.51   47122.13   -76201.0  -76146.123   55.094      0.0    
   4200     18050.84   24.4511     9.1636    20.8727     8.4004     1.9599     0.0681   1104.0391  3357.8016  245999.67   49203.47   -70422.0  -70364.356   57.151      0.0    
   4300     18458.5    13.2578     7.1361    11.8882     6.8654     1.987      0.0611   1114.7027  3098.2842  259877.94   52105.45   -74366.0  -74306.563   58.944      0.0    
   4400     18865.61   13.1723     7.1045    11.9544     6.9248     1.8156      0.06    1184.2304   2728.503  265406.65   53282.65   -78918.0  -78857.704   60.428      0.0    
   4500     19264.61     inf        inf      11.8254     6.8756     1.8181     0.0644   