Generating synthetic count valued data ... 
Generating synthetic  count valued data took:  18.1952064037323
max_count =  52  min count =  0
Evaluation for true params: 
 test_rsme | train_rsme | rel-te-err | rel-tr-err |  test_nll  |  train_nll |
2.6464995749 2.6289161265   1.51876      1.50536     163417.29    651123.47  
Using  0.05 of training data
Factorizing with max_iteration = 16000  fixing covariance?:  False
Tensor dimensions:  [50, 50, 50]
Optimization metrics: 
Using Ada Grad
Mean update scheme:  S
Covariance update :  N
Using diagonal covariance?:  False
Random start? True
k1 samples =  64  k2 samples =  128
eta =  1.0  cov eta =  1.0  sigma eta =  1
iteration |   time   |test_rsme |rel-te-err|train_rsme|rel-tr-err|   d_mean  |   d_cov  |avg_grad_m|avg_grad_c| test_nll | train_nll |    VLB   |  E-term  |    KL     |   dw   |
    0         1.93      10.42      6.666     10.3752     6.6254     3.1623     1.0744     0.548      0.4465   156834.21   31258.28   -65229.0  -65170.189   58.822     0.0262  
    5        139.75    10.4223     6.6678    10.3713     6.6244     3.1623     1.0744     4.7066     5.1768   157127.35   31100.79   -64757.0  -64705.95    51.459     0.0016  
    10       289.47    10.4223     6.6673    10.3518     6.6116     3.1623     1.0744     9.5426    10.4477   154766.33   30533.99   -64072.0  -64027.982   44.113     0.0014  
    20       461.53    10.4026     6.6597    10.2324     6.5326     3.1623     1.0744    27.6163    26.6279   151732.26   29491.41   -61264.0  -61227.601   36.133     0.0009  
    50       701.52     9.9121     6.3116     9.1972      5.82      3.1623     0.904     153.3783   116.709   132089.24   23600.56   -43163.0  -43125.437   37.237     0.0003  
   100      1044.02     6.6498     4.057      5.5224     3.4416     3.1079     0.2991    238.4933   224.1099   70155.87   12020.59   -14710.0  -14679.375   31.061     0.0004  
   200      1494.81     5.4495     3.1932     3.538      2.1432     2.583      0.1887    38.1363     91.162    57315.69   8942.34    -11192.0  -11165.723   26.331      0.0    
   300      1950.59     4.8427     2.838      2.983      1.8076     1.6541     0.1401    20.5727    91.7711    52554.13   8185.19    -10310.0  -10285.767   24.194      0.0    
   400      2404.64     4.6647     2.764      2.831      1.7214     1.6348     0.1121    18.3594    94.3248    51568.79   8020.97    -10138.0  -10115.158   23.174      0.0    
   500      2857.24     4.515      2.6876     2.7108     1.6406     1.1526     0.0972    16.0603    96.2052    50584.49   7859.27    -9947.0    -9924.13    22.593      0.0    
   600      3312.77     4.4267     2.651      2.6479     1.5992     1.1435     0.0872    14.8942    98.1303    50134.73   7782.54    -9875.0   -9852.696    22.114      0.0    
   700      3766.71     4.3654     2.6233     2.6018     1.5618     1.0537     0.0791    14.2664    99.9868    49784.24   7722.66    -9797.0   -9774.723    21.795      0.0    
   800       4223.5     4.3177     2.6041     2.5684     1.539      0.949      0.073     13.8386    101.3692   49596.33   7684.43    -9755.0   -9733.787    21.554      0.0    
   900       4678.1     4.282      2.5855     2.5281     1.5132     0.9725     0.0686    13.3782    102.6989   49475.56   7649.16    -9703.0   -9681.365    21.333      0.0    
   1000     5136.09     4.2598     2.5688     2.5114     1.5026     0.876      0.0649    13.3538    103.6796   49323.17   7615.74    -9662.0   -9641.287    21.131      0.0    
   1100     5595.11     4.2457     2.5664     2.5052     1.499      0.7675     0.0625    13.7434    104.5978   49233.03    7604.1    -9675.0   -9653.781    21.017      0.0    
   1200     6052.74     4.2349     2.562      2.5036     1.4952     0.785      0.0604    13.7831    105.7533   49282.0    7593.29    -9650.0   -9629.245    20.99       0.0    
   1300     6501.71     4.2287     2.5623     2.4897     1.4846     0.7659     0.0587    13.9338    106.9606   49168.89   7586.12    -9635.0   -9613.838    20.926      0.0    
   1400     6953.29     4.2163     2.5568     2.4949     1.4926     0.7673     0.0573     14.413    107.6818   49200.86   7575.97    -9627.0   -9605.954    20.904      0.0    
   1500     7408.32     4.2063     2.5486     2.4718     1.487      0.7639     0.056     14.4295    108.599    49166.73   7562.49    -9613.0   -9592.543    20.806      0.0    
   1600     7862.08     4.1976     2.5437     2.4417     1.466      0.702      0.0556    14.1403    109.0676   49095.33    7536.9    -9590.0   -9569.067    20.862      0.0    
   1700     8316.68     4.1894     2.5372     2.4579     1.4696     0.6912     0.0546    13.9422    110.0529   49081.17   7537.31    -9580.0   -9558.849    20.78       0.0    
   1800     8775.43     4.1916     2.5405     2.457      1.4732     0.6799     0.0539    14.0781    111.1121   49121.16   7538.48    -9584.0   -9563.191    20.811      0.0    
   1900     9232.14     4.1971     2.544      2.4611     1.4698     0.7057     0.0531    14.1983    112.4007   49097.39   7536.31    -9585.0   -9563.686    20.841      0.0    
   2000     9688.35     4.1879     2.5394     2.4652      1.48      0.8257     0.0526    14.7046    112.8767   49116.95   7527.87    -9588.0   -9566.758    20.915      0.0    
   2100     10142.31    4.1915     2.5399     2.457      1.472      0.7533     0.0525    15.1637    113.7241   49128.98   7528.59    -9584.0    -9563.02    20.955      0.0    
   2200     10598.71    4.1922     2.5436     2.4686     1.4754     0.7274     0.0516    15.2793    114.5274   49242.56   7533.66    -9585.0   -9563.658    21.002      0.0    
   2300     11052.24    4.206      2.5546     2.4762     1.4814     0.6988     0.0522    15.3902    115.8215   49193.77   7531.06    -9582.0   -9560.645    21.107      0.0    
   2400     11507.17    4.2147     2.556      2.4722     1.4804     0.7222     0.0517    15.9983    117.1089   49302.89   7539.19    -9618.0   -9596.414    21.214      0.0    
   2500     11959.63    4.219      2.561      2.4914     1.4928     0.7565     0.0515     16.881    118.2489   49397.16    7559.4    -9634.0   -9612.138    21.392      0.0    
   2600     12413.39    4.2365     2.5725     2.5232     1.513      0.7518     0.0512    17.6609    119.7171   49529.47   7574.24    -9633.0   -9611.822    21.526      0.0    
   2700     12863.08    4.2604     2.5862     2.5413     1.5208     0.7737     0.0513    18.7276    121.5462   49671.99   7600.48    -9655.0   -9633.366    21.699      0.0    
   2800     13315.38    4.2736     2.5955     2.5762     1.5418     0.7385     0.0512    19.7954    123.5908   49840.16   7612.86    -9712.0   -9690.353    21.975      0.0    
   2900     13763.52    4.3058     2.6187     2.6212     1.5718     1.1133     0.0514    21.6884    124.8247   50066.89   7638.06    -9760.0   -9737.897    22.255      0.0    
   3000     14215.87    4.3415     2.6381     2.6632     1.5996     1.165      0.0512     23.33     127.3294   50275.19   7684.67    -9815.0   -9792.788    22.461      0.0    
   3100     14662.78    4.3696     2.6547     2.7205     1.6268     0.9247     0.0514    24.7534    129.9098   50537.33   7721.78    -9843.0    -9820.46    22.772      0.0    
   3200     15109.7     4.4248     2.6865     2.7841     1.6698     0.8647     0.0519    27.0637    132.8796   50969.84   7778.91    -9931.0   -9908.269    23.147      0.0    
   3300     15556.65    4.5127     2.741      2.8958     1.7278     0.927      0.0518    30.5005    137.0224   51522.67   7866.82    -10050.0  -10026.332   23.645      0.0    
   3400     16004.32    4.6433     2.8217     3.0537     1.8232     0.9971     0.0519    34.7148    142.1636   52325.29   7983.27    -10224.0  -10199.506   24.246      0.0    
   3500     16455.53    4.8237     2.9313     3.279      1.9616     1.0474     0.0522    39.8887    149.1507   53347.53   8141.86    -10442.0  -10416.61    25.04       0.0    
   3600     16907.95    5.1332     3.1162     3.6803     2.2038     1.1305     0.0526    48.8893    161.7783   55433.03   8512.23    -10985.0  -10958.812   26.173      0.0    
   3700     17356.44    5.8384     3.528      4.4875     2.6614     1.3348     0.0528    65.3657    183.0848   59445.42   9231.83    -11924.0  -11896.578   27.874      0.0    
   3800     17803.62    7.5938     4.525      6.4321     3.7666     1.4873     0.0556    95.8342    232.5316   68828.74   11040.82   -14437.0  -14406.649   30.509      0.0    
   3900     18251.37   12.1207     6.9932    11.0112     6.2272     1.9894     0.0716    179.2001   354.5226   93841.1    15962.36   -21166.0   -21131.9    33.947      0.0    
   4000     18702.85    20.309    11.8797     18.871    11.0128     2.2268     0.0999    309.6873   545.683   134836.49   24622.77   -35397.0  -35358.748   37.838      0.0    
   4100     19154.88   34.7941    20.6862    32.7184    19.4212     2.6144     0.1121    548.3625   993.1238  179342.63   34198.79   -65532.0  -65490.306   41.526      0.0    
   4200     19605.74   51.8112    30.6798    48.1781     28.651     2.4507     0.1013    700.7519  1329.6659  202879.38   39413.02  -101076.0  -101030.713   44.978      0.0    
   4300     20051.34   77.2091    44.2604    72.2303    41.3248     2.6844     0.0881    920.9481  2023.9312  213598.84   40950.12  -154229.0  -154180.792   48.173      0.0    
   4400     20496.62    90.74     49.1898    83.3379    44.7162     2.3319     0.0751    845.0037  2489.1643  218865.86   41296.45  -170865.0  -170814.304   51.187      0.0    
   4500     20940.85   92.3257    44.6816    84.6981    40.2644     2.3525     0.0732    851.7686  3092.5349  217943.71   42415.82  -158432.0  -158378.185   53.944      0.0    
   4600     21386.67   73.4108     29.31     67.0595    26.3478     2.1864     0.0594    932.9499  3449.1236  225645.74   44136.78  -113638.0  -113582.017   56.438      0.0    
   4700     21831.93   43.3527    15.4607    38.8351    14.0612     2.0445     0.0588    998.1483  3469.3449  245778.18   48753.48   -79173.0  -79114.799   58.459      0.0    
   4800     22273.52   19.8658     8.2964    17.6846     7.8506     2.1447     0.0528     1061.8   3416.1375  253620.04   50433.08   -72538.0  -72478.449   60.05       0.0    
   4900     22717.01   11.0436     6.7786    10.9597     6.7294     1.8021     0.0497   1093.9779  2998.7345   263651.2   52755.59   -78085.0  -78023.465   61.522      0.0    
   5000     23152.32   11.0062     6.8235    10.9616     6.786      1.8699     0.0549   1161.4948  2494.3819  267032.75   53460.3    -79986.0  -79923.633   62.857      0.0    
   5100     23585.33   11.0099     6.8258    10.9646     6.7872     1.8676     0.0559   1283.2655  2015.1273  267099.87   53493.66   -80030.0  -79965.429   64.134      0.0    
   5200     24013.16   11.0099     6.8258    10.9646     6.7872     1.8721     0.0698   1441.3553  1673.2069  267099.87   53493.66   -80031.0  -79965.429   65.294      0.0    
   5300     24444.08   11.0099     6.8258    10.9646     6.7872     1.9029     0.0665   1641.2252   1310.761  267099.87   53493.66   -80032.0  -79965.429   66.467      0.0    
   5400     24872.87   11.0099     6.8258    10.9646     6.7872     1.8675     0.0684   1863.8039  1112.2958  267099.87   53493.66   -80033.0  -79965.429   67.582      0.0    
   5500     25302.31   11.0099     6.8258    10.9646     6.7872     1.9435     0.067    2096.5967   897.144   267099.87   53493.66   -80034.0  -79965.429   68.592      0.0    
   5600     25733.72   11.0099     6.8258    10.9646     6.7872     1.9022     0.0797   2348.3588   801.0512  267099.87   53493.66   -80035.0  -79965.429   69.547      0.0    
   5700     26164.48   11.0099     6.8258    10.9646     6.7872     1.8327     0.0746    2584.959   763.4727  267099.87   53493.66   -80036.0  -79965.429   70.452      0.0    
   5800     26593.63   11.0099     6.8258    10.9646     6.7872     1.7389     0.0735   2783.2898   628.405   267099.87   53493.66   -80037.0  -79965.429   71.253      0.0    
   5900     27023.91   11.0099     6.8258    10.9646     6.7872     1.6201     0.0902   2940.6155   729.5823  267099.87   53493.66   -80037.0  -79965.429   71.909      0.0    
   6000     27449.57   11.0099     6.8258    10.9646     6.7872     1.6327     0.0691   3003.2291   598.6606  267099.87   53493.66   -80038.0  -79965.429   72.52       0.0    
   6100     27872.08   11.0099     6.8258    10.9646     6.7872     1.4745     0.0762   3069.7104   660.9203  267099.87   53493.66   -80038.0  -79965.429   73.045      0.0    
   6200     28295.34   11.0099     6.8258    10.9646     6.7872     1.3774     0.0653   3093.4846   516.5873  267099.87   53493.66   -80039.0  -79965.429   73.682      0.0    
   6300     28721.78   11.0099     6.8258    10.9646     6.7872     1.3275     0.0776   3126.3595   542.9426  267099.87   53493.66   -80040.0  -79965.429   74.181      0.0    
   6400     29146.47   11.0099     6.8258    10.9646     6.7872     1.3291     0.0748    3153.978   587.2215  267099.87   53493.66   -80040.0  -79965.429   74.59       0.0    
   6500     29569.58   11.0099     6.8258    10.9646     6.7872     1.3434     0.0834   3108.3214   646.1922  267099.87   53493.66   -80040.0  -79965.429   74.983      0.0    
   6600     29993.51   11.0099     6.8258    10.9646     6.7872     1.4845     0.0763   3144.5592   602.5679  267099.87   53493.66   -80041.0  -79965.429   75.33       0.0    
   6700     30419.43   11.0099     6.8258    10.9646     6.7872     1.3079     0.0791   3148.3408   533.5235  267099.87   53493.66   -80041.0  -79965.429   75.601      0.0    
   6800     30843.69   11.0099     6.8258    10.9646     6.7872     1.5398     0.072    3130.2581   589.6667  267099.87   53493.66   -80041.0  -79965.429   75.894      0.0    
   6900     31267.61   11.0099     6.8258    10.9646     6.7872     1.179      0.0934   3166.7343   502.9387  267099.87   53493.66   -80042.0  -79965.429   76.139      0.0    
   7000     31694.19   11.0099     6.8258    10.9646     6.7872     1.103      0.098    3174.3234   540.0959  267099.87   53493.66   -80042.0  -79965.429   76.343      0.0    
   7100     32121.34   11.0099     6.8258    10.9646     6.7872      1.48      0.087    3216.0043   562.0302  267099.87   53493.66   -80042.0  -79965.429   76.618      0.0    
   7200     32546.61   11.0099     6.8258    10.9646     6.7872     1.282      0.0907   3235.9455   535.2333  267099.87   53493.66   -80042.0  -79965.429   76.788      0.0    
   7300     32973.64   11.0099     6.8258    10.9646     6.7872     1.2898     0.1414   3280.5788   469.5857  267099.87   53493.66   -80042.0  -79965.429   76.928      0.0    
   7400     33397.48   11.0099     6.8258    10.9646     6.7872     1.3828     0.0737   3361.5878   537.3135  267099.87   53493.66   -80042.0  -79965.429   77.066      0.0    
   7500     33822.49   11.0099     6.8258    10.9646     6.7872     2.0077     0.0878   3448.4826   544.7276  267099.87   53493.66   -80043.0  -79965.429   77.269      0.0    
   7600     34247.16   11.0099     6.8258    10.9646     6.7872     2.2254     0.0642   3637.9457   643.2705  267099.87   53493.66   -80043.0  -79965.429   77.452      0.0    
   7700     34673.6    11.0099     6.8258    10.9646     6.7872     1.5845     0.1448   3655.9394   572.1992  267099.87   53493.66   -80043.0  -79965.429   77.629      0.0    
   7800     35098.44   11.0099     6.8258    10.9646     6.7872     1.313      0.1258   3757.9136   650.6989  267099.87   53493.66   -80043.0  -79965.429   77.794      0.0    
   7900     35524.39   11.0099     6.8258    10.9646     6.7872     3.1326     0.1498   4467.1049   657.509   267099.87   53493.66   -80043.0  -79965.429   78.016      0.0    
   8000     35952.89   11.0099     6.8258    10.9646     6.7872     1.3066     0.0949   3981.8619   583.928   267099.87   53493.66   -80044.0  -79965.429   78.209      0.0    
   8100     36382.28   11.0099     6.8258    10.9646     6.7872      1.52      0.0907   4099.2663   639.7002  267099.87   53493.66   -80044.0  -79965.429   78.322      0.0    
   8200     36810.79   11.0099     6.8258    10.9646     6.7872     2.002      0.1142   4337.4181   585.4106  267099.87   53493.66   -80044.0  -79965.429   78.517      0.0    
   8300     37243.86   11.0099     6.8258    10.9646     6.7872     1.5771     0.1046   4330.0267   681.5058  267099.87   53493.66   -80044.0  -79965.429   78.609      0.0    
   8400     37670.23   11.0099     6.8258    10.9646     6.7872     2.4735     0.0881   4663.4092   771.5254  267099.87   53493.66   -80045.0  -79965.429   79.083      0.0    
   8500     38092.64   11.0099     6.8258    10.9646     6.7872     1.3315     0.116    4689.7049   657.3256  267099.87   53493.66   -80045.0  -79965.429   79.276      0.0    
   8600     38520.41   11.0099     6.8258    10.9646     6.7872     2.2758     0.0993   4994.9874   938.6918  267099.87   53493.66   -80045.0  -79965.429   79.434      0.0    
   8700     38949.75   11.0099     6.8258    10.9646     6.7872     1.772      0.098    5086.9188   812.5814  267099.87   53493.66   -80045.0  -79965.429   79.712      0.0    
   8800     39381.86   11.0099     6.8258    10.9646     6.7872     2.6842     0.1137   5518.8303   911.4884  267099.87   53493.66   -80045.0  -79965.429    80.0       0.0    
   8900     39814.37   11.0099     6.8258    10.9646     6.7872     2.7871     0.0925   5842.5937   742.9483  267099.87   53493.66   -80046.0  -79965.429   80.149      0.0    
   9000     40244.13   11.0099     6.8258    10.9646     6.7872     2.6425     0.1191   6023.1471   900.1424  267099.87   53493.66   -80046.0  -79965.429   80.398      0.0    
   9100     40680.61   11.0099     6.8258    10.9646     6.7872     1.3703     0.0908    6081.161   869.8036  267099.87   53493.66   -80046.0  -79965.429   80.521      0.0    
   9200     41113.14   11.0099     6.8258    10.9646     6.7872     2.1278     0.1238   6414.7111   937.5489  267099.87   53493.66   -80046.0  -79965.429   80.668      0.0    
   9300     41542.59   11.0099     6.8258    10.9646     6.7872     2.4402     0.1267   7292.1869   972.568   267099.87   53493.66   -80046.0  -79965.429   80.813      0.0    
   9400     41969.6    11.0099     6.8258    10.9646     6.7872     2.1126     0.1069   7456.8918  1060.0866  267099.87   53493.66   -80046.0  -79965.429   80.992      0.0    
   9500     42395.86   11.0099     6.8258    10.9646     6.7872     2.3152     0.1281   7502.4281  1007.1367  267099.87   53493.66   -80047.0  -79965.429   81.162      0.0    
   9600     42826.38   11.0099     6.8258    10.9646     6.7872     1.7986     0.1098   7791.0081  1143.2438  267099.87   53493.66   -80047.0  -79965.429   81.322      0.0    
   9700     43251.04   11.0099     6.8258    10.9646     6.7872     1.9334     0.0859   8179.2704  1057.2551  267099.87   53493.66   -80047.0  -79965.429   81.498      0.0    
   9800     43676.44   11.0099     6.8258    10.9646     6.7872     2.1869     0.0838    8785.004  1257.6413  267099.87   53493.66   -80047.0  -79965.429   81.695      0.0    
   9900     44104.54   11.0099     6.8258    10.9646     6.7872     2.6239     0.0772   9327.5293  1234.5043  267099.87   53493.66   -80047.0  -79965.429   81.873      0.0    
  10000     44530.44   11.0099     6.8258    10.9646     6.7872     2.2812     0.1371   10109.8481 1334.2919  267099.87   53493.66   -80047.0  -79965.429   82.066      0.0    
  10100     44962.03   11.0099     6.8258    10.9646     6.7872     2.3659     0.1567   10804.7371  1451.763  267099.87   53493.66   -80048.0  -79965.429   82.304      0.0    
  10200     45391.24   11.0099     6.8258    10.9646     6.7872     2.7244     0.2043   11191.658  1625.7246  267099.87   53493.66   -80048.0  -79965.429   82.505      0.0    
  10300     45819.16   11.0099     6.8258    10.9646     6.7872     2.9433     0.1308   13194.3785 1793.4375  267099.87   53493.66   -80048.0  -79965.429   82.701      0.0    
  10400     46248.77   11.0099     6.8258    10.9646     6.7872     1.8231     0.1488   12352.6443 1649.0105  267099.87   53493.66   -80048.0  -79965.429   82.851      0.0    
  10500     46677.06   11.0099     6.8258    10.9646     6.7872     2.7178     0.1731   12617.6839 1375.4654  267099.87   53493.66   -80048.0  -79965.429   83.063      0.0    
  10600     47106.17   11.0099     6.8258    10.9646     6.7872     2.9126     0.1037   14608.4072 1992.6767  267099.87   53493.66   -80049.0  -79965.429   83.235      0.0    
  10700     47534.99   11.0099     6.8258    10.9646     6.7872     1.6265     0.1461   13791.8885  1345.876  267099.87   53493.66   -80049.0  -79965.429   83.493      0.0    
  10800     47966.12   11.0099     6.8258    10.9646     6.7872     2.6345     2.1799   15577.5136 2034.2772  267099.87   53493.66   -80049.0  -79965.429   83.698      0.0    
  10900     48393.6    11.0099     6.8258    10.9646     6.7872     2.2122     0.2838   16498.7601 2111.7491  267099.87   53493.66   -80049.0  -79965.429   83.942      0.0    
  11000     48821.13   11.0099     6.8258    10.9646     6.7872     2.7969     0.1727   17792.017  2201.9252  267099.87   53493.66   -80050.0  -79965.429   84.136      0.0    
  11100     49248.23   11.0099     6.8258    10.9646     6.7872     2.0555     0.0996   17959.1931 1939.1341  267099.87   53493.66   -80050.0  -79965.429   84.25       0.0    
  11200     49676.81   11.0099     6.8258    10.9646     6.7872     2.5756     0.141    18423.6984 1782.9609  267099.87   53493.66   -80050.0  -79965.429   84.476      0.0    
  11300     50106.62   11.0099     6.8258    10.9646     6.7872     2.4299     0.1746   20870.2036  2438.998  267099.87   53493.66   -80050.0  -79965.429   84.685      0.0    
  11400     50535.26   11.0099     6.8258    10.9646     6.7872     2.6071     0.2742   21858.8682 2069.0823  267099.87   53493.66   -80050.0  -79965.429   84.941      0.0    
  11500     50962.05   11.0099     6.8258    10.9646     6.7872      3.02      0.128    22971.6188 2454.0952  267099.87   53493.66   -80051.0  -79965.429   85.097      0.0    
  11600     51387.89   11.0099     6.8258    10.9646     6.7872     2.0627     0.1622   21958.1087 2449.3195  267099.87   53493.66   -80051.0  -79965.429   85.244      0.0    
  11700     51811.43   11.0099     6.8258    10.9646     6.7872     2.7725     0.1318   24281.2861 2230.5848  267099.87   53493.66   -80051.0  -79965.429   85.481      0.0    
  11800     52234.71   11.0099     6.8258    10.9646     6.7872     2.6439     0.1463   27210.9149 2886.2821  267099.87   53493.66   -80051.0  -79965.429   85.625      0.0    
  11900     52658.24   11.0099     6.8258    10.9646     6.7872     2.6897     0.188    28120.244  2463.5351  267099.87   53493.66   -80051.0  -79965.429   85.748      0.0    
  12000     53084.74   11.0099     6.8258    10.9646     6.7872     2.2179     0.3222   26665.4521  2418.043  267099.87   53493.66   -80051.0  -79965.429   85.928      0.0    
  12100     53513.65   11.0099     6.8258    10.9646     6.7872     2.5542     0.555    28637.5188 3215.2377  267099.87   53493.66   -80052.0  -79965.429   86.078      0.0    
  12200     53943.47   11.0099     6.8258    10.9646     6.7872     2.9032     0.157    32715.5483 2704.0021  267099.87   53493.66   -80052.0  -79965.429   86.253      0.0    
  12300     54373.42   11.0099     6.8258    10.9646     6.7872     2.2088     0.1477    31246.37  2345.7987  267099.87   53493.66   -80052.0  -79965.429   86.38       0.0    
  12400     54802.23   11.0099     6.8258    10.9646     6.7872     2.2308     0.1755   33367.6698 2489.0038  267099.87   53493.66   -80052.0  -79965.429   86.51       0.0    
  12500     55228.05   11.0099     6.8258    10.9646     6.7872     2.716      2.6617   33331.4241 3541.3331  267099.87   53493.66   -80052.0  -79965.429   86.658      0.0    
  12600     55656.44   11.0099     6.8258    10.9646     6.7872     2.8344     1.3122   38914.6937 3229.5564  267099.87   53493.66   -80052.0  -79965.429   86.805      0.0    
  12700     56085.87   11.0099     6.8258    10.9646     6.7872     2.6127     0.6367   41300.948  4015.4266  267099.87   53493.66   -80052.0  -79965.429   86.94       0.0    
  12800     56510.2    11.0099     6.8258    10.9646     6.7872      2.67      0.9853   40565.7844 3421.8146  267099.87   53493.66   -80053.0  -79965.429   87.113      0.0    
  12900     56933.14   11.0099     6.8258    10.9646     6.7872     2.0675     0.3275   37935.561  4043.2873  267099.87   53493.66   -80053.0  -79965.429   87.255      0.0    
  13000     57359.75   11.0099     6.8258    10.9646     6.7872     2.4469     0.2368   40690.0563  3660.897  267099.87   53493.66   -80053.0  -79965.429   87.374      0.0    
  13100     57784.32   11.0099     6.8258    10.9646     6.7872     2.9128     0.2178   44355.4925 3973.9703  267099.87   53493.66   -80053.0  -79965.429   87.504      0.0    
  13200     58208.12   11.0099     6.8258    10.9646     6.7872     2.4145     0.466    46301.0894 4362.1621  267099.87   53493.66   -80053.0  -79965.429   87.635      0.0    
  13300     58631.06   11.0099     6.8258    10.9646     6.7872     2.4991     1.0318   48976.6486 3418.4798  267099.87   53493.66   -80053.0  -79965.429   87.736      0.0    
  13400     59057.13   11.0099     6.8258    10.9646     6.7872     2.7692     0.5748   55692.0613 3767.2942  267099.87   53493.66   -80053.0  -79965.429   87.902      0.0    
  13500     59479.43   11.0099     6.8258    10.9646     6.7872     2.3183     0.5783   53360.2605  4656.19   267099.87   53493.66   -80053.0  -79965.429   88.001      0.0    
  13600     59902.17   11.0099     6.8258    10.9646     6.7872     2.1724     8.998    50631.8923 4823.7548  267099.87   53493.66   -80054.0  -79965.429   88.12       0.0    
  13700     60328.83   11.0099     6.8258    10.9646     6.7872     2.7873     0.2836   57865.7879 4294.2404  267099.87   53493.66   -80054.0  -79965.429   88.217      0.0    
  13800     60750.69   11.0099     6.8258    10.9646     6.7872     2.6289     0.8309   59215.3936 4644.9273  267099.87   53493.66   -80054.0  -79965.429   88.271      0.0    
  13900     61176.08   11.0099     6.8258    10.9646     6.7872     2.5821     0.8988   59799.3462 5036.8859  267099.87   53493.66   -80054.0  -79965.429   88.468      0.0    
  14000     61601.13   11.0099     6.8258    10.9646     6.7872     2.2342     1.1961   60366.3202 4747.1244  267099.87   53493.66   -80054.0  -79965.429   88.691      0.0    
  14100     62027.77   11.0099     6.8258    10.9646     6.7872     2.2423     0.5459   64321.7973 4905.7806  267099.87   53493.66   -80054.0  -79965.429   88.786      0.0    
  14200     62453.71   11.0099     6.8258    10.9646     6.7872     2.1499     1.5642   65687.4879 5236.3327  267099.87   53493.66   -80054.0  -79965.429   88.839      0.0    
  14300     62878.77   11.0099     6.8258    10.9646     6.7872      2.91      0.1819   67912.7567 6445.4021  267099.87   53493.66   -80054.0  -79965.429   88.956      0.0    
  14400     63302.88   11.0099     6.8258    10.9646     6.7872     2.7242     0.9964   72457.5153 4415.9953  267099.87   53493.66   -80055.0  -79965.429   89.105      0.0    
  14500     63730.81   11.0099     6.8258    10.9646     6.7872     2.3948     0.548    76488.975  5354.0434  267099.87   53493.66   -80055.0  -79965.429   89.224      0.0    
  14600     64157.46   11.0099     6.8258    10.9646     6.7872     2.2774     0.3046   75363.7038 6333.4997  267099.87   53493.66   -80055.0  -79965.429   89.322      0.0    
  14700     64581.52   11.0099     6.8258    10.9646     6.7872     2.8336     0.2512   81085.2689 5222.0471  267099.87   53493.66   -80055.0  -79965.429   89.387      0.0    
  14800     65006.43   11.0099     6.8258    10.9646     6.7872     2.2546     1.4481   80195.5146 7311.2361  267099.87   53493.66   -80055.0  -79965.429   89.451      0.0    
  14900     65438.57   11.0099     6.8258    10.9646     6.7872     2.3623     4.9455   79847.6023 7711.0023  267099.87   53493.66   -80055.0  -79965.429   89.472      0.0    
  15000     65872.86   11.0099     6.8258    10.9646     6.7872     2.2852     0.6856   76902.562  6234.7483  267099.87   53493.66   -80054.0  -79965.429   89.063      0.0    
  15100     66302.4    11.0099     6.8258    10.9646     6.7872     2.5301     3.4687   82003.2572  4504.398  267099.87   53493.66   -80055.0  -79965.429   89.937      0.0    
  15200     66728.37   11.0099     6.8258    10.9646     6.7872     2.686      0.7062   87538.0895  6727.127  267099.87   53493.66   -80056.0  -79965.429   90.099      0.0    
  15300     67161.16   11.0099     6.8258    10.9646     6.7872     2.0602     0.3018   80302.3759 7144.1417  267099.87   53493.66   -80056.0  -79965.429   90.153      0.0    
  15400     67591.03   11.0099     6.8258    10.9646     6.7872     2.2838     0.4383   86237.483  5873.7291  267099.87   53493.66   -80056.0  -79965.429   90.135      0.0    
  15500     68022.27   11.0099     6.8258    10.9646     6.7872     2.5019     0.2549   93736.0788 5443.3655  267099.87   53493.66   -80056.0  -79965.429   90.216      0.0    
  15600     68456.87   11.0099     6.8258    10.9646     6.7872     2.0807     0.5493   98808.5611 5911.8181  267099.87   53493.66   -80056.0  -79965.429   90.353      0.0    
  15700     68888.6    11.0099     6.8258    10.9646     6.7872     2.0762     0.6949   92055.2672  6780.133  267099.87   53493.66   -80056.0  -79965.429   90.455      0.0    
  15800     69322.34   11.0099     6.8258    10.9646     6.7872     2.0835     0.4143   88921.8912 7426.8606  267099.87   53493.66   -80056.0  -79965.429    90.5       0.0    
  15900     69757.74   11.0099     6.8258    10.9646     6.7872     2.4399     0.3391   98175.7617 6683.9441  267099.87   53493.66   -80056.0  -79965.429   90.563      0.0    
  16000     70190.51   11.0099     6.8258    10.9646     6.7872     2.3678     0.2567   103421.3402  7894.964  267099.87   53493.66   -80056.0  -79965.429   90.578      0.0    
[-53.903842    44.40044404 -38.76794507 -46.60545386  50.59710574
 -44.13167345 -47.8975412  -43.00324631  51.06927478 -46.93110842
 -57.23707949 -57.16846027 -44.94797295 -46.60436365  38.03390425
 -48.96105431  47.34101222 -52.67802807 -44.76090889 -51.5880034 ]
[ 44.53444911  46.82992183  51.86014794  51.84020611 -51.04241435
  50.60167314  50.83378527  50.72358627 -48.36389908  47.5970712
  46.4600602   46.97552951  49.16591819  51.26409891  15.89042276
  51.51984414 -48.99833473  50.68458619  46.8505414   49.58916127]
[ 46.02361666 -49.51802192  51.14693391  48.79479872  50.54739416
  50.55883509  51.17051441  50.41924603  49.4610461   50.38933804
  46.33403845  51.02247029  49.30819863  51.26371292  43.78569398
  48.24159986  50.85516223  52.4426926   53.4920341   49.29671546]
