Generating synthetic count valued data ... 
Generating synthetic  count valued data took:  17.831671953201294
max_count =  52  min count =  0
Evaluation for true params: 
 test_rsme | train_rsme | rel-te-err | rel-tr-err |  test_nll  |  train_nll |
2.6464995749 2.6289161265   1.51876      1.50536     163417.29    651123.47  
Using  0.05 of training data
Factorizing with max_iteration = 16000  fixing covariance?:  False
Tensor dimensions:  [50, 50, 50]
Optimization metrics: 
Using Ada Grad
Mean update scheme:  S
Covariance update :  N
Using diagonal covariance?:  False
Random start? True
k1 samples =  64  k2 samples =  128
eta =  1.0  cov eta =  1.0  sigma eta =  1
iteration |   time   |test_rsme |rel-te-err|train_rsme|rel-tr-err|   d_mean  |   d_cov  |avg_grad_m|avg_grad_c| test_nll | train_nll |    VLB   |  E-term  |    KL     
    0         1.86     10.4227     6.6668     10.378     6.6264     3.1623     0.8601     0.5786     0.5082   193730.89   38629.39   -66141.0  -66081.965   58.929   
    5        95.52     10.4327     6.6714    10.3751     6.623      3.1623     0.8601     5.0831     5.758    191890.12   38124.88   -65609.0  -65557.865   51.404   
    10       201.53    10.4421     6.6763    10.3657     6.612      3.1623     0.8601     9.9634    11.6525   188840.37   37242.02   -64844.0  -64799.276   44.569   
    20       329.27    10.4414     6.6708    10.2639     6.5384     3.1623     0.8601    27.5529    30.5636   181872.58   35444.82   -61796.0  -61760.067   36.198   
    50       525.13     9.975      6.3571     9.2554     5.8412     3.1623     0.7916    151.7506   136.9532  153141.77   27306.24   -42965.0  -42922.478   42.558   
   100       822.64     6.5818     3.9037     5.0816     3.1098     3.1165     0.2706    220.2924   212.7279   73752.55   11645.93   -13768.0  -13732.936   34.677   
   200      1230.53     5.571      3.2346     3.5759     2.1482     2.8013     0.162     42.2958    92.5373    61112.12   8983.36    -10865.0  -10835.38    30.072   
   300      1643.65     4.8909     2.8507     2.9275     1.7476     1.6393     0.1157    18.8031    90.0097    54857.47   8107.37    -9921.0   -9893.342    27.37    
   400      2055.73     4.6332     2.7082     2.7602     1.6392     1.4116     0.0945     16.884    90.9675    52967.58   7857.36    -9660.0   -9634.552    25.576   
   500      2468.65     4.4906     2.6387     2.6279     1.5562     1.2846     0.0808    15.5047    92.8907    51915.91   7723.25    -9533.0   -9508.745    24.157   
   600      2881.12     4.3691     2.5773     2.5542     1.5016     1.1313     0.0721    14.3936    94.3561    51072.47   7615.84    -9431.0   -9407.703    23.095   
   700      3296.74     4.2995     2.5417     2.4923     1.4686     0.8988     0.0647    13.4611    95.6299    50470.53   7555.89    -9357.0   -9335.057    22.283   
   800      3712.51     4.2474     2.5133     2.4536     1.4412     0.8286     0.0591    12.7012    96.8338    50120.19   7492.73    -9297.0   -9275.173    21.653   
   900      4126.39     4.207      2.4937     2.4207     1.4148     0.9453     0.0551    12.2822     97.774    49884.39    7466.1    -9270.0   -9248.911    21.131   
   1000     4540.73     4.1701     2.479      2.3919     1.3918     1.1854     0.0513    12.5693    98.2963    49623.51   7438.72    -9231.0   -9209.897    20.712   
   1100     4958.25     4.1441     2.4658     2.3792     1.3852     0.9928     0.0482    12.7343    99.3365    49446.91   7406.48    -9200.0   -9179.498    20.311   
   1200     5375.43     4.1249      2.46      2.3615     1.3692     0.8128     0.0458    12.7506    100.2072   49309.78   7389.68    -9203.0   -9182.855    20.016   
   1300     5792.98     4.0994     2.4481     2.3323     1.359      0.9398     0.0438    12.9847    100.5135   49235.36    7376.8    -9165.0   -9145.406    19.795   
   1400     6209.53     4.0847     2.4394     2.3079     1.3442     0.8252     0.0421    12.8725    101.7033   49065.65   7358.44    -9141.0   -9120.917    19.584   
   1500     6625.44     4.0717     2.4385     2.2977     1.3418     0.8042     0.0408     12.888    102.6122   49041.5    7343.46    -9142.0   -9123.008    19.409   
   1600     7037.58     4.0544     2.4282     2.2969     1.3368     0.7831     0.0396    12.8157    103.0353   48982.28   7332.39    -9132.0   -9113.009    19.28    
   1700     7449.66     4.0525     2.4291     2.278      1.3188     0.7351     0.0381     12.742    103.6373   48892.67   7319.97    -9129.0   -9109.489    19.134   
   1800     7862.94     4.0357     2.4181     2.2639     1.3156     0.8846     0.0373    12.2806    104.3554   48808.03   7303.91    -9079.0   -9059.717    19.036   
   1900     8278.88     4.0228     2.4068     2.2518     1.304      0.884      0.0364    12.0182    105.0731   48795.44   7283.42    -9085.0   -9066.328    18.939   
   2000     8696.21     4.0273     2.4095     2.2464     1.2994     0.7658     0.0356    12.3932    105.5513   48736.07    7281.3    -9070.0   -9051.282    18.872   
   2100      9111.2     4.0172     2.4044     2.241      1.3004     0.6753     0.0353    12.5778    106.0994   48688.37    7280.6    -9078.0   -9059.519    18.793   
   2200     9526.84     4.024      2.4098     2.2355     1.297      0.6223     0.0346    13.2396    106.7853   48767.28   7286.27    -9084.0   -9065.112    18.713   
   2300     9940.59     4.011      2.4024     2.2412     1.2988     0.647      0.0338    13.3834    107.3365   48728.31   7273.94    -9060.0    -9041.03    18.678   
   2400     10355.22    4.0064     2.399      2.2304     1.2894     0.6642     0.0338    13.1002    107.9566   48620.24   7267.42    -9069.0   -9050.782    18.633   
   2500     10768.13    4.0073     2.4022     2.2335     1.289      0.6946     0.0332    12.9609    108.4263   48527.54   7262.63    -9057.0   -9038.063    18.612   
   2600     11181.87    4.0116     2.4056     2.2095     1.2804     0.6464     0.0326    12.8581    109.3801   48488.68   7261.66    -9051.0   -9032.329    18.538   
   2700     11594.32    4.0051     2.4057     2.2147     1.2814     0.7516     0.0321    12.7965    109.9705   48466.1    7263.28    -9046.0   -9027.603    18.467   
   2800     12009.86    3.9951     2.3989     2.2061     1.2802     0.7751     0.0318    12.8514    110.5547   48512.42   7264.35    -9052.0   -9033.192    18.444   
   2900     12425.1     3.9893     2.3984     2.2125     1.283      0.6907     0.0317    12.9305    111.2134   48421.17   7251.88    -9044.0   -9025.968    18.444   
   3000     12836.25    4.0015     2.4094     2.2045     1.2886     0.6174     0.0313    13.0023    112.287    48484.51   7263.07    -9051.0    -9032.38    18.408   
   3100     13247.94    3.9995     2.4085     2.1995     1.288      0.6119     0.0311    13.6079    113.0459   48597.72   7271.39    -9074.0    -9055.75    18.355   
   3200     13657.3     3.9961     2.4079     2.1864     1.2786     0.7418     0.0313    13.8106    113.2008   48507.61   7256.44    -9057.0   -9038.182    18.35    
   3300     14068.62    3.9938     2.4029     2.194      1.2866     0.7704     0.0311    13.6794    114.0552   48564.39   7256.48    -9068.0   -9049.966    18.322   
   3400     14479.1     3.9877     2.401      2.1783     1.2668     0.6694     0.0312    13.5544    114.3898   48514.87    7246.9    -9058.0   -9039.271    18.316   
   3500     14888.47    3.9979     2.4046     2.1834     1.2754     0.5822     0.0311    13.5431    114.8227   48468.2     7248.1    -9034.0   -9015.922    18.33    
   3600     15298.75    3.9953     2.4012     2.1801      1.27      0.5796     0.0307    13.4511    115.5986   48511.99   7234.37    -9057.0   -9038.225    18.347   
   3700     15709.0     3.9956     2.4023     2.181      1.2728     0.6103     0.0308    13.5278    116.767    48490.26   7243.69    -9054.0   -9035.515    18.387   
   3800     16119.2     3.9918     2.3996     2.1838     1.2724     0.5808     0.0306    13.8973    117.7845   48509.28   7249.01    -9044.0    -9025.92    18.357   
   3900     16528.5     4.0049     2.4074     2.1908     1.2712     0.576      0.0306     14.538    118.7665   48539.0    7257.14    -9051.0   -9032.904    18.381   
   4000     16939.42    4.0001     2.4069     2.1919     1.2816     0.5901     0.0306    14.9362    119.7925   48566.7    7262.67    -9070.0   -9051.131    18.411   
   4100     17347.39    4.0049     2.4114     2.1978     1.2862     0.6183     0.0305    15.3538    120.5907   48595.48   7267.58    -9058.0   -9039.819    18.444   
   4200     17754.89    4.0047     2.4125     2.2092     1.2904     0.5973     0.0302    15.6131    121.1783   48561.36   7267.77    -9071.0   -9052.275    18.446   
   4300     18164.17     4.0       2.4116     2.2217     1.2996     0.6048     0.0305    15.8845    122.2806   48640.66    7267.3    -9059.0   -9040.822    18.489   
   4400     18571.77    4.0127     2.4189     2.2239     1.2926     0.6521     0.0306    16.0767    123.5432   48623.94   7273.38    -9079.0   -9060.596    18.507   
   4500     18978.71    4.0221     2.4252     2.2342     1.3076     0.6385     0.0304    16.4843    125.0999   48658.7    7275.17    -9083.0   -9063.932    18.572   
   4600     19385.83    4.0275     2.4307     2.2353     1.305      0.6494     0.0302    16.7245    126.6909   48752.72   7279.94    -9102.0   -9083.236    18.635   
   4700     19793.06    4.0292     2.4282     2.2417     1.3088     0.643      0.0304    16.9321    127.7307   48756.15   7288.61    -9098.0   -9078.921    18.638   
   4800     20201.12    4.0331     2.437      2.2425     1.3166     0.6369     0.0303    17.8633    129.0962   48838.85   7299.56    -9133.0   -9114.302    18.693   
   4900     20610.87    4.0413     2.4377     2.258      1.3276     0.6228     0.0303     18.114    130.559    48833.52   7297.69    -9135.0   -9115.865    18.778   
   5000     21022.43    4.0469     2.4435     2.2702     1.3394     0.5898     0.0304    19.2688    131.917    49003.46   7315.63    -9140.0   -9121.344    18.829   
   5100     21435.75    4.0711     2.4576     2.2825     1.3436     0.6192     0.0306    19.9897    133.975    49115.47   7333.08    -9158.0   -9139.128    18.898   
   5200     21847.01    4.0771     2.4643     2.3044     1.354      0.6476     0.0304     20.74     136.0259   49155.91   7334.73    -9171.0    -9152.47    19.015   
   5300     22256.19    4.0883     2.4705     2.3247     1.374      0.6806     0.0308     21.305    138.5395   49227.08   7354.62    -9202.0   -9182.778    19.123   
   5400     22666.43    4.1123     2.4887     2.3413     1.3812     0.6997     0.0308    22.3534    141.1747   49363.44   7372.92    -9212.0   -9193.068    19.266   
   5500     23075.39    4.145      2.5116     2.3995     1.4196     0.6592     0.031     23.6036    144.0548   49556.84   7402.38    -9263.0   -9244.072    19.418   
   5600     23488.62    4.1926     2.5389     2.4422     1.4524     0.6715     0.0311    25.7063    147.5599   49841.3    7455.69    -9339.0   -9319.826    19.641   
   5700     23897.79    4.2227     2.5586     2.4783     1.4712     0.7195     0.0314    27.5813    151.6985   50169.06   7501.65    -9418.0   -9398.555    19.833   
   5800     24308.44    4.2905     2.6024     2.5824     1.5498     0.7683     0.0316    30.7487    157.7846   50662.79   7601.63    -9514.0   -9493.957    20.087   
   5900     24717.57    4.369      2.6565     2.6886     1.6196     0.8014     0.032     35.0112    163.6029   51125.32   7674.08    -9651.0   -9630.467    20.344   
   6000     25128.33    4.517      2.7498     2.8798     1.731      0.8336     0.0321    39.5756    174.588    52042.55   7817.07    -9847.0   -9826.712    20.761   
   6100     25538.35    4.7513     2.8984     3.1993     1.9444     0.9181     0.0327    47.7677    191.8106   53648.97   8113.29    -10265.0  -10243.305   21.286   
   6200     25947.86    5.2976     3.2375     3.8819     2.3664     1.0555     0.0332     63.279    223.9817   57022.73   8731.78    -11088.0  -11066.055   21.994   
   6300     26356.82    6.5131     3.965      5.2721     3.1906     1.2806     0.0355    93.0135    286.908    64079.2    10025.01   -12887.0  -12863.993   23.267   
   6400     26766.5    10.1136     6.0361     9.0096     5.2744      1.7       0.0513    168.419    442.6747   84342.92   14000.95   -18095.0  -18069.82    25.512   
   6500     27179.36   16.7805    10.0562    15.5963     9.1942     2.1235     0.0768    308.0112   721.5912  121828.54   21773.03   -29062.0  -29033.002   28.873   
   6600     27590.54   25.8814    15.4762    24.1746    14.2908     2.3071     0.0871    480.6168  1135.3239  159724.87   29742.28   -47435.0  -47402.227   33.148   
   6700     27999.42   43.3123     26.745    40.6919    24.9702     2.3118     0.0763    720.4534  1595.2591  203779.57   38247.4    -85524.0  -85486.736   37.379   
   6800     28405.06   61.4634    37.4915    57.6363    34.8072     2.3594     0.0689    741.0727  1982.0636  219204.09   41426.62  -126190.0  -126148.04   41.628   
   6900     28810.09   82.5721    48.4858    77.2767    44.8198     2.4167     0.0634    836.2201  2281.8193  229000.14   43843.27  -169544.0  -169498.776   45.558   
   7000     29214.05   87.5084    46.1958    81.6232     42.096     2.4755     0.0581    879.261   2704.7693  223296.54   43034.06  -161898.0  -161848.934   49.098   
   7100     29616.71    71.833    30.3248    66.7486    27.5358     2.4152     0.0563   1020.9662  3175.5317  220299.78   43198.93  -113793.0  -113741.097   52.129   
   7200     30019.49   43.3347    15.9253    38.8533    14.3432     2.1682     0.0478   1174.8573  3330.2587  241188.06   47681.28   -77728.0  -77673.108   54.689   
   7300     30421.52   18.5374     8.0484    16.0505     7.6278     1.9934     0.0421   1274.1341  3269.6337  251787.75   50259.17   -72127.0  -72070.378   56.83    
   7400     30822.53   11.2005     6.8383    11.0078     6.7552     1.8692     0.0405   1342.3461  2866.6565  265564.48   53095.63   -78752.0  -78693.373   58.767   
   7500     31219.72    11.005     6.8241     10.957     6.7838     1.9795     0.0464    1512.881  2343.3119   267037.3   53479.72   -79968.0  -79907.881   60.574   
   7600     31613.76   11.0099     6.8258    10.9646     6.7872     2.0792     0.059    1737.3427  1823.2595  267099.87   53493.66   -80028.0  -79965.429   62.282   
   7700     32006.57   11.0099     6.8258    10.9646     6.7872     2.0794     0.0598   2013.3648  1400.2091  267099.87   53493.66   -80029.0  -79965.429   63.869   
   7800     32400.63   11.0099     6.8258    10.9646     6.7872     2.0674     0.0593    2325.929  1187.4208  267099.87   53493.66   -80031.0  -79965.429   65.345   
   7900     32794.4    11.0099     6.8258    10.9646     6.7872     2.0054     0.0649   2663.8772   922.3767  267099.87   53493.66   -80032.0  -79965.429   66.724   
   8000     33185.48   11.0099     6.8258    10.9646     6.7872     1.9421     0.0676   2983.6234   824.7101  267099.87   53493.66   -80033.0  -79965.429   67.956   
   8100     33576.29   11.0099     6.8258    10.9646     6.7872     1.8591     0.0669   3257.8503   790.4102  267099.87   53493.66   -80034.0  -79965.429   69.069   
   8200     33970.13   11.0099     6.8258    10.9646     6.7872     1.8281     0.0711   3472.1791   664.7826  267099.87   53493.66   -80035.0  -79965.429   70.038   
   8300     34360.29   11.0099     6.8258    10.9646     6.7872     1.7724     0.0782   3590.9318   596.1707  267099.87   53493.66   -80036.0  -79965.429   70.896   
   8400     34751.58   11.0099     6.8258    10.9646     6.7872     1.5771     0.0742    3675.659   659.5758  267099.87   53493.66   -80037.0  -79965.429   71.66    
   8500     35142.12   11.0099     6.8258    10.9646     6.7872     1.4951     0.0811   3717.3638   619.1755  267099.87   53493.66   -80038.0  -79965.429   72.396   
   8600     35536.37   11.0099     6.8258    10.9646     6.7872     1.4439     0.0686   3762.7415   631.4608  267099.87   53493.66   -80038.0  -79965.429   73.01    
   8700     35931.25   11.0099     6.8258    10.9646     6.7872     1.3627     0.0693   3714.4647   553.8538  267099.87   53493.66   -80039.0  -79965.429   73.435   
   8800     36324.92   11.0099     6.8258    10.9646     6.7872     1.2604     0.0649   3684.0531   538.2021  267099.87   53493.66   -80039.0  -79965.429   73.982   
   8900     36721.88   11.0099     6.8258    10.9646     6.7872     1.2553     0.0519   3658.8808   604.7104  267099.87   53493.66   -80040.0  -79965.429   74.382   
   9000     37115.45   11.0099     6.8258    10.9646     6.7872     1.2067     0.0556   3611.8124   477.467   267099.87   53493.66   -80040.0  -79965.429   74.804   
   9100     37506.41   11.0099     6.8258    10.9646     6.7872     1.0922     0.0515   3536.7926   479.9369  267099.87   53493.66   -80041.0  -79965.429   75.124   
   9200     37898.1    11.0099     6.8258    10.9646     6.7872     1.0937     0.0527    3508.277   515.0649  267099.87   53493.66   -80041.0  -79965.429   75.486   
   9300     38292.19   11.0099     6.8258    10.9646     6.7872     1.0655     0.0574   3460.0941   578.9367  267099.87   53493.66   -80041.0  -79965.429   75.831   
   9400     38685.65   11.0099     6.8258    10.9646     6.7872     1.0598     0.0498   3349.7376   456.5333  267099.87   53493.66   -80041.0  -79965.429   76.037   
   9500     39081.97   11.0099     6.8258    10.9646     6.7872      0.98      0.0594   3338.5492   483.986   267099.87   53493.66   -80042.0  -79965.429   76.27    
   9600     39481.95   11.0099     6.8258    10.9646     6.7872     1.1194     0.0474   3357.7737   560.8326  267099.87   53493.66   -80042.0  -79965.429   76.487   
   9700     39881.32   11.0099     6.8258    10.9646     6.7872     1.025      0.0686   3275.1084   470.522   267099.87   53493.66   -80042.0  -79965.429   76.699   
   9800     40278.15   11.0099     6.8258    10.9646     6.7872     1.2284     0.0435   3219.9438   503.0038  267099.87   53493.66   -80042.0  -79965.429   76.958   
   9900     40679.01   11.0099     6.8258    10.9646     6.7872     1.0344     0.0674   3211.3079   496.3585  267099.87   53493.66   -80043.0  -79965.429   77.218   
  10000     41076.68   11.0099     6.8258    10.9646     6.7872     1.3466     0.053    3174.0494   582.0633  267099.87   53493.66   -80043.0  -79965.429   77.389   
  10100     41474.96   11.0099     6.8258    10.9646     6.7872     1.2969     0.0648   3137.6701   546.9919  267099.87   53493.66   -80043.0  -79965.429   77.527   
  10200     41873.33   11.0099     6.8258    10.9646     6.7872     0.8874     0.0563   3069.2489   480.391   267099.87   53493.66   -80043.0  -79965.429   77.665   
  10300     42268.22   11.0099     6.8258    10.9646     6.7872     1.1079     0.0931   3033.8143   523.1151  267099.87   53493.66   -80043.0  -79965.429   77.789   
  10400     42661.94   11.0099     6.8258    10.9646     6.7872     1.0094     0.0838   3030.1338   533.071   267099.87   53493.66   -80043.0  -79965.429   77.916   
  10500     43054.62   11.0099     6.8258    10.9646     6.7872     1.2755     0.0568   2976.7744   561.3795  267099.87   53493.66   -80043.0  -79965.429   78.039   
  10600     43448.0    11.0099     6.8258    10.9646     6.7872     1.2148     0.0496   2921.7183   444.4889  267099.87   53493.66   -80044.0  -79965.429   78.155   
  10700     43838.82   11.0099     6.8258    10.9646     6.7872     1.8638     0.0577   2889.6957   585.5931  267099.87   53493.66   -80044.0  -79965.429   78.276   
  10800     44233.23   11.0099     6.8258    10.9646     6.7872     1.5241     0.0504   2885.6079   502.6422  267099.87   53493.66   -80044.0  -79965.429   78.372   
  10900     44627.33   11.0099     6.8258    10.9646     6.7872     1.1254     0.0589   2861.1093   578.1687  267099.87   53493.66   -80044.0  -79965.429   78.466   
  11000     45020.41   11.0099     6.8258    10.9646     6.7872     0.7862     0.0643   2874.6704   493.9793  267099.87   53493.66   -80044.0  -79965.429   78.564   
  11100     45414.63   11.0099     6.8258    10.9646     6.7872     1.0734     0.0467    2947.732   522.9141  267099.87   53493.66   -80044.0  -79965.429   78.701   
  11200     45809.89   11.0099     6.8258    10.9646     6.7872     1.2433     0.0685   2991.4699   590.5681  267099.87   53493.66   -80044.0  -79965.429   78.788   
  11300     46204.63   11.0099     6.8258    10.9646     6.7872     1.1498     0.0703   3045.3342   701.9342  267099.87   53493.66   -80044.0  -79965.429   78.841   
  11400     46597.67   11.0099     6.8258    10.9646     6.7872     1.4864     0.0616   3037.1288   532.9193  267099.87   53493.66   -80044.0  -79965.429   79.05    
  11500     46989.72   11.0099     6.8258    10.9646     6.7872     1.184      0.0492    3048.228   616.2648  267099.87   53493.66   -80045.0  -79965.429   79.227   
  11600     47381.31   11.0099     6.8258    10.9646     6.7872     1.5889     0.0587   3145.7255   652.1857  267099.87   53493.66   -80045.0  -79965.429   79.379   
  11700     47775.36   11.0099     6.8258    10.9646     6.7872     0.8771     0.0504   3159.6365   604.2985  267099.87   53493.66   -80045.0  -79965.429   79.547   
  11800     48170.81   11.0099     6.8258    10.9646     6.7872     1.3705     0.0477   3273.4631   669.8642  267099.87   53493.66   -80045.0  -79965.429   79.674   
  11900     48564.07   11.0099     6.8258    10.9646     6.7872     1.0198     0.0519   3308.8822   646.1666  267099.87   53493.66   -80045.0  -79965.429   79.828   
  12000     48956.89   11.0099     6.8258    10.9646     6.7872     0.9851     0.0572   3360.2084   593.6796  267099.87   53493.66   -80045.0  -79965.429   79.996   
  12100     49351.02   11.0099     6.8258    10.9646     6.7872     1.5716     0.0551   3454.3892   749.6521  267099.87   53493.66   -80046.0  -79965.429   80.077   
  12200     49743.96   11.0099     6.8258    10.9646     6.7872     2.5829     0.0525   3613.9857   604.7288  267099.87   53493.66   -80046.0  -79965.429   80.098   
  12300     50136.75   11.0099     6.8258    10.9646     6.7872     1.3759     0.0585   3602.2227   733.2081  267099.87   53493.66   -80046.0  -79965.429   80.223   
  12400     50529.96   11.0099     6.8258    10.9646     6.7872     1.4533     0.0506   3675.2714   668.972   267099.87   53493.66   -80046.0  -79965.429   80.353   
  12500     50923.46   11.0099     6.8258    10.9646     6.7872     1.4679     0.0501   3789.1387   745.3046  267099.87   53493.66   -80046.0  -79965.429   80.485   
  12600     51318.12   11.0099     6.8258    10.9646     6.7872     2.0838     0.0641     4035.3    790.1886  267099.87   53493.66   -80046.0  -79965.429   80.608   
  12700     51709.66   11.0099     6.8258    10.9646     6.7872     2.5531     0.0407   4239.7283   762.1902  267099.87   53493.66   -80046.0  -79965.429   80.723   
  12800     52101.96   11.0099     6.8258    10.9646     6.7872     2.1759     0.0549   4365.6355   889.6752  267099.87   53493.66   -80046.0  -79965.429   80.856   
  12900     52493.67   11.0099     6.8258    10.9646     6.7872     2.3838     0.059    4262.7958   817.8316  267099.87   53493.66   -80046.0  -79965.429   80.994   
  13000     52886.55   11.0099     6.8258    10.9646     6.7872     1.1948     0.0547   4273.3442   745.0896  267099.87   53493.66   -80047.0  -79965.429   81.112   
  13100     53279.39   11.0099     6.8258    10.9646     6.7872     2.1995     0.0704   4635.7836   680.2071  267099.87   53493.66   -80047.0  -79965.429   81.209   
  13200     53673.55   11.0099     6.8258    10.9646     6.7872     3.0321     0.0486    5228.104   679.1893  267099.87   53493.66   -80047.0  -79965.429   81.364   
  13300     54067.78   11.0099     6.8258    10.9646     6.7872     2.8417     0.1495   5370.6178   940.9437  267099.87   53493.66   -80047.0  -79965.429   81.502   
  13400     54462.16   11.0099     6.8258    10.9646     6.7872     2.1872     0.0783   5256.4605   914.8852  267099.87   53493.66   -80047.0  -79965.429   81.647   
  13500     54855.18   11.0099     6.8258    10.9646     6.7872     2.1816     0.0712   5332.5041  1160.5977  267099.87   53493.66   -80047.0  -79965.429   81.773   
  13600     55247.68   11.0099     6.8258    10.9646     6.7872     2.595      0.071    5615.2621  1042.0315  267099.87   53493.66   -80047.0  -79965.429   81.912   
  13700     55640.27   11.0099     6.8258    10.9646     6.7872     2.6933      0.12     5911.574  1019.0322  267099.87   53493.66   -80048.0  -79965.429   82.09    
  13800     56035.04   11.0099     6.8258    10.9646     6.7872     2.8532     0.0932    6152.22   1218.7171  267099.87   53493.66   -80048.0  -79965.429   82.231   
  13900     56428.77   11.0099     6.8258    10.9646     6.7872      1.14      0.0638   5939.3673  1041.2881  267099.87   53493.66   -80048.0  -79965.429   82.343   
  14000     56820.32   11.0099     6.8258    10.9646     6.7872     2.1121     0.0507   6061.2006  1239.6224  267099.87   53493.66   -80048.0  -79965.429   82.494   
  14100     57212.48   11.0099     6.8258    10.9646     6.7872     2.5209     0.0526   6329.3683  1124.3559  267099.87   53493.66   -80048.0  -79965.429   82.658   
  14200     57604.54   11.0099     6.8258    10.9646     6.7872     1.8584     0.0816   6591.3452  1069.7585  267099.87   53493.66   -80048.0  -79965.429   82.784   
  14300     57995.83   11.0099     6.8258    10.9646     6.7872     2.3052     0.1696   7308.5518  1185.9444  267099.87   53493.66   -80048.0  -79965.429   82.924   
  14400     58387.93   11.0099     6.8258    10.9646     6.7872     1.6096     0.0511   7175.8949  1138.0273  267099.87   53493.66   -80048.0  -79965.429   83.051   
  14500     58780.37   11.0099     6.8258    10.9646     6.7872     1.6793     0.1305   7317.4636  1138.1673  267099.87   53493.66   -80049.0  -79965.429   83.195   
  14600     59173.79   11.0099     6.8258    10.9646     6.7872     2.8198     0.0831   8624.2083  1699.9386  267099.87   53493.66   -80049.0  -79965.429   83.327   
  14700     59565.68   11.0099     6.8258    10.9646     6.7872     3.0736     0.0648   9176.1317  1239.9977  267099.87   53493.66   -80049.0  -79965.429   83.461   
  14800     59958.94   11.0099     6.8258    10.9646     6.7872     2.8445     0.0448   9243.3629  1241.1677  267099.87   53493.66   -80049.0  -79965.429   83.617   
  14900     60354.93   11.0099     6.8258    10.9646     6.7872     2.4801     0.2853   9096.7918  1534.6674  267099.87   53493.66   -80049.0  -79965.429   83.758   
  15000     60748.46   11.0099     6.8258    10.9646     6.7872     2.3975     0.1461   9042.6339   1446.642  267099.87   53493.66   -80049.0  -79965.429   83.949   
  15100     61142.38   11.0099     6.8258    10.9646     6.7872     2.6647     0.0727   9389.6385  1372.9038  267099.87   53493.66   -80050.0  -79965.429   84.091   
  15200     61537.52   11.0099     6.8258    10.9646     6.7872     2.5716     0.0877   10162.8444  1373.513  267099.87   53493.66   -80050.0  -79965.429   84.233   
  15300     61931.01   11.0099     6.8258    10.9646     6.7872     2.0899     0.1377   10244.2358 1328.0232  267099.87   53493.66   -80050.0  -79965.429   84.376   
  15400     62324.17   11.0099     6.8258    10.9646     6.7872     2.0888     0.1697   10506.9033 1796.2675  267099.87   53493.66   -80050.0  -79965.429   84.524   
  15500     62718.97   11.0099     6.8258    10.9646     6.7872     2.7805     0.0698   11673.0103 1698.8308  267099.87   53493.66   -80050.0  -79965.429   84.682   
  15600     63112.56   11.0099     6.8258    10.9646     6.7872     2.6909     0.1023   12248.3776 1435.4291  267099.87   53493.66   -80050.0  -79965.429   84.867   
  15700     63506.59   11.0099     6.8258    10.9646     6.7872     2.8218     0.3158   13176.4156 2236.4926  267099.87   53493.66   -80050.0  -79965.429   85.014   
  15800     63900.75   11.0099     6.8258    10.9646     6.7872     2.6828     0.581    14328.2455 1774.7884  267099.87   53493.66   -80051.0  -79965.429   85.163   
  15900     64294.99   11.0099     6.8258    10.9646     6.7872     3.031      0.0803   15242.316  2098.8283  267099.87   53493.66   -80051.0  -79965.429   85.307   
  16000     64690.62   11.0099     6.8258    10.9646     6.7872     2.577      0.2792   17546.6248 2136.4799  267099.87   53493.66   -80051.0  -79965.429   85.453   
[-34.17330215 -38.6730133  -34.87085524 -28.44083656  42.6456444
  38.01749112 -28.85840258 -27.92369775  32.45005033 -33.04181642
 -37.71092452 -35.35373883 -28.09682266 -23.38533554 -18.08718712
 -26.74457017  34.12466458 -37.7494928   35.44733802 -32.29966512]
[ 34.03943165  35.88379671  33.39760569  33.27801519 -33.90569024
 -26.27746576  32.77053496  32.52370675 -29.53619204  34.93435392
  31.60350739  33.3595629   33.25315036  33.58248548  31.879199
  34.28990416 -34.53824048  32.86018765 -32.22483357  33.77823642]
[33.97424886 35.66707521 32.40012207 33.63940314 30.27940401 33.07946135
 35.21716147 34.11193073 35.92879642 34.46947782 34.58829854 31.12189185
 34.29216333 36.01330675 34.90688351 32.45461264 35.59421792 35.48426807
 36.70722418 36.36825736]
