Generating synthetic real valued data ... 
Generating synthetic  real valued data took:  9.222962856292725
Evaluation for true params: 
 test_rsme | train_rsme | rel-te-err | rel-tr-err |  test_nll  |  train_nll |
1204.1840809454 1202.4146785192 0.1004525332 0.0999811243  287434.61    1149937.97 
Using  0.25 of training data
Factorizing with max_iteration = 16000  fixing covariance?:  False
Tensor dimensions:  [50, 50, 50]
Optimization metrics: 
Using Ada Grad
Mean update scheme:  S
Covariance update :  N
Using diagonal covariance?:  False
Random start? True
k1 samples =  64  k2 samples =  128
eta =  1.0  cov eta =  1.0  sigma eta =  1
iteration |   time   |test_rsme |rel-te-err|train_rsme|rel-tr-err|   d_mean  |   d_cov  |avg_grad_m|avg_grad_c| test_nll | train_nll |    VLB   |  E-term  |    KL     
    0         1.39    10043.0537   0.9979   10055.5595   0.9979     3.1623     0.4025   449591.2475  214.2463  287823.14  287823.14  -287840.0  -287823.137   16.837   
    5        102.59   10038.3944   0.9974   10050.8545   0.9974     3.1623     0.4025   2958614.3047 1531.9583  287823.14  287823.14  -287841.0  -287823.137   18.031   
    10       205.32   10033.3015   0.9969   10045.6119   0.9969     3.1623     0.4025   5727325.7787 3324.0922  287823.14  287823.14  -287842.0  -287823.137   19.067   
    20       315.5    10020.7267   0.9956   10033.0327   0.9956     3.1623     0.4025   12382055.1893 8551.8775  287823.14  287823.14  -287844.0  -287823.137   20.812   
    50       454.2    9963.6028    0.9896   9976.1109    0.9896     3.1623     0.4025   41958936.0548 42519.4098 287823.14  287823.14  -287872.0  -287823.137   49.056   
   100       626.38   9793.4953    0.9719   9805.9963    0.972      3.0732     0.0012   93610785.5141 196040.3194 287823.14  287823.14  -287880.0  -287823.137   56.939   
   200       865.31   9105.0706    0.9003   9117.4969    0.9004     2.8177      0.0     232193936.437 1286811.4212 287823.14  287823.14  -287890.0  -287823.137   67.006   
   300      1104.77   7910.8604    0.7756   7923.1158    0.776      2.546       0.0     374319084.0317 4185639.1433 287823.14  287823.14  -287896.0  -287823.137   73.303   
   400      1343.72    6286.704    0.605    6298.4951    0.6056     2.2513      0.0     459858230.4179 9458288.7799 287823.14  287823.14  -287901.0  -287823.137   77.629   
   500      1582.82   4475.7575    0.4119   4486.7017    0.4127     1.877       0.0     447313728.2226 16858213.9739 287747.55  287764.83  -287898.0  -287817.394   80.646   
   600      1822.07   2883.8919    0.2411    2893.157    0.242      1.534       0.0     342650410.6011 24950755.3706  286340.7  286433.89  -287803.0  -287720.643   82.663   
   700      2061.25   1884.5535    0.1462   1890.1842    0.1466     1.0544      0.0     206596398.6734 31608539.0621 283463.47   283282.6  -287586.0  -287502.559   83.931   
   800      2295.03   1461.5134    0.1155   1462.0908    0.1154     0.738       0.0     104754881.1084 35743864.3727 281031.61  281236.08  -287460.0  -287375.793   84.687   
   900      2529.43   1325.0864    0.1079    1321.481    0.1076     0.532       0.0     53618090.4818 37859063.069 280153.35  280417.22  -287433.0  -287347.812   85.148   
   1000     2764.63   1278.2041    0.1058   1272.2238    0.1053     0.3734      0.0     30116314.9635 38870276.5125 280088.99  280051.44  -287384.0  -287298.951   85.446   
   1100      2999.0   1257.4122    0.1047   1249.5116    0.104      0.2864      0.0     23274630.2583 39297284.8662 279885.67  280114.19  -287411.0  -287324.863   85.69    
   1200     3233.67   1245.9454    0.104    1237.5847    0.1033     0.2313      0.0     17196764.453 39491468.5391 280062.92  279832.04  -287396.0  -287309.652   85.851   
   1300     3468.49   1239.7003    0.1036   1231.1145    0.1028     0.1895      0.0     15150493.5436 39546725.6459 279887.21   279766.8  -287395.0  -287309.283   85.967   
   1400      3702.9   1236.9437    0.1034   1227.5351    0.1025     0.1647      0.0     12667566.6139 39708746.7579 280219.09  279986.42  -287418.0  -287331.633   86.05    
   1500     3936.92   1235.1732    0.1033   1225.5991    0.1024     0.1484      0.0     12538342.0623 39644126.3199 280245.18  280027.38  -287385.0  -287298.723   86.102   
   1600     4170.84   1234.2087    0.1033    1224.436    0.1023     0.1407      0.0     11716613.8783 39740521.2166  280301.9  279900.81  -287413.0  -287326.387   86.128   
   1700     4404.57   1234.0893    0.1032   1223.9424    0.1023     0.1605      0.0     11415501.0105 39773637.2277 280247.16  279893.94  -287407.0  -287320.772   86.174   
   1800     4638.07   1233.4967    0.1031   1223.2863    0.1021     0.2183      0.0     11543120.5836 39688338.3793 280010.32  279605.98  -287380.0  -287294.225   86.197   
   1900     4872.44   1233.5743    0.1032   1223.0536    0.1022     0.1045      0.0     10204374.3888 39709358.7195 280063.79  279521.12  -287374.0  -287287.855   86.245   
   2000     5106.75   1233.3024    0.1031   1222.9531    0.1021     0.1457      0.0     11488245.7835 39689166.2618 280157.65  279510.37  -287373.0  -287286.296   86.262   
   2100     5341.09   1233.4677    0.1031   1222.9302    0.1021     0.1687      0.0     9967018.851 39715740.7539 280220.99   279657.1  -287382.0  -287295.502   86.251   
   2200      5576.1   1233.1651    0.103    1222.9308    0.102      0.1567      0.0     11205127.5631 39688169.1759  280074.3  279748.72  -287385.0  -287298.379   86.304   
   2300     5810.63   1233.1577    0.103    1222.8204    0.102      0.143       0.0     12723717.0899 39673266.3558 280117.19  279849.68  -287369.0  -287283.051   86.325   
   2400      6045.5   1232.8683    0.103    1222.6158    0.102      0.1338      0.0     10725149.0085 39708319.5419 280198.85  279790.86  -287392.0  -287306.13   86.294   
   2500     6278.87   1233.1906    0.103    1222.6291    0.102      0.1402      0.0     12064652.7482 39679575.1519 280041.32   279637.1  -287377.0  -287290.82   86.312   
   2600     6512.96   1233.1861    0.103    1222.7543    0.1021     0.1445      0.0     10398073.4754 39674316.4411 280326.81  279617.85  -287388.0  -287301.933   86.377   
   2700     6747.31   1233.3169    0.103    1222.7779    0.102      0.1757      0.0     11299419.364 39654391.6678 280041.45  279727.45  -287355.0  -287268.845   86.394   
   2800     6982.22   1233.1671    0.103    1222.7629    0.102      0.1625      0.0     11845596.9424 39661374.5434  280103.4   279747.3  -287379.0  -287292.225   86.364   
   2900     7216.89   1233.2952    0.103    1222.6885    0.102      0.1414      0.0     10253116.0302 39720156.7939 279827.84  279672.75  -287346.0  -287259.606   86.368   
   3000     7451.18   1233.1609    0.103    1222.6179    0.102      0.147       0.0     11916054.2214 39689858.1843 280030.65  279731.14  -287401.0  -287314.899   86.378   
   3100     7684.36   1232.6969    0.103    1222.5966    0.102      0.1516      0.0     11333477.19 39729072.2631 280089.58  279635.29  -287391.0  -287304.87   86.344   
   3200     7917.34    1233.099    0.103    1222.5796    0.102      0.2335      0.0     11452565.0122 39679262.4997 279964.03  279612.53  -287387.0  -287300.17   86.381   
   3300     8150.72   1233.1958    0.103    1222.6925    0.102      0.1257      0.0     11603020.4588 39675742.4208  280081.7  279603.21  -287381.0  -287294.63   86.387   
   3400     8385.51   1233.1174    0.1029   1222.6691    0.1019     0.136       0.0     9720584.8082 39657336.2214 279946.01  279409.23  -287372.0  -287285.614   86.345   
   3500     8617.75   1233.2998    0.103    1222.6291    0.102      0.1588      0.0     11430812.4607 39678139.3121  280221.8  279824.36  -287373.0  -287286.989   86.353   
   3600     8850.55   1233.0992    0.103    1222.6321    0.1021     0.1438      0.0     10294153.7595 39713520.7993 279942.68  279549.82  -287351.0  -287264.228   86.318   
   3700     9083.85   1233.1681    0.1031   1222.6121    0.102      0.1681      0.0     11777912.4563 39680860.2091 279995.66  279555.07  -287366.0  -287279.62   86.363   
   3800     9318.64   1233.2382    0.103    1222.4943    0.102      0.1284      0.0     11158883.5413 39641442.1468 280025.44  279697.26  -287359.0  -287273.013   86.356   
   3900     9553.22   1233.0513    0.103    1222.5073    0.102      0.1325      0.0     10215655.616 39629901.3995 279944.58  279573.15  -287397.0  -287310.78   86.357   
   4000     9786.53   1232.9055    0.103    1222.5794    0.102      0.1305      0.0     10926331.2089 39660471.7234 279977.25  279620.25  -287381.0  -287294.76   86.358   
   4100     10019.46   1232.807    0.103    1222.7771    0.102      0.1346      0.0     11540910.9819 39680669.2242 280043.14  279777.58  -287386.0  -287299.927   86.305   
   4200     10252.87   1232.768    0.103    1222.6514    0.102      0.1485      0.0     10479357.3455 39724805.5367 279791.41  279737.95  -287394.0  -287307.632   86.339   
   4300     10486.03    1232.4     0.1029    1222.635    0.102      0.1591      0.0     10421913.7589 39701159.7573 279942.83  279588.65  -287389.0  -287302.279   86.319   
   4400     10719.87  1232.8135    0.1029   1222.7346    0.102      0.1324      0.0     9371750.235 39682761.7073 279885.04  279815.41  -287379.0  -287292.464   86.323   
   4500     10953.86  1232.3954    0.1029   1222.6207    0.102      0.1438      0.0     11675452.9066 39677330.3763 279970.73  279604.91  -287355.0  -287269.087   86.304   
   4600     11188.28  1232.4087    0.1029   1222.6005    0.102      0.1335      0.0     11524383.729 39695102.8371 280100.84  279505.28  -287377.0  -287290.992   86.314   
   4700     11421.83  1232.6801    0.103    1222.6216    0.102      0.1092      0.0     10455110.0204 39694185.9063 279875.97  279717.07  -287366.0  -287279.418   86.321   
   4800     11656.29  1233.1974    0.1031   1222.6286    0.1021     0.1293      0.0     11443825.3418 39706678.474 280184.82  279794.74  -287405.0  -287319.069   86.34    
   4900     11891.48  1233.3873    0.1031   1222.6301    0.102      0.1282      0.0     10681103.9464 39698443.0528 279845.57  279863.82  -287368.0  -287281.231   86.353   
   5000     12125.75  1233.2638    0.1031   1222.4746    0.102      0.1772      0.0     12293567.6629 39665415.053 279986.64  279698.47  -287375.0  -287289.081   86.346   
   5100     12359.6   1233.2679    0.103    1222.5763    0.1019     0.1227      0.0     11129607.4736 39717586.1264 280116.36  279776.84  -287366.0  -287279.889   86.304   
   5200     12594.16  1233.2602    0.1031   1222.4942    0.102      0.1393      0.0     12212049.8524 39634139.5373 279843.41   279868.4  -287383.0  -287296.82   86.303   
   5300     12828.46  1232.9965    0.103    1222.4987    0.102      0.1359      0.0     11054474.1143 39740843.63 280026.54  279794.51  -287407.0  -287320.655   86.32    
   5400     13062.67  1232.7428    0.103    1222.6366    0.102      0.1222      0.0     11459420.4229 39649979.7561 280028.65  279787.86  -287382.0  -287295.411   86.302   
   5500     13296.05  1232.8624    0.103    1222.4655    0.102      0.1229      0.0     10344202.6664 39636370.5766 280080.36  279766.14  -287380.0  -287293.969   86.319   
   5600     13529.9   1233.3511    0.103    1222.4528    0.1019     0.1216      0.0     10165117.8351 39616407.6774 280202.85  279474.21  -287391.0  -287304.664   86.334   
   5700     13765.03  1233.5543    0.103    1222.3357    0.102      0.1409      0.0     11215056.2075 39618482.3443 280246.21  279578.83  -287368.0  -287281.591   86.339   
   5800     13999.42  1233.7079    0.103     1222.505    0.102      0.1177      0.0     10029773.0646 39705117.429 280165.83   279645.6  -287370.0  -287283.588   86.299   
   5900     14232.93  1233.4182    0.103    1222.4162    0.102      0.1662      0.0     10325855.9351 39646098.8201 279842.76  279539.28  -287394.0  -287307.436   86.315   
   6000     14467.91  1233.5001    0.1031   1222.5131    0.1021     0.1218      0.0     9771442.0681 39641983.8398 280143.46  279730.53  -287383.0  -287297.115   86.319   
   6100     14702.62  1233.2568    0.103    1222.3693    0.102      0.1393      0.0     11295100.1461 39708369.6027 280086.44  279562.01  -287404.0  -287318.148   86.321   
   6200     14936.01  1233.2343    0.103     1222.45     0.102      0.1365      0.0     11559718.6624 39656681.1386 280044.21  279835.71  -287383.0  -287296.74   86.377   
   6300     15170.04  1233.5096    0.1031   1222.4534    0.102      0.1575      0.0     9945270.0157 39772038.8319 280088.04   279479.4  -287401.0  -287314.59   86.405   
   6400     15404.79  1233.4081    0.1031   1222.4964    0.102      0.1817      0.0     11187234.5305 39690852.7844 280043.53  279540.93  -287391.0  -287304.3    86.409   
   6500     15639.33  1233.0048    0.103    1222.4976    0.102      0.1427      0.0     12138533.0461 39734378.7306 279974.77  279588.77  -287394.0  -287307.914   86.432   
   6600     15874.06  1233.2109    0.103    1222.5237    0.102      0.1451      0.0     11515833.0074 39686775.8098  280021.2  279456.32  -287364.0  -287277.087   86.419   
   6700     16106.31   1233.296    0.103    1222.4788    0.102      0.1427      0.0     10945658.0841 39685140.668 280038.08  279541.36  -287360.0  -287273.239   86.361   
   6800     16338.81  1233.5189    0.1031   1222.5604    0.102      0.1215      0.0     11001770.8025 39708903.6888  280054.3  279660.85  -287375.0  -287288.903   86.372   
   6900     16572.04  1233.6891    0.103    1222.5455    0.1019     0.1368      0.0     10383920.5898 39698086.9702 279904.26  279562.27  -287380.0  -287293.821   86.361   
   7000     16804.91  1234.0622    0.1031   1222.5898    0.102      0.1302      0.0     10664441.975 39694515.5248 279917.83  279669.76  -287355.0  -287268.899   86.377   
   7100     17038.4   1233.7167    0.1031   1222.3917    0.102      0.1215      0.0     11139009.4356 39667795.7686 279924.77  279574.93  -287370.0  -287283.103   86.407   
   7200     17271.01  1233.5779    0.1031   1222.3891    0.102      0.1516      0.0     10982673.8555 39681840.9046 280144.03  279477.36  -287385.0  -287298.73   86.402   
   7300     17503.3   1233.7516    0.103    1222.6319    0.1019     0.1257      0.0     10346213.3623 39628107.8563 279993.37  279296.49  -287344.0  -287257.229   86.393   
   7400     17737.18  1233.5362    0.103    1222.4454    0.1019     0.1525      0.0     10876676.9519 39675296.9401 280062.89  279560.93  -287365.0  -287278.955   86.377   
   7500     17969.44  1233.4315    0.103    1222.5364    0.1019     0.1818      0.0     10360851.1185 39686637.1014 280094.88  279646.48  -287373.0  -287286.483   86.413   
   7600     18201.35  1233.6772    0.103    1222.5692    0.102      0.1245      0.0     11790149.4663 39726969.5548 280136.16   279731.7  -287342.0  -287255.163   86.397   
   7700     18433.59   1233.209    0.103    1222.3454    0.102      0.132       0.0     9766659.2867 39703008.3518 280375.82  279703.36  -287336.0  -287249.983   86.392   
   7800     18665.91  1232.4148    0.103    1222.3418    0.1019     0.1338      0.0     10425714.1625 39698561.4783 280280.35  279496.65  -287379.0  -287292.998   86.357   
   7900     18898.23  1232.6117    0.103    1222.4712    0.1021     0.1332      0.0     11451848.9924 39709125.2714 279899.84  279513.41  -287348.0  -287261.804   86.366   
   8000     19130.21   1232.599    0.103    1222.3401    0.102      0.1196      0.0     10439855.4089 39695562.7335 280180.48  279719.64  -287364.0  -287278.07   86.362   
   8100     19362.62  1233.0609    0.1031   1222.2508    0.1021     0.1315      0.0     9647933.2423 39716397.064 280276.49   279755.0  -287369.0  -287282.232   86.325   
   8200     19594.88   1233.038    0.103    1222.2746    0.102      0.1548      0.0     10999357.8095 39716670.5541  280164.7  279809.17  -287391.0  -287304.148   86.355   
   8300     19827.15  1233.3946    0.1031    1222.419    0.102      0.1542      0.0     11412866.3081 39694473.4329 280202.23  279596.49  -287409.0  -287322.847   86.347   
   8400     20062.04  1233.3272    0.1031   1222.3274    0.102      0.1785      0.0     11063961.5422 39765100.1129 280098.95  279638.53  -287397.0  -287310.943   86.349   
   8500     20295.38  1233.4366    0.1031    1222.258    0.102      0.1347      0.0     10486281.9379 39719630.0974 280126.75  279744.76  -287391.0  -287304.518   86.333   
   8600     20529.38  1233.3254    0.1031   1222.2378    0.102      0.1316      0.0     11374923.4838 39729873.3622 280170.62  279659.27  -287410.0  -287324.051   86.302   
   8700     20764.48  1233.1917    0.103    1222.1175    0.102      0.1739      0.0     11516154.0936 39687461.8896 280049.51  279725.53  -287378.0  -287291.944   86.328   
   8800     20998.56  1233.5061    0.103    1222.1152    0.1019     0.1635      0.0     9937994.9809 39718154.0873 280197.97  279666.51  -287365.0  -287278.737   86.32    
   8900     21233.15  1233.4164    0.103    1222.1179    0.1019     0.1365      0.0     10704151.2634 39710058.297 279924.86  279770.02  -287363.0  -287277.069   86.305   
   9000     21467.35  1233.5794    0.1031   1222.1026    0.102      0.1396      0.0     9501734.9595 39689698.2745 280175.45  279726.19  -287376.0  -287289.898   86.319   
   9100     21700.68  1232.9577    0.103    1222.0653    0.102      0.1392      0.0     10683273.4265 39656107.7547 280213.97  279252.97  -287380.0  -287294.058   86.318   
   9200     21934.02  1233.4515    0.103    1222.2127    0.102      0.1308      0.0     10673656.8051 39723640.8364 280219.44   279484.3  -287377.0  -287291.122   86.355   
   9300     22168.09  1233.5415    0.103    1222.2952    0.102      0.1282      0.0     12139403.6085 39667227.664 280039.27  279662.42  -287379.0  -287292.373   86.383   
   9400     22402.2   1233.2592    0.103    1222.1584    0.1019     0.1331      0.0     11478204.7262 39688034.1193 280108.07  279612.12  -287389.0  -287302.282   86.374   
   9500     22637.17  1232.9503    0.103    1222.0811    0.102      0.1427      0.0     10229417.3687 39742241.7937 280107.36  279514.41  -287383.0  -287296.809   86.339   
   9600     22872.5   1232.6999    0.1029   1222.2813    0.1019     0.1838      0.0     11675634.5834 39653532.9601 280087.91  279405.77  -287372.0  -287285.402   86.319   
   9700     23106.64  1233.2327    0.1029   1222.1949    0.1019     0.1749      0.0     11540053.1336 39669336.6727 280097.93  279733.52  -287367.0  -287280.356   86.329   
   9800     23341.5   1233.6424    0.103    1222.1914    0.1019     0.1529      0.0     11346329.9541 39668576.7653 280009.81  279735.87  -287374.0  -287288.155   86.312   
   9900     23576.58  1233.9014    0.1031   1222.2298    0.1019     0.1376      0.0     11613754.3998 39732357.1242 280005.09  279655.56  -287374.0  -287287.535   86.339   
  10000     23811.38  1233.4295    0.1031   1222.1308    0.102      0.1096      0.0     11090740.9297 39671272.5071  280149.6  279516.81  -287377.0  -287291.126   86.333   
  10100     24045.79  1233.2875    0.103    1222.1761    0.102      0.1409      0.0     10624781.8743 39711027.0706 279897.35  279470.29  -287388.0  -287301.76   86.359   
  10200     24280.45   1233.094    0.1031    1222.149    0.102      0.1576      0.0     10303654.0686 39716324.2075 279951.25   279466.9  -287377.0  -287291.011   86.34    
  10300     24514.98  1232.7423    0.103     1222.199    0.1019     0.1291      0.0     11918265.1971 39694817.9709 279928.69   279539.3  -287408.0  -287321.598   86.313   
  10400     24749.94  1232.4611    0.1029    1222.069    0.102      0.1225      0.0     9971336.6984 39716211.2058 280136.22  279748.83  -287377.0  -287290.408   86.332   
  10500     24985.33  1232.7275    0.103    1222.0603    0.102      0.1435      0.0     11686210.0519 39745555.0328  280076.6  279851.06  -287359.0  -287273.052   86.336   
  10600     25220.33  1232.7805    0.103    1221.9661    0.1019     0.1508      0.0     10601186.1558 39718204.4158 280047.99  279683.73  -287376.0  -287289.986   86.368   
  10700     25455.55   1233.241    0.103    1221.9967    0.1019     0.1161      0.0     9981420.1678 39724640.8444 280045.05  279627.49  -287396.0  -287309.31   86.347   
  10800     25689.99  1233.0469    0.103    1222.0309    0.1019     0.1712      0.0     10855753.6911 39755825.8383 279902.19  279886.22  -287347.0  -287260.536   86.365   
  10900     25924.74  1233.2881    0.103    1222.0652    0.102      0.1447      0.0     11328940.0738 39666610.7661 280121.51  279858.22  -287400.0  -287313.866   86.354   
  11000     26159.5   1233.1437    0.103    1221.9735    0.102      0.1206      0.0     9515147.2455 39725585.0118 279954.22  279528.99  -287378.0  -287291.32   86.329   
  11100     26393.2   1233.0752    0.103     1222.065    0.1019     0.1188      0.0     11026967.3428 39698288.205 280279.38  279623.44  -287380.0  -287293.534   86.312   
  11200     26627.23   1233.046    0.103    1221.8965    0.1019     0.1218      0.0     8979465.6467 39693104.1879 280130.66  279448.05  -287373.0  -287286.353   86.339   
  11300     26860.46  1232.5629    0.1029   1221.9159    0.1019     0.121       0.0     10792625.7011 39671893.4075 279965.39   279551.5  -287387.0  -287300.235   86.341   
  11400     27093.92  1233.0413    0.1029   1222.0276    0.1019     0.1506      0.0     11230273.7913 39681402.6552 280178.38  279662.48  -287352.0  -287266.095   86.314   
  11500     27329.05  1232.7399    0.1029   1222.0412    0.1019     0.1658      0.0     10916928.8794 39653400.0785 279973.66  279405.92  -287396.0  -287309.447   86.331   
  11600     27563.26  1232.9623    0.103    1221.9893    0.1019     0.1275      0.0     9992537.5434 39692608.829 280232.25  279752.27  -287352.0  -287265.688   86.337   
  11700     27797.37  1232.6739    0.103    1221.9496    0.102      0.1235      0.0     11106465.4615 39692474.2872 279989.15  279665.58  -287384.0  -287297.483   86.331   
  11800     28030.84  1233.3887    0.1031   1222.1007    0.102      0.1235      0.0     10568968.7829 39686426.3396 279959.99  279556.07  -287368.0  -287281.504   86.292   
  11900     28265.12  1233.3233    0.103    1222.0597    0.1019     0.2056      0.0     10258544.1045 39613602.0335 280090.52  279623.46  -287339.0  -287252.438   86.33    
  12000     28499.2   1233.4361    0.103    1221.9262    0.1019     0.1325      0.0     10112720.9982 39740776.9808 280228.76  279710.52  -287386.0  -287299.944   86.345   
  12100     28732.89  1233.2699    0.1031   1221.8868    0.102      0.1747      0.0     10720476.7771 39753474.8566 280157.64  279819.88  -287400.0  -287313.888   86.333   
  12200     28966.75   1233.245    0.103    1221.9731    0.102      0.1262      0.0     9362102.9894 39704133.716 280158.18  279908.24  -287420.0  -287333.995   86.33    
  12300     29201.81  1233.1909    0.103    1221.9443    0.102      0.1468      0.0     12379282.2372 39743898.5587  279896.1  279414.19  -287380.0  -287293.193   86.379   
  12400     29436.38  1232.9437    0.103    1221.8131    0.1019     0.1438      0.0     11007956.3038 39695943.0879  279954.9  279568.78  -287374.0  -287288.044   86.381   
  12500     29670.84  1232.7402    0.103    1222.0073    0.102      0.1305      0.0     11263789.9143 39703782.5131 279965.03  279803.26  -287394.0  -287308.093   86.401   
  12600     29905.86  1233.0786    0.103    1221.9177    0.102      0.1438      0.0     11436034.7016 39675468.8403 280131.59  279725.58  -287377.0  -287290.963   86.379   
  12700     30141.32  1233.4523    0.103    1221.9599    0.1019     0.1748      0.0     10542869.899 39720563.4202 280066.99  279622.21  -287384.0  -287297.98   86.359   
  12800     30376.44  1233.8232    0.1031   1221.9114    0.102      0.1552      0.0     12577831.7162 39737794.0073 280103.89  279429.67  -287380.0  -287293.698   86.345   
  12900     30611.4   1233.5737    0.103     1221.953    0.1019     0.1332      0.0     10812793.384 39701031.3494 279836.68   279516.1  -287386.0  -287299.408   86.321   
  13000     30845.12  1233.3109    0.103    1221.9922    0.1019     0.1247      0.0     12186503.6729 39644114.3485 280025.54  279520.14  -287383.0  -287296.206    86.3    
  13100     31078.15  1233.5771    0.103     1221.917    0.1019     0.1664      0.0     11449766.9432 39685616.2661 279878.09  279550.97  -287365.0  -287278.534   86.315   
  13200     31311.2   1233.4095    0.103    1221.9529    0.1019     0.143       0.0     11256568.957 39657824.8287 279942.33  279761.29  -287366.0  -287280.139   86.324   
  13300     31544.57  1234.3067    0.1031   1222.0106    0.1019     0.1615      0.0     11067939.248 39670266.722 279915.68  279625.95  -287375.0  -287288.595   86.381   
  13400     31778.24  1233.7868    0.103    1221.9497    0.1018     0.1289      0.0     9338911.709 39657257.1123 280090.58  279994.89  -287375.0  -287288.78   86.352   
  13500     32011.22  1233.4376    0.103    1221.9174    0.1019     0.121       0.0     10298761.3933 39731571.3085 280130.22  279519.24  -287403.0  -287316.483   86.302   
  13600     32243.61  1233.1464    0.103    1221.9465    0.1019     0.1179      0.0     10126388.6093 39716190.2627 280188.39   279479.6  -287373.0  -287286.75   86.292   
  13700     32475.87  1233.3595    0.103    1221.8446    0.1019     0.1252      0.0     11628935.443 39617849.769 280094.45  279647.59  -287354.0  -287267.391   86.262   
  13800     32708.1   1233.1728    0.103    1221.8472    0.1019     0.1309      0.0     11433742.1896 39647552.033 280214.74  279547.77  -287376.0  -287289.354   86.246   
  13900     32940.19  1233.2412    0.103    1221.8584    0.1019     0.1114      0.0     10788638.2737 39688776.5291 279988.85  279496.18  -287386.0  -287299.832   86.231   
  14000     33172.22  1233.2822    0.103    1221.8458    0.1019     0.1468      0.0     11203173.4217 39704856.6073 280257.52  279606.68  -287410.0  -287323.409   86.27    
  14100     33405.4    1233.245    0.103    1221.9363    0.1019     0.115       0.0     10124086.6211 39636808.8063 280174.11  279809.37  -287386.0  -287299.985   86.313   
  14200     33638.12  1233.2118    0.103    1221.8615    0.1019     0.1677      0.0     11257218.9059 39703473.7406 280351.49  279665.46  -287384.0  -287298.134   86.351   
  14300     33871.12  1233.3602    0.1031   1221.8286    0.102      0.1087      0.0     11022137.2501 39661945.2129 280119.75  279732.95  -287371.0  -287285.005   86.332   
  14400     34102.89  1233.6082    0.1031   1221.6693    0.1019     0.1127      0.0     10781394.0497 39670474.247 280110.05  279560.84  -287398.0  -287311.582   86.355   
  14500     34335.24  1234.0043    0.1031   1221.7804    0.1019     0.1701      0.0     11752966.5372 39692862.7555 280064.72  279626.97  -287374.0  -287287.675   86.328   
  14600     34568.1    1233.589    0.103    1221.7788    0.1019     0.1678      0.0     12580598.6232 39716271.9554 280025.52   279693.9  -287375.0  -287288.827   86.317   
  14700     34800.44  1233.6166    0.103    1221.7513    0.1019     0.1469      0.0     10150483.806 39743033.1176 279825.57  279577.95  -287382.0  -287296.19   86.309   
  14800     35033.03  1233.5089    0.103    1221.7913    0.1019     0.203       0.0     10894084.4148 39695199.7934  280156.8  279633.38  -287414.0  -287327.463   86.338   
  14900     35265.11  1233.5977    0.1031   1221.7213    0.102      0.1644      0.0     10896237.9052 39673364.7643  279983.9  279592.75  -287400.0  -287313.32   86.315   
  15000     35497.95  1233.6357    0.1031   1221.8857    0.1019     0.1029      0.0     10629558.4656 39715489.2359 280118.16  279875.49  -287407.0  -287320.878   86.344   
  15100     35731.13  1233.5296    0.103    1221.7459    0.1019     0.1302      0.0     9486634.607 39693861.2034 280131.56  279706.94  -287384.0  -287297.915   86.344   
  15200     35963.5   1233.5447    0.103    1221.7637    0.1019     0.1388      0.0     12197799.3003 39703947.2702 280067.36  279769.94  -287386.0  -287299.76   86.32    
  15300     36196.68  1233.8033    0.1031   1221.8318    0.102      0.1339      0.0     9631286.3965 39684257.6611 280100.97  279761.69  -287389.0  -287302.682   86.326   
  15400     36428.82  1233.6193    0.1031   1221.6956    0.1019     0.1474      0.0     10566371.9583 39798916.4048 280205.75  279599.06  -287370.0  -287284.188   86.308   
  15500     36661.42  1233.7312    0.1031   1221.7371    0.1019     0.1455      0.0     11446798.2214 39686951.7996 279970.24  279644.48  -287378.0  -287292.021   86.303   
  15600     36893.6   1233.7267    0.1031   1221.6989    0.1019     0.1247      0.0     10716315.6936 39677592.6846 280015.46  279708.79  -287364.0  -287278.112   86.314   
  15700     37125.64  1233.0739    0.103    1221.5388    0.1018     0.1302      0.0     9713034.5406 39685162.065 280194.42  279720.97  -287384.0  -287297.489   86.261   
  15800     37357.42   1233.298    0.103    1221.6287    0.1019     0.1384      0.0     11981624.979 39682456.4837 280253.98  279704.07  -287401.0  -287314.731   86.255   
  15900     37589.59  1233.0376    0.103    1221.4802    0.1019     0.1335      0.0     10501960.1531 39687443.4711 280189.17  279837.85  -287385.0  -287298.639   86.239   
  16000     37822.23  1233.2323    0.103    1221.6223    0.1019     0.139       0.0     11305124.1436 39632470.5075 280022.42  279937.34  -287367.0  -287280.735   86.269   
[8.08565721 7.13678187 7.46142891 7.44010381 7.84943026 7.79258931
 8.17471147 7.95154313 7.94509023 7.90995642 8.58639838 8.84766949
 7.81806172 7.4011922  8.10121865 8.25676044 8.06592444 7.77281783
 7.67351724 8.03586754]
[7.81400774 7.13195736 8.17421338 8.2146901  7.72185052 8.01429272
 8.01781646 7.63926604 8.11193422 7.78581983 7.7610872  7.85521448
 7.87014723 7.82724495 7.86580461 7.65177844 8.2246195  8.2307219
 7.91583177 7.6458684 ]
[7.29345384 7.90411253 7.88962301 7.07321651 6.99989453 6.90861478
 7.69106484 6.77014746 7.57871484 7.16215252 7.08098336 6.95575544
 7.4545188  7.59817255 7.48455891 7.13802542 7.23166125 6.77616695
 7.05738041 7.06959544]
