Generating synthetic real valued data ... 
Generating synthetic  real valued data took:  8.287468433380127
Evaluation for true params: 
 test_rsme | train_rsme | rel-te-err | rel-tr-err |  test_nll  |  train_nll |
    0.0          0.0          0.0          0.0       287494.79    1149836.49 
Using  0.25 of training data
Factorizing with max_iteration = 16000  fixing covariance?:  False
Tensor dimensions:  [50, 50, 50]
Optimization metrics: 
Using Ada Grad
Mean update scheme:  S
Covariance update :  N
Using diagonal covariance?:  False
Random start? True
k1 samples =  64  k2 samples =  128
eta =  1.0  cov eta =  1.0  sigma eta =  1
iteration |   time   |test_rsme |rel-te-err|train_rsme|rel-tr-err|   d_mean  |   d_cov  |avg_grad_m|avg_grad_c| test_nll | train_nll |    VLB   |  E-term  |    KL     
    0         1.29    9980.4386    0.9978   9976.8252    0.9978     3.1623     0.4025   455862.5585  214.5916  287823.14  287823.14  -287840.0  -287823.137   17.138   
    5        103.88   9975.6153    0.9974   9971.9596    0.9974     3.1623     0.4025   3026681.9919 1577.2898  287823.14  287823.14  -287841.0  -287823.137   18.231   
    10       207.64    9970.36     0.9968   9966.5246    0.9968     3.1623     0.4025   5915738.416  3473.579  287823.14  287823.14  -287842.0  -287823.137   19.293   
    20       318.98   9957.4125    0.9955    9953.56     0.9955     3.1623     0.4025   12764238.8641 8958.8839  287823.14  287823.14  -287844.0  -287823.137   21.077   
    50       459.45   9898.7705    0.9896   9895.1874    0.9896     3.1623     0.4025   42934779.183 44194.9237 287823.14  287823.14  -287873.0  -287823.137   49.454   
   100       633.6    9725.3289    0.972    9721.7805    0.972      3.0702     0.0016   94543132.6504 199717.5815 287823.14  287823.14  -287880.0  -287823.137   57.231   
   200       875.25   9025.8367    0.901    9022.3334    0.901      2.8176      0.0     233789209.4709 1306517.6534 287823.14  287823.14  -287890.0  -287823.137   67.21    
   300      1117.54   7814.5642    0.778    7811.0468    0.7779     2.5328      0.0     375109997.4816 4224777.4998 287823.14  287823.14  -287897.0  -287823.137   73.471   
   400      1360.49   6162.7509    0.6099   6159.1554    0.6098     2.2328      0.0     459392940.6851 9519836.2152 287823.14  287823.14  -287901.0  -287823.137   77.751   
   500      1604.01   4302.0128    0.4199   4298.2828    0.4197     1.9042      0.0     445222994.5705 16935424.5641 287823.14  287823.14  -287904.0  -287823.137   80.741   
   600      1846.05   2615.9927    0.2461   2612.2404    0.2458     1.4936      0.0     338387154.9725 25002927.2483 287823.14  287823.14  -287906.0  -287823.137   82.747   
   700      2088.85   1445.4907    0.1238    1442.411    0.1234     1.1049      0.0     203894807.8254 31631747.3544 285277.45  285150.45  -287722.0  -287637.938   83.987   
   800      2330.07    823.7497    0.064     821.5874    0.0637     0.764       0.0     103557556.9429 35766767.0009 276459.27  276489.77  -287149.0  -287064.097   84.71    
   900      2573.26    540.5157    0.0415    539.1351    0.0412     0.519       0.0     51683571.2712 37871707.7828 269042.06  268237.65  -286631.0  -286545.929   85.16    
   1000     2812.96    411.0526    0.032     409.9054    0.0319     0.3834      0.0     27781274.891 38797911.1444 262858.65  263526.78  -286349.0  -286263.265   85.44    
   1100     3048.98    340.1326    0.0268    338.9584    0.0268     0.2945      0.0     18569287.6463 39245922.7919 258301.57  258647.41  -286028.0  -285942.695   85.625   
   1200     3281.71    297.2193    0.0236    295.8421    0.0235     0.2317      0.0     13408215.3634 39453472.0762 254512.19  254248.95  -285756.0  -285669.934   85.771   
   1300     3515.87    271.4913    0.0217    270.0241    0.0216     0.1676      0.0     9717445.3019 39530337.9673 251459.31   251217.3  -285543.0  -285456.623   85.881   
   1400     3750.89    255.7255    0.0205    254.1328    0.0204     0.1448      0.0     7663192.2856 39651570.6571  249072.8  249314.55  -285383.0  -285297.245   85.961   
   1500      3987.3    246.6778    0.0198    244.9297    0.0197     0.105       0.0     5544426.6822 39579980.5512 247676.61  247816.74  -285282.0  -285196.327   86.024   
   1600     4222.62    241.5819    0.0194    239.7577    0.0193     0.0985      0.0     4242720.7675 39614773.8352 247149.47  246688.98  -285197.0  -285110.748   86.072   
   1700     4462.18    238.5518    0.0191    236.6835    0.019      0.0691      0.0     3792549.0688 39597644.7523 246583.89   246211.1  -285210.0  -285123.764   86.101   
   1800     4700.15    236.8625    0.019     234.9113    0.0189     0.0591      0.0     2932599.6905 39642060.0975 246648.38   245769.4  -285143.0  -285056.647   86.125   
   1900     4938.64    235.7441    0.0189    233.7823    0.0188     0.0466      0.0     2779257.632 39647726.2891 246497.18  245887.51  -285156.0  -285069.44   86.143   
   2000     5175.61    235.0855    0.0189    233.1376    0.0188     0.0307      0.0     2461998.3138 39608366.4105 246329.57  245786.43  -285235.0  -285149.003   86.164   
   2100     5413.41    234.7441    0.0189    232.8455    0.0188     0.036       0.0     2092692.8835 39708449.1505 246197.48  245571.24  -285223.0  -285137.297   86.174   
   2200     5651.82    234.5658    0.0189    232.617     0.0187     0.0241      0.0     2019078.2677 39638501.1861 246258.88  245537.23  -285183.0  -285096.663   86.18    
   2300     5891.03    234.4618    0.0189    232.4767    0.0187     0.0344      0.0     2333028.6182 39700755.0928 246134.32  245599.44  -285156.0  -285069.881   86.189   
   2400     6130.84    234.3779    0.0188    232.3911    0.0187     0.0343      0.0     2356704.9868 39665924.8752 245890.45  245446.68  -285138.0  -285052.191   86.188   
   2500     6369.34    234.3965    0.0188    232.3568    0.0187     0.031       0.0     2354768.4811 39664263.7931 246480.51  245691.49  -285097.0  -285010.915   86.186   
   2600      6609.4    234.3394    0.0188    232.3272    0.0187     0.0253      0.0     2180344.1732 39666928.4342 246668.22  245802.24  -285164.0  -285077.635   86.192   
   2700      6850.1     234.33     0.0188    232.3047    0.0187     0.026       0.0     2146967.2552 39690229.6652 246024.03  245141.54  -285151.0  -285064.835   86.193   
   2800      7090.6    234.3396    0.0188    232.2954    0.0187     0.045       0.0     2157735.1834 39652818.9218  246284.1  245422.91  -285168.0  -285082.26   86.198   
   2900     7328.83    234.3302    0.0189    232.286     0.0187     0.0314      0.0     1911601.4553 39715574.7576 246674.69  245418.28  -285159.0  -285072.302   86.199   
   3000     7565.81    234.3414    0.0188    232.3069    0.0187     0.0277      0.0     2298267.8911 39647693.072 246223.48  245296.07  -285078.0  -284991.544    86.2    
   3100     7800.12    234.2833    0.0188    232.2882    0.0187     0.0223      0.0     1898332.4954 39639634.6335 246322.84  245795.86  -285140.0  -285053.305   86.203   
   3200     8034.04    234.3325    0.0189    232.2749    0.0187     0.0235      0.0     2218813.0757 39722325.6481 246331.41  245372.65  -285181.0  -285094.779   86.208   
   3300     8268.38    234.3323    0.0188    232.2561    0.0187     0.0298      0.0     1937723.7657 39653834.5027 246192.88   245549.6  -285147.0  -285060.485   86.219   
   3400      8505.1    234.3808    0.0189    232.2594    0.0187     0.027       0.0     2223619.1329 39645892.7815 246659.02  245541.89  -285109.0  -285022.557   86.218   
   3500     8740.86    234.3911    0.0189    232.2666    0.0187     0.0277      0.0     2084355.1905 39643761.2427 246813.46   245979.0  -285132.0  -285046.122   86.216   
   3600     8977.72    234.3175    0.0188    232.2414    0.0187     0.0199      0.0     1943302.2521 39678834.6479 246340.51   245592.5  -285147.0  -285060.836   86.215   
   3700     9217.02    234.2888    0.0188    232.2284    0.0187     0.0278      0.0     2152685.7261 39628046.0062 246340.01  245251.39  -285160.0  -285073.481   86.201   
   3800     9450.42    234.373     0.0189    232.2452    0.0187     0.0356      0.0     2197520.4814 39680135.0245 246577.07  245424.57  -285129.0  -285043.223   86.207   
   3900     9683.35    234.3382    0.0189    232.2669    0.0187     0.029       0.0     2044302.5634 39658700.1111 246860.73  245917.23  -285187.0  -285100.539   86.205   
   4000     9919.24    234.3491    0.0189    232.2583    0.0187     0.0295      0.0     2137239.8138 39672120.2114 246324.91  245708.07  -285051.0  -284965.215   86.208   
   4100     10152.62   234.3697    0.0189    232.2414    0.0187     0.0315      0.0     2150757.1485 39668711.3015 246478.22  245071.84  -285133.0  -285046.624   86.219   
   4200     10387.1    234.412     0.0189    232.2458    0.0187     0.0294      0.0     1944110.4244 39694992.3648 246200.13  245536.53  -285122.0  -285036.035   86.217   
   4300     10628.4    234.2849    0.0188    232.2284    0.0187     0.0281      0.0     2232686.9914 39651723.7874 246449.31  245972.95  -285132.0  -285045.876   86.215   
   4400     10862.33   234.2041    0.0188    232.2079    0.0187     0.0251      0.0     2024945.0198 39672731.8075 246248.39  245663.89  -285135.0  -285048.894   86.209   
   4500     11101.77   234.202     0.0188    232.2114    0.0187     0.022       0.0     1938504.1213 39768610.7929 246561.88  245794.27  -285170.0  -285084.181   86.207   
   4600     11340.01   234.284     0.0189    232.2223    0.0187     0.0316      0.0     1915287.2638 39700702.5558 246032.84  245313.69  -285130.0  -285043.979   86.198   
   4700     11576.98   234.2809    0.0188    232.2197    0.0187     0.0328      0.0     2100279.6178 39638564.4947 246484.11  245564.18  -285115.0  -285028.488   86.201   
   4800     11813.88   234.2223    0.0188    232.1973    0.0187     0.028       0.0     2347582.2769 39647296.8584  246311.4   245750.7  -285124.0  -285037.654   86.203   
   4900     12053.85   234.2473    0.0188    232.1755    0.0187     0.033       0.0     2240856.7488 39652247.8939 246572.37  245143.36  -285142.0  -285055.768   86.209   
   5000     12292.86   234.3142    0.0188    232.1849    0.0187     0.0238      0.0     2127848.8334 39647513.0921  246411.9  245601.96  -285080.0  -284994.008   86.208   
   5100     12533.75   234.2653    0.0188    232.1867    0.0187     0.035       0.0     2363766.532 39650844.1069 246460.38  245308.13  -285152.0  -285066.13   86.209   
   5200     12771.12   234.3321    0.0188    232.1821    0.0187     0.0269      0.0     2202828.8725 39652902.9857 246332.34  245262.78  -285176.0  -285089.302   86.206   
   5300     13008.16   234.314     0.0189    232.1524    0.0187     0.0238      0.0     2000258.1631 39641747.3337 246688.52  245150.65  -285097.0  -285010.773   86.205   
   5400     13247.36   234.2576    0.0188    232.1643    0.0187     0.0281      0.0     2172014.989 39642354.8114 246791.69  245780.92  -285194.0  -285107.386   86.205   
   5500     13488.11   234.2572    0.0188    232.1471    0.0187     0.0371      0.0     2116167.1312 39652321.1538 246060.86   245528.8  -285224.0  -285137.92   86.198   
   5600     13727.2    234.2814    0.0189    232.171     0.0187     0.0315      0.0     2121965.1416 39675835.1608 246227.96  245740.94  -285142.0  -285056.125   86.204   
   5700     13966.71   234.2618    0.0188    232.1412    0.0187     0.0249      0.0     2085538.7238 39618726.0154 246567.95  245774.14  -285179.0  -285093.223   86.209   
   5800     14206.14   234.1817    0.0188    232.1334    0.0187     0.0318      0.0     2110515.4391 39660302.1879 246245.78  245755.69  -285200.0  -285114.011   86.208   
   5900     14444.12   234.0899    0.0188    232.1239    0.0187     0.0347      0.0     2444353.2999 39714629.5894  246442.6  245228.67  -285223.0  -285136.344   86.207   
   6000     14681.16   234.0949    0.0188    232.1211    0.0187     0.0298      0.0     2298395.6604 39687912.2998 246004.56  245896.05  -285180.0  -285094.102   86.203   
   6100     14914.4    234.1699    0.0188    232.1192    0.0187     0.0302      0.0     2320013.5859 39665067.6827 246458.86  245710.38  -285166.0  -285079.593   86.196   
   6200     15151.6    234.208     0.0188    232.1116    0.0187     0.0285      0.0     2027275.5215 39636409.7026 246389.61  245337.97  -285136.0  -285050.152   86.194   
   6300     15387.07   234.2541    0.0188    232.1176    0.0187     0.028       0.0     2210996.0285 39639790.3556 246437.44  245712.67  -285141.0  -285054.645   86.198   
   6400     15620.21   234.3367    0.0189    232.1053    0.0187     0.0261      0.0     2126501.6643 39658954.8866 246413.32  245469.68  -285057.0  -284971.271   86.201   
   6500     15857.71   234.366     0.0188    232.1099    0.0187     0.0313      0.0     2225692.645 39697661.7039 246404.04  245589.67  -285168.0  -285081.477   86.197   
   6600     16094.83   234.3238    0.0188    232.0893    0.0187     0.0295      0.0     2142264.878 39687906.1491 245859.47  245418.73  -285149.0  -285062.588   86.202   
   6700     16329.42   234.2623    0.0188    232.0838    0.0187     0.025       0.0     1999619.2197 39604725.5995 246616.98  245926.31  -285152.0  -285065.693   86.198   
   6800     16565.6    234.2432    0.0188    232.0756    0.0187     0.0329      0.0     1938600.9849 39685764.1017 245959.86  245585.01  -285066.0  -284980.057   86.201   
   6900     16804.3    234.2536    0.0188    232.0885    0.0187     0.0236      0.0     2166354.5847 39627732.2861 246563.45  244855.33  -285130.0  -285044.116   86.204   
   7000     17043.26   234.2727    0.0188    232.1143    0.0187     0.0284      0.0     1987263.124 39667038.8336 246198.98  245193.83  -285108.0  -285022.232   86.199   
   7100     17281.56   234.2195    0.0188    232.104     0.0187     0.0417      0.0     2250779.4031 39667730.2387 246489.88  245387.82  -285175.0  -285089.186   86.197   
   7200     17520.45   234.2574    0.0188    232.1052    0.0187     0.0284      0.0     2069936.2581 39632354.1456 246551.21  245726.98  -285062.0  -284975.644   86.192   
   7300     17759.71   234.2817    0.0188    232.0893    0.0187     0.0274      0.0     2115623.2833 39616647.0185 246354.06  245539.41  -285072.0  -284985.432   86.198   
   7400     17998.22   234.2959    0.0189    232.0834    0.0187     0.0256      0.0     1878005.276 39707151.5122 246346.32  245147.94  -285125.0  -285038.31   86.191   
   7500     18236.76   234.2681    0.0189    232.0816    0.0187     0.0286      0.0     2126684.2446 39658851.6986 246647.88  244977.01  -285083.0  -284996.739   86.186   
   7600     18475.97   234.1767    0.0188    232.0598    0.0187     0.026       0.0     2111870.4645 39688363.7946 246822.79  245552.14  -285144.0  -285057.757   86.186   
   7700     18715.38   234.2875    0.0188    232.0861    0.0187     0.0275      0.0     2033848.6061 39683986.5077 246288.52  245248.46  -285124.0  -285037.881   86.198   
   7800     18952.04   234.2055    0.0188    232.089     0.0187     0.0334      0.0     2254227.1225 39677477.3702 246091.14  245378.05  -285116.0  -285029.857   86.206   
   7900     19189.01   234.1509    0.0188    232.0414    0.0187     0.0301      0.0     2091574.1645 39651328.5252 246594.59  245653.34  -285123.0  -285036.825   86.203   
   8000     19421.89    234.13     0.0188    232.0191    0.0187     0.0266      0.0     2008420.6583 39618471.6753 246309.38   245797.5  -285086.0  -284999.481    86.2    
   8100     19660.28   234.0661    0.0188    231.9949    0.0187     0.0331      0.0     2081250.75 39696245.3276 246904.67  245460.95  -285131.0  -285044.688   86.19    
