Generating synthetic real valued data ... 
Generating synthetic  real valued data took:  9.186767339706421
Evaluation for true params: 
 test_rsme | train_rsme | rel-te-err | rel-tr-err |  test_nll  |  train_nll |
1204.1840809454 1202.4146785192 0.1004525332 0.0999811243  278868.74    1115644.78 
Using  0.25 of training data
Factorizing with max_iteration = 16000  fixing covariance?:  False
Tensor dimensions:  [50, 50, 50]
Optimization metrics: 
Using Ada Grad
Mean update scheme:  S
Covariance update :  N
Using diagonal covariance?:  False
Random start? True
k1 samples =  64  k2 samples =  128
eta =  1.0  cov eta =  1.0  sigma eta =  1
iteration |   time   |test_rsme |rel-te-err|train_rsme|rel-tr-err|   d_mean  |   d_cov  |avg_grad_m|avg_grad_c| test_nll | train_nll |    VLB   |  E-term  |    KL     |   dw   |
    0         1.68    10043.0537   0.9979   10055.5595   0.9979     3.1623     0.4025   447558.5794  209.3036  287823.14  287823.14  -287840.0  -287823.137   16.837     0.0046  
    5        138.92   10038.3944   0.9974   10050.8545   0.9974     3.1623     0.4025   2951488.8832 1523.9913  287823.14  287823.14  -287841.0  -287823.137   18.031     0.0005  
    10       276.74   10033.3015   0.9969   10045.6119   0.9969     3.1623     0.4025   5713148.3708 3309.4146  287823.14  287823.14  -287842.0  -287823.137   19.067     0.0001  
    20       424.03   10020.7267   0.9956   10033.0327   0.9956     3.1623     0.4025   12402449.0272 8596.0795  287823.14  287823.14  -287844.0  -287823.137   20.812      0.0    
    50       606.44   9963.6022    0.9896   9976.1103    0.9896     3.1623     0.4025   42129066.5661 42909.683  287823.14  287823.14  -287872.0  -287823.137   49.112      0.0    
   100       827.81   9793.5971    0.9719   9806.0941    0.972      3.0755     0.0006   93532147.4721 194844.8964 287823.14  287823.14  -287880.0  -287823.137   56.948      0.0    
   200       1131.4   9105.2435    0.9003   9117.6701    0.9004     2.8258      0.0     232311783.9381 1289974.6541 287823.14  287823.14  -287890.0  -287823.137   67.015      0.0    
   300      1435.66   7911.9359    0.7758   7924.1133    0.7761     2.5571      0.0     373550988.0805 4183055.1291 287823.14  287823.14  -287896.0  -287823.137   73.323      0.0    
   400      1740.13   6287.9879    0.6051   6299.6095    0.6057     2.2399      0.0     459785873.7543 9443094.9603 287823.14  287823.14  -287901.0  -287823.137   77.623      0.0    
   500      2044.46   4477.8983    0.4121   4488.6221    0.4129     1.8902      0.0     446469658.8102 16854069.4063  287743.5  287766.24  -287899.0  -287818.719   80.647      0.0    
   600      2348.25   2889.9858    0.2418   2899.0356    0.2426     1.4828      0.0     339197938.7263 24924681.8975 286287.69  286293.38  -287797.0  -287714.452   82.661      0.0    
   700      2651.89   1889.0663    0.1466   1894.3412    0.1469     1.0855      0.0     205860121.0606 31579156.6262 283182.05  282938.72  -287588.0  -287504.355   83.929      0.0    
   800      2953.25   1463.5245    0.1156    1464.135    0.1155     0.7896      0.0     103529139.1155 35730380.0467 280845.77  280842.27  -287467.0  -287381.859   84.685      0.0    
   900      3254.61   1325.2882    0.108    1321.8587    0.1076     0.4742      0.0     51871746.0536 37840055.3436 279916.05  279699.95  -287424.0  -287338.384   85.154      0.0    
   1000     3557.81   1276.4671    0.1057   1270.5376    0.1051     0.3408      0.0     31407011.3344 38847382.4918 279628.39  279675.02  -287386.0  -287301.03   85.433      0.0    
   1100     3863.04   1255.8069    0.1046   1248.4726    0.104      0.3407      0.0     20573375.3493 39272147.6296 279711.21  279721.25  -287398.0  -287312.205   85.708      0.0    
   1200     4168.62   1245.8643    0.104    1237.4436    0.1032     0.2013      0.0     17037252.5928 39448651.2577 279725.06  279518.61  -287402.0  -287315.82   85.854      0.0    
   1300     4474.02   1240.4318    0.1036   1231.5564    0.1028     0.1809      0.0     16065570.5011 39474394.4616 279879.31  279640.58  -287407.0  -287320.874   85.95       0.0    
   1400     4778.49   1237.3575    0.1035    1227.778    0.1026     0.1891      0.0     14543215.2345 39554640.5857 279336.43  279726.46  -287398.0  -287311.665   86.012      0.0    
   1500     5079.98   1235.6543    0.1033    1225.855    0.1024     0.1654      0.0     13039026.2254 39683138.8961 279555.49  279508.43  -287412.0  -287326.064   86.08       0.0    
   1600     5380.87   1234.2678    0.1032   1224.5665    0.1023     0.1555      0.0     12387754.4068 39600218.2795 279720.62  279543.81  -287436.0  -287349.959   86.104      0.0    
   1700     5683.02   1233.3932    0.1031   1223.7379    0.1021     0.139       0.0     11924443.5322 39616646.4594 279834.43  279423.28  -287402.0  -287316.083   86.132      0.0    
   1800     5985.43   1233.0226    0.103    1223.3426    0.1021     0.1558      0.0     10872848.8031 39668229.8167 279731.68  279419.47  -287395.0  -287309.169   86.179      0.0    
   1900     6290.84   1232.8992    0.103    1223.1076    0.102      0.1395      0.0     11301327.8852 39641323.2597 279822.52  279342.56  -287397.0  -287310.934   86.204      0.0    
   2000     6596.48   1232.9142    0.103    1223.0569    0.102      0.1113      0.0     11040170.3812 39622650.6872 279665.89  279304.92  -287400.0  -287314.008   86.184      0.0    
   2100     6897.71   1232.9284    0.103    1222.8632    0.102      0.161       0.0     11729802.1543 39592148.1738 279521.15  279519.03  -287380.0  -287294.256   86.205      0.0    
   2200     7198.96    1232.387    0.103    1222.7385    0.102      0.127       0.0     10316671.4927 39678529.5327 279650.36  279296.61  -287384.0  -287297.642   86.216      0.0    
   2300     7500.04   1232.7375    0.103    1222.7725    0.102      0.1746      0.0     10788715.8585 39709741.4682 279745.36   279299.6  -287407.0  -287320.82   86.239      0.0    
   2400     7800.42   1232.9123    0.103    1222.8147    0.102      0.1263      0.0     11244120.0733 39687765.2548 279797.73  279419.65  -287379.0  -287293.157   86.272      0.0    
   2500     8100.72    1232.942    0.103    1222.7123    0.1019     0.1499      0.0     10179679.2097 39687701.6784 279846.31  279219.65  -287368.0  -287282.154   86.316      0.0    
   2600      8403.3   1233.6179    0.1031    1222.691    0.1019      0.18       0.0     11583759.7174 39616181.5819 280083.31  279214.07  -287384.0  -287297.8    86.344      0.0    
   2700     8711.76    1233.623    0.103    1222.6907    0.1019     0.1491      0.0     11146071.8198 39683027.3777  279724.6  279078.33  -287402.0  -287315.567   86.346      0.0    
   2800     9013.67   1234.0073    0.103    1222.7951    0.102      0.1491      0.0     11896830.2251 39659132.6316 279572.02  279300.12  -287357.0  -287271.112   86.344      0.0    
   2900     9316.42   1233.4602    0.1031    1222.792    0.102      0.1494      0.0     11387019.5793 39710375.6618 279526.58  279058.09  -287383.0  -287296.323   86.349      0.0    
   3000     9617.79   1233.1587    0.1031   1222.6507    0.1021     0.1457      0.0     10729457.2441 39740174.7663 279504.38  279177.48  -287368.0  -287281.534   86.316      0.0    
   3100     9923.42   1233.1218    0.103    1222.6975    0.102      0.1046      0.0     11193335.7552 39725412.6743 279611.21   279304.9  -287393.0  -287306.379   86.303      0.0    
   3200     10228.84  1233.1561    0.1031   1222.7637    0.102      0.1428      0.0     10386724.6378 39677951.3291 279654.58  279194.51  -287390.0  -287303.961   86.286      0.0    
   3300     10535.27  1233.4734    0.1031    1222.658    0.102      0.1418      0.0     10644092.9874 39705378.7274 279614.77  278972.48  -287377.0  -287291.131   86.288      0.0    
   3400     10836.26  1233.2699    0.103    1222.7264    0.1019     0.1241      0.0     10876178.1995 39716916.6982 279628.77  279303.09  -287355.0  -287268.17   86.366      0.0    
   3500     11138.01  1233.1037    0.1029   1222.6117    0.1019     0.1083      0.0     10918213.7807 39655241.7462 279717.14  279014.15  -287391.0  -287304.729   86.336      0.0    
   3600     11438.74   1233.795    0.1029   1222.7919    0.1019     0.1431      0.0     10959416.1828 39649584.2651 279658.11  279158.25  -287383.0  -287296.536   86.349      0.0    
   3700     11739.97  1233.3486    0.103    1222.6007    0.102      0.2059      0.0     10127648.5616 39744395.2223 279592.43  279358.77  -287357.0  -287270.249   86.332      0.0    
   3800     12040.81  1233.0568    0.103    1222.5387    0.1019     0.1573      0.0     10149546.2927 39664600.7317 279694.76  279293.99  -287374.0  -287287.393   86.354      0.0    
   3900     12342.33  1233.2152    0.1029   1222.5173    0.1019     0.1733      0.0     11685610.2949 39646448.7171 279575.77  279321.71  -287353.0  -287266.545   86.341      0.0    
   4000     12643.49  1233.0213    0.103    1222.5068    0.102      0.1309      0.0     10111639.7019 39643832.5048 279623.89   279257.1  -287381.0  -287294.996   86.348      0.0    
   4100     12944.12  1232.6557    0.103    1222.5148    0.102      0.1425      0.0     11100139.4078 39707236.3953 279750.18  279344.09  -287386.0  -287299.876   86.326      0.0    
   4200     13245.4   1233.1372    0.103    1222.5762    0.102      0.2016      0.0     10752986.7486 39798854.3129 279873.37  279407.07  -287409.0  -287322.357   86.348      0.0    
   4300     13545.86  1233.4961    0.1031   1222.4987    0.102      0.1561      0.0     11950149.6944 39733203.0123  279839.1  279384.36  -287419.0  -287332.93   86.33       0.0    
   4400     13846.43   1233.142    0.103    1222.6243    0.102      0.1047      0.0     9010207.8871 39654299.4685 279685.38   279223.2  -287382.0  -287296.045   86.338      0.0    
   4500     14147.71  1233.3436    0.103    1222.6227    0.1019     0.1741      0.0     12087723.2176 39689943.4914 279615.09  279239.79  -287365.0  -287278.822   86.305      0.0    
   4600     14449.38  1233.8901    0.1031   1222.5404    0.102      0.1393      0.0     11581620.1819 39699106.9165 279559.05  279410.16  -287400.0  -287313.242   86.299      0.0    
   4700     14749.66  1233.8613    0.103    1222.5108    0.102      0.1801      0.0     11435580.8272 39642763.9872 279458.64  279400.17  -287380.0  -287293.403   86.33       0.0    
   4800     15050.35  1233.7844    0.1031   1222.5531    0.1021     0.1567      0.0     10819389.6214 39706153.0547 279505.89   279300.2  -287405.0  -287318.324   86.322      0.0    
   4900     15351.86  1233.7264    0.1031   1222.6257    0.1021     0.1562      0.0     11729170.6859 39740070.8524 279522.93  279560.85  -287382.0  -287295.924   86.351      0.0    
   5000     15653.62  1233.2669    0.103    1222.5782    0.1021     0.1527      0.0     9925280.4772 39686696.1867 279627.37  279415.78  -287374.0  -287287.711   86.37       0.0    
   5100     15957.06  1233.5524    0.103     1222.607    0.102      0.1449      0.0     11187630.6855 39790969.0511 279592.77  279280.67  -287394.0  -287307.896   86.331      0.0    
   5200     16262.46  1233.2906    0.103     1222.464    0.102      0.1521      0.0     10367498.1323 39707974.5057 279678.61  279253.98  -287376.0  -287289.197   86.362      0.0    
   5300     16568.67   1233.767    0.1031   1222.6052    0.102      0.1305      0.0     11257761.6494 39766446.2469 279533.05  279405.22  -287392.0  -287306.078   86.347      0.0    
   5400     16874.38  1233.7495    0.103    1222.6747    0.102      0.1808      0.0     11555608.6576 39699839.4005 279785.49  279124.86  -287378.0  -287291.987   86.293      0.0    
   5500     17180.46  1233.5994    0.103    1222.5096    0.1019     0.1305      0.0     11311469.8842 39675218.0151 279796.27  278933.01  -287400.0  -287313.292   86.363      0.0    
   5600     17486.56  1234.1267    0.1031   1222.4735    0.102      0.1342      0.0     11260482.9517 39656043.1266 279771.18  279369.98  -287363.0  -287276.417   86.301      0.0    
   5700     17791.71  1233.4154    0.103    1222.3589    0.102      0.1624      0.0     11447919.4167 39721293.5231 279626.49  279325.16  -287368.0  -287281.431   86.34       0.0    
   5800     18096.85  1233.5687    0.1031   1222.3967    0.102      0.1239      0.0     9595264.3741 39720796.3271 279727.63  279312.12  -287368.0  -287282.026   86.356      0.0    
   5900     18402.5   1233.0625    0.103    1222.3987    0.102      0.1216      0.0     11601765.031 39703403.7595 279703.48  279300.66  -287375.0  -287289.023   86.367      0.0    
   6000     18708.68  1233.1234    0.103    1222.4055    0.102      0.1607      0.0     10774656.3912 39650595.2108 279542.03  279098.06  -287364.0  -287277.673   86.329      0.0    
   6100     19013.7   1232.6483    0.1029   1222.4774    0.1019     0.1326      0.0     11579636.6404 39673669.7945 279796.17  279425.13  -287413.0  -287326.224   86.36       0.0    
   6200     19318.74  1232.7795    0.103    1222.4961    0.102      0.1352      0.0     11627645.761 39726585.3893 279551.18  279429.81  -287363.0  -287276.21   86.378      0.0    
   6300     19624.07  1233.3702    0.1031    1222.51     0.102      0.1233      0.0     10678611.5686 39696311.4302 279604.78  279340.98  -287383.0  -287297.06   86.349      0.0    
   6400     19929.05  1233.5004    0.1031    1222.39     0.102      0.1224      0.0     11195983.3965 39752431.6572  279805.8  279442.78  -287364.0  -287277.891   86.358      0.0    
   6500     20234.3   1233.2791    0.1031   1222.3237    0.102      0.1274      0.0     10509526.0569 39681692.1407  279612.7  279331.21  -287377.0  -287290.74   86.348      0.0    
   6600     20535.53   1233.234    0.103    1222.3759    0.102      0.1381      0.0     11909486.104 39699812.8071 279880.51  279383.67  -287365.0  -287278.447   86.36       0.0    
   6700     20836.61  1233.2833    0.1031   1222.3231    0.102      0.1568      0.0     10567126.5961 39709049.7271 279846.04  279365.83  -287382.0  -287295.998   86.385      0.0    
   6800     21137.88  1232.9888    0.103    1222.4242    0.102      0.129       0.0     11003868.4278 39685926.9316 279607.45  279167.56  -287363.0  -287276.338   86.392      0.0    
   6900     21441.43  1233.1847    0.103    1222.4022    0.102      0.105       0.0     10091551.1889 39707384.9199 279612.61  279368.92  -287387.0  -287300.404   86.397      0.0    
   7000     21747.08  1233.8414    0.1031    1222.495    0.1021     0.1151      0.0     10848503.7099 39727798.6927  279712.6  279236.62  -287396.0  -287310.083   86.382      0.0    
   7100     22050.78  1233.9599    0.1031   1222.3801    0.102      0.1469      0.0     10471976.7957 39697260.9092 279643.24  279214.76  -287380.0  -287293.359   86.38       0.0    
   7200     22351.84  1233.4917    0.103    1222.3584    0.102      0.1504      0.0     12084732.8045 39675488.597 279482.18  279298.97  -287381.0  -287294.813   86.328      0.0    
   7300     22652.99  1233.7873    0.1031   1222.5043    0.102      0.1377      0.0     11831204.5257 39723904.3207 279345.52  279377.35  -287362.0  -287275.947   86.365      0.0    
   7400     22954.76  1233.3153    0.103     1222.409    0.1019     0.1444      0.0     11526978.0236 39701845.9937 279388.16  279364.03  -287358.0  -287271.209   86.398      0.0    
   7500     23256.81  1233.3178    0.103    1222.4034    0.102      0.1246      0.0     9204026.3705 39697373.7759 279538.81  279284.78  -287373.0  -287286.939   86.424      0.0    
   7600     23558.28  1233.0437    0.103    1222.3748    0.102      0.1719      0.0     11067976.973 39753325.5521 279653.53  279609.92  -287385.0  -287298.981   86.434      0.0    
   7700     23858.93  1233.2919    0.103     1222.247    0.102      0.1734      0.0     11350916.7108 39674554.7759 279766.46  279185.99  -287346.0  -287259.302   86.42       0.0    
   7800     24160.12  1233.4403    0.103    1222.2484    0.102      0.1384      0.0     11217904.9142 39691420.9009 279516.28  279242.32  -287395.0  -287308.838   86.382      0.0    
   7900     24461.65  1233.4865    0.103    1222.2816    0.102      0.1493      0.0     10337049.8458 39673059.6724 279590.81  279156.04  -287390.0  -287303.23   86.385      0.0    
   8000     24763.32  1233.9614    0.103    1222.3721    0.102       0.11       0.0     11194139.7027 39673180.2701 279457.37  279434.83  -287391.0  -287304.333   86.395      0.0    
   8100     25064.42  1233.5547    0.103    1222.4608    0.102      0.148       0.0     10716198.7752 39671984.9028 279695.95   279352.5  -287406.0  -287319.397   86.415      0.0    
   8200     25365.8   1233.2079    0.103    1222.3059    0.102      0.1447      0.0     11010179.6149 39635857.5621 279761.37   279292.7  -287402.0  -287316.048   86.392      0.0    
   8300     25667.5   1233.2127    0.103    1222.2037    0.1019     0.1475      0.0     12426650.8671 39643757.3815 279696.16  279157.32  -287389.0  -287302.408   86.34       0.0    
   8400     25968.34   1233.163    0.103    1222.2476    0.1019     0.1491      0.0     10007340.2874 39668411.1888 279708.87  279203.96  -287393.0  -287306.846   86.337      0.0    
   8500     26269.6   1232.8788    0.103    1222.1601    0.1019     0.1647      0.0     11304536.8332 39617883.0263  279840.8  279305.63  -287358.0  -287271.403   86.332      0.0    
   8600     26575.82  1232.6119    0.103    1222.0633    0.1019     0.1567      0.0     10922084.6898 39696771.1137 279729.45  279414.15  -287378.0  -287291.587   86.318      0.0    
   8700     26882.63  1232.6491    0.1029   1222.0754    0.1019     0.1226      0.0     10413953.7632 39682622.4371  279774.9  279145.79  -287388.0  -287301.783    86.3       0.0    
   8800     27186.73  1232.9908    0.103    1222.2287    0.102      0.1444      0.0     11453825.5773 39661624.1902 279592.56  279294.92  -287379.0  -287292.324   86.319      0.0    
   8900     27488.31  1232.6792    0.103    1222.1409    0.102      0.1558      0.0     10573226.2503 39668046.2351 279593.52   279306.5  -287397.0  -287310.164   86.376      0.0    
   9000     27791.88  1232.3946    0.103    1222.2069    0.102      0.1323      0.0     11014055.3731 39711537.0305 279800.19  279187.12  -287381.0  -287294.716   86.338      0.0    
   9100     28097.46  1232.8582    0.1031   1222.2775    0.1021     0.1198      0.0     11077114.0738 39759090.0966 279671.58  279366.48  -287418.0  -287331.971   86.376      0.0    
   9200     28403.06  1232.3124    0.1029   1222.3232    0.102      0.1241      0.0     10998182.4254 39748986.2178 279704.58  279205.29  -287392.0  -287305.955   86.381      0.0    
   9300     28708.71  1232.6209    0.103    1222.2501    0.102      0.1848      0.0     10968248.6745 39779098.5551 279568.19  279171.36  -287375.0  -287288.892   86.369      0.0    
   9400     29015.04  1232.8255    0.103    1222.2978    0.102      0.1303      0.0     11603537.9063 39744838.9859  279687.4  279186.33  -287341.0  -287254.249   86.37       0.0    
   9500     29316.31  1232.8251    0.103    1222.2671    0.102      0.1479      0.0     11126010.3309 39796194.9157 279861.45  278980.25  -287379.0  -287292.956   86.361      0.0    
   9600     29618.04  1232.4568    0.1029   1222.2336    0.1019     0.1453      0.0     10708042.2596 39676517.7792 279634.77  279337.85  -287379.0  -287292.569   86.324      0.0    
   9700     29919.57  1232.5273    0.1029   1222.2443    0.1019     0.1615      0.0     11407305.3004 39655943.4169 279759.86   279342.3  -287373.0  -287286.384   86.312      0.0    
   9800     30221.12  1232.8263    0.103    1222.3641    0.1019     0.122       0.0     11002889.785 39742475.5212  279633.4  279134.28  -287384.0  -287297.726   86.313      0.0    
   9900     30522.17  1233.0604    0.1029    1222.362    0.1019     0.1261      0.0     9355755.4189 39667161.832 279671.72  279282.26  -287399.0  -287312.349   86.331      0.0    
  10000     30824.02  1233.0856    0.103    1222.2363    0.1019     0.1691      0.0     11006593.1752 39730981.6095 279583.08  279261.02  -287399.0  -287312.551    86.3       0.0    
  10100     31124.11  1233.0633    0.103    1222.3011    0.1019     0.1221      0.0     11273789.3834 39639557.4489 279691.75   279082.9  -287358.0  -287271.528   86.287      0.0    
  10200     31425.14  1233.2832    0.103    1222.2864    0.1019     0.1705      0.0     11193356.0946 39671346.6142 279784.85  279207.72  -287393.0  -287306.918   86.28       0.0    
  10300     31725.85   1232.809    0.103    1222.0934    0.1019     0.1404      0.0     10247877.074 39685482.4996 279590.76  279313.26  -287391.0  -287304.252   86.289      0.0    
  10400     32027.55  1232.7927    0.103    1222.0048    0.1019     0.1394      0.0     9865769.2253 39689516.7413 279766.23  279319.64  -287400.0  -287313.82   86.288      0.0    
  10500     32332.37   1232.951    0.103    1221.9872    0.1019     0.1742      0.0     10112286.1302 39753403.1056 279503.58  279261.02  -287397.0  -287310.708   86.29       0.0    
  10600     32637.6    1233.472    0.103    1222.0691    0.1019     0.1276      0.0     10932431.2162 39712329.9048 279533.58  279211.17  -287399.0  -287312.365   86.297      0.0    
  10700     32942.26  1233.5436    0.103    1222.1096    0.1019     0.1601      0.0     10242555.7484 39703661.7588 279610.49   279077.9  -287368.0  -287281.944   86.329      0.0    
  10800     33246.74  1233.0093    0.103    1222.0933    0.1019     0.1192      0.0     9805684.9924 39676396.5048 279728.43  279193.74  -287371.0  -287284.625   86.334      0.0    
  10900     33551.69  1233.6079    0.103    1222.1149    0.1019     0.1652      0.0     9319724.7797 39685252.2053  279740.3  279231.24  -287411.0  -287324.987   86.327      0.0    
  11000     33857.51  1232.7944    0.103    1222.0056    0.1019     0.1384      0.0     11566987.1738 39644398.6493 279625.17  279133.71  -287354.0  -287267.654   86.314      0.0    
  11100     34162.97  1233.2645    0.103    1222.2218    0.1019     0.1426      0.0     10858274.287 39690485.4763 279771.73  279142.98  -287410.0  -287324.152   86.344      0.0    
  11200     34468.9   1233.3401    0.103    1222.0602    0.1019     0.1862      0.0     11524310.0219 39665603.5766  279857.1  279022.06  -287339.0  -287252.404   86.34       0.0    
