Generating synthetic real valued data ... 
Generating synthetic  real valued data took:  8.237621307373047
Evaluation for true params: 
 test_rsme | train_rsme | rel-te-err | rel-tr-err |  test_nll  |  train_nll |
    0.0          0.0          0.0          0.0       287494.79    1149836.49 
Using  0.25 of training data
Factorizing with max_iteration = 16000  fixing covariance?:  False
Tensor dimensions:  [50, 50, 50]
Optimization metrics: 
Using Ada Grad
Mean update scheme:  S
Covariance update :  N
Using diagonal covariance?:  False
Random start? True
k1 samples =  64  k2 samples =  128
eta =  1.0  cov eta =  1.0  sigma eta =  1
iteration |   time   |test_rsme |rel-te-err|train_rsme|rel-tr-err|   d_mean  |   d_cov  |avg_grad_m|avg_grad_c| test_nll | train_nll |    VLB   |  E-term  |    KL     |   dw   |
    0         1.31    9980.4386    0.9978   9976.8252    0.9978     3.1623     0.4025   455889.5621  215.7839  287823.14  287823.14  -287840.0  -287823.137   17.138     0.0047  
    5        136.9    9975.6153    0.9974   9971.9596    0.9974     3.1623     0.4025   3011263.0114 1570.0815  287823.14  287823.14  -287841.0  -287823.137   18.231     0.0004  
    10       272.96    9970.36     0.9968   9966.5246    0.9968     3.1623     0.4025   5895311.4993 3465.9533  287823.14  287823.14  -287842.0  -287823.137   19.293     0.0001  
    20       416.88   9957.4125    0.9955    9953.56     0.9955     3.1623     0.4025   12750871.4495 8967.9847  287823.14  287823.14  -287844.0  -287823.137   21.077     0.0001  
    50       589.04   9898.7701    0.9896    9895.187    0.9896     3.1623     0.4025   42893176.6929 44146.8124 287823.14  287823.14  -287873.0  -287823.137   49.415      0.0    
   100       793.94   9725.2901    0.972    9721.7453    0.972      3.0737     0.0011   94582167.1431 199960.4664 287823.14  287823.14  -287880.0  -287823.137   57.225      0.0    
   200       1062.7   9025.7721    0.901    9022.2573    0.901      2.8109      0.0     233819701.7888 1306300.0813 287823.14  287823.14  -287890.0  -287823.137   67.204      0.0    
   300      1332.89   7814.6182    0.778     7811.079    0.7779     2.535       0.0     374992346.9701 4221582.9432 287823.14  287823.14  -287897.0  -287823.137   73.448      0.0    
   400      1602.18   6162.9574     0.61    6159.3189    0.6098     2.2362      0.0     459065073.1839 9513821.3374 287823.14  287823.14  -287901.0  -287823.137   77.729      0.0    
   500      1872.33   4301.5551    0.4199   4297.7569    0.4196     1.9067      0.0     445450982.1345 16947976.922 287823.14  287823.14  -287904.0  -287823.137   80.722      0.0    
   600      2141.65   2616.1416    0.2462    2612.536    0.2459     1.5014      0.0     338744512.8717 25029599.9251 287823.14  287823.14  -287906.0  -287823.137   82.739      0.0    
   700       2410.3   1443.8472    0.1236   1440.7772    0.1233     1.0947      0.0     205064203.8483 31664943.7535 285192.39  285040.48  -287726.0  -287641.676   83.985      0.0    
   800      2680.21    821.4557    0.0639    819.2593    0.0635     0.749       0.0     103779319.1159 35786219.6155 276200.21  275747.36  -287160.0  -287075.317   84.721      0.0    
   900      2949.85    541.2929    0.0415    539.8518    0.0413     0.533       0.0     50822380.4694 37854589.5893 268278.62  267512.82  -286598.0  -286512.993   85.154      0.0    
   1000     3219.51    410.206     0.0319    408.9748    0.0319     0.3956      0.0     28637140.5587 38835784.0461  261751.1  262236.86  -286393.0  -286307.601   85.443      0.0    
   1100     3490.47    339.9354    0.0268    338.7715    0.0268     0.2736      0.0     18605283.3261 39272888.8993 257129.64   257458.5  -285971.0  -285885.84   85.626      0.0    
   1200     3765.47    297.7347    0.0237    296.3006    0.0236     0.2134      0.0     13571798.8797 39444233.1238  253185.2  253137.04  -285789.0  -285703.059   85.766      0.0    
   1300     4042.47    272.3834    0.0217    270.8331    0.0216     0.1688      0.0     9545515.4613 39528490.6134 250077.82  249583.48  -285513.0  -285427.51   85.877      0.0    
   1400     4319.19    256.7207    0.0205    255.123     0.0204     0.1312      0.0     7307808.2112 39594736.5912 247698.96  247932.68  -285408.0  -285322.193   85.954      0.0    
   1500     4595.54    247.3417    0.0198    245.6857    0.0197     0.1135      0.0     5902198.1616 39618705.6075 246231.59  245772.73  -285253.0  -285166.638   86.009      0.0    
   1600     4867.81    241.8518    0.0194    240.1152    0.0193     0.0951      0.0     4611280.6709 39634027.0134  245082.1  244956.19  -285200.0  -285114.121   86.062      0.0    
   1700     5138.05    238.8285    0.0192    237.078     0.0191     0.0643      0.0     3544137.8964 39664239.513 244808.01  244598.63  -285176.0  -285089.614   86.09       0.0    
   1800     5407.99    236.9838    0.019     235.191     0.0189     0.0585      0.0     2978617.4142 39651670.9027 244559.48  244347.63  -285158.0  -285072.254   86.116      0.0    
   1900     5678.78    235.8899    0.0189    234.044     0.0188     0.0469      0.0     2870542.9433 39627254.084 244410.16  244012.26  -285137.0  -285050.845   86.137      0.0    
   2000     5949.82    235.1772    0.0189    233.3183    0.0188     0.0542      0.0     2534107.2839 39611419.0377 244695.61  244233.98  -285132.0  -285045.543   86.155      0.0    
   2100     6225.33    234.8525    0.0189    232.9168    0.0188     0.0271      0.0     2476272.6532 39696951.4802 244473.41   244189.6  -285141.0  -285054.361   86.16       0.0    
   2200     6502.36    234.6879    0.0189    232.7239    0.0187     0.0265      0.0     1986850.5025 39691980.6719 244576.24  243684.85  -285137.0  -285050.54   86.171      0.0    
   2300     6774.16    234.6061    0.0189    232.5638    0.0187     0.0249      0.0     2426392.6194 39651734.4039 244615.18  243642.09  -285216.0  -285129.901   86.184      0.0    
   2400     7045.54    234.4347    0.0189    232.4525    0.0187     0.0273      0.0     1974438.1133 39670557.769  244429.1  243736.92  -285115.0  -285028.401   86.202      0.0    
   2500     7316.23    234.4221    0.0189    232.4377    0.0187     0.0343      0.0     2065662.0185 39677296.8407 244376.06  244074.85  -285173.0  -285086.329   86.199      0.0    
   2600     7584.96    234.2999    0.0188    232.3219    0.0187     0.0312      0.0     2247400.5442 39672464.1025 244118.49  243259.48  -285096.0  -285009.633   86.202      0.0    
   2700     7854.17    234.2696    0.0188    232.3214    0.0187     0.0291      0.0     2058878.851 39689052.0483 244482.32  243834.31  -285146.0  -285059.734   86.207      0.0    
   2800     8122.54    234.2839    0.0188    232.3323    0.0187     0.0314      0.0     2126318.5294 39674260.8793 244722.11  243672.35  -285173.0  -285086.525   86.209      0.0    
   2900     8394.32    234.317     0.0189    232.3056    0.0187     0.0256      0.0     1992900.0  39678291.3576 244578.55  243647.46  -285118.0  -285031.565   86.218      0.0    
   3000     8672.88    234.4536    0.0189    232.3209    0.0187     0.0228      0.0     1845177.5651 39638207.6136 244569.29  243806.26  -285103.0  -285016.481   86.215      0.0    
   3100     8949.08    234.2498    0.0188    232.278     0.0187     0.0282      0.0     2357916.2984 39661379.5219 244526.53  243692.46  -285167.0  -285080.985   86.221      0.0    
   3200     9225.51    234.2868    0.0188    232.285     0.0187     0.0439      0.0     1997166.3154 39711659.3492 244495.98   243439.3  -285142.0  -285055.825   86.225      0.0    
   3300     9500.22    234.3271    0.0188    232.2997    0.0187     0.0297      0.0     2136992.3527 39656568.8314 244516.88  243688.87  -285143.0  -285057.097   86.225      0.0    
   3400     9774.04    234.3758    0.0189    232.2989    0.0187     0.0224      0.0     1988206.7994 39658959.6074 244617.39  243878.31  -285152.0  -285065.596   86.226      0.0    
   3500     10050.06   234.3335    0.0189    232.2657    0.0187     0.0254      0.0     1993733.019 39590530.097  244292.3  243461.86  -285125.0  -285039.058   86.218      0.0    
   3600     10325.01   234.3244    0.0188    232.2613    0.0187     0.0432      0.0     2084238.8941 39722200.851 244213.85  243581.24  -285160.0  -285073.452   86.216      0.0    
   3700     10599.94   234.3029    0.0188    232.2332    0.0187     0.0277      0.0     1964736.3793 39681150.2009 244420.08  243523.43  -285112.0  -285025.576   86.214      0.0    
   3800     10869.29   234.3976    0.0189    232.2541    0.0187     0.0259      0.0     2151870.998 39657800.1767 245025.29  243796.71  -285125.0  -285038.942   86.212      0.0    
   3900     11139.38   234.3631    0.0189    232.2603    0.0187     0.0313      0.0     2002711.9392 39701882.0114 244593.55  243538.45  -285175.0  -285088.352   86.206      0.0    
   4000     11407.85   234.3434    0.0189    232.2222    0.0187     0.0373      0.0     1937005.3712 39628525.1661 244537.39  243388.48  -285037.0  -284950.604   86.206      0.0    
   4100     11676.54   234.3032    0.0189    232.2302    0.0187     0.0243      0.0     2024748.9367 39706289.3123 244292.99  243793.09  -285176.0  -285089.921   86.207      0.0    
   4200     11946.29   234.2876    0.0188    232.1779    0.0187     0.0256      0.0     2274471.9332 39659580.9012 244325.81  243197.61  -285115.0  -285028.641   86.211      0.0    
   4300     12215.79   234.3101    0.0188    232.1955    0.0187     0.029       0.0     2063797.56 39614630.3721 244326.21  242997.16  -285159.0  -285072.914   86.211      0.0    
   4400     12485.96   234.262     0.0188    232.206     0.0187     0.0323      0.0     2134714.7511 39635984.3679 244633.88  244078.44  -285161.0  -285074.416   86.21       0.0    
   4500     12756.57   234.2721    0.0188    232.2059    0.0187     0.0333      0.0     2126035.9373 39664493.2934 244618.55  244027.86  -285186.0  -285099.928   86.207      0.0    
   4600     13026.06   234.2607    0.0188    232.1651    0.0187     0.0308      0.0     2202958.9445 39670525.0981 244875.37  243397.62  -285174.0  -285087.932   86.208      0.0    
   4700     13296.52   234.2997    0.0188    232.1593    0.0187     0.022       0.0     1994310.6787 39626163.1043 244475.97  243820.87  -285153.0  -285067.293    86.2       0.0    
   4800     13565.82   234.2928    0.0188    232.151     0.0187      0.03       0.0     2297919.2712 39736548.4716 244645.68  243702.74  -285126.0  -285039.978   86.203      0.0    
   4900     13835.48   234.2791    0.0188    232.1391    0.0187     0.0264      0.0     2102507.5534 39652308.1937 244905.67  243593.06  -285141.0  -285054.828   86.195      0.0    
   5000     14104.87   234.3376    0.0189    232.1977    0.0187     0.0357      0.0     2187668.4793 39672725.5759 244609.75  243419.85  -285146.0  -285059.571   86.196      0.0    
   5100     14375.25   234.2532    0.0188    232.1761    0.0187     0.0268      0.0     2236762.8232 39667179.2239 244518.79  243559.14  -285211.0  -285124.818   86.208      0.0    
   5200     14646.35   234.2481    0.0188    232.1627    0.0187     0.0242      0.0     2029166.9439 39659925.5566 244630.78  243077.02  -285163.0  -285076.3    86.208      0.0    
   5300     14914.76   234.1785    0.0188    232.1567    0.0187     0.0289      0.0     1855722.7111 39688067.7508 244373.09  243218.87  -285099.0  -285012.629   86.209      0.0    
   5400     15184.2    234.2372    0.0188    232.1596    0.0187     0.0238      0.0     2098240.6332 39662922.6703 244617.46  243532.31  -285141.0  -285054.509   86.205      0.0    
   5500     15453.85   234.2376    0.0188    232.1811    0.0187     0.0317      0.0     2163285.7171 39654221.0817 244216.67   243440.5  -285180.0  -285094.271   86.198      0.0    
   5600     15724.02   234.2326    0.0188    232.1557    0.0187     0.0219      0.0     2149644.5573 39658958.0813 244363.91  243508.35  -285142.0  -285055.987   86.202      0.0    
   5700     15997.33   234.2156    0.0188    232.1877    0.0187     0.0218      0.0     2069568.9359 39690148.1442 244503.37  243544.64  -285143.0  -285056.648   86.199      0.0    
   5800     16273.29   234.2454    0.0188    232.184     0.0187     0.0206      0.0     2072232.7705 39599879.3174 244233.21  243402.08  -285149.0  -285063.053   86.202      0.0    
   5900     16547.74   234.2285    0.0188    232.1664    0.0187     0.0254      0.0     2166576.8051 39671673.3861 244732.27  243814.14  -285210.0  -285123.792   86.201      0.0    
   6000     16823.19   234.236     0.0188    232.1487    0.0187     0.0256      0.0     2194540.1601 39666812.9638 244678.39  243707.53  -285166.0  -285079.353   86.201      0.0    
   6100     17098.85   234.1217    0.0188    232.1192    0.0187     0.0244      0.0     2059512.0774 39703576.1279 244637.07  243493.61  -285153.0  -285066.934    86.2       0.0    
   6200     17374.15   234.2537    0.0189    232.1238    0.0187     0.0231      0.0     1887445.6748 39642046.3849 244826.42  243598.55  -285123.0  -285036.402   86.202      0.0    
   6300     17649.29   234.2626    0.0189    232.1492    0.0187     0.0238      0.0     2065619.2929 39679182.9588 244924.81  243707.29  -285082.0  -284995.703   86.199      0.0    
   6400     17924.07   234.2423    0.0188    232.1087    0.0187     0.0326      0.0     2116084.3152 39683115.4295  244730.4  243650.01  -285130.0  -285043.62    86.2       0.0    
   6500     18197.95   234.2946    0.0189    232.1269    0.0187     0.0361      0.0     1864728.8595 39633278.4758  244839.4  243397.35  -285162.0  -285075.5    86.201      0.0    
   6600     18472.7    234.2028    0.0188    232.1113    0.0187     0.0319      0.0     2134417.5623 39703410.5176 244630.82  243614.01  -285118.0  -285031.764    86.2       0.0    
   6700     18746.68   234.2581    0.0188    232.0799    0.0187     0.0253      0.0     2074216.6511 39631357.9224 244635.58  243717.45  -285135.0  -285048.518   86.209      0.0    
   6800     19021.34   234.2394    0.0188    232.0872    0.0187     0.0376      0.0     2107707.1166 39642001.6362 244708.27  243564.75  -285052.0  -284965.339   86.212      0.0    
   6900     19296.23   234.2724    0.0188    232.1175    0.0187     0.0272      0.0     2124801.6661 39671309.2308 244843.35  243419.86  -285155.0  -285069.175   86.211      0.0    
   7000     19572.54   234.1993    0.0188    232.0868    0.0187     0.0322      0.0     2226321.0086 39676497.9938 244323.95  243349.88  -285148.0  -285061.862   86.218      0.0    
   7100     19846.68   234.1441    0.0188    232.0882    0.0187     0.0266      0.0     2200598.757 39589887.7649 244042.02  243482.45  -285150.0  -285063.756   86.219      0.0    
   7200     20123.93   234.2178    0.0188    232.0887    0.0187     0.0235      0.0     2013768.3705 39708587.8513 244579.69   243847.6  -285143.0  -285057.143   86.22       0.0    
   7300     20396.84   234.2968    0.0188    232.0631    0.0187     0.0242      0.0     1891057.4309 39659041.277 244509.02  243650.06  -285126.0  -285039.776   86.221      0.0    
   7400     20667.55   234.3173    0.0188    232.0721    0.0187     0.0283      0.0     1881397.9956 39705144.8182 244688.35  243873.22  -285153.0  -285067.268   86.223      0.0    
   7500     20938.02   234.2745    0.0188    232.0508    0.0187     0.0381      0.0     2131646.9526 39668207.5204 244569.01  243479.61  -285149.0  -285062.75   86.222      0.0    
   7600     21207.93   234.2665    0.0188    232.0692    0.0187     0.0364      0.0     2024186.6171 39606693.1193 244193.23  243671.16  -285179.0  -285093.226   86.229      0.0    
   7700     21481.01   234.2644    0.0188    232.0684    0.0187     0.0278      0.0     2128962.8673 39644724.3807 244628.41  243679.05  -285173.0  -285087.149   86.221      0.0    
   7800     21756.66   234.2823    0.0189    232.0656    0.0187     0.029       0.0     2043149.9356 39691729.2856  244245.8  243638.62  -285166.0  -285079.587   86.224      0.0    
   7900     22031.07   234.2724    0.0189    232.0719    0.0187     0.0302      0.0     2108149.5529 39652608.8646 244365.28  243700.96  -285130.0  -285043.892   86.223      0.0    
   8000     22301.25   234.1693    0.0188    232.0476    0.0187     0.0243      0.0     2123476.0968 39638634.3734 244865.59  243496.07  -285092.0  -285005.317   86.213      0.0    
   8100     22572.09   234.2153    0.0188    232.0258    0.0187     0.0248      0.0     2060111.3234 39636224.1326 244584.46  243776.44  -285133.0  -285047.284   86.211      0.0    
   8200     22842.28   234.2456    0.0188    232.0022    0.0187     0.0223      0.0     1735850.8431 39658438.9733 244331.79  243915.59  -285095.0  -285008.793   86.205      0.0    
   8300     23112.01   234.1666    0.0188    232.0099    0.0187     0.0255      0.0     2014949.5376 39716198.87 244485.42  244013.03  -285173.0  -285086.866   86.202      0.0    
   8400     23382.3    234.1825    0.0188    232.0158    0.0187     0.0229      0.0     2014032.4889 39625817.1446 244705.43  243462.73  -285160.0  -285073.774   86.206      0.0    
   8500     23654.42   234.0888    0.0188    231.9856    0.0187     0.0293      0.0     2388432.0428 39640025.6583 244526.03  243624.22  -285188.0  -285101.582   86.198      0.0    
   8600     23924.64   234.1508    0.0188    231.9979    0.0187      0.03       0.0     2155086.8772 39607718.5529 244552.81  243542.44  -285178.0  -285091.364   86.193      0.0    
   8700     24193.95   234.1557    0.0188    232.0126    0.0187     0.0302      0.0     2070760.4249 39666729.0016 244395.76  244077.15  -285117.0  -285030.906   86.197      0.0    
   8800     24463.54   234.1813    0.0188    231.9938    0.0187     0.033       0.0     1995710.0276 39648644.3742 244444.51  243617.71  -285155.0  -285068.882   86.198      0.0    
   8900     24734.61   234.1726    0.0188    231.9685    0.0187     0.0258      0.0     2102386.6203 39635651.2947 244092.62  243305.23  -285129.0  -285043.095   86.202      0.0    
   9000     25004.37   234.1189    0.0188    231.9832    0.0187     0.0352      0.0     2059665.9077 39669535.8088 244294.54  243364.72  -285146.0  -285059.862   86.202      0.0    
   9100     25274.17   234.1353    0.0188    231.9869    0.0187     0.0279      0.0     2037226.481 39628447.7067 244514.51  243837.44  -285146.0  -285059.312   86.203      0.0    
   9200     25544.32   234.1514    0.0188    231.9429    0.0187     0.0323      0.0     2291999.2445 39646862.7184 244429.49  243881.56  -285141.0  -285054.387   86.208      0.0    
   9300     25815.14   234.1428    0.0188    231.9557    0.0187     0.0327      0.0     2055284.6785 39677102.8766 244420.68  243652.89  -285082.0  -284995.855   86.204      0.0    
   9400     26086.4    234.1127    0.0188    231.9478    0.0187     0.0275      0.0     2050363.5922 39626106.2136 244211.73  243659.17  -285104.0  -285018.098   86.207      0.0    
   9500     26358.42   234.0425    0.0188    231.9536    0.0187     0.0251      0.0     2292400.075 39642028.6775 244184.55  243712.53  -285178.0  -285091.373   86.206      0.0    
   9600     26633.71   234.0233    0.0188    231.9269    0.0187     0.0233      0.0     1897995.23 39696862.3203 244521.48  243088.51  -285119.0  -285032.577   86.198      0.0    
   9700     26909.05   234.0733    0.0188    231.9326    0.0187     0.0243      0.0     1856053.293 39687194.7186 244471.23  243363.82  -285172.0  -285085.568   86.202      0.0    
   9800     27182.45   234.1371    0.0188    231.916     0.0187     0.0279      0.0     2213250.4769 39662245.0348 244410.83  243510.59  -285124.0  -285038.229   86.204      0.0    
   9900     27452.52   234.1791    0.0188    231.9167    0.0187     0.0304      0.0     2128482.6488 39718321.3895 244473.93  243654.97  -285148.0  -285061.826   86.201      0.0    
  10000     27723.78   234.1965    0.0188    231.9191    0.0187     0.0253      0.0     2292166.9655 39648509.1331 244690.93   243506.0  -285153.0  -285066.904    86.2       0.0    
  10100     27998.81   234.1539    0.0188    231.8961    0.0187     0.0264      0.0     1951040.7856 39660456.0212 244736.19   243308.2  -285171.0  -285084.805   86.209      0.0    
  10200     28275.95   234.1721    0.0188    231.8956    0.0187     0.0303      0.0     2187701.5024 39679124.6892  244629.2  243570.77  -285125.0  -285038.858   86.216      0.0    
  10300     28552.79   234.1835    0.0188    231.9205    0.0187     0.0291      0.0     1992218.5272 39679372.3632 244750.14  243154.27  -285142.0  -285055.966   86.222      0.0    
  10400     28828.66   234.1725    0.0188    231.9141    0.0187     0.0262      0.0     2217485.9094 39728141.8886 244441.56  243595.85  -285247.0  -285160.94   86.226      0.0    
  10500     29102.64   234.0675    0.0188    231.907     0.0187     0.0318      0.0     1970984.0254 39662992.279  244771.6  244023.44  -285152.0  -285065.564   86.23       0.0    
  10600     29372.39   234.0919    0.0188    231.8882    0.0187     0.0257      0.0     2013503.4282 39673261.6091 244178.11  243793.18  -285088.0  -285001.831   86.225      0.0    
  10700     29642.41   234.1861    0.0188    231.8827    0.0187     0.023       0.0     1998424.5877 39680503.8707 244327.63  243625.05  -285151.0  -285064.727   86.225      0.0    
  10800     29912.41   234.0948    0.0188    231.8679    0.0187     0.0332      0.0     2288093.8269 39706161.9911 244796.71  243652.85  -285188.0  -285101.816   86.225      0.0    
  10900     30181.64   234.0718    0.0188    231.8861    0.0187     0.0303      0.0     1859130.8148 39644415.0121  244664.9  243418.52  -285136.0  -285049.768   86.227      0.0    
  11000     30452.58   234.0825    0.0188    231.8756    0.0187     0.0244      0.0     1902743.8478 39679123.2999 244169.81  243499.86  -285083.0  -284996.953   86.228      0.0    
  11100     30721.41   234.1744    0.0188    231.8952    0.0187     0.0276      0.0     1883166.3097 39619534.8011 244413.28   243319.2  -285102.0  -285015.897   86.231      0.0    
  11200     30989.52   234.1415    0.0188    231.8547    0.0187     0.0256      0.0     2113054.747 39645818.4139 244574.18  243761.07  -285132.0  -285045.538   86.234      0.0    
  11300     31258.23    234.12     0.0188    231.8602    0.0187     0.0254      0.0     1959873.542 39726576.2255  244549.2  243566.07  -285107.0  -285020.497   86.237      0.0    
  11400     31526.15   234.0997    0.0188    231.8752    0.0187     0.0342      0.0     2063699.2351 39754960.2064  244787.0  243365.74  -285103.0  -285017.094   86.233      0.0    
  11500     31794.87   234.1075    0.0188    231.8677    0.0187     0.0269      0.0     1950686.278 39656808.5961 244214.05   243553.3  -285121.0  -285034.693   86.227      0.0    
  11600     32063.88   234.0186    0.0188    231.8493    0.0187     0.0273      0.0     1951676.2145 39622929.7238 244978.96  243731.33  -285147.0  -285060.748   86.229      0.0    
  11700     32338.61   233.9899    0.0188    231.8524    0.0187     0.0288      0.0     1918638.6591 39664568.0934  244842.5  243578.02  -285185.0  -285098.78   86.226      0.0    
  11800     32613.59   233.9558    0.0188    231.8234    0.0187     0.0325      0.0     2356697.0411 39629181.8783  244106.9  243148.41  -285157.0  -285070.897   86.226      0.0    
  11900     32888.18   233.9769    0.0188    231.8195    0.0187     0.0321      0.0     2163148.2374 39706368.3773 244937.32  243514.25  -285133.0  -285046.673   86.231      0.0    
  12000     33162.91   233.9415    0.0188    231.804     0.0187     0.0274      0.0     2254152.7301 39657119.0679 244377.79  243362.92  -285148.0  -285061.705   86.223      0.0    
  12100     33438.07   234.0116    0.0188    231.8061    0.0187     0.0292      0.0     2156359.3561 39740005.1195 244859.88  243933.42  -285134.0  -285047.889   86.219      0.0    
  12200     33712.81   234.0109    0.0188    231.7961    0.0187     0.0319      0.0     1992333.3797 39719351.8681 244964.45   243392.5  -285155.0  -285068.683   86.232      0.0    
  12300     33987.48   233.9628    0.0188    231.8156    0.0187     0.0362      0.0     2105761.4365 39669628.2248 244699.02  243454.64  -285146.0  -285059.889   86.227      0.0    
  12400     34262.14   233.8766    0.0188    231.7887    0.0187     0.0333      0.0     2007437.0511 39655326.84  244753.1  243515.93  -285125.0  -285038.298   86.226      0.0    
  12500     34537.24   233.8835    0.0188    231.7938    0.0187     0.0231      0.0     1973885.2852 39651318.6587 244739.86   243721.7  -285132.0  -285046.117   86.216      0.0    
  12600     34811.6    233.9747    0.0188    231.796     0.0187     0.0267      0.0     1993798.1056 39668530.9216 244501.17  243651.28  -285173.0  -285086.316   86.22       0.0    
  12700     35086.3    233.9449    0.0188    231.7796    0.0187     0.0216      0.0     1875011.8163 39656564.0507  244540.9  243167.12  -285119.0  -285033.222   86.219      0.0    
  12800     35361.35   233.8998    0.0188    231.7941    0.0187     0.0366      0.0     1877648.3678 39658050.56 244226.31   243784.3  -285147.0  -285060.701   86.218      0.0    
  12900     35635.81   233.8662    0.0188    231.7694    0.0187     0.0387      0.0     2108262.042 39655772.2092 244428.29  243635.09  -285161.0  -285074.712   86.219      0.0    
  13000     35910.26   233.8428    0.0188    231.7602    0.0187     0.0333      0.0     2346615.7119 39675388.859 244679.76  243817.98  -285157.0  -285070.795   86.223      0.0    
  13100     36184.85   233.8623    0.0188    231.7569    0.0187     0.0283      0.0     2219497.9232 39696619.424 244227.15  243450.31  -285155.0  -285068.313   86.222      0.0    
  13200     36459.11   233.8911    0.0188    231.7457    0.0187     0.0229      0.0     1910265.5232 39647428.8144 244458.54  243068.32  -285171.0  -285085.238   86.226      0.0    
  13300     36734.2    233.9677    0.0188    231.7363    0.0187     0.0292      0.0     2033783.8982 39712321.8658 244744.65   243374.9  -285058.0  -284971.852   86.227      0.0    
  13400     37008.85   233.9848    0.0188    231.7516    0.0187     0.0283      0.0     2279952.0498 39649713.2395 244560.41  243610.79  -285112.0  -285025.93   86.225      0.0    
  13500     37282.88   234.0155    0.0188    231.7412    0.0187     0.0273      0.0     2036328.4782 39644074.311  244712.8  243479.43  -285135.0  -285048.405   86.223      0.0    
  13600     37557.74   233.9749    0.0188    231.7683    0.0187     0.0249      0.0     2099534.5178 39670523.1627 244354.03  243433.32  -285144.0  -285057.725   86.222      0.0    
  13700     37831.03   233.9948    0.0188    231.7413    0.0187     0.0302      0.0     2033635.9473 39672406.4957 244257.92  243582.12  -285043.0  -284957.002   86.231      0.0    
  13800     38099.84   234.0199    0.0188    231.7223    0.0187     0.0217      0.0     1816978.8235 39622413.7942 244640.47  243637.66  -285082.0  -284995.284   86.23       0.0    
  13900     38368.28   234.0449    0.0188    231.7118    0.0187     0.027       0.0     2200075.4115 39694923.5469 244384.49  243298.24  -285136.0  -285049.419   86.232      0.0    
  14000     38636.23   233.989     0.0188    231.7173    0.0187     0.0224      0.0     1847009.1493 39680519.4843 244168.47  243593.27  -285170.0  -285083.894   86.236      0.0    
  14100     38905.4    234.0119    0.0188    231.7208    0.0187     0.0249      0.0     1905670.2762 39609144.0125 244607.77  243540.71  -285198.0  -285111.736   86.235      0.0    
  14200     39173.55   233.9336    0.0188    231.7113    0.0187     0.0243      0.0     1956296.9231 39668673.4374 244193.69  243659.56  -285159.0  -285073.012   86.23       0.0    
  14300     39441.08   234.0131    0.0188    231.7107    0.0187     0.0299      0.0     2158370.769 39679256.4618 244387.61  243894.59  -285134.0  -285048.036   86.236      0.0    
  14400     39708.69   234.0668    0.0188    231.7102    0.0187     0.0294      0.0     2102799.9264 39688560.8664 244050.33  243943.49  -285107.0  -285020.323   86.223      0.0    
  14500     39976.68   234.1164    0.0188    231.708     0.0187     0.0295      0.0     2124927.5214 39686809.1079 244474.06  243704.24  -285110.0  -285023.352   86.227      0.0    
  14600     40245.24   234.0454    0.0188    231.7008    0.0187     0.0255      0.0     2187693.7587 39603871.6368 244394.37  243732.81  -285095.0  -285008.542   86.216      0.0    
  14700     40513.45   233.9372    0.0188    231.6643    0.0187     0.044       0.0     1955851.6873 39654212.2183 244133.08  243547.61  -285052.0  -284965.96   86.218      0.0    
  14800     40781.46   233.9166    0.0188    231.6627    0.0187     0.0325      0.0     2068075.9951 39648229.1795 244848.39  243469.35  -285136.0  -285049.702   86.222      0.0    
  14900     41049.89   233.9351    0.0188    231.6786    0.0187     0.0298      0.0     2001380.4802 39621947.2829 244166.07  243336.37  -285106.0  -285019.859   86.22       0.0    
  15000     41318.21   233.9313    0.0188    231.6789    0.0187     0.0203      0.0     1931260.3925 39705823.884 244149.28  243159.91  -285135.0  -285049.108   86.221      0.0    
  15100     41587.24   233.8739    0.0188    231.6732    0.0187     0.0321      0.0     2114273.9725 39641299.5174 244382.38  243439.98  -285109.0  -285022.305   86.221      0.0    
  15200     41855.98   233.9096    0.0188    231.6715    0.0187     0.0272      0.0     2041267.8765 39658886.9824 244357.88  243398.21  -285142.0  -285055.972   86.223      0.0    
  15300     42123.96   233.7611    0.0188    231.6521    0.0187     0.029       0.0     1973362.2906 39661753.4743 244491.81  243397.03  -285082.0  -284995.718   86.223      0.0    
  15400     42392.78   233.8403    0.0188    231.6503    0.0187     0.023       0.0     2045794.099 39626609.5268  244463.8  243902.15  -285148.0  -285062.207   86.214      0.0    
  15500     42660.85   233.835     0.0188    231.6693    0.0187     0.0217      0.0     2154639.8034 39698387.9774  244345.9  243168.29  -285156.0  -285069.514   86.216      0.0    
  15600     42929.52   233.8247    0.0188    231.6402    0.0187     0.0304      0.0     1956030.8518 39694046.3047 244247.84  243823.92  -285134.0  -285047.92   86.207      0.0    
  15700     43197.4    233.7123    0.0188    231.623     0.0187     0.036       0.0     2073686.7689 39646851.6775 244515.11  243566.84  -285150.0  -285064.218   86.208      0.0    
  15800     43465.09   233.7476    0.0188    231.5764    0.0187     0.0417      0.0     2153995.4705 39649691.8497 244251.47  243581.33  -285155.0  -285068.297   86.216      0.0    
  15900     43733.81   233.8061    0.0188    231.6094    0.0187     0.0245      0.0     2080557.472 39648796.0209 244582.75  242924.76  -285169.0  -285082.506   86.212      0.0    
  16000     44002.74   233.7512    0.0188    231.5836    0.0187     0.0303      0.0     2090706.9033 39673694.9375 244500.72  243565.17  -285154.0  -285067.631   86.217      0.0    
[7.31912779 7.58816264 8.11801165 8.41468619 7.73221354 7.97114325
 7.77802148 8.64547765 7.94033321 7.55559307 7.54273126 8.11739377
 8.24708418 7.80262443 8.01159783 8.06920716 8.19061434 8.23156628
 7.62392063 7.97501663]
[7.77930336 8.10922028 8.10570764 7.60286542 8.21605001 7.76041949
 7.65833581 7.93965746 7.90913113 8.22481231 7.92130788 8.30262234
 7.46746742 7.76939825 7.47348096 8.5978154  7.81229508 7.97541489
 8.4744346  7.39001592]
[6.87268343 7.55022417 7.10893319 7.37170571 7.43240276 6.68749727
 6.93053952 7.00846301 7.53133593 7.0343828  7.60380701 7.12247826
 6.35680398 6.77677763 6.96348996 7.82157105 7.37852066 7.41914327
 7.07337328 7.06137182]
