Factorizing with max_iteration = 20000  fixing covariance?:  False
Tensor dimension: [63728, 63715, 1847]
Mean update: S
Cov update: N
Using diagonal covariance: True
k1 samples =  64  k2 samples =  128
eta =  1.0  cov eta =  1.0  sigma eta =  1
iteration |   time   |  test_err  |  test_mae  |  trainerr  |  trainmae |
    0         1.82       0.0       53.338      0.0      53.3291  
    5       4353.89      0.0      53.3428      0.0      53.3237  
    10      8701.64      0.0       53.325      0.0      53.3147  
    20      13063.92     0.0      53.3011      0.0      53.3076  
    50      17420.8      0.0      53.3039      0.0      53.2818  
   100      21853.67     0.0      53.2218      0.0      53.1957  
   200      26635.19     0.0      52.9178      0.0      52.8763  
   500      31982.85     0.0      52.3379      0.0      52.2723  
   1000     37843.61     0.0      50.6238      0.0      50.5251  
   1500     43561.63     0.0      40.2351      0.0      40.0945  
   2000     49113.86     0.0      21.2367      0.0      21.1389  
   2500     54407.45     0.0      21.0156      0.0      20.9077  
   3000     59778.36     0.0      19.9837      0.0      19.8024  
   3500     65600.63     0.0      15.1308      0.0      14.9184  
   4000     76457.67     0.0      10.1502      0.0       9.8947  
   4500     81688.46     0.0      10.0791      0.0       9.7966  
   5000     87047.73     0.0       9.6733      0.0       9.3683  
   5500     92502.44     0.0       8.6852      0.0       8.3674  
   6000     97734.45     0.0       8.4677      0.0       8.1477  
   6500    103004.25     0.0       8.4404      0.0       8.0901  
   7000    108438.34     0.0       8.3168      0.0       7.9198  
   7500    113815.74     0.0       8.0955      0.0       7.7089  
   8000    119071.61     0.0       8.0558      0.0       7.6595  
   8500    125001.49     0.0       8.0327      0.0       7.6123  
   9000    131020.81     0.0       7.9847      0.0       7.5499  
   9500    136714.21     0.0       7.9422      0.0       7.4878  
  10000    142227.14     0.0       7.9064      0.0       7.4496  
