Generating synthetic count valued data ... 
Generating synthetic  count valued data took:  4.9409284591674805
max_count =  24  min count =  0
Using  0.2  of training data 
Tensor dimensions:  [50, 50, 50]
Optimization metrics: 
Using Ada Grad
Mean update scheme:  S
Covariance update :  N
k1 samples =  64  k2 samples =  64
eta =  1  cov eta =  0.001  sigma eta =  1
iteration |   time   |test_rsme |train_rsme|  d_mean  |   d_cov  | test_nll | train_nll     dw   
   100       428.51     4.2256     4.2573     0.3092     2.5007   129939.97  105322.62     0.0    
   200       982.37     4.1856     4.2177     0.2935     1.6664   123009.66   99676.37     0.0    
   300      1534.67     4.0326     4.0639     0.2851     1.0609   103118.19   83522.42     0.0    
   400      2086.45     3.7084     3.737      0.2605     0.5926    76192.95   61697.21     0.0    
   500      2632.77     3.2473     3.2722     0.2248     0.656     54636.07   44240.76     0.0    
   600       3177.0     2.7623     2.7829     0.2244     0.7761    42044.06   34024.45     0.0    
   700      3718.49     2.3401     2.3576     0.2222     0.5107    35381.97   28625.03     0.0    
   800      4258.81     2.0143     2.0276     0.2027     0.6698    31887.46   25816.76     0.0    
   900      4797.94     1.791      1.8016     0.2286     1.6057    30062.89   24335.96     0.0    
   1000     5337.97     1.6411     1.6513     0.2477     0.5861    29087.71   23538.14     0.0    
   1100     5884.25     1.5422     1.5466     0.1823     0.264     28528.72   23095.24     0.0    
   1200      6430.5     1.4756     1.4822     0.1156     0.0413    28161.03   22779.59     0.0    
   1300     6970.17     1.4335     1.4389     0.1638     0.3662    27942.96   22623.68     0.0    
   1400      7506.8     1.4044     1.4086     0.1448     0.0259    27794.85   22490.44     0.0    
   1500     8047.84     1.3883     1.3941     0.1331     0.0299    27742.18   22457.53     0.0    
   1600     8591.68     1.3728     1.3769     0.131      0.7311    27658.14   22378.7      0.0    
   1700     9129.24     1.3639     1.3692     0.102      0.0636    27594.71   22320.34     0.0    
   1800     9664.15     1.3576     1.3609     0.1691     0.0035    27574.81   22295.03     0.0    
   1900     10197.77    1.3488     1.3526     0.0882     0.6655    27526.96   22263.5      0.0    
   2000     10732.28    1.3461     1.3482     0.0989     0.0608    27493.23   22230.32     0.0    
   2100     11267.23    1.3417     1.3435     0.0934     0.1729    27486.89   22222.61     0.0    
   2200     11801.41    1.3394     1.3414     0.1559     0.0055    27466.18   22209.15     0.0    
   2300     12335.86    1.337      1.3384     0.0959     0.0374    27449.14   22201.63     0.0    
   2400     12869.99    1.3339     1.3375     0.1044     0.0271    27431.38   22190.71     0.0    
   2500     13403.1     1.332      1.3337     0.1473     0.0433    27420.39   22179.26     0.0    
   2600     13935.11    1.3304     1.3331     0.1101     0.1237    27429.04   22171.31     0.0    
   2700     14463.34    1.3318     1.3322     0.1149     0.0984    27426.13   22177.01     0.0    
   2800     14982.58    1.3295     1.3315     0.0768     0.2613    27398.42   22157.44     0.0    
   2900     15478.57    1.329       1.33      0.1071     0.2017    27391.41   22156.91     0.0    
   3000     15973.25    1.3286     1.3276     0.0724     0.0432    27398.97   22153.41     0.0    
   3100     16468.18    1.3294     1.3307     0.0974     0.0036    27414.32   22172.21     0.0    
   3200     16977.4     1.3318     1.3262     0.0596     0.0119    27403.79   22151.85     0.0    
   3300     17482.01    1.3276     1.3265     0.0782     0.2579    27398.58   22157.13     0.0    
   3400     17984.96    1.3236     1.3267     0.0831     0.0016    27372.1    22138.98     0.0    
   3500     18489.09    1.3265     1.3262     0.1065     0.0503    27377.72   22128.61     0.0    
   3600     18984.76    1.3246     1.3253     0.0762     0.0037    27370.52   22130.22     0.0    
   3700     19478.81    1.3246     1.3252     0.0671     0.0018    27366.32   22123.03     0.0    
   3800     19972.62    1.3261     1.3274     0.0967     0.0053    27351.61   22121.01     0.0    
   3900     20476.2     1.3267     1.3254     0.0619     0.7791    27361.73   22113.01     0.0    
   4000     20981.63    1.3272     1.3263     0.0966     0.0068    27364.76   22118.25     0.0    
Using  0.4  of training data 
Tensor dimensions:  [50, 50, 50]
Optimization metrics: 
Using Ada Grad
Mean update scheme:  S
Covariance update :  N
k1 samples =  64  k2 samples =  64
eta =  1  cov eta =  0.001  sigma eta =  1
iteration |   time   |test_rsme |train_rsme|  d_mean  |   d_cov  | test_nll | train_nll     dw   
   100       401.48     4.2409     4.2567     0.3105     1.9787   130307.03  210209.32     0.0    
   200       970.68     4.2051     4.2207     0.3036     1.241    124345.61  200554.28     0.0    
   300      1540.35     4.0559     4.0708     0.2877     0.7001    105035.5  169394.62     0.0    
   400      2109.59     3.7364     3.7499     0.2918     0.6745    77809.11  125500.35     0.0    
   500      2672.65     3.2808     3.2908     0.2358     0.7684    55651.93   89779.75     0.0    
   600       3225.9     2.799      2.8077     0.2511     1.2613    42630.25   68852.28     0.0    
   700      3776.87     2.3776     2.3841     0.2006     1.0527    35698.34   57678.05     0.0    
   800      4326.34     2.055      2.0603     0.2855     0.158     32109.52   51929.95     0.0    
   900      4875.23     1.8304     1.8334     0.195       0.21     30198.26   48854.69     0.0    
   1000      5422.0     1.6737     1.6775     0.2418     1.2615    29152.19   47180.83     0.0    
   1100     5969.17     1.5696     1.5757     0.1434     0.156     28503.04   46144.07     0.0    
   1200      6515.3     1.4984     1.5046     0.2143     0.5328    28112.54   45526.01     0.0    
   1300     7061.32     1.452      1.4564     0.1184     0.0045    27871.73   45143.52     0.0    
   1400     7606.88     1.4183     1.4226     0.1515     0.2519    27725.52   44890.19     0.0    
   1500     8151.76     1.4005     1.4033     0.1506     0.2367    27630.8    44741.7      0.0    
   1600      8696.8     1.3793     1.3825      0.11      0.2435    27530.66   44575.21     0.0    
   1700     9241.42     1.3643     1.3674     0.1178     0.5244    27478.19   44512.0      0.0    
   1800     9786.84     1.3555     1.3597     0.102      0.7693    27439.94   44430.13     0.0    
   1900     10331.92    1.3491     1.3514     0.1343     0.985     27389.07   44349.17     0.0    
   2000     10875.95    1.3434     1.3459     0.0689     0.5623    27379.61   44327.8      0.0    
   2100     11420.85    1.3362     1.3383     0.0871     0.2113    27349.61   44281.16     0.0    
   2200     11964.61    1.3296     1.3325     0.1328     0.019     27298.72   44194.31     0.0    
   2300     12509.59    1.3283     1.3312     0.0721     0.0692    27289.94   44183.39     0.0    
   2400     13053.54    1.3261     1.3292     0.1292     0.4562    27270.0    44146.14     0.0    
   2500     13596.93    1.3259     1.3291     0.1286     0.2758    27282.85   44158.75     0.0    
   2600     14140.83    1.3235     1.323      0.0709     0.0958    27252.91   44105.4      0.0    
   2700     14684.92    1.3213     1.322      0.092      0.0184    27243.01   44101.54     0.0    
   2800     15228.8     1.3209     1.3216     0.0946     0.4628    27239.7    44095.39     0.0    
   2900     15771.54    1.3192     1.3207     0.0849     0.3315    27236.28   44102.38     0.0    
   3000     16315.15    1.3176     1.3183     0.0804     0.0121    27232.37   44075.04     0.0    
   3100     16859.19    1.3195     1.3199     0.1607     0.1885    27228.62   44069.29     0.0    
   3200     17402.99    1.316      1.3171     0.1016     0.2437    27204.41   44037.5      0.0    
   3300     17948.0     1.3152     1.3141     0.0911     0.3157    27185.86   44004.81     0.0    
   3400     18491.74    1.3149     1.3141     0.0578     0.0017    27183.72   44004.78     0.0    
   3500     19035.28    1.313      1.3146     0.0773     0.0561    27185.76   44019.01     0.0    
   3600     19580.08    1.3125     1.314      0.0734     0.068     27178.78   43997.35     0.0    
   3700     20124.01    1.311      1.3118     0.1021     0.0207    27157.84   43968.32     0.0    
   3800     20668.35    1.3116     1.3137     0.1073     0.092     27153.17   43959.01     0.0    
   3900     21213.2     1.3115     1.312      0.0828     0.0095    27148.42   43937.66     0.0    
   4000     21757.71    1.3106     1.3129     0.0717     0.0022    27146.51   43932.18     0.0    
Using  0.6  of training data 
Tensor dimensions:  [50, 50, 50]
Optimization metrics: 
Using Ada Grad
Mean update scheme:  S
Covariance update :  N
k1 samples =  64  k2 samples =  64
eta =  1  cov eta =  0.001  sigma eta =  1
iteration |   time   |test_rsme |train_rsme|  d_mean  |   d_cov  | test_nll | train_nll     dw   
   100       392.92     4.2459     4.2552     0.307      2.682    130467.82  314553.61     0.0    
   200      1003.93     4.2137     4.2229     0.3047     1.6546   125198.38  301824.23     0.0    
   300      1613.92     4.0708     4.0792     0.2953     1.0521   106459.32  256674.94     0.0    
   400      2222.07     3.7532     3.7611     0.2608     0.4704    78851.32   190154.7     0.0    
   500      2828.62     3.2883     3.2958     0.3005     0.7547    55899.51  134951.68     0.0    
   600      3432.07     2.7928      2.8       0.2172     1.1464    42427.76  102508.44     0.0    
   700      4032.56     2.3732     2.3797     0.2541     1.8378    35575.6    86006.93     0.0    
   800      4631.26     2.0576     2.0636     0.2102     0.1176    32048.05   77533.69     0.0    
   900      5228.38     1.833      1.8381     0.2149     0.7315    30166.5    72951.41     0.0    
   1000     5824.52     1.6762     1.6823     0.1466     0.9458    29096.07   70413.21     0.0    
   1100     6419.87     1.5736     1.5775     0.2062     0.0361    28475.57   68933.3      0.0    
   1200     7015.73     1.5053     1.5088     0.2012     0.5316    28109.68   68050.85     0.0    
   1300     7611.37     1.4552     1.4575     0.1846     0.485     27827.39   67372.11     0.0    
   1400     8206.86     1.423      1.4239     0.2135     0.4237    27681.57   66966.78     0.0    
   1500     8802.33     1.3996     1.3993     0.142      0.0409    27570.47   66702.57     0.0    
   1600     9397.78     1.3793     1.3785     0.1381     0.1557    27488.13   66504.58     0.0    
   1700     9992.33     1.3612     1.3627     0.1411     0.6269    27403.65   66302.34     0.0    
   1800     10587.92    1.3508     1.352      0.0905     0.3392    27365.1    66220.15     0.0    
   1900     11183.96    1.3441     1.3449     0.1475     0.0108    27347.86   66228.62     0.0    
   2000     11779.58    1.3375     1.3385     0.0729     0.0908    27296.9    66056.5      0.0    
   2100     12377.16    1.3336     1.3328     0.1445     0.1207    27264.35   65979.57     0.0    
   2200     12980.1     1.3276     1.3279     0.1049     0.3709    27237.58   65910.71     0.0    
   2300     13584.13    1.3253     1.3263     0.058      0.2589    27222.39   65872.92     0.0    
   2400     14178.23    1.323      1.3224     0.0816     0.0754    27206.35   65834.43     0.0    
   2500     14773.54    1.3221      1.32      0.1855     0.105     27223.73   65840.82     0.0    
   2600     15368.17    1.319      1.3166     0.1218     0.4275    27190.69   65784.06     0.0    
   2700     15963.21    1.3193     1.3182     0.0998     0.0102    27195.11   65775.26     0.0    
   2800     16558.12    1.3154     1.3144     0.0921     0.0319    27180.54   65749.17     0.0    
   2900     17154.05    1.3154     1.3146     0.1277     0.0192    27180.65   65751.32     0.0    
   3000     17751.63    1.3137     1.3123     0.1357     0.0173    27153.87   65687.93     0.0    
   3100     18358.07    1.312      1.3105     0.0744     0.0088    27147.36   65680.0      0.0    
   3200     18957.46    1.3104     1.3099     0.1091     0.304     27142.59   65656.57     0.0    
   3300     19591.38    1.3102     1.3083     0.0611     0.5635    27131.04   65631.48     0.0    
   3400     20224.81    1.3118     1.3095     0.0766     0.0011    27141.01   65641.69     0.0    
   3500     20857.61    1.311      1.3094     0.0617     0.0144    27123.11   65595.86     0.0    
   3600     21493.0     1.3092     1.3086     0.088      0.1407    27113.51   65578.4      0.0    
   3700     22126.67    1.3087     1.3073     0.0748     0.0597    27099.06   65552.26     0.0    
   3800     22760.75    1.3092     1.308      0.0529     0.0607    27115.28   65579.2      0.0    
   3900     23394.31    1.3083     1.3068     0.0607     0.6231    27101.38   65530.54     0.0    
   4000     24027.71    1.3094     1.3064     0.0757     0.0025    27096.52   65545.36     0.0    
Using  0.8  of training data 
Tensor dimensions:  [50, 50, 50]
Optimization metrics: 
Using Ada Grad
Mean update scheme:  S
Covariance update :  N
k1 samples =  64  k2 samples =  64
eta =  1  cov eta =  0.001  sigma eta =  1
iteration |   time   |test_rsme |train_rsme|  d_mean  |   d_cov  | test_nll | train_nll     dw   
   100       416.52     4.2476     4.255      0.3079     2.8796    130539.4   419372.5     0.0    
   200      1098.93     4.2226     4.2299     0.306      0.7614   126471.32  406250.87     0.0    
   300      1777.92     4.0962     4.1039     0.2892     0.8061   109471.35  351619.45     0.0    
   400      2477.34     3.8018     3.8091     0.2751     0.6397    82269.15  264355.94     0.0    
   500      3145.97     3.3597     3.3656     0.229      0.7218    58572.8    188383.6     0.0    
   600      3842.64     2.8779     2.8836     0.218      0.9804    44242.14  142496.45     0.0    
   700       4538.6     2.4533     2.4585     0.282      1.2324    36696.21  118310.62     0.0    
   800      5215.91     2.1194     2.127      0.189      0.6714    32723.07  105634.71     0.0    
   900      5866.95     1.8786     1.8864     0.2109     2.2989    30569.92   98737.86     0.0    
   1000     6529.32     1.7076     1.7171     0.2017     0.7828    29299.6    94728.91     0.0    
   1100     7177.78     1.5934     1.6039     0.2803     2.0114    28595.43   92423.53     0.0    
   1200     7824.26     1.5195     1.5288     0.2359     0.2397    28181.37   91098.76     0.0    
   1300     8470.97     1.4653     1.4742     0.177      0.5458    27879.66   90146.19     0.0    
   1400     9117.05     1.4277     1.4349     0.1437     0.3464    27701.21   89530.37     0.0    
   1500     9776.55     1.3979     1.4063     0.1333     0.4176    27563.35   89094.1      0.0    
   1600     10461.9     1.3802     1.3877     0.1662     0.2146    27482.1    88844.45     0.0    
   1700     11143.61    1.3642     1.3733     0.1059     0.0928    27418.51   88663.58     0.0    
   1800     11826.15    1.3547     1.3617     0.174      0.0519    27423.23   88659.79     0.0    
   1900     12504.91     1.35      1.356      0.1233     0.4762    27357.19   88391.49     0.0    
   2000     13173.44    1.3413     1.3469     0.1418     0.0046    27301.83   88241.74     0.0    
   2100     13819.56    1.3367     1.3429     0.131      0.025     27274.66   88135.48     0.0    
   2200     14497.95    1.3318     1.3382     0.1434     0.0474    27257.69   88121.38     0.0    
   2300     15186.2     1.3261     1.3312     0.1086     0.411     27242.16   88063.82     0.0    
   2400     15844.89    1.325      1.3306     0.1287     0.2641    27223.44   87978.81     0.0    
   2500     16489.25    1.3231     1.3275     0.1397     0.3472    27201.16   87919.56     0.0    
   2600     17134.89    1.3186     1.3233     0.0962     0.1969    27188.92   87871.59     0.0    
   2700     17779.75    1.3188     1.3238     0.1259     0.3039    27190.97   87866.32     0.0    
   2800     18424.82    1.3156     1.3204     0.1032     0.0055    27157.8    87763.63     0.0    
   2900     19069.81    1.3147     1.3199     0.1236     0.1156    27144.39   87717.45     0.0    
   3000     19713.69    1.3126     1.3174     0.0888     0.0949    27145.46   87704.7      0.0    
   3100     20358.7     1.3115     1.3164     0.1008     0.0535    27139.62   87723.74     0.0    
   3200     21003.06    1.3123     1.3163     0.119      0.0035    27128.37   87686.89     0.0    
   3300     21648.29    1.3106     1.3152     0.1133     0.0163    27119.26   87627.76     0.0    
   3400     22293.53    1.3082     1.3138     0.0663     0.0545    27110.31   87614.8      0.0    
   3500     22938.4     1.3088     1.3139     0.0852     0.0085    27109.04   87612.17     0.0    
   3600     23583.82    1.3107     1.3145     0.135      0.0152    27107.95   87581.86     0.0    
   3700     24228.11    1.3064     1.3121     0.134      0.0379    27086.59   87516.89     0.0    
   3800     24873.86    1.3099     1.3132     0.1015     0.0296    27095.21   87559.94     0.0    
   3900     25519.42    1.3079     1.3119     0.0786     0.0051    27091.94   87516.23     0.0    
   4000     26193.96    1.3085     1.3115     0.0827     0.0308    27086.08   87508.86     0.0    
Using  1  of training data 
Tensor dimensions:  [50, 50, 50]
Optimization metrics: 
Using Ada Grad
Mean update scheme:  S
Covariance update :  N
k1 samples =  64  k2 samples =  64
eta =  1  cov eta =  0.001  sigma eta =  1
iteration |   time   |test_rsme |train_rsme|  d_mean  |   d_cov  | test_nll | train_nll     dw   
   100       418.19     4.2484     4.2651     0.304      2.1079   130534.39  525766.05     0.0    
   200       1133.2     4.2229     4.2387     0.3046     0.9997   126272.47  508494.52     0.0    
   300      1842.82     4.094      4.1098     0.2907     0.9309   109072.72  439145.52     0.0    
   400       2549.2     3.795      3.8095     0.2723     0.574     81692.43  328959.01     0.0    
   500       3253.9     3.3407     3.3542     0.2863     0.3284    57804.92   232979.4     0.0    
   600      3954.63     2.8555     2.8665     0.1973     1.542     43707.82  176265.66     0.0    
   700      4654.66     2.4283     2.4386     0.2087     2.4541    36298.29  146471.53     0.0    
   800      5352.51     2.1026     2.1122     0.2265     1.0237    32481.94  131169.65     0.0    
   900      6048.68     1.8638     1.8755     0.2493     1.0083    30389.24  122851.08     0.0    
   1000     6743.98     1.6981     1.7115     0.2518     0.0823    29208.57  118127.23     0.0    
   1100     7437.99     1.5863     1.6007     0.0746     0.7768    28536.82  115481.23     0.0    
   1200     8131.96     1.5132     1.5276     0.1181     0.0254    28118.41  113763.36     0.0    
   1300     8824.95     1.4601     1.4747     0.1774     0.3134    27861.07  112770.95     0.0    
   1400     9518.24     1.4258     1.4395     0.1055     0.1817    27699.48  112028.89     0.0    
   1500     10211.95    1.4007     1.4143     0.1493     0.4308    27600.69  111703.04     0.0    
   1600     10905.49    1.3781     1.3917     0.1771     0.0519    27468.2   111161.46     0.0    
   1700     11597.43    1.3628     1.3767     0.1102     0.154     27401.34  110895.38     0.0    
   1800     12290.49    1.3527     1.3668     0.1262     0.0367    27348.37  110675.92     0.0    
   1900     12982.98    1.3454     1.3584     0.1479     0.4253    27331.42   110596.4     0.0    
   2000     13675.97    1.3392     1.3511     0.1136     0.1235    27286.98  110400.65     0.0    
   2100     14367.73    1.3327     1.3452     0.0717     0.183     27248.58  110295.11     0.0    
   2200     15059.64    1.3297     1.3409     0.1102     0.5293    27207.32  110051.24     0.0    
   2300     15751.44    1.3235     1.335      0.1246     0.0044    27179.64  109951.92     0.0    
   2400     16443.28    1.321      1.3337     0.1194     0.0266    27175.29  109952.32     0.0    
   2500     17135.3     1.3167     1.3284     0.1352     0.0246    27155.06  109865.91     0.0    
   2600     17829.41    1.3168     1.3274     0.1499     0.0134    27151.64  109840.75     0.0    
   2700     18521.89    1.3168     1.3262     0.1071     0.0073    27160.19  109821.83     0.0    
   2800     19213.56    1.3127     1.323      0.1346     0.0199    27136.15  109743.72     0.0    
   2900     19905.64    1.3111     1.3208     0.0883     0.0081    27116.58  109677.32     0.0    
   3000     20598.23    1.311      1.3202     0.0759     0.0018    27100.12  109607.07     0.0    
   3100     21290.93    1.3086     1.3183     0.1047     0.3064    27100.96  109632.21     0.0    
   3200     21983.82    1.3077     1.3179     0.102      0.0391    27094.26  109587.65     0.0    
   3300     22675.34    1.3079     1.3162     0.0763     0.0157    27096.0   109588.11     0.0    
   3400     23367.3     1.3082     1.3152     0.1191     0.0928    27081.29  109511.85     0.0    
   3500     24060.34    1.3052     1.315      0.1074     0.007     27072.1   109460.75     0.0    
   3600     24752.3     1.3065     1.3148     0.1054     0.0092    27069.33   109451.7     0.0    
   3700     25443.66    1.3038     1.3127     0.0815     0.0261    27048.06  109362.45     0.0    
   3800     26147.49    1.3044     1.3127     0.1301     0.0245    27053.9   109380.16     0.0    
   3900     26852.82    1.3034     1.3111     0.0973     0.016     27030.94   109270.4     0.0    
   4000     27555.51    1.302      1.3112     0.0772     0.0075    27020.85  109267.06     0.0    
