Factorizing with max_iteration = 20000  fixing covariance?:  False
Tensor dimension: [2370, 8663, 4066]
Mean update: S
Cov update: N
Using diagonal covariance: True
k1 samples =  64  k2 samples =  128
eta =  1.0  cov eta =  1.0  sigma eta =  1
iteration |   time   |  test_err  |  test_mae  |  trainerr  |  trainmae |
    0         0.84       0.0      22.8624      0.0      22.9478  
    5       1496.01      0.0       22.701      0.0      22.7987  
    10      2976.54      0.0      22.6577      0.0      22.7417  
    20      4463.07      0.0      22.4853      0.0      22.5947  
    50      5974.39      0.0      21.9585      0.0       22.058  
   100       7475.8      0.0      21.0002      0.0      21.0837  
   200      9005.24      0.0      19.6812      0.0      19.7495  
   500      10694.19     0.0      16.6835      0.0      16.7533  
   1000     12515.83     0.0      13.1878      0.0      13.2833  
   1500     14328.26     0.0      10.8298      0.0      10.9387  
   2000     16130.54     0.0       8.9083      0.0       9.0236  
   2500     17924.63     0.0       7.8279      0.0       7.9614  
   3000     19727.34     0.0       7.5969      0.0       7.7332  
   3500     21510.03     0.0       7.3878      0.0       7.5232  
   4000     23323.24     0.0       7.2003      0.0       7.3343  
   4500     25197.29     0.0       7.191       0.0       7.3216  
   5000     27076.84     0.0       7.0948      0.0       7.2223  
   5500     28950.67     0.0       6.921       0.0       7.0381  
   6000     30811.91     0.0       6.754       0.0       6.8722  
   6500     32675.15     0.0       6.5964      0.0       6.7146  
   7000     34516.71     0.0       6.4278      0.0       6.5467  
   7500     36362.6      0.0       6.3016      0.0       6.4234  
   8000     38201.25     0.0       6.2132      0.0       6.335   
   8500     40073.24     0.0       6.1137      0.0       6.2275  
   9000     41951.68     0.0       6.138       0.0       6.241   
   9500     43802.1      0.0       6.1352      0.0       6.2502  
  10000     45682.53     0.0       6.0936      0.0       6.1873  
  10500     47549.36     0.0       5.9845      0.0       6.0793  
  11000     49368.03     0.0       5.9002      0.0       6.0089  
  11500     51159.61     0.0       5.8393      0.0       5.9333  
  12000     52936.89     0.0       5.7446      0.0       5.8543  
  12500     54766.17     0.0       5.6558      0.0       5.7438  
  13000     56652.47     0.0       5.6116      0.0       5.712   
  13500     58526.39     0.0       5.5491      0.0       5.6452  
  14000     60378.11     0.0       5.5051      0.0       5.592   
  14500     62229.5      0.0       5.4162      0.0       5.5148  
  15000     64095.62     0.0       5.3793      0.0       5.4655  
  15500     65933.65     0.0       5.3275      0.0       5.4147  
  16000     67758.17     0.0       5.2844      0.0       5.3728  
  16500     69595.15     0.0       5.248       0.0       5.3388  
  17000     71479.54     0.0       5.1964      0.0       5.2615  
  17500     73356.66     0.0       5.1314      0.0       5.2015  
  18000     75220.53     0.0       5.0947      0.0       5.1678  
  18500     77074.98     0.0       5.0625      0.0       5.141   
  19000     78852.78     0.0       5.0286      0.0       5.0983  
  19500     80640.41     0.0       5.002       0.0       5.0669  
  20000     82413.32     0.0       4.9777      0.0       5.0453  
