Factorizing with max_iteration = 20000  fixing covariance?:  False
Tensor dimension: [2370, 8663, 4066]
Mean update: S
Cov update: N
Using diagonal covariance: True
k1 samples =  64  k2 samples =  128
eta =  1.0  cov eta =  1.0  sigma eta =  1
iteration |   time   |  test_err  |  test_mae  |  trainerr  |  trainmae |
    0         1.74       0.0      23.1346      0.0      23.1161  
    5       1759.58      0.0       22.966      0.0      22.9528  
    10      3473.83      0.0      22.9063      0.0      22.8891  
    20      5205.55      0.0      22.7692      0.0      22.7479  
    50      6988.69      0.0      22.0722      0.0      22.0451  
   100      8801.86      0.0      21.1063      0.0      21.0804  
   200      10689.0      0.0      19.8114      0.0      19.8014  
   500      12871.57     0.0      16.7292      0.0      16.7439  
   1000     15335.94     0.0      13.2015      0.0      13.2082  
   1500     17765.39     0.0      10.6705      0.0      10.6645  
   2000     20175.89     0.0       8.5861      0.0       8.545   
   2500     22572.44     0.0       7.2902      0.0       7.2429  
   3000     25089.88     0.0       6.6596      0.0       6.611   
   3500     27551.94     0.0       6.2065      0.0       6.1594  
   4000     29969.05     0.0       5.8301      0.0       5.789   
   4500     32511.13     0.0       5.3962      0.0       5.3507  
   5000     35065.38     0.0       5.0734      0.0       5.0261  
   5500     37626.66     0.0       4.7521      0.0       4.7046  
   6000     40135.56     0.0       4.5226      0.0       4.4649  
   6500     42643.82     0.0       4.2991      0.0       4.2503  
   7000     45104.05     0.0       4.1202      0.0       4.0598  
   7500     47567.98     0.0       3.9316      0.0       3.8765  
   8000     50014.8      0.0       3.7584      0.0       3.7059  
   8500     52546.51     0.0       3.5636      0.0       3.4986  
   9000     55095.53     0.0       3.4326      0.0       3.3775  
   9500     57604.84     0.0       3.3796      0.0       3.3199  
  10000     60145.85     0.0       3.3229      0.0       3.268   
  10500     62694.96     0.0       3.2862      0.0       3.2246  
  11000     65190.06     0.0       3.2346      0.0       3.174   
  11500     67640.02     0.0       3.187       0.0       3.1308  
  12000     70068.84     0.0       3.1556      0.0       3.0887  
  12500     72611.81     0.0       3.0721      0.0       3.0109  
  13000     75199.08     0.0       3.0193      0.0       2.9483  
  13500     77756.66     0.0       2.9675      0.0       2.9123  
  14000     80195.7      0.0       2.9536      0.0       2.884   
  14500     82611.37     0.0       2.9309      0.0       2.8545  
  15000     85029.13     0.0       2.8869      0.0       2.8309  
  15500     87414.15     0.0       2.864       0.0       2.8106  
  16000     89751.81     0.0       2.8521      0.0       2.7839  
  16500     92121.65     0.0       2.813       0.0       2.7475  
  17000     94606.04     0.0       2.762       0.0       2.7031  
  17500     97076.46     0.0       2.742       0.0       2.6871  
  18000     99511.35     0.0       2.7277      0.0       2.6715  
  18500    101924.36     0.0       2.7232      0.0       2.661   
  19000    104303.16     0.0       2.6926      0.0       2.6483  
  19500    106707.58     0.0       2.6764      0.0       2.6323  
  20000    109074.73     0.0       2.6692      0.0       2.6221  
