Generating synthetic count valued data ... 
Generating synthetic  count valued data took:  17.51827907562256
max_count =  54  min count =  0
Evaluation for true params: 
 test_rsme | train_rsme | rel-te-err | rel-tr-err |  test_nll  |  train_nll |
2.6301710971 2.6244751856   1.51412      1.50653     163533.98    650175.67  
Using  0.05 of training data
Factorizing with max_iteration = 16000  fixing covariance?:  False
Tensor dimensions:  [50, 50, 50]
Optimization metrics: 
Using Ada Grad
Mean update scheme:  S
Covariance update :  N
Using diagonal covariance?:  False
Random start? True
k1 samples =  64  k2 samples =  128
eta =  1.0  cov eta =  1.0  sigma eta =  1
iteration |   time   |test_rsme |rel-te-err|train_rsme|rel-tr-err|   d_mean  |   d_cov  |avg_grad_m|avg_grad_c| test_nll | train_nll |    VLB   |  E-term  |    KL     
    0         1.89     10.3688     6.651     10.4458     6.6502     3.1623     0.9071     0.7919     0.5058   194303.13   38607.81   -80922.0  -80870.819   51.232   
    5        90.81     10.3773     6.6534    10.4419     6.6482     3.1623     0.9071     5.2553     5.7332   192388.16   38107.41   -80133.0  -80087.338   45.375   
    10       191.05     10.385     6.6598    10.4312     6.641      3.1623     0.9071    10.4092    11.5516   189370.03   37383.83   -79269.0  -79229.487   39.333   
    20       311.79    10.3859     6.6628    10.3265     6.5778     3.1623     0.9071    28.2281    30.4475   182726.96   35509.12   -75730.0  -75697.476   32.914   
    50       496.9      9.8669     6.347      9.3071     5.911      3.1623     0.8174    161.9509   136.1686  153556.85   27522.35   -48855.0  -48818.535   36.259   
   100       782.29     6.2461     3.7545     4.9999     3.1196     3.0889     0.2788    215.7664   206.9903   71148.16   11713.93   -13737.0  -13704.33    32.426   
   200      1191.62     5.216      3.0432     3.5084     2.1262     2.8377     0.1348    37.1573    86.5444    58532.2     8980.9    -10005.0  -9976.472    28.566   
   300      1604.53     4.6821     2.7572     3.025      1.8318     1.902      0.0587    21.7315    96.2569    53983.68   8350.49    -9236.0   -9209.788    26.584   
   400      2020.48     4.4409     2.6271     2.8227     1.6908     1.2041     0.0394    18.6449    100.1712   52219.6    8060.02    -8870.0   -8844.439    25.395   
   500      2437.63     4.3365     2.5819     2.7255     1.6258     1.3862     0.037     18.2789    103.4417   51312.71   7937.36    -8693.0   -8668.658    24.501   
   600      2854.59     4.2277     2.524      2.609      1.5494     1.2391     0.0268    16.1736    105.318    50464.32   7770.64    -8500.0   -8475.845    23.89    
   700      3272.12     4.1542     2.4816     2.5138     1.479      0.8726     0.0224    14.1455    107.2091   49736.29    7632.5    -8309.0   -8286.153    23.328   
