Generating synthetic count valued data ... 
Generating synthetic  count valued data took:  17.081322193145752
max_count =  54  min count =  0
Evaluation for true params: 
 test_rsme | train_rsme | rel-te-err | rel-tr-err |  test_nll  |  train_nll |
2.6301710971 2.6244751856   1.51412      1.50653     162498.41    646060.02  
Using  0.05 of training data
Factorizing with max_iteration = 16000  fixing covariance?:  False
Tensor dimensions:  [50, 50, 50]
Optimization metrics: 
Using Ada Grad
Mean update scheme:  S
Covariance update :  N
Using diagonal covariance?:  False
Random start? True
k1 samples =  64  k2 samples =  128
eta =  1.0  cov eta =  1.0  sigma eta =  1
iteration |   time   |test_rsme |rel-te-err|train_rsme|rel-tr-err|   d_mean  |   d_cov  |avg_grad_m|avg_grad_c| test_nll | train_nll |    VLB   |  E-term  |    KL     |   dw   |
    0         1.8      10.3667      6.65     10.4445     6.651      3.1623     1.1183     0.7347     0.4426   157989.61   31307.96   -83937.0  -83886.234   51.133     0.0266  
    5        127.64    10.3687     6.6509     10.435     6.6474     3.1623     1.1183     5.2371     5.2266   157438.79   31084.15   -83040.0  -82995.041   44.54      0.0017  
    10       264.48    10.3679     6.6525    10.4106     6.6304     3.1623     1.1183    10.5773    10.4565   154934.05   30473.75   -82188.0  -82148.986   39.059     0.0012  
    20       421.34    10.3362     6.6448    10.2864     6.5534     3.1623     1.1183    28.7902    26.8793   151880.03   29483.97   -78482.0  -78449.652   32.375     0.0009  
    50       639.27     9.7562     6.3052     9.1304     5.8316     3.1623     0.921     176.0118   117.744    130715.3   23414.41   -48362.0  -48323.212   38.787     0.0003  
   100       952.6      6.2529     3.7727     5.0155     3.1086     3.0812     0.2863    234.7915   209.7403   66317.99   11031.75   -13749.0  -13714.828   33.836     0.0004  
   200      1365.18     5.1541     3.0394     3.457      2.0962     2.6653     0.1784     33.866    90.2882    55272.15   8784.23    -10472.0  -10442.721   29.063      0.0    
   300      1780.62     4.6867     2.7929     3.064      1.8472     1.5095     0.1332    22.1047    95.1257    51967.26   8311.58    -9737.0   -9710.456    26.414      0.0    
   400      2197.98     4.5145     2.714      2.878      1.728      1.7132     0.1083    19.4444    97.5464    50854.71   8063.27    -9321.0   -9296.439    25.022      0.0    
   500       2616.4     4.3868     2.6548     2.7774     1.6612     1.2795     0.0934    15.5769    100.5739   50236.3    7928.02    -9086.0   -9061.604    24.077      0.0    
   600      3034.63     4.328      2.6284     2.7072     1.6134     1.0306     0.0822    14.5274    102.622    49876.37   7855.99    -8967.0   -8943.631    23.329      0.0    
   700      3454.35     4.297      2.6188     2.6582     1.5896     1.0543     0.0743    14.0295    104.6976   49759.5    7798.92    -8882.0    -8858.81    22.796      0.0    
