Generating synthetic count valued data ... 
Generating synthetic  count valued data took:  16.857232093811035
max_count =  52  min count =  0
Evaluation for true params: 
 test_rsme | train_rsme | rel-te-err | rel-tr-err |  test_nll  |  train_nll |
2.6464995749 2.6289161265   1.51876      1.50536     163417.29    651123.47  
Using  0.05 of training data
Factorizing with max_iteration = 16000  fixing covariance?:  False
Tensor dimensions:  [50, 50, 50]
Optimization metrics: 
Using Ada Grad
Mean update scheme:  S
Covariance update :  N
Using diagonal covariance?:  False
Random start? True
k1 samples =  64  k2 samples =  128
eta =  1.0  cov eta =  1.0  sigma eta =  1
iteration |   time   |test_rsme |rel-te-err|train_rsme|rel-tr-err|   d_mean  |   d_cov  |avg_grad_m|avg_grad_c| test_nll | train_nll |    VLB   |  E-term  |    KL     |   dw   |
    0         1.84      10.42      6.666     10.3752     6.6254     3.1623     1.0744     0.548      0.4465   156834.21   31258.28   -83546.0  -83487.116   58.822     0.0262  
    5        130.68    10.4223     6.6678    10.3713     6.6244     3.1623     1.0744     4.7066     5.1768   157127.35   31100.79   -82739.0  -82687.491   51.459     0.0016  
    10       270.66    10.4223     6.6674     10.351     6.6106     3.1623     1.0744     9.547     10.4486   154769.67   30535.25   -82100.0  -82056.098   44.113     0.0014  
    20       431.76     10.402     6.6589    10.2354     6.5344     3.1623     1.0744    27.3663     26.602   151783.97   29483.15   -78502.0  -78466.077   36.115     0.0009  
    50       655.85     9.8996     6.293      9.1878     5.8006     3.1623     0.9009    154.0244   116.7069  131287.14   23468.09   -50995.0  -50957.583   37.389     0.0003  
   100       975.44     6.5463     3.9462     5.4062     3.3476     3.1047     0.3019    237.4535   221.4247   68532.33   11771.25   -14710.0  -14679.535   30.926     0.0004  
   200      1393.59     5.4089     3.1793     3.6333     2.2252     2.5332     0.1931    35.9583    90.0687    57525.77   9093.28    -11043.0  -11016.975   26.315      0.0    
   300      1815.84     4.8485     2.8555     3.0354     1.8414     1.6886     0.1401    21.9114    90.2956    52614.15   8215.32    -9514.0   -9490.016    24.425      0.0    
   400      2237.96     4.6207     2.7472     2.8556     1.7408     1.2327     0.1126    17.0011    94.5394    51292.41   8004.16    -9204.0   -9181.247    23.147      0.0    
   500       2661.5     4.5083     2.6948     2.7276     1.6532     1.2311     0.0976    15.5055    96.0332    50740.8    7872.94    -9020.0   -8997.666    22.326      0.0    
   600      3085.45     4.4399     2.6582     2.6591     1.6012     1.127      0.0871    14.4936    97.1609    50325.45   7791.19    -8884.0   -8862.156    21.802      0.0    
   700      3510.25     4.3809     2.6321     2.6145     1.5718     1.1807     0.0797     13.61     98.4015    49995.69   7712.53    -8772.0   -8750.593    21.422      0.0    
