Generating synthetic count valued data ... 
Generating synthetic  count valued data took:  18.42183804512024
max_count =  55  min count =  0
Evaluation for true params: 
 test_rsme | train_rsme | rel-te-err | rel-tr-err |  test_nll  |  train_nll |
2.6157905115 2.6387724419   1.50604       1.5161     159574.82    635256.82  
Using  0.05 of training data
Factorizing with max_iteration = 16000  fixing covariance?:  False
Tensor dimensions:  [50, 50, 50]
Optimization metrics: 
Using Ada Grad
Mean update scheme:  S
Covariance update :  N
Using diagonal covariance?:  False
Random start? True
k1 samples =  64  k2 samples =  128
eta =  1.0  cov eta =  1.0  sigma eta =  1
iteration |   time   |test_rsme |rel-te-err|train_rsme|rel-tr-err|   d_mean  |   d_cov  |avg_grad_m|avg_grad_c| test_nll | train_nll |    VLB   |  E-term  |    KL     |   dw   |
    0         1.96     10.3727     6.6546    10.2056     6.5536     3.1623     1.2143     0.5437     0.4341   156634.53   31056.4    -82204.0  -82147.59    56.832     0.0213  
    5        139.97    10.3736     6.6548    10.1971     6.5488     3.1623     1.2143     4.9973     5.2081   157101.64   31039.16   -81264.0  -81215.963   48.451     0.0009  
    10       289.72    10.3689     6.6532    10.1749     6.5328     3.1623     1.2143    10.5807    10.5761    154657.5   30334.45   -80335.0  -80293.034   42.06      0.0015  
    20       460.41     10.331     6.6368    10.0283     6.447      3.1623     1.2143    29.9341    27.3979   151231.46   29224.09   -76477.0  -76442.69    34.405     0.0008  
    50       698.86     9.7113     6.1984     8.8558     5.6054     3.1623     0.9525    182.0114   119.9892   128529.6   22422.9    -45591.0  -45558.283   32.916     0.0002  
   100      1040.61     6.3577     3.8371     5.1268     3.1508     3.0614     0.2853    226.7282   217.7249   67454.7    11354.16   -14221.0  -14189.985   31.339     0.0003  
   200      1491.29     5.162      3.0372     3.3911     2.0376     2.7074     0.1854     35.053    91.9078    55461.94   8748.46    -10448.0  -10420.756   27.191      0.0    
   300      1945.97     4.6753     2.781      2.9932     1.801      1.6154     0.1377    20.6728    94.8148    51960.54   8248.97    -9612.0   -9587.121    25.351      0.0    
   400      2400.33     4.4619     2.6776     2.8013     1.6724     1.1763     0.1107    16.6644    97.4114    50617.38   8025.47    -9241.0   -9216.886    24.106      0.0    
   500      2854.31     4.3491     2.6286     2.7418     1.635      0.9698     0.0945    15.0306    99.8483    50013.69   7911.19    -9069.0   -9045.642    23.133      0.0    
   600      3309.35     4.3025     2.6127     2.6938     1.6064     1.7417     0.0847    15.7076    101.5273   49920.36   7859.67    -8987.0   -8964.994    22.495      0.0    
