Generating synthetic count valued data ... 
Generating synthetic  count valued data took:  19.583861351013184
max_count =  52  min count =  0
Evaluation for true params: 
 test_rsme | train_rsme | rel-te-err | rel-tr-err |  test_nll  |  train_nll |
2.6464995749 2.6289161265   1.51876      1.50536     163417.29    651123.47  
Using  0.05 of training data
Factorizing with max_iteration = 16000  fixing covariance?:  False
Tensor dimensions:  [50, 50, 50]
Optimization metrics: 
Using Ada Grad
Mean update scheme:  S
Covariance update :  N
Using diagonal covariance?:  False
Random start? True
k1 samples =  64  k2 samples =  128
eta =  1.0  cov eta =  1.0  sigma eta =  1
iteration |   time   |test_rsme |rel-te-err|train_rsme|rel-tr-err|   d_mean  |   d_cov  |avg_grad_m|avg_grad_c| test_nll | train_nll |    VLB   |  E-term  |    KL     
    0         2.79     10.4227     6.6668     10.378     6.6264     3.1623     0.8601     0.5786     0.5082   193730.89   38629.39   -80454.0  -80395.259   58.929   
    5        140.56    10.4327     6.6714    10.3751     6.623      3.1623     0.8601     5.0884     5.758    191890.12   38124.88   -79795.0  -79743.357   51.404   
    10       290.84    10.4421     6.6763    10.3657     6.612      3.1623     0.8601     9.9746    11.6525   188840.37   37242.02   -78876.0  -78830.961   44.569   
    20       467.56    10.4419     6.672     10.2636     6.5378     3.1623     0.8601    27.7358    30.4061    182002.2   35434.9    -75456.0  -75419.316   36.327   
    50       732.96     9.9778     6.3636     9.2942     5.8662     3.1623     0.7804    151.0266   135.7421  153624.02   27500.74   -50227.0  -50180.364   47.084   
   100      1112.81     6.5613     3.858      5.1129     3.1062     3.1296     0.2662    217.5246   212.428    73836.93   11784.55   -13943.0  -13906.182   36.486   
   200      1650.25     5.3481     3.0717     3.3903     1.9904     2.599      0.139     37.9662    87.9046    58814.04   8736.55    -9788.0   -9756.262    32.067   
   300       2201.1     4.8304     2.855      2.9765     1.786      1.7953     0.0593    21.9694    95.8327    55039.31   8351.46    -9252.0   -9222.789    29.217   
   400      2750.47     4.614      2.721      2.7571     1.6298     1.7453     0.0586    20.6676    99.2736    52998.13   7978.94    -8795.0    -8767.54    27.653   
   500       3303.0     4.4084     2.606      2.5657     1.5068     1.003      0.034     16.4041    102.8323   51387.65   7723.07    -8438.0   -8411.321    26.492   
   600      3853.71     4.3266     2.5672     2.4905     1.4478     0.8858     0.0296    15.3348    105.185    50785.26   7622.39    -8326.0   -8299.796    25.834   
   700      4410.23     4.2652     2.5378     2.4333     1.4026     0.873      0.0226    14.3847    106.8513   50329.56   7551.81    -8241.0   -8215.792    25.337   
   800      4955.82     4.208      2.5095     2.386      1.3612     0.7883     0.0196     13.215    108.0818   49884.19   7470.06    -8148.0   -8123.289    24.907   
   900      5509.14     4.1792     2.4937     2.3334     1.328      0.7443     0.0167    12.1304    109.0498   49555.99   7416.84    -8066.0   -8041.683    24.493   
   1000     6062.35     4.1393     2.4776     2.2928     1.3046     0.7111     0.0144    11.2096    110.1232   49316.07   7385.28    -8010.0   -7985.362    24.176   
   1100     6608.22     4.1084     2.4625     2.2761     1.287      0.6052     0.0129    10.2419    111.2759   49028.07   7345.84    -7943.0   -7919.105    23.839   
   1200     7165.39     4.0847     2.4521     2.2458     1.2602     0.5219     0.0119     9.5347    112.2967   48843.82   7314.18    -7922.0   -7898.217    23.667   
   1300     7726.89     4.0641     2.445      2.2113     1.2346     0.525      0.0112     9.0694    112.7601   48673.03   7287.05    -7895.0   -7871.257    23.444   
   1400     8275.18     4.0436     2.4324     2.1837     1.214      0.5009     0.0104     8.607     113.9512   48454.44   7270.63    -7859.0   -7835.951    23.233   
   1500     8816.41     4.0411     2.4319     2.1636     1.209      0.5387     0.0097     8.5728    114.3412   48413.3    7249.03    -7837.0    -7814.35    23.072   
   1600     9365.49     4.0249     2.4276     2.1406     1.2022     0.575      0.0091     8.4422    115.2016   48340.45   7239.74    -7804.0   -7780.705    22.926   
   1700     9915.16     4.0144     2.4221     2.1141     1.179      0.7322     0.0086     8.2578    116.0606   48233.25   7232.63    -7806.0   -7783.567    22.787   
   1800     10465.69    4.0045     2.4157     2.1127     1.1708     0.825      0.0082     8.4243    116.2748   48174.76   7214.54    -7793.0   -7770.342    22.62    
   1900     11017.53    3.9951     2.4136     2.0869     1.1632     0.8062     0.0077     8.3218    116.7984   48107.74   7202.88    -7780.0   -7757.434    22.426   
   2000     11566.35    3.9865     2.4091      2.08      1.1462     0.6518     0.0074     7.8002    117.5998   48034.95    7190.9    -7772.0   -7750.051    22.338   
   2100     12120.32    3.9835     2.4042     2.0767     1.1438     0.5432     0.0069     7.3445    117.9606   47956.48   7174.39    -7750.0   -7727.476    22.235   
   2200     12673.7     3.9801     2.4037     2.0342     1.1228     0.4662     0.0066     7.1744    118.6524   47942.47   7165.54    -7725.0   -7702.426    22.166   
   2300     13222.1     3.973      2.3962     2.0316     1.1232     0.4056     0.0062     6.6902    119.4605   47920.05   7158.32    -7707.0   -7684.426    22.085   
   2400     13764.69    3.9656     2.3936     2.0186     1.1098     0.381      0.0059     6.2915    120.1365   47822.46   7147.48    -7689.0   -7667.208    22.005   
   2500     14310.25    3.9664     2.3933     2.0113     1.1128     0.4114     0.0058     6.5157    121.1625   47791.43   7140.02    -7688.0   -7665.855    21.898   
   2600     14853.36    3.959      2.3913     1.9983     1.0982     0.4183     0.0055     6.6964    121.6566   47752.4     7136.0    -7681.0   -7658.862    21.801   
   2700     15407.44    3.9566     2.393      1.9934     1.0998     0.4563     0.0053     7.1442    122.2547   47770.36   7137.61    -7675.0   -7653.116    21.715   
   2800     15954.59    3.9536     2.3885     1.9979     1.1034     0.4322     0.0051     7.5709    122.9591   47770.08   7129.46    -7686.0   -7664.726    21.703   
   2900     16500.82    3.953      2.3866     1.9904     1.0952     0.5208     0.0049     7.847     123.295    47777.59   7131.33    -7676.0    -7654.39    21.646   
   3000     17045.06    3.9584     2.3964     1.9834     1.0968     0.536      0.0047     7.6424    123.499    47785.77   7118.23    -7662.0   -7640.728    21.504   
   3100     17591.95    3.9568     2.3926     1.9686     1.0794     0.503      0.0046     7.9022    124.0467   47777.94   7114.91    -7662.0   -7640.291    21.444   
   3200     18146.97    3.955      2.3901     1.9377     1.0724     0.4449     0.0045     7.4049    124.4729   47708.9    7102.31    -7658.0   -7637.089    21.365   
   3300     18695.15    3.9554     2.3852     1.9458     1.076      0.4486     0.0044     7.4691    124.8816   47745.26   7094.04    -7639.0   -7617.482    21.357   
   3400     19246.01    3.9481     2.3859     1.9364     1.0592     0.462      0.0042     7.0324    125.6115   47707.7     7090.4    -7635.0   -7614.074    21.309   
   3500     19787.08    3.9541     2.3853     1.9291     1.0614     0.4711     0.0043     7.0954    125.9792   47688.36   7083.82    -7607.0   -7586.085    21.228   
   3600     20335.82    3.952      2.3859     1.9267     1.0558     0.4001     0.004      7.0037    126.2768   47667.04   7085.91    -7606.0   -7584.752    21.149   
   3700     20884.22     3.96      2.3901     1.9187     1.0536     0.489      0.0039     7.0156    126.8018   47663.53   7079.03    -7613.0   -7591.826    21.099   
   3800     21423.63    3.9574     2.3894     1.9066     1.0428     0.4896     0.004      7.2015    127.641    47674.28   7079.19    -7603.0   -7581.829    21.03    
   3900     21964.49    3.9583     2.3918     1.9024     1.0362     0.4669     0.0038     6.9873    128.1425   47714.46   7077.41    -7594.0   -7572.732    20.975   
   4000     22509.66    3.9567     2.3881     1.8948     1.0376     0.4365     0.0037     6.7698    128.4961   47731.3    7069.56    -7595.0   -7574.539    20.917   
   4100     23053.42    3.9542     2.389      1.896      1.0456     0.3512     0.0035     6.647     128.9097   47667.94   7061.63    -7593.0   -7572.113    20.893   
   4200     23605.61    3.9544     2.387      1.8752     1.034      0.3957     0.0035     6.7346    129.5975   47672.67    7061.2    -7598.0    -7577.38    20.81    
   4300     24157.66    3.9628     2.3902     1.8762     1.0312     0.4779     0.0035     7.106     129.8596   47686.21    7062.2    -7584.0   -7563.673     20.8    
   4400     24708.89    3.9683     2.3895     1.8807     1.0338     0.5617     0.0033     7.4688    129.6903   47740.49   7060.49    -7582.0    -7561.03    20.738   
   4500     25263.86    3.9679     2.394      1.8644     1.0228     0.4952     0.0034     6.9408    130.9625   47656.17   7051.53    -7562.0    -7541.22    20.633   
   4600     25813.53    3.9638     2.3926     1.8686     1.0272     0.485      0.0032     7.1748    131.2953   47684.68   7056.37    -7563.0   -7542.806    20.602   
   4700     26363.97    3.9621     2.3891     1.8657     1.0242     0.5061     0.0032     6.5979    131.5313   47651.69   7044.53    -7552.0   -7531.086     20.6    
   4800     26908.0     3.9551     2.3854     1.8561     1.0192     0.488      0.0032     6.6539    131.8813   47716.88   7045.11    -7574.0   -7553.122    20.58    
   4900     27456.18    3.9699     2.3953     1.8552     1.022      0.5458     0.0031     6.8093    132.7687   47670.8    7049.23    -7554.0   -7533.069    20.606   
   5000     28006.38    3.9617     2.3906     1.8449     1.0084     0.444      0.003      6.3525    133.4016   47679.52   7039.73    -7565.0   -7544.901    20.55    
   5100     28544.68    3.9672     2.3948     1.8487     1.0088     0.3664     0.0029     6.2571    133.7115   47632.71   7029.82    -7551.0   -7530.573    20.542   
   5200     29090.39    3.9674     2.3952     1.8334     1.0076     0.3917     0.0029     6.3934    134.2519   47747.22   7030.72    -7553.0    -7532.15    20.53    
   5300     29636.65    3.9647     2.3929     1.825      1.0046     0.4138     0.0029      6.74     135.1085   47733.06   7029.97    -7539.0   -7518.838    20.487   
   5400     30184.0     3.9692     2.3948     1.8236     1.0074     0.4058     0.0029     6.5872    135.6509   47666.02   7027.53    -7542.0   -7521.384    20.49    
   5500     30723.93    3.9616     2.3882     1.8331     1.0028     0.3944     0.0027     6.2014    136.2801   47621.62   7025.38    -7538.0   -7517.434    20.495   
   5600     31265.06    3.9735     2.3958     1.8494     1.0098     0.3532     0.0027     5.8907    136.4233   47647.43   7024.75    -7529.0   -7508.191    20.463   
   5700     31805.91    3.9692     2.3954     1.8029     0.9852     0.3446     0.0027     6.2495    137.4522   47717.22   7019.93    -7523.0   -7502.514    20.458   
   5800     32347.94    3.9766     2.3956     1.8161     0.9872     0.3276     0.0026     6.5592    137.4391   47777.62   7022.88    -7525.0    -7504.84    20.412   
   5900     32888.88    3.9766     2.3994     1.8128     0.983      0.3658     0.0026     6.7568     137.99    47746.98   7024.49    -7532.0   -7511.567    20.469   
   6000     33431.13    3.9789     2.402      1.8106     0.9842      0.4       0.0026     7.1139    138.5885   47747.45   7022.72    -7515.0   -7494.557    20.48    
   6100     33970.32    3.974      2.3982     1.8058     0.983      0.4575     0.0025     7.127     138.8408   47846.24   7016.41    -7530.0   -7509.709    20.469   
   6200     34508.94    3.985      2.4023     1.8094     0.9882     0.4385     0.0024     7.0898    139.4824   47863.89   7016.22    -7521.0   -7500.463    20.429   
   6300     35037.77    3.9788     2.3979     1.7911     0.9726     0.4001     0.0023     7.0311    139.8795   47825.75   7019.19    -7530.0   -7509.164    20.45    
   6400     35569.58    3.988      2.4057     1.7989     0.9754     0.5489     0.0022     7.3118    139.9114   47809.13   7019.59    -7532.0   -7511.797    20.494   
   6500     36104.26    3.9864     2.4044     1.7927     0.9818     0.5151     0.0022      7.29     140.0445   47873.44   7015.62    -7513.0   -7492.687    20.509   
   6600     36654.2     3.9767     2.3984     1.8055     0.9848     0.4469     0.0022     7.1038    140.5403   47893.28   7014.18    -7533.0    -7512.41    20.514   
   6700     37209.67    3.9707     2.3962     1.7965     0.9766     0.4961     0.0022     7.1584    141.3464   47786.39   7010.46    -7521.0   -7500.462     20.5    
   6800     37798.45    3.9821     2.3997     1.7935     0.9826     0.4606     0.0021     7.1719    141.8251   47796.94    7013.8    -7506.0   -7485.789    20.512   
   6900     38360.28    3.9792     2.3979     1.7859     0.975      0.4543     0.0021     6.8388    142.5416   47738.05   7008.16    -7497.0   -7476.283    20.574   
   7000     38917.53    3.9744     2.3974     1.7879     0.9742     0.4496     0.0021     6.8138    143.0943   47687.71   7007.44    -7512.0   -7491.567    20.576   
   7100     39485.82    3.9737     2.3966     1.7766     0.9654     0.4385     0.002      6.6603     143.32    47827.4    6999.63    -7499.0   -7478.349    20.611   
   7200     40071.6     3.9801     2.399      1.7753     0.9686     0.4396     0.002       6.29     143.514    47725.06   6996.44    -7506.0    -7485.52    20.624   
   7300     40631.31    3.9876     2.3985     1.783      0.9724     0.4897     0.002      6.6564    143.838    47855.4    6997.63    -7498.0    -7477.14    20.599   
   7400     41199.28    3.9869     2.402      1.7712     0.9696     0.3771     0.002      6.9074    144.376    47763.07   7000.66    -7499.0   -7478.566    20.629   
   7500     41795.0     3.9824     2.3992     1.7743     0.9636     0.3614     0.0019     6.6806    144.621    47723.35    6999.1    -7496.0   -7475.764    20.607   
   7600     42339.55    3.9833     2.3998     1.7815     0.9776     0.3278     0.0019     6.8219    145.1581   47714.58   7000.22    -7498.0   -7477.159    20.628   
   7700     42897.82    3.986      2.4023     1.7865     0.978      0.3304     0.0019     6.8835    146.5572   47628.63   6996.54    -7486.0   -7465.093    20.638   
   7800     43442.51    3.9883     2.4044     1.7727     0.9712     0.3785     0.0019     7.0648    146.7578   47754.92   6997.59    -7491.0   -7470.552    20.622   
   7900     43990.29    3.9926     2.4063     1.7705     0.968      0.3532     0.0018     6.9031    146.999    47689.19   6997.03    -7493.0   -7472.415    20.69    
   8000     44541.28    3.9782     2.3958     1.7557     0.9574      0.33      0.0019     6.739     147.2549   47707.03   6995.92    -7499.0    -7478.28    20.715   
   8100     45109.6     3.9803     2.398      1.7521     0.9604     0.3087     0.0018     6.9142    147.8493   47678.23   6994.97    -7503.0   -7481.934    20.704   
   8200     45688.06    3.9846     2.4007     1.7622     0.9654     0.3666     0.0018     6.645     148.2423   47649.61   6993.71    -7501.0    -7479.95    20.707   
