Generating synthetic binary valued data ... 
Generating synthetic  binary valued data took:  30.604188203811646
Evaluation for true params: 
 test_rsme | train_rsme | rel-te-err | rel-tr-err |  test_nll  |  train_nll |
0.7319016327 0.7379701891   0.13392      0.13615      24593.08     97734.26  
Using  0.05 of training data
Factorizing with max_iteration = 12000  fixing covariance?:  False
Tensor dimensions:  [50, 50, 50]
Optimization metrics: 
Using Ada Grad
Mean update scheme:  S
Covariance update :  N
Using diagonal covariance?:  False
Random start? True
k1 samples =  32  k2 samples =  128
eta =  1.0  cov eta =  1.0  sigma eta =  1
iteration |   time   |test_rsme |rel-te-err|train_rsme|rel-tr-err|   d_mean  |   d_cov  |avg_grad_m|avg_grad_c| test_nll | train_nll |    VLB   |  E-term  |    KL     |   dw   |
    0         3.35      1.4096     0.4967     1.4085     0.496      3.1623     4.3513     0.1061     0.0852    17354.7    3470.19    -3801.0    -3730.83    70.109     0.267   
    5        180.04     1.4103     0.4972     1.4054     0.4938     3.1623     4.3513     1.9391     1.8418    17471.1    3506.89    -3790.0   -3734.081    56.206     0.0103  
    10       366.26     1.4138     0.4997     1.4054     0.4938     3.1623     4.3513     3.4894     3.1704    17737.55   3558.01    -3787.0   -3739.217    48.148     0.0169  
    20       577.76     1.4151     0.5006     1.4026     0.4918     3.1623     8.9161     6.0504     4.9506    18326.62   3638.83    -3784.0   -3747.261    37.08      0.0099  
    50       879.3      1.2285     0.3773     1.1916     0.355      3.1623    828.3918   15.7705     25.838    16538.2    3242.71    -3697.0   -3655.257    41.512     0.1255  
   100      1264.84     1.0499     0.2756     1.0147     0.2574     3.0221    808.4147   14.6139    24.5786    15235.74   3003.56    -3639.0    -3604.29    34.481     0.0647  
   200      1839.97     1.0122     0.2562     0.9996     0.2498     2.7521   3410.0246   12.0401     12.13     13209.23   2503.65    -3452.0   -3423.677    28.012     0.0131  
   300      2426.56     0.9499     0.2256     0.9204     0.2118     2.2144    172.7927    8.8085     9.7378    11615.71   2135.74    -3318.0   -3294.553    23.005     0.0057  
   400       3019.6     0.8887     0.1974     0.8251     0.1702     1.8293    57.3698     6.8725     9.9301    10502.1    1844.24    -3203.0   -3185.011    17.856     0.0006  
   500       3612.7     0.8857     0.1961     0.795      0.158      1.4863    136.064     6.3519     9.8089    10590.63    1778.9    -3193.0   -3175.982     16.6      0.0008  
   600      4207.18     0.8798     0.1935     0.7756     0.1504     1.7338     2.9057     4.8076     9.2326    10434.4    1658.77    -3150.0   -3135.309    14.682     0.0003  
   700      4802.06     0.8837     0.1952     0.7632     0.1456     1.6979     4.4922     4.8697     9.1643    10544.37   1581.78    -3128.0   -3113.758    13.925     0.0001  
   800      5396.79     0.8834     0.1951     0.6963     0.1212     1.5408     0.3027     4.255      8.7667    10426.89   1480.34    -3107.0   -3093.615    13.268     0.0004  
   900      5990.04     0.8817     0.1944     0.6603     0.109      1.0126     1.0983     3.3745     8.3585    10370.55   1387.26    -3079.0   -3066.389    12.891     0.0005  
   1000     6589.57     0.8823     0.1946     0.6223     0.0968     1.0452     1.0826     3.2044     8.0989    10414.32   1332.52    -3065.0   -3052.253    12.317     0.0002  
   1100     7189.43     0.8872     0.1968     0.6125     0.0938     1.1617     1.3447     3.3803     7.8126    10440.09   1290.92    -3051.0   -3038.611    12.145     0.0001  
   1200     7787.84     0.8812     0.1941     0.596      0.0888     1.0667     4.1634     3.1256     7.5949    10492.94   1263.07    -3049.0   -3037.579    11.614     0.0001  
   1300     8386.18     0.8805     0.1938     0.5769     0.0832     0.7274    35.0818     3.1332     7.3404    10478.48   1244.59    -3042.0   -3030.708    11.245     0.0003  
   1400     8985.92     0.8826     0.1948     0.565      0.0798     0.6914    50.7639     2.7122     7.2446    10366.06   1225.77    -3033.0   -3021.692    11.496     0.0002  
   1500     9584.49     0.8851     0.1958     0.5448     0.0742     0.8019    37.1973     2.6944     7.4069    10439.52   1205.94    -3033.0   -3022.051    10.964     0.0003  
   1600     10184.23    0.8865     0.1965     0.5448     0.0742     1.1096     92.793     3.3861     7.6763    10474.23   1227.11    -3039.0   -3028.313    11.078     0.0002  
   1700     10785.09    0.8882     0.1972     0.604      0.0912     2.2121   3255.5259    9.5416    25.7567    10699.5    1399.96    -3085.0   -3073.031    11.762      0.0    
   1800     11385.5     0.8824     0.1946     0.5748     0.0826     0.7776    13.3294     3.9556     6.8081    10537.6    1363.74    -3084.0   -3073.315    10.414     0.0003  
   1900     11981.09    0.8821     0.1945     0.621      0.0964     1.7837    1206.476    9.2868    14.0028    10875.55   1498.22    -3124.0    -3114.06    9.609      0.0005  
   2000     12579.21    0.8952     0.2004     0.6437     0.1036     1.7339    837.7729    7.8972    14.7165    10902.29   1629.14    -3162.0   -3152.783    8.737      0.0001  
   2100     13176.09    0.8721     0.1901     0.6675     0.1114     1.2647    690.3464    6.0252     9.2121    10440.92   1529.79    -3128.0    -3119.2     8.658      0.0004  
   2200     13773.47    0.8751     0.1914     0.6723     0.113      1.1819    260.572     4.9786     8.9985    10462.38   1563.12    -3146.0   -3137.007    8.597      0.0005  
   2300     14370.06    0.876      0.1918     0.6986     0.122      1.3234    336.0384    6.0609    10.7904    10620.11   1683.76    -3182.0   -3173.443    8.862      0.0003  
   2400     14964.27    0.8759     0.1918     0.7161     0.1282     0.7929    140.6209    4.6678     8.096     10679.31   1756.22    -3204.0   -3195.343    8.881      0.0002  
   2500     15563.67    0.8699     0.1892     0.7408     0.1372     0.8992    126.8196    5.2563     9.2021    10651.69   1780.13    -3212.0   -3203.512    7.996      0.0008  
   2600     16160.75    0.8719      0.19      0.7568     0.1432     1.4543   2407.1288    9.0672    28.8132    10728.26   1856.19    -3232.0   -3224.957     7.41      0.0004  
   2700     16757.48    0.866      0.1875     0.7772     0.151      0.785     43.4522     4.275      9.4436    10655.1    1881.26    -3238.0   -3230.653    7.023      0.0007  
   2800     17354.9     0.8754     0.1916     0.827      0.171      1.4953   1189.6218    6.7503    18.4156    11008.55   2007.43    -3280.0   -3273.623     6.36      0.0005  
   2900     17947.96    0.867      0.1879     0.8314     0.1728     1.6354   1717.4713    7.3481    14.6075    10867.7     2045.3    -3291.0   -3281.775    8.918      0.0009  
   3000     18541.0     0.8658     0.1874     0.8523     0.1816     1.1798    564.5348    5.9761    12.3096    10789.4    2065.53    -3284.0   -3276.483    7.778      0.0012  
   3100     19136.14    0.8677     0.1882     0.8588     0.1844      1.22     700.9718    6.6095    18.0211    10989.66   2114.18    -3306.0    -3298.79    7.421      0.0007  
   3200     19731.54    0.8835     0.1952     0.8556     0.183      1.8525   3231.0224   10.2733    31.0766    11379.82   2218.23    -3349.0   -3333.637    15.418     0.0004  
   3300     20326.85    0.8756     0.1917     0.8644     0.1868     1.2485    779.2425   10.8519    30.2157    11338.35   2215.05    -3333.0   -3324.538    8.913      0.0009  
   3400     20920.64    0.8844     0.1955     0.8754     0.1916     1.7759   1630.9131   11.3772    35.4558    11445.43   2238.66    -3346.0   -3335.648    9.977      0.0006  
   3500     21514.01    0.8721     0.1902     0.8667     0.1878     1.0119    143.617     7.8974    17.0646    11029.59   2139.48    -3313.0   -3304.895    7.718      0.0001  
   3600     22109.42    0.8854     0.196      0.8667     0.1878     1.5485   7121.9947   17.1428    49.1139    11713.38   2280.01    -3370.0   -3353.148    17.249     0.0019  
   3700     22699.38    0.8819     0.1944     0.8658     0.1874     1.8758   6657.2402    12.828    33.6761    11565.41   2256.33    -3351.0   -3341.574    9.758      0.0018  
   3800     23289.45    0.8714     0.1898     0.8653     0.1872     1.186     557.5989    9.6288    23.9272    11328.68   2221.28    -3338.0   -3328.213    9.986      0.0014  
   3900     23876.57    0.8783     0.1928     0.8732     0.1906     1.3496   6134.9382   10.1855    33.6596    11071.99   2173.49    -3320.0   -3309.474    10.919     0.0016  
   4000     24463.12    0.8882     0.1972     0.889      0.1976     1.7583   24016.8406  15.3051    35.3569    11494.9    2259.91    -3365.0   -3338.405    26.703     0.0004  
   4100     25048.28    0.8976     0.2014     0.8823     0.1946     1.6091   4494.0897   15.4043    39.3717    11965.12   2373.61    -3406.0   -3385.914    19.863     0.0018  
   4200     25632.92    0.8826     0.1948     0.8877     0.197      1.2673   1257.6858   12.7879    33.7894    11743.13   2317.53    -3385.0   -3369.132    16.169     0.0015  
   4300     26212.5     0.8787     0.193      0.875      0.1914     0.945    1611.7943   11.0767    30.7995    11360.4    2219.38    -3346.0   -3326.701    19.144     0.0018  
   4400     26790.33    0.8889     0.1975     0.8709     0.1896     1.0012   1482.0889   14.3187    58.5805    11781.66   2309.88    -3389.0   -3362.069    26.552     0.0019  
   4500     27369.57    0.8951     0.2003     0.8904     0.1982     1.5237   1761.0054   14.7655    59.3589    11827.86   2332.82    -3387.0   -3367.011    20.385     0.002   
   4600     27945.17    0.8838     0.1953     0.8814     0.1942     0.7995    719.0061   10.5209     27.908    11315.82   2217.38    -3353.0   -3330.156    23.101     0.002   
   4700     28519.35    0.8788     0.1931     0.8841     0.1954     1.9031   22564.9786  25.2364    73.1633    11372.5    2246.63    -3352.0   -3328.909    22.779     0.0011  
   4800     29091.41    0.8805     0.1938     0.8773     0.1924     1.191    1846.4196   11.3463    34.1955    11511.7    2265.45    -3368.0   -3342.232    26.149     0.0009  
   4900     29665.48    0.8879     0.1971     0.8881     0.1972     1.5224   4963.3269   21.9786    61.2462    11984.81   2377.04    -3406.0   -3380.009    26.173     0.0024  
   5000     30237.27    0.8864     0.1964     0.869      0.1888     1.0543   1218.1789   12.8538    40.3477    11860.61   2344.68    -3400.0   -3371.907    28.513     0.002   
   5100     30810.78    0.8748     0.1913     0.8795     0.1934     2.3267   14343.1892  27.6531    159.055    11303.9    2244.48    -3359.0   -3330.783    27.911     0.0024  
   5200     31379.81    0.8705     0.1894     0.8736     0.1908     0.8321    544.8623    11.138    31.5741    11187.61   2192.59    -3348.0   -3317.657    30.405     0.0023  
   5300     31951.17    0.8834     0.1951     0.8832     0.195      1.3338   1390.9318   20.9206    63.5731    11524.47   2274.74    -3374.0   -3344.781    29.042     0.0028  
   5400     32524.39    0.8933     0.1995     0.9033     0.204      1.6805   8208.1965   25.3616    79.1837    11959.45   2356.79    -3412.0   -3375.052    36.799     0.0025  
   5500     33096.53    0.8799     0.1936     0.8768     0.1922     1.2844   3406.7055   14.6237    52.6706    11407.34   2231.25    -3359.0   -3327.375    31.957     0.0022  
   5600     33670.17    0.8894     0.1978     0.8764     0.192      1.2295   3525.7654   19.8398    62.3508    11780.87   2317.94    -3390.0   -3357.025    33.243     0.0014  
   5700     34243.14    0.8826     0.1948     0.8699     0.1892     1.6157   4520.8537   16.0747    38.2043    11794.35   2318.49    -3397.0   -3362.864    34.04      0.0021  
   5800     34813.81    0.8998     0.2024     0.8944      0.2       1.2869   2390.7911    19.238    59.2239    11823.69   2361.19    -3410.0   -3372.937    36.692     0.0011  
   5900     35386.55    0.8805     0.1938     0.8699     0.1892     1.0666   3697.6037    15.668    36.7066    11843.3    2336.91    -3400.0   -3364.696    35.528     0.0011  
   6000     35959.15    0.878      0.1927      0.88      0.1936     0.9207   1139.6384   15.0953    43.7651    11500.96   2263.85    -3381.0   -3342.303    39.171     0.0011  
   6100     36533.02    0.8741     0.191      0.8741     0.191      1.0387    922.6231   13.0366    32.2761    11448.08   2245.03    -3369.0   -3328.029    40.718     0.0013  
   6200     37109.25    0.8805     0.1938     0.8754     0.1916     1.2989   1568.8832   17.1752    77.8991    11075.68   2173.74    -3340.0   -3297.442    42.278     0.0011  
   6300     37686.8     0.9228     0.2129     0.9355     0.2188     1.6079   5507.5628   23.2627    69.1407    11531.2     2266.9    -3377.0   -3332.417    44.369     0.0005  
   6400     38262.38    0.8823     0.1946     0.8863     0.1964     1.1086   2096.4498   16.6909    47.0555    11502.13   2275.56    -3380.0   -3341.165    39.235      0.0    
   6500     38841.57    0.8752     0.1915     0.8681     0.1884     1.4936   4107.8167   16.5644    68.3577    11123.83    2189.4    -3357.0   -3310.223    46.677     0.0006  
   6600     39421.18    0.8932     0.1994     0.8868     0.1966     2.1036    8724.076   22.0939    75.3621    11281.39   2200.05    -3359.0   -3312.045    46.653     0.0004  
   6700     40001.94    0.8794     0.1933     0.8773     0.1924     0.8045    947.6447   13.3208    36.4649    11187.22    2176.7    -3351.0   -3306.444    44.89      0.0006  
   6800     40583.46    0.8727     0.1904     0.8741     0.191      1.3785   7115.0034   21.0827    78.8001    11094.71   2176.56    -3341.0    -3301.43    39.636     0.0002  
   6900     41168.28    0.8767     0.1922     0.8713     0.1898     2.0691   18489.0653  37.3697    182.0667   10632.6    2054.45    -3296.0    -3252.03    43.763     0.0005  
   7000     41749.21    0.8679     0.1883     0.8709     0.1896     0.9019   1101.7912   13.2129    37.0183    10568.4     2057.0    -3290.0   -3247.174    42.922     0.0007  
   7100     42333.8     0.8687     0.1887     0.8681     0.1884     0.5147    339.7261    9.9896    32.5988    10474.33   2017.44    -3278.0   -3232.736    45.525     0.0004  
   7200     42920.04    0.8861     0.1963     0.8786     0.193      1.1338   1809.9155   15.5853    47.4739    10707.85   2084.27    -3315.0   -3252.748    62.063     0.0001  
   7300     43497.94    0.8795     0.1934     0.8681     0.1884     0.7208   1066.7586   11.5792    44.8926    10640.89   2059.54    -3291.0   -3250.309    41.064     0.0003  
   7400     44084.72    0.9319     0.2171     0.9325     0.2174     1.5798   16989.6608  47.8962    155.3925   11537.33   2219.83    -3363.0   -3324.173    39.112     0.0001  
   7500     44669.09    0.9022     0.2035     0.894      0.1998     1.9477   52113.6384  46.5177    86.0638    11558.46   2227.99    -3362.0    -3323.58    37.953     0.0003  
   7600     45256.71    0.8691     0.1888     0.8658     0.1874     0.9692   1768.6535   10.3479    25.2967    11073.17   2107.66    -3322.0   -3283.572    38.467     0.0003  
   7700     45845.18    0.8663     0.1876     0.8695     0.189      0.5277    596.1946    9.4712    33.5057    10914.53   2096.83    -3313.0   -3275.526    37.433      0.0    
   7800     46433.28    0.8709     0.1896     0.8786     0.193      0.572     692.8217   13.3451    36.4323    11003.78   2124.43    -3330.0    -3291.29    39.017      0.0    
   7900     47020.33    0.8641     0.1867     0.8695     0.189      1.1123    893.208    11.0777    32.8464    10796.01   2071.41    -3308.0    -3267.59    40.681     0.0001  
   8000     47609.12    0.871      0.1897     0.8598     0.1848     0.8001   1001.9596    12.496    24.7491    10909.7    2106.68    -3321.0    -3285.75    35.325      0.0    
   8100     48199.3     0.869      0.1888     0.8736     0.1908     0.5976   1862.8917    9.842     26.1593    10765.26   2061.85    -3299.0   -3263.565    35.249     0.0002  
   8200     48789.03    0.8634     0.1864     0.8612     0.1854     0.621     314.3576    8.1988    28.6962    10584.94   2019.54    -3283.0   -3247.631    35.755     0.0002  
   8300     49377.63    0.8704     0.1894     0.8621     0.1858     0.8379   2074.1927    15.051    61.8436    10707.3    2052.23    -3294.0   -3259.138    35.23       0.0    
   8400     49965.79    0.8636     0.1864     0.8584     0.1842     0.8429   1624.2358   11.9815    45.3804    10750.82   2036.74    -3290.0   -3252.932    36.811     0.0001  
   8500     50555.06    0.8749     0.1914     0.8681     0.1884     0.8494   1203.6737   11.9437    38.7361    10776.01   2046.95    -3296.0    -3257.64    38.492     0.0001  
   8600     51145.13    0.8692     0.1889     0.8514     0.1812     0.5003    271.5574    7.628     18.0547    10407.74   1942.13    -3255.0   -3221.269    33.337     0.0001  
   8700     51735.09    0.8688     0.1887     0.8574     0.1838     0.262     35.0397     4.7433    13.7999    10332.04   1906.93    -3243.0    -3210.34    32.748     0.0001  
   8800     52322.15    0.8703     0.1894     0.8546     0.1826     0.3033    17.2885     4.5904    14.4909    10295.68   1905.92    -3238.0   -3205.445    32.299      0.0    
   8900     52910.62    0.8695     0.189      0.8551     0.1828     0.3797    217.6891    4.9653    16.0979    10333.06   1899.09    -3236.0   -3203.513    32.074      0.0    
   9000     53503.03    0.8697     0.1891     0.8485      0.18      0.4928     71.109     4.7311    14.5783    10269.07    1889.6    -3233.0   -3200.969    32.338      0.0    
   9100     54094.01    0.8666     0.1878     0.8574     0.1838     0.3051    19.6057     4.3491     14.739    10237.78   1867.91    -3226.0   -3194.283    31.726      0.0    
   9200     54683.65    0.8706     0.1895     0.8462     0.179      0.3953    41.1189     4.4975    15.8478    10240.69   1864.95    -3223.0   -3191.222    31.595      0.0    
   9300     55272.52    0.8697     0.1891     0.8457     0.1788     0.6594    559.7321    4.4877     14.819    10254.38   1841.93    -3218.0   -3186.389    32.082      0.0    
   9400     55860.8     0.8721     0.1902     0.8457     0.1788     0.6819    457.9455    5.9366    24.5854    10306.45   1848.83    -3224.0   -3188.022    35.993      0.0    
   9500     56441.57    0.876      0.1918      0.84      0.1764     0.9572    754.5241   10.8746    30.9585    10376.05   1866.35    -3232.0   -3197.681    34.014     0.0001  
   9600     57022.66    0.8838     0.1953     0.8523     0.1816     0.7675   2680.0181    8.8072    24.2031    10416.26   1869.31    -3227.0   -3196.334    30.96       0.0    
   9700     57593.14    0.8757     0.1917     0.8357     0.1746     0.3068     16.607     4.657     12.4589    10310.76   1835.81    -3222.0   -3191.358    30.672     0.0001  
   9800     58165.01    0.8718      0.19      0.8333     0.1736     0.5858    48.3778     5.4302    12.3834    10434.71   1835.91    -3225.0   -3193.869    30.828      0.0    
   9900     58756.54    0.8711     0.1897     0.8285     0.1716     0.2183    73.8846     4.029     12.6615    10295.66   1818.18    -3215.0   -3183.351    31.302      0.0    
  10000     59349.62    0.8735     0.1908     0.8371     0.1752     0.2424    56.9643     4.0501    14.0651    10320.03    1817.0    -3218.0   -3186.648    31.007      0.0    
  10100     59943.06    0.8706     0.1895     0.8256     0.1704     0.2001     8.2198     3.5904    12.7197    10270.0    1780.79    -3203.0   -3172.353    30.786      0.0    
  10200     60534.4     0.8664     0.1877     0.8183     0.1674     0.188      10.625     3.3777    12.3597    10169.84   1760.37    -3195.0    -3164.9     30.56       0.0    
  10300     61128.16    0.8699     0.1892     0.8173     0.167      0.1424    38.1803     2.7685    10.9125    10180.46   1750.54    -3192.0   -3162.691    29.758     0.0001  
  10400     61720.64    0.8706     0.1895     0.8144     0.1658     0.1178    16.4051      2.63     10.9593    10224.43   1740.21    -3186.0   -3157.137    29.325      0.0    
  10500     62314.12    0.8704     0.1894     0.8094     0.1638     0.1086     4.6591      2.58     10.9344    10219.64   1725.04    -3183.0    -3153.53    29.092      0.0    
  10600     62905.72    0.8692     0.1889     0.803      0.1612     0.1051     3.9254     2.4907    10.5152    10260.61   1705.46    -3179.0   -3150.497    28.782     0.0001  
  10700     63499.23    0.8738     0.1909     0.795      0.158      0.129      3.772      2.5781    10.3773    10271.49   1704.78    -3173.0   -3144.578    28.581     0.0001  
