Generating synthetic binary valued data ... 
Generating synthetic  binary valued data took:  31.236528158187866
Evaluation for true params: 
 test_rsme | train_rsme | rel-te-err | rel-tr-err |  test_nll  |  train_nll |
0.7319016327 0.7379701891   0.13392      0.13615      24593.08     97734.26  
Using  0.05 of training data
Factorizing with max_iteration = 12000  fixing covariance?:  False
Tensor dimensions:  [50, 50, 50]
Optimization metrics: 
Using Ada Grad
Mean update scheme:  S
Covariance update :  N
Using diagonal covariance?:  False
Random start? True
k1 samples =  32  k2 samples =  128
eta =  1.0  cov eta =  1.0  sigma eta =  1
iteration |   time   |test_rsme |rel-te-err|train_rsme|rel-tr-err|   d_mean  |   d_cov  |avg_grad_m|avg_grad_c| test_nll | train_nll |    VLB   |  E-term  |    KL     
    0         2.75      1.4123     0.4987     1.4122     0.4986     3.1623     1.9439     0.1105     0.1763    17380.99   3476.34    -3652.0   -3579.371    72.557   
    5        126.89     1.4116     0.4982     1.4091     0.4964     3.1623     1.9439     2.015      2.7043    17575.11   3532.79    -3791.0   -3732.129    59.368   
    10       257.99     1.4164     0.5015     1.4165     0.5016     3.1623     1.9439     3.6404     5.1246    18119.54   3647.28    -4032.0   -3979.763    52.159   
    20       407.79     1.4195     0.5038     1.3839     0.4788     3.1623     1.9439     6.5551     10.497    20262.96    3991.5    -4695.0   -4652.136    42.702   
    50       629.93     1.2035     0.3621     1.152      0.3318     3.1623     0.8798    22.3816     36.594    27936.3    5076.78    -6629.0   -6615.229    13.455   
   100       940.9      1.0433     0.2721     0.9495     0.2254     3.1493     0.6582    18.1373    21.8033    13604.46   2425.74    -3141.0   -3131.607    9.842    
   200      1406.08     0.8968     0.2011     0.7462     0.1392     2.9164     0.1561    11.7899    28.3306    11995.49   1607.13    -2320.0   -2311.173    8.992    
   300      1871.59     0.9223     0.2126     0.5671     0.0804     2.4688     0.1304     9.341     32.3195    12917.22   1090.16    -1882.0   -1871.812    10.672   
   400       2336.8     0.9247     0.2138     0.3868     0.0374     1.4937     0.0793     8.4958     33.876    15644.55    663.03    -1403.0   -1389.797    13.128   
   500      2806.79     0.9392     0.2205     0.2366     0.014      1.4334     0.0954     7.1988    38.6067    20325.36    429.9     -1115.0   -1098.594    16.087   
   600      3276.08     0.9453     0.2234     0.102      0.0026     1.214      0.0807     6.7781    38.7427    26872.86    287.7      -858.0    -839.442    18.613   
   700      3743.29     0.9457     0.2236     0.0566     0.0008     1.2317     0.078      6.0705    37.3169    33750.76    192.35     -682.0    -661.077    20.568   
   800      4211.25     0.9466     0.224       0.0        0.0       0.9795     0.0726     5.5766    35.6378    40413.62    136.13     -539.0    -517.201    21.873   
   900      4677.94     0.9512     0.2262      0.0        0.0       0.8639     0.0751     4.8009    33.3949    46665.87    106.6      -450.0    -426.716    22.885   
   1000     5145.18     0.9531     0.2271      0.0        0.0       1.0899     0.0776     4.8669    32.0865    51757.73    87.48      -382.0    -358.675    23.709   
   1100      5609.6     0.9505     0.2259      0.0        0.0       0.743      0.0754     4.3747    30.2399    56423.45     74.7      -383.0    -358.576    24.132   
   1200     6073.03     0.9496     0.2254      0.0        0.0       0.8074     0.0777     4.3116    28.9588    59883.72    65.16      -351.0    -326.238    24.592   
   1300     6535.43     0.951      0.2261      0.0        0.0       1.1301     0.0748     4.4773    27.9831    63140.26    57.68      -341.0    -316.088    25.115   
   1400     6994.66     0.9476     0.2245      0.0        0.0       0.9788     0.0761     4.2143    26.8234    65230.23    52.04      -334.0    -308.642    25.473   
   1500     7458.28     0.9483     0.2248      0.0        0.0       0.8191     0.077      4.1248    26.7718    68263.45    47.46      -281.0    -255.388    25.854   
   1600      7918.3     0.9489     0.2251      0.0        0.0       0.7988     0.0781     4.2879    26.5653    69919.69    44.54      -291.0    -265.121    26.147   
   1700     8378.33     0.9511     0.2262      0.0        0.0       0.9522     0.0744     4.0211    26.9079    72536.73    42.63      -268.0    -241.189    26.392   
   1800     8831.87     0.9502     0.2257      0.0        0.0       0.667      0.0794     3.9585    25.1741    73630.51    36.92      -273.0    -246.555    26.463   
   1900     9286.82     0.948      0.2247      0.0        0.0       0.7792      0.07      4.0865    24.8195    75329.76    34.71      -266.0    -239.639    26.805   
   2000     9745.78     0.9511     0.2262      0.0        0.0       0.8452     0.0747     3.9516    24.0942    75727.74     32.9      -229.0    -201.507    27.044   
   2100     10202.72    0.9487     0.225       0.0        0.0       0.6989     0.1116     4.082     25.1705    77486.91    31.67      -252.0    -224.553    27.236   
   2200     10660.2     0.9478     0.2246      0.0        0.0       0.7323     0.0653     3.987     24.3357    78536.49    30.54      -226.0    -198.955    27.391   
   2300     11113.9     0.9485     0.2249      0.0        0.0       0.7104     0.0924     3.8525     24.266    79899.77    28.75      -245.0    -217.741    27.544   
   2400     11570.67    0.9516     0.2264      0.0        0.0       0.7096     0.1416     3.9685    23.0173    81919.83    26.24      -234.0    -206.477    27.553   
   2500     12027.47    0.9521     0.2266      0.0        0.0       0.6784     0.0704     3.6939    22.5041    82146.1     25.13      -248.0    -220.066    27.807   
   2600     12484.02    0.951      0.2261      0.0        0.0       0.6572     0.096      3.7153     23.498    82457.09    24.02      -255.0    -226.699    27.961   
   2700     12941.52    0.9516     0.2264      0.0        0.0       0.6854     0.1323     3.8671    23.4946    83654.45    24.17      -234.0    -205.981    28.202   
   2800     13393.82    0.9536     0.2274      0.0        0.0       0.6728     0.0892     3.792     23.5225    84227.86    22.16      -208.0    -179.763    28.26    
   2900     13850.23    0.9486     0.225       0.0        0.0       0.7344     0.0946     3.8382    22.8787    85277.84    22.92      -229.0    -201.062    28.346   
   3000     14301.74    0.9513     0.2262      0.0        0.0       0.7291     0.1139     4.121     24.3038    85285.07    21.35      -244.0    -215.923    28.535   
   3100     14754.7     0.9507     0.226       0.0        0.0       0.6822     0.1211     4.1803    23.8754    86075.82    20.73      -215.0    -186.374    28.556   
   3200     15211.25    0.9517     0.2264      0.0        0.0       0.622      0.1081     3.839     23.6161    86611.5     19.99      -230.0    -201.041    28.622   
   3300     15663.94    0.9497     0.2255      0.0        0.0       0.7231     0.0932     3.8817    21.8882    87781.45     19.4      -198.0    -168.979    28.728   
   3400     16119.18    0.9514     0.2263      0.0        0.0       0.7749     0.1803     4.0119    23.4582    87619.9     17.44      -214.0    -185.077    28.888   
   3500     16574.75    0.9539     0.2275      0.0        0.0       0.6231     0.1434     3.9813    23.4981    89241.24    17.18      -225.0    -195.684    28.998   
   3600     17029.33    0.9531     0.2271      0.0        0.0       0.5895     0.0552     3.8615    23.3942    89230.62    18.98      -225.0    -195.584    29.01    
   3700     17481.96    0.9516     0.2264      0.0        0.0       0.7238     0.0756     3.8573    22.1419    91236.08    16.86      -215.0    -185.706    28.987   
   3800     17932.21    0.9502     0.2257      0.0        0.0       0.6084     0.1898     3.9449    22.8633    90748.96    18.34      -180.0    -150.836    28.992   
   3900     18382.84    0.9533     0.2272      0.0        0.0        0.83      0.0605     3.8669    22.1184    91044.33    17.08      -225.0    -196.43     28.931   
   4000     18834.44    0.9522     0.2267      0.0        0.0       0.7715     0.1128     4.1055    24.1723    91673.6     17.47      -227.0    -198.02     28.959   
   4100     19288.5     0.9513     0.2262      0.0        0.0       0.695      0.1984     4.1419    24.0963    91915.79    16.31      -216.0    -186.567    29.034   
   4200     19738.64    0.951      0.2261      0.0        0.0       0.6646     0.1541     3.8622    22.4573    92700.75    15.67      -199.0    -169.447    29.097   
   4300     20193.82    0.9517     0.2264      0.0        0.0       0.6264     0.1169     4.0105    21.9151    92557.26     13.8      -189.0    -159.701    29.03    
   4400     20644.34    0.9547     0.2279      0.0        0.0       0.7415     0.0976     3.9948    22.2603    93320.53    13.88      -203.0    -174.056    29.08    
   4500     21096.12    0.9519     0.2265      0.0        0.0       1.0236     0.095      4.2109    22.7376    93334.13    14.28      -182.0    -152.925    29.154   
   4600     21549.76    0.9516     0.2264      0.0        0.0       0.7656     0.0801     3.9651    22.4342    94024.25    14.57      -198.0    -169.095    29.151   
   4700     22002.18    0.954      0.2275      0.0        0.0       0.5902     0.1242     3.9878    23.8656    94213.4      13.7      -177.0    -148.123    29.175   
   4800     22454.69    0.9545     0.2278      0.0        0.0       0.5827     0.0744     3.9842    22.7323    95057.95    13.98      -189.0    -159.516    29.125   
   4900     22907.37    0.9527     0.2269      0.0        0.0       0.6747     0.133      3.8664    21.5127    95821.13    13.61      -194.0    -165.164    29.107   
   5000     23363.47    0.9513     0.2262      0.0        0.0       0.6291     0.0733     3.7478    21.1498    95237.79    13.51      -192.0    -163.232    29.143   
   5100     23821.75    0.9518     0.2265      0.0        0.0       0.641      0.1898     4.1014    23.3213    96176.91    12.93      -191.0    -161.692    29.159   
   5200     24276.78    0.9531     0.2271      0.0        0.0       0.6916     0.0632     4.009     22.3464    95744.17    12.91      -201.0    -171.885    29.105   
   5300     24731.43    0.9525     0.2268      0.0        0.0       0.597      0.1778     3.8495    22.6422    96365.08    11.91      -169.0    -139.814    29.258   
   5400     25187.58    0.9551     0.228       0.0        0.0       0.7135     0.0744     4.0373    21.7264    97233.08    12.13      -193.0    -163.623    29.36    
   5500     25643.37    0.9558     0.2284      0.0        0.0       0.7166      0.15      3.9893    21.3683    97740.85     11.8      -192.0    -162.939    29.464   
   5600     26098.55    0.9541     0.2276      0.0        0.0       0.6643     0.2046     4.1463    22.7062    98120.7     11.96      -175.0    -145.393    29.44    
   5700     26553.88    0.9531     0.2271      0.0        0.0       0.7004     0.1012     4.0734    22.1489    98364.27    11.16      -175.0    -145.844    29.506   
   5800     27014.3     0.9531     0.2271      0.0        0.0       0.6726     0.0612     4.1368    22.3455    98246.46     10.5      -183.0    -153.06     29.577   
   5900     27473.09    0.9533     0.2272      0.0        0.0       0.5597     0.0906     4.2929    22.2874    98942.06    10.13      -182.0    -152.826    29.577   
   6000     27932.7     0.9523     0.2267      0.0        0.0       0.5992     0.1702     3.9004    21.4544    98487.9     10.99      -166.0    -136.465    29.632   
   6100     28388.3     0.9533     0.2272      0.0        0.0       0.7265     0.1351     4.0244    21.6493    98368.95     9.89      -187.0    -157.503    29.692   
   6200     28847.11    0.9501     0.2257      0.0        0.0       0.6509     0.1532     4.206     24.5578    99954.27     9.77      -222.0    -192.194    29.662   
   6300     29302.94    0.9515     0.2264      0.0        0.0       0.7747     0.0924     4.0795    22.5235    99043.08    11.31      -163.0    -133.085    29.595   
   6400     29757.93    0.9529     0.227       0.0        0.0       0.586      0.0901     4.2529    23.0508    99030.79    10.11      -189.0     -159.6     29.574   
   6500     30214.84    0.9536     0.2273      0.0        0.0       0.5827     0.1085     3.7792    21.1518    99060.89     9.03      -170.0    -140.774    29.645   
   6600     30672.21    0.9534     0.2272      0.0        0.0       0.5876     0.1935     3.9014    21.4001    99968.87     9.73      -174.0    -144.425    29.637   
   6700     31131.19    0.9505     0.2258      0.0        0.0       0.6056     0.1007     4.1396    22.1382    99640.57     9.18      -153.0    -123.443    29.729   
   6800     31591.08    0.9514     0.2263      0.0        0.0       0.6624     0.2245     4.1601    23.7605   100243.73     8.11      -161.0    -131.453    29.763   
   6900     32048.07    0.9514     0.2263      0.0        0.0       0.6878     0.2026     4.4173    22.5063    100164.6     9.28      -143.0    -113.207    29.838   
   7000     32505.74    0.9516     0.2264      0.0        0.0       0.5982      0.09      4.0455    20.2305   100445.32    10.27      -170.0    -139.727    29.903   
   7100     32962.73    0.9499     0.2256      0.0        0.0       0.6521     0.1764     3.923     22.9336    100326.8     8.69      -178.0    -148.076    29.844   
   7200     33421.55    0.9496     0.2254      0.0        0.0       0.6028     0.0956     4.0638    21.0724   100905.53     9.35      -166.0    -136.476     30.0    
   7300     33878.36    0.9506     0.2259      0.0        0.0       0.7174     0.1072     4.1731    21.0985    100790.0     8.05      -173.0    -142.975    29.953   
   7400     34337.38    0.9502     0.2257      0.0        0.0       0.7946     0.087      4.3961    20.9738   101243.51     9.11      -158.0    -128.582    29.891   
   7500     34795.77    0.9513     0.2262      0.0        0.0       0.5925     0.1622     4.0964    23.4298   101677.36     7.92      -163.0    -133.593    29.897   
   7600     35252.59    0.9491     0.2252      0.0        0.0       0.6458     0.1287     4.1058    23.7904   100889.98     8.63      -171.0    -141.477    29.972   
   7700     35710.51    0.9515     0.2264      0.0        0.0       0.6168     0.0915     4.2675    19.4946   102538.75     8.14      -156.0    -126.526    29.973   
   7800     36168.19    0.9529     0.227       0.0        0.0       0.6178     0.0899     4.1216    21.1296   101491.19     7.58      -165.0    -135.36     30.013   
   7900     36628.34    0.9511     0.2262      0.0        0.0       0.6105     0.0917     4.1822    22.2855   101654.81     6.54      -154.0    -124.395    30.008   
   8000     37086.68    0.9516     0.2264      0.0        0.0       0.5671     0.1944     4.1766    20.4369   101167.48     8.65      -166.0    -136.205    30.034   
   8100     37545.57    0.9513     0.2262      0.0        0.0       0.8008     0.1072     4.1794    22.6969   102051.37     8.42      -173.0    -142.812    30.035   
   8200     38004.07    0.9498     0.2255      0.0        0.0       0.6129     0.1374     3.9577    23.9787   101806.13     7.95      -155.0    -125.084    30.016   
   8300     38455.15    0.9521     0.2266      0.0        0.0       0.5876     0.187      4.1254    22.5039   102304.19     7.39      -150.0    -120.219    30.022   
   8400     38915.17    0.954      0.2275      0.0        0.0       0.5087     0.1525     4.1299    22.2347    103039.8     9.1       -161.0    -130.973    30.026   
   8500     39372.45    0.9515     0.2264      0.0        0.0       0.5469     0.0773     3.9187    21.7463   102651.66     7.19      -148.0    -118.416     30.0    
   8600     39830.7     0.9494     0.2254      0.0        0.0       0.6031     0.1688     4.1478    20.6718   103120.97     7.52      -141.0    -111.096    30.005   
   8700     40289.44    0.9494     0.2253      0.0        0.0       0.6308     0.1169     4.2223    21.4027   102793.44     7.63      -165.0    -134.596    30.021   
   8800     40747.22    0.9507     0.226       0.0        0.0       0.5392     0.2045     4.125     18.8624   102756.05     7.66      -158.0    -128.127    30.067   
   8900     41205.63    0.9515     0.2264      0.0        0.0       0.7002     0.2256     4.1752    21.9355   102810.21     7.84      -162.0    -131.338    30.216   
   9000     41663.35    0.9523     0.2267      0.0        0.0       0.5972     0.1592     4.1965    18.6499   101830.93     7.36      -165.0    -135.077    30.135   
   9100     42121.59    0.9523     0.2267      0.0        0.0       0.4854     0.2072     4.1581    23.9446    102862.1     6.91      -164.0    -133.431    30.097   
   9200     42578.2     0.9515     0.2263      0.0        0.0       0.6108     0.1555     4.2814     21.293   104247.97     7.66      -152.0    -121.592    30.107   
   9300     43036.29    0.953      0.227       0.0        0.0       0.6377     0.1149     4.1857    19.5582   103737.07     6.47      -155.0    -125.169    30.048   
   9400     43492.95    0.9536     0.2274      0.0        0.0       0.5405     0.0949     4.1522     23.186    103982.6     5.96      -161.0    -130.669    30.112   
   9500     43950.25    0.9532     0.2272      0.0        0.0       0.6438     0.0962     4.1976    20.9546   104444.19     6.74      -169.0    -138.663    30.186   
   9600     44405.96    0.9531     0.2271      0.0        0.0       0.5578     0.1328     4.3116    25.2257   104909.26     7.52      -135.0    -105.264    30.22    
   9700     44865.71    0.9541     0.2276      0.0        0.0       0.6042     0.2056     4.3289    21.9523   104678.87     7.35      -151.0    -121.108    30.295   
   9800     45323.94    0.9526     0.2269      0.0        0.0       0.5448     0.3207     4.3493    22.0699   103905.73     6.45      -149.0    -118.176    30.337   
   9900     45780.14    0.9541     0.2276      0.0        0.0       0.5399     0.6075     4.0441    23.5261   104770.87     5.79      -145.0    -114.839    30.465   
  10000     46239.49    0.9547     0.2279      0.0        0.0       0.5974     0.1181     4.1858    20.4921   104463.16     6.82      -143.0    -112.974    30.448   
  10100     46697.66    0.9515     0.2263      0.0        0.0       0.4998     0.3437     3.9539     18.524   105006.58     6.16      -130.0    -99.598     30.44    
  10200     47156.4     0.9543     0.2277      0.0        0.0       0.5283     0.1334     4.3692    20.5628   105787.42     6.85      -150.0    -119.806    30.453   
  10300     47616.7     0.9521     0.2266      0.0        0.0       0.6533     0.1525     4.1652    22.6188    105051.0     6.55      -128.0    -97.267     30.509   
  10400     48076.31    0.9521     0.2266      0.0        0.0       0.5878     0.2593     4.1941    18.0632   104937.13     5.52      -136.0    -105.555    30.495   
  10500     48532.53    0.9524     0.2268      0.0        0.0       0.5338     0.0914     4.253     17.3204   105341.42     6.34      -150.0    -119.671    30.466   
  10600     48991.24    0.9537     0.2274      0.0        0.0       0.5289     0.2781     4.2523    19.9379   104934.55     6.41      -157.0    -126.865    30.485   
  10700     49447.02    0.9556     0.2283      0.0        0.0       0.8134     0.0867     4.1617     23.397   105097.53     6.22      -122.0    -91.037     30.473   
  10800     49903.95    0.9532     0.2272      0.0        0.0       0.6217     0.291      4.227      20.673   104848.24     5.73      -144.0    -113.443    30.482   
  10900     50365.26    0.9541     0.2276      0.0        0.0       0.5325     0.212      4.3005    20.6238   105146.52     5.79      -125.0    -94.722     30.58    
  11000     50824.16    0.9521     0.2266      0.0        0.0       0.6723     0.1692     4.3605    23.9466   106133.95     5.28      -128.0    -97.732     30.589   
  11100     51284.27    0.9528     0.227       0.0        0.0       0.594      0.1318     4.0767    20.4524   105536.86     5.37      -155.0    -124.622    30.63    
  11200     51741.03    0.955      0.228       0.0        0.0       0.4634     0.1805     4.0946    19.0071   105915.71     5.28      -140.0    -109.532    30.579   
  11300     52197.62    0.9534     0.2272      0.0        0.0       0.5515     0.2549     4.3432    21.8696   104504.77     5.7       -139.0    -108.704    30.547   
  11400     52655.48    0.9532     0.2272      0.0        0.0       0.5236     0.3438     4.4235     19.474   106224.85     5.3       -161.0    -130.446    30.613   
  11500     53111.99    0.9548     0.2279      0.0        0.0       0.5692     0.1574     4.5279    19.7418   106460.56     5.84      -133.0    -101.947    30.71    
  11600     53569.85    0.9552     0.2281      0.0        0.0       0.6099     0.2651     4.5201    21.3492   106590.35     5.37      -128.0    -97.135     30.753   
  11700     54025.78    0.9541     0.2276      0.0        0.0       0.5704     0.1885     4.1487    18.5048   106471.41     5.35      -142.0    -111.227    30.78    
  11800     54485.16    0.955      0.228       0.0        0.0       0.7245     0.3525     4.401     18.2745   106917.09     6.2       -122.0    -91.343     30.792   
  11900     54942.13    0.9539     0.2275      0.0        0.0       0.5803     0.2632     4.4589    24.8174   106153.59     6.23      -136.0    -104.956    30.778   
  12000     55396.04    0.9529     0.227       0.0        0.0       0.552      0.1833     4.5264    23.6481   106018.92     4.83      -107.0    -76.237     30.822   
[ 4.17464509  1.01293332  3.11008161  0.26801874 10.12519111  4.08450112
  0.45038669  4.95163322 -2.39925069 -4.28419608  1.20828559  5.23814202
  2.97028231  5.23971609  4.40776244  5.11062193  2.90450246  4.20030001
  4.49806494  6.17478063]
[ 7.66163533 -2.60669228  0.7525524   2.33087454 -2.55669781 -2.95096417
  0.59608915  0.80467397  4.36928276  5.68261593  1.13468369  6.12609834
  2.80816865 -4.4272176  -2.50577561  6.26143264 -6.48971269  1.65266454
  1.98444299 -3.03743694]
[ 4.26029491  1.41772366 -1.32298548  3.9694143   5.09356425  5.23104584
  2.02554257 -5.7691697  -3.60218754  8.23864694  1.5196336   4.64172826
  6.67647551  5.10541751  8.26554586  2.89075488  1.95536747  4.30591065
  4.26003341  0.88365612]
