Generating synthetic binary valued data ... 
Generating synthetic  binary valued data took:  30.39295196533203
Evaluation for true params: 
 test_rsme | train_rsme | rel-te-err | rel-tr-err |  test_nll  |  train_nll |
0.7319016327 0.7379701891   0.13392      0.13615      24593.08     97734.26  
Using  0.05 of training data
Factorizing with max_iteration = 12000  fixing covariance?:  False
Tensor dimensions:  [50, 50, 50]
Optimization metrics: 
Using Ada Grad
Mean update scheme:  S
Covariance update :  N
Using diagonal covariance?:  False
Random start? True
k1 samples =  32  k2 samples =  128
eta =  1.0  cov eta =  1.0  sigma eta =  1
iteration |   time   |test_rsme |rel-te-err|train_rsme|rel-tr-err|   d_mean  |   d_cov  |avg_grad_m|avg_grad_c| test_nll | train_nll |    VLB   |  E-term  |    KL     |   dw   |
    0         3.04      1.4099     0.4969     1.4156     0.501      3.1623     2.2225     0.1134     0.1582    17367.03    3472.7    -4483.0   -4410.328    72.885     0.062   
    5        175.0      1.4101     0.4971     1.4051     0.4936     3.1623     2.2225     2.0417     2.5575    17489.69   3509.11    -4618.0   -4558.472    59.648      0.0    
    10       358.55     1.4137     0.4996     1.4134     0.4994     3.1623     2.2225      3.72      4.8014    17868.93   3583.89    -4824.0   -4770.999    52.527      0.0    
    20       568.75     1.4148     0.5004     1.3934     0.4854     3.1623     2.2225     6.7942     9.6025    19285.91   3798.58    -5331.0   -5288.095    43.373      0.0    
    50       864.27     1.1639     0.3387     1.1232     0.3154     3.1623     1.0515    22.4326    31.2093    22055.06   4085.36    -6333.0   -6320.031    12.674     0.0004  
   100      1279.48     1.0322     0.2664     0.9782     0.2392     3.1472     0.4587    17.4174    20.1915    13305.3    2501.24    -3637.0   -3627.527    9.024      0.0001  
   200      1861.06     0.8909     0.1984     0.8309     0.1726     2.8734     0.1286    10.0406    22.6511    11340.72    1995.9    -3005.0   -2997.934    6.816       0.0    
   300      2441.25     0.8879     0.1971     0.8099     0.164      2.8639     0.0848     8.6415    24.5472    11114.45    1849.0    -2819.0   -2813.123     6.14       0.0    
   400      3021.53     0.8725     0.1903     0.7467     0.1394     2.1666     0.0596     8.0814    25.7231    10666.64   1663.54    -2582.0   -2576.189    6.033       0.0    
   500      3610.45     0.883      0.1949     0.7283     0.1326     1.7641     0.0523     7.7643    30.4502    10710.13   1533.58    -2460.0   -2453.774    6.606       0.0    
   600       4200.9     0.8725     0.1903     0.6651     0.1106     1.258      0.0425     7.1077    31.4636    10545.78   1381.43    -2310.0   -2302.774    7.366       0.0    
   700      4795.55     0.8797     0.1935     0.604      0.0912     1.0499     0.0358     6.8579     33.778    10695.67   1254.32    -2169.0   -2160.689    7.991       0.0    
   800      5386.46     0.8872     0.1968     0.5614     0.0788     0.9433     0.0327     6.5213     35.54     10817.95   1145.12    -2017.0   -2008.586    8.664       0.0    
   900      5978.38     0.8853     0.196      0.5215     0.068      0.9886     0.032      6.2519    36.4645    10974.24   1040.32    -1891.0   -1881.227     9.37       0.0    
   1000     6570.97     0.891      0.1985     0.5036     0.0634     0.9146     0.0299     5.4579    38.5441    11228.14    958.37    -1796.0   -1786.261    9.999       0.0    
   1100     7163.61     0.891      0.1985     0.4525     0.0512     0.8797     0.0252     5.4748    39.1026    11487.82    870.42    -1675.0   -1664.401    10.515      0.0    
   1200     7757.41     0.8967     0.201      0.4089     0.0418     0.8301     0.0249     5.0178    39.9177    11719.32    810.35    -1581.0   -1570.265    11.03       0.0    
   1300     8351.17     0.8976     0.2014     0.3795     0.036      0.8766     0.0265     4.8481    40.8574    11911.53    752.46    -1513.0   -1501.237    11.384      0.0    
   1400     8939.66     0.9008     0.2028     0.3521     0.031      0.864      0.0235     4.9674    41.5313    12223.37    706.93    -1417.0   -1405.538    11.681      0.0    
   1500      9532.2     0.9062     0.2053     0.3137     0.0246     0.809      0.0255     4.7299    41.6146    12426.88    660.98    -1363.0   -1350.583    11.959      0.0    
   1600     10126.27    0.9075     0.2059     0.2884     0.0208      0.75      0.0217     4.2118    42.3468    12791.95    612.6     -1295.0   -1282.953    12.352      0.0    
   1700     10719.7     0.9083     0.2062     0.2786     0.0194     0.6665     0.0222     3.9904    42.8994    12983.75    581.42    -1239.0   -1226.853     12.6       0.0    
   1800     11311.07    0.9137     0.2087     0.2466     0.0152     0.5761     0.0195     3.5095    42.9404    13238.66    548.22    -1183.0    -1169.85    12.742      0.0    
   1900     11901.6     0.9128     0.2083     0.2349     0.0138     0.7578     0.0193     3.7614    43.1316    13486.72    534.89    -1163.0    -1150.5     12.799      0.0    
   2000     12492.71    0.9172     0.2103     0.2135     0.0114     0.8693     0.0191     3.8235    43.5424    13695.46    504.51    -1123.0   -1109.731    13.102      0.0    
   2100     13084.82    0.9165      0.21      0.202      0.0102     0.8147     0.0172     3.9703    43.3276    13923.68    484.05    -1092.0   -1078.782    13.329      0.0    
   2200     13675.03    0.9251     0.214      0.1766     0.0078     0.7048     0.0175     3.9703    42.2725    14202.49    455.6     -1082.0   -1068.812    13.548      0.0    
   2300     14262.5     0.9204     0.2118      0.16      0.0064     0.6633     0.0174     3.9025    43.2971    14298.21    447.64    -1021.0   -1006.954    13.685      0.0    
   2400     14842.35    0.9259     0.2143     0.1265     0.004      0.6652     0.0161     3.3316    42.5619    14500.17    432.88    -1000.0    -986.354    13.92       0.0    
   2500     15423.75    0.925      0.2139     0.1386     0.0048     0.5343     0.0177     3.2226    43.4744    14739.25    412.16     -965.0    -951.296    14.096      0.0    
   2600     16001.92    0.9263     0.2145     0.1166     0.0034     0.6303     0.0159     3.2101    43.5225    14939.51    398.91     -955.0    -941.358    14.117      0.0    
   2700     16585.83    0.9259     0.2143     0.1296     0.0042     0.5337     0.0158     3.3894    42.8848    15020.4     390.69     -937.0    -922.863    14.063      0.0    
   2800     17165.58    0.9263     0.2145     0.1233     0.0038     0.6241     0.0149     3.5027    43.6055    15201.76    380.07     -911.0    -896.902    14.311      0.0    
   2900     17745.33    0.9268     0.2147     0.1131     0.0032     0.716      0.0157     3.5271    43.9366    15492.87    373.11     -906.0    -891.473    14.374      0.0    
   3000     18326.52    0.9267     0.2147     0.102      0.0026     0.6284     0.0159     3.468     43.1376    15444.42    364.21     -891.0    -876.389    14.572      0.0    
   3100     18908.89    0.9286     0.2156      0.08      0.0016     0.6274     0.0143     3.3366    42.6595    15635.65    354.43     -855.0    -840.741    14.681      0.0    
   3200     19489.18    0.9289     0.2157     0.0748     0.0014     0.604      0.0154     3.1936    43.2609    15897.08    345.73     -866.0    -851.14     14.532      0.0    
   3300     20068.97    0.9317     0.217      0.0632     0.001      0.5465     0.0145     3.2099    43.6749    15753.52    340.14     -849.0    -833.986    14.647      0.0    
   3400     20647.67    0.9274     0.215      0.049      0.0006     0.5225     0.0141     3.5308    44.0073    16019.8     340.35     -827.0    -812.67     14.576      0.0    
   3500     21224.78    0.9319     0.2171     0.0748     0.0014     0.5401     0.0133     3.1811    43.6561    16155.25    329.33     -811.0    -796.422    14.839      0.0    
   3600     21806.3     0.9272     0.2149     0.0632     0.001      0.5692     0.0127     3.1179    43.5208    16159.26    322.61     -812.0    -796.62     14.976      0.0    
   3700     22384.39    0.9283     0.2154     0.049      0.0006     0.4707     0.0129     3.0354    43.4698    16225.47    315.28     -801.0    -785.908    14.899      0.0    
   3800     22968.74    0.9317     0.217      0.049      0.0006     0.4621     0.0133     3.0307    43.7629    16257.86    313.02     -793.0    -778.112    14.888      0.0    
   3900     23550.02    0.9324     0.2174     0.0632     0.001      0.5248     0.012      3.4419    43.9852    16549.34    306.86     -798.0    -782.79     14.87       0.0    
   4000     24127.12    0.9334     0.2178      0.08      0.0016     0.5016     0.0115     3.5501    44.0303    16540.47    310.67     -793.0    -777.656    14.906      0.0    
   4100     24708.01    0.9306     0.2165     0.0748     0.0014     0.7607     0.0116     3.5487    43.5481    16638.79    305.46     -764.0    -748.746    14.818      0.0    
   4200     25286.67    0.9297     0.2161     0.049      0.0006     0.595      0.0117     3.4594    43.7203    16797.02    304.21     -773.0    -758.167    14.885      0.0    
   4300     25863.32    0.9311     0.2167      0.04      0.0004     0.4936     0.0117     3.3004    44.8132    16780.95    299.65     -756.0    -741.472    14.929      0.0    
   4400     26453.58    0.9339     0.218       0.04      0.0004     0.5802     0.0107     3.3196    43.3231    16763.35    296.14     -747.0    -732.412     15.0       0.0    
   4500     27041.24    0.9303     0.2164     0.0566     0.0008     0.5466     0.0116     3.4111    43.8111    17001.75    294.54     -740.0    -724.884    15.118      0.0    
   4600     27630.12    0.9335     0.2178      0.04      0.0004     0.4631     0.0106     3.2607    43.9651    16909.99    291.15     -725.0    -709.697    15.187      0.0    
   4700     28217.54    0.931      0.2167     0.0283     0.0002     0.4617     0.0106     3.3388    43.9617    16955.45    290.24     -734.0    -718.744    15.21       0.0    
   4800     28806.35    0.9306     0.2165      0.04      0.0004     0.4438     0.0104     3.1201    43.3979    17024.92    287.67     -732.0    -716.955    15.284      0.0    
   4900     29393.24    0.9334     0.2178      0.04      0.0004     0.4673     0.0116     3.4617    44.0951    17067.25    281.3      -728.0    -712.542    15.355      0.0    
   5000     29981.45    0.9327     0.2175     0.049      0.0006     0.4947     0.0105     3.211     43.7717    17032.95    279.78     -714.0    -698.949    15.226      0.0    
   5100     30571.56    0.9284     0.2155      0.04      0.0004     0.5062     0.0096     3.0959    44.3935    17131.46    278.15     -753.0    -737.776    15.275      0.0    
   5200     31156.33    0.933      0.2176     0.0283     0.0002     0.4481     0.0125     2.9246    44.3463    17251.76    277.47     -720.0    -704.396    15.121      0.0    
   5300     31742.23    0.9311     0.2167     0.0283     0.0002     0.4678     0.0099     3.2276     44.288    17054.67    278.79     -727.0    -712.133    15.126      0.0    
   5400     32327.78    0.9318     0.217       0.04      0.0004     0.5244     0.0101     3.3753    44.8993    17103.65    274.41     -722.0    -707.082    15.163      0.0    
   5500     32913.7     0.9359     0.219      0.0283     0.0002     0.5124     0.0092     3.2719     44.298    17144.62    268.11     -712.0    -696.58     15.216      0.0    
   5600     33498.84    0.9337     0.218      0.049      0.0006     0.4325     0.0085     3.1745    44.5334    17312.37    271.28     -710.0    -694.669    15.211      0.0    
   5700     34087.17    0.9307     0.2166      0.04      0.0004     0.5024     0.0086     3.3053    45.0066    17324.23    273.34     -692.0    -676.629    15.276      0.0    
   5800     34673.12    0.9313     0.2168     0.049      0.0006     0.4591     0.0085     3.2614    44.3485    17141.69    269.06     -701.0    -685.734    15.266      0.0    
   5900     35257.0     0.9318     0.217       0.04      0.0004     0.5363     0.0087     3.2349    44.2763    17411.43    266.09     -694.0    -678.081    15.423      0.0    
   6000     35843.49    0.9349     0.2185      0.0        0.0       0.5301     0.0088     3.2892    45.3545    17274.96    266.15     -705.0    -689.391    15.457      0.0    
   6100     36423.46    0.9317     0.217      0.0566     0.0008     0.5021     0.0084     3.2194    44.4535    17350.8     264.36     -692.0    -676.466    15.38       0.0    
   6200     37001.16    0.9328     0.2175      0.04      0.0004     0.4837     0.0105     3.3173    44.1127    17626.06    265.88     -707.0    -691.676    15.288      0.0    
   6300     37579.12    0.9324     0.2173     0.0283     0.0002     0.4231     0.008      3.3357    44.0641    17310.36    263.98     -695.0    -679.595    15.292      0.0    
   6400     38156.36    0.9318     0.2171     0.049      0.0006     0.4749     0.0079     3.2288    44.8605    17646.39    261.17     -696.0    -680.275    15.292      0.0    
   6500     38731.7     0.9342     0.2182      0.04      0.0004     0.4743     0.0084     2.933     44.3925    17585.33    260.34     -685.0    -670.148    15.319      0.0    
   6600     39306.29    0.9312     0.2168      0.04      0.0004     0.4472     0.0077     3.1316    43.8295    17588.71    258.83     -682.0    -666.548    15.378      0.0    
   6700     39881.4     0.9288     0.2157      0.04      0.0004     0.414      0.0078     3.1342    44.2347    17568.65    259.84     -670.0    -654.83     15.428      0.0    
   6800     40459.18    0.9326     0.2174     0.0283     0.0002     0.4731     0.0077     3.4903    44.1811    17744.88    256.06     -677.0    -661.128    15.446      0.0    
   6900     41037.71    0.9338     0.218      0.0283     0.0002     0.5283     0.0106     3.3702    44.4683    17527.81    258.33     -672.0    -656.873    15.423      0.0    
   7000     41624.01    0.9366     0.2193     0.0283     0.0002     0.4399     0.0074     3.2493    45.0031    17798.95    258.82     -672.0    -656.689    15.425      0.0    
   7100     42207.1     0.9336     0.2179      0.0        0.0       0.4614     0.0069     3.3921    44.5496    17695.34    255.86     -685.0    -670.044    15.425      0.0    
   7200     42793.12    0.9332     0.2177     0.0283     0.0002     0.3975     0.007      3.4959    44.8287    17614.88    253.06     -680.0    -664.952    15.45       0.0    
   7300     43374.17    0.9359     0.219      0.0283     0.0002     0.3836     0.0083     3.1838     43.888    17725.94    257.72     -688.0    -672.707    15.398      0.0    
   7400     43956.63    0.934      0.2181      0.0        0.0       0.443      0.0069     3.5168    44.7124    17803.03    254.18     -670.0    -654.909    15.353      0.0    
   7500     44541.05    0.9292     0.2158      0.0        0.0       0.4655     0.0066      3.14     44.0428    17798.94    252.22     -677.0    -661.794    15.363      0.0    
   7600     45125.7     0.9293     0.2159     0.0283     0.0002     0.4144     0.0072     3.0068    44.3829    17605.12    255.23     -662.0    -646.584    15.446      0.0    
   7700     45708.77    0.933      0.2176      0.0        0.0       0.3817     0.0068     3.1269    44.5392    17595.91    252.75     -664.0    -648.527    15.405      0.0    
   7800     46295.39    0.9343     0.2182      0.0        0.0       0.4167     0.0066     3.4544    44.4893    17624.25    251.6      -677.0    -661.974    15.434      0.0    
   7900     46879.16    0.9298     0.2161      0.0        0.0       0.3878     0.0066     3.2402    44.0457    17722.38    246.3      -693.0    -677.319    15.324      0.0    
   8000     47462.75    0.9347     0.2184     0.0283     0.0002     0.4212     0.0074     3.0464    44.2041    17849.82    250.99     -671.0    -655.215    15.424      0.0    
   8100     48048.3     0.9329     0.2176      0.0        0.0       0.4494     0.0066     3.0511    43.8108    17755.38    251.91     -663.0    -647.49     15.474      0.0    
   8200     48632.28    0.9347     0.2184     0.0283     0.0002     0.406      0.0068     3.001     45.0319    17912.16    245.97     -671.0    -656.012    15.481      0.0    
   8300     49215.43    0.9321     0.2172     0.0283     0.0002     0.3968     0.007      2.9346    44.7296    17857.72    247.88     -655.0    -640.047    15.448      0.0    
   8400     49799.3     0.9299     0.2162      0.0        0.0       0.4358     0.0065     2.8898    45.2264    18037.75    248.34     -646.0    -630.925    15.489      0.0    
   8500     50380.94    0.9299     0.2162      0.0        0.0       0.3973     0.0064     3.2544    44.7926    17883.91    248.22     -645.0    -629.038    15.483      0.0    
   8600     50964.93    0.9328     0.2175     0.0283     0.0002     0.3904     0.0067     3.0528    44.8946    17791.94    248.54     -664.0    -648.193    15.448      0.0    
   8700     51549.88    0.9352     0.2186      0.0        0.0       0.4035     0.0063     2.7934    45.1304    17704.99    242.27     -676.0    -660.66     15.331      0.0    
   8800     52133.73    0.9373     0.2196     0.0283     0.0002     0.3448     0.0061     2.9338    44.7642    17971.78    246.44     -690.0    -675.162    15.304      0.0    
   8900     52718.67    0.9332     0.2177     0.0283     0.0002     0.4061     0.0057     3.0135    45.7122    17933.37    243.17     -670.0    -654.477    15.274      0.0    
   9000     53303.43    0.9359     0.219       0.0        0.0       0.3509     0.0059     3.1752    45.2123    17953.23    244.13     -662.0    -647.102    15.261      0.0    
   9100     53885.68    0.9315     0.2169      0.0        0.0       0.4103     0.0065     3.3119    44.3439    17941.19    247.19     -651.0    -635.563    15.383      0.0    
   9200     54473.09    0.9339     0.218      0.0283     0.0002     0.429      0.0069     3.0136    44.2828    18013.4     242.36     -668.0    -652.412    15.339      0.0    
   9300     55055.75    0.928      0.2153      0.0        0.0       0.3622     0.0056     3.2771    44.9704    17914.48    245.86     -685.0    -669.322    15.386      0.0    
   9400     55638.1     0.9307     0.2166      0.0        0.0       0.4163     0.0057     3.0276    44.7218    18004.36    244.15     -663.0    -648.07     15.401      0.0    
   9500     56223.22    0.9312     0.2168      0.0        0.0       0.486      0.0056     3.2175    44.9551    17888.59    243.69     -664.0    -648.548    15.449      0.0    
   9600     56797.95    0.932      0.2172      0.0        0.0       0.3477     0.0054     3.038     44.4335    17915.97    242.87     -661.0    -645.484    15.487      0.0    
   9700     57372.3     0.9325     0.2174     0.0283     0.0002     0.376      0.0061      2.98     45.0105    17845.02    240.76     -650.0    -634.354    15.541      0.0    
   9800     57949.75    0.932      0.2172     0.0283     0.0002     0.3593     0.0066     3.2316    45.0318    17948.97    240.12     -668.0    -652.72     15.488      0.0    
   9900     58528.22    0.9358     0.2189     0.0283     0.0002     0.3724     0.0055     2.9974    45.0965    18252.55    246.48     -657.0    -641.149    15.429      0.0    
  10000     59110.88    0.9348     0.2184     0.0283     0.0002     0.3545     0.0063     3.1566     44.828    18018.43    246.22     -659.0    -643.49     15.33       0.0    
  10100     59693.22    0.9398     0.2208      0.0        0.0       0.3814     0.0055     3.2816    44.6024    18092.55    244.9      -661.0    -645.398    15.312      0.0    
  10200     60274.47    0.933      0.2176      0.0        0.0       0.3791     0.0061     3.2287    45.3021    18106.09    240.21     -637.0    -621.515    15.343      0.0    
  10300     60856.31    0.9353     0.2187     0.0283     0.0002     0.3486     0.0053     2.832      44.879    18135.72    243.02     -634.0    -618.466    15.235      0.0    
  10400     61437.51    0.9342     0.2182      0.0        0.0       0.3264     0.0055     3.2368    45.1993    18064.04    242.82     -665.0    -649.363    15.247      0.0    
  10500     62017.07    0.9351     0.2186      0.0        0.0       0.4076     0.0052     3.655     45.2852    18141.98    241.78     -664.0    -648.142    15.396      0.0    
  10600     62599.69    0.9376     0.2198     0.0283     0.0002     0.3742     0.0051     3.3384    44.9467    17981.22    239.52     -664.0    -648.311    15.383      0.0    
  10700     63180.7     0.9348     0.2185     0.0283     0.0002     0.3702     0.0052     3.2514    44.9576    17965.25    242.41     -655.0    -639.174    15.381      0.0    
  10800     63762.55    0.9365     0.2193      0.0        0.0       0.3061     0.0045     3.1714    45.6175    18117.29    236.63     -659.0    -643.424    15.412      0.0    
  10900     64345.35    0.9411     0.2214      0.0        0.0       0.3645     0.0056     3.2715    45.5189    17994.82    244.29     -648.0    -632.277    15.507      0.0    
  11000     64927.43    0.9358     0.2189      0.0        0.0       0.3668     0.0052     3.147      44.945    18075.39    238.73     -633.0    -618.053    15.439      0.0    
  11100     65508.73    0.9336     0.2179     0.0283     0.0002     0.343      0.0057     3.306     45.3424    18020.95    240.58     -644.0    -628.059    15.469      0.0    
  11200     66090.45    0.9336     0.2179     0.0283     0.0002     0.3756     0.0048     3.0316     44.918    18110.53    237.71     -646.0    -630.08     15.481      0.0    
  11300     66673.1     0.9294     0.216      0.0283     0.0002     0.3554     0.0067     3.0137    44.9378    18202.08    234.83     -639.0    -623.943    15.541      0.0    
  11400     67255.68    0.9341     0.2181      0.0        0.0       0.3783     0.0061     3.0731    45.1775    18266.27    236.4      -658.0    -642.366    15.563      0.0    
  11500     67840.59    0.9359     0.219       0.0        0.0       0.3643     0.0041     3.0022    44.4495    18062.25    237.96     -650.0    -634.797    15.451      0.0    
  11600     68419.27    0.931      0.2167      0.0        0.0       0.3827     0.0047     3.0427    45.0804    18045.22    237.71     -640.0    -624.616    15.557      0.0    
  11700     69000.27    0.9356     0.2188     0.0283     0.0002     0.3126     0.0046     2.8653    45.0101    18346.13    230.04     -631.0    -615.879    15.498      0.0    
  11800     69584.13    0.9343     0.2182     0.0283     0.0002     0.339      0.0049     3.1627    44.7636    18201.71    234.0      -652.0    -636.209    15.535      0.0    
  11900     70164.19    0.9344     0.2183      0.0        0.0       0.3503     0.0065     3.1697    44.6158    18134.44    229.86     -647.0    -631.09     15.522      0.0    
  12000     70746.73    0.9309     0.2166     0.0283     0.0002     0.4205     0.0046     3.148     44.4733    18175.55    233.08     -646.0    -630.108    15.527      0.0    
[ 0.50059659 -0.09218104  1.4554624   1.75939144  2.18690531  1.71194918
  2.03487742  0.05261638  1.94826931 -0.60950307  0.79369094  2.0747058
  2.17447391  1.27673796  2.26964445  1.92321667  1.83379102  0.10005648
  1.59253518  1.8847803 ]
[ 1.22361893  0.30907162  0.53446905  0.59714837 -0.0107692   0.44626222
 -1.53383931 -0.08699806  2.25000957  3.06555611  0.33890502  1.06713377
 -1.13667503  0.33031608  1.39450399  0.12618354 -0.23120713  0.03615325
  0.55596556  0.13224453]
[ 2.15986541  1.76930752 -1.51489572  2.87906142  1.70999173  0.82616354
  2.4491239  -0.0439705   0.43949567 -0.11666037  0.03924872  1.11060506
  2.9202407   1.13795282  1.55091001 -0.7817515  -1.07531373  1.34089115
  0.58697015 -0.48834168]
