Generating synthetic binary valued data ... 
Generating synthetic  binary valued data took:  32.20547270774841
Evaluation for true params: 
 test_rsme | train_rsme | rel-te-err | rel-tr-err |  test_nll  |  train_nll |
0.7965927441 0.7917070165   0.15864       0.1567      24507.19     97190.28  
Using  0.05 of training data
Factorizing with max_iteration = 12000  fixing covariance?:  False
Tensor dimensions:  [50, 50, 50]
Optimization metrics: 
Using Ada Grad
Mean update scheme:  S
Covariance update :  N
Using diagonal covariance?:  False
Random start? True
k1 samples =  32  k2 samples =  128
eta =  1.0  cov eta =  1.0  sigma eta =  1
iteration |   time   |test_rsme |rel-te-err|train_rsme|rel-tr-err|   d_mean  |   d_cov  |avg_grad_m|avg_grad_c| test_nll | train_nll |    VLB   |  E-term  |    KL     
    0         2.64      1.4105     0.4974     1.4139     0.4998     3.1623     1.8856     0.1016     0.1814    17401.93   3479.67    -3636.0    -3577.83    58.019   
    5        127.9      1.4139     0.4998     1.4122     0.4986     3.1623     1.8856     2.1564     2.6956    17562.64    3522.3    -3763.0    -3713.78    48.732   
    10       258.21     1.4156     0.501      1.4196     0.5038     3.1623     1.8856     3.7234     5.1167    18032.25   3649.06    -4014.0   -3971.238    42.32    
    20       407.2      1.4095     0.4967     1.4017     0.4912     3.1623     1.8856     6.5793    10.3655    19741.94   3914.64    -4593.0   -4557.774     35.5    
    50       629.61     1.1435     0.3269     1.1067     0.3062     3.1623     0.9596    22.9449     36.624    27008.57   5004.65    -6527.0   -6514.355    12.741   
   100       944.52     1.0726     0.2876     0.9883     0.2442     3.1487     0.6849    17.4026    21.2054    14299.06   2541.88    -3242.0   -3232.085    9.425    
   200      1412.87     0.9436     0.2226     0.7869     0.1548     2.9237     0.1562    10.6711     27.363    12771.08   1769.06    -2562.0   -2552.363    9.443    
   300      1879.23     0.9557     0.2284     0.5967     0.089      2.3235     0.098      9.3006    31.2736    13510.73   1192.26    -1978.0   -1967.222     10.8    
   400      2347.97     0.9768     0.2385     0.4336     0.047      1.6535     0.0968     9.1432    37.4036    16537.6     798.22    -1627.0   -1612.849    14.042   
   500      2811.82     0.9884     0.2442     0.2698     0.0182     1.5816     0.0854     8.5918    40.1649    22001.51    500.89    -1257.0   -1239.304    17.476   
   600      3279.62     0.9942     0.2471     0.1442     0.0052     1.3114     0.0954     7.6096    42.2297    29677.04    328.2      -961.0    -940.613    20.074   
   700      3749.54     1.0026     0.2513      0.08      0.0016     1.2787     0.0942     6.8885    40.8618    38487.85    216.38     -752.0    -729.808    21.993   
   800      4215.78     1.0099     0.255       0.04      0.0004     1.1708     0.0905     6.3927     39.703    47569.75    153.39     -585.0    -561.55     23.295   
   900       4680.2     1.0114     0.2557     0.0283     0.0002     1.0223     0.0897     5.3834    36.5998    55067.93    116.36     -495.0    -470.142    24.441   
   1000     5145.93     1.0115     0.2558      0.0        0.0       0.9896     0.0905     5.1093    35.2303    60249.87    94.99      -422.0    -397.047    25.302   
   1100     5610.11     1.0119     0.256       0.0        0.0       0.9327     0.085      4.9634    33.5237    65898.98     80.5      -414.0    -387.882    25.744   
   1200     6071.28     1.0145     0.2573      0.0        0.0       0.8418     0.0943     4.6824    32.5827    69727.63     69.9      -351.0    -325.017    26.306   
   1300     6534.23     1.0141     0.2571      0.0        0.0       0.9648     0.0775     4.8196    31.1214    73239.29    61.31      -352.0    -325.078    26.85    
   1400     6994.76     1.0162     0.2582      0.0        0.0       0.7386     0.1026     4.4073    30.5693    75812.38    54.41      -312.0    -284.496    27.353   
   1500     7457.44     1.0139     0.257       0.0        0.0       0.8921     0.1165     4.3768    29.1574    78530.15    48.66      -318.0    -290.915    27.533   
   1600     7919.73     1.0167     0.2584      0.0        0.0       0.8065     0.0756     4.4311    29.3375    81261.07    45.84      -293.0    -265.258    27.661   
   1700      8380.4     1.0186     0.2594      0.0        0.0       0.7601     0.077      4.3882     28.787    83891.51     41.7      -280.0    -252.184    27.779   
   1800     8842.97     1.0142     0.2572      0.0        0.0       1.0022     0.1328     4.0879    27.7373    85840.44    38.51      -286.0    -257.856    27.973   
   1900      9302.7     1.0153     0.2577      0.0        0.0       0.7004     0.1311     4.2359    26.5876    85851.55    39.13      -280.0    -251.85     28.088   
   2000     9761.72     1.0148     0.2575      0.0        0.0       0.7316     0.2449     4.2462    26.9306    88365.4     35.44      -254.0    -225.785    28.206   
   2100     10221.59    1.0153     0.2577      0.0        0.0       0.6845     0.0668     4.2281    26.9445    89748.98    32.17      -258.0    -229.007    28.583   
   2200     10679.34    1.0157     0.2579      0.0        0.0       0.7516     0.1389     4.4061    27.0107    91927.23    31.34      -269.0    -240.079    28.732   
   2300     11140.42    1.0142     0.2572      0.0        0.0       0.6822     0.0936     4.1522    26.1565    92974.36    29.18      -245.0    -216.292    28.852   
   2400     11599.2     1.0167     0.2584      0.0        0.0       0.7884     0.1261     4.3209    26.9574    94589.45    29.33      -253.0    -224.404    28.777   
   2500     12057.49    1.0176     0.2589      0.0        0.0       0.6907     0.0623     4.1122    27.0103    95456.62     28.0      -228.0    -199.366    28.924   
   2600     12518.02    1.0177     0.2589      0.0        0.0       0.6457     0.0651     4.2066    25.7536    96045.52    25.41      -249.0    -219.653    29.019   
   2700     12976.53    1.0188     0.2595      0.0        0.0       0.6754      0.08      4.2359    26.2337    96921.03    24.11      -236.0    -206.958    29.247   
   2800     13433.0     1.0148     0.2575      0.0        0.0       0.7507     0.0785     4.203     25.8824    98737.09    23.97      -219.0    -189.695    29.324   
   2900     13890.67    1.013      0.2565      0.0        0.0       0.8262     0.0868     4.3621    24.5277    98497.19    23.68      -231.0    -201.506    29.425   
   3000     14348.45    1.0176     0.2589      0.0        0.0       0.7105     0.1508     4.1591    25.6954   100095.01    22.29      -239.0    -209.292    29.471   
   3100     14808.4     1.0167     0.2584      0.0        0.0        0.65      0.1232     4.196     25.9201   100891.47    20.62      -230.0    -201.099    29.37    
   3200     15265.87    1.0181     0.2591      0.0        0.0       0.6089     0.1774     4.0702    25.3587   101152.32    21.04      -231.0    -201.104    29.47    
   3300     15724.4     1.0182     0.2592      0.0        0.0       0.6983     0.1385     4.2991     25.843   103060.32     19.7      -221.0    -191.526    29.588   
   3400     16183.51    1.0175     0.2588      0.0        0.0       0.6121     0.072      4.1194    25.7298   103211.81    20.01      -216.0    -186.434    29.659   
   3500     16641.16    1.0155     0.2578      0.0        0.0       0.6362     0.0969     4.289     25.2063   103753.68    19.16      -227.0    -197.441    29.714   
   3600     17101.4     1.0168     0.2585      0.0        0.0       0.7654     0.0803     4.2674    24.8321   105257.08    18.54      -222.0    -192.206    29.716   
   3700     17557.55    1.0171     0.2586      0.0        0.0       0.5087     0.0961     4.0242    24.8175   105173.06    16.85      -202.0    -171.857    29.74    
   3800     18014.07    1.0152     0.2577      0.0        0.0       0.7199     0.1311     4.2055    24.4045   105643.56    16.57      -228.0    -198.451    29.681   
   3900     18468.35    1.0189     0.2595      0.0        0.0       0.9863     0.0654     4.3658    23.1536   106671.97     17.5      -226.0    -195.952    29.948   
   4000     18922.11    1.0192     0.2597      0.0        0.0       0.6425     0.1174     4.2599    23.8268   107103.96    16.55      -230.0    -199.539    29.963   
   4100     19381.99    1.0168     0.2585      0.0        0.0       0.7098     0.0678     4.1818    22.7403    107478.9    16.68      -190.0    -159.945    30.103   
   4200     19838.97    1.0174     0.2588      0.0        0.0       0.8475      0.22      4.2359    24.2243   108266.61    15.29      -222.0    -192.188    29.998   
   4300     20297.04    1.0178     0.259       0.0        0.0       0.6419     0.1674     4.4175     24.321   108754.56    15.94      -190.0    -159.703    29.912   
   4400     20753.36    1.016      0.258       0.0        0.0       0.8665     0.3136     4.3617    24.9877   109886.53     15.0      -209.0    -178.677    29.949   
   4500     21210.13    1.0179     0.259       0.0        0.0       0.6791     0.2819     4.3267    25.4196   108283.77    14.77      -207.0    -176.654    30.089   
   4600     21666.79    1.0145     0.2573      0.0        0.0       0.6207     0.1291     4.1644    24.6821   110082.85    14.82      -186.0    -155.663    30.166   
   4700     22123.5     1.0139     0.257       0.0        0.0       0.7532     0.2327     4.3358    25.6848   109862.71    15.01      -204.0    -173.477    30.104   
   4800     22582.51    1.0143     0.2572      0.0        0.0       0.8435     0.2256     4.3751    25.9156   111008.06    12.94      -207.0    -177.161    30.287   
   4900     23040.1     1.0152     0.2576      0.0        0.0       0.532      0.1081     4.1563    23.7292   111410.45    14.22      -194.0    -163.843    30.383   
   5000     23493.44    1.0164     0.2583      0.0        0.0       0.5998     0.1631     4.2884    26.4594   110638.99    13.52      -196.0    -165.589    30.418   
   5100     23945.81    1.0146     0.2574      0.0        0.0       0.8622     0.1152     4.2997    24.7761   111393.43    14.21      -204.0    -173.32     30.446   
   5200     24400.54    1.016      0.258       0.0        0.0       0.549      0.0771     4.3024    24.7516   111818.57    12.37      -188.0    -157.597    30.519   
   5300     24855.66    1.016      0.2581      0.0        0.0       0.8296     0.1604     4.3964     22.922   111964.99    12.06      -193.0    -162.021    30.583   
   5400     25310.48    1.0156     0.2579      0.0        0.0       0.6001     0.1925     4.4218    25.8134   112416.88    13.16      -203.0    -172.77     30.635   
   5500     25767.5     1.0159     0.258       0.0        0.0       0.7116     0.1012     4.6522     25.362   112460.15    12.97      -197.0    -166.72     30.617   
   5600     26226.23    1.0157     0.2579      0.0        0.0       0.6675     0.1718     4.4441    25.5992   112739.74    12.03      -162.0    -131.54     30.647   
   5700     26680.51    1.0169     0.2585      0.0        0.0       0.6157     0.1625     4.373     24.5983    113696.3    11.55      -185.0    -154.365    30.647   
   5800     27134.42    1.0163     0.2582      0.0        0.0       0.5819     0.1194     4.2877    26.8056   113926.71    10.63      -177.0    -146.021    30.562   
   5900     27589.83    1.016      0.2581      0.0        0.0       0.5531     0.163      4.3012    24.5507   113844.61    11.32      -182.0    -151.411    30.487   
   6000     28045.28    1.0166     0.2584      0.0        0.0       0.8018      0.15      4.3016    24.2558   114659.13    10.55      -181.0    -150.088    30.479   
   6100     28500.44    1.0155     0.2578      0.0        0.0       0.6157     0.125      4.4531    25.4926   114658.01    10.97      -183.0    -152.462    30.406   
   6200     28953.15    1.0161     0.2581      0.0        0.0       0.7058     0.1026     4.3683    26.6661   115615.06    10.48      -153.0    -122.417    30.495   
   6300     29406.39    1.0145     0.2573      0.0        0.0       0.572      0.1409     3.9978    22.0382   115143.91    11.41      -170.0    -139.156     30.6    
   6400     29861.15    1.0152     0.2576      0.0        0.0       0.5706     0.3284     4.1594     24.138   115564.73    10.87      -180.0    -149.906    30.584   
   6500     30313.99    1.0148     0.2575      0.0        0.0       0.7017     0.2045     4.4839     26.311   115086.88     9.24      -201.0    -170.203    30.51    
   6600     30768.04    1.0155     0.2578      0.0        0.0       0.6837     0.1103     4.5311    26.4429   116118.76     9.59      -177.0    -146.62     30.534   
   6700     31222.9     1.0171     0.2586      0.0        0.0       0.6235     0.118      4.2837     24.09    115480.64    10.23      -182.0    -151.038    30.593   
   6800     31678.18    1.0172     0.2587      0.0        0.0       0.6139     0.2084     4.3179    25.8013   116982.98     9.18      -176.0    -145.192    30.558   
   6900     32133.2     1.0165     0.2583      0.0        0.0       0.6731     0.1394     4.4185    25.3482   117410.34     9.64      -200.0    -169.666    30.686   
   7000     32590.36    1.0186     0.2594      0.0        0.0       0.6625     0.0912     4.4071     22.437   116782.91     9.68      -169.0    -138.407    30.65    
   7100     33045.94    1.0171     0.2586      0.0        0.0       0.6632     0.2314     4.2565    25.1437   117424.09    10.01      -181.0    -150.736    30.695   
   7200     33502.1     1.016      0.258       0.0        0.0       0.7553     0.127      4.2648    24.0707    116456.0     9.61      -178.0    -147.343    30.676   
   7300     33958.85    1.0172     0.2587      0.0        0.0       0.6455     0.3088     4.4383    23.9209   116103.46     8.94      -185.0    -154.252    30.64    
   7400     34415.27    1.0188     0.2595      0.0        0.0       0.5787     0.1351     4.4253    24.3866   117070.32     8.64      -182.0    -151.34      30.6    
   7500     34871.27    1.0175     0.2588      0.0        0.0       0.565      0.1116     4.4002    23.4695   116361.77     9.14      -175.0    -144.864    30.566   
   7600     35329.13    1.0167     0.2584      0.0        0.0       0.622      0.2927     4.5844    22.7191   117973.05     8.31      -146.0    -115.264     30.7    
   7700     35785.46    1.0177     0.2589      0.0        0.0       0.5875     0.0726     4.511     23.5222   117798.29     8.5       -184.0    -153.776    30.706   
   7800     36241.31    1.0167     0.2584      0.0        0.0       0.5653     0.2174     4.5584    25.3624   118139.54     8.74      -178.0    -146.805    30.756   
   7900     36694.25    1.0173     0.2587      0.0        0.0       0.5233     0.0949     4.7362     26.81    117224.26     8.1       -171.0    -140.159    30.79    
   8000     37148.59    1.0172     0.2587      0.0        0.0       0.5806     0.1807     4.3991    21.9068   117948.93     7.62      -168.0    -137.096    30.701   
   8100     37602.01    1.0167     0.2584      0.0        0.0       0.6035     0.1165     4.2872    27.5448   118328.94     7.8       -198.0    -167.194    30.822   
   8200     38059.71    1.0166     0.2584      0.0        0.0       0.6214     0.1061     4.5475    26.1719   118691.04     7.66      -187.0    -155.976    30.822   
   8300     38512.7     1.0167     0.2584      0.0        0.0       0.572      0.1528     4.3113    22.9502   119430.37     7.79      -179.0    -147.839    30.876   
   8400     38968.31    1.0166     0.2584      0.0        0.0       0.5898     0.1026     4.4391     25.523   118804.43     8.12      -157.0    -126.057    31.018   
   8500     39424.97    1.0159     0.258       0.0        0.0       0.5767     0.1065     4.6834    22.7527   120103.61     8.43      -148.0    -117.43     31.034   
   8600     39880.08    1.0171     0.2586      0.0        0.0       0.5857     0.1226     4.5053    23.1326   119184.78     7.79      -180.0    -149.137    31.069   
   8700     40335.79    1.0152     0.2577      0.0        0.0       0.5645     0.3631     4.5062    23.9422   119106.34     7.81      -184.0    -152.994    31.063   
   8800     40789.75    1.0166     0.2584      0.0        0.0       0.5572     0.1948     4.4189    22.7489   119149.25     8.77      -181.0    -149.55     31.138   
   8900     41247.76    1.0141     0.2571      0.0        0.0       0.6601     0.2412     4.5237    20.7724   118541.81     7.84      -169.0    -138.318    31.081   
   9000     41703.51    1.0145     0.2573      0.0        0.0       0.5974     0.3051     4.6775    24.5777   120148.73     7.5       -164.0    -133.333    31.104   
   9100     42156.44    1.0167     0.2584      0.0        0.0       0.633      0.2167     4.5288    26.7353   119858.15     7.33      -154.0    -123.11     31.186   
   9200     42611.52    1.0158     0.258       0.0        0.0       0.5602     0.259      4.5234    26.8571    120603.2     8.43      -159.0    -128.253    31.135   
   9300     43065.36    1.0167     0.2584      0.0        0.0       0.633      0.179      4.5459    20.3377   119778.83     7.46      -137.0    -105.929    31.186   
   9400     43519.32    1.0169     0.2585      0.0        0.0       0.5556     0.1145     4.2735    22.7026   120485.75     6.8       -158.0    -126.806    31.212   
   9500     43972.98    1.0144     0.2572      0.0        0.0       0.546      0.0862     4.5111     25.228   120367.12     7.45      -177.0    -145.834    31.288   
   9600     44428.65    1.0145     0.2573      0.0        0.0       0.6165     0.0965     4.3184    22.3316   121042.33     6.22      -168.0    -136.821    31.331   
   9700     44885.04    1.0147     0.2574      0.0        0.0       0.6843     0.1333     4.492     24.7744   120679.72     7.0       -170.0    -138.931    31.267   
   9800     45340.18    1.0147     0.2574      0.0        0.0       0.617      0.2838     4.5809    24.9431   121167.26     6.34      -164.0    -133.118    31.353   
   9900     45796.79    1.0148     0.2574      0.0        0.0       0.6338     0.3562     4.5097    25.0353   121030.01     6.65      -134.0    -102.598    31.325   
  10000     46252.01    1.016      0.258       0.0        0.0       0.5924     0.104      4.8691    21.0432   120845.93     7.62      -127.0     -96.12     31.354   
  10100     46703.32    1.0152     0.2576      0.0        0.0       0.534      0.1209     4.2623    20.8692   120225.69     7.32      -148.0    -116.456    31.322   
  10200     47157.12    1.0152     0.2576      0.0        0.0       0.6447     0.2087     4.5128    26.0609   121213.77     5.83      -140.0    -108.273    31.346   
  10300     47611.98    1.0152     0.2577      0.0        0.0       0.5714     0.1613     4.504     25.2334   121652.18     6.86      -141.0    -109.577    31.35    
  10400     48068.47    1.0156     0.2579      0.0        0.0       0.6062     0.146      4.4315    22.9872   121273.85     6.47      -163.0    -131.969    31.406   
  10500     48520.81    1.0158     0.258       0.0        0.0       0.5577     0.4504     4.6771     23.896   121574.48     5.72      -144.0    -112.386    31.418   
  10600     48973.84    1.0156     0.2578      0.0        0.0       0.5644     0.1615     4.7009    24.9386   121400.31     5.6       -142.0    -110.667    31.345   
  10700     49429.33    1.015      0.2576      0.0        0.0       0.5614     0.1164     4.5864    19.1009   121397.99     6.07      -162.0    -130.245    31.291   
  10800     49883.37    1.0166     0.2584      0.0        0.0       0.4478     0.4505     4.455     26.2571   121052.76     6.21      -129.0    -98.167     31.32    
  10900     50337.03    1.0153     0.2577      0.0        0.0       0.4909     0.1729     4.7072    21.3988   122313.48     5.84      -146.0    -115.012    31.275   
  11000     50795.17    1.0145     0.2573      0.0        0.0       0.5552     0.1963     4.6204    20.8499    122659.6     6.51      -128.0    -96.794     31.223   
  11100     51248.92    1.0144     0.2572      0.0        0.0       0.5863     0.161      4.6915    23.0562   122316.97     6.44      -143.0    -111.362    31.191   
  11200     51704.09    1.0146     0.2574      0.0        0.0       0.6762     0.302      4.7582     22.928   122008.91     7.04      -169.0    -138.194    31.303   
  11300     52159.79    1.0161     0.2581      0.0        0.0       0.5261     0.1788     4.7555    19.9152   122473.79     5.48      -136.0    -104.236    31.327   
  11400     52610.69    1.0134     0.2567      0.0        0.0       0.5679     0.5422     4.5654    21.2394   123499.84     5.54      -169.0    -137.715    31.368   
  11500     53065.07    1.0156     0.2579      0.0        0.0       0.498      0.2008     4.8231    22.5431   122676.75     6.26      -162.0    -130.374    31.384   
  11600     53518.41    1.0172     0.2587      0.0        0.0       0.4418     0.1931     4.397     22.2526   124399.57     5.6       -144.0    -112.655    31.452   
  11700     53971.96    1.017      0.2586      0.0        0.0       0.5182     0.2523     4.3353    20.6121   122719.28     5.74      -160.0    -128.427    31.441   
  11800     54429.6     1.0178     0.259       0.0        0.0       0.5982     0.3985     4.6508    19.9804   122059.85     5.99      -128.0    -96.692     31.411   
  11900     54885.2     1.0134     0.2567      0.0        0.0       0.6927     0.1657     4.4731    22.0854   122530.08     6.14      -163.0     -131.3     31.48    
  12000     55341.16    1.0153     0.2577      0.0        0.0       0.7458     0.1423     4.8333     20.935   122765.67     5.4       -160.0    -128.279    31.474   
[ 1.91038468  6.24520555  2.2178726   4.62224231 -2.59952171  3.28369552
 -0.28994147 -1.52079315 -3.99731322  7.20770811  1.01163592  3.15551719
  1.81554096 -0.7673386   9.2357324   3.78248445  6.26628578  0.14485999
 -1.64195666  6.64847613]
[ 6.87461827  0.45437748  5.21043116 -1.28578858 -0.31104318 -3.59037299
  1.36655183  6.88902829  4.50255855 -1.36931371  0.84827682 -1.6194939
  4.05536303  0.917032    0.58618982  4.58941587 -5.91571975  6.10753959
  1.72074303 -3.09576378]
[ 1.84590979  2.76432444  1.34691403 -0.65820291  3.82544532  3.12528898
  2.1453304   5.45888116 -2.98914802  6.53235555  6.50528597  5.69652479
  3.06097147  4.63712729  4.55209827  6.01443109  6.99724406  2.28466031
  3.74478128  5.14247817]
