Generating synthetic binary valued data ... 
Generating synthetic  binary valued data took:  9.089580535888672
Evaluation for true params: 
 test_rsme | train_rsme | rel-te-err | rel-tr-err |  test_nll  |  train_nll |
0.5752216964 0.5837122579   0.08272      0.08518      24762.13     98334.13  
Using  0.05 of training data
Factorizing with max_iteration = 8000  fixing covariance?:  False
Tensor dimensions:  [50, 50, 50]
Optimization metrics: 
Using Ada Grad
Mean update scheme:  S
Covariance update :  N
Using diagonal covariance?:  True
k1 samples =  64  k2 samples =  64
eta =  1  cov eta =  1  sigma eta =  1
iteration |   time   |test_rsme |rel-te-err|train_rsme|rel-tr-err|  d_mean  |   d_cov  | test_nll | train_nll  
    50       41.87      0.9891     0.2446     0.9712     0.2358     3.1623     1.4866    13547.24   2638.43   
   100       121.88     0.8369     0.1751     0.8256     0.1704     3.1612     0.6274    35386.85   6970.76   
   200       243.85     0.7875     0.155      0.7843     0.1538     3.1431     0.2586    54248.01   10767.05  
   500       532.98     0.781      0.1525     0.7884     0.1554     2.5451     0.1033    70216.28   14312.87  
   1000      981.79     0.781      0.1525     0.7884     0.1554     2.1718     0.072     70219.64   14312.87  
   1500     1429.97     0.781      0.1525     0.7884     0.1554     1.7828     0.045     70219.64   14312.87  
   2000     1878.53     0.781      0.1525     0.7884     0.1554     1.7383     0.0598    70219.64   14312.87  
   2500     2326.75     0.781      0.1525     0.7884     0.1554     1.2727     0.0352    70219.64   14312.87  
   3000     2774.91     0.781      0.1525     0.7884     0.1554     1.4225     0.0352    70219.64   14312.87  
   3500     3223.18     0.781      0.1525     0.7884     0.1554     1.646      0.0521    70219.64   14312.87  
   4000     3671.51     0.781      0.1525     0.7884     0.1554     1.3724     0.0276    70219.64   14312.87  
   4500     4120.11     0.781      0.1525     0.7884     0.1554     1.7083     0.0328    70219.64   14312.87  
   5000     4568.71     0.781      0.1525     0.7884     0.1554     1.134      0.0219    70219.64   14312.87  
   5500     5016.21     0.781      0.1525     0.7884     0.1554     0.9789     0.0162    70219.64   14312.87  
   6000      5462.5     0.781      0.1525     0.7884     0.1554     1.2347     0.0189    70219.64   14312.87  
   6500     5908.47     0.781      0.1525     0.7884     0.1554     0.8884     0.0253    70219.64   14312.87  
   7000     6352.93     0.781      0.1525     0.7884     0.1554     0.9339     0.0411    70219.64   14312.87  
   7500     6797.42     0.781      0.1525     0.7884     0.1554     1.0176     0.0278    70219.64   14312.87  
   8000     7241.94     0.781      0.1525     0.7884     0.1554     0.8599     0.0322    70219.64   14312.87  
[41.48610338 41.5402419  41.27588131 41.47559755 41.58071371 41.30118794
 41.51681673 41.45527644 41.6225814  41.41101719 41.48777222 41.49303849
 41.52019357 41.62869817 41.48460635 41.59442407 41.49950383 41.41781562
 41.38471668 41.56031942]
[-25.65927895 -27.36488624  -0.05031826 -30.49661594 -28.90164262
 -29.136474   -19.68602546 -29.77463771 -22.4580015  -29.3974398
  -2.58001588   0.89080219 -26.95768648 -16.72402908 -27.8443361
 -29.05045662 -28.42496795 -28.95885248 -28.33561775  20.91674187]
[40.90477388 40.93007245 41.04762275 40.94440299 41.19770449 40.88536136
 41.29047578 40.91426179 41.27168556 41.06246397 41.25585114 41.16076762
 39.76419786 41.27411285 40.39566392 41.18709744 41.12453247 40.88439647
 41.16326231 41.26171192]
