Generating synthetic binary valued data ... 
Generating synthetic  binary valued data took:  0.4743978977203369
Evaluation for true params: 
 test_rsme | train_rsme | rel-te-err | rel-tr-err |  test_nll  |  train_nll |
    0.0          0.0          0.0          0.0         20.03        86.24    
Factorizing with max_iteration = 6000  fixing covariance?:  True
Tensor dimensions:  [5, 5, 5]
Optimization metrics: 
Using Ada Grad
Mean update scheme:  S
Covariance update :  N
Using diagonal covariance?:  False
Random start? True
k1 samples =  64  k2 samples =  64
eta =  1.0  cov eta =  1.0  sigma eta =  1
iteration |   time   |test_rsme |rel-te-err|train_rsme|rel-tr-err|  d_mean  |   d_cov  | test_nll | train_nll |    VLB   |  E-term  |    KL     |   dw   |
    0         0.44      1.3266      0.44      1.3416      0.45      3.1623       0        18.77      68.72      -91.0     -81.409     9.643       0.0    
    5         3.02      1.4422      0.52      1.0954      0.3       3.1623       0         18.0      62.03      -85.0     -78.953     6.351      0.0185  
    10        5.08       0.8        0.16      0.6633      0.11      2.5407       0        13.34      46.61      -79.0     -74.909     4.075      0.0047  
    20        9.58      0.6928      0.12      0.4472      0.05      1.4802       0         6.62      22.51      -71.0     -66.874     4.251      0.0045  
    50       22.45       0.4        0.04       0.2        0.01      0.9761       0         4.49      11.42      -67.0     -62.377     4.578      0.0044  
   100       41.59       0.4        0.04       0.0        0.0       0.827        0         4.01      10.17      -67.0     -62.023     5.024      0.0016  
   200       76.09       0.4        0.04       0.0        0.0       0.5676       0         4.42       8.91      -67.0     -61.224     5.461      0.0008  
   300       108.49      0.4        0.04       0.0        0.0       0.5559       0         3.89       7.97      -68.0      -61.27     6.248      0.0004  
   400       140.65      0.4        0.04       0.0        0.0       0.5134       0         3.66       6.68      -67.0     -60.237     6.502      0.0004  
   500       174.5       0.4        0.04       0.0        0.0       0.397        0         3.95       6.53      -67.0     -60.432     6.632      0.0003  
   600       208.71      0.4        0.04       0.0        0.0       0.443        0         4.06       6.22      -67.0     -60.283     6.494      0.0001  
   700       242.72      0.4        0.04       0.0        0.0       0.4606       0         3.96       6.28      -67.0     -60.165     6.724      0.0002  
   800       278.92      0.4        0.04       0.0        0.0       0.429        0         4.24       6.61      -67.0     -60.508     6.443      0.0001  
   900       311.73      0.4        0.04       0.0        0.0       0.3166       0         3.35       6.64      -67.0     -60.489     6.527      0.0002  
   1000      346.02      0.4        0.04       0.0        0.0       0.2977       0         3.99       7.0       -67.0     -60.574      6.18       0.0    
   1100      379.56      0.4        0.04       0.0        0.0       0.3071       0         4.12       6.73      -67.0     -60.817     6.573      0.0001  
   1200      412.64      0.4        0.04       0.0        0.0       0.3146       0         3.36       6.74      -67.0      -60.42     6.387      0.0001  
   1300      445.47      0.4        0.04       0.0        0.0       0.2603       0         4.14       5.61      -67.0     -60.383     6.515       0.0    
   1400      481.0       0.4        0.04       0.0        0.0       0.2929       0         3.61       6.12      -67.0     -60.045     6.602      0.0001  
   1500      517.36      0.4        0.04       0.0        0.0       0.2553       0         3.51       6.0       -67.0     -60.394     6.488       0.0    
   1600      550.31      0.4        0.04       0.0        0.0       0.2926       0         3.49       7.12      -67.0     -60.679      6.5       0.0001  
   1700      584.53      0.4        0.04       0.0        0.0       0.2611       0         3.47       6.06      -67.0      -60.77     6.415       0.0    
   1800      617.22      0.4        0.04       0.0        0.0       0.2715       0         3.57       6.76      -67.0     -60.443     6.253      0.0001  
   1900      649.16      0.4        0.04       0.0        0.0       0.2347       0         3.16       6.46      -67.0     -60.377     6.423       0.0    
   2000      686.07      0.4        0.04       0.0        0.0       0.2533       0         4.45       6.67      -67.0     -60.167     6.488       0.0    
   2100      719.82      0.4        0.04       0.0        0.0       0.2291       0         3.77       6.41      -67.0     -60.432     6.529       0.0    
   2200      758.04      0.4        0.04       0.0        0.0       0.2051       0         3.56       6.41      -67.0     -60.197     6.334       0.0    
   2300      791.02      0.4        0.04       0.0        0.0       0.2684       0         3.89       6.27      -67.0     -60.655     6.315       0.0    
   2400      829.58      0.4        0.04       0.0        0.0       0.2306       0         3.52       7.35      -67.0     -60.752     6.403       0.0    
   2500      864.09      0.4        0.04       0.0        0.0       0.2048       0         3.09       7.1       -67.0     -60.254     6.567       0.0    
   2600      898.56      0.4        0.04       0.0        0.0       0.2111       0         3.66       6.7       -67.0     -60.573     6.227       0.0    
   2700      930.35      0.4        0.04       0.0        0.0       0.2708       0         3.06       6.5       -67.0     -60.709     6.559       0.0    
   2800      967.22      0.4        0.04       0.0        0.0       0.2104       0         3.92       6.11      -67.0     -60.748     6.485       0.0    
   2900     1000.66      0.4        0.04       0.0        0.0       0.2353       0         3.54       6.32      -68.0     -60.971     6.541       0.0    
   3000     1037.95      0.4        0.04       0.0        0.0       0.1777       0         3.16       6.29      -67.0     -60.615     6.448       0.0    
   3100     1076.17      0.4        0.04       0.0        0.0       0.2178       0         3.49       6.34      -68.0     -60.941     6.641       0.0    
   3200      1115.3      0.4        0.04       0.0        0.0       0.1725       0         3.37       6.33      -67.0      -60.64     6.362       0.0    
   3300     1149.36      0.4        0.04       0.0        0.0       0.1875       0         3.87       6.23      -67.0     -60.353     6.386       0.0    
   3400     1187.72      0.4        0.04       0.0        0.0       0.1956       0         2.91       6.45      -67.0     -60.543     6.666       0.0    
   3500     1220.53      0.4        0.04       0.0        0.0       0.1866       0         3.6        6.72      -67.0     -60.388     6.582       0.0    
   3600     1252.56      0.4        0.04       0.0        0.0       0.1995       0         3.81       6.5       -67.0     -60.475     6.439       0.0    
   3700     1289.95      0.4        0.04       0.0        0.0       0.1926       0         3.36       6.75      -67.0      -60.31     6.608       0.0    
   3800     1322.42      0.4        0.04       0.0        0.0       0.1942       0         3.98       6.22      -67.0     -60.622     6.607       0.0    
   3900     1358.85      0.4        0.04       0.0        0.0       0.1894       0         3.67       6.17      -67.0     -60.389     6.686       0.0    
   4000     1393.71      0.4        0.04       0.2        0.01      0.1971       0         3.42       6.56      -67.0     -60.442     6.486       0.0    
   4100     1431.43      0.4        0.04       0.0        0.0       0.1735       0         3.29       6.34      -67.0     -60.502     6.444       0.0    
   4200     1466.06      0.4        0.04       0.0        0.0       0.1895       0         3.52       6.09      -67.0     -60.478     6.494       0.0    
   4300     1499.69      0.4        0.04       0.0        0.0       0.2012       0         3.44       6.1       -67.0     -60.669      6.43       0.0    
   4400      1537.4      0.4        0.04       0.0        0.0       0.2028       0         3.29       6.53      -67.0     -60.341     6.454       0.0    
   4500     1570.62      0.4        0.04       0.0        0.0       0.1613       0         3.74       5.98      -67.0     -60.423     6.447       0.0    
   4600     1605.49      0.4        0.04       0.0        0.0       0.2083       0         3.1        6.92      -67.0     -60.607     6.457       0.0    
   4700     1641.34      0.4        0.04       0.0        0.0       0.1614       0         4.53       5.99      -67.0      -60.44     6.454       0.0    
   4800     1675.63      0.4        0.04       0.0        0.0       0.1652       0         3.46       5.9       -67.0     -60.101     6.761       0.0    
   4900     1711.65      0.4        0.04       0.0        0.0       0.154        0         4.11       6.56      -67.0     -60.527     6.702       0.0    
   5000     1744.36      0.4        0.04       0.0        0.0       0.1642       0         3.84       6.56      -67.0     -60.123     6.677       0.0    
   5100     1778.73      0.4        0.04       0.0        0.0       0.2204       0         3.97       6.26      -67.0     -60.516     6.642       0.0    
   5200     1814.22      0.4        0.04       0.0        0.0       0.207        0         3.17       6.23      -67.0     -60.635     6.433       0.0    
   5300     1850.14      0.4        0.04       0.0        0.0       0.1503       0         4.05       6.1       -67.0      -60.63     6.679       0.0    
   5400     1885.04      0.4        0.04       0.0        0.0       0.1905       0         3.67       6.11      -67.0     -60.905     6.585       0.0    
   5500     1920.62      0.4        0.04       0.0        0.0       0.1407       0         3.4        5.93      -67.0     -60.212     6.546       0.0    
   5600     1955.65      0.4        0.04       0.0        0.0       0.1438       0         3.64       6.68      -67.0     -60.704     6.476       0.0    
   5700      1992.1      0.4        0.04       0.0        0.0       0.1625       0         3.15       6.19      -67.0      -60.53     6.559       0.0    
   5800     2028.59      0.4        0.04       0.0        0.0       0.1507       0         3.44       6.18      -67.0     -60.124     6.501       0.0    
   5900     2064.06      0.4        0.04       0.0        0.0       0.1599       0         3.57       6.66      -67.0     -60.469      6.51       0.0    
   6000     2101.06      0.4        0.04       0.0        0.0       0.1411       0         3.16       6.65      -67.0     -60.498     6.391       0.0    
[ 0.58091048  1.13916888  0.61820936  0.61649738 -0.88400095  0.67011882
  2.73708501  0.6563224   0.69904107  0.61434507  1.11765423  0.47939429
  0.66742765  0.66391414  2.40237569  0.63356948  2.59880898  0.6192499
  2.53127061  0.59841393]
[ 0.22277131 -1.89778532  0.26135604  0.17828282  0.03769344  0.36005069
 -0.62332532  0.19382594  0.13558611  0.31170361 -1.80290056  0.20925967
  0.31037358  0.1881148  -1.01609472  0.26482949 -0.50994089  0.19455602
 -2.93200865  0.17613991]
[ 0.504099    2.00518628  0.63088265  0.61858291 -0.23287605  0.47782395
 -0.62010627  0.63277136  0.50298985  0.6791297   1.81690907  0.56427866
  0.64574898  0.47718593  3.16372812  0.59088209 -0.56113068  0.57833682
  2.70247336  0.50590139]
