Generating synthetic count valued data ... 
Generating synthetic  count valued data took:  0.5580410957336426
max_count =  13.0  min count =  0.0
Evaluation for true params: 
 test_rsme | train_rsme | rel-te-err | rel-tr-err |  test_nll  |  train_nll |
    0.0          0.0          0.0          0.0         109.0        396.75   
Factorizing with max_iteration = 6000  fixing covariance?:  True
Tensor dimensions:  [5, 5, 5]
Optimization metrics: 
Using Ada Grad
Mean update scheme:  S
Covariance update :  N
Using diagonal covariance?:  False
Random start? True
k1 samples =  64  k2 samples =  64
eta =  1.0  cov eta =  1.0  sigma eta =  1
iteration |   time   |test_rsme |rel-te-err|train_rsme|rel-tr-err|  d_mean  |   d_cov  | test_nll | train_nll |    VLB   |  E-term  |    KL     
    0         0.42      5.8924      4.8       4.1497      3.46      3.1623       0         68.9      237.07     -606.0    -597.585    8.911    
    5         2.35      5.5642      4.0       6.6393      4.2       3.1623       0        69.28      253.35     -532.0    -524.22     8.188    
    10        4.26      5.7236      3.16      8.2353      4.04      3.0167       0        86.13      454.14     -547.0    -536.428    10.899   
    20        7.98      5.6991      3.52      4.9285      3.31      3.0748       0        294.73    1100.47     -602.0    -582.606    19.678   
    50       18.34      5.6991      3.52      4.9285      3.31      2.4518       0        294.73    1123.66     -620.0    -584.176    35.568   
   100       34.63      5.6991      3.52      4.9285      3.31      1.8464       0        294.73    1123.66     -631.0    -584.176    46.837   
   200       65.22      5.6991      3.52      4.9285      3.31      1.3185       0        294.73    1123.66     -641.0    -584.176    56.799   
   300        92.2      5.6991      3.52      4.9285      3.31      1.0732       0        294.73    1123.66     -646.0    -584.176    62.109   
   400       118.46     5.6991      3.52      4.9285      3.31      0.9217       0        294.73    1123.66     -650.0    -584.176    65.69    
   500       144.54     5.6991      3.52      4.9285      3.31      0.8211       0        294.73    1123.66     -653.0    -584.176    68.38    
   600       174.5      5.6991      3.52      4.9285      3.31      0.7446       0        294.73    1123.66     -655.0    -584.176    70.529   
   700       204.04     5.6991      3.52      4.9285      3.31      0.6873       0        294.73    1123.66     -656.0    -584.176    72.313   
   800       233.34     5.6991      3.52      4.9285      3.31      0.6419       0        294.73    1123.66     -658.0    -584.176    73.838   
   900       263.0      5.6991      3.52      4.9285      3.31      0.6067       0        294.73    1123.66     -659.0    -584.176    75.17    
   1000      291.4      5.6991      3.52      4.9285      3.31      0.5724       0        294.73    1123.66     -661.0    -584.176    76.348   
   1100      316.3      5.6991      3.52      4.9285      3.31      0.5424       0        294.73    1123.66     -662.0    -584.176    77.409   
   1200      343.38     5.6991      3.52      4.9285      3.31      0.5188       0        294.73    1123.66     -663.0    -584.176    78.369   
   1300      371.13     5.6991      3.52      4.9285      3.31      0.4999       0        294.73    1123.66     -663.0    -584.176    79.248   
   1400      403.79     5.6991      3.52      4.9285      3.31      0.4793       0        294.73    1123.66     -664.0    -584.176    80.057   
   1500      437.37     5.6991      3.52      4.9285      3.31      0.4633       0        294.73    1123.66     -665.0    -584.176    80.808   
   1600      469.2      5.6991      3.52      4.9285      3.31      0.4476       0        294.73    1123.66     -666.0    -584.176    81.507   
   1700      502.08     5.6991      3.52      4.9285      3.31      0.4333       0        294.73    1123.66     -666.0    -584.176    82.162   
   1800      532.56     5.6991      3.52      4.9285      3.31      0.4212       0        294.73    1123.66     -667.0    -584.176    82.777   
   1900      560.46     5.6991      3.52      4.9285      3.31      0.4094       0        294.73    1123.66     -668.0    -584.176    83.357   
   2000      585.31     5.6991      3.52      4.9285      3.31      0.3989       0        294.73    1123.66     -668.0    -584.176    83.906   
   2100      617.01     5.6991      3.52      4.9285      3.31      0.3892       0        294.73    1123.66     -669.0    -584.176    84.427   
   2200      650.63     5.6991      3.52      4.9285      3.31      0.3799       0        294.73    1123.66     -669.0    -584.176    84.923   
   2300      680.63     5.6991      3.52      4.9285      3.31      0.371        0        294.73    1123.66     -670.0    -584.176    85.395   
   2400      713.39     5.6991      3.52      4.9285      3.31      0.3633       0        294.73    1123.66     -670.0    -584.176    85.847   
   2500      738.45     5.6991      3.52      4.9285      3.31      0.3561       0        294.73    1123.66     -670.0    -584.176    86.279   
   2600      766.57     5.6991      3.52      4.9285      3.31      0.3492       0        294.73    1123.66     -671.0    -584.176    86.694   
   2700      795.14     5.6991      3.52      4.9285      3.31      0.3415       0        294.73    1123.66     -671.0    -584.176    87.092   
   2800      826.21     5.6991      3.52      4.9285      3.31      0.3356       0        294.73    1123.66     -672.0    -584.176    87.476   
   2900      852.72     5.6991      3.52      4.9285      3.31      0.3308       0        294.73    1123.66     -672.0    -584.176    87.845   
   3000      882.86     5.6991      3.52      4.9285      3.31      0.3241       0        294.73    1123.66     -672.0    -584.176    88.201   
   3100      916.89     5.6991      3.52      4.9285      3.31      0.3191       0        294.73    1123.66     -673.0    -584.176    88.545   
   3200      946.1      5.6991      3.52      4.9285      3.31      0.3148       0        294.73    1123.66     -673.0    -584.176    88.878   
   3300      978.36     5.6991      3.52      4.9285      3.31      0.309        0        294.73    1123.66     -673.0    -584.176     89.2    
   3400     1010.33     5.6991      3.52      4.9285      3.31      0.3051       0        294.73    1123.66     -674.0    -584.176    89.513   
   3500     1035.41     5.6991      3.52      4.9285      3.31      0.2992       0        294.73    1123.66     -674.0    -584.176    89.816   
   3600     1062.24     5.6991      3.52      4.9285      3.31      0.2963       0        294.73    1123.66     -674.0    -584.176    90.11    
   3700     1089.42     5.6991      3.52      4.9285      3.31      0.2903       0        294.73    1123.66     -675.0    -584.176    90.396   
   3800     1116.44     5.6991      3.52      4.9285      3.31      0.2871       0        294.73    1123.66     -675.0    -584.176    90.673   
   3900     1144.41     5.6991      3.52      4.9285      3.31      0.2832       0        294.73    1123.66     -675.0    -584.176    90.944   
   4000     1170.16     5.6991      3.52      4.9285      3.31      0.2799       0        294.73    1123.66     -675.0    -584.176    91.208   
   4100     1203.33     5.6991      3.52      4.9285      3.31      0.2761       0        294.73    1123.66     -676.0    -584.176    91.464   
   4200     1232.24     5.6991      3.52      4.9285      3.31      0.2726       0        294.73    1123.66     -676.0    -584.176    91.715   
   4300     1261.51     5.6991      3.52      4.9285      3.31      0.2691       0        294.73    1123.66     -676.0    -584.176    91.96    
   4400     1291.57     5.6991      3.52      4.9285      3.31      0.2664       0        294.73    1123.66     -676.0    -584.176    92.198   
   4500     1320.28     5.6991      3.52      4.9285      3.31      0.2626       0        294.73    1123.66     -677.0    -584.176    92.431   
   4600     1349.31     5.6991      3.52      4.9285      3.31      0.2601       0        294.73    1123.66     -677.0    -584.176    92.659   
   4700     1374.72     5.6991      3.52      4.9285      3.31      0.2578       0        294.73    1123.66     -677.0    -584.176    92.882   
   4800     1400.65     5.6991      3.52      4.9285      3.31      0.254        0        294.73    1123.66     -677.0    -584.176     93.1    
   4900      1430.2     5.6991      3.52      4.9285      3.31      0.252        0        294.73    1123.66     -677.0    -584.176    93.313   
   5000     1460.27     5.6991      3.52      4.9285      3.31      0.2488       0        294.73    1123.66     -678.0    -584.176    93.521   
   5100     1487.06     5.6991      3.52      4.9285      3.31      0.2463       0        294.73    1123.66     -678.0    -584.176    93.726   
   5200     1512.46     5.6991      3.52      4.9285      3.31      0.2453       0        294.73    1123.66     -678.0    -584.176    93.927   
   5300     1538.19     5.6991      3.52      4.9285      3.31      0.2421       0        294.73    1123.66     -678.0    -584.176    94.123   
   5400     1567.91     5.6991      3.52      4.9285      3.31      0.2401       0        294.73    1123.66     -678.0    -584.176    94.316   
   5500     1596.75     5.6991      3.52      4.9285      3.31      0.237        0        294.73    1123.66     -679.0    -584.176    94.505   
   5600     1622.15     5.6991      3.52      4.9285      3.31      0.2355       0        294.73    1123.66     -679.0    -584.176    94.691   
   5700     1647.55     5.6991      3.52      4.9285      3.31      0.2333       0        294.73    1123.66     -679.0    -584.176    94.874   
   5800     1675.57     5.6991      3.52      4.9285      3.31      0.2316       0        294.73    1123.66     -679.0    -584.176    95.053   
   5900     1704.27     5.6991      3.52      4.9285      3.31      0.2301       0        294.73    1123.66     -679.0    -584.176    95.229   
   6000     1732.22     5.6991      3.52      4.9285      3.31      0.2277       0        294.73    1123.66     -680.0    -584.176    95.402   
[ 119.78467229  117.4730015   117.35394617  118.07942792 -118.12876077
  118.65647242  119.38767026  117.54559354  118.90504406  118.80452582
 -118.37262667 -116.4324335  -117.57952954 -116.33969147  117.89501895
  119.28572941 -117.55483772  120.50708418  118.60988193 -117.35677595]
[-116.06431495 -117.58748574 -119.26520812 -116.09648518  118.94026947
  119.49612317  117.80533481 -118.05638488  119.05322459  117.5247547
  118.35860373 -119.18750622  118.81591901  119.70825411 -118.04129055
  117.48405528  118.44594371  115.51193189 -117.22089248  119.06218831]
[ 118.77711905  119.84667405  116.61921923  120.35870523  118.24974693
 -117.29853966 -119.05586415  118.8382443  -118.65525358 -117.11770665
  119.17447811 -117.69809285  117.46454968  120.20798484  117.32149922
 -117.83151549  119.57612335 -118.06321139  119.76831829  118.22839788]
