Generating synthetic count valued data ... 
Generating synthetic  count valued data took:  0.5090205669403076
max_count =  13.0  min count =  0.0
Evaluation for true params: 
 test_rsme | train_rsme | rel-te-err | rel-tr-err |  test_nll  |  train_nll |
    0.0          0.0          0.0          0.0         109.0        396.75   
Factorizing with max_iteration = 6000  fixing covariance?:  True
Tensor dimensions:  [5, 5, 5]
Optimization metrics: 
Using Ada Grad
Mean update scheme:  S
Covariance update :  N
Using diagonal covariance?:  False
Random start? True
k1 samples =  64  k2 samples =  64
eta =  1.0  cov eta =  1.0  sigma eta =  1
iteration |   time   |test_rsme |rel-te-err|train_rsme|rel-tr-err|  d_mean  |   d_cov  | test_nll | train_nll |    VLB   |  E-term  |    KL     |   dw   |
    0         0.35      6.4281      5.56      4.1737      3.38      3.1623       0        66.02      237.43     -613.0    -603.829    8.904      0.015   
    5         2.36      5.3628      4.44      6.9007      4.22      3.1623       0         63.5      252.12     -569.0    -559.208    9.457      0.0003  
    10        4.32      6.4962      3.72      8.6238      4.65      3.0965       0        81.65      409.9      -575.0    -561.593    13.103     0.0001  
    20        7.85      5.6991      3.52      4.9112      3.3       3.0745       0        294.73    1082.07     -606.0    -584.061    21.648      0.0    
    50       16.32      5.6991      3.52      4.9285      3.31      2.4489       0        294.73    1123.66     -621.0    -584.176    36.632      0.0    
   100       29.33      5.6991      3.52      4.9285      3.31      1.8532       0        294.73    1123.66     -632.0    -584.176    47.476      0.0    
   200        56.7      5.6991      3.52      4.9285      3.31      1.3275       0        294.73    1123.66     -641.0    -584.176    57.198      0.0    
   300       83.77      5.6991      3.52      4.9285      3.31      1.0742       0        294.73    1123.66     -647.0    -584.176    62.417      0.0    
   400       109.2      5.6991      3.52      4.9285      3.31      0.9233       0        294.73    1123.66     -650.0    -584.176    65.952      0.0    
   500       136.88     5.6991      3.52      4.9285      3.31      0.8233       0        294.73    1123.66     -653.0    -584.176    68.608      0.0    
   600       162.61     5.6991      3.52      4.9285      3.31      0.7466       0        294.73    1123.66     -655.0    -584.176    70.73       0.0    
   700       194.65     5.6991      3.52      4.9285      3.31      0.6893       0        294.73    1123.66     -657.0    -584.176    72.499      0.0    
   800       223.39     5.6991      3.52      4.9285      3.31      0.643        0        294.73    1123.66     -658.0    -584.176    74.011      0.0    
   900       251.23     5.6991      3.52      4.9285      3.31      0.6027       0        294.73    1123.66     -660.0    -584.176    75.332      0.0    
   1000      280.55     5.6991      3.52      4.9285      3.31      0.5705       0        294.73    1123.66     -661.0    -584.176    76.502      0.0    
   1100      309.44     5.6991      3.52      4.9285      3.31      0.5433       0        294.73    1123.66     -662.0    -584.176    77.555      0.0    
   1200      337.73     5.6991      3.52      4.9285      3.31      0.5186       0        294.73    1123.66     -663.0    -584.176    78.508      0.0    
   1300      364.81     5.6991      3.52      4.9285      3.31      0.4986       0        294.73    1123.66     -664.0    -584.176    79.381      0.0    
   1400      397.17     5.6991      3.52      4.9285      3.31      0.4804       0        294.73    1123.66     -664.0    -584.176    80.185      0.0    
   1500      430.88     5.6991      3.52      4.9285      3.31      0.4629       0        294.73    1123.66     -665.0    -584.176    80.931      0.0    
   1600      461.58     5.6991      3.52      4.9285      3.31      0.4469       0        294.73    1123.66     -666.0    -584.176    81.626      0.0    
   1700      489.76     5.6991      3.52      4.9285      3.31      0.4352       0        294.73    1123.66     -666.0    -584.176    82.277      0.0    
   1800      519.93     5.6991      3.52      4.9285      3.31      0.4221       0        294.73    1123.66     -667.0    -584.176    82.888      0.0    
   1900      552.0      5.6991      3.52      4.9285      3.31      0.4098       0        294.73    1123.66     -668.0    -584.176    83.465      0.0    
   2000      579.14     5.6991      3.52      4.9285      3.31      0.3996       0        294.73    1123.66     -668.0    -584.176    84.011      0.0    
   2100      604.99     5.6991      3.52      4.9285      3.31      0.3895       0        294.73    1123.66     -669.0    -584.176    84.529      0.0    
   2200      636.96     5.6991      3.52      4.9285      3.31      0.3817       0        294.73    1123.66     -669.0    -584.176    85.023      0.0    
   2300      666.45     5.6991      3.52      4.9285      3.31      0.3711       0        294.73    1123.66     -670.0    -584.176    85.493      0.0    
   2400      695.76     5.6991      3.52      4.9285      3.31      0.3626       0        294.73    1123.66     -670.0    -584.176    85.942      0.0    
   2500      725.48     5.6991      3.52      4.9285      3.31      0.3549       0        294.73    1123.66     -671.0    -584.176    86.372      0.0    
   2600      754.7      5.6991      3.52      4.9285      3.31      0.3492       0        294.73    1123.66     -671.0    -584.176    86.784      0.0    
   2700      781.08     5.6991      3.52      4.9285      3.31      0.343        0        294.73    1123.66     -671.0    -584.176    87.181      0.0    
   2800      811.65     5.6991      3.52      4.9285      3.31      0.3356       0        294.73    1123.66     -672.0    -584.176    87.563      0.0    
   2900      838.88     5.6991      3.52      4.9285      3.31      0.3299       0        294.73    1123.66     -672.0    -584.176    87.93       0.0    
   3000      865.57     5.6991      3.52      4.9285      3.31      0.3238       0        294.73    1123.66     -672.0    -584.176    88.285      0.0    
   3100      891.39     5.6991      3.52      4.9285      3.31      0.3192       0        294.73    1123.66     -673.0    -584.176    88.627      0.0    
   3200      923.47     5.6991      3.52      4.9285      3.31      0.3131       0        294.73    1123.66     -673.0    -584.176    88.959      0.0    
   3300      956.62     5.6991      3.52      4.9285      3.31      0.3089       0        294.73    1123.66     -673.0    -584.176    89.28       0.0    
   3400      989.48     5.6991      3.52      4.9285      3.31      0.3035       0        294.73    1123.66     -674.0    -584.176    89.591      0.0    
   3500     1017.84     5.6991      3.52      4.9285      3.31      0.2993       0        294.73    1123.66     -674.0    -584.176    89.893      0.0    
   3600     1043.43     5.6991      3.52      4.9285      3.31      0.295        0        294.73    1123.66     -674.0    -584.176    90.186      0.0    
   3700     1074.71     5.6991      3.52      4.9285      3.31      0.2904       0        294.73    1123.66     -675.0    -584.176    90.47       0.0    
   3800     1102.02     5.6991      3.52      4.9285      3.31      0.2882       0        294.73    1123.66     -675.0    -584.176    90.748      0.0    
   3900      1127.5     5.6991      3.52      4.9285      3.31      0.2835       0        294.73    1123.66     -675.0    -584.176    91.017      0.0    
   4000     1158.19     5.6991      3.52      4.9285      3.31      0.2799       0        294.73    1123.66     -675.0    -584.176    91.28       0.0    
   4100     1189.86     5.6991      3.52      4.9285      3.31      0.2761       0        294.73    1123.66     -676.0    -584.176    91.536      0.0    
   4200     1215.02     5.6991      3.52      4.9285      3.31      0.273        0        294.73    1123.66     -676.0    -584.176    91.785      0.0    
   4300     1244.43     5.6991      3.52      4.9285      3.31      0.2697       0        294.73    1123.66     -676.0    -584.176    92.028      0.0    
   4400     1273.67     5.6991      3.52      4.9285      3.31      0.2671       0        294.73    1123.66     -676.0    -584.176    92.266      0.0    
   4500     1301.39     5.6991      3.52      4.9285      3.31      0.2632       0        294.73    1123.66     -677.0    -584.176    92.498      0.0    
   4600     1329.25     5.6991      3.52      4.9285      3.31      0.2599       0        294.73    1123.66     -677.0    -584.176    92.725      0.0    
   4700     1362.04     5.6991      3.52      4.9285      3.31      0.2578       0        294.73    1123.66     -677.0    -584.176    92.947      0.0    
   4800      1392.0     5.6991      3.52      4.9285      3.31      0.2555       0        294.73    1123.66     -677.0    -584.176    93.164      0.0    
   4900     1421.05     5.6991      3.52      4.9285      3.31      0.252        0        294.73    1123.66     -678.0    -584.176    93.377      0.0    
   5000     1450.51     5.6991      3.52      4.9285      3.31      0.2508       0        294.73    1123.66     -678.0    -584.176    93.586      0.0    
   5100     1479.63     5.6991      3.52      4.9285      3.31      0.2478       0        294.73    1123.66     -678.0    -584.176    93.79       0.0    
   5200     1508.84     5.6991      3.52      4.9285      3.31      0.2441       0        294.73    1123.66     -678.0    -584.176    93.989      0.0    
   5300     1535.99     5.6991      3.52      4.9285      3.31      0.2426       0        294.73    1123.66     -678.0    -584.176    94.186      0.0    
   5400     1564.35     5.6991      3.52      4.9285      3.31      0.2416       0        294.73    1123.66     -679.0    -584.176    94.378      0.0    
   5500     1593.23     5.6991      3.52      4.9285      3.31      0.2371       0        294.73    1123.66     -679.0    -584.176    94.567      0.0    
   5600     1618.57     5.6991      3.52      4.9285      3.31      0.2359       0        294.73    1123.66     -679.0    -584.176    94.752      0.0    
   5700     1650.72     5.6991      3.52      4.9285      3.31      0.233        0        294.73    1123.66     -679.0    -584.176    94.934      0.0    
   5800     1684.34     5.6991      3.52      4.9285      3.31      0.2314       0        294.73    1123.66     -679.0    -584.176    95.112      0.0    
   5900     1716.63     5.6991      3.52      4.9285      3.31       0.23        0        294.73    1123.66     -679.0    -584.176    95.288      0.0    
   6000     1744.82     5.6991      3.52      4.9285      3.31      0.2271       0        294.73    1123.66     -680.0    -584.176    95.46       0.0    
[ 118.42690995  117.46642197  119.42923175 -116.06608098 -118.08578682
  118.80615912 -118.11788807  117.54374218 -116.26581605  118.7401041
 -116.80632682 -117.34724793 -116.86857164 -114.34727129  117.60011152
 -117.07432744  118.43317832  120.57296376  118.64722468 -117.38947269]
[-116.15907108 -117.54452671  116.23223699  119.61935517  118.93803452
  119.44628972  117.5995919  -117.87754232  120.96372037  117.52153081
  118.34026375 -120.6952723   118.91353305  120.07613492 -118.53602906
 -118.28833558  118.26389702  115.54194033 -117.20314478  119.03671691]
[ 118.82777657  120.07153078 -118.12758116  119.84645786  118.2071032
 -117.19613192  117.95369703  118.53059319  118.61292424 -117.10859348
  119.33074926 -117.6476089   117.44407884  120.72217181  117.51199134
 -115.52590774 -116.14907833 -118.07893409  119.74433841  118.20562641]
