Generating synthetic real valued data ... 
Generating synthetic  real valued data took:  0.5523855686187744
Evaluation for true params: 
 test_rsme | train_rsme | rel-te-err | rel-tr-err |  test_nll  |  train_nll |
    0.0          0.0          0.0          0.0         287.82       1131.0   
Factorizing with max_iteration = 6000  fixing covariance?:  True
Tensor dimensions:  [5, 5, 5]
Optimization metrics: 
Using Ada Grad
Mean update scheme:  S
Covariance update :  N
Using diagonal covariance?:  False
Random start? True
k1 samples =  64  k2 samples =  64
eta =  1.0  cov eta =  1.0  sigma eta =  1
iteration |   time   |test_rsme |rel-te-err|train_rsme|rel-tr-err|  d_mean  |   d_cov  | test_nll | train_nll |    VLB   |  E-term  |    KL     
    0         0.24    10599.6855   0.9973   10567.8592   0.9968     3.1623       0        287.82    1151.29    -1160.0   -1151.293    8.891    
    5         1.41    10503.5878   0.9882   10467.5638   0.9874     3.1623       0        287.82    1151.29    -1164.0   -1151.293    13.171   
    10        2.57    10311.1602   0.9699   10270.4154   0.9688     3.0571       0        287.82    1151.29    -1169.0   -1151.293    17.623   
    20        4.61    9565.3861    0.8991    9514.146    0.8972     2.7904       0        287.82    1151.29    -1176.0   -1151.293    24.802   
    50       10.19    4698.3477    0.4335   4619.5189    0.4312     1.808        0        287.82    1151.29    -1188.0   -1151.293    36.303   
   100       19.48     603.2797    0.0413    408.0661    0.0294     0.5407       0        265.33    1031.03    -1186.0   -1146.046    40.034   
   200       37.32     263.298     0.0185    187.2441    0.0138     0.4355       0        247.83    1007.18    -1190.0   -1149.407    40.11    
   300        55.2     303.7673    0.0195    197.4356    0.0146     0.2766       0        246.58    1032.47    -1185.0   -1144.514    40.175   
   400       77.56     274.4129    0.0181    177.3629    0.0138     0.2851       0        269.31     1044.3    -1186.0   -1146.009    40.307   
   500       100.83    296.6574    0.0232    230.6131    0.017      0.3194       0        231.6     1056.55    -1186.0   -1146.102    40.216   
   600       121.98    332.9683    0.0256    248.5009    0.0173     0.3155       0        262.79    1003.94    -1186.0   -1145.734    39.889   
   700       139.7     290.6467    0.0222    266.1476    0.021      0.2538       0        265.5     1012.32    -1186.0   -1145.703    40.235   
   800       160.19    275.4559    0.0221    218.5681    0.0167     0.3071       0        268.68    1028.83    -1188.0   -1147.531    40.502   
   900       182.08    278.7133     0.02     168.3995    0.0124     0.2145       0        254.19    1011.22    -1186.0   -1145.545    40.202   
   1000      203.89    283.7231    0.0203     186.43     0.0143     0.2463       0        256.54    1061.72    -1185.0   -1145.224    40.049   
   1100      226.24    323.6858    0.0227    217.806     0.0163     0.3096       0        258.64    1027.58    -1185.0   -1145.543    39.936   
   1200      248.09    288.8559    0.0207    199.0777    0.0141     0.2182       0        269.07    1013.15    -1186.0   -1146.504    39.901   
   1300      270.04    246.8929    0.0157    161.4365    0.0116     0.3678       0        264.5      991.44    -1188.0    -1148.19    39.862   
   1400      291.95    319.6944    0.0208    205.642     0.0155     0.2305       0        236.56    1073.02    -1185.0   -1145.064    39.664   
   1500      313.87    267.937     0.0195    216.6824    0.0172     0.2374       0        240.75    1058.45    -1186.0   -1146.152    39.735   
   1600      336.45    263.0272    0.0177    167.5248    0.0129     0.3182       0        235.5     1054.82    -1186.0   -1145.842    40.245   
   1700      358.69    289.5281    0.0219    209.3081    0.0158     0.2552       0        228.52    1021.31    -1187.0   -1146.441    40.154   
   1800      380.92    266.7197    0.0195    192.7251    0.0142     0.3256       0        254.97    1026.97    -1187.0   -1146.645    40.614   
   1900      403.13    289.6412    0.0202    178.6994    0.013      0.3431       0        246.89    1016.53    -1187.0   -1146.463    40.534   
   2000      426.36    263.1542    0.0197    181.7471    0.0132     0.2586       0        239.27    1031.56    -1188.0   -1146.952    40.616   
   2100      450.19    303.805     0.0223    171.3534    0.0123     0.2763       0        277.89    1018.63    -1185.0   -1144.859    40.298   
   2200      472.93    293.625     0.0209    182.1411    0.0133     0.3881       0        246.03    1045.98    -1188.0   -1147.864    40.423   
   2300      490.76    260.9323     0.02     163.6397    0.0122     0.2227       0        240.64    1011.96    -1189.0    -1148.62    40.365   
   2400      510.51    245.9075    0.0178    150.2342    0.0111     0.248        0        234.51     978.15    -1185.0   -1144.491    40.405   
   2500      533.31    240.2207    0.0176    156.5727    0.0111     0.2017       0        250.5     1035.65    -1188.0   -1147.301    40.392   
   2600      555.42    271.3334    0.022     196.6582    0.0146     0.2734       0        236.85    1036.83    -1186.0   -1146.161    40.296   
   2700      576.0     205.5181    0.0151    163.2244    0.0118     0.3065       0        259.48     1019.4    -1185.0   -1144.887    40.45    
   2800      597.52    240.6218    0.0193    188.6919    0.0142     0.337        0        242.63    1038.46    -1188.0   -1147.275    40.463   
   2900      620.63    244.9964    0.0172    155.8114    0.0121     0.3298       0        249.41    1032.71    -1188.0   -1147.433    40.465   
   3000      643.89    265.1057    0.0211    170.5032    0.0126     0.2365       0        260.15    1008.85    -1189.0   -1147.998    40.727   
   3100      667.21     224.21     0.0176    175.1148    0.0131     0.2086       0        257.98    1028.79    -1188.0   -1147.552    40.487   
   3200      690.82    247.6974    0.0171    153.2753    0.0113     0.1925       0        257.88    1027.16    -1189.0   -1147.884    40.659   
   3300      713.42    230.7146    0.0175    138.3555    0.0102     0.2459       0        264.17     999.7     -1189.0   -1148.042    40.635   
   3400      736.15    234.855     0.0181    146.6855    0.011      0.3229       0        251.11    1034.75    -1187.0   -1146.619    40.494   
   3500      759.51    249.068     0.0204    139.3834    0.011      0.1916       0        252.84    1030.18    -1191.0   -1150.362    40.391   
   3600      783.02    260.8895    0.0186    184.0312    0.013      0.1769       0        252.9     1025.94    -1188.0   -1146.844    40.693   
   3700      805.05    269.1972    0.0212    155.8531    0.0118     0.2406       0        265.52    1004.73    -1188.0   -1147.794    40.57    
   3800      828.56    227.1064    0.0161    141.7577     0.01      0.2149       0        242.27    1063.41    -1189.0   -1148.008    40.591   
   3900      851.11    255.9793    0.0169    149.9657    0.0109     0.2686       0        253.02     997.38    -1185.0   -1144.736    40.606   
   4000      873.6     245.5599    0.0194    156.6101    0.0116     0.2069       0        247.85    1015.42    -1188.0   -1147.554    40.58    
   4100      895.39    231.1651    0.0184    164.9355    0.0125     0.1212       0        264.91    1057.23    -1188.0   -1147.688    40.641   
   4200      918.06    300.3658    0.0227    183.4684    0.0139     0.1979       0        256.07    1032.94    -1185.0   -1144.899    40.502   
   4300      940.38    263.0675    0.0189    161.2179    0.0116     0.1845       0        249.97    1016.73    -1188.0    -1147.86    40.219   
   4400      961.13    273.7075    0.0205    189.2459    0.0143     0.2383       0        237.85    1062.71    -1185.0   -1144.756    40.493   
   4500      983.0     213.8943    0.0159    143.3185    0.0105     0.2567       0        242.56    1020.94    -1185.0    -1145.12    40.279   
   4600     1002.78    243.1465    0.0166    156.6981    0.012      0.1792       0        244.14    1027.89    -1187.0   -1146.753    40.195   
   4700     1020.56    203.7069    0.0154    151.2633    0.0113     0.1425       0        266.18    1009.05    -1183.0    -1143.23    40.069   
   4800     1041.84     256.55      0.02     172.9047    0.0127     0.2587       0        261.08    1002.07    -1187.0   -1147.163    40.119   
   4900     1063.34    220.9268    0.0173    198.1252    0.0157     0.346        0        245.31    1043.11    -1189.0   -1148.945    40.462   
   5000     1085.65    268.708     0.0189    161.1121    0.012      0.1798       0        243.81     984.84    -1186.0   -1145.905    40.554   
   5100     1106.88    251.9006    0.0147    156.3416    0.0121     0.2358       0        251.56     1000.9    -1187.0   -1146.524    40.546   
   5200     1129.45    239.8083    0.0175    146.8641    0.0113     0.2627       0        248.38    1052.53    -1186.0    -1145.58    40.409   
   5300     1151.53    214.1162    0.0139    133.9621    0.0098     0.2502       0        266.04     986.64    -1188.0   -1147.304    40.562   
   5400      1169.3    232.4088    0.0157    170.0358    0.0122     0.2548       0        262.12    1057.72    -1188.0   -1147.661    40.614   
   5500     1189.61    214.7513    0.0158    122.2259    0.0087     0.1466       0        267.94     999.97    -1187.0   -1146.607    40.635   
   5600     1212.46    229.0955    0.015     130.132     0.0092     0.1522       0        255.9     1003.98    -1187.0   -1146.201    40.779   
   5700     1234.55    221.363     0.0136    149.226     0.0114     0.2308       0        254.83    1011.46    -1190.0   -1149.638    40.638   
   5800      1252.8    246.0033    0.0179    151.0719    0.0112     0.1529       0        267.97    1028.66    -1183.0   -1142.368     40.6    
   5900     1271.33    207.0106    0.0148    115.9558    0.0085     0.1998       0        265.14     988.75    -1188.0   -1147.267    40.66    
   6000     1293.53    223.4426    0.0168    128.6466    0.0102     0.2024       0        286.81    1025.18    -1188.0   -1147.871    40.419   
[9.09906875 7.6832321  7.90999047 8.82121603 7.00731139 8.63388244
 7.96540385 7.02657574 8.59319973 8.17952897 7.53721426 6.95951573
 7.34564896 8.68781166 8.32256773 7.54837677 8.51102012 8.46665547
 7.91348303 6.62922305]
[10.01252047  9.09754365  6.4667001   8.95820577  8.75158973  9.00455886
  7.27550911  8.35855574  9.71848014  7.80784683  7.84821823  5.89728541
  8.29280682  9.19789422  8.66641107  8.48880896  9.21249237  7.04288273
  8.76916009  8.29347316]
[ 8.68831782  9.0942859   8.88305073  9.31031823  7.17156094 10.40668918
  7.77123632  8.46802891  7.87112334  8.50502392  7.68123175  8.99942922
  6.50942345  9.36824413  8.83470122  7.80077536  8.92570713  8.65226097
  9.5462526   7.49303066]
