Generating synthetic count valued data ... 
Generating synthetic  count valued data took:  4.670077323913574
max_count =  27  min count =  0
Using  0.2  of training data 
Tensor dimensions:  [50, 50, 50]
Optimization metrics: 
Using Ada Grad
Mean update scheme:  S
Covariance update :  N
k1 samples =  64  k2 samples =  64
eta =  1  cov eta =  1  sigma eta =  1
iteration |   time   |test_rsme |train_rsme|  d_mean  |   d_cov  | test_nll | train_nll     dw   
   100       153.96     4.3563     4.3925     0.3141     0.2857   129951.53  105342.22    0.0001  
   200       447.76     4.3076     4.3437     0.2939     0.0239   120766.11   97852.04     0.0    
   300       740.82     4.1241     4.1588     0.2837     0.0248    98564.7    79815.73     0.0    
   400      1034.81     3.7419     3.7738     0.2624     0.017     72255.92   58507.33     0.0    
   500      1330.37     3.2482     3.2775     0.2258      0.01     52753.93   42735.31     0.0    
   600      1624.59     2.7991     2.8258     0.2063     0.0108    41822.62   33897.72     0.0    
   700      1919.24     2.4493     2.4734     0.1846     0.0111    36121.78   29299.55    0.0001  
   800      2213.46     2.1936     2.215      0.1491     0.0108    33085.66   26828.02     0.0    
   900      2507.16     2.0061     2.0283     0.1335     0.0113    31352.29   25423.66     0.0    
   1000     2800.98     1.8718     1.8944     0.1452     0.0097    30290.75   24566.34     0.0    
   1100     3094.73     1.7742     1.792      0.1468     0.0103    29602.37   24002.17     0.0    
   1200     3387.04     1.7034     1.722      0.2358     0.0089    29186.92   23657.01     0.0    
   1300     3680.92     1.6545     1.6726     0.1436     0.0084    28886.5    23419.9      0.0    
   1400     3974.75     1.6184     1.6341     0.0824     0.008     28701.38   23264.6      0.0    
   1500     4267.48     1.5942     1.6089     0.0977     0.0075    28563.81   23157.09     0.0    
   1600     4560.09     1.5781     1.5915     0.1379     0.0072    28505.92   23094.89     0.0    
   1700     4851.28     1.5603     1.5732     0.0584     0.0067    28410.54   23016.36     0.0    
   1800     5143.09     1.5459     1.5582     0.1595     0.0063    28332.71   22954.45     0.0    
   1900     5433.95     1.5378     1.5491     0.105      0.0059    28301.41   22927.08     0.0    
   2000      5726.9     1.5347     1.545      0.1845     0.0057    28300.53   22915.98     0.0    
   2100      6017.1     1.5296     1.5399     0.1161     0.0055    28280.33   22902.33     0.0    
   2200     6308.98     1.5254     1.534      0.1409     0.0051    28248.49   22870.96     0.0    
   2300     6599.44     1.5194     1.5269     0.1238     0.0048    28197.16   22830.81     0.0    
   2400     6891.74     1.5169     1.5249     0.1402     0.0046    28183.19   22824.05     0.0    
   2500     7181.22     1.5171     1.5248     0.0963     0.0044    28208.96   22838.82     0.0    
   2600     7472.62     1.5171     1.5225     0.0777     0.0042    28202.28   22826.85     0.0    
   2700     7763.41     1.5165     1.5219     0.0672     0.004     28213.18   22828.66     0.0    
   2800     8053.69     1.5124     1.5161     0.1182     0.0038    28168.91   22789.6      0.0    
   2900     8345.18     1.5122     1.5181     0.1226     0.0036    28171.59   22804.47     0.0    
   3000     8635.76     1.5087     1.5147     0.068      0.0034    28146.83   22785.99     0.0    
   3100     8926.61     1.5074     1.513      0.161      0.0033    28132.72   22770.29     0.0    
   3200      9217.2     1.5097     1.5148     0.0754     0.0036    28137.19   22780.92     0.0    
   3300     9507.04     1.5104     1.5173     0.0975     0.0031    28168.14   22804.99     0.0    
   3400     9797.61     1.5085     1.5156     0.1173     0.0029    28154.47   22789.5      0.0    
   3500     10087.24    1.5057     1.5115     0.0585     0.0032    28104.15   22757.93     0.0    
   3600     10377.33    1.5098     1.5143     0.113      0.0028    28146.22   22775.66     0.0    
   3700     10667.32    1.5099     1.5153     0.1107     0.0027    28140.12   22784.3      0.0    
   3800     10957.56    1.5068     1.5145     0.1226     0.0026    28134.11   22771.17     0.0    
   3900     11247.53    1.5074     1.5136     0.0774     0.0026    28136.39   22772.0      0.0    
   4000     11537.18    1.5087     1.5125     0.0935     0.0026    28146.19   22772.48     0.0    
Using  0.4  of training data 
Tensor dimensions:  [50, 50, 50]
Optimization metrics: 
Using Ada Grad
Mean update scheme:  S
Covariance update :  N
k1 samples =  64  k2 samples =  64
eta =  1  cov eta =  1  sigma eta =  1
iteration |   time   |test_rsme |train_rsme|  d_mean  |   d_cov  | test_nll | train_nll     dw   
   100       155.34     4.3047     4.3211     0.0373     0.9139    90199.14  145659.87    0.0001  
   200       507.8      4.3276     4.346      0.0255     0.2909   109767.01  177265.21    0.0001  
   300       859.92     4.3351     4.3542     0.0266     0.1651   117352.38  189477.91    0.0001  
   400      1209.25     4.3403     4.3587     0.0231     0.1149    121102.9  195509.43     0.0    
   500      1558.53     4.344      4.3626     0.023      0.0849   123281.94   199009.5     0.0    
   600      1906.98     4.3468     4.3657     0.0216     0.0658   124686.68  201265.53     0.0    
   700      2256.14     4.3488     4.3679     0.0226     0.0533   125665.69  202837.28     0.0    
   800      2604.33     4.3509     4.3698     0.022      0.0448   126370.68  203968.55     0.0    
   900      2952.21     4.3528     4.372      0.0225     0.0381   126902.65  204822.23     0.0    
   1000     3301.44     4.3543     4.3732     0.0229     0.0328   127311.25   205478.0     0.0    
   1100     3649.19     4.3556     4.3745     0.0226     0.0287   127627.56  205985.45     0.0    
   1200     3995.88     4.3567     4.3756     0.0275     0.0254   127870.55  206375.15     0.0    
   1300     4343.29     4.3576     4.3765     0.0281     0.0227   128049.65  206662.13     0.0    
   1400     4691.65     4.3585     4.3773     0.0307     0.0206   128166.24  206848.35     0.0    
   1500     5039.17     4.3586     4.3777     0.0308     0.0187   128217.91  206930.19     0.0    
   1600     5387.42     4.3587     4.3778     0.0349     0.017    128187.57   206880.0     0.0    
   1700     5733.92     4.3588     4.3775     0.0424     0.0158   128043.01  206645.57     0.0    
   1800     6080.49     4.3572     4.3763     0.0506     0.0146   127714.03  206113.18     0.0    
   1900     6426.75     4.3544     4.3736     0.0614     0.0138   127072.53  205077.63     0.0    
   2000     6773.81     4.349      4.3677     0.0752     0.013    125846.15  203098.93     0.0    
   2100     7117.56     4.3362     4.3554     0.1003     0.0129   123411.19  199168.95     0.0    
   2200     7461.05     4.3087     4.3271     0.1408     0.0136   118525.34  191286.61     0.0    
   2300     7804.42     4.2462     4.2645     0.165      0.0155   109284.44  176356.15     0.0    
   2400     8145.68     4.1154     4.1335     0.1897     0.0203    94706.52  152826.39     0.0    
   2500     8490.33     3.8868     3.9043     0.1994     0.0232    77362.33  124861.51     0.0    
   2600     8834.82     3.5708     3.586      0.1885     0.022     61734.14   99681.95     0.0    
   2700     9178.77     3.2285     3.243      0.1619     0.0187    50402.54   81455.89     0.0    
   2800     9522.57     2.9203     2.9337     0.1466     0.0143    43139.43   69776.88     0.0    
   2900     9864.41     2.6473     2.6585     0.1572     0.0134    38370.03   62099.69     0.0    
   3000     10206.42    2.4261     2.4386     0.1136     0.013     35378.46   57295.98     0.0    
   3100     10548.83    2.2506     2.2604     0.1108     0.0115    33374.52   54065.34     0.0    
   3200     10890.08    2.1059     2.1171     0.0961     0.0113    32004.12   51867.02     0.0    
   3300     11232.44    1.991      2.0025     0.0931     0.0104    31032.9    50312.04     0.0    
   3400     11574.39    1.8985     1.9094     0.1145     0.0097    30310.96   49164.13     0.0    
   3500     11916.25    1.8227     1.8344     0.0625     0.009     29799.34   48342.62     0.0    
   3600     12259.06    1.7651     1.7762     0.0984     0.0087    29434.49   47734.5      0.0    
   3700     12601.53    1.719      1.7314     0.1017     0.0085    29180.1    47324.84     0.0    
   3800     12943.6     1.6777     1.6892     0.0989     0.0078    28909.2    46902.93     0.0    
   3900     13285.35    1.6467     1.6584     0.0602     0.0069    28749.43   46646.51     0.0    
   4000     13628.44    1.6208     1.631      0.1018     0.0071    28622.74   46425.85     0.0    
Using  0.6  of training data 
Tensor dimensions:  [50, 50, 50]
Optimization metrics: 
Using Ada Grad
Mean update scheme:  S
Covariance update :  N
k1 samples =  64  k2 samples =  64
eta =  1  cov eta =  1  sigma eta =  1
iteration |   time   |test_rsme |train_rsme|  d_mean  |   d_cov  | test_nll | train_nll     dw   
   100       154.45     4.3188     4.3297     0.0351     0.9758    83556.97  201789.38     0.0    
   200       567.11     4.3513     4.3641     0.0207     0.2982   104890.19  253282.77     0.0    
   300       980.16     4.3587     4.3708     0.018      0.1728   114052.91  275335.65     0.0    
   400      1393.73     4.3612     4.3736     0.0168     0.1189   118733.36  286589.96     0.0    
   500      1807.48     4.3632     4.3753     0.0146     0.0877   121488.49  293210.82     0.0    
   600      2219.64     4.3642     4.3764     0.0121     0.0685   123280.12  297513.61     0.0    
   700      2632.93     4.3647     4.3774     0.0132     0.056    124526.43  300506.62     0.0    
   800      3046.53     4.3662     4.378      0.0148     0.0462   125436.91  302693.33     0.0    
   900      3460.07     4.3666     4.3787     0.0127     0.0394   126134.01  304367.18     0.0    
   1000      3873.4     4.3672     4.3791     0.0139     0.0339   126678.52  305674.36     0.0    
   1100     4284.91     4.3674     4.3796     0.013       0.03    127115.53  306723.67     0.0    
   1200     4693.39     4.3679     4.3802     0.0134     0.0266   127474.73   307586.0     0.0    
   1300     5102.11     4.3683     4.3805     0.0129     0.0237    127773.4  308302.94     0.0    
   1400      5509.6     4.369      4.381      0.0142     0.0214   128024.78  308906.38     0.0    
   1500     5917.04     4.3695     4.3812     0.0141     0.0198   128238.91  309420.22     0.0    
   1600     6324.71     4.3697     4.3816     0.0142     0.0177   128422.59  309861.29     0.0    
   1700     6732.64     4.3698     4.3819     0.0138     0.0164   128580.64  310240.72     0.0    
   1800     7140.06     4.3702     4.3824     0.0141     0.0152   128717.75  310569.75     0.0    
   1900     7547.83     4.3703     4.3825     0.015      0.0142   128835.53  310852.51     0.0    
   2000      7954.1     4.3704     4.3828     0.0152     0.0133   128936.59  311095.11     0.0    
   2100     8360.59     4.3709     4.3828     0.0146     0.0123    129022.0  311299.96     0.0    
   2200     8755.78     4.3708     4.3831     0.0158     0.0115   129092.69  311469.56     0.0    
   2300      9141.1     4.3712     4.3832     0.0172     0.0107   129147.18  311600.44     0.0    
   2400     9531.02     4.3712     4.3834     0.0176     0.0102   129185.58  311692.56     0.0    
   2500     9917.51     4.3714     4.3832     0.0214     0.0097   129204.61  311737.94     0.0    
   2600     10302.91    4.371      4.3833     0.0217     0.0091   129199.86   311726.4     0.0    
   2700     10694.87    4.3708     4.383      0.0222     0.0086   129162.88  311637.59     0.0    
   2800     11100.33    4.3705     4.3827     0.0272     0.0083    129078.4  311434.83     0.0    
   2900     11515.07    4.3699     4.3818     0.0327     0.0079   128923.58  311062.83     0.0    
   3000     11928.95    4.3684     4.3805     0.039      0.0076   128654.74  310415.95     0.0    
   3100     12342.82    4.366      4.3782     0.0498     0.0074    128173.5   309258.8     0.0    
   3200     12757.54    4.3615     4.3738     0.0548     0.0072   127293.27  307144.35     0.0    
   3300     13172.61    4.3527     4.3647     0.0711     0.0074    125588.7  303043.86     0.0    
   3400     13586.17    4.3344     4.3465     0.0962     0.0079   122314.35  295176.63     0.0    
   3500     13995.37    4.2986     4.3108     0.0993     0.0098   116458.78  281080.88     0.0    
   3600     14402.51    4.2349     4.2474     0.1125     0.0122   107505.79  259536.05     0.0    
   3700     14805.2     4.1326     4.1447     0.1177     0.0149    96028.23  231905.71     0.0    
   3800     15207.64    3.9869     3.9994     0.1158     0.0157    83682.38  202176.21     0.0    
   3900     15608.85    3.7999     3.8124     0.1167     0.0153    71947.78   173911.1     0.0    
   4000     16010.2     3.5889     3.6015     0.1048     0.0131    62044.94  150058.89     0.0    
Using  0.8  of training data 
Tensor dimensions:  [50, 50, 50]
Optimization metrics: 
Using Ada Grad
Mean update scheme:  S
Covariance update :  N
k1 samples =  64  k2 samples =  64
eta =  1  cov eta =  1  sigma eta =  1
iteration |   time   |test_rsme |train_rsme|  d_mean  |   d_cov  | test_nll | train_nll     dw   
   100       154.67     4.3185     4.3292     0.0304     0.9708    81022.97  260705.72     0.0    
   200       628.38     4.3591     4.3704     0.0193     0.3205   102740.27  330546.54     0.0    
   300       1101.8     4.3675     4.3785     0.0195     0.1825   112560.85  362077.62     0.0    
   400      1574.09     4.3702     4.3818     0.0141     0.1212    117644.1   378376.9     0.0    
   500      2047.35     4.3718     4.3832     0.0125     0.0894   120660.29  388040.07     0.0    
   600       2521.7     4.3726     4.384      0.0151     0.0695   122632.51   394360.9     0.0    
   700      2994.86     4.3736     4.3848     0.0117     0.0566   123996.99  398730.91     0.0    
   800      3467.16     4.3739     4.385      0.0112     0.0473   124998.87  401940.64     0.0    
   900      3937.09     4.3742     4.3855     0.0114     0.0399   125761.83  404384.01     0.0    
   1000     4409.19     4.3747     4.386      0.013      0.0346   126362.71  406308.93     0.0    
   1100     4879.96     4.375      4.386      0.0102     0.0303    126844.4  407851.54     0.0    
   1200     5351.56     4.3751     4.3864     0.0128     0.0266   127239.91  409118.11     0.0    
   1300     5822.56     4.3754     4.3868     0.0123     0.0241   127569.85  410174.33     0.0    
   1400     6292.57     4.3755     4.3869     0.0117     0.0216   127849.36  411069.37     0.0    
   1500     6761.52     4.3757     4.3871     0.0112     0.0197   128088.75  411835.78     0.0    
   1600     7231.51     4.3759     4.3872     0.0113     0.0179   128296.06  412499.27     0.0    
   1700     7702.29     4.3762     4.3873     0.0122     0.0165   128476.59  413077.13     0.0    
   1800     8170.85     4.3763     4.3876     0.0117     0.0153   128634.74  413583.37     0.0    
   1900     8640.09     4.3765     4.3876     0.0133     0.0143    128775.2  414032.94     0.0    
   2000     9108.58     4.3767     4.3877     0.012      0.0134   128898.29  414427.05     0.0    
   2100     9576.07     4.3768     4.3879     0.0119     0.0124    129007.5  414776.56     0.0    
   2200     10042.07    4.3767     4.3879     0.0124     0.0117   129104.27  415086.07     0.0    
   2300     10509.25    4.3771     4.3881     0.016      0.011    129189.15  415357.68     0.0    
   2400     10977.53    4.3769     4.3882     0.0142     0.0103   129263.23  415594.63     0.0    
   2500     11444.95    4.377      4.3883     0.0122     0.0097   129327.51  415800.15     0.0    
   2600     11913.08    4.3769     4.3882     0.0139     0.0092   129381.95  415974.17     0.0    
   2700     12380.3     4.3768     4.3883     0.0157     0.0089   129425.57  416113.36     0.0    
   2800     12848.13    4.377      4.3883     0.0188     0.0084   129456.49  416211.87     0.0    
   2900     13315.74    4.3772     4.3882     0.017      0.008     129474.9  416270.12     0.0    
   3000     13781.41    4.3769     4.388      0.0171     0.0077   129476.68  416275.41     0.0    
   3100     14246.89    4.3765     4.3879     0.0181     0.0073   129456.68  416210.53     0.0    
   3200     14713.49    4.3764     4.3875     0.0237     0.0071   129405.91  416047.14     0.0    
   3300     15181.43    4.3759     4.387      0.0281     0.0067   129306.36  415727.18     0.0    
   3400     15649.8     4.3748     4.3861     0.0309     0.0066   129131.35  415164.83     0.0    
   3500     16119.01    4.3733     4.3845     0.037      0.0064   128822.45  414171.66     0.0    
   3600     16587.46    4.3703     4.3815     0.0456     0.0063   128253.28  412343.88     0.0    
   3700     17055.83    4.3646     4.376      0.0554     0.0063   127169.23  408865.68     0.0    
   3800     17522.79    4.3536     4.3648     0.0731     0.0067   125097.43  402214.73     0.0    
   3900     17988.31    4.3321     4.3434     0.0899     0.0077   121328.09  390111.84     0.0    
   4000     18451.3     4.2953     4.3061     0.0966     0.0095   115353.69  370932.65     0.0    
Using  1  of training data 
Tensor dimensions:  [50, 50, 50]
Optimization metrics: 
Using Ada Grad
Mean update scheme:  S
Covariance update :  N
k1 samples =  64  k2 samples =  64
eta =  1  cov eta =  1  sigma eta =  1
iteration |   time   |test_rsme |train_rsme|  d_mean  |   d_cov  | test_nll | train_nll     dw   
   100       149.95     4.3172     4.3372     0.0314     1.0267    79589.83  320853.51     0.0    
   200       677.11     4.3624     4.3826     0.0232     0.3317   101358.24  408703.11     0.0    
   300      1205.37     4.3711     4.3919     0.0181     0.1721   111600.65  449993.24     0.0    
   400      1731.95     4.3743     4.3953     0.0183     0.1238   116976.59  471642.33     0.0    
   500      2258.14     4.3757     4.3967     0.0146     0.0907   120157.24  484450.46     0.0    
   600      2783.02     4.3764     4.3976     0.0137     0.0707   122222.71   492765.8     0.0    
   700      3308.41     4.3769     4.3983     0.011      0.0577   123669.87  498590.46     0.0    
   800      3831.72     4.3774     4.3986     0.012      0.0479    124727.5  502848.34     0.0    
   900      4363.41     4.3779     4.3991     0.0141      0.04    125534.79  506097.47     0.0    
   1000     4894.77     4.3783     4.3996     0.0146     0.035    126170.02   508654.0     0.0    
   1100     5426.34     4.3784     4.3995     0.0125     0.0311    126681.2  510711.02     0.0    
   1200     5953.34     4.3783     4.3998     0.0114     0.027    127099.46  512393.72     0.0    
   1300     6479.34     4.3788     4.3998     0.0112     0.0242   127449.63  513803.01     0.0    
   1400     7006.67     4.3788     4.4001     0.013      0.0219   127746.29  514996.67     0.0    
   1500     7534.69     4.379      4.4003     0.0099      0.02    127999.25  516014.49     0.0    
   1600      8063.4     4.3791     4.4003     0.0114     0.0183   128219.21  516899.53     0.0    
   1700     8591.56     4.3792     4.4004     0.0122     0.0167   128410.61  517669.83     0.0    
   1800      9121.4     4.3792     4.4004     0.0124     0.0155   128579.11  518347.78     0.0    
   1900     9651.03     4.3794     4.4006     0.0127     0.0144   128727.47  518944.54     0.0    
   2000     10180.37    4.3793     4.4007     0.0109     0.0135   128859.49  519475.53     0.0    
   2100     10711.85    4.3796     4.4008     0.0121     0.0126   128976.62  519946.79     0.0    
   2200     11243.17    4.3796     4.4009     0.0127     0.0117   129082.11  520371.05     0.0    
   2300     11774.97    4.3798     4.401      0.0114     0.0109    129175.9  520748.49     0.0    
   2400     12307.11    4.3798     4.401      0.013      0.0104   129259.05  521082.84     0.0    
   2500     12838.13    4.3798     4.401      0.0134     0.0098   129332.47  521378.21     0.0    
   2600     13367.43     4.38      4.4011     0.0141     0.0094   129396.68  521636.44     0.0    
   2700     13898.6     4.3798     4.4011     0.015      0.0089    129453.1  521863.37     0.0    
   2800     14430.12    4.3799     4.4012     0.014      0.0084   129499.79  522050.93     0.0    
   2900     14960.35    4.3798     4.4011     0.0154     0.0081   129537.15  522201.06     0.0    
   3000     15491.32    4.3798     4.401      0.0151     0.0078   129563.51  522306.76     0.0    
   3100     16023.8     4.3797     4.401      0.0161     0.0074   129577.43   522362.5     0.0    
   3200     16555.37    4.3795     4.4008     0.0175     0.0072   129575.64  522354.84     0.0    
   3300     17087.32    4.3792     4.4006     0.0191     0.0069   129552.18  522260.02     0.0    
   3400     17620.69    4.3788     4.4002     0.0228     0.0066   129498.67  522043.58     0.0    
   3500     18155.38    4.3783     4.3997     0.0258     0.0064   129400.95  521649.54     0.0    
   3600     18689.99    4.3777     4.3988     0.0299     0.0062   129231.22  520965.89     0.0    
   3700     19224.04    4.3758     4.3972     0.0364     0.006    128941.06  519797.12     0.0    
   3800     19758.69    4.3734     4.3946     0.0482     0.006    128421.73  517706.86     0.0    
   3900     20293.87    4.3683     4.3894     0.0578     0.006    127445.15  513774.64     0.0    
   4000     20829.82    4.3578     4.3791     0.0801     0.0063   125516.35  506014.45     0.0    
